Running from: /usr/share/jenkins/jenkins.war
Oct 2, 2013 10:48:59 PM winstone.Logger logInternal
INFO: Beginning extraction from war file
Jenkins home directory: /var/lib/jenkins found at: EnvVars.masterEnvVars.get("JENKINS_HOME")
Oct 2, 2013 10:49:00 PM winstone.Logger logInternal
INFO: HTTP Listener started: port=8080
Oct 2, 2013 10:49:00 PM winstone.Logger logInternal
INFO: Winstone Servlet Engine v0.9.10 running: controlPort=disabled
Oct 2, 2013 10:49:00 PM jenkins.InitReactorRunner$1 onAttained
INFO: Started initialization
Oct 2, 2013 10:49:00 PM jenkins.InitReactorRunner$1 onAttained
INFO: Listed all plugins
Oct 2, 2013 10:49:00 PM jenkins.InitReactorRunner$1 onAttained
INFO: Prepared all plugins
Oct 2, 2013 10:49:01 PM jenkins.InitReactorRunner$1 onAttained
INFO: Started all plugins
Oct 2, 2013 10:49:01 PM jenkins.InitReactorRunner$1 onAttained
INFO: Augmented all extensions
Oct 2, 2013 10:49:03 PM jenkins.InitReactorRunner$1 onAttained
INFO: Loaded all jobs
Oct 2, 2013 10:49:04 PM org.springframework.web.context.support.StaticWebApplicationContext prepareRefresh
INFO: Refreshing org.springframework.web.context.support.StaticWebApplicationContext@369133f6: display name [Root WebApplicationContext]; startup date [Wed Oct 02 22:49:04 CEST 2013]; root of context hierarchy
Oct 2, 2013 10:49:04 PM org.springframework.web.context.support.StaticWebApplicationContext obtainFreshBeanFactory
INFO: Bean factory for application context [org.springframework.web.context.support.StaticWebApplicationContext@369133f6]: org.springframework.beans.factory.support.DefaultListableBeanFactory@5e9de959
Oct 2, 2013 10:49:04 PM org.springframework.beans.factory.support.DefaultListableBeanFactory preInstantiateSingletons
INFO: Pre-instantiating singletons in org.springframework.beans.factory.support.DefaultListableBeanFactory@5e9de959: defining beans [authenticationManager]; root of factory hierarchy
Oct 2, 2013 10:49:04 PM org.springframework.web.context.support.StaticWebApplicationContext prepareRefresh
INFO: Refreshing org.springframework.web.context.support.StaticWebApplicationContext@56bf1a4a: display name [Root WebApplicationContext]; startup date [Wed Oct 02 22:49:04 CEST 2013]; root of context hierarchy
Oct 2, 2013 10:49:04 PM org.springframework.web.context.support.StaticWebApplicationContext obtainFreshBeanFactory
INFO: Bean factory for application context [org.springframework.web.context.support.StaticWebApplicationContext@56bf1a4a]: org.springframework.beans.factory.support.DefaultListableBeanFactory@3a97263f
Oct 2, 2013 10:49:04 PM org.springframework.beans.factory.support.DefaultListableBeanFactory preInstantiateSingletons
INFO: Pre-instantiating singletons in org.springframework.beans.factory.support.DefaultListableBeanFactory@3a97263f: defining beans [filter,legacy]; root of factory hierarchy