#
# A fatal error has been detected by the Java Runtime Environment:
#
#  EXCEPTION_ACCESS_VIOLATION (0xc0000005) at pc=0x770edf65, pid=5660, tid=5064
#
# JRE version: 6.0_26-b03
# Java VM: Java HotSpot(TM) Client VM (20.1-b02 mixed mode windows-x86 )
# Problematic frame:
# C  [ntdll.dll+0x2df65]
#
# If you would like to submit a bug report, please visit:
#   http://java.sun.com/webapps/bugreport/crash.jsp
# The crash happened outside the Java Virtual Machine in native code.
# See problematic frame for where to report the bug.
#

---------------  T H R E A D  ---------------

Current thread (0x18664000):  JavaThread "NullIdDescriptorMonitor.verifyId" daemon [_thread_in_native, id=5064, stack(0x18f40000,0x18f90000)]

siginfo: ExceptionCode=0xc0000005, writing address 0x17ccf000

Registers:
EAX=0x00000000, EBX=0x18f8e6b8, ECX=0x00000064, EDX=0x00000000
ESP=0x18f8e5e0, EBP=0x18f8e68c, ESI=0x00000000, EDI=0x17ccf000
EIP=0x770edf65, EFLAGS=0x00010206

Top of Stack: (sp=0x18f8e5e0)
0x18f8e5e0:   18f8e6b0 770fa48d 17cce990 00000000
0x18f8e5f0:   00000800 7624de3c 17cce990 18f8e6f0
0x18f8e600:   00000800 00000000 00000080 00000000
0x18f8e610:   0d00060b 0000000f 0020001e 002718a0
0x18f8e620:   00000002 00000050 17cce990 0000001e
0x18f8e630:   0027189b 00000000 771c0440 002718a0
0x18f8e640:   01000003 08000000 17cce990 18f8e66c
0x18f8e650:   77100f14 002718a0 00224b24 0000001e 

Instructions: (pc=0x770edf65)
0x770edf45:   83 c7 01 83 e9 01 75 f6 8b c8 c1 e0 08 03 c1 8b
0x770edf55:   c8 c1 e0 10 03 c1 8b ca 83 e2 03 c1 e9 02 74 06
0x770edf65:   f3 ab 85 d2 74 0a 88 07 83 c7 01 83 ea 01 75 f6
0x770edf75:   8b 44 24 08 5f c3 8b 44 24 04 c3 90 90 90 90 90 


Register to memory mapping:

EAX=0x00000000 is an unknown value
EBX=0x18f8e6b8 is pointing into the stack for thread: 0x18664000
ECX=0x00000064 is an unknown value
EDX=0x00000000 is an unknown value
ESP=0x18f8e5e0 is pointing into the stack for thread: 0x18664000
EBP=0x18f8e68c is pointing into the stack for thread: 0x18664000
ESI=0x00000000 is an unknown value
EDI=0x17ccf000 is an unknown value


Stack: [0x18f40000,0x18f90000],  sp=0x18f8e5e0,  free space=313k
Native frames: (J=compiled Java code, j=interpreted, Vv=VM code, C=native code)
C  [ntdll.dll+0x2df65]
C  [ntdll.dll+0x3ad50]
C  [ntdll.dll+0x5b403]
C  [kernel32.dll+0x2cb60]
C  [kernel32.dll+0x2d4ee]
C  [jna7739993176702375636.dll+0xcb67]
C  [jna7739993176702375636.dll+0xc782]
C  [jna7739993176702375636.dll+0x44ae]
C  [jna7739993176702375636.dll+0x4d0e]
j  com.sun.jna.Native.invokeInt(JI[Ljava/lang/Object;)I+0
j  com.sun.jna.Function.invoke([Ljava/lang/Object;Ljava/lang/Class;Z)Ljava/lang/Object;+333
j  com.sun.jna.Function.invoke(Ljava/lang/Class;[Ljava/lang/Object;Ljava/util/Map;)Ljava/lang/Object;+214
j  com.sun.jna.Library$Handler.invoke(Ljava/lang/Object;Ljava/lang/reflect/Method;[Ljava/lang/Object;)Ljava/lang/Object;+341
j  $Proxy32.GetTempPathW(ILcom/sun/jna/Pointer;)I+23
j  hudson.util.jna.Kernel32Utils.getTempDir()Ljava/io/File;+18
j  jenkins.diagnosis.HsErrPidList.<init>()V+55
v  ~StubRoutines::call_stub
V  [jvm.dll+0xfae4b]
V  [jvm.dll+0x18c531]
V  [jvm.dll+0xfaecd]
V  [jvm.dll+0x105043]
V  [jvm.dll+0x105aaa]
V  [jvm.dll+0xb7286]
C  [java.dll+0x7171]
j  sun.reflect.NativeConstructorAccessorImpl.newInstance([Ljava/lang/Object;)Ljava/lang/Object;+72
J  sun.reflect.DelegatingConstructorAccessorImpl.newInstance([Ljava/lang/Object;)Ljava/lang/Object;
j  com.google.inject.internal.ConstructorInjector.provision(Lcom/google/inject/internal/Errors;Lcom/google/inject/internal/InternalContext;Lcom/google/inject/internal/ConstructionContext;)Ljava/lang/Object;+17
j  com.google.inject.internal.ConstructorInjector.construct(Lcom/google/inject/internal/Errors;Lcom/google/inject/internal/InternalContext;Ljava/lang/Class;ZLcom/google/inject/internal/ProvisionListenerStackCallback;)Ljava/lang/Object;+70
j  com.google.inject.internal.ConstructorBindingImpl$Factory.get(Lcom/google/inject/internal/Errors;Lcom/google/inject/internal/InternalContext;Lcom/google/inject/spi/Dependency;Z)Ljava/lang/Object;+65
j  com.google.inject.internal.ProviderToInternalFactoryAdapter$1.call(Lcom/google/inject/internal/InternalContext;)Ljava/lang/Object;+19
j  com.google.inject.internal.InjectorImpl.callInContext(Lcom/google/inject/internal/ContextualCallable;)Ljava/lang/Object;+62
j  com.google.inject.internal.ProviderToInternalFactoryAdapter.get()Ljava/lang/Object;+21
j  com.google.inject.Scopes$1$1.get()Ljava/lang/Object;+23
j  hudson.ExtensionFinder$GuiceFinder$FaultTolerantScope$1.get()Ljava/lang/Object;+4
j  com.google.inject.internal.InternalFactoryToProviderAdapter.get(Lcom/google/inject/internal/Errors;Lcom/google/inject/internal/InternalContext;Lcom/google/inject/spi/Dependency;Z)Ljava/lang/Object;+5
j  com.google.inject.internal.InjectorImpl$3$1.call(Lcom/google/inject/internal/InternalContext;)Ljava/lang/Object;+45
j  com.google.inject.internal.InjectorImpl.callInContext(Lcom/google/inject/internal/ContextualCallable;)Ljava/lang/Object;+34
j  com.google.inject.internal.InjectorImpl$3.get()Ljava/lang/Object;+25
j  hudson.ExtensionFinder$GuiceFinder._find(Ljava/lang/Class;Ljava/util/List;Lcom/google/inject/Injector;)V+99
j  hudson.ExtensionFinder$GuiceFinder.find(Ljava/lang/Class;Lhudson/model/Hudson;)Ljava/util/Collection;+24
j  hudson.ExtensionFinder._find(Ljava/lang/Class;Lhudson/model/Hudson;)Ljava/util/Collection;+3
j  hudson.ClassicPluginStrategy.findComponents(Ljava/lang/Class;Lhudson/model/Hudson;)Ljava/util/List;+157
j  hudson.ExtensionList.load()Ljava/util/List;+68
j  hudson.ExtensionList.ensureLoaded()Ljava/util/List;+47
j  hudson.ExtensionList.iterator()Ljava/util/Iterator;+6
j  hudson.ExtensionList.get(Ljava/lang/Class;)Ljava/lang/Object;+1
j  hudson.diagnosis.NullIdDescriptorMonitor.verifyId()V+6
v  ~StubRoutines::call_stub
V  [jvm.dll+0xfae4b]
V  [jvm.dll+0x18c531]
V  [jvm.dll+0xfaecd]
V  [jvm.dll+0x105043]
V  [jvm.dll+0x105986]
V  [jvm.dll+0xb710e]
C  [java.dll+0x715d]
j  sun.reflect.NativeMethodAccessorImpl.invoke(Ljava/lang/Object;[Ljava/lang/Object;)Ljava/lang/Object;+87
J  sun.reflect.DelegatingMethodAccessorImpl.invoke(Ljava/lang/Object;[Ljava/lang/Object;)Ljava/lang/Object;
j  hudson.init.TaskMethodFinder$TaskImpl.run(Lorg/jvnet/hudson/reactor/Reactor;)V+8
j  org.jvnet.hudson.reactor.Reactor.runTask(Lorg/jvnet/hudson/reactor/Task;)V+2
j  jenkins.model.Jenkins$7.runTask(Lorg/jvnet/hudson/reactor/Task;)V+59
j  org.jvnet.hudson.reactor.Reactor$2.run()V+24
j  org.jvnet.hudson.reactor.Reactor$Node.run()V+4
j  java.util.concurrent.ThreadPoolExecutor$Worker.runTask(Ljava/lang/Runnable;)V+59
j  java.util.concurrent.ThreadPoolExecutor$Worker.run()V+28
j  java.lang.Thread.run()V+11
v  ~StubRoutines::call_stub
V  [jvm.dll+0xfae4b]
V  [jvm.dll+0x18c531]
V  [jvm.dll+0xfaff1]
V  [jvm.dll+0xfb04b]
V  [jvm.dll+0xb56b9]
V  [jvm.dll+0x1190d4]
V  [jvm.dll+0x1411ac]
C  [msvcr71.dll+0x9565]
C  [kernel32.dll+0x133ca]
C  [ntdll.dll+0x39ed2]
C  [ntdll.dll+0x39ea5]

Java frames: (J=compiled Java code, j=interpreted, Vv=VM code)
j  com.sun.jna.Native.invokeInt(JI[Ljava/lang/Object;)I+0
j  com.sun.jna.Function.invoke([Ljava/lang/Object;Ljava/lang/Class;Z)Ljava/lang/Object;+333
j  com.sun.jna.Function.invoke(Ljava/lang/Class;[Ljava/lang/Object;Ljava/util/Map;)Ljava/lang/Object;+214
j  com.sun.jna.Library$Handler.invoke(Ljava/lang/Object;Ljava/lang/reflect/Method;[Ljava/lang/Object;)Ljava/lang/Object;+341
j  $Proxy32.GetTempPathW(ILcom/sun/jna/Pointer;)I+23
j  hudson.util.jna.Kernel32Utils.getTempDir()Ljava/io/File;+18
j  jenkins.diagnosis.HsErrPidList.<init>()V+55
v  ~StubRoutines::call_stub
j  sun.reflect.NativeConstructorAccessorImpl.newInstance0(Ljava/lang/reflect/Constructor;[Ljava/lang/Object;)Ljava/lang/Object;+0
j  sun.reflect.NativeConstructorAccessorImpl.newInstance([Ljava/lang/Object;)Ljava/lang/Object;+72
J  sun.reflect.DelegatingConstructorAccessorImpl.newInstance([Ljava/lang/Object;)Ljava/lang/Object;
J  java.lang.reflect.Constructor.newInstance([Ljava/lang/Object;)Ljava/lang/Object;
j  com.google.inject.internal.DefaultConstructionProxyFactory$1.newInstance([Ljava/lang/Object;)Ljava/lang/Object;+5
j  com.google.inject.internal.ConstructorInjector.provision(Lcom/google/inject/internal/Errors;Lcom/google/inject/internal/InternalContext;Lcom/google/inject/internal/ConstructionContext;)Ljava/lang/Object;+17
j  com.google.inject.internal.ConstructorInjector.construct(Lcom/google/inject/internal/Errors;Lcom/google/inject/internal/InternalContext;Ljava/lang/Class;ZLcom/google/inject/internal/ProvisionListenerStackCallback;)Ljava/lang/Object;+70
j  com.google.inject.internal.ConstructorBindingImpl$Factory.get(Lcom/google/inject/internal/Errors;Lcom/google/inject/internal/InternalContext;Lcom/google/inject/spi/Dependency;Z)Ljava/lang/Object;+65
j  com.google.inject.internal.ProviderToInternalFactoryAdapter$1.call(Lcom/google/inject/internal/InternalContext;)Ljava/lang/Object;+19
j  com.google.inject.internal.InjectorImpl.callInContext(Lcom/google/inject/internal/ContextualCallable;)Ljava/lang/Object;+62
j  com.google.inject.internal.ProviderToInternalFactoryAdapter.get()Ljava/lang/Object;+21
j  com.google.inject.Scopes$1$1.get()Ljava/lang/Object;+23
j  hudson.ExtensionFinder$GuiceFinder$FaultTolerantScope$1.get()Ljava/lang/Object;+4
j  com.google.inject.internal.InternalFactoryToProviderAdapter.get(Lcom/google/inject/internal/Errors;Lcom/google/inject/internal/InternalContext;Lcom/google/inject/spi/Dependency;Z)Ljava/lang/Object;+5
j  com.google.inject.internal.InjectorImpl$3$1.call(Lcom/google/inject/internal/InternalContext;)Ljava/lang/Object;+45
j  com.google.inject.internal.InjectorImpl.callInContext(Lcom/google/inject/internal/ContextualCallable;)Ljava/lang/Object;+34
j  com.google.inject.internal.InjectorImpl$3.get()Ljava/lang/Object;+25
j  hudson.ExtensionFinder$GuiceFinder._find(Ljava/lang/Class;Ljava/util/List;Lcom/google/inject/Injector;)V+99
j  hudson.ExtensionFinder$GuiceFinder.find(Ljava/lang/Class;Lhudson/model/Hudson;)Ljava/util/Collection;+24
j  hudson.ExtensionFinder._find(Ljava/lang/Class;Lhudson/model/Hudson;)Ljava/util/Collection;+3
j  hudson.ClassicPluginStrategy.findComponents(Ljava/lang/Class;Lhudson/model/Hudson;)Ljava/util/List;+157
j  hudson.ExtensionList.load()Ljava/util/List;+68
j  hudson.ExtensionList.ensureLoaded()Ljava/util/List;+47
j  hudson.ExtensionList.iterator()Ljava/util/Iterator;+6
j  hudson.ExtensionList.get(Ljava/lang/Class;)Ljava/lang/Object;+1
j  hudson.diagnosis.NullIdDescriptorMonitor.verifyId()V+6
v  ~StubRoutines::call_stub
j  sun.reflect.NativeMethodAccessorImpl.invoke0(Ljava/lang/reflect/Method;Ljava/lang/Object;[Ljava/lang/Object;)Ljava/lang/Object;+0
j  sun.reflect.NativeMethodAccessorImpl.invoke(Ljava/lang/Object;[Ljava/lang/Object;)Ljava/lang/Object;+87
J  sun.reflect.DelegatingMethodAccessorImpl.invoke(Ljava/lang/Object;[Ljava/lang/Object;)Ljava/lang/Object;
J  java.lang.reflect.Method.invoke(Ljava/lang/Object;[Ljava/lang/Object;)Ljava/lang/Object;
j  hudson.init.TaskMethodFinder.invoke(Ljava/lang/reflect/Method;)V+42
j  hudson.init.TaskMethodFinder$TaskImpl.run(Lorg/jvnet/hudson/reactor/Reactor;)V+8
j  org.jvnet.hudson.reactor.Reactor.runTask(Lorg/jvnet/hudson/reactor/Task;)V+2
j  jenkins.model.Jenkins$7.runTask(Lorg/jvnet/hudson/reactor/Task;)V+59
j  org.jvnet.hudson.reactor.Reactor$2.run()V+24
j  org.jvnet.hudson.reactor.Reactor$Node.run()V+4
j  java.util.concurrent.ThreadPoolExecutor$Worker.runTask(Ljava/lang/Runnable;)V+59
j  java.util.concurrent.ThreadPoolExecutor$Worker.run()V+28
j  java.lang.Thread.run()V+11
v  ~StubRoutines::call_stub

---------------  P R O C E S S  ---------------

Java Threads: ( => current thread )
  0x186d2000 JavaThread "ViewJob reload thread" daemon [_thread_blocked, id=3196, stack(0x1a490000,0x1a4e0000)]
  0x186d1c00 JavaThread "Handling GET / : RequestHandlerThread[#5]" daemon [_thread_blocked, id=5920, stack(0x19430000,0x19480000)]
  0x186d1400 JavaThread "RequestHandlerThread[#4]" daemon [_thread_blocked, id=5536, stack(0x192a0000,0x192f0000)]
  0x186d0c00 JavaThread "RequestHandlerThread[#3]" daemon [_thread_blocked, id=5572, stack(0x19210000,0x19260000)]
  0x186d0800 JavaThread "Loading job Clock10 Discipline Custom Device" daemon [_thread_blocked, id=3304, stack(0x19180000,0x191d0000)]
  0x186d0000 JavaThread "Loading job Multi-Y Graph" daemon [_thread_blocked, id=1324, stack(0x190f0000,0x19140000)]
  0x186cfc00 JavaThread "Loading job Test Cell Controller Software" daemon [_thread_blocked, id=4164, stack(0x19060000,0x190b0000)]
  0x186cf400 JavaThread "Loading job DAQ Plugin Scaled Voltage" daemon [_thread_blocked, id=1712, stack(0x18fd0000,0x19020000)]
=>0x18664000 JavaThread "NullIdDescriptorMonitor.verifyId" daemon [_thread_in_native, id=5064, stack(0x18f40000,0x18f90000)]
  0x18664800 JavaThread "Loading job Scan Engine 2011 - Classes SCC Trigger" daemon [_thread_in_native, id=5472, stack(0x18eb0000,0x18f00000)]
  0x18654800 JavaThread "Loading job Scan Engine 2013 Pharlap - Build FXP LLB" daemon [_thread_blocked, id=2260, stack(0x18e20000,0x18e70000)]
  0x18654000 JavaThread "UpdateCenter.init" daemon [_thread_blocked, id=492, stack(0x18d90000,0x18de0000)]
  0x18653c00 JavaThread "Jenkins cron thread" [_thread_blocked, id=5764, stack(0x18d00000,0x18d50000)]
  0x00749400 JavaThread "DestroyJavaVM" [_thread_blocked, id=2404, stack(0x00390000,0x003e0000)]
  0x183d1000 JavaThread "LauncherControlThread[ControlPort=-1]" [_thread_blocked, id=3348, stack(0x18c40000,0x18c90000)]
  0x01278000 JavaThread "RequestHandlerThread[#2] Acceptor0 SelectChannelConnector@0.0.0.0:8080" daemon [_thread_in_native, id=3532, stack(0x18bb0000,0x18c00000)]
  0x01278c00 JavaThread "RequestHandlerThread[#1] Selector0" daemon [_thread_in_native, id=5092, stack(0x17f00000,0x17f50000)]
  0x185f0800 JavaThread "Jenkins initialization thread" [_thread_blocked, id=4372, stack(0x17e00000,0x17e50000)]
  0x17727400 JavaThread "Java2D Disposer" daemon [_thread_blocked, id=3512, stack(0x17c00000,0x17c50000)]
  0x1825ec00 JavaThread "HashSessionScavenger-0" daemon [_thread_blocked, id=232, stack(0x17af0000,0x17b40000)]
  0x0125f000 JavaThread "Low Memory Detector" daemon [_thread_blocked, id=6112, stack(0x17600000,0x17650000)]
  0x01258c00 JavaThread "C1 CompilerThread0" daemon [_thread_blocked, id=3912, stack(0x17570000,0x175c0000)]
  0x01255800 JavaThread "Attach Listener" daemon [_thread_blocked, id=5224, stack(0x174e0000,0x17530000)]
  0x0122d800 JavaThread "Finalizer" daemon [_thread_blocked, id=852, stack(0x17450000,0x174a0000)]
  0x01228c00 JavaThread "Reference Handler" daemon [_thread_blocked, id=3924, stack(0x173c0000,0x17410000)]

Other Threads:
  0x01224400 VMThread [stack: 0x17330000,0x17380000] [id=3448]
  0x01269800 WatcherThread [stack: 0x17690000,0x176e0000] [id=3492]

VM state:not at safepoint (normal execution)

VM Mutex/Monitor currently owned by a thread: None

Heap
 def new generation   total 9152K, used 8269K [0x03290000, 0x03c70000, 0x087e0000)
  eden space 8192K,  90% used [0x03290000, 0x039cfbb8, 0x03a90000)
  from space 960K,  88% used [0x03b80000, 0x03c53968, 0x03c70000)
  to   space 960K,   0% used [0x03a90000, 0x03a90000, 0x03b80000)
 tenured generation   total 20192K, used 12993K [0x087e0000, 0x09b98000, 0x13290000)
   the space 20192K,  64% used [0x087e0000, 0x09490490, 0x09490600, 0x09b98000)
 compacting perm gen  total 30720K, used 30500K [0x13290000, 0x15090000, 0x17290000)
   the space 30720K,  99% used [0x13290000, 0x150593d0, 0x15059400, 0x15090000)
No shared spaces configured.

Code Cache  [0x01290000, 0x015a0000, 0x03290000)
 total_blobs=1732 nmethods=1534 adapters=132 free_code_cache=30372864 largest_free_block=384

Dynamic libraries:
0x00400000 - 0x00424000 	C:\Program Files (x86)\Jenkins\jre\bin\java.exe
0x770c0000 - 0x77240000 	C:\Windows\SysWOW64\ntdll.dll
0x764d0000 - 0x765e0000 	C:\Windows\syswow64\kernel32.dll
0x75f60000 - 0x75fa6000 	C:\Windows\syswow64\KERNELBASE.dll
0x768f0000 - 0x76990000 	C:\Windows\syswow64\ADVAPI32.dll
0x75fb0000 - 0x7605c000 	C:\Windows\syswow64\msvcrt.dll
0x76840000 - 0x76859000 	C:\Windows\SysWOW64\sechost.dll
0x75cd0000 - 0x75dc0000 	C:\Windows\syswow64\RPCRT4.dll
0x74c20000 - 0x74c80000 	C:\Windows\syswow64\SspiCli.dll
0x74c10000 - 0x74c1c000 	C:\Windows\syswow64\CRYPTBASE.dll
0x7c340000 - 0x7c396000 	C:\Program Files (x86)\Jenkins\jre\bin\msvcr71.dll
0x6d7f0000 - 0x6da9f000 	C:\Program Files (x86)\Jenkins\jre\bin\client\jvm.dll
0x759d0000 - 0x75ad0000 	C:\Windows\syswow64\USER32.dll
0x76860000 - 0x768f0000 	C:\Windows\syswow64\GDI32.dll
0x76290000 - 0x7629a000 	C:\Windows\syswow64\LPK.dll
0x74c80000 - 0x74d1d000 	C:\Windows\syswow64\USP10.dll
0x734a0000 - 0x734d2000 	C:\Windows\system32\WINMM.dll
0x76470000 - 0x764d0000 	C:\Windows\system32\IMM32.DLL
0x76bf0000 - 0x76cbc000 	C:\Windows\syswow64\MSCTF.dll
0x71dc0000 - 0x71e0c000 	C:\Windows\system32\apphelp.dll
0x6d7a0000 - 0x6d7ac000 	C:\Program Files (x86)\Jenkins\jre\bin\verify.dll
0x6d320000 - 0x6d33f000 	C:\Program Files (x86)\Jenkins\jre\bin\java.dll
0x762a0000 - 0x762a5000 	C:\Windows\system32\PSAPI.DLL
0x6d7e0000 - 0x6d7ef000 	C:\Program Files (x86)\Jenkins\jre\bin\zip.dll
0x74d80000 - 0x759ca000 	C:\Windows\system32\SHELL32.DLL
0x74d20000 - 0x74d77000 	C:\Windows\syswow64\SHLWAPI.dll
0x766b0000 - 0x7680c000 	C:\Windows\syswow64\ole32.dll
0x73080000 - 0x73096000 	C:\Windows\system32\CRYPTSP.dll
0x73040000 - 0x7307b000 	C:\Windows\system32\rsaenh.dll
0x73030000 - 0x7303b000 	C:\Windows\system32\profapi.dll
0x6d600000 - 0x6d613000 	C:\Program Files (x86)\Jenkins\jre\bin\net.dll
0x76250000 - 0x76285000 	C:\Windows\syswow64\WS2_32.dll
0x762c0000 - 0x762c6000 	C:\Windows\syswow64\NSI.dll
0x73550000 - 0x7358c000 	C:\Windows\system32\mswsock.dll
0x72f90000 - 0x72f96000 	C:\Windows\System32\wship6.dll
0x735c0000 - 0x735d0000 	C:\Windows\system32\NLAapi.dll
0x735b0000 - 0x735c0000 	C:\Windows\system32\napinsp.dll
0x73590000 - 0x735a2000 	C:\Windows\system32\pnrpnsp.dll
0x73500000 - 0x73544000 	C:\Windows\system32\DNSAPI.dll
0x734f0000 - 0x734f8000 	C:\Windows\System32\winrnr.dll
0x734e0000 - 0x734ed000 	C:\Windows\system32\wshbth.dll
0x63560000 - 0x63568000 	C:\Program Files (x86)\National Instruments\Shared\mDNS Responder\nimdnsNSP.dll
0x63550000 - 0x6355b000 	C:\Windows\system32\nimdnsResponder.dll
0x735e0000 - 0x73683000 	C:\Windows\WinSxS\x86_microsoft.vc90.crt_1fc8b3b9a1e18e3b_9.0.30729.6161_none_50934f2ebcb7eb57\MSVCR90.dll
0x73480000 - 0x7349c000 	C:\Windows\system32\Iphlpapi.DLL
0x73420000 - 0x73427000 	C:\Windows\system32\WINNSI.DLL
0x732a0000 - 0x732a5000 	C:\Windows\System32\wshtcpip.dll
0x733d0000 - 0x733d6000 	C:\Windows\system32\rasadhlp.dll
0x733e0000 - 0x73418000 	C:\Windows\System32\fwpuclnt.dll
0x6d780000 - 0x6d788000 	C:\Program Files (x86)\Jenkins\jre\bin\sunmscapi.dll
0x76ad0000 - 0x76bed000 	C:\Windows\syswow64\CRYPT32.dll
0x77090000 - 0x7709c000 	C:\Windows\syswow64\MSASN1.dll
0x6d000000 - 0x6d14b000 	C:\Program Files (x86)\Jenkins\jre\bin\awt.dll
0x72d20000 - 0x72d71000 	C:\Windows\system32\WINSPOOL.DRV
0x728a0000 - 0x72a3e000 	C:\Windows\WinSxS\x86_microsoft.windows.common-controls_6595b64144ccf1df_6.0.7601.17514_none_41e6975e2bd6f2b2\COMCTL32.dll
0x72d80000 - 0x72e04000 	C:\Windows\WinSxS\x86_microsoft.windows.common-controls_6595b64144ccf1df_5.82.7601.17514_none_ec83dffa859149af\comctl32.dll
0x6d230000 - 0x6d27f000 	C:\Program Files (x86)\Jenkins\jre\bin\fontmanager.dll
0x72b30000 - 0x72b43000 	C:\Windows\system32\DWMAPI.DLL
0x6d620000 - 0x6d629000 	C:\Program Files (x86)\Jenkins\jre\bin\nio.dll
0x1a4e0000 - 0x1a535000 	C:\Windows\Temp\jna\jna7739993176702375636.dll

VM Arguments:
jvm_args: -Xrs -Xmx256m -Dhudson.lifecycle=hudson.lifecycle.WindowsServiceLifecycle 
java_command: C:\Program Files (x86)\Jenkins\jenkins.war --httpPort=8080
Launcher Type: SUN_STANDARD

Environment Variables:
PATH=C:\Windows\system32;C:\Windows;C:\Windows\System32\Wbem;C:\Windows\System32\WindowsPowerShell\v1.0\;C:\Program Files\IVI Foundation\VISA\Win64\Bin\;C:\Program Files (x86)\IVI Foundation\VISA\WinNT\Bin\;C:\Program Files (x86)\IVI Foundation\VISA\WinNT\Bin;C:\Program Files (x86)\IVI Foundation\IVI\bin;C:\Program Files\IVI Foundation\IVI\bin;C:\Program Files\TortoiseSVN\bin;C:\Program Files\TortoiseHg\;C:\Program Files (x86)\PXISA\PXIMC\;C:\Program Files\PXISA\PXIMC\;
USERNAME=HIL-AUTOBUILD$
OS=Windows_NT
PROCESSOR_IDENTIFIER=Intel64 Family 6 Model 42 Stepping 7, GenuineIntel



---------------  S Y S T E M  ---------------

OS: Windows 7 Build 7601 Service Pack 1

CPU:total 4 (4 cores per cpu, 1 threads per core) family 6 model 42 stepping 7, cmov, cx8, fxsr, mmx, sse, sse2, sse3, ssse3, sse4.1, sse4.2, popcnt

Memory: 4k page, physical 4193784k(2408768k free), swap 8385724k(6600204k free)

vm_info: Java HotSpot(TM) Client VM (20.1-b02) for windows-x86 JRE (1.6.0_26-b03), built on May  4 2011 00:50:59 by "java_re" with MS VC++ 7.1 (VS2003)

time: Mon Nov 25 15:57:14 2013
elapsed time: 29 seconds

