#
# A fatal error has been detected by the Java Runtime Environment:
#
#  SIGSEGV (0xb) at pc=0x00007f101e005060, pid=3375, tid=0x00007f1054f96700
#
# JRE version: OpenJDK Runtime Environment (8.0_131-b11) (build 1.8.0_131-8u131-b11-0ubuntu1.17.04.1-b11)
# Java VM: OpenJDK 64-Bit Server VM (25.131-b11 mixed mode linux-amd64 compressed oops)
# Problematic frame:
# C  0x00007f101e005060
#
# Failed to write core dump. Core dumps have been disabled. To enable core dumping, try "ulimit -c unlimited" before starting Java again
#
# If you would like to submit a bug report, please visit:
#   http://bugreport.java.com/bugreport/crash.jsp
#

---------------  T H R E A D  ---------------

Current thread (0x00007f106cc2e800):  JavaThread "Jenkins initialization thread" [_thread_in_Java, id=3397, stack(0x00007f1054e96000,0x00007f1054f97000)]

siginfo: si_signo: 11 (SIGSEGV), si_code: 2 (SEGV_ACCERR), si_addr: 0x00007f101e005060

Registers:
RAX=0x00000001000854b8, RBX=0x00007f105ca7c418, RCX=0x0000000000000015, RDX=0x000000000000005b
RSP=0x00007f1054f932a8, RBP=0x00000000f13a62c0, RSI=0x00000000f13a60f0, RDI=0x0000000000008483
R8 =0x00000000f13a2b10, R9 =0x00000000f13a2b10, R10=0x00000000f13a60f0, R11=0x0000000000000000
R12=0x0000000000000000, R13=0x00000000000061bc, R14=0x00000000f13a2b10, R15=0x00007f106cc2e800
RIP=0x00007f101e005060, EFLAGS=0x0000000000010206, CSGSFS=0x002b000000000033, ERR=0x0000000000000014
  TRAPNO=0x000000000000000e

Top of Stack: (sp=0x00007f1054f932a8)
0x00007f1054f932a8:   00007f105d4c7688 000000160000005b
0x00007f1054f932b8:   00000000f13ad4c0 00000000f13ad4c0
0x00007f1054f932c8:   00007f105d49a4fc 00000000f13a62d8
0x00007f1054f932d8:   00007f105d4c7668 000000000000005b
0x00007f1054f932e8:   00000000f13a2b10 00007f100000005b
0x00007f1054f932f8:   00000000f13ad4c0 00000000f13ad4c0
0x00007f1054f93308:   00007f105d49a4fc 00000000f13ad4c0
0x00007f1054f93318:   00000000f13a65b8 00000000f13ad4c0
0x00007f1054f93328:   00000000f13a65a0 00007f106cc2e800
0x00007f1054f93338:   00000000f13a2b10 00000000f13ad4c0
0x00007f1054f93348:   00007f105d21623c 00000000f13a62d8
0x00007f1054f93358:   0000005b00000016 00000000f13ad4c0
0x00007f1054f93368:   00000000f13a2b10 00000000f13a6400
0x00007f1054f93378:   00000000f13ad4c0 00000000f13ad4c0
0x00007f1054f93388:   00007f105d4c406c 0000000000000000
0x00007f1054f93398:   0000000000000072 00000000f13ad4c0
0x00007f1054f933a8:   00007f105d4c6c94 00000000f13a60c0
0x00007f1054f933b8:   00007f105d4c5d9c 00000000f13ad4c0
0x00007f1054f933c8:   0000000000000016 00000000f13a62f0
0x00007f1054f933d8:   00000000f13a2b10 0000001900000007
0x00007f1054f933e8:   00000000f13ad4c0 00000000f13a2b10
0x00007f1054f933f8:   0000003e0000006b 00000000f13ad4c0
0x00007f1054f93408:   00007f105d46309c 00000000f13a60c0
0x00007f1054f93418:   00007f105d4c7668 0000ff000000006b
0x00007f1054f93428:   0000000000000000 00000000ffff0000
0x00007f1054f93438:   0000000000000000 00000000f13ad4c0
0x00007f1054f93448:   00007f105d4c7668 00000000f13a62f0
0x00007f1054f93458:   00000000f13a2b10 000000000000006b
0x00007f1054f93468:   0000000000000000 00000000f13ad4c0
0x00007f1054f93478:   00007f105d49a69c 0000000000000128
0x00007f1054f93488:   84ff0a7070c13900 00000000f13ad4c0
0x00007f1054f93498:   00007f105d4c8d74 00000000f13a6328 

Instructions: (pc=0x00007f101e005060)
0x00007f101e005040:   
[error occurred during error reporting (printing registers, top of stack, instructions near pc), id 0xb]

Register to memory mapping:

RAX=0x00000001000854b8 is pointing into metadata
RBX={method} {0x00007f105ca7c418} 'isSatisfiedBy' '(I)Z' in 'java/util/regex/Pattern$BitClass'
RCX=0x0000000000000015 is an unknown value
RDX=0x000000000000005b is an unknown value
RSP=0x00007f1054f932a8 is pointing into the stack for thread: 0x00007f106cc2e800
RBP=0x00000000f13a62c0 is an oop
java.util.regex.Pattern$5 
 - klass: 'java/util/regex/Pattern$5'
RSI=0x00000000f13a60f0 is an oop
java.util.regex.Pattern$BitClass 
 - klass: 'java/util/regex/Pattern$BitClass'
RDI=0x0000000000008483 is an unknown value
R8 =0x00000000f13a2b10 is an oop
java.lang.String 
 - klass: 'java/lang/String'
R9 =0x00000000f13a2b10 is an oop
java.lang.String 
 - klass: 'java/lang/String'
R10=0x00000000f13a60f0 is an oop
java.util.regex.Pattern$BitClass 
 - klass: 'java/util/regex/Pattern$BitClass'
R11=0x0000000000000000 is an unknown value
R12=0x0000000000000000 is an unknown value
R13=0x00000000000061bc is an unknown value
R14=0x00000000f13a2b10 is an oop
java.lang.String 
 - klass: 'java/lang/String'
R15=0x00007f106cc2e800 is a thread


Stack: [0x00007f1054e96000,0x00007f1054f97000],  sp=0x00007f1054f932a8,  free space=1012k
Native frames: (J=compiled Java code, j=interpreted, Vv=VM code, C=native code)
C  0x00007f101e005060


---------------  P R O C E S S  ---------------

Java Threads: ( => current thread )
  0x00007f101c075000 JavaThread "jenkins.util.Timer [#1]" daemon [_thread_blocked, id=3402, stack(0x00007f1054791000,0x00007f1054892000)]
  0x00007f101c04a800 JavaThread "Jenkins cron thread" [_thread_blocked, id=3401, stack(0x00007f1054892000,0x00007f1054993000)]
  0x00007f106c00a000 JavaThread "DestroyJavaVM" [_thread_blocked, id=3377, stack(0x00007f1075da5000,0x00007f1075ea6000)]
  0x00007f106cc42800 JavaThread "LauncherControlThread[ControlPort=-1]" [_thread_blocked, id=3400, stack(0x00007f1054993000,0x00007f1054a94000)]
  0x00007f106cc40800 JavaThread "RequestHandlerThread[#2]-acceptor-0@32501094-ServerConnector@6bbe85a8{HTTP/1.1}{0.0.0.0:8080}" daemon [_thread_in_native, id=3399, stack(0x00007f1054a94000,0x00007f1054b95000)]
  0x00007f106cc3f800 JavaThread "RequestHandlerThread[#1]-selector-ServerConnectorManager@311c4339/0" daemon [_thread_in_native, id=3398, stack(0x00007f1054b95000,0x00007f1054c96000)]
=>0x00007f106cc2e800 JavaThread "Jenkins initialization thread" [_thread_in_Java, id=3397, stack(0x00007f1054e96000,0x00007f1054f97000)]
  0x00007f106cbbc000 JavaThread "Java2D Disposer" daemon [_thread_blocked, id=3396, stack(0x00007f1054f97000,0x00007f1055098000)]
  0x00007f106ca43800 JavaThread "org.eclipse.jetty.server.session.HashSessionManager@5ec0a365Timer" daemon [_thread_blocked, id=3395, stack(0x00007f1056c0c000,0x00007f1056d0d000)]
  0x00007f106c135800 JavaThread "Service Thread" daemon [_thread_blocked, id=3386, stack(0x00007f1057018000,0x00007f1057119000)]
  0x00007f106c132800 JavaThread "C1 CompilerThread1" daemon [_thread_blocked, id=3385, stack(0x00007f1057119000,0x00007f105721a000)]
  0x00007f106c130000 JavaThread "C2 CompilerThread0" daemon [_thread_in_native, id=3384, stack(0x00007f105721a000,0x00007f105731b000)]
  0x00007f106c12d800 JavaThread "Signal Dispatcher" daemon [_thread_blocked, id=3383, stack(0x00007f105731b000,0x00007f105741c000)]
  0x00007f106c106800 JavaThread "Finalizer" daemon [_thread_blocked, id=3382, stack(0x00007f10576f7000,0x00007f10577f8000)]
  0x00007f106c102000 JavaThread "Reference Handler" daemon [_thread_blocked, id=3381, stack(0x00007f10577f8000,0x00007f10578f9000)]

Other Threads:
  0x00007f106c0fa000 VMThread [stack: 0x00007f10578f9000,0x00007f10579fa000] [id=3380]
  0x00007f106c14c800 WatcherThread [stack: 0x00007f1056f17000,0x00007f1057018000] [id=3387]

VM state:not at safepoint (normal execution)

VM Mutex/Monitor currently owned by a thread: None

Heap:
 PSYoungGen      total 131584K, used 98338K [0x00000000eb700000, 0x00000000f3d00000, 0x0000000100000000)
  eden space 126976K, 75% used [0x00000000eb700000,0x00000000f1404908,0x00000000f3300000)
  from space 4608K, 67% used [0x00000000f3880000,0x00000000f3b84010,0x00000000f3d00000)
  to   space 5120K, 0% used [0x00000000f3300000,0x00000000f3300000,0x00000000f3800000)
 ParOldGen       total 42496K, used 4339K [0x00000000c2400000, 0x00000000c4d80000, 0x00000000eb700000)
  object space 42496K, 10% used [0x00000000c2400000,0x00000000c283cc38,0x00000000c4d80000)
 Metaspace       used 18419K, capacity 18692K, committed 18944K, reserved 1067008K
  class space    used 2126K, capacity 2186K, committed 2304K, reserved 1048576K

Card table byte_map: [0x00007f1072250000,0x00007f107243f000] byte_map_base: 0x00007f1071c3e000

Marking Bits: (ParMarkBitMap*) 0x00007f107505d260
 Begin Bits: [0x00007f1070024000, 0x00007f1070f94000)
 End Bits:   [0x00007f1070f94000, 0x00007f1071f04000)

Polling page: 0x00007f1075eaf000

CodeCache: size=245760Kb used=4888Kb max_used=4899Kb free=240871Kb
 bounds [0x00007f105d000000, 0x00007f105d4d0000, 0x00007f106c000000]
 total_blobs=1791 nmethods=1367 adapters=339
 compilation: enabled

Compilation events (10 events):
Event: 2.665 Thread 0x00007f106c130000 nmethod 1363 0x00007f105d4c7790 code [0x00007f105d4c78e0, 0x00007f105d4c7978]
Event: 2.665 Thread 0x00007f106c130000 1366       4       java.util.regex.Pattern$5::isSatisfiedBy (28 bytes)
Event: 2.666 Thread 0x00007f106c130000 nmethod 1366 0x00007f105d4c74d0 code [0x00007f105d4c7620, 0x00007f105d4c76d8]
Event: 2.666 Thread 0x00007f106c130000 1368       4       java.util.regex.Pattern$GroupTail::match (111 bytes)
Event: 2.668 Thread 0x00007f106c130000 nmethod 1368 0x00007f105d4c8b50 code [0x00007f105d4c8cc0, 0x00007f105d4c8f38]
Event: 2.668 Thread 0x00007f106c130000 1372       4       java.util.regex.Pattern$Slice::match (79 bytes)
Event: 2.673 Thread 0x00007f106c130000 nmethod 1372 0x00007f105d4c8410 code [0x00007f105d4c8580, 0x00007f105d4c88f8]
Event: 2.673 Thread 0x00007f106c130000 1369       4       java.util.regex.Pattern$BitClass::isSatisfiedBy (22 bytes)
Event: 2.674 Thread 0x00007f106c130000 nmethod 1369 0x00007f105d4c7210 code [0x00007f105d4c7360, 0x00007f105d4c7418]
Event: 2.674 Thread 0x00007f106c130000 1371       4       java.util.regex.Pattern$GroupHead::match (47 bytes)

GC Heap History (10 events):
Event: 0.919 GC heap before
{Heap before GC invocations=2 (full 0):
 PSYoungGen      total 18432K, used 18427K [0x00000000eb700000, 0x00000000edb00000, 0x0000000100000000)
  eden space 15872K, 100% used [0x00000000eb700000,0x00000000ec680000,0x00000000ec680000)
  from space 2560K, 99% used [0x00000000ec680000,0x00000000ec8fec98,0x00000000ec900000)
  to   space 2560K, 0% used [0x00000000ed880000,0x00000000ed880000,0x00000000edb00000)
 ParOldGen       total 42496K, used 2103K [0x00000000c2400000, 0x00000000c4d80000, 0x00000000eb700000)
  object space 42496K, 4% used [0x00000000c2400000,0x00000000c260dea0,0x00000000c4d80000)
 Metaspace       used 8734K, capacity 8874K, committed 8960K, reserved 1056768K
  class space    used 929K, capacity 978K, committed 1024K, reserved 1048576K
Event: 0.933 GC heap after
Heap after GC invocations=2 (full 0):
 PSYoungGen      total 34304K, used 2544K [0x00000000eb700000, 0x00000000edb00000, 0x0000000100000000)
  eden space 31744K, 0% used [0x00000000eb700000,0x00000000eb700000,0x00000000ed600000)
  from space 2560K, 99% used [0x00000000ed880000,0x00000000edafc010,0x00000000edb00000)
  to   space 2560K, 0% used [0x00000000ed600000,0x00000000ed600000,0x00000000ed880000)
 ParOldGen       total 42496K, used 3483K [0x00000000c2400000, 0x00000000c4d80000, 0x00000000eb700000)
  object space 42496K, 8% used [0x00000000c2400000,0x00000000c2766c18,0x00000000c4d80000)
 Metaspace       used 8734K, capacity 8874K, committed 8960K, reserved 1056768K
  class space    used 929K, capacity 978K, committed 1024K, reserved 1048576K
}
Event: 1.076 GC heap before
{Heap before GC invocations=3 (full 0):
 PSYoungGen      total 34304K, used 34288K [0x00000000eb700000, 0x00000000edb00000, 0x0000000100000000)
  eden space 31744K, 100% used [0x00000000eb700000,0x00000000ed600000,0x00000000ed600000)
  from space 2560K, 99% used [0x00000000ed880000,0x00000000edafc010,0x00000000edb00000)
  to   space 2560K, 0% used [0x00000000ed600000,0x00000000ed600000,0x00000000ed880000)
 ParOldGen       total 42496K, used 3483K [0x00000000c2400000, 0x00000000c4d80000, 0x00000000eb700000)
  object space 42496K, 8% used [0x00000000c2400000,0x00000000c2766c18,0x00000000c4d80000)
 Metaspace       used 8797K, capacity 9002K, committed 9216K, reserved 1056768K
  class space    used 929K, capacity 978K, committed 1024K, reserved 1048576K
Event: 1.087 GC heap after
Heap after GC invocations=3 (full 0):
 PSYoungGen      total 34304K, used 2544K [0x00000000eb700000, 0x00000000efa00000, 0x0000000100000000)
  eden space 31744K, 0% used [0x00000000eb700000,0x00000000eb700000,0x00000000ed600000)
  from space 2560K, 99% used [0x00000000ed600000,0x00000000ed87c010,0x00000000ed880000)
  to   space 2560K, 0% used [0x00000000ef780000,0x00000000ef780000,0x00000000efa00000)
 ParOldGen       total 42496K, used 4283K [0x00000000c2400000, 0x00000000c4d80000, 0x00000000eb700000)
  object space 42496K, 10% used [0x00000000c2400000,0x00000000c282ec28,0x00000000c4d80000)
 Metaspace       used 8797K, capacity 9002K, committed 9216K, reserved 1056768K
  class space    used 929K, capacity 978K, committed 1024K, reserved 1048576K
}
Event: 1.169 GC heap before
{Heap before GC invocations=4 (full 0):
 PSYoungGen      total 34304K, used 34288K [0x00000000eb700000, 0x00000000efa00000, 0x0000000100000000)
  eden space 31744K, 100% used [0x00000000eb700000,0x00000000ed600000,0x00000000ed600000)
  from space 2560K, 99% used [0x00000000ed600000,0x00000000ed87c010,0x00000000ed880000)
  to   space 2560K, 0% used [0x00000000ef780000,0x00000000ef780000,0x00000000efa00000)
 ParOldGen       total 42496K, used 4283K [0x00000000c2400000, 0x00000000c4d80000, 0x00000000eb700000)
  object space 42496K, 10% used [0x00000000c2400000,0x00000000c282ec28,0x00000000c4d80000)
 Metaspace       used 8800K, capacity 9002K, committed 9216K, reserved 1056768K
  class space    used 929K, capacity 978K, committed 1024K, reserved 1048576K
Event: 1.185 GC heap after
Heap after GC invocations=4 (full 0):
 PSYoungGen      total 66048K, used 2560K [0x00000000eb700000, 0x00000000efa00000, 0x0000000100000000)
  eden space 63488K, 0% used [0x00000000eb700000,0x00000000eb700000,0x00000000ef500000)
  from space 2560K, 100% used [0x00000000ef780000,0x00000000efa00000,0x00000000efa00000)
  to   space 2560K, 0% used [0x00000000ef500000,0x00000000ef500000,0x00000000ef780000)
 ParOldGen       total 42496K, used 4299K [0x00000000c2400000, 0x00000000c4d80000, 0x00000000eb700000)
  object space 42496K, 10% used [0x00000000c2400000,0x00000000c2832c28,0x00000000c4d80000)
 Metaspace       used 8800K, capacity 9002K, committed 9216K, reserved 1056768K
  class space    used 929K, capacity 978K, committed 1024K, reserved 1048576K
}
Event: 1.353 GC heap before
{Heap before GC invocations=5 (full 0):
 PSYoungGen      total 66048K, used 66048K [0x00000000eb700000, 0x00000000efa00000, 0x0000000100000000)
  eden space 63488K, 100% used [0x00000000eb700000,0x00000000ef500000,0x00000000ef500000)
  from space 2560K, 100% used [0x00000000ef780000,0x00000000efa00000,0x00000000efa00000)
  to   space 2560K, 0% used [0x00000000ef500000,0x00000000ef500000,0x00000000ef780000)
 ParOldGen       total 42496K, used 4299K [0x00000000c2400000, 0x00000000c4d80000, 0x00000000eb700000)
  object space 42496K, 10% used [0x00000000c2400000,0x00000000c2832c28,0x00000000c4d80000)
 Metaspace       used 8800K, capacity 9002K, committed 9216K, reserved 1056768K
  class space    used 929K, capacity 978K, committed 1024K, reserved 1048576K
Event: 1.359 GC heap after
Heap after GC invocations=5 (full 0):
 PSYoungGen      total 66048K, used 2534K [0x00000000eb700000, 0x00000000f3e00000, 0x0000000100000000)
  eden space 63488K, 0% used [0x00000000eb700000,0x00000000eb700000,0x00000000ef500000)
  from space 2560K, 99% used [0x00000000ef500000,0x00000000ef779ba8,0x00000000ef780000)
  to   space 5632K, 0% used [0x00000000f3880000,0x00000000f3880000,0x00000000f3e00000)
 ParOldGen       total 42496K, used 4339K [0x00000000c2400000, 0x00000000c4d80000, 0x00000000eb700000)
  object space 42496K, 10% used [0x00000000c2400000,0x00000000c283cc38,0x00000000c4d80000)
 Metaspace       used 8800K, capacity 9002K, committed 9216K, reserved 1056768K
  class space    used 929K, capacity 978K, committed 1024K, reserved 1048576K
}
Event: 1.516 GC heap before
{Heap before GC invocations=6 (full 0):
 PSYoungGen      total 66048K, used 66022K [0x00000000eb700000, 0x00000000f3e00000, 0x0000000100000000)
  eden space 63488K, 100% used [0x00000000eb700000,0x00000000ef500000,0x00000000ef500000)
  from space 2560K, 99% used [0x00000000ef500000,0x00000000ef779ba8,0x00000000ef780000)
  to   space 5632K, 0% used [0x00000000f3880000,0x00000000f3880000,0x00000000f3e00000)
 ParOldGen       total 42496K, used 4339K [0x00000000c2400000, 0x00000000c4d80000, 0x00000000eb700000)
  object space 42496K, 10% used [0x00000000c2400000,0x00000000c283cc38,0x00000000c4d80000)
 Metaspace       used 8819K, capacity 9002K, committed 9216K, reserved 1056768K
  class space    used 929K, capacity 978K, committed 1024K, reserved 1048576K
Event: 1.536 GC heap after
Heap after GC invocations=6 (full 0):
 PSYoungGen      total 131584K, used 3088K [0x00000000eb700000, 0x00000000f3d00000, 0x0000000100000000)
  eden space 126976K, 0% used [0x00000000eb700000,0x00000000eb700000,0x00000000f3300000)
  from space 4608K, 67% used [0x00000000f3880000,0x00000000f3b84010,0x00000000f3d00000)
  to   space 5120K, 0% used [0x00000000f3300000,0x00000000f3300000,0x00000000f3800000)
 ParOldGen       total 42496K, used 4339K [0x00000000c2400000, 0x00000000c4d80000, 0x00000000eb700000)
  object space 42496K, 10% used [0x00000000c2400000,0x00000000c283cc38,0x00000000c4d80000)
 Metaspace       used 8819K, capacity 9002K, committed 9216K, reserved 1056768K
  class space    used 929K, capacity 978K, committed 1024K, reserved 1048576K
}

Deoptimization events (10 events):
Event: 2.242 Thread 0x00007f106c00a000 Uncommon trap: reason=unstable_if action=reinterpret pc=0x00007f105d3c429c method=java.lang.CharacterDataLatin1.digit(II)I @ 82
Event: 2.404 Thread 0x00007f106cc2e800 Uncommon trap: reason=null_check action=make_not_entrant pc=0x00007f105d402638 method=java.lang.StringCoding.deref(Ljava/lang/ThreadLocal;)Ljava/lang/Object; @ 4
Event: 2.434 Thread 0x00007f106cc2e800 Uncommon trap: reason=unstable_if action=reinterpret pc=0x00007f105d1e5f80 method=java.util.HashMap.getNode(ILjava/lang/Object;)Ljava/util/HashMap$Node; @ 62
Event: 2.434 Thread 0x00007f106cc2e800 Uncommon trap: reason=unstable_if action=reinterpret pc=0x00007f105d1b4630 method=java.util.HashMap.putVal(ILjava/lang/Object;Ljava/lang/Object;ZZ)Ljava/lang/Object; @ 94
Event: 2.435 Thread 0x00007f106cc2e800 Uncommon trap: reason=unstable_if action=reinterpret pc=0x00007f105d1cc5a8 method=java.util.HashMap.getNode(ILjava/lang/Object;)Ljava/util/HashMap$Node; @ 62
Event: 2.527 Thread 0x00007f106cc2e800 Uncommon trap: reason=unstable_if action=reinterpret pc=0x00007f105d47cd70 method=sun.net.www.ParseUtil.encodePath(Ljava/lang/String;Z)Ljava/lang/String; @ 109
Event: 2.645 Thread 0x00007f106cc2e800 Uncommon trap: reason=bimorphic action=maybe_recompile pc=0x00007f105d4620d0 method=java.util.Hashtable.put(Ljava/lang/Object;Ljava/lang/Object;)Ljava/lang/Object; @ 18
Event: 2.646 Thread 0x00007f106cc2e800 Uncommon trap: reason=bimorphic action=maybe_recompile pc=0x00007f105d4620d0 method=java.util.Hashtable.put(Ljava/lang/Object;Ljava/lang/Object;)Ljava/lang/Object; @ 18
Event: 2.646 Thread 0x00007f106cc2e800 Uncommon trap: reason=bimorphic action=maybe_recompile pc=0x00007f105d4620d0 method=java.util.Hashtable.put(Ljava/lang/Object;Ljava/lang/Object;)Ljava/lang/Object; @ 18
Event: 2.647 Thread 0x00007f106cc2e800 Uncommon trap: reason=bimorphic action=maybe_recompile pc=0x00007f105d4620d0 method=java.util.Hashtable.put(Ljava/lang/Object;Ljava/lang/Object;)Ljava/lang/Object; @ 18

Internal exceptions (10 events):
Event: 0.314 Thread 0x00007f106c00a000 Exception <a 'java/security/PrivilegedActionException'> (0x00000000ebcddda8) thrown at [/build/openjdk-8-XBM715/openjdk-8-8u131-b11/src/hotspot/src/share/vm/prims/jvm.cpp, line 1390]
Event: 0.576 Thread 0x00007f106c00a000 Exception <a 'java/lang/NoClassDefFoundError': org/slf4j/Logger> (0x00000000ec2bbfd8) thrown at [/build/openjdk-8-XBM715/openjdk-8-8u131-b11/src/hotspot/src/share/vm/classfile/systemDictionary.cpp, line 199]
Event: 1.987 Thread 0x00007f106c00a000 Implicit null exception at 0x00007f105d1b6c18 to 0x00007f105d1b6ca6
Event: 2.131 Thread 0x00007f106c00a000 Exception <a 'java/io/FileNotFoundException'> (0x00000000ef54cf20) thrown at [/build/openjdk-8-XBM715/openjdk-8-8u131-b11/src/hotspot/src/share/vm/prims/jni.cpp, line 709]
Event: 2.222 Thread 0x00007f106c00a000 Exception <a 'java/lang/NoSuchFieldError': method resolution failed> (0x00000000ef908238) thrown at [/build/openjdk-8-XBM715/openjdk-8-8u131-b11/src/hotspot/src/share/vm/prims/methodHandles.cpp, line 1146]
Event: 2.224 Thread 0x00007f106c00a000 Exception <a 'java/lang/NoSuchFieldError': method resolution failed> (0x00000000ef9158f8) thrown at [/build/openjdk-8-XBM715/openjdk-8-8u131-b11/src/hotspot/src/share/vm/prims/methodHandles.cpp, line 1146]
Event: 2.245 Thread 0x00007f106c00a000 Exception <a 'java/io/FileNotFoundException'> (0x00000000ef98ed90) thrown at [/build/openjdk-8-XBM715/openjdk-8-8u131-b11/src/hotspot/src/share/vm/prims/jni.cpp, line 709]
Event: 2.311 Thread 0x00007f106c00a000 Exception <a 'sun/nio/fs/UnixException'> (0x00000000ef9cf428) thrown at [/build/openjdk-8-XBM715/openjdk-8-8u131-b11/src/hotspot/src/share/vm/prims/jni.cpp, line 709]
Event: 2.404 Thread 0x00007f106cc2e800 Implicit null exception at 0x00007f105d3ffeb4 to 0x00007f105d402615
Event: 2.652 Thread 0x00007f106cc2e800 Exception <a 'java/lang/NoClassDefFoundError': org/zeroturnaround/javarebel/ClassEventListener> (0x00000000f1300cc8) thrown at [/build/openjdk-8-XBM715/openjdk-8-8u131-b11/src/hotspot/src/share/vm/classfile/systemDictionary.cpp, line 199]

Events (10 events):
Event: 2.661 loading class java/util/regex/Pattern$CharPropertyNames$22
Event: 2.661 loading class java/util/regex/Pattern$CharPropertyNames$22 done
Event: 2.661 loading class java/util/regex/Pattern$CharPropertyNames$23
Event: 2.661 loading class java/util/regex/Pattern$CharPropertyNames$23 done
Event: 2.661 loading class java/util/regex/Pattern$Category
Event: 2.661 loading class java/util/regex/Pattern$Category done
Event: 2.661 loading class java/util/regex/Pattern$Loop
Event: 2.661 loading class java/util/regex/Pattern$Loop done
Event: 2.661 loading class java/util/regex/Pattern$Prolog
Event: 2.661 loading class java/util/regex/Pattern$Prolog done


Dynamic libraries:
c2400000-c4d80000 rw-p 00000000 00:00 0 
c4d80000-eb700000 ---p 00000000 00:00 0 
eb700000-f3d00000 rw-p 00000000 00:00 0 
f3d00000-100000000 ---p 00000000 00:00 0 
100000000-100240000 rw-p 00000000 00:00 0 
100240000-140000000 ---p 00000000 00:00 0 
55685c4b3000-55685c4b4000 r-xp 00000000 00:15 208716                     /usr/lib/jvm/java-8-openjdk-amd64/jre/bin/java
55685c6b3000-55685c6b4000 r--p 00000000 00:15 208716                     /usr/lib/jvm/java-8-openjdk-amd64/jre/bin/java
55685c6b4000-55685c6b5000 rw-p 00001000 00:15 208716                     /usr/lib/jvm/java-8-openjdk-amd64/jre/bin/java
55685cbac000-55685cbfa000 rw-p 00000000 00:00 0                          [heap]
7f101c000000-7f101c0f7000 rw-p 00000000 00:00 0 
7f101c0f7000-7f1020000000 ---p 00000000 00:00 0 
7f1020000000-7f1020021000 rw-p 00000000 00:00 0 
7f1020021000-7f1024000000 ---p 00000000 00:00 0 
7f1024000000-7f1024021000 rw-p 00000000 00:00 0 
7f1024021000-7f1028000000 ---p 00000000 00:00 0 
7f1028fff000-7f102c000000 rw-p 00000000 00:00 0 
7f102c000000-7f102c021000 rw-p 00000000 00:00 0 
7f102c021000-7f1030000000 ---p 00000000 00:00 0 
7f1030000000-7f1030021000 rw-p 00000000 00:00 0 
7f1030021000-7f1034000000 ---p 00000000 00:00 0 
7f1034000000-7f1034436000 rw-p 00000000 00:00 0 
7f1034436000-7f1038000000 ---p 00000000 00:00 0 
7f1038000000-7f1038021000 rw-p 00000000 00:00 0 
7f1038021000-7f103c000000 ---p 00000000 00:00 0 
7f103c000000-7f103c021000 rw-p 00000000 00:00 0 
7f103c021000-7f1040000000 ---p 00000000 00:00 0 
7f1040000000-7f1040550000 rw-p 00000000 00:00 0 
7f1040550000-7f1044000000 ---p 00000000 00:00 0 
7f1044000000-7f1044021000 rw-p 00000000 00:00 0 
7f1044021000-7f1048000000 ---p 00000000 00:00 0 
7f1048000000-7f1048021000 rw-p 00000000 00:00 0 
7f1048021000-7f104c000000 ---p 00000000 00:00 0 
7f104c000000-7f104c021000 rw-p 00000000 00:00 0 
7f104c021000-7f1050000000 ---p 00000000 00:00 0 
7f1050000000-7f1050021000 rw-p 00000000 00:00 0 
7f1050021000-7f1054000000 ---p 00000000 00:00 0 
7f1054591000-7f10545d1000 rw-p 00000000 00:00 0 
7f10545d1000-7f1054791000 ---p 00000000 00:00 0 
7f1054791000-7f1054794000 ---p 00000000 00:00 0 
7f1054794000-7f1054892000 rw-p 00000000 00:00 0 
7f1054892000-7f1054895000 ---p 00000000 00:00 0 
7f1054895000-7f1054993000 rw-p 00000000 00:00 0 
7f1054993000-7f1054996000 ---p 00000000 00:00 0 
7f1054996000-7f1054a94000 rw-p 00000000 00:00 0 
7f1054a94000-7f1054a97000 ---p 00000000 00:00 0 
7f1054a97000-7f1054b95000 rw-p 00000000 00:00 0 
7f1054b95000-7f1054b98000 ---p 00000000 00:00 0 
7f1054b98000-7f1054e96000 rw-p 00000000 00:00 0 
7f1054e96000-7f1054e99000 ---p 00000000 00:00 0 
7f1054e99000-7f1054f97000 rw-p 00000000 00:00 0 
7f1054f97000-7f1054f9a000 ---p 00000000 00:00 0 
7f1054f9a000-7f1055098000 rw-p 00000000 00:00 0 
7f1055098000-7f10550c8000 r-xp 00000000 00:15 66391                      /usr/lib/x86_64-linux-gnu/libpng16.so.16.28.0
7f10550c8000-7f10552c8000 ---p 00030000 00:15 66391                      /usr/lib/x86_64-linux-gnu/libpng16.so.16.28.0
7f10552c8000-7f10552c9000 r--p 00030000 00:15 66391                      /usr/lib/x86_64-linux-gnu/libpng16.so.16.28.0
7f10552c9000-7f10552ca000 rw-p 00031000 00:15 66391                      /usr/lib/x86_64-linux-gnu/libpng16.so.16.28.0
7f10552ca000-7f1055371000 r-xp 00000000 00:15 74588                      /usr/lib/x86_64-linux-gnu/libfreetype.so.6.12.3
7f1055371000-7f1055570000 ---p 000a7000 00:15 74588                      /usr/lib/x86_64-linux-gnu/libfreetype.so.6.12.3
7f1055570000-7f1055576000 r--p 000a6000 00:15 74588                      /usr/lib/x86_64-linux-gnu/libfreetype.so.6.12.3
7f1055576000-7f1055577000 rw-p 000ac000 00:15 74588                      /usr/lib/x86_64-linux-gnu/libfreetype.so.6.12.3
7f105557d000-7f10555cf000 r-xp 00000000 00:15 208736                     /usr/lib/jvm/java-8-openjdk-amd64/jre/lib/amd64/libfontmanager.so
7f10555cf000-7f10557cf000 ---p 00052000 00:15 208736                     /usr/lib/jvm/java-8-openjdk-amd64/jre/lib/amd64/libfontmanager.so
7f10557cf000-7f10557d1000 r--p 00052000 00:15 208736                     /usr/lib/jvm/java-8-openjdk-amd64/jre/lib/amd64/libfontmanager.so
7f10557d1000-7f10557d2000 rw-p 00054000 00:15 208736                     /usr/lib/jvm/java-8-openjdk-amd64/jre/lib/amd64/libfontmanager.so
7f10557d2000-7f10557d9000 r-xp 00000000 00:15 208733                     /usr/lib/jvm/java-8-openjdk-amd64/jre/lib/amd64/libawt_headless.so
7f10557d9000-7f10559d8000 ---p 00007000 00:15 208733                     /usr/lib/jvm/java-8-openjdk-amd64/jre/lib/amd64/libawt_headless.so
7f10559d8000-7f10559d9000 r--p 00006000 00:15 208733                     /usr/lib/jvm/java-8-openjdk-amd64/jre/lib/amd64/libawt_headless.so
7f10559d9000-7f10559da000 rw-p 00007000 00:15 208733                     /usr/lib/jvm/java-8-openjdk-amd64/jre/lib/amd64/libawt_headless.so
7f10559da000-7f1055bda000 rw-p 00000000 00:00 0 
7f1055bda000-7f1055c7a000 r-xp 00000000 00:15 208732                     /usr/lib/jvm/java-8-openjdk-amd64/jre/lib/amd64/libawt.so
7f1055c7a000-7f1055e79000 ---p 000a0000 00:15 208732                     /usr/lib/jvm/java-8-openjdk-amd64/jre/lib/amd64/libawt.so
7f1055e79000-7f1055e7a000 r--p 0009f000 00:15 208732                     /usr/lib/jvm/java-8-openjdk-amd64/jre/lib/amd64/libawt.so
7f1055e7a000-7f1055e85000 rw-p 000a0000 00:15 208732                     /usr/lib/jvm/java-8-openjdk-amd64/jre/lib/amd64/libawt.so
7f1055e85000-7f1055eaa000 rw-p 00000000 00:00 0 
7f1055eaa000-7f1055eaf000 r--s 002f9000 00:15 208766                     /usr/lib/jvm/java-8-openjdk-amd64/jre/lib/charsets.jar
7f1055eaf000-7f1055ec6000 r-xp 00000000 00:15 208754                     /usr/lib/jvm/java-8-openjdk-amd64/jre/lib/amd64/libnet.so
7f1055ec6000-7f10560c5000 ---p 00017000 00:15 208754                     /usr/lib/jvm/java-8-openjdk-amd64/jre/lib/amd64/libnet.so
7f10560c5000-7f10560c6000 r--p 00016000 00:15 208754                     /usr/lib/jvm/java-8-openjdk-amd64/jre/lib/amd64/libnet.so
7f10560c6000-7f10560c7000 rw-p 00017000 00:15 208754                     /usr/lib/jvm/java-8-openjdk-amd64/jre/lib/amd64/libnet.so
7f10560c7000-7f10560d8000 r-xp 00000000 00:15 208755                     /usr/lib/jvm/java-8-openjdk-amd64/jre/lib/amd64/libnio.so
7f10560d8000-7f10562d8000 ---p 00011000 00:15 208755                     /usr/lib/jvm/java-8-openjdk-amd64/jre/lib/amd64/libnio.so
7f10562d8000-7f10562d9000 r--p 00011000 00:15 208755                     /usr/lib/jvm/java-8-openjdk-amd64/jre/lib/amd64/libnio.so
7f10562d9000-7f10562da000 rw-p 00012000 00:15 208755                     /usr/lib/jvm/java-8-openjdk-amd64/jre/lib/amd64/libnio.so
7f10562da000-7f10564da000 rw-p 00000000 00:00 0 
7f10564da000-7f1056502000 r-xp 00000000 00:15 208759                     /usr/lib/jvm/java-8-openjdk-amd64/jre/lib/amd64/libsunec.so
7f1056502000-7f1056701000 ---p 00028000 00:15 208759                     /usr/lib/jvm/java-8-openjdk-amd64/jre/lib/amd64/libsunec.so
7f1056701000-7f1056705000 r--p 00027000 00:15 208759                     /usr/lib/jvm/java-8-openjdk-amd64/jre/lib/amd64/libsunec.so
7f1056705000-7f1056706000 rw-p 0002b000 00:15 208759                     /usr/lib/jvm/java-8-openjdk-amd64/jre/lib/amd64/libsunec.so
7f1056706000-7f1056906000 rw-p 00000000 00:00 0 
7f1056906000-7f1056909000 r--s 0001c000 00:15 210068                     /var/cache/jenkins/war/WEB-INF/lib/jtidy-4aug2000r7-dev-hudson-1.jar
7f1056909000-7f105690f000 r--s 0003e000 00:15 210067                     /var/cache/jenkins/war/WEB-INF/lib/stapler-adjunct-codemirror-1.3.jar
7f105690f000-7f1056913000 r--s 00031000 00:15 210066                     /var/cache/jenkins/war/WEB-INF/lib/jline-2.12.jar
7f1056913000-7f1056915000 r--s 0000e000 00:15 210065                     /var/cache/jenkins/war/WEB-INF/lib/oro-2.0.8.jar
7f1056915000-7f105691b000 r--s 00045000 00:15 210064                     /var/cache/jenkins/war/WEB-INF/lib/commons-httpclient-3.1.jar
7f105691b000-7f1056921000 r--s 00067000 00:15 210063                     /var/cache/jenkins/war/WEB-INF/lib/antlr-2.7.6.jar
7f1056921000-7f1056923000 r--s 00000000 00:15 210062                     /var/cache/jenkins/war/WEB-INF/lib/aopalliance-1.0.jar
7f1056923000-7f1056924000 r--s 00002000 00:15 210061                     /var/cache/jenkins/war/WEB-INF/lib/systemd-slave-installer-1.1.jar
7f1056924000-7f1056926000 r--s 00000000 00:15 210060                     /var/cache/jenkins/war/WEB-INF/lib/windows-package-checker-1.2.jar
7f1056926000-7f105692a000 r--s 00029000 00:15 210059                     /var/cache/jenkins/war/WEB-INF/lib/stapler-adjunct-timeline-1.5.jar
7f105692a000-7f105692b000 r--s 00003000 00:15 210058                     /var/cache/jenkins/war/WEB-INF/lib/annotation-indexer-1.11.jar
7f105692b000-7f105692c000 r--s 00001000 00:15 210057                     /var/cache/jenkins/war/WEB-INF/lib/embedded_su4j-1.1.jar
7f105692c000-7f105692e000 r--s 0001a000 00:15 210056                     /var/cache/jenkins/war/WEB-INF/lib/jansi-1.11.jar
7f105692e000-7f1056931000 r--s 0001b000 00:15 210055                     /var/cache/jenkins/war/WEB-INF/lib/xpp3-1.1.4c.jar
7f1056931000-7f1056932000 r--s 00001000 00:15 210054                     /var/cache/jenkins/war/WEB-INF/lib/trilead-putty-extension-1.2.jar
7f1056932000-7f10569a2000 r--s 00643000 00:15 210053                     /var/cache/jenkins/war/WEB-INF/lib/groovy-all-2.4.8.jar
7f10569a2000-7f10569a4000 r--s 00032000 00:15 210052                     /var/cache/jenkins/war/WEB-INF/lib/jquery-detached-1.2.1-core-assets.jar
7f10569a4000-7f10569b0000 r--s 00069000 00:15 210051                     /var/cache/jenkins/war/WEB-INF/lib/spring-context-2.5.6.SEC03.jar
7f10569b0000-7f10569b4000 r--s 0002a000 00:15 210050                     /var/cache/jenkins/war/WEB-INF/lib/commons-io-2.4.jar
7f10569b4000-7f10569b5000 r--s 00004000 00:15 210049                     /var/cache/jenkins/war/WEB-INF/lib/asm-analysis-4.0.jar
7f10569b5000-7f10569b7000 r--s 00008000 00:15 210048                     /var/cache/jenkins/war/WEB-INF/lib/asm-commons-4.0.jar
7f10569b7000-7f10569bb000 r--s 00014000 00:15 210047                     /var/cache/jenkins/war/WEB-INF/lib/spring-dao-1.2.9.jar
7f10569bb000-7f10569be000 r--s 00013000 00:15 210046                     /var/cache/jenkins/war/WEB-INF/lib/ezmorph-1.0.6.jar
7f10569be000-7f10569c0000 r--s 00005000 00:15 210045                     /var/cache/jenkins/war/WEB-INF/lib/sshd-1.11.jar
7f10569c0000-7f10569c1000 r--s 00000000 00:15 210044                     /var/cache/jenkins/war/WEB-INF/lib/javax.inject-1.jar
7f10569c1000-7f10569d5000 r--s 000ae000 00:15 210043                     /var/cache/jenkins/war/WEB-INF/lib/self-signed-cert-generator-1.0.0.jar
7f10569d5000-7f10569d7000 r--s 00008000 00:15 210042                     /var/cache/jenkins/war/WEB-INF/lib/asm-util-4.0.jar
7f10569d7000-7f10569d8000 r--s 00005000 00:15 210041                     /var/cache/jenkins/war/WEB-INF/lib/commons-jelly-tags-fmt-1.0.jar
7f10569d8000-7f10569de000 r--s 00049000 00:15 210040                     /var/cache/jenkins/war/WEB-INF/lib/trilead-ssh2-build-217-jenkins-11.jar
7f10569de000-7f10569e3000 r--s 00041000 00:15 210039                     /var/cache/jenkins/war/WEB-INF/lib/commons-lang-2.6.jar
7f10569e3000-7f10569e8000 r--s 0003a000 00:15 210038                     /var/cache/jenkins/war/WEB-INF/lib/dom4j-1.6.1-jenkins-4.jar
7f10569e8000-7f10569e9000 r--s 00004000 00:15 210037                     /var/cache/jenkins/war/WEB-INF/lib/stapler-adjunct-zeroclipboard-1.3.5-1.jar
7f10569e9000-7f10569f7000 r--s 00096000 00:15 210036                     /var/cache/jenkins/war/WEB-INF/lib/guice-4.0.jar
7f10569f7000-7f10569f9000 r--s 00004000 00:15 210035                     /var/cache/jenkins/war/WEB-INF/lib/stax-api-1.0-2.jar
7f10569f9000-7f10569fc000 r--s 0001a000 00:15 210034                     /var/cache/jenkins/war/WEB-INF/lib/j-interopdeps-2.0.6-kohsuke-1.jar
7f10569fc000-7f10569fe000 r--s 00006000 00:15 210033                     /var/cache/jenkins/war/WEB-INF/lib/slf4j-api-1.7.7.jar
7f10569fe000-7f1056a1c000 r--s 001bd000 00:15 210032                     /var/cache/jenkins/war/WEB-INF/lib/ant-1.8.4.jar
7f1056a1c000-7f1056a22000 r--s 00046000 00:15 210031                     /var/cache/jenkins/war/WEB-INF/lib/jcommon-1.0.12.jar
7f1056a22000-7f1056a27000 r--s 0002b000 00:15 210030                     /var/cache/jenkins/war/WEB-INF/lib/spring-web-2.5.6.SEC03.jar
7f1056a27000-7f1056a37000 r--s 0008e000 00:15 210029                     /var/cache/jenkins/war/WEB-INF/lib/jnr-ffi-1.0.7.jar
7f1056a37000-7f1056a39000 r--s 00010000 00:15 210028                     /var/cache/jenkins/war/WEB-INF/lib/cli-2.60.1.jar
7f1056a39000-7f1056a3b000 r--s 0005d000 00:15 210027                     /var/cache/jenkins/war/WEB-INF/lib/jffi-1.2.7-native.jar
7f1056a3b000-7f1056a44000 r--s 0005a000 00:15 210026                     /var/cache/jenkins/war/WEB-INF/lib/stapler-1.250.jar
7f1056a44000-7f1056a47000 r--s 00015000 00:15 210025                     /var/cache/jenkins/war/WEB-INF/lib/spring-context-support-2.5.6.SEC03.jar
7f1056a47000-7f1056a48000 r--s 00004000 00:15 210024                     /var/cache/jenkins/war/WEB-INF/lib/libpam4j-1.8.jar
7f1056a48000-7f1056a49000 r--s 00002000 00:15 210023                     /var/cache/jenkins/war/WEB-INF/lib/upstart-slave-installer-1.1.jar
7f1056a49000-7f1056a4c000 r--s 0000e000 00:15 210022                     /var/cache/jenkins/war/WEB-INF/lib/txw2-20110809.jar
7f1056a4c000-7f1056a4d000 r--s 00001000 00:15 210021                     /var/cache/jenkins/war/WEB-INF/lib/slf4j-jdk14-1.7.7.jar
7f1056a4d000-7f1056a53000 r--s 0007a000 00:15 210020                     /var/cache/jenkins/war/WEB-INF/lib/wstx-asl-3.2.9.jar
7f1056a53000-7f1056a62000 r--s 0012d000 00:15 210019                     /var/cache/jenkins/war/WEB-INF/lib/jfreechart-1.0.9.jar
7f1056a62000-7f1056a63000 r--s 00002000 00:15 210018                     /var/cache/jenkins/war/WEB-INF/lib/ssh-cli-auth-1.4.jar
7f1056a63000-7f1056a65000 r--s 00003000 00:15 210017                     /var/cache/jenkins/war/WEB-INF/lib/memory-monitor-1.9.jar
7f1056a65000-7f1056a66000 r--s 00001000 00:15 210016                     /var/cache/jenkins/war/WEB-INF/lib/access-modifier-annotation-1.4.jar
7f1056a66000-7f1056a67000 r--s 00003000 00:15 210015                     /var/cache/jenkins/war/WEB-INF/lib/constant-pool-scanner-1.2.jar
7f1056a67000-7f1056a69000 r--s 00003000 00:15 210014                     /var/cache/jenkins/war/WEB-INF/lib/tiger-types-2.2.jar
7f1056a69000-7f1056a6f000 r--s 00035000 00:15 210013                     /var/cache/jenkins/war/WEB-INF/lib/jaxen-1.1-beta-11.jar
7f1056a6f000-7f1056a70000 r--s 00000000 00:15 210012                     /var/cache/jenkins/war/WEB-INF/lib/symbol-annotation-1.1.jar
7f1056a70000-7f1056a72000 r--s 00003000 00:15 210011                     /var/cache/jenkins/war/WEB-INF/lib/jstl-1.1.0.jar
7f1056a72000-7f1056a77000 r--s 00034000 00:15 210010                     /var/cache/jenkins/war/WEB-INF/lib/commons-beanutils-1.8.3.jar
7f1056a77000-7f1056a7c000 r--s 00048000 00:15 210009                     /var/cache/jenkins/war/WEB-INF/lib/jnr-constants-0.8.5.jar
7f1056a7c000-7f1056a7e000 r--s 00010000 00:15 210008                     /var/cache/jenkins/war/WEB-INF/lib/jzlib-1.1.3-kohsuke-1.jar
7f1056a7e000-7f1056a81000 r--s 00033000 00:15 210007                     /var/cache/jenkins/war/WEB-INF/lib/jnr-x86asm-1.0.2.jar
7f1056a81000-7f1056a82000 r--s 00002000 00:15 210006                     /var/cache/jenkins/war/WEB-INF/lib/version-number-1.4.jar
7f1056a82000-7f1056a84000 r--s 00004000 00:15 210005                     /var/cache/jenkins/war/WEB-INF/lib/launchd-slave-installer-1.2.jar
7f1056a84000-7f1056a8a000 r--s 0002b000 00:15 210004                     /var/cache/jenkins/war/WEB-INF/lib/commons-digester-2.1.jar
7f1056a8a000-7f1056a8c000 r--s 00000000 00:15 210003                     /var/cache/jenkins/war/WEB-INF/lib/crypto-util-1.1.jar
7f1056a8c000-7f1056b84000 r--s 008e8000 00:15 210002                     /var/cache/jenkins/war/WEB-INF/lib/jenkins-core-2.60.1.jar
7f1056b84000-7f1056b86000 r--s 00004000 00:15 210001                     /var/cache/jenkins/war/WEB-INF/lib/instance-identity-2.1.jar
7f1056b86000-7f1056b94000 r--s 00075000 00:15 210000                     /var/cache/jenkins/war/WEB-INF/lib/xstream-1.4.7-jenkins-1.jar
7f1056b94000-7f1056b98000 r--s 00023000 00:15 209999                     /var/cache/jenkins/war/WEB-INF/lib/jnr-posix-3.0.1.jar
7f1056b98000-7f1056b9e000 r--s 00040000 00:15 209998                     /var/cache/jenkins/war/WEB-INF/lib/spring-core-2.5.6.SEC03.jar
7f1056b9e000-7f1056ba5000 r--s 0005b000 00:15 209997                     /var/cache/jenkins/war/WEB-INF/lib/jcifs-1.3.17-kohsuke-1.jar
7f1056ba5000-7f1056ba7000 r--s 00008000 00:15 209996                     /var/cache/jenkins/war/WEB-INF/lib/bytecode-compatibility-transformer-1.8.jar
7f1056ba7000-7f1056ba8000 r--s 00029000 00:15 209995                     /var/cache/jenkins/war/WEB-INF/lib/windows-slave-installer-1.9.jar
7f1056ba8000-7f1056baa000 r--s 0000e000 00:15 209994                     /var/cache/jenkins/war/WEB-INF/lib/eddsa-0.2.0.jar
7f1056baa000-7f1056bca000 r--s 00173000 00:15 209993                     /var/cache/jenkins/war/WEB-INF/lib/guava-11.0.1.jar
7f1056bca000-7f1056bcb000 r--s 00004000 00:15 209992                     /var/cache/jenkins/war/WEB-INF/lib/jbcrypt-1.0.0.jar
7f1056bcb000-7f1056bce000 r--s 0000e000 00:15 209991                     /var/cache/jenkins/war/WEB-INF/lib/libzfs-0.8.jar
7f1056bce000-7f1056bd0000 r--s 00003000 00:15 209990                     /var/cache/jenkins/war/WEB-INF/lib/icon-set-1.0.5.jar
7f1056bd0000-7f1056bd6000 r--s 0005a000 00:15 209989                     /var/cache/jenkins/war/WEB-INF/lib/jmdns-3.4.0-jenkins-3.jar
7f1056bd6000-7f1056bd8000 r--s 00007000 00:15 209988                     /var/cache/jenkins/war/WEB-INF/lib/winp-1.24.jar
7f1056bd8000-7f1056bdc000 r--s 00020000 00:15 209987                     /var/cache/jenkins/war/WEB-INF/lib/jffi-1.2.7.jar
7f1056bdc000-7f1056bdd000 r--s 00000000 00:15 209986                     /var/cache/jenkins/war/WEB-INF/lib/jquery-detached-1.2.jar
7f1056bdd000-7f1056be0000 r--s 00006000 00:15 209985                     /var/cache/jenkins/war/WEB-INF/lib/jsr305-1.3.9.jar
7f1056be0000-7f1056be1000 r--s 00004000 00:15 209984                     /var/cache/jenkins/war/WEB-INF/lib/relaxngDatatype-20020414.jar
7f1056be1000-7f1056beb000 r--s 0006e000 00:15 209983                     /var/cache/jenkins/war/WEB-INF/lib/spring-beans-2.5.6.SEC03.jar
7f1056beb000-7f1056bee000 r--s 00013000 00:15 209982                     /var/cache/jenkins/war/WEB-INF/lib/stapler-jelly-1.250.jar
7f1056bee000-7f1056bef000 r--s 00004000 00:15 209981                     /var/cache/jenkins/war/WEB-INF/lib/ant-launcher-1.8.4.jar
7f1056bef000-7f1056bf0000 r--s 00005000 00:15 209980                     /var/cache/jenkins/war/WEB-INF/lib/log4j-over-slf4j-1.7.7.jar
7f1056bf0000-7f1056bf2000 r--s 00004000 00:15 209979                     /var/cache/jenkins/war/WEB-INF/lib/commons-jelly-tags-define-1.0.1-hudson-20071021.jar
7f1056bf2000-7f1056bff000 r--s 00083000 00:15 209978                     /var/cache/jenkins/war/WEB-INF/lib/commons-collections-3.2.2.jar
7f1056bff000-7f1056c01000 r--s 00025000 00:15 209977                     /var/cache/jenkins/war/WEB-INF/lib/bootstrap-1.3.2-core-assets.jar
7f1056c01000-7f1056c05000 r--s 0001f000 00:15 209975                     /var/cache/jenkins/war/WEB-INF/lib/commons-jexl-1.1-jenkins-20111212.jar
7f1056c05000-7f1056c0c000 r--s 0005d000 00:15 209973                     /var/cache/jenkins/war/WEB-INF/lib/commons-compress-1.10.jar
7f1056c0c000-7f1056c0f000 ---p 00000000 00:00 0 
7f1056c0f000-7f1056d0d000 rw-p 00000000 00:00 0 
7f1056d0d000-7f1056d16000 r-xp 00000000 00:15 208752                     /usr/lib/jvm/java-8-openjdk-amd64/jre/lib/amd64/libmanagement.so
7f1056d16000-7f1056f15000 ---p 00009000 00:15 208752                     /usr/lib/jvm/java-8-openjdk-amd64/jre/lib/amd64/libmanagement.so
7f1056f15000-7f1056f16000 r--p 00008000 00:15 208752                     /usr/lib/jvm/java-8-openjdk-amd64/jre/lib/amd64/libmanagement.so
7f1056f16000-7f1056f17000 rw-p 00009000 00:15 208752                     /usr/lib/jvm/java-8-openjdk-amd64/jre/lib/amd64/libmanagement.so
7f1056f17000-7f1056f18000 ---p 00000000 00:00 0 
7f1056f18000-7f1057018000 rw-p 00000000 00:00 0 
7f1057018000-7f105701b000 ---p 00000000 00:00 0 
7f105701b000-7f1057119000 rw-p 00000000 00:00 0 
7f1057119000-7f105711c000 ---p 00000000 00:00 0 
7f105711c000-7f105721a000 rw-p 00000000 00:00 0 
7f105721a000-7f105721d000 ---p 00000000 00:00 0 
7f105721d000-7f105731b000 rw-p 00000000 00:00 0 
7f105731b000-7f105731e000 ---p 00000000 00:00 0 
7f105731e000-7f105741c000 rw-p 00000000 00:00 0 
7f105741c000-7f10576f7000 r--p 00000000 00:15 188719                     /usr/lib/locale/locale-archive
7f10576f7000-7f10576fa000 ---p 00000000 00:00 0 
7f10576fa000-7f10577f8000 rw-p 00000000 00:00 0 
7f10577f8000-7f10577fb000 ---p 00000000 00:00 0 
7f10577fb000-7f10578f9000 rw-p 00000000 00:00 0 
7f10578f9000-7f10578fa000 ---p 00000000 00:00 0 
7f10578fa000-7f1058000000 rw-p 00000000 00:00 0 
7f1058000000-7f1058021000 rw-p 00000000 00:00 0 
7f1058021000-7f105c000000 ---p 00000000 00:00 0 
7f105c000000-7f105c001000 r--s 00001000 00:15 209976                     /var/cache/jenkins/war/WEB-INF/lib/localizer-1.24.jar
7f105c001000-7f105c005000 r--s 00112000 00:15 209974                     /var/cache/jenkins/war/WEB-INF/lib/jna-4.2.1.jar
7f105c005000-7f105c007000 r--s 00007000 00:15 209972                     /var/cache/jenkins/war/WEB-INF/lib/stapler-groovy-1.250.jar
7f105c007000-7f105c00f000 r--s 00048000 00:15 209971                     /var/cache/jenkins/war/WEB-INF/lib/spring-aop-2.5.6.SEC03.jar
7f105c00f000-7f105c011000 r--s 0000f000 00:15 209970                     /var/cache/jenkins/war/WEB-INF/lib/handlebars-1.1.1-core-assets.jar
7f105c011000-7f105c013000 r--s 00008000 00:15 209969                     /var/cache/jenkins/war/WEB-INF/lib/commons-jelly-tags-xml-1.1.jar
7f105c013000-7f105c015000 r--s 00005000 00:15 209968                     /var/cache/jenkins/war/WEB-INF/lib/javax.annotation-api-1.2.jar
7f105c015000-7f105c017000 r--s 00003000 00:15 209967                     /var/cache/jenkins/war/WEB-INF/lib/jcl-over-slf4j-1.7.7.jar
7f105c017000-7f105c018000 r--s 00001000 00:15 209966                     /var/cache/jenkins/war/WEB-INF/lib/stapler-jrebel-1.250.jar
7f105c018000-7f105c01a000 r--s 00005000 00:15 209965                     /var/cache/jenkins/war/WEB-INF/lib/stax-api-1.0.1.jar
7f105c01a000-7f105c01c000 r--s 00000000 00:15 209964                     /var/cache/jenkins/war/WEB-INF/lib/robust-http-client-1.2.jar
7f105c01c000-7f105c01f000 r--s 00013000 00:15 209963                     /var/cache/jenkins/war/WEB-INF/lib/args4j-2.0.31.jar
7f105c01f000-7f105c026000 r--s 0003a000 00:15 209962                     /var/cache/jenkins/war/WEB-INF/lib/commons-codec-1.8.jar
7f105c026000-7f105c029000 r--s 00020000 00:15 209961                     /var/cache/jenkins/war/WEB-INF/lib/json-lib-2.4-jenkins-2.jar
7f105c029000-7f105c02a000 r--s 00006000 00:15 209960                     /var/cache/jenkins/war/WEB-INF/lib/sezpoz-1.12.jar
7f105c02a000-7f105c02c000 r--s 00004000 00:15 209959                     /var/cache/jenkins/war/WEB-INF/lib/asm-tree-4.0.jar
7f105c02c000-7f105c02d000 r--s 00004000 00:15 209958                     /var/cache/jenkins/war/WEB-INF/lib/task-reactor-1.4.jar
7f105c02d000-7f105c039000 r--s 000a4000 00:15 209956                     /var/cache/jenkins/war/WEB-INF/lib/remoting-3.7.jar
7f105c039000-7f105c03c000 r--s 00014000 00:15 209955                     /var/cache/jenkins/war/WEB-INF/lib/jna-posix-1.0.3-jenkins-1.jar
7f105c03c000-7f105c042000 r--s 00059000 00:15 209954                     /var/cache/jenkins/war/WEB-INF/lib/j-interop-2.0.6-kohsuke-1.jar
7f105c042000-7f105c04b000 r--s 0005a000 00:15 209953                     /var/cache/jenkins/war/WEB-INF/lib/spring-webmvc-2.5.6.SEC03.jar
7f105c04b000-7f105c04f000 r--s 00026000 00:15 209952                     /var/cache/jenkins/war/WEB-INF/lib/commons-jelly-1.1-jenkins-20120928.jar
7f105c04f000-7f105c054000 r--s 00058000 00:15 209951                     /var/cache/jenkins/war/WEB-INF/lib/asm5-5.0.1.jar
7f105c054000-7f105c05b000 r--s 00072000 00:15 209947                     /var/cache/jenkins/war/WEB-INF/lib/mail-1.4.4.jar
7f105c05b000-7f105c06a000 r--s 00095000 00:15 209946                     /var/cache/jenkins/war/WEB-INF/lib/sshd-core-0.14.0.jar
7f105c06a000-7f105c077000 r--s 00079000 00:15 209945                     /var/cache/jenkins/war/WEB-INF/lib/acegi-security-1.0.7.jar
7f105c077000-7f105c07c000 r--s 0009a000 00:15 208799                     /usr/lib/jvm/java-8-openjdk-amd64/jre/lib/jsse.jar
7f105c07c000-7f105c07e000 r--s 00010000 00:15 209957                     /var/cache/jenkins/war/WEB-INF/lib/activation-1.1.1-hudson-1.jar
7f105c07e000-7f105c07f000 r--s 00000000 00:15 209950                     /var/cache/jenkins/war/WEB-INF/lib/bridge-method-annotation-1.13.jar
7f105c07f000-7f105c081000 r--s 0000f000 00:15 209948                     /var/cache/jenkins/war/WEB-INF/lib/commons-fileupload-1.3.1-jenkins-1.jar
7f105c081000-7f105c083000 r--s 0000a000 00:15 209944                     /var/cache/jenkins/war/WEB-INF/lib/asm-4.0.jar
7f105c083000-7f105c088000 r--s 00029000 00:15 209943                     /var/cache/jenkins/war/WEB-INF/lib/spring-jdbc-1.2.9.jar
7f105c088000-7f105c08b000 r--s 00010000 00:15 209942                     /var/cache/jenkins/war/WEB-INF/lib/commons-discovery-0.4.jar
7f105c08b000-7f105c0ac000 r--s 001db000 00:15 210610                     /tmp/winstone5516888203275023516.jar
7f105c0ac000-7f105c0af000 r--s 00015000 00:15 208797                     /usr/lib/jvm/java-8-openjdk-amd64/jre/lib/jce.jar
7f105c0af000-7f105c0ca000 r--s 0433d000 00:15 201950                     /usr/share/jenkins/jenkins.war
7f105c0ca000-7f105c0ce000 r--s 00037000 00:15 208784                     /usr/lib/jvm/java-8-openjdk-amd64/jre/lib/ext/sunpkcs11.jar
7f105c0ce000-7f105c0e9000 r--s 001d6000 00:15 208781                     /usr/lib/jvm/java-8-openjdk-amd64/jre/lib/ext/nashorn.jar
7f105c0e9000-7f105c0f3000 r--s 00116000 00:15 208780                     /usr/lib/jvm/java-8-openjdk-amd64/jre/lib/ext/localedata.jar
7f105c0f3000-7f105c443000 rw-p 00000000 00:00 0 
7f105c443000-7f105c612000 r--s 03c07000 00:15 208805                     /usr/lib/jvm/java-8-openjdk-amd64/jre/lib/rt.jar
7f105c612000-7f105d000000 rw-p 00000000 00:00 0 
7f105d000000-7f105d4d0000 rwxp 00000000 00:00 0 
7f105d4d0000-7f106c000000 ---p 00000000 00:00 0 
7f106c000000-7f106ccc3000 rw-p 00000000 00:00 0 
7f106ccc3000-7f1070000000 ---p 00000000 00:00 0 
7f1070000000-7f1070002000 r--s 00005000 00:15 209941                     /var/cache/jenkins/war/WEB-INF/lib/slave-installer-1.5.jar
7f1070002000-7f1070007000 r--s 0003b000 00:15 208783                     /usr/lib/jvm/java-8-openjdk-amd64/jre/lib/ext/sunjce_provider.jar
7f1070007000-7f1070009000 r--s 00008000 00:15 208782                     /usr/lib/jvm/java-8-openjdk-amd64/jre/lib/ext/sunec.jar
7f1070009000-7f1070024000 r--s 00394000 00:15 208776                     /usr/lib/jvm/java-8-openjdk-amd64/jre/lib/ext/cldrdata.jar
7f1070024000-7f1071f04000 rw-p 00000000 00:00 0 
7f1071f04000-7f1071f05000 ---p 00000000 00:00 0 
7f1071f05000-7f1072005000 rw-p 00000000 00:00 0 
7f1072005000-7f1072006000 ---p 00000000 00:00 0 
7f1072006000-7f107211b000 rw-p 00000000 00:00 0 
7f107211b000-7f1072250000 ---p 00000000 00:00 0 
7f1072250000-7f1072265000 rw-p 00000000 00:00 0 
7f1072265000-7f1072399000 ---p 00000000 00:00 0 
7f1072399000-7f10723dd000 rw-p 00000000 00:00 0 
7f10723dd000-7f107243e000 ---p 00000000 00:00 0 
7f107243e000-7f1072453000 rw-p 00000000 00:00 0 
7f1072453000-7f10727ff000 ---p 00000000 00:00 0 
7f10727ff000-7f1072807000 r-xp 00000000 00:15 208762                     /usr/lib/jvm/java-8-openjdk-amd64/jre/lib/amd64/libzip.so
7f1072807000-7f1072a06000 ---p 00008000 00:15 208762                     /usr/lib/jvm/java-8-openjdk-amd64/jre/lib/amd64/libzip.so
7f1072a06000-7f1072a07000 r--p 00007000 00:15 208762                     /usr/lib/jvm/java-8-openjdk-amd64/jre/lib/amd64/libzip.so
7f1072a07000-7f1072a08000 rw-p 00008000 00:15 208762                     /usr/lib/jvm/java-8-openjdk-amd64/jre/lib/amd64/libzip.so
7f1072a08000-7f1072a13000 r-xp 00000000 00:15 143342                     /lib/x86_64-linux-gnu/libnss_files-2.24.so
7f1072a13000-7f1072c12000 ---p 0000b000 00:15 143342                     /lib/x86_64-linux-gnu/libnss_files-2.24.so
7f1072c12000-7f1072c13000 r--p 0000a000 00:15 143342                     /lib/x86_64-linux-gnu/libnss_files-2.24.so
7f1072c13000-7f1072c14000 rw-p 0000b000 00:15 143342                     /lib/x86_64-linux-gnu/libnss_files-2.24.so
7f1072c14000-7f1072c1a000 rw-p 00000000 00:00 0 
7f1072c1a000-7f1072c25000 r-xp 00000000 00:15 143344                     /lib/x86_64-linux-gnu/libnss_nis-2.24.so
7f1072c25000-7f1072e24000 ---p 0000b000 00:15 143344                     /lib/x86_64-linux-gnu/libnss_nis-2.24.so
7f1072e24000-7f1072e25000 r--p 0000a000 00:15 143344                     /lib/x86_64-linux-gnu/libnss_nis-2.24.so
7f1072e25000-7f1072e26000 rw-p 0000b000 00:15 143344                     /lib/x86_64-linux-gnu/libnss_nis-2.24.so
7f1072e26000-7f1072e3c000 r-xp 00000000 00:15 143339                     /lib/x86_64-linux-gnu/libnsl-2.24.so
7f1072e3c000-7f107303b000 ---p 00016000 00:15 143339                     /lib/x86_64-linux-gnu/libnsl-2.24.so
7f107303b000-7f107303c000 r--p 00015000 00:15 143339                     /lib/x86_64-linux-gnu/libnsl-2.24.so
7f107303c000-7f107303d000 rw-p 00016000 00:15 143339                     /lib/x86_64-linux-gnu/libnsl-2.24.so
7f107303d000-7f107303f000 rw-p 00000000 00:00 0 
7f107303f000-7f1073047000 r-xp 00000000 00:15 143340                     /lib/x86_64-linux-gnu/libnss_compat-2.24.so
7f1073047000-7f1073246000 ---p 00008000 00:15 143340                     /lib/x86_64-linux-gnu/libnss_compat-2.24.so
7f1073246000-7f1073247000 r--p 00007000 00:15 143340                     /lib/x86_64-linux-gnu/libnss_compat-2.24.so
7f1073247000-7f1073248000 rw-p 00008000 00:15 143340                     /lib/x86_64-linux-gnu/libnss_compat-2.24.so
7f1073248000-7f1073275000 r-xp 00000000 00:15 208743                     /usr/lib/jvm/java-8-openjdk-amd64/jre/lib/amd64/libjava.so
7f1073275000-7f1073474000 ---p 0002d000 00:15 208743                     /usr/lib/jvm/java-8-openjdk-amd64/jre/lib/amd64/libjava.so
7f1073474000-7f1073475000 r--p 0002c000 00:15 208743                     /usr/lib/jvm/java-8-openjdk-amd64/jre/lib/amd64/libjava.so
7f1073475000-7f1073477000 rw-p 0002d000 00:15 208743                     /usr/lib/jvm/java-8-openjdk-amd64/jre/lib/amd64/libjava.so
7f1073477000-7f1073486000 r-xp 00000000 00:15 208761                     /usr/lib/jvm/java-8-openjdk-amd64/jre/lib/amd64/libverify.so
7f1073486000-7f1073685000 ---p 0000f000 00:15 208761                     /usr/lib/jvm/java-8-openjdk-amd64/jre/lib/amd64/libverify.so
7f1073685000-7f1073687000 r--p 0000e000 00:15 208761                     /usr/lib/jvm/java-8-openjdk-amd64/jre/lib/amd64/libverify.so
7f1073687000-7f1073688000 rw-p 00010000 00:15 208761                     /usr/lib/jvm/java-8-openjdk-amd64/jre/lib/amd64/libverify.so
7f1073688000-7f107368f000 r-xp 00000000 00:15 143349                     /lib/x86_64-linux-gnu/librt-2.24.so
7f107368f000-7f107388e000 ---p 00007000 00:15 143349                     /lib/x86_64-linux-gnu/librt-2.24.so
7f107388e000-7f107388f000 r--p 00006000 00:15 143349                     /lib/x86_64-linux-gnu/librt-2.24.so
7f107388f000-7f1073890000 rw-p 00007000 00:15 143349                     /lib/x86_64-linux-gnu/librt-2.24.so
7f1073890000-7f10738a6000 r-xp 00000000 00:15 1436                       /lib/x86_64-linux-gnu/libgcc_s.so.1
7f10738a6000-7f1073aa5000 ---p 00016000 00:15 1436                       /lib/x86_64-linux-gnu/libgcc_s.so.1
7f1073aa5000-7f1073aa6000 r--p 00015000 00:15 1436                       /lib/x86_64-linux-gnu/libgcc_s.so.1
7f1073aa6000-7f1073aa7000 rw-p 00016000 00:15 1436                       /lib/x86_64-linux-gnu/libgcc_s.so.1
7f1073aa7000-7f1073baf000 r-xp 00000000 00:15 143336                     /lib/x86_64-linux-gnu/libm-2.24.so
7f1073baf000-7f1073dae000 ---p 00108000 00:15 143336                     /lib/x86_64-linux-gnu/libm-2.24.so
7f1073dae000-7f1073daf000 r--p 00107000 00:15 143336                     /lib/x86_64-linux-gnu/libm-2.24.so
7f1073daf000-7f1073db0000 rw-p 00108000 00:15 143336                     /lib/x86_64-linux-gnu/libm-2.24.so
7f1073db0000-7f1073f29000 r-xp 00000000 00:15 4171                       /usr/lib/x86_64-linux-gnu/libstdc++.so.6.0.22
7f1073f29000-7f1074128000 ---p 00179000 00:15 4171                       /usr/lib/x86_64-linux-gnu/libstdc++.so.6.0.22
7f1074128000-7f1074132000 r--p 00178000 00:15 4171                       /usr/lib/x86_64-linux-gnu/libstdc++.so.6.0.22
7f1074132000-7f1074134000 rw-p 00182000 00:15 4171                       /usr/lib/x86_64-linux-gnu/libstdc++.so.6.0.22
7f1074134000-7f1074138000 rw-p 00000000 00:00 0 
7f1074138000-7f1074d8e000 r-xp 00000000 00:15 208765                     /usr/lib/jvm/java-8-openjdk-amd64/jre/lib/amd64/server/libjvm.so
7f1074d8e000-7f1074f8e000 ---p 00c56000 00:15 208765                     /usr/lib/jvm/java-8-openjdk-amd64/jre/lib/amd64/server/libjvm.so
7f1074f8e000-7f1075021000 r--p 00c56000 00:15 208765                     /usr/lib/jvm/java-8-openjdk-amd64/jre/lib/amd64/server/libjvm.so
7f1075021000-7f107504a000 rw-p 00ce9000 00:15 208765                     /usr/lib/jvm/java-8-openjdk-amd64/jre/lib/amd64/server/libjvm.so
7f107504a000-7f107507a000 rw-p 00000000 00:00 0 
7f107507a000-7f1075092000 r-xp 00000000 00:15 143347                     /lib/x86_64-linux-gnu/libpthread-2.24.so
7f1075092000-7f1075292000 ---p 00018000 00:15 143347                     /lib/x86_64-linux-gnu/libpthread-2.24.so
7f1075292000-7f1075293000 r--p 00018000 00:15 143347                     /lib/x86_64-linux-gnu/libpthread-2.24.so
7f1075293000-7f1075294000 rw-p 00019000 00:15 143347                     /lib/x86_64-linux-gnu/libpthread-2.24.so
7f1075294000-7f1075298000 rw-p 00000000 00:00 0 
7f1075298000-7f107529b000 r-xp 00000000 00:15 143335                     /lib/x86_64-linux-gnu/libdl-2.24.so
7f107529b000-7f107549a000 ---p 00003000 00:15 143335                     /lib/x86_64-linux-gnu/libdl-2.24.so
7f107549a000-7f107549b000 r--p 00002000 00:15 143335                     /lib/x86_64-linux-gnu/libdl-2.24.so
7f107549b000-7f107549c000 rw-p 00003000 00:15 143335                     /lib/x86_64-linux-gnu/libdl-2.24.so
7f107549c000-7f10754b7000 r-xp 00000000 00:15 1527                       /lib/x86_64-linux-gnu/libz.so.1.2.11
7f10754b7000-7f10756b6000 ---p 0001b000 00:15 1527                       /lib/x86_64-linux-gnu/libz.so.1.2.11
7f10756b6000-7f10756b7000 r--p 0001a000 00:15 1527                       /lib/x86_64-linux-gnu/libz.so.1.2.11
7f10756b7000-7f10756b8000 rw-p 0001b000 00:15 1527                       /lib/x86_64-linux-gnu/libz.so.1.2.11
7f10756b8000-7f1075876000 r-xp 00000000 00:15 143332                     /lib/x86_64-linux-gnu/libc-2.24.so
7f1075876000-7f1075a75000 ---p 001be000 00:15 143332                     /lib/x86_64-linux-gnu/libc-2.24.so
7f1075a75000-7f1075a79000 r--p 001bd000 00:15 143332                     /lib/x86_64-linux-gnu/libc-2.24.so
7f1075a79000-7f1075a7b000 rw-p 001c1000 00:15 143332                     /lib/x86_64-linux-gnu/libc-2.24.so
7f1075a7b000-7f1075a7f000 rw-p 00000000 00:00 0 
7f1075a7f000-7f1075a8c000 r-xp 00000000 00:15 208729                     /usr/lib/jvm/java-8-openjdk-amd64/jre/lib/amd64/jli/libjli.so
7f1075a8c000-7f1075c8c000 ---p 0000d000 00:15 208729                     /usr/lib/jvm/java-8-openjdk-amd64/jre/lib/amd64/jli/libjli.so
7f1075c8c000-7f1075c8d000 r--p 0000d000 00:15 208729                     /usr/lib/jvm/java-8-openjdk-amd64/jre/lib/amd64/jli/libjli.so
7f1075c8d000-7f1075c8e000 rw-p 0000e000 00:15 208729                     /usr/lib/jvm/java-8-openjdk-amd64/jre/lib/amd64/jli/libjli.so
7f1075c8e000-7f1075cb4000 r-xp 00000000 00:15 143328                     /lib/x86_64-linux-gnu/ld-2.24.so
7f1075cb4000-7f1075cb5000 r--s 00004000 00:15 209949                     /var/cache/jenkins/war/WEB-INF/lib/akuma-1.10.jar
7f1075cb5000-7f1075cb8000 r--s 0000f000 00:15 208778                     /usr/lib/jvm/java-8-openjdk-amd64/jre/lib/ext/icedtea-sound.jar
7f1075cb8000-7f1075d9d000 rw-p 00000000 00:00 0 
7f1075d9d000-7f1075da5000 rw-s 00000000 00:15 210609                     /tmp/hsperfdata_jenkins/3375
7f1075da5000-7f1075da8000 ---p 00000000 00:00 0 
7f1075da8000-7f1075eaa000 rw-p 00000000 00:00 0 
7f1075eaa000-7f1075eab000 r--s 00010000 00:15 208785                     /usr/lib/jvm/java-8-openjdk-amd64/jre/lib/ext/zipfs.jar
7f1075eab000-7f1075eac000 r--s 0000a000 00:15 208779                     /usr/lib/jvm/java-8-openjdk-amd64/jre/lib/ext/jaccess.jar
7f1075eac000-7f1075eae000 r--s 00001000 00:15 208777                     /usr/lib/jvm/java-8-openjdk-amd64/jre/lib/ext/dnsns.jar
7f1075eae000-7f1075eaf000 rw-p 00000000 00:00 0 
7f1075eaf000-7f1075eb0000 r--p 00000000 00:00 0 
7f1075eb0000-7f1075eb3000 rw-p 00000000 00:00 0 
7f1075eb3000-7f1075eb4000 r--p 00025000 00:15 143328                     /lib/x86_64-linux-gnu/ld-2.24.so
7f1075eb4000-7f1075eb5000 rw-p 00026000 00:15 143328                     /lib/x86_64-linux-gnu/ld-2.24.so
7f1075eb5000-7f1075eb6000 rw-p 00000000 00:00 0 
7ffcf1cf6000-7ffcf1d17000 rw-p 00000000 00:00 0                          [stack]
7ffcf1d83000-7ffcf1d85000 r--p 00000000 00:00 0                          [vvar]
7ffcf1d85000-7ffcf1d87000 r-xp 00000000 00:00 0                          [vdso]
ffffffffff600000-ffffffffff601000 r-xp 00000000 00:00 0                  [vsyscall]

VM Arguments:
jvm_args: -Djava.awt.headless=true 
java_command: /usr/share/jenkins/jenkins.war --webroot=/var/cache/jenkins/war --httpPort=8080
java_class_path (initial): /usr/share/jenkins/jenkins.war
Launcher Type: SUN_STANDARD

Environment Variables:
PATH=/usr/local/bin:/usr/bin:/bin:/usr/local/games:/usr/games
SHELL=/bin/bash

Signal Handlers:
SIGSEGV: [libjvm.so+0xa6d630], sa_mask[0]=11111111011111111101111111111110, sa_flags=SA_RESTART|SA_SIGINFO
SIGBUS: [libjvm.so+0xa6d630], sa_mask[0]=11111111011111111101111111111110, sa_flags=SA_RESTART|SA_SIGINFO
SIGFPE: [libjvm.so+0x8b7230], sa_mask[0]=11111111011111111101111111111110, sa_flags=SA_RESTART|SA_SIGINFO
SIGPIPE: [libjvm.so+0x8b7230], sa_mask[0]=11111111011111111101111111111110, sa_flags=SA_RESTART|SA_SIGINFO
SIGXFSZ: [libjvm.so+0x8b7230], sa_mask[0]=11111111011111111101111111111110, sa_flags=SA_RESTART|SA_SIGINFO
SIGILL: [libjvm.so+0x8b7230], sa_mask[0]=11111111011111111101111111111110, sa_flags=SA_RESTART|SA_SIGINFO
SIGUSR1: SIG_DFL, sa_mask[0]=00000000000000000000000000000000, sa_flags=none
SIGUSR2: [libjvm.so+0x8b70e0], sa_mask[0]=00000000000000000000000000000000, sa_flags=SA_RESTART|SA_SIGINFO
SIGHUP: SIG_IGN, sa_mask[0]=00000000000000000000000000000000, sa_flags=none
SIGINT: [libjvm.so+0x8b7590], sa_mask[0]=11111111011111111101111111111110, sa_flags=SA_RESTART|SA_SIGINFO
SIGTERM: [libjvm.so+0x8b7590], sa_mask[0]=11111111011111111101111111111110, sa_flags=SA_RESTART|SA_SIGINFO
SIGQUIT: [libjvm.so+0x8b7590], sa_mask[0]=11111111011111111101111111111110, sa_flags=SA_RESTART|SA_SIGINFO


---------------  S Y S T E M  ---------------

OS:DISTRIB_ID=Ubuntu
DISTRIB_RELEASE=17.04
DISTRIB_CODENAME=zesty
DISTRIB_DESCRIPTION="Ubuntu 17.04"

uname:Linux 4.10.0-26-generic #30-Ubuntu SMP Tue Jun 27 09:30:12 UTC 2017 x86_64
libc:glibc 2.24 NPTL 2.24 
rlimit: STACK 8192k, CORE 0k, NPROC 15631, NOFILE 1048576, AS infinity
load average:0.03 0.11 0.06

/proc/meminfo:
MemTotal:        4043424 kB
MemFree:         2828596 kB
MemAvailable:    3582492 kB
Buffers:            2100 kB
Cached:           952080 kB
SwapCached:            0 kB
Active:           783236 kB
Inactive:         345288 kB
Active(anon):     176016 kB
Inactive(anon):     4540 kB
Active(file):     607220 kB
Inactive(file):   340748 kB
Unevictable:           0 kB
Mlocked:               0 kB
SwapTotal:       2021704 kB
SwapFree:        2021704 kB
Dirty:               228 kB
Writeback:             0 kB
AnonPages:        174344 kB
Mapped:            40196 kB
Shmem:              6212 kB
Slab:              41996 kB
SReclaimable:      24260 kB
SUnreclaim:        17736 kB
KernelStack:        2688 kB
PageTables:         3348 kB
NFS_Unstable:          0 kB
Bounce:                0 kB
WritebackTmp:          0 kB
CommitLimit:     4043416 kB
Committed_AS:     409960 kB
VmallocTotal:   34359738367 kB
VmallocUsed:           0 kB
VmallocChunk:          0 kB
HardwareCorrupted:     0 kB
AnonHugePages:     81920 kB
ShmemHugePages:        0 kB
ShmemPmdMapped:        0 kB
CmaTotal:              0 kB
CmaFree:               0 kB
HugePages_Total:       0
HugePages_Free:        0
HugePages_Rsvd:        0
HugePages_Surp:        0
Hugepagesize:       2048 kB
DirectMap4k:       80832 kB
DirectMap2M:     4112384 kB


CPU:total 2 (initial active 2) (2 cores per cpu, 1 threads per core) family 6 model 15 stepping 6, cmov, cx8, fxsr, mmx, sse, sse2, sse3, ssse3, tsc

/proc/cpuinfo:
processor	: 0
vendor_id	: GenuineIntel
cpu family	: 6
model		: 15
model name	: Intel(R) Core(TM)2 CPU          6600  @ 2.40GHz
stepping	: 6
microcode	: 0x44
cpu MHz		: 2400.000
cache size	: 4096 KB
physical id	: 0
siblings	: 2
core id		: 0
cpu cores	: 2
apicid		: 0
initial apicid	: 0
fpu		: yes
fpu_exception	: yes
cpuid level	: 10
wp		: yes
flags		: fpu vme de pse tsc msr pae mce cx8 apic sep mtrr pge mca cmov pat pse36 clflush dts acpi mmx fxsr sse sse2 ss ht tm pbe syscall nx lm constant_tsc arch_perfmon pebs bts rep_good nopl aperfmperf pni dtes64 monitor ds_cpl vmx est tm2 ssse3 cx16 xtpr pdcm lahf_lm tpr_shadow dtherm
bugs		:
bogomips	: 4799.81
clflush size	: 64
cache_alignment	: 64
address sizes	: 36 bits physical, 48 bits virtual
power management:

processor	: 1
vendor_id	: GenuineIntel
cpu family	: 6
model		: 15
model name	: Intel(R) Core(TM)2 CPU          6600  @ 2.40GHz
stepping	: 6
microcode	: 0x44
cpu MHz		: 2400.000
cache size	: 4096 KB
physical id	: 0
siblings	: 2
core id		: 1
cpu cores	: 2
apicid		: 1
initial apicid	: 1
fpu		: yes
fpu_exception	: yes
cpuid level	: 10
wp		: yes
flags		: fpu vme de pse tsc msr pae mce cx8 apic sep mtrr pge mca cmov pat pse36 clflush dts acpi mmx fxsr sse sse2 ss ht tm pbe syscall nx lm constant_tsc arch_perfmon pebs bts rep_good nopl aperfmperf pni dtes64 monitor ds_cpl vmx est tm2 ssse3 cx16 xtpr pdcm lahf_lm tpr_shadow dtherm
bugs		:
bogomips	: 4799.81
clflush size	: 64
cache_alignment	: 64
address sizes	: 36 bits physical, 48 bits virtual
power management:



Memory: 4k page, physical 4043424k(2828596k free), swap 2021704k(2021704k free)

vm_info: OpenJDK 64-Bit Server VM (25.131-b11) for linux-amd64 JRE (1.8.0_131-8u131-b11-0ubuntu1.17.04.1-b11), built on May  2 2017 02:51:42 by "buildd" with gcc 6.3.0 20170406

time: Fri Jul 14 12:42:51 2017
elapsed time: 2 seconds (0d 0h 0m 2s)

