Running from: C:\Jenkins\jenkins.war
webroot: EnvVars.masterEnvVars.get("JENKINS_HOME")
Jenkins home directory: C:\Jenkins found at: EnvVars.masterEnvVars.get("JENKINS_HOME")
#
# A fatal error has been detected by the Java Runtime Environment:
#
#  EXCEPTION_ACCESS_VIOLATION (0xc0000005) at pc=0x7774df85, pid=4968, tid=1156
#
# JRE version: 6.0_26-b03
# Java VM: Java HotSpot(TM) Client VM (20.1-b02 mixed mode windows-x86 )
# Problematic frame:
# C  [ntdll.dll+0x2df85]
#
# An error report file with more information is saved as:
# C:\Jenkins\hs_err_pid4968.log
#
# If you would like to submit a bug report, please visit:
#   http://java.sun.com/webapps/bugreport/crash.jsp
# The crash happened outside the Java Virtual Machine in native code.
# See problematic frame for where to report the bug.
#

[error occurred during error reporting , id 0xc0000005]

