Started by user User
[EnvInject] - Loading node environment variables.
[jdk-7u71] $ sh -e /mnt/.jenkins/tools/hudson.model.JDK/jdk-7u71/hudson6777371686578570379.sh
Building remotely on slave (i-2dbbefdd) (build) in workspace /mnt/.jenkins/workspace/asf-webapp/dev-build
[jdk-7u71] $ sh -e /mnt/.jenkins/tools/hudson.model.JDK/jdk-7u71/hudson2730557986156309107.sh
[git] $ sh -e /mnt/.jenkins/tools/git/hudson9041822264934765499.sh
Package git-1.7.1-3.el6_4.1.x86_64 already installed and latest version
FATAL: java.io.IOException: Remote call on slave (i-2dbbefdd) failed
hudson.remoting.RemotingSystemException: java.io.IOException: Remote call on slave (i-2dbbefdd) failed
  at hudson.remoting.RemoteInvocationHandler.invoke(RemoteInvocationHandler.java:189)
  at com.sun.proxy.$Proxy50.addCredentials(Unknown Source)
  at org.jenkinsci.plugins.gitclient.RemoteGitImpl.addCredentials(RemoteGitImpl.java:197)
  at hudson.plugins.git.GitSCM.createClient(GitSCM.java:662)
  at hudson.plugins.git.GitSCM.createClient(GitSCM.java:638)
  at hudson.plugins.git.GitSCM.checkout(GitSCM.java:978)
  at hudson.scm.SCM.checkout(SCM.java:488)
  at hudson.model.AbstractProject.checkout(AbstractProject.java:1257)
  at hudson.model.AbstractBuild$AbstractBuildExecution.defaultCheckout(AbstractBuild.java:622)
  at jenkins.scm.SCMCheckoutStrategy.checkout(SCMCheckoutStrategy.java:86)
  at hudson.model.AbstractBuild$AbstractBuildExecution.run(AbstractBuild.java:528)
  at hudson.model.Run.execute(Run.java:1745)
  at hudson.model.FreeStyleBuild.run(FreeStyleBuild.java:43)
  at hudson.model.ResourceController.execute(ResourceController.java:89)
  at hudson.model.Executor.run(Executor.java:240)
Caused by: java.io.IOException: Remote call on slave (i-2dbbefdd) failed
  at hudson.remoting.Channel.call(Channel.java:760)
  at hudson.remoting.RemoteInvocationHandler.invoke(RemoteInvocationHandler.java:173)
  ... 14 more
Caused by: java.lang.LinkageError: Failed to load org.kohsuke.stapler.Stapler
  at hudson.remoting.RemoteClassLoader.loadClassFile(RemoteClassLoader.java:327)
  at hudson.remoting.RemoteClassLoader.findClass(RemoteClassLoader.java:237)
  at java.lang.ClassLoader.loadClass(ClassLoader.java:321)
  at java.lang.ClassLoader.loadClass(ClassLoader.java:266)
  at hudson.util.Secret.<clinit>(Secret.java:239)
  at sun.misc.Unsafe.ensureClassInitialized(Native Method)
  at sun.reflect.UnsafeFieldAccessorFactory.newFieldAccessor(UnsafeFieldAccessorFactory.java:43)
  at sun.reflect.ReflectionFactory.newFieldAccessor(ReflectionFactory.java:140)
  at java.lang.reflect.Field.acquireFieldAccessor(Field.java:936)
  at java.lang.reflect.Field.getFieldAccessor(Field.java:917)
  at java.lang.reflect.Field.getLong(Field.java:546)
  at java.io.ObjectStreamClass.getDeclaredSUID(ObjectStreamClass.java:1628)
  at java.io.ObjectStreamClass.access$700(ObjectStreamClass.java:69)
  at java.io.ObjectStreamClass$2.run(ObjectStreamClass.java:442)
  at java.security.AccessController.doPrivileged(Native Method)
  at java.io.ObjectStreamClass.<init>(ObjectStreamClass.java:430)
  at java.io.ObjectStreamClass.lookup(ObjectStreamClass.java:327)
  at java.io.ObjectStreamClass.initNonProxy(ObjectStreamClass.java:564)
  at java.io.ObjectInputStream.readNonProxyDesc(ObjectInputStream.java:1600)
  at java.io.ObjectInputStream.readClassDesc(ObjectInputStream.java:1513)
  at java.io.ObjectInputStream.readOrdinaryObject(ObjectInputStream.java:1749)
  at java.io.ObjectInputStream.readObject0(ObjectInputStream.java:1346)
  at java.io.ObjectInputStream.defaultReadFields(ObjectInputStream.java:1969)
  at java.io.ObjectInputStream.readSerialData(ObjectInputStream.java:1893)
  at java.io.ObjectInputStream.readOrdinaryObject(ObjectInputStream.java:1776)
  at java.io.ObjectInputStream.readObject0(ObjectInputStream.java:1346)
  at java.io.ObjectInputStream.readArray(ObjectInputStream.java:1684)
  at java.io.ObjectInputStream.readObject0(ObjectInputStream.java:1340)
  at java.io.ObjectInputStream.defaultReadFields(ObjectInputStream.java:1969)
  at java.io.ObjectInputStream.readSerialData(ObjectInputStream.java:1893)
  at java.io.ObjectInputStream.readOrdinaryObject(ObjectInputStream.java:1776)
  at java.io.ObjectInputStream.readObject0(ObjectInputStream.java:1346)
  at java.io.ObjectInputStream.readObject(ObjectInputStream.java:368)
  at hudson.remoting.UserRequest.deserialize(UserRequest.java:185)
  at hudson.remoting.UserRequest.perform(UserRequest.java:99)
  at hudson.remoting.UserRequest.perform(UserRequest.java:49)
  at hudson.remoting.Request$2.run(Request.java:324)
  at hudson.remoting.InterceptingExecutorService$1.call(InterceptingExecutorService.java:68)
  at java.util.concurrent.FutureTask$Sync.innerRun(FutureTask.java:334)
  at java.util.concurrent.FutureTask.run(FutureTask.java:166)
  at java.util.concurrent.ThreadPoolExecutor.runWorker(ThreadPoolExecutor.java:1146)
  at java.util.concurrent.ThreadPoolExecutor$Worker.run(ThreadPoolExecutor.java:615)
  at java.lang.Thread.run(Thread.java:679)
  at ......remote call to slave (i-2dbbefdd)(Native Method)
  at hudson.remoting.Channel.attachCallSiteStackTrace(Channel.java:1356)
  at hudson.remoting.UserResponse.retrieve(UserRequest.java:221)
  at hudson.remoting.Channel.call(Channel.java:752)
  ... 15 more
Caused by: java.lang.NoClassDefFoundError: javax/servlet/http/HttpServlet
  at java.lang.ClassLoader.defineClass1(Native Method)
  at java.lang.ClassLoader.defineClass(ClassLoader.java:634)
  at java.lang.ClassLoader.defineClass(ClassLoader.java:480)
  at hudson.remoting.RemoteClassLoader.loadClassFile(RemoteClassLoader.java:323)
  at hudson.remoting.RemoteClassLoader.findClass(RemoteClassLoader.java:237)
  at java.lang.ClassLoader.loadClass(ClassLoader.java:321)
  at java.lang.ClassLoader.loadClass(ClassLoader.java:266)
  at hudson.util.Secret.<clinit>(Secret.java:239)
  at sun.misc.Unsafe.ensureClassInitialized(Native Method)
  at sun.reflect.UnsafeFieldAccessorFactory.newFieldAccessor(UnsafeFieldAccessorFactory.java:43)
  at sun.reflect.ReflectionFactory.newFieldAccessor(ReflectionFactory.java:140)
  at java.lang.reflect.Field.acquireFieldAccessor(Field.java:936)
  at java.lang.reflect.Field.getFieldAccessor(Field.java:917)
  at java.lang.reflect.Field.getLong(Field.java:546)
  at java.io.ObjectStreamClass.getDeclaredSUID(ObjectStreamClass.java:1628)
  at java.io.ObjectStreamClass.access$700(ObjectStreamClass.java:69)
  at java.io.ObjectStreamClass$2.run(ObjectStreamClass.java:442)
  at java.security.AccessController.doPrivileged(Native Method)
  at java.io.ObjectStreamClass.<init>(ObjectStreamClass.java:430)
  at java.io.ObjectStreamClass.lookup(ObjectStreamClass.java:327)
  at java.io.ObjectStreamClass.initNonProxy(ObjectStreamClass.java:564)
  at java.io.ObjectInputStream.readNonProxyDesc(ObjectInputStream.java:1600)
  at java.io.ObjectInputStream.readClassDesc(ObjectInputStream.java:1513)
  at java.io.ObjectInputStream.readOrdinaryObject(ObjectInputStream.java:1749)
  at java.io.ObjectInputStream.readObject0(ObjectInputStream.java:1346)
  at java.io.ObjectInputStream.defaultReadFields(ObjectInputStream.java:1969)
  at java.io.ObjectInputStream.readSerialData(ObjectInputStream.java:1893)
  at java.io.ObjectInputStream.readOrdinaryObject(ObjectInputStream.java:1776)
  at java.io.ObjectInputStream.readObject0(ObjectInputStream.java:1346)
  at java.io.ObjectInputStream.readArray(ObjectInputStream.java:1684)
  at java.io.ObjectInputStream.readObject0(ObjectInputStream.java:1340)
  at java.io.ObjectInputStream.defaultReadFields(ObjectInputStream.java:1969)
  at java.io.ObjectInputStream.readSerialData(ObjectInputStream.java:1893)
  at java.io.ObjectInputStream.readOrdinaryObject(ObjectInputStream.java:1776)
  at java.io.ObjectInputStream.readObject0(ObjectInputStream.java:1346)
  at java.io.ObjectInputStream.readObject(ObjectInputStream.java:368)
  at hudson.remoting.UserRequest.deserialize(UserRequest.java:185)
  at hudson.remoting.UserRequest.perform(UserRequest.java:99)
  at hudson.remoting.UserRequest.perform(UserRequest.java:49)
  at hudson.remoting.Request$2.run(Request.java:324)
  at hudson.remoting.InterceptingExecutorService$1.call(InterceptingExecutorService.java:68)
  at java.util.concurrent.FutureTask$Sync.innerRun(FutureTask.java:334)
  at java.util.concurrent.FutureTask.run(FutureTask.java:166)
  at java.util.concurrent.ThreadPoolExecutor.runWorker(ThreadPoolExecutor.java:1146)
  at java.util.concurrent.ThreadPoolExecutor$Worker.run(ThreadPoolExecutor.java:615)
  at java.lang.Thread.run(Thread.java:679)
Caused by: java.lang.ClassNotFoundException: javax.servlet.http.HttpServlet (java.net.URLClassLoader@31731b2f did not find class file)
  at hudson.remoting.RemoteClassLoader$ClassLoaderProxy.fetch2(RemoteClassLoader.java:728)
  at hudson.remoting.RemoteClassLoader$ClassLoaderProxy.fetch4(RemoteClassLoader.java:778)
  at hudson.remoting.RemoteClassLoader$ClassLoaderProxy.fetch3(RemoteClassLoader.java:785)
  at sun.reflect.GeneratedMethodAccessor2621.invoke(Unknown Source)
  at sun.reflect.DelegatingMethodAccessorImpl.invoke(DelegatingMethodAccessorImpl.java:43)
  at java.lang.reflect.Method.invoke(Method.java:606)
  at hudson.remoting.RemoteInvocationHandler$RPCRequest.perform(RemoteInvocationHandler.java:320)
  at hudson.remoting.Request$2.run(Request.java:324)
  at hudson.remoting.InterceptingExecutorService$1.call(InterceptingExecutorService.java:68)
  at org.jenkinsci.remoting.CallableDecorator.call(CallableDecorator.java:18)
  at hudson.remoting.CallableDecoratorList$1.call(CallableDecoratorList.java:21)
  at jenkins.util.ContextResettingExecutorService$2.call(ContextResettingExecutorService.java:46)
  at java.util.concurrent.FutureTask.run(FutureTask.java:262)
  at java.util.concurrent.ThreadPoolExecutor.runWorker(ThreadPoolExecutor.java:1145)
  at java.util.concurrent.ThreadPoolExecutor$Worker.run(ThreadPoolExecutor.java:615)
  at java.lang.Thread.run(Thread.java:745)
  at ......remote call to channel(Native Method)
  at hudson.remoting.Channel.attachCallSiteStackTrace(Channel.java:1356)
  at hudson.remoting.Request.call(Request.java:171)
  at hudson.remoting.RemoteInvocationHandler.invoke(RemoteInvocationHandler.java:176)
  at sun.proxy.$Proxy6.fetch3(Unknown Source)
  at hudson.remoting.RemoteClassLoader.findClass(RemoteClassLoader.java:157)
  at java.lang.ClassLoader.loadClass(ClassLoader.java:321)
  at java.lang.ClassLoader.loadClass(ClassLoader.java:266)
  ... 46 more
