Running from: /usr/share/jenkins/jenkins.war
[Winstone 2012/01/26 17:40:59] - Using JAVA_HOME=/usr/lib/jvm/java-6-sun-1.6.0.26/jre
[Winstone 2012/01/26 17:40:59] - Adding tools.jar to common classpath
[Winstone 2012/01/26 17:40:59] - Using common lib folder: /lib
[Winstone 2012/01/26 17:40:59] - Deploying host found at default
[Winstone 2012/01/26 17:40:59] - Beginning extraction from war file
[Winstone 2012/01/26 17:41:05] - Parsing web.xml
[Winstone 2012/01/26 17:41:05] - Found and enabled the local Servlet 2.5 XSD replacement
[Winstone 2012/01/26 17:41:05] - Resolving entity - public=(null), url=http://java.sun.com/xml/ns/j2ee/web-app_2_4.xsd
[Winstone 2012/01/26 17:41:05] - Resolving entity - public=(null), url=jar:file:/tmp/winstone7900057209572093538jar!/javax/servlet/resources/web-app_2_5.xsd
[Winstone 2012/01/26 17:41:05] - Resolving entity - public=(null), url=jar:file:/tmp/winstone7900057209572093538jar!/javax/servlet/resources/javaee_5.xsd
[Winstone 2012/01/26 17:41:05] - Resolving entity - public=(null), url=http://www.w3.org/2001/xml.xsd
[Winstone 2012/01/26 17:41:05] - Resolving entity - public=-//W3C//DTD XMLSCHEMA 200102//EN, url=http://www.w3.org/2001/XMLSchema.dtd
[Winstone 2012/01/26 17:41:05] - Resolving entity - public=datatypes, url=http://www.w3.org/2001/datatypes.dtd
[Winstone 2012/01/26 17:41:05] - Resolving entity - public=(null), url=jar:file:/tmp/winstone7900057209572093538jar!/javax/servlet/resources/javaee_web_services_client_1_2.xsd
[Winstone 2012/01/26 17:41:05] - Resolving entity - public=(null), url=jar:file:/tmp/winstone7900057209572093538jar!/javax/servlet/resources/jsp_2_1.xsd
[Winstone 2012/01/26 17:41:05] - Resolving entity - public=(null), url=jar:file:/tmp/winstone7900057209572093538jar!/javax/servlet/resources/javaee_5.xsd
[Winstone 2012/01/26 17:41:05] - Resolving entity - public=(null), url=http://java.sun.com/xml/ns/j2ee/j2ee_1_4.xsd
[Winstone 2012/01/26 17:41:05] - Resolving entity - public=(null), url=http://www.ibm.com/webservices/xsd/j2ee_web_services_client_1_1.xsd
[Winstone 2012/01/26 17:41:05] - Resolving entity - public=(null), url=http://java.sun.com/xml/ns/j2ee/jsp_2_0.xsd
[Winstone 2012/01/26 17:41:05] - Resolving entity - public=(null), url=http://java.sun.com/xml/ns/j2ee/j2ee_1_4.xsd
[Winstone 2012/01/26 17:41:05] - Finished parsing web.xml
[Winstone 2012/01/26 17:41:05] - Adding webapp classes folder to classpath
[Winstone 2012/01/26 17:41:05] - Adding webapp lib commons-jelly-tags-define-1.0.1-hudson-20071021.jar to classpath
[Winstone 2012/01/26 17:41:05] - Adding webapp lib spring-dao-1.2.9.jar to classpath
[Winstone 2012/01/26 17:41:05] - Adding webapp lib xstream-1.3.1-jenkins-9.jar to classpath
[Winstone 2012/01/26 17:41:05] - Adding webapp lib sshd-1.2.jar to classpath
[Winstone 2012/01/26 17:41:05] - Adding webapp lib spring-jdbc-1.2.9.jar to classpath
[Winstone 2012/01/26 17:41:05] - Adding webapp lib mail-1.4.jar to classpath
[Winstone 2012/01/26 17:41:05] - Adding webapp lib jfreechart-1.0.9.jar to classpath
[Winstone 2012/01/26 17:41:05] - Adding webapp lib ant-launcher-1.8.0.jar to classpath
[Winstone 2012/01/26 17:41:05] - Adding webapp lib stapler-adjunct-codemirror-1.1.jar to classpath
[Winstone 2012/01/26 17:41:05] - Adding webapp lib access-modifier-annotation-1.0.jar to classpath
[Winstone 2012/01/26 17:41:05] - Adding webapp lib libpam4j-1.4.jar to classpath
[Winstone 2012/01/26 17:41:05] - Adding webapp lib jstl-1.1.0.jar to classpath
[Winstone 2012/01/26 17:41:05] - Adding webapp lib j-interopdeps-2.0.6-kohsuke-1.jar to classpath
[Winstone 2012/01/26 17:41:05] - Adding webapp lib commons-io-1.4.jar to classpath
[Winstone 2012/01/26 17:41:05] - Adding webapp lib remoting-2.12.jar to classpath
[Winstone 2012/01/26 17:41:05] - Adding webapp lib commons-httpclient-3.1.jar to classpath
[Winstone 2012/01/26 17:41:05] - Adding webapp lib j-interop-2.0.6-kohsuke-1.jar to classpath
[Winstone 2012/01/26 17:41:05] - Adding webapp lib commons-codec-1.4.jar to classpath
[Winstone 2012/01/26 17:41:05] - Adding webapp lib aopalliance-1.0.jar to classpath
[Winstone 2012/01/26 17:41:05] - Adding webapp lib ssh-cli-auth-1.2.jar to classpath
[Winstone 2012/01/26 17:41:05] - Adding webapp lib sezpoz-1.9.jar to classpath
[Winstone 2012/01/26 17:41:05] - Adding webapp lib memory-monitor-1.7.jar to classpath
[Winstone 2012/01/26 17:41:05] - Adding webapp lib commons-jelly-1.1-jenkins-20110627.jar to classpath
[Winstone 2012/01/26 17:41:05] - Adding webapp lib oro-2.0.8.jar to classpath
[Winstone 2012/01/26 17:41:05] - Adding webapp lib embedded_su4j-1.1.jar to classpath
[Winstone 2012/01/26 17:41:05] - Adding webapp lib sshd-core-0.6.0.jar to classpath
[Winstone 2012/01/26 17:41:05] - Adding webapp lib annotation-indexer-1.2.jar to classpath
[Winstone 2012/01/26 17:41:05] - Adding webapp lib stapler-groovy-1.177.jar to classpath
[Winstone 2012/01/26 17:41:05] - Adding webapp lib version-number-1.0.jar to classpath
[Winstone 2012/01/26 17:41:05] - Adding webapp lib localizer-1.10.jar to classpath
[Winstone 2012/01/26 17:41:05] - Adding webapp lib stax-api-1.0.1.jar to classpath
[Winstone 2012/01/26 17:41:05] - Adding webapp lib ezmorph-1.0.3.jar to classpath
[Winstone 2012/01/26 17:41:05] - Adding webapp lib xpp3_min-1.1.4c.jar to classpath
[Winstone 2012/01/26 17:41:05] - Adding webapp lib stapler-1.177.jar to classpath
[Winstone 2012/01/26 17:41:05] - Adding webapp lib crypto-util-1.1.jar to classpath
[Winstone 2012/01/26 17:41:05] - Adding webapp lib txw2-20070624.jar to classpath
[Winstone 2012/01/26 17:41:05] - Adding webapp lib guava-10.0.1.jar to classpath
[Winstone 2012/01/26 17:41:05] - Adding webapp lib commons-beanutils-1.8.0.jar to classpath
[Winstone 2012/01/26 17:41:05] - Adding webapp lib jline-0.9.94.jar to classpath
[Winstone 2012/01/26 17:41:05] - Adding webapp lib commons-digester-1.7.jar to classpath
[Winstone 2012/01/26 17:41:05] - Adding webapp lib commons-collections-3.2.jar to classpath
[Winstone 2012/01/26 17:41:05] - Adding webapp lib trilead-putty-extension-1.0.jar to classpath
[Winstone 2012/01/26 17:41:05] - Adding webapp lib xpp3-1.1.4c.jar to classpath
[Winstone 2012/01/26 17:41:05] - Adding webapp lib commons-jelly-tags-xml-1.1.jar to classpath
[Winstone 2012/01/26 17:41:05] - Adding webapp lib spring-aop-2.5.jar to classpath
[Winstone 2012/01/26 17:41:05] - Adding webapp lib javax.inject-1.jar to classpath
[Winstone 2012/01/26 17:41:05] - Adding webapp lib stapler-jrebel-1.177.jar to classpath
[Winstone 2012/01/26 17:41:05] - Adding webapp lib asm-tree-2.2.3.jar to classpath
[Winstone 2012/01/26 17:41:05] - Adding webapp lib groovy-all-1.8.3.jar to classpath
[Winstone 2012/01/26 17:41:05] - Adding webapp lib dom4j-1.6.1-hudson-3.jar to classpath
[Winstone 2012/01/26 17:41:05] - Adding webapp lib tiger-types-1.3.jar to classpath
[Winstone 2012/01/26 17:41:05] - Adding webapp lib acegi-security-1.0.5.jar to classpath
[Winstone 2012/01/26 17:41:05] - Adding webapp lib sisu-guava-0.9.9.jar to classpath
[Winstone 2012/01/26 17:41:05] - Adding webapp lib jsr305-1.3.9.jar to classpath
[Winstone 2012/01/26 17:41:05] - Adding webapp lib trilead-ssh2-build212-hudson-5.jar to classpath
[Winstone 2012/01/26 17:41:05] - Adding webapp lib bridge-method-annotation-1.4.jar to classpath
[Winstone 2012/01/26 17:41:05] - Adding webapp lib spring-web-2.5.jar to classpath
[Winstone 2012/01/26 17:41:05] - Adding webapp lib log4j-1.2.9.jar to classpath
[Winstone 2012/01/26 17:41:05] - Adding webapp lib jtidy-4aug2000r7-dev-hudson-1.jar to classpath
[Winstone 2012/01/26 17:41:05] - Adding webapp lib robust-http-client-1.2.jar to classpath
[Winstone 2012/01/26 17:41:05] - Adding webapp lib ant-1.8.0.jar to classpath
[Winstone 2012/01/26 17:41:05] - Adding webapp lib spring-core-2.5.jar to classpath
[Winstone 2012/01/26 17:41:05] - Adding webapp lib slf4j-api-1.6.1.jar to classpath
[Winstone 2012/01/26 17:41:05] - Adding webapp lib commons-fileupload-1.2.1.jar to classpath
[Winstone 2012/01/26 17:41:05] - Adding webapp lib task-reactor-1.2.jar to classpath
[Winstone 2012/01/26 17:41:05] - Adding webapp lib sisu-guice-3.1.0.jar to classpath
[Winstone 2012/01/26 17:41:05] - Adding webapp lib jna-posix-1.0.3.jar to classpath
[Winstone 2012/01/26 17:41:05] - Adding webapp lib winp-1.14.jar to classpath
[Winstone 2012/01/26 17:41:05] - Adding webapp lib spring-beans-2.5.jar to classpath
[Winstone 2012/01/26 17:41:05] - Adding webapp lib jinterop-proxy-1.1.jar to classpath
[Winstone 2012/01/26 17:41:05] - Adding webapp lib spring-context-2.5.jar to classpath
[Winstone 2012/01/26 17:41:05] - Adding webapp lib commons-jelly-tags-fmt-1.0.jar to classpath
[Winstone 2012/01/26 17:41:05] - Adding webapp lib commons-logging-1.1.1.jar to classpath
[Winstone 2012/01/26 17:41:05] - Adding webapp lib activation-1.1.1-hudson-1.jar to classpath
[Winstone 2012/01/26 17:41:05] - Adding webapp lib mina-core-2.0.2.jar to classpath
[Winstone 2012/01/26 17:41:05] - Adding webapp lib antlr-2.7.6.jar to classpath
[Winstone 2012/01/26 17:41:05] - Adding webapp lib args4j-2.0.16.jar to classpath
[Winstone 2012/01/26 17:41:05] - Adding webapp lib jansi-1.6.jar to classpath
[Winstone 2012/01/26 17:41:05] - Adding webapp lib jcommon-1.0.12.jar to classpath
[Winstone 2012/01/26 17:41:05] - Adding webapp lib bcprov-jdk15-140.jar to classpath
[Winstone 2012/01/26 17:41:05] - Adding webapp lib jmdns-3.4.0-jenkins-3.jar to classpath
[Winstone 2012/01/26 17:41:05] - Adding webapp lib libzfs-0.5.jar to classpath
[Winstone 2012/01/26 17:41:05] - Adding webapp lib jcifs-1.3.14-kohsuke-1.jar to classpath
[Winstone 2012/01/26 17:41:05] - Adding webapp lib jinterop-wmi-1.1.jar to classpath
[Winstone 2012/01/26 17:41:05] - Adding webapp lib akuma-1.7.jar to classpath
[Winstone 2012/01/26 17:41:05] - Adding webapp lib asm-commons-2.2.3.jar to classpath
[Winstone 2012/01/26 17:41:05] - Adding webapp lib jna-3.3.0-jenkins-3.jar to classpath
[Winstone 2012/01/26 17:41:05] - Adding webapp lib cli-1.448.jar to classpath
[Winstone 2012/01/26 17:41:05] - Adding webapp lib json-lib-2.1-rev7.jar to classpath
[Winstone 2012/01/26 17:41:05] - Adding webapp lib jaxen-1.1-beta-11.jar to classpath
[Winstone 2012/01/26 17:41:05] - Adding webapp lib asm-2.2.3.jar to classpath
[Winstone 2012/01/26 17:41:05] - Adding webapp lib stapler-jelly-1.177.jar to classpath
[Winstone 2012/01/26 17:41:05] - Adding webapp lib commons-jexl-1.1-jenkins-20111212.jar to classpath
[Winstone 2012/01/26 17:41:05] - Adding webapp lib jenkins-core-1.448.jar to classpath
[Winstone 2012/01/26 17:41:05] - Adding webapp lib commons-lang-2.4.jar to classpath
[Winstone 2012/01/26 17:41:05] - Adding webapp lib instance-identity-1.1.jar to classpath
[Winstone 2012/01/26 17:41:05] - Adding webapp lib windows-remote-command-1.3.jar to classpath
[Winstone 2012/01/26 17:41:05] - Adding webapp lib wstx-asl-3.2.7.jar to classpath
[Winstone 2012/01/26 17:41:05] - Adding webapp lib stapler-adjunct-timeline-1.3.jar to classpath
[Winstone 2012/01/26 17:41:05] - Adding webapp lib commons-discovery-0.4.jar to classpath
[Winstone 2012/01/26 17:41:05] - Loaded servlet instance Stapler class: org.kohsuke.stapler.Stapler
[Winstone 2012/01/26 17:41:05] - Mapped: Stapler to /*
[Winstone 2012/01/26 17:41:05] - Loaded filter instance encoding-filter class: hudson.util.CharacterEncodingFilter
[Winstone 2012/01/26 17:41:05] - Loaded filter instance authentication-filter class: hudson.security.HudsonFilter
[Winstone 2012/01/26 17:41:05] - Loaded filter instance csrf-filter class: hudson.security.csrf.CrumbFilter
[Winstone 2012/01/26 17:41:05] - Loaded filter instance plugins-filter class: hudson.util.PluginServletFilter
[Winstone 2012/01/26 17:41:05] - Mapped: encoding-filter to /*
[Winstone 2012/01/26 17:41:05] - Mapped: authentication-filter to /*
[Winstone 2012/01/26 17:41:05] - Mapped: csrf-filter to /*
[Winstone 2012/01/26 17:41:05] - Mapped: plugins-filter to /*
[Winstone 2012/01/26 17:41:05] - Adding web application listener: hudson.WebAppMain
[Winstone 2012/01/26 17:41:05] - ArgumentsRealm initialised: users: 0
[Winstone 2012/01/26 17:41:05] - Mapped: Security to /loginEntry
[Winstone 2012/01/26 17:41:05] - FormAuthenticationHandler initialised for realm: (null)
[Winstone 2012/01/26 17:41:05] - Access logging disabled - no logger class defined
[Winstone 2012/01/26 17:41:06] - WinstoneContext instance java: created
[Winstone 2012/01/26 17:41:06] - WinstoneContext instance java:/comp created
[Winstone 2012/01/26 17:41:06] - WinstoneContext instance java:/comp/env created
[Winstone 2012/01/26 17:41:06] - WinstoneContext instance java:/comp/env copied
[Winstone 2012/01/26 17:41:06] - WinstoneContext instance java:/comp/env copied
Jenkins home directory: /var/lib/jenkins found at: EnvVars.masterEnvVars.get("JENKINS_HOME")
[Winstone 2012/01/26 17:41:06] - encoding-filter: init
[Winstone 2012/01/26 17:41:06] - plugins-filter: init
[Winstone 2012/01/26 17:41:06] - authentication-filter: init
[Winstone 2012/01/26 17:41:06] - csrf-filter: init
[Winstone 2012/01/26 17:41:06] - default: init
[Winstone 2012/01/26 17:41:06] - winstoneErrorServlet: init
[Winstone 2012/01/26 17:41:06] - Initialized 1 webapps: prefixes - []
[Winstone 2012/01/26 17:41:06] - Initialized in non-virtual-host mode
[Winstone 2012/01/26 17:41:06] - HTTP Listener started: port=8080
[Winstone 2012/01/26 17:41:06] - Winstone Servlet Engine v0.9.10 running: controlPort=disabled
Jan 26, 2012 5:41:06 PM jenkins.InitReactorRunner$1 onAttained
INFO: Started initialization
Jan 26, 2012 5:41:18 PM jenkins.InitReactorRunner$1 onAttained
INFO: Listed all plugins
Jan 26, 2012 5:41:18 PM jenkins.InitReactorRunner$1 onAttained
INFO: Prepared all plugins
Jan 26, 2012 5:41:18 PM jenkins.InitReactorRunner$1 onAttained
INFO: Started all plugins
Jan 26, 2012 5:41:18 PM jenkins.InitReactorRunner$1 onAttained
INFO: Augmented all extensions
Jan 26, 2012 5:41:18 PM jenkins.InitReactorRunner$1 onAttained
INFO: Loaded all jobs
SLF4J: Failed to load class "org.slf4j.impl.StaticLoggerBinder".
SLF4J: Defaulting to no-operation (NOP) logger implementation
SLF4J: See http://www.slf4j.org/codes.html#StaticLoggerBinder for further details.
