#
# A fatal error has been detected by the Java Runtime Environment:
#
#  EXCEPTION_ACCESS_VIOLATION (0xc0000005) at pc=0x037235e0, pid=1632, tid=1388
#
# JRE version: 6.0_17-b04
# Java VM: Java HotSpot(TM) Client VM (14.3-b01 mixed mode, sharing windows-x86 )
# Problematic frame:
# C  0x037235e0
#
# If you would like to submit a bug report, please visit:
#   http://java.sun.com/webapps/bugreport/crash.jsp
# The crash happened outside the Java Virtual Machine in native code.
# See problematic frame for where to report the bug.
#

---------------  T H R E A D  ---------------

Current thread (0x0284e800):  JavaThread "Finalizer" daemon [_thread_in_native, id=1388, stack(0x029d0000,0x02a20000)]

siginfo: ExceptionCode=0xc0000005, reading address 0x037235e0

Registers:
EAX=0x037235e0, EBX=0x275279b8, ECX=0x0284e910, EDX=0x27542a28
ESP=0x02a1f87c, EBP=0x02a1f8b0, ESI=0x275279b8, EDI=0x0284e800
EIP=0x037235e0, EFLAGS=0x00010283

Top of Stack: (sp=0x02a1f87c)
0x02a1f87c:   006f9e37 0284e910 02a1f8b8 02d64e50
0x02a1f88c:   00000000 02a1f890 00000000 02a1f8c4
0x02a1f89c:   27542a28 00000000 275279b8 00000000
0x02a1f8ac:   02a1f8c0 02a1f8e8 006f2da1 27527dc8
0x02a1f8bc:   006f8269 02d64e50 00000000 02a1f8c8
0x02a1f8cc:   27525b4c 02a1f8f0 27542a28 00000000
0x02a1f8dc:   27525b70 02a1f8c0 02a1f8f0 02a1f90c
0x02a1f8ec:   006f02cb 22fac5f8 02a1f91c 6d8ec844 

Instructions: (pc=0x037235e0)
0x037235d0:   
[error occurred during error reporting (printing registers, top of stack, instructions near pc), id 0xc0000005]

Stack: [0x029d0000,0x02a20000],  sp=0x02a1f87c,  free space=318k
Native frames: (J=compiled Java code, j=interpreted, Vv=VM code, C=native code)
C  0x037235e0
j  com.sun.jna.Memory.finalize()V+4
v  ~StubRoutines::call_stub
V  [jvm.dll+0xecf9c]
V  [jvm.dll+0x1741d1]
V  [jvm.dll+0xed01d]
V  [jvm.dll+0xf5e2f]
V  [jvm.dll+0xf8b24]
C  [java.dll+0x2115]
J  java.lang.ref.Finalizer.runFinalizer()V
J  java.lang.ref.Finalizer.access$100(Ljava/lang/ref/Finalizer;)V
j  java.lang.ref.Finalizer$FinalizerThread.run()V+11
v  ~StubRoutines::call_stub
V  [jvm.dll+0xecf9c]
V  [jvm.dll+0x1741d1]
V  [jvm.dll+0xed167]
V  [jvm.dll+0xed1dd]
V  [jvm.dll+0x116290]
V  [jvm.dll+0x1d0414]
V  [jvm.dll+0x173e4c]
C  [msvcr71.dll+0x9565]
C  [kernel32.dll+0x2482f]

Java frames: (J=compiled Java code, j=interpreted, Vv=VM code)
j  com.sun.jna.Memory.free(J)V+0
j  com.sun.jna.Memory.finalize()V+4
v  ~StubRoutines::call_stub
J  java.lang.ref.Finalizer.invokeFinalizeMethod(Ljava/lang/Object;)V
J  java.lang.ref.Finalizer.runFinalizer()V
J  java.lang.ref.Finalizer.access$100(Ljava/lang/ref/Finalizer;)V
j  java.lang.ref.Finalizer$FinalizerThread.run()V+11
v  ~StubRoutines::call_stub

---------------  P R O C E S S  ---------------

Java Threads: ( => current thread )
  0x02c0e800 JavaThread "pool-1-thread-364" [_thread_blocked, id=208, stack(0x03950000,0x039a0000)]
  0x02c35000 JavaThread "pool-1-thread-363" [_thread_blocked, id=3060, stack(0x03900000,0x03950000)]
  0x030b5c00 JavaThread "pool-1-thread-362" [_thread_blocked, id=2376, stack(0x038b0000,0x03900000)]
  0x02c8ec00 JavaThread "pool-1-thread-361" [_thread_in_Java, id=316, stack(0x03560000,0x035b0000)]
  0x02c01400 JavaThread "pool-1-thread-360" [_thread_blocked, id=2228, stack(0x02f40000,0x02f90000)]
  0x02c1e000 JavaThread "Ping thread for channel hudson.remoting.Channel@1ab2f22:channel" daemon [_thread_blocked, id=3176, stack(0x02ef0000,0x02f40000)]
  0x0315a400 JavaThread "Channel reader thread: channel" [_thread_in_native, id=3560, stack(0x02ea0000,0x02ef0000)]
  0x02b9f000 JavaThread "Thread-1" [_thread_blocked, id=3416, stack(0x02e50000,0x02ea0000)]
  0x02897800 JavaThread "Low Memory Detector" daemon [_thread_blocked, id=3632, stack(0x02ac0000,0x02b10000)]
  0x02891c00 JavaThread "CompilerThread0" daemon [_thread_blocked, id=3744, stack(0x02a70000,0x02ac0000)]
  0x02890400 JavaThread "Attach Listener" daemon [_thread_blocked, id=184, stack(0x02a20000,0x02a70000)]
=>0x0284e800 JavaThread "Finalizer" daemon [_thread_in_native, id=1388, stack(0x029d0000,0x02a20000)]
  0x0284d000 JavaThread "Reference Handler" daemon [_thread_blocked, id=3636, stack(0x02980000,0x029d0000)]
  0x003a7000 JavaThread "main" [_thread_blocked, id=3996, stack(0x00690000,0x006e0000)]

Other Threads:
  0x0284b800 VMThread [stack: 0x02930000,0x02980000] [id=3728]
  0x028a2000 WatcherThread [stack: 0x02b10000,0x02b60000] [id=3616]

VM state:not at safepoint (normal execution)

VM Mutex/Monitor currently owned by a thread: None

Heap
 def new generation   total 960K, used 268K [0x22990000, 0x22a90000, 0x22e70000)
  eden space 896K,  24% used [0x22990000, 0x229c5cf8, 0x22a70000)
  from space 64K,  82% used [0x22a80000, 0x22a8d380, 0x22a90000)
  to   space 64K,   0% used [0x22a70000, 0x22a70000, 0x22a80000)
 tenured generation   total 4096K, used 1708K [0x22e70000, 0x23270000, 0x26990000)
   the space 4096K,  41% used [0x22e70000, 0x2301b3f0, 0x2301b400, 0x23270000)
 compacting perm gen  total 15360K, used 15256K [0x26990000, 0x27890000, 0x2a990000)
   the space 15360K,  99% used [0x26990000, 0x27876098, 0x27876200, 0x27890000)
    ro space 8192K,  63% used [0x2a990000, 0x2aea8b20, 0x2aea8c00, 0x2b190000)
    rw space 12288K,  53% used [0x2b190000, 0x2b805138, 0x2b805200, 0x2bd90000)

Dynamic libraries:
0x00400000 - 0x00424000 	C:\Program Files\Java\jre6\bin\java.exe
0x7c800000 - 0x7c8c2000 	C:\WINDOWS\system32\ntdll.dll
0x77e40000 - 0x77f42000 	C:\WINDOWS\system32\kernel32.dll
0x7d1e0000 - 0x7d27c000 	C:\WINDOWS\system32\ADVAPI32.dll
0x77c50000 - 0x77cef000 	C:\WINDOWS\system32\RPCRT4.dll
0x76f50000 - 0x76f63000 	C:\WINDOWS\system32\Secur32.dll
0x7c340000 - 0x7c396000 	C:\Program Files\Java\jre6\bin\msvcr71.dll
0x6d800000 - 0x6da8b000 	C:\Program Files\Java\jre6\bin\client\jvm.dll
0x77380000 - 0x77411000 	C:\WINDOWS\system32\USER32.dll
0x77c00000 - 0x77c49000 	C:\WINDOWS\system32\GDI32.dll
0x76aa0000 - 0x76acd000 	C:\WINDOWS\system32\WINMM.dll
0x76290000 - 0x762ad000 	C:\WINDOWS\system32\IMM32.DLL
0x6d7b0000 - 0x6d7bc000 	C:\Program Files\Java\jre6\bin\verify.dll
0x6d330000 - 0x6d34f000 	C:\Program Files\Java\jre6\bin\java.dll
0x6d290000 - 0x6d298000 	C:\Program Files\Java\jre6\bin\hpi.dll
0x76b70000 - 0x76b7b000 	C:\WINDOWS\system32\PSAPI.DLL
0x6d7f0000 - 0x6d7ff000 	C:\Program Files\Java\jre6\bin\zip.dll
0x6d610000 - 0x6d623000 	C:\Program Files\Java\jre6\bin\net.dll
0x71c00000 - 0x71c17000 	C:\WINDOWS\system32\WS2_32.dll
0x77ba0000 - 0x77bfa000 	C:\WINDOWS\system32\msvcrt.dll
0x71bf0000 - 0x71bf8000 	C:\WINDOWS\system32\WS2HELP.dll
0x71b20000 - 0x71b61000 	C:\WINDOWS\System32\mswsock.dll
0x76ed0000 - 0x76efa000 	C:\WINDOWS\system32\DNSAPI.dll
0x76f70000 - 0x76f77000 	C:\WINDOWS\System32\winrnr.dll
0x76f10000 - 0x76f3e000 	C:\WINDOWS\system32\WLDAP32.dll
0x76f80000 - 0x76f85000 	C:\WINDOWS\system32\rasadhlp.dll
0x5f270000 - 0x5f2ca000 	C:\WINDOWS\system32\hnetcfg.dll
0x71ae0000 - 0x71ae8000 	C:\WINDOWS\System32\wshtcpip.dll
0x6d790000 - 0x6d798000 	C:\Program Files\Java\jre6\bin\sunmscapi.dll
0x761b0000 - 0x76243000 	C:\WINDOWS\system32\CRYPT32.dll
0x76190000 - 0x761a2000 	C:\WINDOWS\system32\MSASN1.dll
0x68000000 - 0x68035000 	C:\WINDOWS\system32\rsaenh.dll
0x76920000 - 0x769e2000 	C:\WINDOWS\system32\USERENV.dll
0x71c40000 - 0x71c97000 	C:\WINDOWS\system32\netapi32.dll
0x7d180000 - 0x7d1d2000 	C:\WINDOWS\system32\SHLWAPI.dll
0x77420000 - 0x77523000 	C:\WINDOWS\WinSxS\x86_Microsoft.Windows.Common-Controls_6595b64144ccf1df_6.0.3790.3959_x-ww_D8713E55\comctl32.dll
0x6d630000 - 0x6d639000 	C:\Program Files\Java\jre6\bin\nio.dll
0x035c0000 - 0x03614000 	C:\Documents and Settings\buildmaster\Local Settings\Temp\hudson-remoting1333269669430444073\com\sun\jna\win32-x86\jnidispatch.dll
0x71f60000 - 0x71f64000 	C:\WINDOWS\system32\Security.dll
0x7c8d0000 - 0x7d0cf000 	C:\WINDOWS\system32\Shell32.dll
0x6d560000 - 0x6d569000 	C:\Program Files\Java\jre6\bin\management.dll
0x6d000000 - 0x6d14a000 	C:\Program Files\Java\jre6\bin\awt.dll
0x73070000 - 0x73097000 	C:\WINDOWS\system32\WINSPOOL.DRV
0x77670000 - 0x777a9000 	C:\WINDOWS\system32\ole32.dll
0x10000000 - 0x10006000 	C:\Documents and Settings\buildmaster\Local Settings\Temp\hudson-remoting5023470587188938025\winp.dll
0x039a0000 - 0x039f4000 	C:\Documents and Settings\buildmaster\Local Settings\Temp\hudson-remoting4263532314761840830\com\sun\jna\win32-x86\jnidispatch.dll

VM Arguments:
jvm_args: -Xrs 
java_command: C:\DeveloperTools\HudsonSlave\slave.jar -jnlpUrl http://hudson.mondidinamici.com/computer/Ceres/slave-agent.jnlp
Launcher Type: SUN_STANDARD

Environment Variables:
JAVA_HOME=C:\Program Files\Java\jdk1.6.0_07
PATH=C:\Program Files\CollabNet Subversion Client;C:\WINDOWS\system32;C:\WINDOWS;C:\WINDOWS\System32\Wbem;C:\DeveloperTools\apache-ant-1.7.1\bin;C:\Program Files\NUnit 2.4.8\bin;C:\DeveloperTools\vc9\poco-1.3.5\bin;C:\DeveloperTools\vc9\boost-1.41.0\bin;C:\DeveloperTools\bin;C:\DeveloperTools\doxygen-1.6.1\bin;C:\DeveloperTools\irrlicht-1.6\bin\Win32-VisualStudio;C:\DeveloperTools\OpenAL-1.1\bin;C:\DeveloperTools\ffmpeg\bin;C:\DeveloperTools\wix-3.0;c:\Program Files\Microsoft SQL Server\90\Tools\binn\;C:\DeveloperTools\xulrunner-sdk\bin;C:\DeveloperTools\vc9\qt-4.5.2\qt\lib;C:\DeveloperTools\ActiveWorlds-3.6.0\bin;C:\DeveloperTools\php\php-5.2.13
USERNAME=buildmaster
OS=Windows_NT
PROCESSOR_IDENTIFIER=x86 Family 15 Model 2 Stepping 2, GenuineIntel



---------------  S Y S T E M  ---------------

OS: Windows Server 2003 family Build 3790 Service Pack 2

CPU:total 4 (1 cores per cpu, 2 threads per core) family 15 model 2 stepping 2, cmov, cx8, fxsr, mmx, sse, sse2, ht

Memory: 4k page, physical 2097151k(2097151k free), swap 4194303k(4194303k free)

vm_info: Java HotSpot(TM) Client VM (14.3-b01) for windows-x86 JRE (1.6.0_17-b04), built on Oct 11 2009 00:52:06 by "java_re" with MS VC++ 7.1

time: Tue Mar 30 17:31:16 2010
elapsed time: 104524 seconds

