29-mar-2010 12.28.43 hudson.remoting.jnlp.Main$CuiListener <init>
INFO: Hudson agent is running in headless mode.
29-mar-2010 12.28.43 hudson.remoting.jnlp.Main$CuiListener status
INFO: Locating server among [http://hudson.mondidinamici.com/]
29-mar-2010 12.28.43 hudson.remoting.jnlp.Main$CuiListener status
INFO: Connecting to hudson.mondidinamici.com:55734
29-mar-2010 12.28.43 hudson.remoting.jnlp.Main$CuiListener status
INFO: Handshaking
29-mar-2010 12.28.43 hudson.remoting.jnlp.Main$CuiListener status
INFO: Connected
29-mar-2010 12.29.47 hudson.remoting.jnlp.Main$CuiListener <init>
INFO: Hudson agent is running in headless mode.
29-mar-2010 12.29.47 hudson.remoting.jnlp.Main$CuiListener status
INFO: Locating server among [http://hudson.mondidinamici.com/]
29-mar-2010 12.29.47 hudson.remoting.jnlp.Main$CuiListener status
INFO: Connecting to hudson.mondidinamici.com:55734
29-mar-2010 12.29.47 hudson.remoting.jnlp.Main$CuiListener status
INFO: Handshaking
29-mar-2010 12.29.47 hudson.remoting.jnlp.Main$CuiListener status
INFO: Connected
29-mar-2010 15.14.27 hudson.remoting.Channel$ReaderThread run
GRAVE: I/O error in channel channel
java.io.EOFException
	at java.io.ObjectInputStream$BlockDataInputStream.peekByte(Unknown Source)
	at java.io.ObjectInputStream.readObject0(Unknown Source)
	at java.io.ObjectInputStream.readObject(Unknown Source)
	at hudson.remoting.Channel$ReaderThread.run(Channel.java:856)
29-mar-2010 15.14.27 hudson.remoting.jnlp.Main$CuiListener status
INFO: Terminated
29-mar-2010 15.15.27 hudson.remoting.jnlp.Main$CuiListener status
INFO: Locating server among [http://hudson.mondidinamici.com/]
29-mar-2010 15.15.27 hudson.remoting.jnlp.Main$CuiListener status
INFO: Connecting to hudson.mondidinamici.com:34094
29-mar-2010 15.15.27 hudson.remoting.jnlp.Main$CuiListener status
INFO: Handshaking
29-mar-2010 15.15.27 hudson.remoting.jnlp.Main$CuiListener status
INFO: Connected
29-mar-2010 21.01.27 hudson.remoting.Engine$2 onDead
INFO: Ping failed. Terminating the socket.
29-mar-2010 21.01.27 hudson.remoting.Channel$ReaderThread run
GRAVE: I/O error in channel channel
java.net.SocketException: socket closed
	at java.net.SocketInputStream.socketRead0(Native Method)
	at java.net.SocketInputStream.read(Unknown Source)
	at java.io.BufferedInputStream.fill(Unknown Source)
	at java.io.BufferedInputStream.read(Unknown Source)
	at java.io.ObjectInputStream$PeekInputStream.peek(Unknown Source)
	at java.io.ObjectInputStream$BlockDataInputStream.peek(Unknown Source)
	at java.io.ObjectInputStream$BlockDataInputStream.peekByte(Unknown Source)
	at java.io.ObjectInputStream.readObject0(Unknown Source)
	at java.io.ObjectInputStream.readObject(Unknown Source)
	at hudson.remoting.Channel$ReaderThread.run(Channel.java:856)
29-mar-2010 21.01.27 hudson.remoting.jnlp.Main$CuiListener status
INFO: Terminated
29-mar-2010 21.01.37 hudson.remoting.jnlp.Main$CuiListener status
INFO: Locating server among [http://hudson.mondidinamici.com/]
29-mar-2010 21.01.37 hudson.remoting.jnlp.Main$CuiListener status
INFO: Connecting to hudson.mondidinamici.com:34094
29-mar-2010 21.01.37 hudson.remoting.jnlp.Main$CuiListener status
INFO: Handshaking
29-mar-2010 21.01.37 hudson.remoting.jnlp.Main$CuiListener status
INFO: Connected
29-mar-2010 22.02.37 hudson.remoting.Engine$2 onDead
INFO: Ping failed. Terminating the socket.
29-mar-2010 22.02.37 hudson.remoting.Channel$ReaderThread run
GRAVE: I/O error in channel channel
java.net.SocketException: socket closed
	at java.net.SocketInputStream.socketRead0(Native Method)
	at java.net.SocketInputStream.read(Unknown Source)
	at java.io.BufferedInputStream.fill(Unknown Source)
	at java.io.BufferedInputStream.read(Unknown Source)
	at java.io.ObjectInputStream$PeekInputStream.peek(Unknown Source)
	at java.io.ObjectInputStream$BlockDataInputStream.peek(Unknown Source)
	at java.io.ObjectInputStream$BlockDataInputStream.peekByte(Unknown Source)
	at java.io.ObjectInputStream.readObject0(Unknown Source)
	at java.io.ObjectInputStream.readObject(Unknown Source)
	at hudson.remoting.Channel$ReaderThread.run(Channel.java:856)
29-mar-2010 22.02.37 hudson.remoting.jnlp.Main$CuiListener status
INFO: Terminated
29-mar-2010 22.02.47 hudson.remoting.jnlp.Main$CuiListener status
INFO: Locating server among [http://hudson.mondidinamici.com/]
29-mar-2010 22.02.47 hudson.remoting.jnlp.Main$CuiListener status
INFO: Connecting to hudson.mondidinamici.com:34094
29-mar-2010 22.02.47 hudson.remoting.jnlp.Main$CuiListener status
INFO: Handshaking
29-mar-2010 22.02.47 hudson.remoting.jnlp.Main$CuiListener status
INFO: Connected
29-mar-2010 22.58.47 hudson.remoting.Engine$2 onDead
INFO: Ping failed. Terminating the socket.
29-mar-2010 22.58.47 hudson.remoting.Channel$ReaderThread run
GRAVE: I/O error in channel channel
java.net.SocketException: socket closed
	at java.net.SocketInputStream.socketRead0(Native Method)
	at java.net.SocketInputStream.read(Unknown Source)
	at java.io.BufferedInputStream.fill(Unknown Source)
	at java.io.BufferedInputStream.read(Unknown Source)
	at java.io.ObjectInputStream$PeekInputStream.peek(Unknown Source)
	at java.io.ObjectInputStream$BlockDataInputStream.peek(Unknown Source)
	at java.io.ObjectInputStream$BlockDataInputStream.peekByte(Unknown Source)
	at java.io.ObjectInputStream.readObject0(Unknown Source)
	at java.io.ObjectInputStream.readObject(Unknown Source)
	at hudson.remoting.Channel$ReaderThread.run(Channel.java:856)
29-mar-2010 22.58.47 hudson.remoting.jnlp.Main$CuiListener status
INFO: Terminated
29-mar-2010 22.58.57 hudson.remoting.jnlp.Main$CuiListener status
INFO: Locating server among [http://hudson.mondidinamici.com/]
29-mar-2010 22.58.57 hudson.remoting.jnlp.Main$CuiListener status
INFO: Connecting to hudson.mondidinamici.com:34094
29-mar-2010 22.58.57 hudson.remoting.jnlp.Main$CuiListener status
INFO: Handshaking
29-mar-2010 22.58.58 hudson.remoting.jnlp.Main$CuiListener status
INFO: Connected
30-mar-2010 2.59.58 hudson.remoting.Engine$2 onDead
INFO: Ping failed. Terminating the socket.
30-mar-2010 2.59.58 hudson.remoting.Channel$ReaderThread run
GRAVE: I/O error in channel channel
java.net.SocketException: socket closed
	at java.net.SocketInputStream.socketRead0(Native Method)
	at java.net.SocketInputStream.read(Unknown Source)
	at java.io.BufferedInputStream.fill(Unknown Source)
	at java.io.BufferedInputStream.read(Unknown Source)
	at java.io.ObjectInputStream$PeekInputStream.peek(Unknown Source)
	at java.io.ObjectInputStream$BlockDataInputStream.peek(Unknown Source)
	at java.io.ObjectInputStream$BlockDataInputStream.peekByte(Unknown Source)
	at java.io.ObjectInputStream.readObject0(Unknown Source)
	at java.io.ObjectInputStream.readObject(Unknown Source)
	at hudson.remoting.Channel$ReaderThread.run(Channel.java:856)
30-mar-2010 2.59.58 hudson.remoting.jnlp.Main$CuiListener status
INFO: Terminated
30-mar-2010 3.00.08 hudson.remoting.jnlp.Main$CuiListener status
INFO: Locating server among [http://hudson.mondidinamici.com/]
30-mar-2010 3.00.08 hudson.remoting.jnlp.Main$CuiListener status
INFO: Connecting to hudson.mondidinamici.com:34094
30-mar-2010 3.00.08 hudson.remoting.jnlp.Main$CuiListener status
INFO: Handshaking
30-mar-2010 3.00.08 hudson.remoting.jnlp.Main$CuiListener status
INFO: Connected
30-mar-2010 4.01.08 hudson.remoting.Engine$2 onDead
INFO: Ping failed. Terminating the socket.
30-mar-2010 4.01.08 hudson.remoting.Channel$ReaderThread run
GRAVE: I/O error in channel channel
java.net.SocketException: socket closed
	at java.net.SocketInputStream.socketRead0(Native Method)
	at java.net.SocketInputStream.read(Unknown Source)
	at java.io.BufferedInputStream.fill(Unknown Source)
	at java.io.BufferedInputStream.read(Unknown Source)
	at java.io.ObjectInputStream$PeekInputStream.peek(Unknown Source)
	at java.io.ObjectInputStream$BlockDataInputStream.peek(Unknown Source)
	at java.io.ObjectInputStream$BlockDataInputStream.peekByte(Unknown Source)
	at java.io.ObjectInputStream.readObject0(Unknown Source)
	at java.io.ObjectInputStream.readObject(Unknown Source)
	at hudson.remoting.Channel$ReaderThread.run(Channel.java:856)
30-mar-2010 4.01.08 hudson.remoting.jnlp.Main$CuiListener status
INFO: Terminated
30-mar-2010 4.01.18 hudson.remoting.jnlp.Main$CuiListener status
INFO: Locating server among [http://hudson.mondidinamici.com/]
30-mar-2010 4.01.18 hudson.remoting.jnlp.Main$CuiListener status
INFO: Connecting to hudson.mondidinamici.com:34094
30-mar-2010 4.01.18 hudson.remoting.jnlp.Main$CuiListener status
INFO: Handshaking
30-mar-2010 4.01.18 hudson.remoting.jnlp.Main$CuiListener status
INFO: Connected
30-mar-2010 15.56.34 hudson.remoting.Channel$ReaderThread run
GRAVE: I/O error in channel channel
java.io.EOFException
	at java.io.ObjectInputStream$BlockDataInputStream.peekByte(Unknown Source)
	at java.io.ObjectInputStream.readObject0(Unknown Source)
	at java.io.ObjectInputStream.readObject(Unknown Source)
	at hudson.remoting.Channel$ReaderThread.run(Channel.java:856)
30-mar-2010 15.56.34 hudson.remoting.jnlp.Main$CuiListener status
INFO: Terminated
30-mar-2010 15.57.25 hudson.remoting.jnlp.Main$CuiListener status
INFO: Locating server among [http://hudson.mondidinamici.com/]
30-mar-2010 15.57.25 hudson.remoting.jnlp.Main$CuiListener status
INFO: Connecting to hudson.mondidinamici.com:40063
30-mar-2010 15.57.25 hudson.remoting.jnlp.Main$CuiListener status
INFO: Handshaking
30-mar-2010 15.57.25 hudson.remoting.jnlp.Main$CuiListener status
INFO: Connected
30-mar-2010 16.21.15 hudson.remoting.Channel$ReaderThread run
GRAVE: I/O error in channel channel
java.io.EOFException
	at java.io.ObjectInputStream$BlockDataInputStream.peekByte(Unknown Source)
	at java.io.ObjectInputStream.readObject0(Unknown Source)
	at java.io.ObjectInputStream.readObject(Unknown Source)
	at hudson.remoting.Channel$ReaderThread.run(Channel.java:856)
30-mar-2010 16.21.15 hudson.remoting.jnlp.Main$CuiListener status
INFO: Terminated
30-mar-2010 16.22.25 hudson.remoting.jnlp.Main$CuiListener status
INFO: Locating server among [http://hudson.mondidinamici.com/]
30-mar-2010 16.22.25 hudson.remoting.jnlp.Main$CuiListener status
INFO: Connecting to hudson.mondidinamici.com:37148
30-mar-2010 16.22.25 hudson.remoting.jnlp.Main$CuiListener status
INFO: Handshaking
30-mar-2010 16.22.26 hudson.remoting.jnlp.Main$CuiListener status
INFO: Connected
30-mar-2010 17.23.33 hudson.remoting.Channel$ReaderThread run
GRAVE: I/O error in channel channel
java.io.EOFException
	at java.io.ObjectInputStream$BlockDataInputStream.peekByte(Unknown Source)
	at java.io.ObjectInputStream.readObject0(Unknown Source)
	at java.io.ObjectInputStream.readObject(Unknown Source)
	at hudson.remoting.Channel$ReaderThread.run(Channel.java:856)
30-mar-2010 17.23.33 hudson.remoting.jnlp.Main$CuiListener status
INFO: Terminated
30-mar-2010 17.24.44 hudson.remoting.jnlp.Main$CuiListener status
INFO: Locating server among [http://hudson.mondidinamici.com/]
30-mar-2010 17.24.44 hudson.remoting.jnlp.Main$CuiListener status
INFO: Connecting to hudson.mondidinamici.com:43599
30-mar-2010 17.24.44 hudson.remoting.jnlp.Main$CuiListener status
INFO: Handshaking
30-mar-2010 17.24.44 hudson.remoting.jnlp.Main$CuiListener status
INFO: Connected
