2020-02-24 03:56:26.766+0000 [id=1]	INFO	org.eclipse.jetty.util.log.Log#initialized: Logging initialized @3283ms to org.eclipse.jetty.util.log.JavaUtilLog
2020-02-24 03:56:27.008+0000 [id=1]	INFO	winstone.Logger#logInternal: Beginning extraction from war file
2020-02-24 03:56:33.740+0000 [id=1]	WARNING	o.e.j.s.handler.ContextHandler#setContextPath: Empty contextPath
2020-02-24 03:56:33.806+0000 [id=1]	INFO	org.eclipse.jetty.server.Server#doStart: jetty-9.4.z-SNAPSHOT; built: 2019-05-02T00:04:53.875Z; git: e1bc35120a6617ee3df052294e433f3a25ce7097; jvm 1.8.0_144-b01
2020-02-24 03:56:40.624+0000 [id=1]	INFO	o.e.j.w.StandardDescriptorProcessor#visitServlet: NO JSP Support for /, did not find org.eclipse.jetty.jsp.JettyJspServlet
2020-02-24 03:56:40.685+0000 [id=1]	INFO	o.e.j.s.s.DefaultSessionIdManager#doStart: DefaultSessionIdManager workerName=node0
2020-02-24 03:56:40.685+0000 [id=1]	INFO	o.e.j.s.s.DefaultSessionIdManager#doStart: No SessionScavenger set, using defaults
2020-02-24 03:56:40.688+0000 [id=1]	INFO	o.e.j.server.session.HouseKeeper#startScavenging: node0 Scavenging every 660000ms
2020-02-24 03:56:42.100+0000 [id=1]	INFO	hudson.WebAppMain#contextInitialized: Jenkins home directory: C:\Program Files (x86)\Jenkins found at: EnvVars.masterEnvVars.get("JENKINS_HOME")
2020-02-24 03:56:42.506+0000 [id=1]	INFO	o.e.j.s.handler.ContextHandler#doStart: Started w.@e6516e{Jenkins v2.204.2,/,file:///C:/Program%20Files%20(x86)/Jenkins/war/,AVAILABLE}{C:\Program Files (x86)\Jenkins\war}
2020-02-24 03:56:42.529+0000 [id=1]	INFO	o.e.j.server.AbstractConnector#doStart: Started ServerConnector@1df23d3{HTTP/1.1,[http/1.1]}{0.0.0.0:8080}
2020-02-24 03:56:42.529+0000 [id=1]	INFO	org.eclipse.jetty.server.Server#doStart: Started @19043ms
2020-02-24 03:56:42.529+0000 [id=19]	INFO	winstone.Logger#logInternal: Winstone Servlet Engine v4.0 running: controlPort=disabled
2020-02-24 03:56:44.522+0000 [id=26]	INFO	jenkins.InitReactorRunner$1#onAttained: Started initialization
2020-02-24 03:56:44.553+0000 [id=31]	INFO	jenkins.InitReactorRunner$1#onAttained: Listed all plugins
2020-02-24 03:56:46.224+0000 [id=31]	INFO	jenkins.InitReactorRunner$1#onAttained: Prepared all plugins
2020-02-24 03:56:46.234+0000 [id=26]	INFO	jenkins.InitReactorRunner$1#onAttained: Started all plugins
2020-02-24 03:56:46.243+0000 [id=24]	INFO	jenkins.InitReactorRunner$1#onAttained: Augmented all extensions
2020-02-24 03:56:48.572+0000 [id=24]	INFO	jenkins.InitReactorRunner$1#onAttained: Loaded all jobs
2020-02-24 03:56:48.587+0000 [id=44]	INFO	hudson.model.AsyncPeriodicWork#lambda$doRun$0: Started Download metadata
2020-02-24 03:56:48.604+0000 [id=44]	INFO	hudson.util.Retrier#start: Attempt #1 to do the action check updates server
2020-02-24 03:56:49.897+0000 [id=31]	INFO	o.s.c.s.AbstractApplicationContext#prepareRefresh: Refreshing org.springframework.web.context.support.StaticWebApplicationContext@bb1ef9: display name [Root WebApplicationContext]; startup date [Sun Feb 23 21:56:49 CST 2020]; root of context hierarchy
2020-02-24 03:56:49.897+0000 [id=31]	INFO	o.s.c.s.AbstractApplicationContext#obtainFreshBeanFactory: Bean factory for application context [org.springframework.web.context.support.StaticWebApplicationContext@bb1ef9]: org.springframework.beans.factory.support.DefaultListableBeanFactory@19c1c1e
2020-02-24 03:56:49.927+0000 [id=31]	INFO	o.s.b.f.s.DefaultListableBeanFactory#preInstantiateSingletons: Pre-instantiating singletons in org.springframework.beans.factory.support.DefaultListableBeanFactory@19c1c1e: defining beans [authenticationManager]; root of factory hierarchy
2020-02-24 03:56:50.327+0000 [id=31]	INFO	o.s.c.s.AbstractApplicationContext#prepareRefresh: Refreshing org.springframework.web.context.support.StaticWebApplicationContext@106db4d: display name [Root WebApplicationContext]; startup date [Sun Feb 23 21:56:50 CST 2020]; root of context hierarchy
2020-02-24 03:56:50.330+0000 [id=31]	INFO	o.s.c.s.AbstractApplicationContext#obtainFreshBeanFactory: Bean factory for application context [org.springframework.web.context.support.StaticWebApplicationContext@106db4d]: org.springframework.beans.factory.support.DefaultListableBeanFactory@1611059
2020-02-24 03:56:50.331+0000 [id=31]	INFO	o.s.b.f.s.DefaultListableBeanFactory#preInstantiateSingletons: Pre-instantiating singletons in org.springframework.beans.factory.support.DefaultListableBeanFactory@1611059: defining beans [filter,legacy]; root of factory hierarchy
2020-02-24 03:56:50.791+0000 [id=31]	INFO	jenkins.install.SetupWizard#init: 

*************************************************************
*************************************************************
*************************************************************

Jenkins initial setup is required. An admin user has been created and a password generated.
Please use the following password to proceed to installation:

f88fcd08be494b5582b4e0ff53330ddd

This may also be found at: C:\Program Files (x86)\Jenkins\secrets\initialAdminPassword

*************************************************************
*************************************************************
*************************************************************

2020-02-24 03:57:02.065+0000 [id=44]	INFO	hudson.model.UpdateSite#updateData: Obtained the latest update center data file for UpdateSource default
2020-02-24 03:57:02.773+0000 [id=44]	INFO	h.m.DownloadService$Downloadable#load: Obtained the updated data file for hudson.tasks.Maven.MavenInstaller
2020-02-24 03:57:02.773+0000 [id=44]	INFO	hudson.util.Retrier#start: Performed the action check updates server successfully at the attempt #1
2020-02-24 03:57:02.778+0000 [id=44]	INFO	hudson.model.AsyncPeriodicWork#lambda$doRun$0: Finished Download metadata. 14,189 ms
2020-02-24 03:57:03.602+0000 [id=31]	INFO	hudson.model.UpdateSite#updateData: Obtained the latest update center data file for UpdateSource default
2020-02-24 03:57:04.015+0000 [id=31]	INFO	jenkins.InitReactorRunner$1#onAttained: Completed initialization
2020-02-24 03:57:04.060+0000 [id=18]	INFO	hudson.WebAppMain$3#run: Jenkins is fully up and running
2020-02-24 04:10:12.451+0000 [id=1]	INFO	org.eclipse.jetty.util.log.Log#initialized: Logging initialized @428ms to org.eclipse.jetty.util.log.JavaUtilLog
2020-02-24 04:10:12.557+0000 [id=1]	INFO	winstone.Logger#logInternal: Beginning extraction from war file
2020-02-24 04:10:12.597+0000 [id=1]	WARNING	o.e.j.s.handler.ContextHandler#setContextPath: Empty contextPath
2020-02-24 04:10:12.657+0000 [id=1]	INFO	org.eclipse.jetty.server.Server#doStart: jetty-9.4.z-SNAPSHOT; built: 2019-05-02T00:04:53.875Z; git: e1bc35120a6617ee3df052294e433f3a25ce7097; jvm 1.8.0_144-b01
2020-02-24 04:10:13.505+0000 [id=1]	INFO	o.e.j.w.StandardDescriptorProcessor#visitServlet: NO JSP Support for /, did not find org.eclipse.jetty.jsp.JettyJspServlet
2020-02-24 04:10:13.555+0000 [id=1]	INFO	o.e.j.s.s.DefaultSessionIdManager#doStart: DefaultSessionIdManager workerName=node0
2020-02-24 04:10:13.556+0000 [id=1]	INFO	o.e.j.s.s.DefaultSessionIdManager#doStart: No SessionScavenger set, using defaults
2020-02-24 04:10:13.559+0000 [id=1]	INFO	o.e.j.server.session.HouseKeeper#startScavenging: node0 Scavenging every 600000ms
2020-02-24 04:10:14.082+0000 [id=1]	INFO	hudson.WebAppMain#contextInitialized: Jenkins home directory: C:\Program Files (x86)\Jenkins found at: EnvVars.masterEnvVars.get("JENKINS_HOME")
2020-02-24 04:10:14.203+0000 [id=1]	INFO	o.e.j.s.handler.ContextHandler#doStart: Started w.@959ca4{Jenkins v2.204.2,/,file:///C:/Program%20Files%20(x86)/Jenkins/war/,AVAILABLE}{C:\Program Files (x86)\Jenkins\war}
2020-02-24 04:10:14.214+0000 [id=1]	INFO	o.e.j.server.AbstractConnector#doStop: Stopped ServerConnector@407d53{HTTP/1.1,[http/1.1]}{0.0.0.0:8080}
2020-02-24 04:10:14.214+0000 [id=1]	INFO	o.e.j.server.session.HouseKeeper#stopScavenging: node0 Stopped scavenging
2020-02-24 04:10:14.219+0000 [id=1]	INFO	hudson.WebAppMain#contextDestroyed: Shutting down a Jenkins instance that was still starting up
java.lang.Throwable: reason
	at hudson.WebAppMain.contextDestroyed(WebAppMain.java:388)
	at org.eclipse.jetty.server.handler.ContextHandler.callContextDestroyed(ContextHandler.java:965)
	at org.eclipse.jetty.servlet.ServletContextHandler.callContextDestroyed(ServletContextHandler.java:566)
	at org.eclipse.jetty.server.handler.ContextHandler.stopContext(ContextHandler.java:942)
	at org.eclipse.jetty.servlet.ServletContextHandler.stopContext(ServletContextHandler.java:376)
	at org.eclipse.jetty.webapp.WebAppContext.stopWebapp(WebAppContext.java:1503)
	at org.eclipse.jetty.webapp.WebAppContext.stopContext(WebAppContext.java:1467)
	at org.eclipse.jetty.server.handler.ContextHandler.doStop(ContextHandler.java:1009)
	at org.eclipse.jetty.servlet.ServletContextHandler.doStop(ServletContextHandler.java:288)
	at org.eclipse.jetty.webapp.WebAppContext.doStop(WebAppContext.java:569)
	at org.eclipse.jetty.util.component.AbstractLifeCycle.stop(AbstractLifeCycle.java:89)
	at org.eclipse.jetty.util.component.ContainerLifeCycle.stop(ContainerLifeCycle.java:178)
	at org.eclipse.jetty.util.component.ContainerLifeCycle.doStop(ContainerLifeCycle.java:199)
	at org.eclipse.jetty.server.handler.AbstractHandler.doStop(AbstractHandler.java:124)
	at org.eclipse.jetty.server.Server.doStop(Server.java:464)
	at org.eclipse.jetty.util.component.AbstractLifeCycle.stop(AbstractLifeCycle.java:89)
	at winstone.Launcher.shutdown(Launcher.java:313)
	at winstone.Launcher.<init>(Launcher.java:200)
	at winstone.Launcher.main(Launcher.java:362)
	at sun.reflect.NativeMethodAccessorImpl.invoke0(Native Method)
	at sun.reflect.NativeMethodAccessorImpl.invoke(Unknown Source)
	at sun.reflect.DelegatingMethodAccessorImpl.invoke(Unknown Source)
	at java.lang.reflect.Method.invoke(Unknown Source)
	at Main._main(Main.java:375)
	at Main.main(Main.java:151)
Exception in thread "Jenkins initialization thread" 2020-02-24 04:10:14.223+0000 [id=1]	INFO	o.e.j.s.handler.ContextHandler#doStop: Stopped w.@959ca4{Jenkins v2.204.2,/,null,UNAVAILABLE}{C:\Program Files (x86)\Jenkins\war}
java.lang.NoClassDefFoundError: hudson/util/HudsonFailedToLoad
	at hudson.WebAppMain$3.run(WebAppMain.java:247)
Caused by: java.lang.ClassNotFoundException: hudson.util.HudsonFailedToLoad
	at java.net.URLClassLoader.findClass(Unknown Source)
	at java.lang.ClassLoader.loadClass(Unknown Source)
	at java.lang.ClassLoader.loadClass(Unknown Source)
	at org.eclipse.jetty.webapp.WebAppClassLoader.loadClass(WebAppClassLoader.java:555)
	at java.lang.ClassLoader.loadClass(Unknown Source)
	... 1 more
2020-02-24 04:10:14.224+0000 [id=1]	INFO	winstone.Logger#logInternal: Jetty shutdown successfully
java.io.IOException: Failed to start Jetty
	at winstone.Launcher.<init>(Launcher.java:189)
	at winstone.Launcher.main(Launcher.java:362)
	at sun.reflect.NativeMethodAccessorImpl.invoke0(Native Method)
	at sun.reflect.NativeMethodAccessorImpl.invoke(Unknown Source)
	at sun.reflect.DelegatingMethodAccessorImpl.invoke(Unknown Source)
	at java.lang.reflect.Method.invoke(Unknown Source)
	at Main._main(Main.java:375)
	at Main.main(Main.java:151)
Caused by: java.io.IOException: Failed to bind to 0.0.0.0/0.0.0.0:8080
	at org.eclipse.jetty.server.ServerConnector.openAcceptChannel(ServerConnector.java:346)
	at org.eclipse.jetty.server.ServerConnector.open(ServerConnector.java:308)
	at org.eclipse.jetty.server.AbstractNetworkConnector.doStart(AbstractNetworkConnector.java:80)
	at org.eclipse.jetty.server.ServerConnector.doStart(ServerConnector.java:236)
	at org.eclipse.jetty.util.component.AbstractLifeCycle.start(AbstractLifeCycle.java:68)
	at org.eclipse.jetty.server.Server.doStart(Server.java:396)
	at org.eclipse.jetty.util.component.AbstractLifeCycle.start(AbstractLifeCycle.java:68)
	at winstone.Launcher.<init>(Launcher.java:187)
	... 7 more
Caused by: java.net.BindException: Address already in use: bind
	at sun.nio.ch.Net.bind0(Native Method)
	at sun.nio.ch.Net.bind(Unknown Source)
	at sun.nio.ch.Net.bind(Unknown Source)
	at sun.nio.ch.ServerSocketChannelImpl.bind(Unknown Source)
	at sun.nio.ch.ServerSocketAdaptor.bind(Unknown Source)
	at org.eclipse.jetty.server.ServerConnector.openAcceptChannel(ServerConnector.java:342)
	... 14 more
2020-02-24 04:10:14.225+0000 [id=1]	SEVERE	winstone.Logger#logInternal: Container startup failed
java.net.BindException: Address already in use: bind
	at sun.nio.ch.Net.bind0(Native Method)
	at sun.nio.ch.Net.bind(Unknown Source)
	at sun.nio.ch.Net.bind(Unknown Source)
	at sun.nio.ch.ServerSocketChannelImpl.bind(Unknown Source)
	at sun.nio.ch.ServerSocketAdaptor.bind(Unknown Source)
	at org.eclipse.jetty.server.ServerConnector.openAcceptChannel(ServerConnector.java:342)
Caused: java.io.IOException: Failed to bind to 0.0.0.0/0.0.0.0:8080
	at org.eclipse.jetty.server.ServerConnector.openAcceptChannel(ServerConnector.java:346)
	at org.eclipse.jetty.server.ServerConnector.open(ServerConnector.java:308)
	at org.eclipse.jetty.server.AbstractNetworkConnector.doStart(AbstractNetworkConnector.java:80)
	at org.eclipse.jetty.server.ServerConnector.doStart(ServerConnector.java:236)
	at org.eclipse.jetty.util.component.AbstractLifeCycle.start(AbstractLifeCycle.java:68)
	at org.eclipse.jetty.server.Server.doStart(Server.java:396)
	at org.eclipse.jetty.util.component.AbstractLifeCycle.start(AbstractLifeCycle.java:68)
	at winstone.Launcher.<init>(Launcher.java:187)
Caused: java.io.IOException: Failed to start Jetty
	at winstone.Launcher.<init>(Launcher.java:189)
	at winstone.Launcher.main(Launcher.java:362)
	at sun.reflect.NativeMethodAccessorImpl.invoke0(Native Method)
	at sun.reflect.NativeMethodAccessorImpl.invoke(Unknown Source)
	at sun.reflect.DelegatingMethodAccessorImpl.invoke(Unknown Source)
	at java.lang.reflect.Method.invoke(Unknown Source)
	at Main._main(Main.java:375)
	at Main.main(Main.java:151)
