2022-12-21 17:31:12.799+0000 [id=1]	INFO	winstone.Logger#logInternal: Beginning extraction from war file
2022-12-21 17:31:17.706+0000 [id=1]	WARNING	o.e.j.s.handler.ContextHandler#setContextPath: Empty contextPath
2022-12-21 17:31:17.864+0000 [id=1]	INFO	org.eclipse.jetty.server.Server#doStart: jetty-10.0.12; built: 2022-09-14T01:54:40.076Z; git: 408d0139887e27a57b54ed52e2d92a36731a7e88; jvm 11.0.16+11-LTS-199
2022-12-21 17:31:19.390+0000 [id=1]	INFO	o.e.j.w.StandardDescriptorProcessor#visitServlet: NO JSP Support for /, did not find org.eclipse.jetty.jsp.JettyJspServlet
2022-12-21 17:31:19.488+0000 [id=1]	INFO	o.e.j.s.s.DefaultSessionIdManager#doStart: Session workerName=node0
2022-12-21 17:31:20.395+0000 [id=1]	INFO	hudson.WebAppMain#contextInitialized: Jenkins home directory: C:\ProgramData\Jenkins\.jenkins found at: EnvVars.masterEnvVars.get("JENKINS_HOME")
2022-12-21 17:31:20.642+0000 [id=1]	INFO	o.e.j.s.handler.ContextHandler#doStart: Started w.@475646d4{Jenkins v2.375.1,/,file:///C:/ProgramData/Jenkins/war/,AVAILABLE}{C:\ProgramData\Jenkins\war}
2022-12-21 17:31:20.698+0000 [id=1]	INFO	o.e.j.server.AbstractConnector#doStart: Started ServerConnector@5b529706{HTTP/1.1, (http/1.1)}{0.0.0.0:8080}
2022-12-21 17:31:20.733+0000 [id=1]	INFO	org.eclipse.jetty.server.Server#doStart: Started Server@2a2c13a8{STARTING}[10.0.12,sto=0] @9740ms
2022-12-21 17:31:20.742+0000 [id=25]	INFO	winstone.Logger#logInternal: Winstone Servlet Engine running: controlPort=disabled
2022-12-21 17:31:21.253+0000 [id=32]	INFO	jenkins.InitReactorRunner$1#onAttained: Started initialization
2022-12-21 17:31:21.258+0000 [id=33]	INFO	jenkins.InitReactorRunner$1#onAttained: Listed all plugins
2022-12-21 17:31:23.585+0000 [id=43]	INFO	jenkins.InitReactorRunner$1#onAttained: Prepared all plugins
2022-12-21 17:31:23.607+0000 [id=36]	INFO	jenkins.InitReactorRunner$1#onAttained: Started all plugins
2022-12-21 17:31:23.623+0000 [id=42]	INFO	jenkins.InitReactorRunner$1#onAttained: Augmented all extensions
2022-12-21 17:31:24.043+0000 [id=37]	INFO	jenkins.InitReactorRunner$1#onAttained: System config loaded
2022-12-21 17:31:24.045+0000 [id=43]	INFO	jenkins.InitReactorRunner$1#onAttained: System config adapted
2022-12-21 17:31:24.045+0000 [id=43]	INFO	jenkins.InitReactorRunner$1#onAttained: Loaded all jobs
2022-12-21 17:31:24.047+0000 [id=43]	INFO	jenkins.InitReactorRunner$1#onAttained: Configuration for all jobs updated
2022-12-21 17:31:24.088+0000 [id=58]	INFO	hudson.util.Retrier#start: Attempt #1 to do the action check updates server
WARNING: An illegal reflective access operation has occurred
WARNING: Illegal reflective access by org.codehaus.groovy.vmplugin.v7.Java7$1 (file:/C:/ProgramData/Jenkins/war/WEB-INF/lib/groovy-all-2.4.21.jar) to constructor java.lang.invoke.MethodHandles$Lookup(java.lang.Class,int)
WARNING: Please consider reporting this to the maintainers of org.codehaus.groovy.vmplugin.v7.Java7$1
WARNING: Use --illegal-access=warn to enable warnings of further illegal reflective access operations
WARNING: All illegal access operations will be denied in a future release
2022-12-21 17:31:24.703+0000 [id=44]	INFO	jenkins.install.SetupWizard#init: 

*************************************************************
*************************************************************
*************************************************************

Jenkins initial setup is required. An admin user has been created and a password generated.
Please use the following password to proceed to installation:

c3c8e282b39f4822a5e1e2915cde6101

This may also be found at: C:\ProgramData\Jenkins\.jenkins\secrets\initialAdminPassword

*************************************************************
*************************************************************
*************************************************************

2022-12-21 17:31:44.415+0000 [id=58]	INFO	hudson.util.Retrier#start: The attempt #1 to do the action check updates server failed with an allowed exception:
java.net.SocketTimeoutException: connect timed out
	at java.base/java.net.PlainSocketImpl.waitForConnect(Native Method)
	at java.base/java.net.PlainSocketImpl.socketConnect(PlainSocketImpl.java:107)
	at java.base/java.net.AbstractPlainSocketImpl.doConnect(AbstractPlainSocketImpl.java:412)
	at java.base/java.net.AbstractPlainSocketImpl.connectToAddress(AbstractPlainSocketImpl.java:255)
	at java.base/java.net.AbstractPlainSocketImpl.connect(AbstractPlainSocketImpl.java:237)
	at java.base/java.net.SocksSocketImpl.connect(SocksSocketImpl.java:392)
	at java.base/java.net.Socket.connect(Socket.java:608)
	at java.base/sun.security.ssl.SSLSocketImpl.connect(SSLSocketImpl.java:302)
	at java.base/sun.net.NetworkClient.doConnect(NetworkClient.java:177)
	at java.base/sun.net.www.http.HttpClient.openServer(HttpClient.java:508)
	at java.base/sun.net.www.http.HttpClient.openServer(HttpClient.java:603)
	at java.base/sun.net.www.protocol.https.HttpsClient.<init>(HttpsClient.java:265)
	at java.base/sun.net.www.protocol.https.HttpsClient.New(HttpsClient.java:372)
	at java.base/sun.net.www.protocol.https.AbstractDelegateHttpsURLConnection.getNewHttpClient(AbstractDelegateHttpsURLConnection.java:207)
	at java.base/sun.net.www.protocol.http.HttpURLConnection.plainConnect0(HttpURLConnection.java:1187)
	at java.base/sun.net.www.protocol.http.HttpURLConnection.plainConnect(HttpURLConnection.java:1081)
	at java.base/sun.net.www.protocol.https.AbstractDelegateHttpsURLConnection.connect(AbstractDelegateHttpsURLConnection.java:193)
	at java.base/sun.net.www.protocol.http.HttpURLConnection.getInputStream0(HttpURLConnection.java:1592)
	at java.base/sun.net.www.protocol.http.HttpURLConnection.getInputStream(HttpURLConnection.java:1520)
	at java.base/sun.net.www.protocol.https.HttpsURLConnectionImpl.getInputStream(HttpsURLConnectionImpl.java:250)
	at hudson.model.DownloadService.loadJSON(DownloadService.java:122)
	at hudson.model.UpdateSite.updateDirectlyNow(UpdateSite.java:219)
	at hudson.model.UpdateSite.updateDirectlyNow(UpdateSite.java:214)
	at hudson.PluginManager.checkUpdatesServer(PluginManager.java:2039)
	at hudson.util.Retrier.start(Retrier.java:62)
	at hudson.PluginManager.doCheckUpdatesServer(PluginManager.java:2010)
	at jenkins.DailyCheck.execute(DailyCheck.java:93)
	at hudson.model.AsyncPeriodicWork.lambda$doRun$0(AsyncPeriodicWork.java:102)
	at java.base/java.lang.Thread.run(Thread.java:834)
2022-12-21 17:31:44.418+0000 [id=58]	INFO	hudson.util.Retrier#start: Calling the listener of the allowed exception 'connect timed out' at the attempt #1 to do the action check updates server
2022-12-21 17:31:44.420+0000 [id=58]	INFO	hudson.util.Retrier#start: Attempted the action check updates server for 1 time(s) with no success
2022-12-21 17:31:44.433+0000 [id=58]	SEVERE	hudson.PluginManager#doCheckUpdatesServer: Error checking update sites for 1 attempt(s). Last exception was: SocketTimeoutException: connect timed out
2022-12-21 17:31:44.722+0000 [id=44]	WARNING	hudson.model.UpdateCenter#updateDefaultSite: Upgrading Jenkins. Failed to update the default Update Site 'default'. Plugin upgrades may fail.
java.net.SocketTimeoutException: connect timed out
	at java.base/java.net.PlainSocketImpl.waitForConnect(Native Method)
	at java.base/java.net.PlainSocketImpl.socketConnect(PlainSocketImpl.java:107)
	at java.base/java.net.AbstractPlainSocketImpl.doConnect(AbstractPlainSocketImpl.java:412)
	at java.base/java.net.AbstractPlainSocketImpl.connectToAddress(AbstractPlainSocketImpl.java:255)
	at java.base/java.net.AbstractPlainSocketImpl.connect(AbstractPlainSocketImpl.java:237)
	at java.base/java.net.SocksSocketImpl.connect(SocksSocketImpl.java:392)
	at java.base/java.net.Socket.connect(Socket.java:608)
	at java.base/sun.security.ssl.SSLSocketImpl.connect(SSLSocketImpl.java:302)
	at java.base/sun.net.NetworkClient.doConnect(NetworkClient.java:177)
	at java.base/sun.net.www.http.HttpClient.openServer(HttpClient.java:508)
	at java.base/sun.net.www.http.HttpClient.openServer(HttpClient.java:603)
	at java.base/sun.net.www.protocol.https.HttpsClient.<init>(HttpsClient.java:265)
	at java.base/sun.net.www.protocol.https.HttpsClient.New(HttpsClient.java:372)
	at java.base/sun.net.www.protocol.https.AbstractDelegateHttpsURLConnection.getNewHttpClient(AbstractDelegateHttpsURLConnection.java:207)
	at java.base/sun.net.www.protocol.http.HttpURLConnection.plainConnect0(HttpURLConnection.java:1187)
	at java.base/sun.net.www.protocol.http.HttpURLConnection.plainConnect(HttpURLConnection.java:1081)
	at java.base/sun.net.www.protocol.https.AbstractDelegateHttpsURLConnection.connect(AbstractDelegateHttpsURLConnection.java:193)
	at java.base/sun.net.www.protocol.http.HttpURLConnection.getInputStream0(HttpURLConnection.java:1592)
	at java.base/sun.net.www.protocol.http.HttpURLConnection.getInputStream(HttpURLConnection.java:1520)
	at java.base/sun.net.www.protocol.https.HttpsURLConnectionImpl.getInputStream(HttpsURLConnectionImpl.java:250)
	at hudson.model.DownloadService.loadJSON(DownloadService.java:122)
	at hudson.model.UpdateSite.updateDirectlyNow(UpdateSite.java:219)
	at hudson.model.UpdateSite.updateDirectlyNow(UpdateSite.java:214)
	at hudson.model.UpdateCenter.updateDefaultSite(UpdateCenter.java:2672)
	at jenkins.install.SetupWizard.init(SetupWizard.java:209)
	at jenkins.install.InstallState$InitialSecuritySetup.initializeState(InstallState.java:182)
	at jenkins.model.Jenkins.setInstallState(Jenkins.java:1134)
	at jenkins.install.InstallUtil.proceedToNextStateFrom(InstallUtil.java:99)
	at jenkins.install.InstallState$Unknown.initializeState(InstallState.java:88)
	at jenkins.model.Jenkins$15.run(Jenkins.java:3500)
	at org.jvnet.hudson.reactor.TaskGraphBuilder$TaskImpl.run(TaskGraphBuilder.java:177)
	at org.jvnet.hudson.reactor.Reactor.runTask(Reactor.java:305)
	at jenkins.model.Jenkins$5.runTask(Jenkins.java:1161)
	at org.jvnet.hudson.reactor.Reactor$2.run(Reactor.java:221)
	at org.jvnet.hudson.reactor.Reactor$Node.run(Reactor.java:120)
	at jenkins.security.ImpersonatingExecutorService$1.run(ImpersonatingExecutorService.java:70)
	at java.base/java.util.concurrent.ThreadPoolExecutor.runWorker(ThreadPoolExecutor.java:1128)
	at java.base/java.util.concurrent.ThreadPoolExecutor$Worker.run(ThreadPoolExecutor.java:628)
	at java.base/java.lang.Thread.run(Thread.java:834)
2022-12-21 17:31:44.725+0000 [id=31]	INFO	jenkins.InitReactorRunner$1#onAttained: Completed initialization
2022-12-21 17:31:44.755+0000 [id=24]	INFO	hudson.lifecycle.Lifecycle#onReady: Jenkins is fully up and running
2022-12-21 17:48:53.515+0000 [id=1]	INFO	winstone.Logger#logInternal: Beginning extraction from war file
2022-12-21 17:48:53.623+0000 [id=1]	WARNING	o.e.j.s.handler.ContextHandler#setContextPath: Empty contextPath
2022-12-21 17:48:53.797+0000 [id=1]	INFO	org.eclipse.jetty.server.Server#doStart: jetty-10.0.12; built: 2022-09-14T01:54:40.076Z; git: 408d0139887e27a57b54ed52e2d92a36731a7e88; jvm 11.0.16+11-LTS-199
2022-12-21 17:48:55.342+0000 [id=1]	INFO	o.e.j.w.StandardDescriptorProcessor#visitServlet: NO JSP Support for /, did not find org.eclipse.jetty.jsp.JettyJspServlet
2022-12-21 17:48:55.486+0000 [id=1]	INFO	o.e.j.s.s.DefaultSessionIdManager#doStart: Session workerName=node0
2022-12-21 17:48:56.369+0000 [id=1]	INFO	hudson.WebAppMain#contextInitialized: Jenkins home directory: C:\ProgramData\Jenkins\.jenkins found at: EnvVars.masterEnvVars.get("JENKINS_HOME")
2022-12-21 17:48:56.573+0000 [id=1]	INFO	o.e.j.s.handler.ContextHandler#doStart: Started w.@6579c3d9{Jenkins v2.375.1,/,file:///C:/ProgramData/Jenkins/war/,AVAILABLE}{C:\ProgramData\Jenkins\war}
2022-12-21 17:48:56.606+0000 [id=1]	INFO	o.e.j.server.AbstractConnector#doStart: Started ServerConnector@561b6512{HTTP/1.1, (http/1.1)}{0.0.0.0:8080}
2022-12-21 17:48:56.632+0000 [id=1]	INFO	org.eclipse.jetty.server.Server#doStart: Started Server@dd0c991{STARTING}[10.0.12,sto=0] @5037ms
2022-12-21 17:48:56.638+0000 [id=26]	INFO	winstone.Logger#logInternal: Winstone Servlet Engine running: controlPort=disabled
2022-12-21 17:48:57.137+0000 [id=33]	INFO	jenkins.InitReactorRunner$1#onAttained: Started initialization
2022-12-21 17:48:57.191+0000 [id=43]	INFO	jenkins.InitReactorRunner$1#onAttained: Listed all plugins
2022-12-21 17:48:59.597+0000 [id=42]	INFO	jenkins.InitReactorRunner$1#onAttained: Prepared all plugins
2022-12-21 17:48:59.614+0000 [id=34]	INFO	jenkins.InitReactorRunner$1#onAttained: Started all plugins
2022-12-21 17:48:59.627+0000 [id=37]	INFO	jenkins.InitReactorRunner$1#onAttained: Augmented all extensions
2022-12-21 17:48:59.965+0000 [id=42]	INFO	jenkins.InitReactorRunner$1#onAttained: System config loaded
2022-12-21 17:48:59.970+0000 [id=40]	INFO	jenkins.InitReactorRunner$1#onAttained: System config adapted
2022-12-21 17:48:59.971+0000 [id=31]	INFO	jenkins.InitReactorRunner$1#onAttained: Loaded all jobs
2022-12-21 17:48:59.974+0000 [id=42]	INFO	jenkins.InitReactorRunner$1#onAttained: Configuration for all jobs updated
2022-12-21 17:49:00.048+0000 [id=59]	INFO	hudson.util.Retrier#start: Attempt #1 to do the action check updates server
WARNING: An illegal reflective access operation has occurred
WARNING: Illegal reflective access by org.codehaus.groovy.vmplugin.v7.Java7$1 (file:/C:/ProgramData/Jenkins/war/WEB-INF/lib/groovy-all-2.4.21.jar) to constructor java.lang.invoke.MethodHandles$Lookup(java.lang.Class,int)
WARNING: Please consider reporting this to the maintainers of org.codehaus.groovy.vmplugin.v7.Java7$1
WARNING: Use --illegal-access=warn to enable warnings of further illegal reflective access operations
WARNING: All illegal access operations will be denied in a future release
2022-12-21 17:49:00.302+0000 [id=41]	INFO	jenkins.install.SetupWizard#init: 

*************************************************************
*************************************************************
*************************************************************

Jenkins initial setup is required. An admin user has been created and a password generated.
Please use the following password to proceed to installation:

c3c8e282b39f4822a5e1e2915cde6101

This may also be found at: C:\ProgramData\Jenkins\.jenkins\secrets\initialAdminPassword

*************************************************************
*************************************************************
*************************************************************

2022-12-21 17:49:20.332+0000 [id=41]	WARNING	hudson.model.UpdateCenter#updateDefaultSite: Upgrading Jenkins. Failed to update the default Update Site 'default'. Plugin upgrades may fail.
java.net.SocketTimeoutException: connect timed out
	at java.base/java.net.PlainSocketImpl.waitForConnect(Native Method)
	at java.base/java.net.PlainSocketImpl.socketConnect(PlainSocketImpl.java:107)
	at java.base/java.net.AbstractPlainSocketImpl.doConnect(AbstractPlainSocketImpl.java:412)
	at java.base/java.net.AbstractPlainSocketImpl.connectToAddress(AbstractPlainSocketImpl.java:255)
	at java.base/java.net.AbstractPlainSocketImpl.connect(AbstractPlainSocketImpl.java:237)
	at java.base/java.net.Socket.connect(Socket.java:608)
	at java.base/sun.net.NetworkClient.doConnect(NetworkClient.java:177)
	at java.base/sun.net.www.http.HttpClient.openServer(HttpClient.java:508)
	at java.base/sun.net.www.http.HttpClient.openServer(HttpClient.java:603)
	at java.base/sun.net.www.http.HttpClient.<init>(HttpClient.java:276)
	at java.base/sun.net.www.http.HttpClient.New(HttpClient.java:375)
	at java.base/sun.net.www.http.HttpClient.New(HttpClient.java:396)
	at java.base/sun.net.www.protocol.http.HttpURLConnection.getNewHttpClient(HttpURLConnection.java:1253)
	at java.base/sun.net.www.protocol.http.HttpURLConnection.plainConnect0(HttpURLConnection.java:1187)
	at java.base/sun.net.www.protocol.http.HttpURLConnection.plainConnect(HttpURLConnection.java:1081)
	at java.base/sun.net.www.protocol.http.HttpURLConnection.connect(HttpURLConnection.java:1015)
	at java.base/sun.net.www.protocol.http.HttpURLConnection.getInputStream0(HttpURLConnection.java:1592)
	at java.base/sun.net.www.protocol.http.HttpURLConnection.getInputStream(HttpURLConnection.java:1520)
	at hudson.model.DownloadService.loadJSON(DownloadService.java:122)
	at hudson.model.UpdateSite.updateDirectlyNow(UpdateSite.java:219)
	at hudson.model.UpdateSite.updateDirectlyNow(UpdateSite.java:214)
	at hudson.model.UpdateCenter.updateDefaultSite(UpdateCenter.java:2672)
	at jenkins.install.SetupWizard.init(SetupWizard.java:209)
	at jenkins.install.InstallState$InitialSecuritySetup.initializeState(InstallState.java:182)
	at jenkins.model.Jenkins.setInstallState(Jenkins.java:1134)
	at jenkins.install.InstallUtil.proceedToNextStateFrom(InstallUtil.java:99)
	at jenkins.install.InstallState$Unknown.initializeState(InstallState.java:88)
	at jenkins.model.Jenkins$15.run(Jenkins.java:3500)
	at org.jvnet.hudson.reactor.TaskGraphBuilder$TaskImpl.run(TaskGraphBuilder.java:177)
	at org.jvnet.hudson.reactor.Reactor.runTask(Reactor.java:305)
	at jenkins.model.Jenkins$5.runTask(Jenkins.java:1161)
	at org.jvnet.hudson.reactor.Reactor$2.run(Reactor.java:221)
	at org.jvnet.hudson.reactor.Reactor$Node.run(Reactor.java:120)
	at jenkins.security.ImpersonatingExecutorService$1.run(ImpersonatingExecutorService.java:70)
	at java.base/java.util.concurrent.ThreadPoolExecutor.runWorker(ThreadPoolExecutor.java:1128)
	at java.base/java.util.concurrent.ThreadPoolExecutor$Worker.run(ThreadPoolExecutor.java:628)
	at java.base/java.lang.Thread.run(Thread.java:834)
2022-12-21 17:49:20.334+0000 [id=59]	INFO	hudson.util.Retrier#start: The attempt #1 to do the action check updates server failed with an allowed exception:
java.net.SocketTimeoutException: connect timed out
	at java.base/java.net.PlainSocketImpl.waitForConnect(Native Method)
	at java.base/java.net.PlainSocketImpl.socketConnect(PlainSocketImpl.java:107)
	at java.base/java.net.AbstractPlainSocketImpl.doConnect(AbstractPlainSocketImpl.java:412)
	at java.base/java.net.AbstractPlainSocketImpl.connectToAddress(AbstractPlainSocketImpl.java:255)
	at java.base/java.net.AbstractPlainSocketImpl.connect(AbstractPlainSocketImpl.java:237)
	at java.base/java.net.Socket.connect(Socket.java:608)
	at java.base/sun.net.NetworkClient.doConnect(NetworkClient.java:177)
	at java.base/sun.net.www.http.HttpClient.openServer(HttpClient.java:508)
	at java.base/sun.net.www.http.HttpClient.openServer(HttpClient.java:603)
	at java.base/sun.net.www.http.HttpClient.<init>(HttpClient.java:276)
	at java.base/sun.net.www.http.HttpClient.New(HttpClient.java:375)
	at java.base/sun.net.www.http.HttpClient.New(HttpClient.java:396)
	at java.base/sun.net.www.protocol.http.HttpURLConnection.getNewHttpClient(HttpURLConnection.java:1253)
	at java.base/sun.net.www.protocol.http.HttpURLConnection.plainConnect0(HttpURLConnection.java:1187)
	at java.base/sun.net.www.protocol.http.HttpURLConnection.plainConnect(HttpURLConnection.java:1081)
	at java.base/sun.net.www.protocol.http.HttpURLConnection.connect(HttpURLConnection.java:1015)
	at java.base/sun.net.www.protocol.http.HttpURLConnection.getInputStream0(HttpURLConnection.java:1592)
	at java.base/sun.net.www.protocol.http.HttpURLConnection.getInputStream(HttpURLConnection.java:1520)
	at hudson.model.DownloadService.loadJSON(DownloadService.java:122)
	at hudson.model.UpdateSite.updateDirectlyNow(UpdateSite.java:219)
	at hudson.model.UpdateSite.updateDirectlyNow(UpdateSite.java:214)
	at hudson.PluginManager.checkUpdatesServer(PluginManager.java:2039)
	at hudson.util.Retrier.start(Retrier.java:62)
	at hudson.PluginManager.doCheckUpdatesServer(PluginManager.java:2010)
	at jenkins.DailyCheck.execute(DailyCheck.java:93)
	at hudson.model.AsyncPeriodicWork.lambda$doRun$0(AsyncPeriodicWork.java:102)
	at java.base/java.lang.Thread.run(Thread.java:834)
2022-12-21 17:49:20.336+0000 [id=41]	INFO	jenkins.InitReactorRunner$1#onAttained: Completed initialization
2022-12-21 17:49:20.337+0000 [id=59]	INFO	hudson.util.Retrier#start: Calling the listener of the allowed exception 'connect timed out' at the attempt #1 to do the action check updates server
2022-12-21 17:49:20.351+0000 [id=59]	INFO	hudson.util.Retrier#start: Attempted the action check updates server for 1 time(s) with no success
2022-12-21 17:49:20.353+0000 [id=59]	SEVERE	hudson.PluginManager#doCheckUpdatesServer: Error checking update sites for 1 attempt(s). Last exception was: SocketTimeoutException: connect timed out
2022-12-21 17:49:20.378+0000 [id=24]	INFO	hudson.lifecycle.Lifecycle#onReady: Jenkins is fully up and running
