Nov 18, 2013 9:45:15 AM org.eclipse.jetty.util.log.JavaUtilLog info
INFO: jetty-8.y.z-SNAPSHOT
Nov 18, 2013 9:45:18 AM org.eclipse.jetty.util.log.JavaUtilLog info
INFO: Extract jar:file:/C:/Jenkins/jenkins.war!/ to C:\WINDOWS\Temp\jetty-0.0.0.0-80-jenkins.war--any-\webapp
Nov 18, 2013 9:45:42 AM org.eclipse.jetty.util.log.JavaUtilLog info
INFO: NO JSP Support for , did not find org.apache.jasper.servlet.JspServlet
Nov 18, 2013 9:45:44 AM org.eclipse.jetty.util.log.JavaUtilLog info
INFO: Started SelectChannelConnector@0.0.0.0:80
Nov 18, 2013 9:45:44 AM winstone.Logger logInternal
INFO: Winstone Servlet Engine v2.0 running: controlPort=disabled
Nov 18, 2013 9:45:48 AM org.kohsuke.stapler.jelly.AdjunctTag doTag
WARNING: AdjunctManager is not installed for this application. Skipping <adjunct> tags
java.lang.Exception
	at org.kohsuke.stapler.jelly.AdjunctTag.doTag(AdjunctTag.java:74)
	at org.apache.commons.jelly.impl.TagScript.run(TagScript.java:269)
	at org.apache.commons.jelly.impl.ScriptBlock.run(ScriptBlock.java:95)
	at org.kohsuke.stapler.jelly.ReallyStaticTagLibrary$1.run(ReallyStaticTagLibrary.java:99)
	at org.apache.commons.jelly.impl.ScriptBlock.run(ScriptBlock.java:95)
	at org.kohsuke.stapler.jelly.ReallyStaticTagLibrary$1.run(ReallyStaticTagLibrary.java:99)
	at org.apache.commons.jelly.impl.ScriptBlock.run(ScriptBlock.java:95)
	at org.apache.commons.jelly.tags.core.CoreTagLibrary$2.run(CoreTagLibrary.java:105)
	at org.kohsuke.stapler.jelly.CallTagLibScript.run(CallTagLibScript.java:120)
	at org.apache.commons.jelly.impl.ScriptBlock.run(ScriptBlock.java:95)
	at org.apache.commons.jelly.tags.core.CoreTagLibrary$2.run(CoreTagLibrary.java:105)
	at org.kohsuke.stapler.jelly.JellyViewScript.run(JellyViewScript.java:81)
	at org.kohsuke.stapler.jelly.DefaultScriptInvoker.invokeScript(DefaultScriptInvoker.java:63)
	at org.kohsuke.stapler.jelly.DefaultScriptInvoker.invokeScript(DefaultScriptInvoker.java:53)
	at org.kohsuke.stapler.jelly.JellyRequestDispatcher.forward(JellyRequestDispatcher.java:55)
	at hudson.util.HudsonIsLoading.doDynamic(HudsonIsLoading.java:45)
	at sun.reflect.NativeMethodAccessorImpl.invoke0(Native Method)
	at sun.reflect.NativeMethodAccessorImpl.invoke(Unknown Source)
	at sun.reflect.DelegatingMethodAccessorImpl.invoke(Unknown Source)
	at java.lang.reflect.Method.invoke(Unknown Source)
	at org.kohsuke.stapler.Function$InstanceFunction.invoke(Function.java:298)
	at org.kohsuke.stapler.Function.bindAndInvoke(Function.java:161)
	at org.kohsuke.stapler.Function.bindAndInvokeAndServeResponse(Function.java:96)
	at org.kohsuke.stapler.MetaClass$11.dispatch(MetaClass.java:370)
	at org.kohsuke.stapler.Stapler.tryInvoke(Stapler.java:728)
	at org.kohsuke.stapler.Stapler.invoke(Stapler.java:858)
	at org.kohsuke.stapler.Stapler.invoke(Stapler.java:631)
	at org.kohsuke.stapler.Stapler.service(Stapler.java:225)
	at javax.servlet.http.HttpServlet.service(HttpServlet.java:848)
	at org.eclipse.jetty.servlet.ServletHolder.handle(ServletHolder.java:686)
	at org.eclipse.jetty.servlet.ServletHandler$CachedChain.doFilter(ServletHandler.java:1494)
	at hudson.util.PluginServletFilter$1.doFilter(PluginServletFilter.java:96)
	at hudson.util.PluginServletFilter.doFilter(PluginServletFilter.java:88)
	at org.eclipse.jetty.servlet.ServletHandler$CachedChain.doFilter(ServletHandler.java:1482)
	at hudson.security.csrf.CrumbFilter.doFilter(CrumbFilter.java:48)
	at org.eclipse.jetty.servlet.ServletHandler$CachedChain.doFilter(ServletHandler.java:1482)
	at hudson.security.HudsonFilter.doFilter(HudsonFilter.java:162)
	at org.eclipse.jetty.servlet.ServletHandler$CachedChain.doFilter(ServletHandler.java:1482)
	at org.kohsuke.stapler.compression.CompressionFilter.doFilter(CompressionFilter.java:46)
	at org.eclipse.jetty.servlet.ServletHandler$CachedChain.doFilter(ServletHandler.java:1482)
	at hudson.util.CharacterEncodingFilter.doFilter(CharacterEncodingFilter.java:81)
	at org.eclipse.jetty.servlet.ServletHandler$CachedChain.doFilter(ServletHandler.java:1474)
	at org.eclipse.jetty.servlet.ServletHandler.doHandle(ServletHandler.java:499)
	at org.eclipse.jetty.server.handler.ScopedHandler.handle(ScopedHandler.java:137)
	at org.eclipse.jetty.security.SecurityHandler.handle(SecurityHandler.java:533)
	at org.eclipse.jetty.server.session.SessionHandler.doHandle(SessionHandler.java:231)
	at org.eclipse.jetty.server.handler.ContextHandler.doHandle(ContextHandler.java:1086)
	at org.eclipse.jetty.servlet.ServletHandler.doScope(ServletHandler.java:428)
	at org.eclipse.jetty.server.session.SessionHandler.doScope(SessionHandler.java:193)
	at org.eclipse.jetty.server.handler.ContextHandler.doScope(ContextHandler.java:1020)
	at org.eclipse.jetty.server.handler.ScopedHandler.handle(ScopedHandler.java:135)
	at org.eclipse.jetty.server.handler.HandlerWrapper.handle(HandlerWrapper.java:116)
	at org.eclipse.jetty.server.Server.handle(Server.java:370)
	at org.eclipse.jetty.server.AbstractHttpConnection.handleRequest(AbstractHttpConnection.java:489)
	at org.eclipse.jetty.server.AbstractHttpConnection.headerComplete(AbstractHttpConnection.java:949)
	at org.eclipse.jetty.server.AbstractHttpConnection$RequestHandler.headerComplete(AbstractHttpConnection.java:1011)
	at org.eclipse.jetty.http.HttpParser.parseNext(HttpParser.java:644)
	at org.eclipse.jetty.http.HttpParser.parseAvailable(HttpParser.java:235)
	at org.eclipse.jetty.server.AsyncHttpConnection.handle(AsyncHttpConnection.java:82)
	at org.eclipse.jetty.io.nio.SelectChannelEndPoint.handle(SelectChannelEndPoint.java:668)
	at org.eclipse.jetty.io.nio.SelectChannelEndPoint$1.run(SelectChannelEndPoint.java:52)
	at winstone.BoundedExecutorService$1.run(BoundedExecutorService.java:77)
	at java.util.concurrent.ThreadPoolExecutor.runWorker(Unknown Source)
	at java.util.concurrent.ThreadPoolExecutor$Worker.run(Unknown Source)
	at java.lang.Thread.run(Unknown Source)

Nov 18, 2013 9:45:48 AM org.kohsuke.stapler.jelly.AdjunctTag doTag
WARNING: AdjunctManager is not installed for this application. Skipping <adjunct> tags
java.lang.Exception
	at org.kohsuke.stapler.jelly.AdjunctTag.doTag(AdjunctTag.java:74)
	at org.apache.commons.jelly.impl.TagScript.run(TagScript.java:269)
	at org.apache.commons.jelly.impl.ScriptBlock.run(ScriptBlock.java:95)
	at org.kohsuke.stapler.jelly.ReallyStaticTagLibrary$1.run(ReallyStaticTagLibrary.java:99)
	at org.kohsuke.stapler.jelly.ReallyStaticTagLibrary$1.run(ReallyStaticTagLibrary.java:99)
	at org.apache.commons.jelly.impl.ScriptBlock.run(ScriptBlock.java:95)
	at org.apache.commons.jelly.tags.core.CoreTagLibrary$2.run(CoreTagLibrary.java:105)
	at org.kohsuke.stapler.jelly.CallTagLibScript.run(CallTagLibScript.java:120)
	at org.apache.commons.jelly.impl.ScriptBlock.run(ScriptBlock.java:95)
	at org.kohsuke.stapler.jelly.ReallyStaticTagLibrary$1.run(ReallyStaticTagLibrary.java:99)
	at org.apache.commons.jelly.impl.ScriptBlock.run(ScriptBlock.java:95)
	at org.kohsuke.stapler.jelly.ReallyStaticTagLibrary$1.run(ReallyStaticTagLibrary.java:99)
	at org.apache.commons.jelly.impl.ScriptBlock.run(ScriptBlock.java:95)
	at org.kohsuke.stapler.jelly.ReallyStaticTagLibrary$1.run(ReallyStaticTagLibrary.java:99)
	at org.apache.commons.jelly.impl.ScriptBlock.run(ScriptBlock.java:95)
	at org.apache.commons.jelly.tags.core.CoreTagLibrary$2.run(CoreTagLibrary.java:105)
	at org.kohsuke.stapler.jelly.CallTagLibScript.run(CallTagLibScript.java:120)
	at org.apache.commons.jelly.impl.ScriptBlock.run(ScriptBlock.java:95)
	at org.apache.commons.jelly.tags.core.CoreTagLibrary$2.run(CoreTagLibrary.java:105)
	at org.kohsuke.stapler.jelly.JellyViewScript.run(JellyViewScript.java:81)
	at org.kohsuke.stapler.jelly.DefaultScriptInvoker.invokeScript(DefaultScriptInvoker.java:63)
	at org.kohsuke.stapler.jelly.DefaultScriptInvoker.invokeScript(DefaultScriptInvoker.java:53)
	at org.kohsuke.stapler.jelly.JellyRequestDispatcher.forward(JellyRequestDispatcher.java:55)
	at hudson.util.HudsonIsLoading.doDynamic(HudsonIsLoading.java:45)
	at sun.reflect.NativeMethodAccessorImpl.invoke0(Native Method)
	at sun.reflect.NativeMethodAccessorImpl.invoke(Unknown Source)
	at sun.reflect.DelegatingMethodAccessorImpl.invoke(Unknown Source)
	at java.lang.reflect.Method.invoke(Unknown Source)
	at org.kohsuke.stapler.Function$InstanceFunction.invoke(Function.java:298)
	at org.kohsuke.stapler.Function.bindAndInvoke(Function.java:161)
	at org.kohsuke.stapler.Function.bindAndInvokeAndServeResponse(Function.java:96)
	at org.kohsuke.stapler.MetaClass$11.dispatch(MetaClass.java:370)
	at org.kohsuke.stapler.Stapler.tryInvoke(Stapler.java:728)
	at org.kohsuke.stapler.Stapler.invoke(Stapler.java:858)
	at org.kohsuke.stapler.Stapler.invoke(Stapler.java:631)
	at org.kohsuke.stapler.Stapler.service(Stapler.java:225)
	at javax.servlet.http.HttpServlet.service(HttpServlet.java:848)
	at org.eclipse.jetty.servlet.ServletHolder.handle(ServletHolder.java:686)
	at org.eclipse.jetty.servlet.ServletHandler$CachedChain.doFilter(ServletHandler.java:1494)
	at hudson.util.PluginServletFilter$1.doFilter(PluginServletFilter.java:96)
	at hudson.util.PluginServletFilter.doFilter(PluginServletFilter.java:88)
	at org.eclipse.jetty.servlet.ServletHandler$CachedChain.doFilter(ServletHandler.java:1482)
	at hudson.security.csrf.CrumbFilter.doFilter(CrumbFilter.java:48)
	at org.eclipse.jetty.servlet.ServletHandler$CachedChain.doFilter(ServletHandler.java:1482)
	at hudson.security.HudsonFilter.doFilter(HudsonFilter.java:162)
	at org.eclipse.jetty.servlet.ServletHandler$CachedChain.doFilter(ServletHandler.java:1482)
	at org.kohsuke.stapler.compression.CompressionFilter.doFilter(CompressionFilter.java:46)
	at org.eclipse.jetty.servlet.ServletHandler$CachedChain.doFilter(ServletHandler.java:1482)
	at hudson.util.CharacterEncodingFilter.doFilter(CharacterEncodingFilter.java:81)
	at org.eclipse.jetty.servlet.ServletHandler$CachedChain.doFilter(ServletHandler.java:1474)
	at org.eclipse.jetty.servlet.ServletHandler.doHandle(ServletHandler.java:499)
	at org.eclipse.jetty.server.handler.ScopedHandler.handle(ScopedHandler.java:137)
	at org.eclipse.jetty.security.SecurityHandler.handle(SecurityHandler.java:533)
	at org.eclipse.jetty.server.session.SessionHandler.doHandle(SessionHandler.java:231)
	at org.eclipse.jetty.server.handler.ContextHandler.doHandle(ContextHandler.java:1086)
	at org.eclipse.jetty.servlet.ServletHandler.doScope(ServletHandler.java:428)
	at org.eclipse.jetty.server.session.SessionHandler.doScope(SessionHandler.java:193)
	at org.eclipse.jetty.server.handler.ContextHandler.doScope(ContextHandler.java:1020)
	at org.eclipse.jetty.server.handler.ScopedHandler.handle(ScopedHandler.java:135)
	at org.eclipse.jetty.server.handler.HandlerWrapper.handle(HandlerWrapper.java:116)
	at org.eclipse.jetty.server.Server.handle(Server.java:370)
	at org.eclipse.jetty.server.AbstractHttpConnection.handleRequest(AbstractHttpConnection.java:489)
	at org.eclipse.jetty.server.AbstractHttpConnection.headerComplete(AbstractHttpConnection.java:949)
	at org.eclipse.jetty.server.AbstractHttpConnection$RequestHandler.headerComplete(AbstractHttpConnection.java:1011)
	at org.eclipse.jetty.http.HttpParser.parseNext(HttpParser.java:644)
	at org.eclipse.jetty.http.HttpParser.parseAvailable(HttpParser.java:235)
	at org.eclipse.jetty.server.AsyncHttpConnection.handle(AsyncHttpConnection.java:82)
	at org.eclipse.jetty.io.nio.SelectChannelEndPoint.handle(SelectChannelEndPoint.java:668)
	at org.eclipse.jetty.io.nio.SelectChannelEndPoint$1.run(SelectChannelEndPoint.java:52)
	at winstone.BoundedExecutorService$1.run(BoundedExecutorService.java:77)
	at java.util.concurrent.ThreadPoolExecutor.runWorker(Unknown Source)
	at java.util.concurrent.ThreadPoolExecutor$Worker.run(Unknown Source)
	at java.lang.Thread.run(Unknown Source)

Nov 18, 2013 9:45:48 AM jenkins.InitReactorRunner$1 onAttained
INFO: Started initialization
Nov 18, 2013 9:45:48 AM hudson.ClassicPluginStrategy createPluginWrapper
INFO: Plugin ant.jpi is disabled
Nov 18, 2013 9:45:48 AM hudson.ClassicPluginStrategy createPluginWrapper
INFO: Plugin cvs.jpi is disabled
Nov 18, 2013 9:45:48 AM hudson.ClassicPluginStrategy createPluginWrapper
INFO: Plugin external-monitor-job.jpi is disabled
Nov 18, 2013 9:45:48 AM hudson.ClassicPluginStrategy createPluginWrapper
INFO: Plugin javadoc.jpi is disabled
Nov 18, 2013 9:45:48 AM hudson.ClassicPluginStrategy createPluginWrapper
INFO: Plugin ldap.jpi is disabled
Nov 18, 2013 9:45:48 AM hudson.ClassicPluginStrategy createPluginWrapper
INFO: Plugin maven-plugin.jpi is disabled
Nov 18, 2013 9:45:48 AM hudson.ClassicPluginStrategy createPluginWrapper
INFO: Plugin pam-auth.jpi is disabled
Nov 18, 2013 9:45:48 AM hudson.ClassicPluginStrategy createPluginWrapper
INFO: Plugin ssh-credentials.jpi is disabled
Nov 18, 2013 9:45:48 AM hudson.ClassicPluginStrategy createPluginWrapper
INFO: Plugin ssh-slaves.jpi is disabled
Nov 18, 2013 9:45:48 AM jenkins.InitReactorRunner$1 onAttained
INFO: Listed all plugins
Nov 18, 2013 9:45:48 AM hudson.plugins.im.IMConnectionProvider$ConnectorRunnable run
INFO: Trying to connect
Nov 18, 2013 9:45:48 AM hudson.plugins.im.HudsonIsBusyListener <init>
INFO: Executor busy listener created
Nov 18, 2013 9:45:48 AM jenkins.InitReactorRunner$1 onAttained
INFO: Prepared all plugins
Nov 18, 2013 9:45:48 AM jenkins.InitReactorRunner$1 onAttained
INFO: Started all plugins
Nov 18, 2013 9:45:48 AM jenkins.InitReactorRunner$1 onAttained
INFO: Augmented all extensions
Nov 18, 2013 9:45:50 AM hudson.ExtensionFinder$Sezpoz scout
WARNING: Failed to scout hudson.plugins.jira.JiraMailAddressResolver
java.lang.InstantiationException: C:\Jenkins\plugins\jira\WEB-INF\lib\classes.jar might need to be rebuilt: java.lang.ClassNotFoundException: hudson.plugins.jira.JiraMailAddressResolver
	at net.java.sezpoz.IndexItem.element(IndexItem.java:144)
	at hudson.ExtensionFinder$Sezpoz.scout(ExtensionFinder.java:666)
	at hudson.ClassicPluginStrategy.findComponents(ClassicPluginStrategy.java:311)
	at hudson.ExtensionList.load(ExtensionList.java:295)
	at hudson.ExtensionList.ensureLoaded(ExtensionList.java:248)
	at hudson.ExtensionList.iterator(ExtensionList.java:138)
	at hudson.ClassicPluginStrategy.findComponents(ClassicPluginStrategy.java:310)
	at hudson.ExtensionList.load(ExtensionList.java:295)
	at hudson.ExtensionList.ensureLoaded(ExtensionList.java:248)
	at hudson.ExtensionList.iterator(ExtensionList.java:138)
	at hudson.ExtensionList.get(ExtensionList.java:129)
	at hudson.diagnosis.NullIdDescriptorMonitor.verifyId(NullIdDescriptorMonitor.java:86)
	at sun.reflect.NativeMethodAccessorImpl.invoke0(Native Method)
	at sun.reflect.NativeMethodAccessorImpl.invoke(Unknown Source)
	at sun.reflect.DelegatingMethodAccessorImpl.invoke(Unknown Source)
	at java.lang.reflect.Method.invoke(Unknown Source)
	at hudson.init.TaskMethodFinder.invoke(TaskMethodFinder.java:105)
	at hudson.init.TaskMethodFinder$TaskImpl.run(TaskMethodFinder.java:169)
	at org.jvnet.hudson.reactor.Reactor.runTask(Reactor.java:282)
	at jenkins.model.Jenkins$7.runTask(Jenkins.java:904)
	at org.jvnet.hudson.reactor.Reactor$2.run(Reactor.java:210)
	at org.jvnet.hudson.reactor.Reactor$Node.run(Reactor.java:117)
	at java.util.concurrent.ThreadPoolExecutor.runWorker(Unknown Source)
	at java.util.concurrent.ThreadPoolExecutor$Worker.run(Unknown Source)
	at java.lang.Thread.run(Unknown Source)
Caused by: java.lang.ClassNotFoundException: hudson.plugins.jira.JiraMailAddressResolver
	at hudson.PluginManager$UberClassLoader.findClass(PluginManager.java:985)
	at java.lang.ClassLoader.loadClass(Unknown Source)
	at java.lang.ClassLoader.loadClass(Unknown Source)
	at net.java.sezpoz.IndexItem.element(IndexItem.java:134)
	... 24 more

Nov 18, 2013 9:45:51 AM hudson.ExtensionFinder$Sezpoz _find
WARNING: Failed to load hudson.plugins.jira.JiraMailAddressResolver
java.lang.InstantiationException: C:\Jenkins\plugins\jira\WEB-INF\lib\classes.jar might need to be rebuilt: java.lang.ClassNotFoundException: hudson.plugins.jira.JiraMailAddressResolver
	at net.java.sezpoz.IndexItem.element(IndexItem.java:144)
	at hudson.ExtensionFinder$Sezpoz._find(ExtensionFinder.java:628)
	at hudson.ExtensionFinder$Sezpoz.find(ExtensionFinder.java:617)
	at hudson.ExtensionFinder$GuiceFinder.<init>(ExtensionFinder.java:259)
	at sun.reflect.NativeConstructorAccessorImpl.newInstance0(Native Method)
	at sun.reflect.NativeConstructorAccessorImpl.newInstance(Unknown Source)
	at sun.reflect.DelegatingConstructorAccessorImpl.newInstance(Unknown Source)
	at java.lang.reflect.Constructor.newInstance(Unknown Source)
	at java.lang.Class.newInstance(Unknown Source)
	at net.java.sezpoz.IndexItem.instance(IndexItem.java:181)
	at hudson.ExtensionFinder$Sezpoz._find(ExtensionFinder.java:642)
	at hudson.ExtensionFinder$Sezpoz.find(ExtensionFinder.java:617)
	at hudson.ExtensionFinder._find(ExtensionFinder.java:151)
	at hudson.ClassicPluginStrategy.findComponents(ClassicPluginStrategy.java:317)
	at hudson.ExtensionList.load(ExtensionList.java:295)
	at hudson.ExtensionList.ensureLoaded(ExtensionList.java:248)
	at hudson.ExtensionList.iterator(ExtensionList.java:138)
	at hudson.ClassicPluginStrategy.findComponents(ClassicPluginStrategy.java:310)
	at hudson.ExtensionList.load(ExtensionList.java:295)
	at hudson.ExtensionList.ensureLoaded(ExtensionList.java:248)
	at hudson.ExtensionList.iterator(ExtensionList.java:138)
	at hudson.ExtensionList.get(ExtensionList.java:129)
	at hudson.diagnosis.NullIdDescriptorMonitor.verifyId(NullIdDescriptorMonitor.java:86)
	at sun.reflect.NativeMethodAccessorImpl.invoke0(Native Method)
	at sun.reflect.NativeMethodAccessorImpl.invoke(Unknown Source)
	at sun.reflect.DelegatingMethodAccessorImpl.invoke(Unknown Source)
	at java.lang.reflect.Method.invoke(Unknown Source)
	at hudson.init.TaskMethodFinder.invoke(TaskMethodFinder.java:105)
	at hudson.init.TaskMethodFinder$TaskImpl.run(TaskMethodFinder.java:169)
	at org.jvnet.hudson.reactor.Reactor.runTask(Reactor.java:282)
	at jenkins.model.Jenkins$7.runTask(Jenkins.java:904)
	at org.jvnet.hudson.reactor.Reactor$2.run(Reactor.java:210)
	at org.jvnet.hudson.reactor.Reactor$Node.run(Reactor.java:117)
	at java.util.concurrent.ThreadPoolExecutor.runWorker(Unknown Source)
	at java.util.concurrent.ThreadPoolExecutor$Worker.run(Unknown Source)
	at java.lang.Thread.run(Unknown Source)
Caused by: java.lang.ClassNotFoundException: hudson.plugins.jira.JiraMailAddressResolver
	at hudson.PluginManager$UberClassLoader.findClass(PluginManager.java:985)
	at java.lang.ClassLoader.loadClass(Unknown Source)
	at java.lang.ClassLoader.loadClass(Unknown Source)
	at net.java.sezpoz.IndexItem.element(IndexItem.java:134)
	... 35 more

Nov 18, 2013 9:45:51 AM hudson.ExtensionFinder$Sezpoz _find
WARNING: Failed to load hudson.plugins.jira.JiraMailAddressResolver
java.lang.InstantiationException: C:\Jenkins\plugins\jira\WEB-INF\lib\classes.jar might need to be rebuilt: java.lang.ClassNotFoundException: hudson.plugins.jira.JiraMailAddressResolver
	at net.java.sezpoz.IndexItem.element(IndexItem.java:144)
	at hudson.ExtensionFinder$Sezpoz._find(ExtensionFinder.java:628)
	at hudson.ExtensionFinder$Sezpoz.find(ExtensionFinder.java:617)
	at hudson.ExtensionFinder$GuiceFinder.<init>(ExtensionFinder.java:277)
	at sun.reflect.NativeConstructorAccessorImpl.newInstance0(Native Method)
	at sun.reflect.NativeConstructorAccessorImpl.newInstance(Unknown Source)
	at sun.reflect.DelegatingConstructorAccessorImpl.newInstance(Unknown Source)
	at java.lang.reflect.Constructor.newInstance(Unknown Source)
	at java.lang.Class.newInstance(Unknown Source)
	at net.java.sezpoz.IndexItem.instance(IndexItem.java:181)
	at hudson.ExtensionFinder$Sezpoz._find(ExtensionFinder.java:642)
	at hudson.ExtensionFinder$Sezpoz.find(ExtensionFinder.java:617)
	at hudson.ExtensionFinder._find(ExtensionFinder.java:151)
	at hudson.ClassicPluginStrategy.findComponents(ClassicPluginStrategy.java:317)
	at hudson.ExtensionList.load(ExtensionList.java:295)
	at hudson.ExtensionList.ensureLoaded(ExtensionList.java:248)
	at hudson.ExtensionList.iterator(ExtensionList.java:138)
	at hudson.ClassicPluginStrategy.findComponents(ClassicPluginStrategy.java:310)
	at hudson.ExtensionList.load(ExtensionList.java:295)
	at hudson.ExtensionList.ensureLoaded(ExtensionList.java:248)
	at hudson.ExtensionList.iterator(ExtensionList.java:138)
	at hudson.ExtensionList.get(ExtensionList.java:129)
	at hudson.diagnosis.NullIdDescriptorMonitor.verifyId(NullIdDescriptorMonitor.java:86)
	at sun.reflect.NativeMethodAccessorImpl.invoke0(Native Method)
	at sun.reflect.NativeMethodAccessorImpl.invoke(Unknown Source)
	at sun.reflect.DelegatingMethodAccessorImpl.invoke(Unknown Source)
	at java.lang.reflect.Method.invoke(Unknown Source)
	at hudson.init.TaskMethodFinder.invoke(TaskMethodFinder.java:105)
	at hudson.init.TaskMethodFinder$TaskImpl.run(TaskMethodFinder.java:169)
	at org.jvnet.hudson.reactor.Reactor.runTask(Reactor.java:282)
	at jenkins.model.Jenkins$7.runTask(Jenkins.java:904)
	at org.jvnet.hudson.reactor.Reactor$2.run(Reactor.java:210)
	at org.jvnet.hudson.reactor.Reactor$Node.run(Reactor.java:117)
	at java.util.concurrent.ThreadPoolExecutor.runWorker(Unknown Source)
	at java.util.concurrent.ThreadPoolExecutor$Worker.run(Unknown Source)
	at java.lang.Thread.run(Unknown Source)
Caused by: java.lang.ClassNotFoundException: hudson.plugins.jira.JiraMailAddressResolver
	at hudson.PluginManager$UberClassLoader.findClass(PluginManager.java:985)
	at java.lang.ClassLoader.loadClass(Unknown Source)
	at java.lang.ClassLoader.loadClass(Unknown Source)
	at net.java.sezpoz.IndexItem.element(IndexItem.java:134)
	... 35 more

Nov 18, 2013 9:45:52 AM hudson.ExtensionFinder$GuiceFinder$SezpozModule configure
WARNING: Failed to load hudson.plugins.jira.JiraMailAddressResolver
java.lang.InstantiationException: C:\Jenkins\plugins\jira\WEB-INF\lib\classes.jar might need to be rebuilt: java.lang.ClassNotFoundException: hudson.plugins.jira.JiraMailAddressResolver
	at net.java.sezpoz.IndexItem.element(IndexItem.java:144)
	at hudson.ExtensionFinder$GuiceFinder$SezpozModule.configure(ExtensionFinder.java:504)
	at com.google.inject.AbstractModule.configure(AbstractModule.java:62)
	at com.google.inject.spi.Elements$RecordingBinder.install(Elements.java:230)
	at com.google.inject.spi.Elements.getElements(Elements.java:103)
	at com.google.inject.internal.InjectorShell$Builder.build(InjectorShell.java:136)
	at com.google.inject.internal.InternalInjectorCreator.build(InternalInjectorCreator.java:104)
	at com.google.inject.Guice.createInjector(Guice.java:96)
	at com.google.inject.Guice.createInjector(Guice.java:73)
	at hudson.ExtensionFinder$GuiceFinder.<init>(ExtensionFinder.java:282)
	at sun.reflect.NativeConstructorAccessorImpl.newInstance0(Native Method)
	at sun.reflect.NativeConstructorAccessorImpl.newInstance(Unknown Source)
	at sun.reflect.DelegatingConstructorAccessorImpl.newInstance(Unknown Source)
	at java.lang.reflect.Constructor.newInstance(Unknown Source)
	at java.lang.Class.newInstance(Unknown Source)
	at net.java.sezpoz.IndexItem.instance(IndexItem.java:181)
	at hudson.ExtensionFinder$Sezpoz._find(ExtensionFinder.java:642)
	at hudson.ExtensionFinder$Sezpoz.find(ExtensionFinder.java:617)
	at hudson.ExtensionFinder._find(ExtensionFinder.java:151)
	at hudson.ClassicPluginStrategy.findComponents(ClassicPluginStrategy.java:317)
	at hudson.ExtensionList.load(ExtensionList.java:295)
	at hudson.ExtensionList.ensureLoaded(ExtensionList.java:248)
	at hudson.ExtensionList.iterator(ExtensionList.java:138)
	at hudson.ClassicPluginStrategy.findComponents(ClassicPluginStrategy.java:310)
	at hudson.ExtensionList.load(ExtensionList.java:295)
	at hudson.ExtensionList.ensureLoaded(ExtensionList.java:248)
	at hudson.ExtensionList.iterator(ExtensionList.java:138)
	at hudson.ExtensionList.get(ExtensionList.java:129)
	at hudson.diagnosis.NullIdDescriptorMonitor.verifyId(NullIdDescriptorMonitor.java:86)
	at sun.reflect.NativeMethodAccessorImpl.invoke0(Native Method)
	at sun.reflect.NativeMethodAccessorImpl.invoke(Unknown Source)
	at sun.reflect.DelegatingMethodAccessorImpl.invoke(Unknown Source)
	at java.lang.reflect.Method.invoke(Unknown Source)
	at hudson.init.TaskMethodFinder.invoke(TaskMethodFinder.java:105)
	at hudson.init.TaskMethodFinder$TaskImpl.run(TaskMethodFinder.java:169)
	at org.jvnet.hudson.reactor.Reactor.runTask(Reactor.java:282)
	at jenkins.model.Jenkins$7.runTask(Jenkins.java:904)
	at org.jvnet.hudson.reactor.Reactor$2.run(Reactor.java:210)
	at org.jvnet.hudson.reactor.Reactor$Node.run(Reactor.java:117)
	at java.util.concurrent.ThreadPoolExecutor.runWorker(Unknown Source)
	at java.util.concurrent.ThreadPoolExecutor$Worker.run(Unknown Source)
	at java.lang.Thread.run(Unknown Source)
Caused by: java.lang.ClassNotFoundException: hudson.plugins.jira.JiraMailAddressResolver
	at hudson.PluginManager$UberClassLoader.findClass(PluginManager.java:985)
	at java.lang.ClassLoader.loadClass(Unknown Source)
	at java.lang.ClassLoader.loadClass(Unknown Source)
	at net.java.sezpoz.IndexItem.element(IndexItem.java:134)
	... 41 more

Nov 18, 2013 9:45:52 AM hudson.ExtensionFinder$Sezpoz _find
WARNING: Failed to load hudson.plugins.jira.JiraMailAddressResolver
java.lang.InstantiationException: C:\Jenkins\plugins\jira\WEB-INF\lib\classes.jar might need to be rebuilt: java.lang.ClassNotFoundException: hudson.plugins.jira.JiraMailAddressResolver
	at net.java.sezpoz.IndexItem.element(IndexItem.java:144)
	at hudson.ExtensionFinder$Sezpoz._find(ExtensionFinder.java:628)
	at hudson.ExtensionFinder$Sezpoz.find(ExtensionFinder.java:617)
	at hudson.ExtensionFinder._find(ExtensionFinder.java:151)
	at hudson.ClassicPluginStrategy.findComponents(ClassicPluginStrategy.java:317)
	at hudson.ExtensionList.load(ExtensionList.java:295)
	at hudson.ExtensionList.ensureLoaded(ExtensionList.java:248)
	at hudson.ExtensionList.iterator(ExtensionList.java:138)
	at hudson.ClassicPluginStrategy.findComponents(ClassicPluginStrategy.java:310)
	at hudson.ExtensionList.load(ExtensionList.java:295)
	at hudson.ExtensionList.ensureLoaded(ExtensionList.java:248)
	at hudson.ExtensionList.iterator(ExtensionList.java:138)
	at hudson.ExtensionList.get(ExtensionList.java:129)
	at hudson.diagnosis.NullIdDescriptorMonitor.verifyId(NullIdDescriptorMonitor.java:86)
	at sun.reflect.NativeMethodAccessorImpl.invoke0(Native Method)
	at sun.reflect.NativeMethodAccessorImpl.invoke(Unknown Source)
	at sun.reflect.DelegatingMethodAccessorImpl.invoke(Unknown Source)
	at java.lang.reflect.Method.invoke(Unknown Source)
	at hudson.init.TaskMethodFinder.invoke(TaskMethodFinder.java:105)
	at hudson.init.TaskMethodFinder$TaskImpl.run(TaskMethodFinder.java:169)
	at org.jvnet.hudson.reactor.Reactor.runTask(Reactor.java:282)
	at jenkins.model.Jenkins$7.runTask(Jenkins.java:904)
	at org.jvnet.hudson.reactor.Reactor$2.run(Reactor.java:210)
	at org.jvnet.hudson.reactor.Reactor$Node.run(Reactor.java:117)
	at java.util.concurrent.ThreadPoolExecutor.runWorker(Unknown Source)
	at java.util.concurrent.ThreadPoolExecutor$Worker.run(Unknown Source)
	at java.lang.Thread.run(Unknown Source)
Caused by: java.lang.ClassNotFoundException: hudson.plugins.jira.JiraMailAddressResolver
	at hudson.PluginManager$UberClassLoader.findClass(PluginManager.java:985)
	at java.lang.ClassLoader.loadClass(Unknown Source)
	at java.lang.ClassLoader.loadClass(Unknown Source)
	at net.java.sezpoz.IndexItem.element(IndexItem.java:134)
	... 26 more

