java.lang.RuntimeException: Error grabbing Grapes -- [unresolved dependency: com.fasterxml.jackson.core#jackson-databind;2.13.2: several problems occurred while resolving dependency: com.fasterxml.jackson.core#jackson-databind;2.13.2 {compile=[compile(*), master(*)], runtime=[runtime(*)]}:
	java.text.ParseException: Property 'http://javax.xml.XMLConstants/property/accessExternalSchema' is not recognized. in file:/var/jenkins_home/.groovy/grapes/com.fasterxml.jackson.core/jackson-databind/ivy-2.13.2.xml.original
	several problems occurred while resolving dependency: com.fasterxml.jackson#jackson-base;2.13.2 {}:
	java.text.ParseException: Property 'http://javax.xml.XMLConstants/property/accessExternalSchema' is not recognized. in file:/var/jenkins_home/.groovy/grapes/com.fasterxml.jackson/jackson-base/ivy-2.13.2.xml.original
	several problems occurred while resolving dependency: com.fasterxml.jackson#jackson-bom;2.13.2 {}:
	java.text.ParseException: Property 'http://javax.xml.XMLConstants/property/accessExternalSchema' is not recognized. in file:/var/jenkins_home/.groovy/grapes/com.fasterxml.jackson/jackson-bom/ivy-2.13.2.xml.original
	java.text.ParseException: Property 'http://javax.xml.XMLConstants/property/accessExternalSchema' is not recognized. in file:/var/jenkins_home/.groovy/grapes/com.fasterxml.jackson/jackson-parent/ivy-2.13.xml.original
	com.fasterxml.jackson#jackson-base;2.13.2->com.fasterxml.jackson#jackson-bom;2.13.2->com.fasterxml.jackson#jackson-parent;2.13
	com.fasterxml.jackson#jackson-base;2.13.2->com.fasterxml.jackson#jackson-bom;2.13.2->com.fasterxml.jackson#jackson-parent;2.13
	several problems occurred while resolving dependency: com.fasterxml.jackson#jackson-base;2.13.2 {}:
	java.text.ParseException: Property 'http://javax.xml.XMLConstants/property/accessExternalSchema' is not recognized. in file:/var/jenkins_home/.groovy/grapes/com.fasterxml.jackson/jackson-base/ivy-2.13.2.xml.original
	java.text.ParseException: Property 'http://javax.xml.XMLConstants/property/accessExternalSchema' is not recognized. in file:/var/jenkins_home/.groovy/grapes/com.fasterxml.jackson/jackson-bom/ivy-2.13.2.xml.original]
	at java.base/jdk.internal.reflect.NativeConstructorAccessorImpl.newInstance0(Native Method)
	at java.base/jdk.internal.reflect.NativeConstructorAccessorImpl.newInstance(NativeConstructorAccessorImpl.java:62)
	at java.base/jdk.internal.reflect.DelegatingConstructorAccessorImpl.newInstance(DelegatingConstructorAccessorImpl.java:45)
	at java.base/java.lang.reflect.Constructor.newInstance(Constructor.java:490)
	at org.codehaus.groovy.reflection.CachedConstructor.invoke(CachedConstructor.java:83)
	at org.codehaus.groovy.reflection.CachedConstructor.doConstructorInvoke(CachedConstructor.java:77)
	at org.codehaus.groovy.runtime.callsite.ConstructorSite$ConstructorSiteNoUnwrap.callConstructor(ConstructorSite.java:84)
	at org.codehaus.groovy.runtime.callsite.AbstractCallSite.callConstructor(AbstractCallSite.java:250)
	at groovy.grape.GrapeIvy.getDependencies(GrapeIvy.groovy:422)
	at jdk.internal.reflect.GeneratedMethodAccessor323.invoke(Unknown Source)
	at java.base/jdk.internal.reflect.DelegatingMethodAccessorImpl.invoke(DelegatingMethodAccessorImpl.java:43)
	at java.base/java.lang.reflect.Method.invoke(Method.java:566)
	at org.codehaus.groovy.reflection.CachedMethod.invoke(CachedMethod.java:98)
	at groovy.lang.MetaMethod.doMethodInvoke(MetaMethod.java:325)
	at groovy.lang.MetaClassImpl.invokeMethod(MetaClassImpl.java:1225)
	at groovy.lang.MetaClassImpl.invokeMethod(MetaClassImpl.java:1034)
	at org.codehaus.groovy.runtime.callsite.PogoMetaClassSite.callCurrent(PogoMetaClassSite.java:68)
	at groovy.grape.GrapeIvy.resolve(GrapeIvy.groovy:569)
	at jdk.internal.reflect.GeneratedMethodAccessor348.invoke(Unknown Source)
	at java.base/jdk.internal.reflect.DelegatingMethodAccessorImpl.invoke(DelegatingMethodAccessorImpl.java:43)
	at java.base/java.lang.reflect.Method.invoke(Method.java:566)
	at org.codehaus.groovy.reflection.CachedMethod.invoke(CachedMethod.java:98)
	at groovy.lang.MetaMethod.doMethodInvoke(MetaMethod.java:325)
	at groovy.lang.MetaClassImpl.invokeMethod(MetaClassImpl.java:1225)
	at groovy.lang.MetaClassImpl.invokeMethod(MetaClassImpl.java:1034)
	at org.codehaus.groovy.runtime.callsite.PogoMetaClassSite.callCurrent(PogoMetaClassSite.java:68)
	at org.codehaus.groovy.runtime.callsite.AbstractCallSite.callCurrent(AbstractCallSite.java:193)
	at groovy.grape.GrapeIvy.resolve(GrapeIvy.groovy:536)
	at jdk.internal.reflect.GeneratedMethodAccessor347.invoke(Unknown Source)
	at java.base/jdk.internal.reflect.DelegatingMethodAccessorImpl.invoke(DelegatingMethodAccessorImpl.java:43)
	at java.base/java.lang.reflect.Method.invoke(Method.java:566)
	at org.codehaus.groovy.reflection.CachedMethod.invoke(CachedMethod.java:98)
	at groovy.lang.MetaMethod.doMethodInvoke(MetaMethod.java:325)
	at groovy.lang.MetaClassImpl.invokeMethod(MetaClassImpl.java:1225)
	at groovy.lang.MetaClassImpl.invokeMethod(MetaClassImpl.java:1034)
	at org.codehaus.groovy.runtime.callsite.PogoMetaClassSite.callCurrent(PogoMetaClassSite.java:68)
	at org.codehaus.groovy.runtime.callsite.AbstractCallSite.callCurrent(AbstractCallSite.java:185)
	at groovy.grape.GrapeIvy.grab(GrapeIvy.groovy:254)
	at groovy.grape.Grape.grab(Grape.java:167)
	at jdk.internal.reflect.GeneratedMethodAccessor342.invoke(Unknown Source)
	at java.base/jdk.internal.reflect.DelegatingMethodAccessorImpl.invoke(DelegatingMethodAccessorImpl.java:43)
	at java.base/java.lang.reflect.Method.invoke(Method.java:566)
	at org.codehaus.groovy.reflection.CachedMethod.invoke(CachedMethod.java:98)
	at groovy.lang.MetaMethod.doMethodInvoke(MetaMethod.java:325)
	at org.codehaus.groovy.runtime.callsite.StaticMetaMethodSite.invoke(StaticMetaMethodSite.java:46)
	at org.codehaus.groovy.runtime.callsite.StaticMetaMethodSite.callStatic(StaticMetaMethodSite.java:102)
	at org.codehaus.groovy.runtime.callsite.CallSiteArray.defaultCallStatic(CallSiteArray.java:55)
	at org.codehaus.groovy.runtime.callsite.AbstractCallSite.callStatic(AbstractCallSite.java:197)
	at EmptyDir.<clinit>(jenkinsAgent.groovy)
	at java.base/jdk.internal.reflect.NativeConstructorAccessorImpl.newInstance0(Native Method)
	at java.base/jdk.internal.reflect.NativeConstructorAccessorImpl.newInstance(NativeConstructorAccessorImpl.java:62)
	at java.base/jdk.internal.reflect.DelegatingConstructorAccessorImpl.newInstance(DelegatingConstructorAccessorImpl.java:45)
	at java.base/java.lang.reflect.Constructor.newInstance(Constructor.java:490)
	at org.codehaus.groovy.reflection.CachedConstructor.invoke(CachedConstructor.java:83)
	at org.codehaus.groovy.runtime.callsite.ConstructorSite$NoParamSite.callConstructor(ConstructorSite.java:123)
	at org.codehaus.groovy.runtime.callsite.CallSiteArray.defaultCallConstructor(CallSiteArray.java:59)
	at org.codehaus.groovy.runtime.callsite.AbstractCallSite.callConstructor(AbstractCallSite.java:238)
	at org.codehaus.groovy.runtime.callsite.AbstractCallSite.callConstructor(AbstractCallSite.java:250)
	at jenkinsAgent.<init>(jenkinsAgent.groovy:154)
	at java.base/jdk.internal.reflect.NativeConstructorAccessorImpl.newInstance0(Native Method)
	at java.base/jdk.internal.reflect.NativeConstructorAccessorImpl.newInstance(NativeConstructorAccessorImpl.java:62)
	at java.base/jdk.internal.reflect.DelegatingConstructorAccessorImpl.newInstance(DelegatingConstructorAccessorImpl.java:45)
	at java.base/java.lang.reflect.Constructor.newInstance(Constructor.java:490)
	at java.base/java.lang.Class.newInstance(Class.java:584)
	at org.jenkinsci.plugins.workflow.cps.global.UserDefinedGlobalVariable.getValue(UserDefinedGlobalVariable.java:52)
	at org.jenkinsci.plugins.workflow.cps.CpsScript.invokeMethod(CpsScript.java:115)
	at jdk.internal.reflect.GeneratedMethodAccessor719.invoke(Unknown Source)
	at java.base/jdk.internal.reflect.DelegatingMethodAccessorImpl.invoke(DelegatingMethodAccessorImpl.java:43)
	at java.base/java.lang.reflect.Method.invoke(Method.java:566)
	at org.codehaus.groovy.reflection.CachedMethod.invoke(CachedMethod.java:98)
	at groovy.lang.MetaMethod.doMethodInvoke(MetaMethod.java:325)
	at groovy.lang.MetaClassImpl.invokeMethod(MetaClassImpl.java:1225)
	at groovy.lang.MetaClassImpl.invokeMethod(MetaClassImpl.java:1034)
	at org.codehaus.groovy.runtime.callsite.PogoMetaClassSite.call(PogoMetaClassSite.java:41)
	at org.codehaus.groovy.runtime.callsite.CallSiteArray.defaultCall(CallSiteArray.java:47)
	at org.codehaus.groovy.runtime.callsite.AbstractCallSite.call(AbstractCallSite.java:116)
	at org.kohsuke.groovy.sandbox.impl.Checker$1.call(Checker.java:180)
	at org.kohsuke.groovy.sandbox.GroovyInterceptor.onMethodCall(GroovyInterceptor.java:23)
	at org.jenkinsci.plugins.scriptsecurity.sandbox.groovy.SandboxInterceptor.onMethodCall(SandboxInterceptor.java:163)
	at org.kohsuke.groovy.sandbox.impl.Checker$1.call(Checker.java:178)
	at org.kohsuke.groovy.sandbox.impl.Checker.checkedCall(Checker.java:182)
	at org.kohsuke.groovy.sandbox.impl.Checker.checkedCall(Checker.java:152)
	at com.cloudbees.groovy.cps.sandbox.SandboxInvoker.methodCall(SandboxInvoker.java:17)
	at org.jenkinsci.plugins.workflow.cps.LoggingInvoker.methodCall(LoggingInvoker.java:105)
Also:   org.jenkinsci.plugins.workflow.actions.ErrorAction$ErrorId: 0bb2d46c-4ef0-4baa-b63b-692beabd680e
Caused: java.lang.ExceptionInInitializerError
	at java.base/jdk.internal.reflect.NativeConstructorAccessorImpl.newInstance0(Native Method)
	at java.base/jdk.internal.reflect.NativeConstructorAccessorImpl.newInstance(NativeConstructorAccessorImpl.java:62)
	at java.base/jdk.internal.reflect.DelegatingConstructorAccessorImpl.newInstance(DelegatingConstructorAccessorImpl.java:45)
	at java.base/java.lang.reflect.Constructor.newInstance(Constructor.java:490)
	at org.codehaus.groovy.reflection.CachedConstructor.invoke(CachedConstructor.java:83)
	at org.codehaus.groovy.runtime.callsite.ConstructorSite$NoParamSite.callConstructor(ConstructorSite.java:123)
	at org.codehaus.groovy.runtime.callsite.CallSiteArray.defaultCallConstructor(CallSiteArray.java:59)
	at org.codehaus.groovy.runtime.callsite.AbstractCallSite.callConstructor(AbstractCallSite.java:238)
	at org.codehaus.groovy.runtime.callsite.AbstractCallSite.callConstructor(AbstractCallSite.java:250)
	at jenkinsAgent.<init>(jenkinsAgent.groovy:154)
	at java.base/jdk.internal.reflect.NativeConstructorAccessorImpl.newInstance0(Native Method)
	at java.base/jdk.internal.reflect.NativeConstructorAccessorImpl.newInstance(NativeConstructorAccessorImpl.java:62)
	at java.base/jdk.internal.reflect.DelegatingConstructorAccessorImpl.newInstance(DelegatingConstructorAccessorImpl.java:45)
	at java.base/java.lang.reflect.Constructor.newInstance(Constructor.java:490)
	at java.base/java.lang.Class.newInstance(Class.java:584)
	at org.jenkinsci.plugins.workflow.cps.global.UserDefinedGlobalVariable.getValue(UserDefinedGlobalVariable.java:52)
	at org.jenkinsci.plugins.workflow.cps.CpsScript.invokeMethod(CpsScript.java:115)
	at jdk.internal.reflect.GeneratedMethodAccessor719.invoke(Unknown Source)
	at java.base/jdk.internal.reflect.DelegatingMethodAccessorImpl.invoke(DelegatingMethodAccessorImpl.java:43)
	at java.base/java.lang.reflect.Method.invoke(Method.java:566)
	at org.codehaus.groovy.reflection.CachedMethod.invoke(CachedMethod.java:98)
	at groovy.lang.MetaMethod.doMethodInvoke(MetaMethod.java:325)
	at groovy.lang.MetaClassImpl.invokeMethod(MetaClassImpl.java:1225)
	at groovy.lang.MetaClassImpl.invokeMethod(MetaClassImpl.java:1034)
	at org.codehaus.groovy.runtime.callsite.PogoMetaClassSite.call(PogoMetaClassSite.java:41)
	at org.codehaus.groovy.runtime.callsite.CallSiteArray.defaultCall(CallSiteArray.java:47)
	at org.codehaus.groovy.runtime.callsite.AbstractCallSite.call(AbstractCallSite.java:116)
	at org.kohsuke.groovy.sandbox.impl.Checker$1.call(Checker.java:180)
	at org.kohsuke.groovy.sandbox.GroovyInterceptor.onMethodCall(GroovyInterceptor.java:23)
	at org.jenkinsci.plugins.scriptsecurity.sandbox.groovy.SandboxInterceptor.onMethodCall(SandboxInterceptor.java:163)
	at org.kohsuke.groovy.sandbox.impl.Checker$1.call(Checker.java:178)
	at org.kohsuke.groovy.sandbox.impl.Checker.checkedCall(Checker.java:182)
	at org.kohsuke.groovy.sandbox.impl.Checker.checkedCall(Checker.java:152)
	at com.cloudbees.groovy.cps.sandbox.SandboxInvoker.methodCall(SandboxInvoker.java:17)
	at org.jenkinsci.plugins.workflow.cps.LoggingInvoker.methodCall(LoggingInvoker.java:105)
	at WorkflowScript.run(WorkflowScript:14)
	at org.jenkinsci.plugins.pipeline.modeldefinition.ModelInterpreter.instanceFromClosure(ModelInterpreter.groovy:713)
	at org.jenkinsci.plugins.pipeline.modeldefinition.ModelInterpreter.inDeclarativeAgent(ModelInterpreter.groovy:576)
	at org.jenkinsci.plugins.pipeline.modeldefinition.ModelInterpreter.call(ModelInterpreter.groovy:76)
	at WorkflowScript.run(WorkflowScript:4)
	at ___cps.transform___(Native Method)
	at com.cloudbees.groovy.cps.impl.ContinuationGroup.methodCall(ContinuationGroup.java:90)
	at com.cloudbees.groovy.cps.impl.FunctionCallBlock$ContinuationImpl.dispatchOrArg(FunctionCallBlock.java:116)
	at com.cloudbees.groovy.cps.impl.FunctionCallBlock$ContinuationImpl.fixArg(FunctionCallBlock.java:85)
	at jdk.internal.reflect.GeneratedMethodAccessor233.invoke(Unknown Source)
	at java.base/jdk.internal.reflect.DelegatingMethodAccessorImpl.invoke(DelegatingMethodAccessorImpl.java:43)
	at java.base/java.lang.reflect.Method.invoke(Method.java:566)
	at com.cloudbees.groovy.cps.impl.ContinuationPtr$ContinuationImpl.receive(ContinuationPtr.java:72)
	at com.cloudbees.groovy.cps.impl.ConstantBlock.eval(ConstantBlock.java:21)
	at com.cloudbees.groovy.cps.Next.step(Next.java:83)
	at com.cloudbees.groovy.cps.Continuable$1.call(Continuable.java:152)
	at com.cloudbees.groovy.cps.Continuable$1.call(Continuable.java:146)
	at org.codehaus.groovy.runtime.GroovyCategorySupport$ThreadCategoryInfo.use(GroovyCategorySupport.java:136)
	at org.codehaus.groovy.runtime.GroovyCategorySupport.use(GroovyCategorySupport.java:275)
	at com.cloudbees.groovy.cps.Continuable.run0(Continuable.java:146)
	at org.jenkinsci.plugins.workflow.cps.SandboxContinuable.access$001(SandboxContinuable.java:18)
	at org.jenkinsci.plugins.workflow.cps.SandboxContinuable.run0(SandboxContinuable.java:51)
	at org.jenkinsci.plugins.workflow.cps.CpsThread.runNextChunk(CpsThread.java:187)
	at org.jenkinsci.plugins.workflow.cps.CpsThreadGroup.run(CpsThreadGroup.java:423)
	at org.jenkinsci.plugins.workflow.cps.CpsThreadGroup$2.call(CpsThreadGroup.java:331)
	at org.jenkinsci.plugins.workflow.cps.CpsThreadGroup$2.call(CpsThreadGroup.java:295)
	at org.jenkinsci.plugins.workflow.cps.CpsVmExecutorService$2.call(CpsVmExecutorService.java:97)
	at java.base/java.util.concurrent.FutureTask.run(FutureTask.java:264)
	at hudson.remoting.SingleLaneExecutorService$1.run(SingleLaneExecutorService.java:139)
	at jenkins.util.ContextResettingExecutorService$1.run(ContextResettingExecutorService.java:28)
	at jenkins.security.ImpersonatingExecutorService$1.run(ImpersonatingExecutorService.java:68)
	at jenkins.util.ErrorLoggingExecutorService.lambda$wrap$0(ErrorLoggingExecutorService.java:51)
	at java.base/java.util.concurrent.Executors$RunnableAdapter.call(Executors.java:515)
	at java.base/java.util.concurrent.FutureTask.run(FutureTask.java:264)
	at java.base/java.util.concurrent.ThreadPoolExecutor.runWorker(ThreadPoolExecutor.java:1128)
	at java.base/java.util.concurrent.ThreadPoolExecutor$Worker.run(ThreadPoolExecutor.java:628)
	at java.base/java.lang.Thread.run(Thread.java:829)
Finished: FAILURE
