Started on Nov 4, 2014 1:25:00 PM
Polling SCM changes on master
Using strategy: Default
[poll] Last Built Revision: Revision 310578f67829b9e648ad762db1061574da8f4a07 (refs/remotes/origin/master)
 > git rev-parse --is-inside-work-tree # timeout=10
Fetching changes from the remote Git repositories
 > git config remote.origin.url ssh://git@github.com/our_org/private_repo.git # timeout=10
Fetching upstream changes from ssh://git@github.com/our_org/private_repo.git
 > git --version # timeout=10
 > git fetch --tags --progress ssh://git@github.com/our_org/private_repo.git +refs/heads/*:refs/remotes/origin/*
Polling for changes in
 > git rev-parse refs/remotes/origin/master^{commit} # timeout=10
 > git rev-parse refs/remotes/origin/origin/master^{commit} # timeout=10
 > git log --full-history --no-abbrev --format=raw -M -m --raw 310578f67829b9e648ad762db1061574da8f4a07..ab306409a075696e1fc44e65c7a66e1e1b8dc05b # timeout=10
Ignored commit ab306409a075696e1fc44e65c7a66e1e1b8dc05b: Found only excluded paths: 
Ignored commit ab306409a075696e1fc44e65c7a66e1e1b8dc05b: Found only excluded paths: 
Ignored commit c7acd0f21e3c8cd40ff64f6ebf66bb2d5d572d9a: Found only excluded paths: 
Ignored commit 45affbe46eab300b51bb9e8796d2f2365aa8493d: Found only excluded paths: 
Ignored commit 5056776f0f874a3e2ae2595807722a224284a048: Found only excluded paths: 
Ignored commit 5056776f0f874a3e2ae2595807722a224284a048: Found only excluded paths: 
Ignored commit 8312fc6f21ddf35fa1d5eb2952c36993958cb4a2: Found only excluded paths: 
Ignored commit c9373023dd76dae12d65c296b2f9a40ca12ebfa5: Found only excluded paths: 
Ignored commit c9373023dd76dae12d65c296b2f9a40ca12ebfa5: Found only excluded paths: 
Ignored commit 352e7967e292ea3ec63d623db5b451034a5c23c9: Found only excluded paths: 
Done. Took 2.4 sec
No changes