2018-11-14 05:15:01
Full thread dump Java HotSpot(TM) 64-Bit Server VM (25.192-b26 mixed mode):

"Attach Listener" #83 daemon prio=9 os_prio=0 tid=0x00007fdb18004800 nid=0x5931 waiting on condition [0x0000000000000000]
   java.lang.Thread.State: RUNNABLE

"Incoming-4,Jenkins,pce5c2780bcead3-55749" #81 prio=5 os_prio=0 tid=0x00007fdb1c023000 nid=0x5909 waiting on condition [0x00007fdb0b0fb000]
   java.lang.Thread.State: WAITING (parking)
	at sun.misc.Unsafe.park(Native Method)
	- parking to wait for  <0x00000006c1e8fc98> (a java.util.concurrent.SynchronousQueue$TransferStack)
	at java.util.concurrent.locks.LockSupport.park(LockSupport.java:175)
	at java.util.concurrent.SynchronousQueue$TransferStack.awaitFulfill(SynchronousQueue.java:458)
	at java.util.concurrent.SynchronousQueue$TransferStack.transfer(SynchronousQueue.java:362)
	at java.util.concurrent.SynchronousQueue.take(SynchronousQueue.java:924)
	at java.util.concurrent.ThreadPoolExecutor.getTask(ThreadPoolExecutor.java:1074)
	at java.util.concurrent.ThreadPoolExecutor.runWorker(ThreadPoolExecutor.java:1134)
	at java.util.concurrent.ThreadPoolExecutor$Worker.run(ThreadPoolExecutor.java:624)
	at java.lang.Thread.run(Thread.java:748)

"Thread-19" #78 daemon prio=5 os_prio=0 tid=0x0000000000cfe800 nid=0x58e9 waiting on condition [0x00007fdb076dc000]
   java.lang.Thread.State: WAITING (parking)
	at sun.misc.Unsafe.park(Native Method)
	- parking to wait for  <0x00000006f3280500> (a java.util.concurrent.locks.AbstractQueuedSynchronizer$ConditionObject)
	at java.util.concurrent.locks.LockSupport.park(LockSupport.java:175)
	at java.util.concurrent.locks.AbstractQueuedSynchronizer$ConditionObject.await(AbstractQueuedSynchronizer.java:2039)
	at java.util.concurrent.LinkedBlockingQueue.take(LinkedBlockingQueue.java:442)
	at org.jenkinsci.plugins.ssegateway.SubscriptionConfigQueue$1.run(SubscriptionConfigQueue.java:78)

"Timer-1" #76 daemon prio=5 os_prio=0 tid=0x0000000000cfb800 nid=0x58e8 in Object.wait() [0x00007fdb077dd000]
   java.lang.Thread.State: TIMED_WAITING (on object monitor)
	at java.lang.Object.wait(Native Method)
	- waiting on <0x00000006f32806e8> (a java.util.TaskQueue)
	at java.util.TimerThread.mainLoop(Timer.java:552)
	- locked <0x00000006f32806e8> (a java.util.TaskQueue)
	at java.util.TimerThread.run(Timer.java:505)

"Timer-0" #75 daemon prio=5 os_prio=0 tid=0x0000000000986800 nid=0x58e4 waiting for monitor entry [0x00007fdb07ede000]
   java.lang.Thread.State: BLOCKED (on object monitor)
	at hudson.ExtensionList.ensureLoaded(ExtensionList.java:316)
	- waiting to lock <0x00000006c0120260> (a hudson.ExtensionList$Lock)
	at hudson.ExtensionList.iterator(ExtensionList.java:172)
	at hudson.model.listeners.SaveableListener.fireOnChange(SaveableListener.java:79)
	at hudson.model.Descriptor.save(Descriptor.java:874)
	- locked <0x00000006f32808d0> (a org.jenkinsci.plugins.ghprb.GhprbTrigger$DescriptorImpl)
	at org.jenkinsci.plugins.ghprb.GhprbTrigger$DescriptorImpl$1.run(GhprbTrigger.java:881)
	at java.util.TimerThread.mainLoop(Timer.java:555)
	at java.util.TimerThread.run(Timer.java:505)

"jenkins.util.Timer [#10]" #74 daemon prio=5 os_prio=0 tid=0x0000000000d37800 nid=0x58e3 waiting on condition [0x00007fdb081df000]
   java.lang.Thread.State: TIMED_WAITING (parking)
	at sun.misc.Unsafe.park(Native Method)
	- parking to wait for  <0x00000006c0000b40> (a java.util.concurrent.locks.AbstractQueuedSynchronizer$ConditionObject)
	at java.util.concurrent.locks.LockSupport.parkNanos(LockSupport.java:215)
	at java.util.concurrent.locks.AbstractQueuedSynchronizer$ConditionObject.awaitNanos(AbstractQueuedSynchronizer.java:2078)
	at java.util.concurrent.ScheduledThreadPoolExecutor$DelayedWorkQueue.take(ScheduledThreadPoolExecutor.java:1093)
	at java.util.concurrent.ScheduledThreadPoolExecutor$DelayedWorkQueue.take(ScheduledThreadPoolExecutor.java:809)
	at java.util.concurrent.ThreadPoolExecutor.getTask(ThreadPoolExecutor.java:1074)
	at java.util.concurrent.ThreadPoolExecutor.runWorker(ThreadPoolExecutor.java:1134)
	at java.util.concurrent.ThreadPoolExecutor$Worker.run(ThreadPoolExecutor.java:624)
	at java.lang.Thread.run(Thread.java:748)

"jenkins.util.Timer [#9]" #73 daemon prio=5 os_prio=0 tid=0x00007fdb2811e800 nid=0x58de waiting on condition [0x00007fdb084e0000]
   java.lang.Thread.State: WAITING (parking)
	at sun.misc.Unsafe.park(Native Method)
	- parking to wait for  <0x00000006c0000b40> (a java.util.concurrent.locks.AbstractQueuedSynchronizer$ConditionObject)
	at java.util.concurrent.locks.LockSupport.park(LockSupport.java:175)
	at java.util.concurrent.locks.AbstractQueuedSynchronizer$ConditionObject.await(AbstractQueuedSynchronizer.java:2039)
	at java.util.concurrent.ScheduledThreadPoolExecutor$DelayedWorkQueue.take(ScheduledThreadPoolExecutor.java:1088)
	at java.util.concurrent.ScheduledThreadPoolExecutor$DelayedWorkQueue.take(ScheduledThreadPoolExecutor.java:809)
	at java.util.concurrent.ThreadPoolExecutor.getTask(ThreadPoolExecutor.java:1074)
	at java.util.concurrent.ThreadPoolExecutor.runWorker(ThreadPoolExecutor.java:1134)
	at java.util.concurrent.ThreadPoolExecutor$Worker.run(ThreadPoolExecutor.java:624)
	at java.lang.Thread.run(Thread.java:748)

"jenkins.util.Timer [#8]" #72 daemon prio=5 os_prio=0 tid=0x00007fdb58005800 nid=0x58d9 waiting on condition [0x00007fdb0b1fc000]
   java.lang.Thread.State: WAITING (parking)
	at sun.misc.Unsafe.park(Native Method)
	- parking to wait for  <0x00000006c0000b40> (a java.util.concurrent.locks.AbstractQueuedSynchronizer$ConditionObject)
	at java.util.concurrent.locks.LockSupport.park(LockSupport.java:175)
	at java.util.concurrent.locks.AbstractQueuedSynchronizer$ConditionObject.await(AbstractQueuedSynchronizer.java:2039)
	at java.util.concurrent.ScheduledThreadPoolExecutor$DelayedWorkQueue.take(ScheduledThreadPoolExecutor.java:1088)
	at java.util.concurrent.ScheduledThreadPoolExecutor$DelayedWorkQueue.take(ScheduledThreadPoolExecutor.java:809)
	at java.util.concurrent.ThreadPoolExecutor.getTask(ThreadPoolExecutor.java:1074)
	at java.util.concurrent.ThreadPoolExecutor.runWorker(ThreadPoolExecutor.java:1134)
	at java.util.concurrent.ThreadPoolExecutor$Worker.run(ThreadPoolExecutor.java:624)
	at java.lang.Thread.run(Thread.java:748)

"jenkins.util.Timer [#7]" #71 daemon prio=5 os_prio=0 tid=0x00007fdb303c3800 nid=0x58d3 waiting on condition [0x00007fdb0a1fa000]
   java.lang.Thread.State: TIMED_WAITING (parking)
	at sun.misc.Unsafe.park(Native Method)
	- parking to wait for  <0x00000006c0000b40> (a java.util.concurrent.locks.AbstractQueuedSynchronizer$ConditionObject)
	at java.util.concurrent.locks.LockSupport.parkNanos(LockSupport.java:215)
	at java.util.concurrent.locks.AbstractQueuedSynchronizer$ConditionObject.awaitNanos(AbstractQueuedSynchronizer.java:2078)
	at java.util.concurrent.ScheduledThreadPoolExecutor$DelayedWorkQueue.take(ScheduledThreadPoolExecutor.java:1093)
	at java.util.concurrent.ScheduledThreadPoolExecutor$DelayedWorkQueue.take(ScheduledThreadPoolExecutor.java:809)
	at java.util.concurrent.ThreadPoolExecutor.getTask(ThreadPoolExecutor.java:1074)
	at java.util.concurrent.ThreadPoolExecutor.runWorker(ThreadPoolExecutor.java:1134)
	at java.util.concurrent.ThreadPoolExecutor$Worker.run(ThreadPoolExecutor.java:624)
	at java.lang.Thread.run(Thread.java:748)

"jenkins.util.Timer [#6]" #67 daemon prio=5 os_prio=0 tid=0x00007fdb0c4cf800 nid=0x58cb waiting on condition [0x00007fdb0b2fd000]
   java.lang.Thread.State: WAITING (parking)
	at sun.misc.Unsafe.park(Native Method)
	- parking to wait for  <0x00000006c0000b40> (a java.util.concurrent.locks.AbstractQueuedSynchronizer$ConditionObject)
	at java.util.concurrent.locks.LockSupport.park(LockSupport.java:175)
	at java.util.concurrent.locks.AbstractQueuedSynchronizer$ConditionObject.await(AbstractQueuedSynchronizer.java:2039)
	at java.util.concurrent.ScheduledThreadPoolExecutor$DelayedWorkQueue.take(ScheduledThreadPoolExecutor.java:1088)
	at java.util.concurrent.ScheduledThreadPoolExecutor$DelayedWorkQueue.take(ScheduledThreadPoolExecutor.java:809)
	at java.util.concurrent.ThreadPoolExecutor.getTask(ThreadPoolExecutor.java:1074)
	at java.util.concurrent.ThreadPoolExecutor.runWorker(ThreadPoolExecutor.java:1134)
	at java.util.concurrent.ThreadPoolExecutor$Worker.run(ThreadPoolExecutor.java:624)
	at java.lang.Thread.run(Thread.java:748)

"jenkins.util.Timer [#5]" #66 daemon prio=5 os_prio=0 tid=0x00007fdb0c1f0000 nid=0x58c5 waiting on condition [0x00007fdb0b5fe000]
   java.lang.Thread.State: TIMED_WAITING (parking)
	at sun.misc.Unsafe.park(Native Method)
	- parking to wait for  <0x00000006c0000b40> (a java.util.concurrent.locks.AbstractQueuedSynchronizer$ConditionObject)
	at java.util.concurrent.locks.LockSupport.parkNanos(LockSupport.java:215)
	at java.util.concurrent.locks.AbstractQueuedSynchronizer$ConditionObject.awaitNanos(AbstractQueuedSynchronizer.java:2078)
	at java.util.concurrent.ScheduledThreadPoolExecutor$DelayedWorkQueue.take(ScheduledThreadPoolExecutor.java:1093)
	at java.util.concurrent.ScheduledThreadPoolExecutor$DelayedWorkQueue.take(ScheduledThreadPoolExecutor.java:809)
	at java.util.concurrent.ThreadPoolExecutor.getTask(ThreadPoolExecutor.java:1074)
	at java.util.concurrent.ThreadPoolExecutor.runWorker(ThreadPoolExecutor.java:1134)
	at java.util.concurrent.ThreadPoolExecutor$Worker.run(ThreadPoolExecutor.java:624)
	at java.lang.Thread.run(Thread.java:748)

"jenkins.util.Timer [#4]" #65 daemon prio=5 os_prio=0 tid=0x00007fdb0c246000 nid=0x58c0 waiting on condition [0x00007fdb101d1000]
   java.lang.Thread.State: WAITING (parking)
	at sun.misc.Unsafe.park(Native Method)
	- parking to wait for  <0x00000006c0000b40> (a java.util.concurrent.locks.AbstractQueuedSynchronizer$ConditionObject)
	at java.util.concurrent.locks.LockSupport.park(LockSupport.java:175)
	at java.util.concurrent.locks.AbstractQueuedSynchronizer$ConditionObject.await(AbstractQueuedSynchronizer.java:2039)
	at java.util.concurrent.ScheduledThreadPoolExecutor$DelayedWorkQueue.take(ScheduledThreadPoolExecutor.java:1088)
	at java.util.concurrent.ScheduledThreadPoolExecutor$DelayedWorkQueue.take(ScheduledThreadPoolExecutor.java:809)
	at java.util.concurrent.ThreadPoolExecutor.getTask(ThreadPoolExecutor.java:1074)
	at java.util.concurrent.ThreadPoolExecutor.runWorker(ThreadPoolExecutor.java:1134)
	at java.util.concurrent.ThreadPoolExecutor$Worker.run(ThreadPoolExecutor.java:624)
	at java.lang.Thread.run(Thread.java:748)

"jenkins.util.Timer [#3]" #64 daemon prio=5 os_prio=0 tid=0x00007fdb58003800 nid=0x58bb waiting on condition [0x00007fdb102d2000]
   java.lang.Thread.State: WAITING (parking)
	at sun.misc.Unsafe.park(Native Method)
	- parking to wait for  <0x00000006c0000b40> (a java.util.concurrent.locks.AbstractQueuedSynchronizer$ConditionObject)
	at java.util.concurrent.locks.LockSupport.park(LockSupport.java:175)
	at java.util.concurrent.locks.AbstractQueuedSynchronizer$ConditionObject.await(AbstractQueuedSynchronizer.java:2039)
	at java.util.concurrent.ScheduledThreadPoolExecutor$DelayedWorkQueue.take(ScheduledThreadPoolExecutor.java:1088)
	at java.util.concurrent.ScheduledThreadPoolExecutor$DelayedWorkQueue.take(ScheduledThreadPoolExecutor.java:809)
	at java.util.concurrent.ThreadPoolExecutor.getTask(ThreadPoolExecutor.java:1074)
	at java.util.concurrent.ThreadPoolExecutor.runWorker(ThreadPoolExecutor.java:1134)
	at java.util.concurrent.ThreadPoolExecutor$Worker.run(ThreadPoolExecutor.java:624)
	at java.lang.Thread.run(Thread.java:748)

"Thread-15" #63 daemon prio=5 os_prio=0 tid=0x00007fdb56955800 nid=0x58ba waiting on condition [0x00007fdb103d3000]
   java.lang.Thread.State: TIMED_WAITING (parking)
	at sun.misc.Unsafe.park(Native Method)
	- parking to wait for  <0x00000006f3281b38> (a java.util.concurrent.locks.AbstractQueuedSynchronizer$ConditionObject)
	at java.util.concurrent.locks.LockSupport.parkNanos(LockSupport.java:215)
	at java.util.concurrent.locks.AbstractQueuedSynchronizer$ConditionObject.awaitNanos(AbstractQueuedSynchronizer.java:2078)
	at java.util.concurrent.LinkedBlockingQueue.poll(LinkedBlockingQueue.java:467)
	at org.jenkinsci.plugins.pubsub.listeners.SyncQueueListener$1.run(SyncQueueListener.java:93)

"javamelody" #62 daemon prio=5 os_prio=0 tid=0x00007fdb54cc1800 nid=0x58b6 in Object.wait() [0x00007fdb11f12000]
   java.lang.Thread.State: TIMED_WAITING (on object monitor)
	at java.lang.Object.wait(Native Method)
	- waiting on <0x00000006c011fc68> (a java.util.TaskQueue)
	at java.util.TimerThread.mainLoop(Timer.java:552)
	- locked <0x00000006c011fc68> (a java.util.TaskQueue)
	at java.util.TimerThread.run(Timer.java:505)

"Thread-13" #61 daemon prio=5 os_prio=0 tid=0x00007fdb5469b000 nid=0x58b4 runnable [0x00007fdb1328f000]
   java.lang.Thread.State: RUNNABLE
	at sun.nio.ch.EPoll.epollWait(Native Method)
	at sun.nio.ch.EPollPort$EventHandlerTask.poll(EPollPort.java:194)
	at sun.nio.ch.EPollPort$EventHandlerTask.run(EPollPort.java:268)
	at java.lang.Thread.run(Thread.java:748)

"sshd-SshClient[27f2bd13]-timer-thread-1" #60 daemon prio=5 os_prio=0 tid=0x00007fdb54694000 nid=0x58b3 waiting on condition [0x00007fdb13390000]
   java.lang.Thread.State: TIMED_WAITING (parking)
	at sun.misc.Unsafe.park(Native Method)
	- parking to wait for  <0x00000006c011ffd0> (a java.util.concurrent.locks.AbstractQueuedSynchronizer$ConditionObject)
	at java.util.concurrent.locks.LockSupport.parkNanos(LockSupport.java:215)
	at java.util.concurrent.locks.AbstractQueuedSynchronizer$ConditionObject.awaitNanos(AbstractQueuedSynchronizer.java:2078)
	at java.util.concurrent.ScheduledThreadPoolExecutor$DelayedWorkQueue.take(ScheduledThreadPoolExecutor.java:1093)
	at java.util.concurrent.ScheduledThreadPoolExecutor$DelayedWorkQueue.take(ScheduledThreadPoolExecutor.java:809)
	at java.util.concurrent.ThreadPoolExecutor.getTask(ThreadPoolExecutor.java:1074)
	at java.util.concurrent.ThreadPoolExecutor.runWorker(ThreadPoolExecutor.java:1134)
	at java.util.concurrent.ThreadPoolExecutor$Worker.run(ThreadPoolExecutor.java:624)
	at java.lang.Thread.run(Thread.java:748)

"jenkins.util.Timer [#2]" #59 daemon prio=5 os_prio=0 tid=0x00007fdb58002000 nid=0x58b2 waiting on condition [0x00007fdb1380e000]
   java.lang.Thread.State: WAITING (parking)
	at sun.misc.Unsafe.park(Native Method)
	- parking to wait for  <0x00000006c0000b40> (a java.util.concurrent.locks.AbstractQueuedSynchronizer$ConditionObject)
	at java.util.concurrent.locks.LockSupport.park(LockSupport.java:175)
	at java.util.concurrent.locks.AbstractQueuedSynchronizer$ConditionObject.await(AbstractQueuedSynchronizer.java:2039)
	at java.util.concurrent.ScheduledThreadPoolExecutor$DelayedWorkQueue.take(ScheduledThreadPoolExecutor.java:1088)
	at java.util.concurrent.ScheduledThreadPoolExecutor$DelayedWorkQueue.take(ScheduledThreadPoolExecutor.java:809)
	at java.util.concurrent.ThreadPoolExecutor.getTask(ThreadPoolExecutor.java:1074)
	at java.util.concurrent.ThreadPoolExecutor.runWorker(ThreadPoolExecutor.java:1134)
	at java.util.concurrent.ThreadPoolExecutor$Worker.run(ThreadPoolExecutor.java:624)
	at java.lang.Thread.run(Thread.java:748)

"RunSelectorParameter.initAliases" #58 daemon prio=5 os_prio=0 tid=0x00007fdb5c031000 nid=0x58ae waiting for monitor entry [0x00007fdb13ff9000]
   java.lang.Thread.State: BLOCKED (on object monitor)
	at hudson.ExtensionList.ensureLoaded(ExtensionList.java:316)
	- waiting to lock <0x00000006c37c7680> (a hudson.DescriptorExtensionList)
	at hudson.ExtensionList.iterator(ExtensionList.java:172)
	at hudson.ExtensionList.get(ExtensionList.java:149)
	at jenkins.security.apitoken.ApiTokenPropertyConfiguration.get(ApiTokenPropertyConfiguration.java:58)
	at jenkins.security.ApiTokenProperty$DescriptorImpl.newInstance(ApiTokenProperty.java:386)
	at jenkins.security.ApiTokenProperty$DescriptorImpl.newInstance(ApiTokenProperty.java:359)
	at hudson.model.User.load(User.java:214)
	- locked <0x00000006f3283878> (a hudson.model.User)
	at hudson.model.User.<init>(User.java:166)
	at hudson.model.User.getOrCreate(User.java:537)
	at hudson.model.User.getOrCreate(User.java:484)
	at hudson.model.User.getById(User.java:673)
	at hudson.model.User.get(User.java:656)
	at hudson.model.User.current(User.java:640)
	at org.jenkinsci.plugins.scriptsecurity.scripts.ApprovalContext.withCurrentUser(ApprovalContext.java:72)
	at hudson.plugins.emailext.ExtendedEmailPublisherDescriptor.setDefaultPostsendScript(ExtendedEmailPublisherDescriptor.java:561)
	at hudson.plugins.emailext.ExtendedEmailPublisherDescriptor.<init>(ExtendedEmailPublisherDescriptor.java:186)
	at hudson.plugins.emailext.ExtendedEmailPublisherDescriptor$$FastClassByGuice$$5dfa54d0.newInstance(<generated>)
	at com.google.inject.internal.cglib.reflect.$FastConstructor.newInstance(FastConstructor.java:40)
	at com.google.inject.internal.DefaultConstructionProxyFactory$1.newInstance(DefaultConstructionProxyFactory.java:61)
	at com.google.inject.internal.ConstructorInjector.provision(ConstructorInjector.java:105)
	at com.google.inject.internal.ConstructorInjector.construct(ConstructorInjector.java:85)
	at com.google.inject.internal.ConstructorBindingImpl$Factory.get(ConstructorBindingImpl.java:267)
	at com.google.inject.internal.ProviderToInternalFactoryAdapter$1.call(ProviderToInternalFactoryAdapter.java:46)
	at com.google.inject.internal.InjectorImpl.callInContext(InjectorImpl.java:1103)
	at com.google.inject.internal.ProviderToInternalFactoryAdapter.get(ProviderToInternalFactoryAdapter.java:40)
	at com.google.inject.internal.SingletonScope$1.get(SingletonScope.java:145)
	at hudson.ExtensionFinder$GuiceFinder$FaultTolerantScope$1.get(ExtensionFinder.java:432)
	at com.google.inject.internal.InternalFactoryToProviderAdapter.get(InternalFactoryToProviderAdapter.java:41)
	at com.google.inject.internal.InjectorImpl$2$1.call(InjectorImpl.java:1016)
	at com.google.inject.internal.InjectorImpl.callInContext(InjectorImpl.java:1103)
	at com.google.inject.internal.InjectorImpl$2.get(InjectorImpl.java:1012)
	at hudson.ExtensionFinder$GuiceFinder._find(ExtensionFinder.java:394)
	at hudson.ExtensionFinder$GuiceFinder.find(ExtensionFinder.java:385)
	at hudson.ClassicPluginStrategy.findComponents(ClassicPluginStrategy.java:493)
	at hudson.ExtensionList.load(ExtensionList.java:380)
	at hudson.ExtensionList.ensureLoaded(ExtensionList.java:318)
	- locked <0x00000006c0120260> (a hudson.ExtensionList$Lock)
	at hudson.ExtensionList.iterator(ExtensionList.java:172)
	at jenkins.model.Jenkins.getDescriptorByType(Jenkins.java:1525)
	at com.cloudbees.opscenter.client.plugin.OperationsCenterRootAction.descriptor(OperationsCenterRootAction.java:173)
	at com.cloudbees.opscenter.client.plugin.OperationsCenterCredentialsProvider.getCredentials(OperationsCenterCredentialsProvider.java:91)
	at com.cloudbees.plugins.credentials.CredentialsProvider.lookupCredentials(CredentialsProvider.java:413)
	at hudson.plugins.jira.CredentialsHelper.migrateCredentials(CredentialsHelper.java:50)
	at hudson.plugins.jira.JiraSite.<init>(JiraSite.java:221)
	at hudson.plugins.jira.JiraSite.readResolve(JiraSite.java:304)
	at sun.reflect.NativeMethodAccessorImpl.invoke0(Native Method)
	at sun.reflect.NativeMethodAccessorImpl.invoke(NativeMethodAccessorImpl.java:62)
	at sun.reflect.DelegatingMethodAccessorImpl.invoke(DelegatingMethodAccessorImpl.java:43)
	at java.lang.reflect.Method.invoke(Method.java:498)
	at com.thoughtworks.xstream.converters.reflection.SerializationMethodInvoker.callReadResolve(SerializationMethodInvoker.java:66)
	at hudson.util.RobustReflectionConverter.unmarshal(RobustReflectionConverter.java:271)
	at com.thoughtworks.xstream.core.TreeUnmarshaller.convert(TreeUnmarshaller.java:72)
	at com.thoughtworks.xstream.core.AbstractReferenceUnmarshaller.convert(AbstractReferenceUnmarshaller.java:65)
	at com.thoughtworks.xstream.core.TreeUnmarshaller.convertAnother(TreeUnmarshaller.java:66)
	at com.thoughtworks.xstream.core.TreeUnmarshaller.convertAnother(TreeUnmarshaller.java:50)
	at com.thoughtworks.xstream.converters.collections.AbstractCollectionConverter.readItem(AbstractCollectionConverter.java:71)
	at hudson.util.CopyOnWriteList$ConverterImpl.unmarshal(CopyOnWriteList.java:197)
	at hudson.util.CopyOnWriteList$ConverterImpl.unmarshal(CopyOnWriteList.java:176)
	at hudson.util.XStream2$AssociatedConverterImpl.unmarshal(XStream2.java:468)
	at com.thoughtworks.xstream.core.TreeUnmarshaller.convert(TreeUnmarshaller.java:72)
	at com.thoughtworks.xstream.core.AbstractReferenceUnmarshaller.convert(AbstractReferenceUnmarshaller.java:65)
	at com.thoughtworks.xstream.core.TreeUnmarshaller.convertAnother(TreeUnmarshaller.java:66)
	at hudson.util.RobustReflectionConverter.unmarshalField(RobustReflectionConverter.java:393)
	at hudson.util.RobustReflectionConverter.doUnmarshal(RobustReflectionConverter.java:331)
	at hudson.util.RobustReflectionConverter.unmarshal(RobustReflectionConverter.java:270)
	at com.thoughtworks.xstream.core.TreeUnmarshaller.convert(TreeUnmarshaller.java:72)
	at com.thoughtworks.xstream.core.AbstractReferenceUnmarshaller.convert(AbstractReferenceUnmarshaller.java:65)
	at com.thoughtworks.xstream.core.TreeUnmarshaller.convertAnother(TreeUnmarshaller.java:66)
	at com.thoughtworks.xstream.core.TreeUnmarshaller.convertAnother(TreeUnmarshaller.java:50)
	at com.thoughtworks.xstream.core.TreeUnmarshaller.start(TreeUnmarshaller.java:134)
	at com.thoughtworks.xstream.core.AbstractTreeMarshallingStrategy.unmarshal(AbstractTreeMarshallingStrategy.java:32)
	at com.thoughtworks.xstream.XStream.unmarshal(XStream.java:1189)
	at hudson.util.XStream2.unmarshal(XStream2.java:161)
	at hudson.util.XStream2.unmarshal(XStream2.java:132)
	at com.thoughtworks.xstream.XStream.unmarshal(XStream.java:1173)
	at hudson.XmlFile.unmarshal(XmlFile.java:178)
	at hudson.XmlFile.unmarshal(XmlFile.java:161)
	at hudson.model.Descriptor.load(Descriptor.java:894)
	- locked <0x00000006f3283f20> (a hudson.plugins.jira.JiraProjectProperty$DescriptorImpl)
	at hudson.plugins.jira.JiraProjectProperty$DescriptorImpl.<init>(JiraProjectProperty.java:74)
	at hudson.plugins.jira.JiraProjectProperty.<clinit>(JiraProjectProperty.java:67)
	at sun.misc.Unsafe.ensureClassInitialized(Native Method)
	at sun.reflect.UnsafeFieldAccessorFactory.newFieldAccessor(UnsafeFieldAccessorFactory.java:43)
	at sun.reflect.ReflectionFactory.newFieldAccessor(ReflectionFactory.java:156)
	at java.lang.reflect.Field.acquireFieldAccessor(Field.java:1088)
	at java.lang.reflect.Field.getFieldAccessor(Field.java:1069)
	at java.lang.reflect.Field.get(Field.java:393)
	at net.java.sezpoz.IndexItem.instance(IndexItem.java:185)
	at hudson.ExtensionFinder$GuiceFinder.instantiate(ExtensionFinder.java:361)
	at hudson.ExtensionFinder$GuiceFinder.access$700(ExtensionFinder.java:232)
	at hudson.ExtensionFinder$GuiceFinder$SezpozModule$1.get(ExtensionFinder.java:536)
	at com.google.inject.internal.ProviderInternalFactory.provision(ProviderInternalFactory.java:81)
	at com.google.inject.internal.InternalFactoryToInitializableAdapter.provision(InternalFactoryToInitializableAdapter.java:53)
	at com.google.inject.internal.ProviderInternalFactory.circularGet(ProviderInternalFactory.java:61)
	at com.google.inject.internal.InternalFactoryToInitializableAdapter.get(InternalFactoryToInitializableAdapter.java:45)
	at com.google.inject.internal.ProviderToInternalFactoryAdapter$1.call(ProviderToInternalFactoryAdapter.java:46)
	at com.google.inject.internal.InjectorImpl.callInContext(InjectorImpl.java:1103)
	at com.google.inject.internal.ProviderToInternalFactoryAdapter.get(ProviderToInternalFactoryAdapter.java:40)
	at com.google.inject.internal.SingletonScope$1.get(SingletonScope.java:145)
	at hudson.ExtensionFinder$GuiceFinder$FaultTolerantScope$1.get(ExtensionFinder.java:432)
	at com.google.inject.internal.InternalFactoryToProviderAdapter.get(InternalFactoryToProviderAdapter.java:41)
	at com.google.inject.internal.InjectorImpl$2$1.call(InjectorImpl.java:1016)
	at com.google.inject.internal.InjectorImpl.callInContext(InjectorImpl.java:1092)
	at com.google.inject.internal.InjectorImpl$2.get(InjectorImpl.java:1012)
	at hudson.ExtensionFinder$GuiceFinder._find(ExtensionFinder.java:394)
	at hudson.ExtensionFinder$GuiceFinder.find(ExtensionFinder.java:385)
	at hudson.ClassicPluginStrategy.findComponents(ClassicPluginStrategy.java:493)
	at hudson.ExtensionList.load(ExtensionList.java:380)
	at hudson.ExtensionList.ensureLoaded(ExtensionList.java:318)
	- locked <0x00000006c0120260> (a hudson.ExtensionList$Lock)
	at hudson.ExtensionList.iterator(ExtensionList.java:172)
	at jenkins.model.Jenkins.getDescriptorByType(Jenkins.java:1525)
	at org.jenkinsci.plugins.runselector.selectors.RunSelectorParameter.initAliases(RunSelectorParameter.java:142)
	at sun.reflect.NativeMethodAccessorImpl.invoke0(Native Method)
	at sun.reflect.NativeMethodAccessorImpl.invoke(NativeMethodAccessorImpl.java:62)
	at sun.reflect.DelegatingMethodAccessorImpl.invoke(DelegatingMethodAccessorImpl.java:43)
	at java.lang.reflect.Method.invoke(Method.java:498)
	at hudson.init.TaskMethodFinder.invoke(TaskMethodFinder.java:104)
	at hudson.init.TaskMethodFinder$TaskImpl.run(TaskMethodFinder.java:175)
	at org.jvnet.hudson.reactor.Reactor.runTask(Reactor.java:296)
	at jenkins.model.Jenkins$5.runTask(Jenkins.java:1069)
	at org.jvnet.hudson.reactor.Reactor$2.run(Reactor.java:214)
	at org.jvnet.hudson.reactor.Reactor$Node.run(Reactor.java:117)
	at java.util.concurrent.ThreadPoolExecutor.runWorker(ThreadPoolExecutor.java:1149)
	at java.util.concurrent.ThreadPoolExecutor$Worker.run(ThreadPoolExecutor.java:624)
	at java.lang.Thread.run(Thread.java:748)

"PreventRefreshFilter.initAutoRefreshFilter" #57 daemon prio=5 os_prio=0 tid=0x00007fdb5c02f800 nid=0x58ad waiting for monitor entry [0x00007fdb20193000]
   java.lang.Thread.State: BLOCKED (on object monitor)
	at hudson.ExtensionList.ensureLoaded(ExtensionList.java:317)
	- waiting to lock <0x00000006c0120260> (a hudson.ExtensionList$Lock)
	at hudson.ExtensionList.getComponents(ExtensionList.java:183)
	at hudson.DescriptorExtensionList.load(DescriptorExtensionList.java:192)
	at hudson.ExtensionList.ensureLoaded(ExtensionList.java:318)
	- locked <0x00000006c37c7680> (a hudson.DescriptorExtensionList)
	at hudson.ExtensionList.iterator(ExtensionList.java:172)
	at hudson.ExtensionList.get(ExtensionList.java:149)
	at hudson.plugins.claim.ClaimConfig.get(ClaimConfig.java:202)
	at hudson.plugins.claim.http.PreventRefreshFilter.initAutoRefreshFilter(PreventRefreshFilter.java:43)
	at sun.reflect.NativeMethodAccessorImpl.invoke0(Native Method)
	at sun.reflect.NativeMethodAccessorImpl.invoke(NativeMethodAccessorImpl.java:62)
	at sun.reflect.DelegatingMethodAccessorImpl.invoke(DelegatingMethodAccessorImpl.java:43)
	at java.lang.reflect.Method.invoke(Method.java:498)
	at hudson.init.TaskMethodFinder.invoke(TaskMethodFinder.java:104)
	at hudson.init.TaskMethodFinder$TaskImpl.run(TaskMethodFinder.java:175)
	at org.jvnet.hudson.reactor.Reactor.runTask(Reactor.java:296)
	at jenkins.model.Jenkins$5.runTask(Jenkins.java:1069)
	at org.jvnet.hudson.reactor.Reactor$2.run(Reactor.java:214)
	at org.jvnet.hudson.reactor.Reactor$Node.run(Reactor.java:117)
	at java.util.concurrent.ThreadPoolExecutor.runWorker(ThreadPoolExecutor.java:1149)
	at java.util.concurrent.ThreadPoolExecutor$Worker.run(ThreadPoolExecutor.java:624)
	at java.lang.Thread.run(Thread.java:748)

"CustomOrganizationFolderDescriptor.addSpecificDescriptors" #56 daemon prio=5 os_prio=0 tid=0x00007fdb381e1800 nid=0x58ac waiting for monitor entry [0x00007fdb20294000]
   java.lang.Thread.State: BLOCKED (on object monitor)
	at hudson.ExtensionList.ensureLoaded(ExtensionList.java:317)
	- waiting to lock <0x00000006c0120260> (a hudson.ExtensionList$Lock)
	at hudson.ExtensionList.getComponents(ExtensionList.java:183)
	at hudson.DescriptorExtensionList.load(DescriptorExtensionList.java:192)
	at hudson.ExtensionList.ensureLoaded(ExtensionList.java:318)
	- locked <0x00000006f32844b8> (a hudson.DescriptorExtensionList)
	at hudson.ExtensionList.iterator(ExtensionList.java:172)
	at jenkins.branch.CustomOrganizationFolderDescriptor.doAddSpecificDescriptors(CustomOrganizationFolderDescriptor.java:166)
	at jenkins.branch.CustomOrganizationFolderDescriptor.addSpecificDescriptors(CustomOrganizationFolderDescriptor.java:145)
	at sun.reflect.NativeMethodAccessorImpl.invoke0(Native Method)
	at sun.reflect.NativeMethodAccessorImpl.invoke(NativeMethodAccessorImpl.java:62)
	at sun.reflect.DelegatingMethodAccessorImpl.invoke(DelegatingMethodAccessorImpl.java:43)
	at java.lang.reflect.Method.invoke(Method.java:498)
	at hudson.init.TaskMethodFinder.invoke(TaskMethodFinder.java:104)
	at hudson.init.TaskMethodFinder$TaskImpl.run(TaskMethodFinder.java:175)
	at org.jvnet.hudson.reactor.Reactor.runTask(Reactor.java:296)
	at jenkins.model.Jenkins$5.runTask(Jenkins.java:1069)
	at org.jvnet.hudson.reactor.Reactor$2.run(Reactor.java:214)
	at org.jvnet.hudson.reactor.Reactor$Node.run(Reactor.java:117)
	at java.util.concurrent.ThreadPoolExecutor.runWorker(ThreadPoolExecutor.java:1149)
	at java.util.concurrent.ThreadPoolExecutor$Worker.run(ThreadPoolExecutor.java:624)
	at java.lang.Thread.run(Thread.java:748)

"BuildSelectorParameter.initAliases" #55 daemon prio=5 os_prio=0 tid=0x00007fdb381ea800 nid=0x58ab waiting for monitor entry [0x00007fdb20395000]
   java.lang.Thread.State: BLOCKED (on object monitor)
	at hudson.ExtensionList.ensureLoaded(ExtensionList.java:316)
	- waiting to lock <0x00000006c0120260> (a hudson.ExtensionList$Lock)
	at hudson.ExtensionList.iterator(ExtensionList.java:172)
	at jenkins.model.Jenkins.getDescriptorByType(Jenkins.java:1525)
	at hudson.plugins.copyartifact.BuildSelectorParameter.initAliases(BuildSelectorParameter.java:158)
	at sun.reflect.NativeMethodAccessorImpl.invoke0(Native Method)
	at sun.reflect.NativeMethodAccessorImpl.invoke(NativeMethodAccessorImpl.java:62)
	at sun.reflect.DelegatingMethodAccessorImpl.invoke(DelegatingMethodAccessorImpl.java:43)
	at java.lang.reflect.Method.invoke(Method.java:498)
	at hudson.init.TaskMethodFinder.invoke(TaskMethodFinder.java:104)
	at hudson.init.TaskMethodFinder$TaskImpl.run(TaskMethodFinder.java:175)
	at org.jvnet.hudson.reactor.Reactor.runTask(Reactor.java:296)
	at jenkins.model.Jenkins$5.runTask(Jenkins.java:1069)
	at org.jvnet.hudson.reactor.Reactor$2.run(Reactor.java:214)
	at org.jvnet.hudson.reactor.Reactor$Node.run(Reactor.java:117)
	at java.util.concurrent.ThreadPoolExecutor.runWorker(ThreadPoolExecutor.java:1149)
	at java.util.concurrent.ThreadPoolExecutor$Worker.run(ThreadPoolExecutor.java:624)
	at java.lang.Thread.run(Thread.java:748)

"jenkins.util.Timer [#1]" #54 daemon prio=5 os_prio=0 tid=0x00007fdb38081800 nid=0x58a7 waiting on condition [0x00007fdb20897000]
   java.lang.Thread.State: WAITING (parking)
	at sun.misc.Unsafe.park(Native Method)
	- parking to wait for  <0x00000006c0000b40> (a java.util.concurrent.locks.AbstractQueuedSynchronizer$ConditionObject)
	at java.util.concurrent.locks.LockSupport.park(LockSupport.java:175)
	at java.util.concurrent.locks.AbstractQueuedSynchronizer$ConditionObject.await(AbstractQueuedSynchronizer.java:2039)
	at java.util.concurrent.ScheduledThreadPoolExecutor$DelayedWorkQueue.take(ScheduledThreadPoolExecutor.java:1088)
	at java.util.concurrent.ScheduledThreadPoolExecutor$DelayedWorkQueue.take(ScheduledThreadPoolExecutor.java:809)
	at java.util.concurrent.ThreadPoolExecutor.getTask(ThreadPoolExecutor.java:1074)
	at java.util.concurrent.ThreadPoolExecutor.runWorker(ThreadPoolExecutor.java:1134)
	at java.util.concurrent.ThreadPoolExecutor$Worker.run(ThreadPoolExecutor.java:624)
	at java.lang.Thread.run(Thread.java:748)

"Jenkins cron thread" #53 daemon prio=5 os_prio=0 tid=0x00007fdb38058000 nid=0x58a6 in Object.wait() [0x00007fdb20998000]
   java.lang.Thread.State: WAITING (on object monitor)
	at java.lang.Object.wait(Native Method)
	- waiting on <0x00000006c00018a8> (a java.util.TaskQueue)
	at java.lang.Object.wait(Object.java:502)
	at java.util.TimerThread.mainLoop(Timer.java:526)
	- locked <0x00000006c00018a8> (a java.util.TaskQueue)
	at java.util.TimerThread.run(Timer.java:505)

"Scheduler-152134087" #52 prio=5 os_prio=0 tid=0x00007fdb28289000 nid=0x58a5 waiting on condition [0x00007fdb20c99000]
   java.lang.Thread.State: TIMED_WAITING (parking)
	at sun.misc.Unsafe.park(Native Method)
	- parking to wait for  <0x00000006c0001a38> (a java.util.concurrent.locks.AbstractQueuedSynchronizer$ConditionObject)
	at java.util.concurrent.locks.LockSupport.parkNanos(LockSupport.java:215)
	at java.util.concurrent.locks.AbstractQueuedSynchronizer$ConditionObject.awaitNanos(AbstractQueuedSynchronizer.java:2078)
	at java.util.concurrent.ScheduledThreadPoolExecutor$DelayedWorkQueue.take(ScheduledThreadPoolExecutor.java:1093)
	at java.util.concurrent.ScheduledThreadPoolExecutor$DelayedWorkQueue.take(ScheduledThreadPoolExecutor.java:809)
	at java.util.concurrent.ThreadPoolExecutor.getTask(ThreadPoolExecutor.java:1074)
	at java.util.concurrent.ThreadPoolExecutor.runWorker(ThreadPoolExecutor.java:1134)
	at java.util.concurrent.ThreadPoolExecutor$Worker.run(ThreadPoolExecutor.java:624)
	at java.lang.Thread.run(Thread.java:748)

"DestroyJavaVM" #51 prio=5 os_prio=0 tid=0x00007fdb7000b800 nid=0x5853 waiting on condition [0x0000000000000000]
   java.lang.Thread.State: RUNNABLE

"Jenkins initialization thread" #49 daemon prio=5 os_prio=0 tid=0x00007fdb28282800 nid=0x58a4 in Object.wait() [0x00007fdb20d9a000]
   java.lang.Thread.State: WAITING (on object monitor)
	at java.lang.Object.wait(Native Method)
	- waiting on <0x00000006c0000fc8> (a jenkins.model.Jenkins$5)
	at java.lang.Object.wait(Object.java:502)
	at org.jvnet.hudson.reactor.Reactor.execute(Reactor.java:280)
	- locked <0x00000006c0000fc8> (a jenkins.model.Jenkins$5)
	at jenkins.InitReactorRunner.run(InitReactorRunner.java:48)
	at jenkins.model.Jenkins.executeReactor(Jenkins.java:1103)
	at jenkins.model.Jenkins.<init>(Jenkins.java:907)
	at hudson.model.Hudson.<init>(Hudson.java:85)
	at hudson.model.Hudson.<init>(Hudson.java:81)
	at hudson.WebAppMain$3.run(WebAppMain.java:233)

"LauncherControlThread[ControlPort=-1]" #48 prio=5 os_prio=0 tid=0x00007fdb709b9000 nid=0x58a3 waiting on condition [0x00007fdb20e9b000]
   java.lang.Thread.State: TIMED_WAITING (sleeping)
	at java.lang.Thread.sleep(Native Method)
	at winstone.Launcher.run(Launcher.java:248)
	at java.lang.Thread.run(Thread.java:748)

"Java2D Disposer" #47 daemon prio=10 os_prio=0 tid=0x00007fdb2825e000 nid=0x58a2 in Object.wait() [0x00007fdb20f9c000]
   java.lang.Thread.State: WAITING (on object monitor)
	at java.lang.Object.wait(Native Method)
	- waiting on <0x00000006c00022e8> (a java.lang.ref.ReferenceQueue$Lock)
	at java.lang.ref.ReferenceQueue.remove(ReferenceQueue.java:144)
	- locked <0x00000006c00022e8> (a java.lang.ref.ReferenceQueue$Lock)
	at java.lang.ref.ReferenceQueue.remove(ReferenceQueue.java:165)
	at sun.java2d.Disposer.run(Disposer.java:148)
	at java.lang.Thread.run(Thread.java:748)

"Jenkins Enterprise HA task thread" #46 daemon prio=5 os_prio=0 tid=0x00007fdb70974800 nid=0x589f waiting on condition [0x00007fdb341f1000]
   java.lang.Thread.State: WAITING (parking)
	at sun.misc.Unsafe.park(Native Method)
	- parking to wait for  <0x00000006c00024a0> (a java.util.concurrent.locks.AbstractQueuedSynchronizer$ConditionObject)
	at java.util.concurrent.locks.LockSupport.park(LockSupport.java:175)
	at java.util.concurrent.locks.AbstractQueuedSynchronizer$ConditionObject.await(AbstractQueuedSynchronizer.java:2039)
	at java.util.concurrent.ScheduledThreadPoolExecutor$DelayedWorkQueue.take(ScheduledThreadPoolExecutor.java:1081)
	at java.util.concurrent.ScheduledThreadPoolExecutor$DelayedWorkQueue.take(ScheduledThreadPoolExecutor.java:809)
	at java.util.concurrent.ThreadPoolExecutor.getTask(ThreadPoolExecutor.java:1074)
	at java.util.concurrent.ThreadPoolExecutor.runWorker(ThreadPoolExecutor.java:1134)
	at java.util.concurrent.ThreadPoolExecutor$Worker.run(ThreadPoolExecutor.java:624)
	at java.lang.Thread.run(Thread.java:748)

"INT-2,Jenkins,pce5c2780bcead3-55749" #35 prio=5 os_prio=0 tid=0x00007fdb71612800 nid=0x5889 waiting on condition [0x00007fdb342f2000]
   java.lang.Thread.State: WAITING (parking)
	at sun.misc.Unsafe.park(Native Method)
	- parking to wait for  <0x00000006c0002700> (a java.util.concurrent.locks.AbstractQueuedSynchronizer$ConditionObject)
	at java.util.concurrent.locks.LockSupport.park(LockSupport.java:175)
	at java.util.concurrent.locks.AbstractQueuedSynchronizer$ConditionObject.await(AbstractQueuedSynchronizer.java:2039)
	at java.util.concurrent.ArrayBlockingQueue.take(ArrayBlockingQueue.java:403)
	at java.util.concurrent.ThreadPoolExecutor.getTask(ThreadPoolExecutor.java:1074)
	at java.util.concurrent.ThreadPoolExecutor.runWorker(ThreadPoolExecutor.java:1134)
	at java.util.concurrent.ThreadPoolExecutor$Worker.run(ThreadPoolExecutor.java:624)
	at java.lang.Thread.run(Thread.java:748)

"Timer-5,Jenkins,pce5c2780bcead3-55749" #33 daemon prio=5 os_prio=0 tid=0x00007fdb5c007800 nid=0x5885 waiting on condition [0x00007fdb343f3000]
   java.lang.Thread.State: WAITING (parking)
	at sun.misc.Unsafe.park(Native Method)
	- parking to wait for  <0x00000006c0002970> (a java.util.concurrent.locks.AbstractQueuedSynchronizer$ConditionObject)
	at java.util.concurrent.locks.LockSupport.park(LockSupport.java:175)
	at java.util.concurrent.locks.AbstractQueuedSynchronizer$ConditionObject.await(AbstractQueuedSynchronizer.java:2039)
	at java.util.concurrent.LinkedBlockingQueue.take(LinkedBlockingQueue.java:442)
	at java.util.concurrent.ThreadPoolExecutor.getTask(ThreadPoolExecutor.java:1074)
	at java.util.concurrent.ThreadPoolExecutor.runWorker(ThreadPoolExecutor.java:1134)
	at java.util.concurrent.ThreadPoolExecutor$Worker.run(ThreadPoolExecutor.java:624)
	at java.lang.Thread.run(Thread.java:748)

"Timer-4,Jenkins,pce5c2780bcead3-55749" #32 daemon prio=5 os_prio=0 tid=0x00007fdb5c006800 nid=0x5884 waiting on condition [0x00007fdb344f4000]
   java.lang.Thread.State: WAITING (parking)
	at sun.misc.Unsafe.park(Native Method)
	- parking to wait for  <0x00000006c0002970> (a java.util.concurrent.locks.AbstractQueuedSynchronizer$ConditionObject)
	at java.util.concurrent.locks.LockSupport.park(LockSupport.java:175)
	at java.util.concurrent.locks.AbstractQueuedSynchronizer$ConditionObject.await(AbstractQueuedSynchronizer.java:2039)
	at java.util.concurrent.LinkedBlockingQueue.take(LinkedBlockingQueue.java:442)
	at java.util.concurrent.ThreadPoolExecutor.getTask(ThreadPoolExecutor.java:1074)
	at java.util.concurrent.ThreadPoolExecutor.runWorker(ThreadPoolExecutor.java:1134)
	at java.util.concurrent.ThreadPoolExecutor$Worker.run(ThreadPoolExecutor.java:624)
	at java.lang.Thread.run(Thread.java:748)

"INT-1,Jenkins,pce5c2780bcead3-55749" #30 prio=5 os_prio=0 tid=0x00007fdb71614000 nid=0x5881 waiting on condition [0x00007fdb345f5000]
   java.lang.Thread.State: WAITING (parking)
	at sun.misc.Unsafe.park(Native Method)
	- parking to wait for  <0x00000006c0002700> (a java.util.concurrent.locks.AbstractQueuedSynchronizer$ConditionObject)
	at java.util.concurrent.locks.LockSupport.park(LockSupport.java:175)
	at java.util.concurrent.locks.AbstractQueuedSynchronizer$ConditionObject.await(AbstractQueuedSynchronizer.java:2039)
	at java.util.concurrent.ArrayBlockingQueue.take(ArrayBlockingQueue.java:403)
	at java.util.concurrent.ThreadPoolExecutor.getTask(ThreadPoolExecutor.java:1074)
	at java.util.concurrent.ThreadPoolExecutor.runWorker(ThreadPoolExecutor.java:1134)
	at java.util.concurrent.ThreadPoolExecutor$Worker.run(ThreadPoolExecutor.java:624)
	at java.lang.Thread.run(Thread.java:748)

"FD_SOCK acceptor,Jenkins,pce5c2780bcead3-55749" #29 daemon prio=5 os_prio=0 tid=0x00007fdb71611000 nid=0x5880 runnable [0x00007fdb346f6000]
   java.lang.Thread.State: RUNNABLE
	at java.net.PlainSocketImpl.socketAccept(Native Method)
	at java.net.AbstractPlainSocketImpl.accept(AbstractPlainSocketImpl.java:409)
	at java.net.ServerSocket.implAccept(ServerSocket.java:545)
	at java.net.ServerSocket.accept(ServerSocket.java:513)
	at org.jgroups.protocols.FD_SOCK$ServerSocketHandler.run(FD_SOCK.java:1012)
	at java.lang.Thread.run(Thread.java:748)

"NioServer.Selector [/"SCRUBBED_IP":33875],null,null" #24 prio=5 os_prio=0 tid=0x00007fdb7160e000 nid=0x587f runnable [0x00007fdb347f7000]
   java.lang.Thread.State: RUNNABLE
	at sun.nio.ch.EPollArrayWrapper.epollWait(Native Method)
	at sun.nio.ch.EPollArrayWrapper.poll(EPollArrayWrapper.java:269)
	at sun.nio.ch.EPollSelectorImpl.doSelect(EPollSelectorImpl.java:93)
	at sun.nio.ch.SelectorImpl.lockAndDoSelect(SelectorImpl.java:86)
	- locked <0x00000006c0003298> (a sun.nio.ch.Util$3)
	- locked <0x00000006c00032a8> (a java.util.Collections$UnmodifiableSet)
	- locked <0x00000006c0003250> (a sun.nio.ch.EPollSelectorImpl)
	at sun.nio.ch.SelectorImpl.select(SelectorImpl.java:97)
	at sun.nio.ch.SelectorImpl.select(SelectorImpl.java:101)
	at org.jgroups.blocks.cs.NioBaseServer$Acceptor.doSelect(NioBaseServer.java:154)
	at org.jgroups.blocks.cs.NioBaseServer$Acceptor.run(NioBaseServer.java:117)
	at java.lang.Thread.run(Thread.java:748)

"TransferQueueBundler,Jenkins,pce5c2780bcead3-55749" #28 prio=5 os_prio=0 tid=0x00007fdb7160c800 nid=0x587e waiting on condition [0x00007fdb348f8000]
   java.lang.Thread.State: WAITING (parking)
	at sun.misc.Unsafe.park(Native Method)
	- parking to wait for  <0x00000006c0003468> (a java.util.concurrent.locks.AbstractQueuedSynchronizer$ConditionObject)
	at java.util.concurrent.locks.LockSupport.park(LockSupport.java:175)
	at java.util.concurrent.locks.AbstractQueuedSynchronizer$ConditionObject.await(AbstractQueuedSynchronizer.java:2039)
	at java.util.concurrent.ArrayBlockingQueue.take(ArrayBlockingQueue.java:403)
	at org.jgroups.protocols.TransferQueueBundler.run(TransferQueueBundler.java:85)
	at java.lang.Thread.run(Thread.java:748)

"DiagnosticsHandler,Jenkins,pce5c2780bcead3-55749" #27 daemon prio=5 os_prio=0 tid=0x00007fdb7160b800 nid=0x587d runnable [0x00007fdb349f9000]
   java.lang.Thread.State: RUNNABLE
	at java.net.PlainDatagramSocketImpl.receive0(Native Method)
	- locked <0x00000006c0005dd0> (a java.net.PlainDatagramSocketImpl)
	at java.net.AbstractPlainDatagramSocketImpl.receive(AbstractPlainDatagramSocketImpl.java:143)
	- locked <0x00000006c0005dd0> (a java.net.PlainDatagramSocketImpl)
	at java.net.DatagramSocket.receive(DatagramSocket.java:812)
	- locked <0x00000006c0005e00> (a java.net.DatagramPacket)
	- locked <0x00000006c0005e28> (a java.net.MulticastSocket)
	at org.jgroups.stack.DiagnosticsHandler.run(DiagnosticsHandler.java:129)
	at java.lang.Thread.run(Thread.java:748)

"Timer-3,Jenkins,pce5c2780bcead3-55749" #26 daemon prio=5 os_prio=0 tid=0x00007fdb5c005000 nid=0x587c waiting on condition [0x00007fdb34afa000]
   java.lang.Thread.State: WAITING (parking)
	at sun.misc.Unsafe.park(Native Method)
	- parking to wait for  <0x00000006c0002970> (a java.util.concurrent.locks.AbstractQueuedSynchronizer$ConditionObject)
	at java.util.concurrent.locks.LockSupport.park(LockSupport.java:175)
	at java.util.concurrent.locks.AbstractQueuedSynchronizer$ConditionObject.await(AbstractQueuedSynchronizer.java:2039)
	at java.util.concurrent.LinkedBlockingQueue.take(LinkedBlockingQueue.java:442)
	at java.util.concurrent.ThreadPoolExecutor.getTask(ThreadPoolExecutor.java:1074)
	at java.util.concurrent.ThreadPoolExecutor.runWorker(ThreadPoolExecutor.java:1134)
	at java.util.concurrent.ThreadPoolExecutor$Worker.run(ThreadPoolExecutor.java:624)
	at java.lang.Thread.run(Thread.java:748)

"Timer-2,Jenkins,pce5c2780bcead3-55749" #25 daemon prio=5 os_prio=0 tid=0x00007fdb5c004000 nid=0x587b waiting on condition [0x00007fdb34bfb000]
   java.lang.Thread.State: WAITING (parking)
	at sun.misc.Unsafe.park(Native Method)
	- parking to wait for  <0x00000006c0002970> (a java.util.concurrent.locks.AbstractQueuedSynchronizer$ConditionObject)
	at java.util.concurrent.locks.LockSupport.park(LockSupport.java:175)
	at java.util.concurrent.locks.AbstractQueuedSynchronizer$ConditionObject.await(AbstractQueuedSynchronizer.java:2039)
	at java.util.concurrent.LinkedBlockingQueue.take(LinkedBlockingQueue.java:442)
	at java.util.concurrent.ThreadPoolExecutor.getTask(ThreadPoolExecutor.java:1074)
	at java.util.concurrent.ThreadPoolExecutor.runWorker(ThreadPoolExecutor.java:1134)
	at java.util.concurrent.ThreadPoolExecutor$Worker.run(ThreadPoolExecutor.java:624)
	at java.lang.Thread.run(Thread.java:748)

"Timer runner-1,Jenkins,pce5c2780bcead3-55749" #21 daemon prio=5 os_prio=0 tid=0x00007fdb715e6000 nid=0x5879 waiting on condition [0x00007fdb34cfc000]
   java.lang.Thread.State: TIMED_WAITING (parking)
	at sun.misc.Unsafe.park(Native Method)
	- parking to wait for  <0x00000006c0006370> (a java.util.concurrent.locks.AbstractQueuedSynchronizer$ConditionObject)
	at java.util.concurrent.locks.LockSupport.parkNanos(LockSupport.java:215)
	at java.util.concurrent.locks.AbstractQueuedSynchronizer$ConditionObject.await(AbstractQueuedSynchronizer.java:2163)
	at org.jgroups.util.TimeScheduler2.waitUntilNextExecution(TimeScheduler2.java:300)
	at org.jgroups.util.TimeScheduler2._run(TimeScheduler2.java:282)
	at org.jgroups.util.TimeScheduler2.run(TimeScheduler2.java:244)
	at java.lang.Thread.run(Thread.java:748)

"Jenkins cluster identity TCP socket server" #20 daemon prio=5 os_prio=0 tid=0x00007fdb714a5000 nid=0x5878 runnable [0x00007fdb351fd000]
   java.lang.Thread.State: RUNNABLE
	at java.net.PlainSocketImpl.socketAccept(Native Method)
	at java.net.AbstractPlainSocketImpl.accept(AbstractPlainSocketImpl.java:409)
	at java.net.ServerSocket.implAccept(ServerSocket.java:545)
	at java.net.ServerSocket.accept(ServerSocket.java:513)
	at com.cloudbees.jenkins.ha.TcpIdentityServer.run(TcpIdentityServer.java:73)

"Scheduler-1117509763" #19 prio=5 os_prio=0 tid=0x00007fdb713df000 nid=0x5876 waiting on condition [0x00007fdb354fe000]
   java.lang.Thread.State: TIMED_WAITING (parking)
	at sun.misc.Unsafe.park(Native Method)
	- parking to wait for  <0x00000006c00067f0> (a java.util.concurrent.locks.AbstractQueuedSynchronizer$ConditionObject)
	at java.util.concurrent.locks.LockSupport.parkNanos(LockSupport.java:215)
	at java.util.concurrent.locks.AbstractQueuedSynchronizer$ConditionObject.awaitNanos(AbstractQueuedSynchronizer.java:2078)
	at java.util.concurrent.ScheduledThreadPoolExecutor$DelayedWorkQueue.take(ScheduledThreadPoolExecutor.java:1093)
	at java.util.concurrent.ScheduledThreadPoolExecutor$DelayedWorkQueue.take(ScheduledThreadPoolExecutor.java:809)
	at java.util.concurrent.ThreadPoolExecutor.getTask(ThreadPoolExecutor.java:1074)
	at java.util.concurrent.ThreadPoolExecutor.runWorker(ThreadPoolExecutor.java:1134)
	at java.util.concurrent.ThreadPoolExecutor$Worker.run(ThreadPoolExecutor.java:624)
	at java.lang.Thread.run(Thread.java:748)

"qtp2085857771-18" #18 prio=5 os_prio=0 tid=0x00007fdb70d27000 nid=0x5875 waiting on condition [0x00007fdb35c51000]
   java.lang.Thread.State: TIMED_WAITING (parking)
	at sun.misc.Unsafe.park(Native Method)
	- parking to wait for  <0x00000006c0006a50> (a java.util.concurrent.locks.AbstractQueuedSynchronizer$ConditionObject)
	at java.util.concurrent.locks.LockSupport.parkNanos(LockSupport.java:215)
	at java.util.concurrent.locks.AbstractQueuedSynchronizer$ConditionObject.awaitNanos(AbstractQueuedSynchronizer.java:2078)
	at org.eclipse.jetty.util.BlockingArrayQueue.poll(BlockingArrayQueue.java:392)
	at org.eclipse.jetty.util.thread.QueuedThreadPool.idleJobPoll(QueuedThreadPool.java:653)
	at org.eclipse.jetty.util.thread.QueuedThreadPool.access$800(QueuedThreadPool.java:48)
	at org.eclipse.jetty.util.thread.QueuedThreadPool$2.run(QueuedThreadPool.java:717)
	at java.lang.Thread.run(Thread.java:748)

"qtp2085857771-17" #17 prio=5 os_prio=0 tid=0x00007fdb70d25000 nid=0x5874 waiting on condition [0x00007fdb35d52000]
   java.lang.Thread.State: TIMED_WAITING (parking)
	at sun.misc.Unsafe.park(Native Method)
	- parking to wait for  <0x00000006c0006cc8> (a java.util.concurrent.locks.AbstractQueuedSynchronizer$ConditionObject)
	at java.util.concurrent.locks.LockSupport.parkNanos(LockSupport.java:215)
	at java.util.concurrent.locks.AbstractQueuedSynchronizer$ConditionObject.await(AbstractQueuedSynchronizer.java:2163)
	at org.eclipse.jetty.util.thread.ReservedThreadExecutor$ReservedThread.reservedWait(ReservedThreadExecutor.java:292)
	at org.eclipse.jetty.util.thread.ReservedThreadExecutor$ReservedThread.run(ReservedThreadExecutor.java:357)
	at org.eclipse.jetty.util.thread.QueuedThreadPool.runJob(QueuedThreadPool.java:762)
	at org.eclipse.jetty.util.thread.QueuedThreadPool$2.run(QueuedThreadPool.java:680)
	at java.lang.Thread.run(Thread.java:748)

"qtp2085857771-16" #16 prio=5 os_prio=0 tid=0x00007fdb70d23800 nid=0x5873 runnable [0x00007fdb35e53000]
   java.lang.Thread.State: RUNNABLE
	at sun.nio.ch.EPollArrayWrapper.epollWait(Native Method)
	at sun.nio.ch.EPollArrayWrapper.poll(EPollArrayWrapper.java:269)
	at sun.nio.ch.EPollSelectorImpl.doSelect(EPollSelectorImpl.java:93)
	at sun.nio.ch.SelectorImpl.lockAndDoSelect(SelectorImpl.java:86)
	- locked <0x00000006c00072c8> (a sun.nio.ch.Util$3)
	- locked <0x00000006c00072d8> (a java.util.Collections$UnmodifiableSet)
	- locked <0x00000006c0007280> (a sun.nio.ch.EPollSelectorImpl)
	at sun.nio.ch.SelectorImpl.select(SelectorImpl.java:97)
	at sun.nio.ch.SelectorImpl.select(SelectorImpl.java:101)
	at org.eclipse.jetty.io.ManagedSelector$SelectorProducer.select(ManagedSelector.java:396)
	at org.eclipse.jetty.io.ManagedSelector$SelectorProducer.produce(ManagedSelector.java:333)
	at org.eclipse.jetty.util.thread.strategy.EatWhatYouKill.produceTask(EatWhatYouKill.java:357)
	at org.eclipse.jetty.util.thread.strategy.EatWhatYouKill.doProduce(EatWhatYouKill.java:181)
	at org.eclipse.jetty.util.thread.strategy.EatWhatYouKill.tryProduce(EatWhatYouKill.java:168)
	at org.eclipse.jetty.util.thread.strategy.EatWhatYouKill.run(EatWhatYouKill.java:126)
	at org.eclipse.jetty.util.thread.ReservedThreadExecutor$ReservedThread.run(ReservedThreadExecutor.java:366)
	at org.eclipse.jetty.util.thread.QueuedThreadPool.runJob(QueuedThreadPool.java:762)
	at org.eclipse.jetty.util.thread.QueuedThreadPool$2.run(QueuedThreadPool.java:680)
	at java.lang.Thread.run(Thread.java:748)

"qtp2085857771-15" #15 prio=5 os_prio=0 tid=0x00007fdb70d21800 nid=0x5872 waiting on condition [0x00007fdb35f54000]
   java.lang.Thread.State: TIMED_WAITING (parking)
	at sun.misc.Unsafe.park(Native Method)
	- parking to wait for  <0x00000006c0006a50> (a java.util.concurrent.locks.AbstractQueuedSynchronizer$ConditionObject)
	at java.util.concurrent.locks.LockSupport.parkNanos(LockSupport.java:215)
	at java.util.concurrent.locks.AbstractQueuedSynchronizer$ConditionObject.awaitNanos(AbstractQueuedSynchronizer.java:2078)
	at org.eclipse.jetty.util.BlockingArrayQueue.poll(BlockingArrayQueue.java:392)
	at org.eclipse.jetty.util.thread.QueuedThreadPool.idleJobPoll(QueuedThreadPool.java:653)
	at org.eclipse.jetty.util.thread.QueuedThreadPool.access$800(QueuedThreadPool.java:48)
	at org.eclipse.jetty.util.thread.QueuedThreadPool$2.run(QueuedThreadPool.java:717)
	at java.lang.Thread.run(Thread.java:748)

"Handling GET /computer/auto-slave/slave-agent.jnlp from "SCRUBBED_IP" : abs014" #14 prio=5 os_prio=0 tid=0x00007fdb70d20000 nid=0x5871 waiting for monitor entry [0x00007fdb36053000]
   java.lang.Thread.State: BLOCKED (on object monitor)
	at hudson.ExtensionList.ensureLoaded(ExtensionList.java:316)
	- waiting to lock <0x00000006c37c7680> (a hudson.DescriptorExtensionList)
	at hudson.ExtensionList.iterator(ExtensionList.java:172)
	at hudson.ExtensionList.get(ExtensionList.java:149)
	at com.cloudbees.jenkins.plugins.requestfilter.Rules.get(Rules.java:19)
	at com.cloudbees.jenkins.plugins.requestfilter.BlockingFilter.doFilter(BlockingFilter.java:29)
	at hudson.util.PluginServletFilter$1.doFilter(PluginServletFilter.java:151)
	at com.cloudbees.opscenter.client.plugin.OfflineSecurityRealmFilter._doFilter(OfflineSecurityRealmFilter.java:95)
	at com.cloudbees.opscenter.client.plugin.OfflineSecurityRealmFilter.doFilter(OfflineSecurityRealmFilter.java:70)
	at hudson.util.PluginServletFilter$1.doFilter(PluginServletFilter.java:151)
	at com.cloudbees.opscenter.security.ClusterSessionFilter._doFilter(ClusterSessionFilter.java:69)
	at com.cloudbees.opscenter.security.ClusterSessionFilter.doFilter(ClusterSessionFilter.java:44)
	at hudson.util.PluginServletFilter$1.doFilter(PluginServletFilter.java:151)
	at com.cloudbees.jenkins.support.impl.cloudbees.UnrestrictedApiCallsMonitor$ApiMonitorFilter.doFilter(UnrestrictedApiCallsMonitor.java:120)
	at hudson.util.PluginServletFilter$1.doFilter(PluginServletFilter.java:151)
	at io.jenkins.blueocean.ResourceCacheControl.doFilter(ResourceCacheControl.java:134)
	at hudson.util.PluginServletFilter$1.doFilter(PluginServletFilter.java:151)
	at hudson.plugins.greenballs.GreenBallFilter.doFilter(GreenBallFilter.java:59)
	at hudson.util.PluginServletFilter$1.doFilter(PluginServletFilter.java:151)
	at net.bull.javamelody.MonitoringFilter.doFilter(MonitoringFilter.java:239)
	at net.bull.javamelody.MonitoringFilter.doFilter(MonitoringFilter.java:215)
	at net.bull.javamelody.PluginMonitoringFilter.doFilter(PluginMonitoringFilter.java:88)
	at org.jvnet.hudson.plugins.monitoring.HudsonMonitoringFilter.doFilter(HudsonMonitoringFilter.java:114)
	at hudson.util.PluginServletFilter$1.doFilter(PluginServletFilter.java:151)
	at hudson.security.UnwrapSecurityExceptionFilter.doFilter(UnwrapSecurityExceptionFilter.java:51)
	at hudson.util.PluginServletFilter$1.doFilter(PluginServletFilter.java:151)
	at org.jenkinsci.plugins.suppress_stack_trace.SuppressionFilter.doFilter(SuppressionFilter.java:34)
	at hudson.util.PluginServletFilter$1.doFilter(PluginServletFilter.java:151)
	at jenkins.metrics.impl.MetricsFilter.doFilter(MetricsFilter.java:125)
	at hudson.util.PluginServletFilter$1.doFilter(PluginServletFilter.java:151)
	at hudson.util.PluginServletFilter.doFilter(PluginServletFilter.java:157)
	at org.eclipse.jetty.servlet.ServletHandler$CachedChain.doFilter(ServletHandler.java:1642)
	at hudson.security.csrf.CrumbFilter.doFilter(CrumbFilter.java:64)
	at org.eclipse.jetty.servlet.ServletHandler$CachedChain.doFilter(ServletHandler.java:1642)
	at hudson.security.HudsonFilter.doFilter(HudsonFilter.java:169)
	at org.eclipse.jetty.servlet.ServletHandler$CachedChain.doFilter(ServletHandler.java:1642)
	at org.kohsuke.stapler.compression.CompressionFilter.doFilter(CompressionFilter.java:49)
	at org.eclipse.jetty.servlet.ServletHandler$CachedChain.doFilter(ServletHandler.java:1642)
	at hudson.util.CharacterEncodingFilter.doFilter(CharacterEncodingFilter.java:82)
	at org.eclipse.jetty.servlet.ServletHandler$CachedChain.doFilter(ServletHandler.java:1642)
	at org.kohsuke.stapler.DiagnosticThreadNameFilter.doFilter(DiagnosticThreadNameFilter.java:30)
	at org.eclipse.jetty.servlet.ServletHandler$CachedChain.doFilter(ServletHandler.java:1642)
	at org.eclipse.jetty.servlet.ServletHandler.doHandle(ServletHandler.java:533)
	at org.eclipse.jetty.server.handler.ScopedHandler.handle(ScopedHandler.java:146)
	at org.eclipse.jetty.security.SecurityHandler.handle(SecurityHandler.java:524)
	at org.eclipse.jetty.server.handler.HandlerWrapper.handle(HandlerWrapper.java:132)
	at org.eclipse.jetty.server.handler.ScopedHandler.nextHandle(ScopedHandler.java:257)
	at org.eclipse.jetty.server.session.SessionHandler.doHandle(SessionHandler.java:1595)
	at org.eclipse.jetty.server.handler.ScopedHandler.nextHandle(ScopedHandler.java:255)
	at org.eclipse.jetty.server.handler.ContextHandler.doHandle(ContextHandler.java:1317)
	at org.eclipse.jetty.server.handler.ScopedHandler.nextScope(ScopedHandler.java:203)
	at org.eclipse.jetty.servlet.ServletHandler.doScope(ServletHandler.java:473)
	at org.eclipse.jetty.server.session.SessionHandler.doScope(SessionHandler.java:1564)
	at org.eclipse.jetty.server.handler.ScopedHandler.nextScope(ScopedHandler.java:201)
	at org.eclipse.jetty.server.handler.ContextHandler.doScope(ContextHandler.java:1219)
	at org.eclipse.jetty.server.handler.ScopedHandler.handle(ScopedHandler.java:144)
	at org.eclipse.jetty.server.handler.HandlerWrapper.handle(HandlerWrapper.java:132)
	at org.eclipse.jetty.server.Server.handle(Server.java:531)
	at org.eclipse.jetty.server.HttpChannel.handle(HttpChannel.java:352)
	at org.eclipse.jetty.server.HttpConnection.onFillable(HttpConnection.java:260)
	at org.eclipse.jetty.io.AbstractConnection$ReadCallback.succeeded(AbstractConnection.java:281)
	at org.eclipse.jetty.io.FillInterest.fillable(FillInterest.java:102)
	at org.eclipse.jetty.io.ssl.SslConnection.onFillable(SslConnection.java:291)
	at org.eclipse.jetty.io.ssl.SslConnection$3.succeeded(SslConnection.java:151)
	at org.eclipse.jetty.io.FillInterest.fillable(FillInterest.java:102)
	at org.eclipse.jetty.io.ChannelEndPoint$2.run(ChannelEndPoint.java:118)
	at org.eclipse.jetty.util.thread.strategy.EatWhatYouKill.runTask(EatWhatYouKill.java:333)
	at org.eclipse.jetty.util.thread.strategy.EatWhatYouKill.doProduce(EatWhatYouKill.java:310)
	at org.eclipse.jetty.util.thread.strategy.EatWhatYouKill.tryProduce(EatWhatYouKill.java:168)
	at org.eclipse.jetty.util.thread.strategy.EatWhatYouKill.run(EatWhatYouKill.java:126)
	at org.eclipse.jetty.util.thread.ReservedThreadExecutor$ReservedThread.run(ReservedThreadExecutor.java:366)
	at org.eclipse.jetty.util.thread.QueuedThreadPool.runJob(QueuedThreadPool.java:762)
	at org.eclipse.jetty.util.thread.QueuedThreadPool$2.run(QueuedThreadPool.java:680)
	at java.lang.Thread.run(Thread.java:748)

"qtp2085857771-13" #13 prio=5 os_prio=0 tid=0x00007fdb70d1e000 nid=0x5870 waiting on condition [0x00007fdb36156000]
   java.lang.Thread.State: TIMED_WAITING (parking)
	at sun.misc.Unsafe.park(Native Method)
	- parking to wait for  <0x00000006c0006a50> (a java.util.concurrent.locks.AbstractQueuedSynchronizer$ConditionObject)
	at java.util.concurrent.locks.LockSupport.parkNanos(LockSupport.java:215)
	at java.util.concurrent.locks.AbstractQueuedSynchronizer$ConditionObject.awaitNanos(AbstractQueuedSynchronizer.java:2078)
	at org.eclipse.jetty.util.BlockingArrayQueue.poll(BlockingArrayQueue.java:392)
	at org.eclipse.jetty.util.thread.QueuedThreadPool.idleJobPoll(QueuedThreadPool.java:653)
	at org.eclipse.jetty.util.thread.QueuedThreadPool.access$800(QueuedThreadPool.java:48)
	at org.eclipse.jetty.util.thread.QueuedThreadPool$2.run(QueuedThreadPool.java:717)
	at java.lang.Thread.run(Thread.java:748)

"qtp2085857771-12-acceptor-0@e402ce4-ServerConnector@1bd39d3c{SSL,[ssl, http/1.1]}{0.0.0.0:8443}" #12 prio=3 os_prio=0 tid=0x00007fdb70d1c000 nid=0x586f runnable [0x00007fdb36257000]
   java.lang.Thread.State: RUNNABLE
	at sun.nio.ch.ServerSocketChannelImpl.accept0(Native Method)
	at sun.nio.ch.ServerSocketChannelImpl.accept(ServerSocketChannelImpl.java:422)
	at sun.nio.ch.ServerSocketChannelImpl.accept(ServerSocketChannelImpl.java:250)
	- locked <0x00000006c0007750> (a java.lang.Object)
	at org.eclipse.jetty.server.ServerConnector.accept(ServerConnector.java:369)
	at org.eclipse.jetty.server.AbstractConnector$Acceptor.run(AbstractConnector.java:639)
	at org.eclipse.jetty.util.thread.QueuedThreadPool.runJob(QueuedThreadPool.java:762)
	at org.eclipse.jetty.util.thread.QueuedThreadPool$2.run(QueuedThreadPool.java:680)
	at java.lang.Thread.run(Thread.java:748)

"Handling GET /computer/wdev.net/slave-agent.jnlp from "SCRUBBED_IP" : qtp2085857771-11" #11 prio=5 os_prio=0 tid=0x00007fdb70d1a800 nid=0x586e waiting for monitor entry [0x00007fdb36356000]
   java.lang.Thread.State: BLOCKED (on object monitor)
	at hudson.ExtensionList.ensureLoaded(ExtensionList.java:316)
	- waiting to lock <0x00000006c37c7680> (a hudson.DescriptorExtensionList)
	at hudson.ExtensionList.iterator(ExtensionList.java:172)
	at hudson.ExtensionList.get(ExtensionList.java:149)
	at com.cloudbees.jenkins.plugins.requestfilter.Rules.get(Rules.java:19)
	at com.cloudbees.jenkins.plugins.requestfilter.BlockingFilter.doFilter(BlockingFilter.java:29)
	at hudson.util.PluginServletFilter$1.doFilter(PluginServletFilter.java:151)
	at com.cloudbees.opscenter.client.plugin.OfflineSecurityRealmFilter._doFilter(OfflineSecurityRealmFilter.java:95)
	at com.cloudbees.opscenter.client.plugin.OfflineSecurityRealmFilter.doFilter(OfflineSecurityRealmFilter.java:70)
	at hudson.util.PluginServletFilter$1.doFilter(PluginServletFilter.java:151)
	at com.cloudbees.opscenter.security.ClusterSessionFilter._doFilter(ClusterSessionFilter.java:69)
	at com.cloudbees.opscenter.security.ClusterSessionFilter.doFilter(ClusterSessionFilter.java:44)
	at hudson.util.PluginServletFilter$1.doFilter(PluginServletFilter.java:151)
	at com.cloudbees.jenkins.support.impl.cloudbees.UnrestrictedApiCallsMonitor$ApiMonitorFilter.doFilter(UnrestrictedApiCallsMonitor.java:120)
	at hudson.util.PluginServletFilter$1.doFilter(PluginServletFilter.java:151)
	at io.jenkins.blueocean.ResourceCacheControl.doFilter(ResourceCacheControl.java:134)
	at hudson.util.PluginServletFilter$1.doFilter(PluginServletFilter.java:151)
	at hudson.plugins.greenballs.GreenBallFilter.doFilter(GreenBallFilter.java:59)
	at hudson.util.PluginServletFilter$1.doFilter(PluginServletFilter.java:151)
	at net.bull.javamelody.MonitoringFilter.doFilter(MonitoringFilter.java:239)
	at net.bull.javamelody.MonitoringFilter.doFilter(MonitoringFilter.java:215)
	at net.bull.javamelody.PluginMonitoringFilter.doFilter(PluginMonitoringFilter.java:88)
	at org.jvnet.hudson.plugins.monitoring.HudsonMonitoringFilter.doFilter(HudsonMonitoringFilter.java:114)
	at hudson.util.PluginServletFilter$1.doFilter(PluginServletFilter.java:151)
	at hudson.security.UnwrapSecurityExceptionFilter.doFilter(UnwrapSecurityExceptionFilter.java:51)
	at hudson.util.PluginServletFilter$1.doFilter(PluginServletFilter.java:151)
	at org.jenkinsci.plugins.suppress_stack_trace.SuppressionFilter.doFilter(SuppressionFilter.java:34)
	at hudson.util.PluginServletFilter$1.doFilter(PluginServletFilter.java:151)
	at jenkins.metrics.impl.MetricsFilter.doFilter(MetricsFilter.java:125)
	at hudson.util.PluginServletFilter$1.doFilter(PluginServletFilter.java:151)
	at hudson.util.PluginServletFilter.doFilter(PluginServletFilter.java:157)
	at org.eclipse.jetty.servlet.ServletHandler$CachedChain.doFilter(ServletHandler.java:1642)
	at hudson.security.csrf.CrumbFilter.doFilter(CrumbFilter.java:64)
	at org.eclipse.jetty.servlet.ServletHandler$CachedChain.doFilter(ServletHandler.java:1642)
	at hudson.security.HudsonFilter.doFilter(HudsonFilter.java:169)
	at org.eclipse.jetty.servlet.ServletHandler$CachedChain.doFilter(ServletHandler.java:1642)
	at org.kohsuke.stapler.compression.CompressionFilter.doFilter(CompressionFilter.java:49)
	at org.eclipse.jetty.servlet.ServletHandler$CachedChain.doFilter(ServletHandler.java:1642)
	at hudson.util.CharacterEncodingFilter.doFilter(CharacterEncodingFilter.java:82)
	at org.eclipse.jetty.servlet.ServletHandler$CachedChain.doFilter(ServletHandler.java:1642)
	at org.kohsuke.stapler.DiagnosticThreadNameFilter.doFilter(DiagnosticThreadNameFilter.java:30)
	at org.eclipse.jetty.servlet.ServletHandler$CachedChain.doFilter(ServletHandler.java:1642)
	at org.eclipse.jetty.servlet.ServletHandler.doHandle(ServletHandler.java:533)
	at org.eclipse.jetty.server.handler.ScopedHandler.handle(ScopedHandler.java:146)
	at org.eclipse.jetty.security.SecurityHandler.handle(SecurityHandler.java:524)
	at org.eclipse.jetty.server.handler.HandlerWrapper.handle(HandlerWrapper.java:132)
	at org.eclipse.jetty.server.handler.ScopedHandler.nextHandle(ScopedHandler.java:257)
	at org.eclipse.jetty.server.session.SessionHandler.doHandle(SessionHandler.java:1595)
	at org.eclipse.jetty.server.handler.ScopedHandler.nextHandle(ScopedHandler.java:255)
	at org.eclipse.jetty.server.handler.ContextHandler.doHandle(ContextHandler.java:1317)
	at org.eclipse.jetty.server.handler.ScopedHandler.nextScope(ScopedHandler.java:203)
	at org.eclipse.jetty.servlet.ServletHandler.doScope(ServletHandler.java:473)
	at org.eclipse.jetty.server.session.SessionHandler.doScope(SessionHandler.java:1564)
	at org.eclipse.jetty.server.handler.ScopedHandler.nextScope(ScopedHandler.java:201)
	at org.eclipse.jetty.server.handler.ContextHandler.doScope(ContextHandler.java:1219)
	at org.eclipse.jetty.server.handler.ScopedHandler.handle(ScopedHandler.java:144)
	at org.eclipse.jetty.server.handler.HandlerWrapper.handle(HandlerWrapper.java:132)
	at org.eclipse.jetty.server.Server.handle(Server.java:531)
	at org.eclipse.jetty.server.HttpChannel.handle(HttpChannel.java:352)
	at org.eclipse.jetty.server.HttpConnection.onFillable(HttpConnection.java:260)
	at org.eclipse.jetty.io.AbstractConnection$ReadCallback.succeeded(AbstractConnection.java:281)
	at org.eclipse.jetty.io.FillInterest.fillable(FillInterest.java:102)
	at org.eclipse.jetty.io.ssl.SslConnection.onFillable(SslConnection.java:291)
	at org.eclipse.jetty.io.ssl.SslConnection$3.succeeded(SslConnection.java:151)
	at org.eclipse.jetty.io.FillInterest.fillable(FillInterest.java:102)
	at org.eclipse.jetty.io.ChannelEndPoint$2.run(ChannelEndPoint.java:118)
	at org.eclipse.jetty.util.thread.strategy.EatWhatYouKill.runTask(EatWhatYouKill.java:333)
	at org.eclipse.jetty.util.thread.strategy.EatWhatYouKill.doProduce(EatWhatYouKill.java:310)
	at org.eclipse.jetty.util.thread.strategy.EatWhatYouKill.tryProduce(EatWhatYouKill.java:168)
	at org.eclipse.jetty.util.thread.strategy.EatWhatYouKill.run(EatWhatYouKill.java:126)
	at org.eclipse.jetty.util.thread.ReservedThreadExecutor$ReservedThread.run(ReservedThreadExecutor.java:366)
	at org.eclipse.jetty.util.thread.QueuedThreadPool.runJob(QueuedThreadPool.java:762)
	at org.eclipse.jetty.util.thread.QueuedThreadPool$2.run(QueuedThreadPool.java:680)
	at java.lang.Thread.run(Thread.java:748)

"Service Thread" #8 daemon prio=9 os_prio=0 tid=0x00007fdb70910800 nid=0x5869 runnable [0x0000000000000000]
   java.lang.Thread.State: RUNNABLE

"C1 CompilerThread1" #7 daemon prio=9 os_prio=0 tid=0x00007fdb7090d800 nid=0x5868 waiting on condition [0x0000000000000000]
   java.lang.Thread.State: RUNNABLE

"C2 CompilerThread0" #6 daemon prio=9 os_prio=0 tid=0x00007fdb7090b000 nid=0x5867 waiting on condition [0x0000000000000000]
   java.lang.Thread.State: RUNNABLE

"Signal Dispatcher" #5 daemon prio=9 os_prio=0 tid=0x00007fdb70909000 nid=0x5866 runnable [0x0000000000000000]
   java.lang.Thread.State: RUNNABLE

"Surrogate Locker Thread (Concurrent GC)" #4 daemon prio=9 os_prio=0 tid=0x00007fdb70907000 nid=0x5865 waiting on condition [0x0000000000000000]
   java.lang.Thread.State: RUNNABLE

"Finalizer" #3 daemon prio=8 os_prio=0 tid=0x00007fdb708d0000 nid=0x5864 in Object.wait() [0x00007fdb5011f000]
   java.lang.Thread.State: WAITING (on object monitor)
	at java.lang.Object.wait(Native Method)
	- waiting on <0x00000006c0008550> (a java.lang.ref.ReferenceQueue$Lock)
	at java.lang.ref.ReferenceQueue.remove(ReferenceQueue.java:144)
	- locked <0x00000006c0008550> (a java.lang.ref.ReferenceQueue$Lock)
	at java.lang.ref.ReferenceQueue.remove(ReferenceQueue.java:165)
	at java.lang.ref.Finalizer$FinalizerThread.run(Finalizer.java:216)

"Reference Handler" #2 daemon prio=10 os_prio=0 tid=0x00007fdb708cd800 nid=0x5863 in Object.wait() [0x00007fdb50220000]
   java.lang.Thread.State: WAITING (on object monitor)
	at java.lang.Object.wait(Native Method)
	- waiting on <0x00000006c0008708> (a java.lang.ref.Reference$Lock)
	at java.lang.Object.wait(Object.java:502)
	at java.lang.ref.Reference.tryHandlePending(Reference.java:191)
	- locked <0x00000006c0008708> (a java.lang.ref.Reference$Lock)
	at java.lang.ref.Reference$ReferenceHandler.run(Reference.java:153)

"VM Thread" os_prio=0 tid=0x00007fdb708c3800 nid=0x5862 runnable 

"Gang worker#0 (Parallel GC Threads)" os_prio=0 tid=0x00007fdb70022800 nid=0x5855 runnable 

"Gang worker#1 (Parallel GC Threads)" os_prio=0 tid=0x00007fdb70024800 nid=0x5856 runnable 

"G1 Main Concurrent Mark GC Thread" os_prio=0 tid=0x00007fdb70061800 nid=0x585a runnable 

"Gang worker#0 (G1 Parallel Marking Threads)" os_prio=0 tid=0x00007fdb70063800 nid=0x585b runnable 

"G1 Concurrent Refinement Thread#0" os_prio=0 tid=0x00007fdb7002a800 nid=0x5859 runnable 

"G1 Concurrent Refinement Thread#1" os_prio=0 tid=0x00007fdb70028800 nid=0x5858 runnable 

"G1 Concurrent Refinement Thread#2" os_prio=0 tid=0x00007fdb70027000 nid=0x5857 runnable 

"String Deduplication Thread" os_prio=0 tid=0x00007fdb7084a800 nid=0x5861 runnable 

"VM Periodic Task Thread" os_prio=0 tid=0x00007fdb70914000 nid=0x586a waiting on condition 

JNI global references: 479


Found one Java-level deadlock:
=============================
"Timer-0":
  waiting to lock monitor 0x00000000008e5548 (object 0x00000006c0120260, a hudson.ExtensionList$Lock),
  which is held by "RunSelectorParameter.initAliases"
"RunSelectorParameter.initAliases":
  waiting to lock monitor 0x00007fdb1c009d48 (object 0x00000006c37c7680, a hudson.DescriptorExtensionList),
  which is held by "PreventRefreshFilter.initAutoRefreshFilter"
"PreventRefreshFilter.initAutoRefreshFilter":
  waiting to lock monitor 0x00000000008e5548 (object 0x00000006c0120260, a hudson.ExtensionList$Lock),
  which is held by "RunSelectorParameter.initAliases"

Java stack information for the threads listed above:
===================================================
"Timer-0":
	at hudson.ExtensionList.ensureLoaded(ExtensionList.java:316)
	- waiting to lock <0x00000006c0120260> (a hudson.ExtensionList$Lock)
	at hudson.ExtensionList.iterator(ExtensionList.java:172)
	at hudson.model.listeners.SaveableListener.fireOnChange(SaveableListener.java:79)
	at hudson.model.Descriptor.save(Descriptor.java:874)
	- locked <0x00000006f32808d0> (a org.jenkinsci.plugins.ghprb.GhprbTrigger$DescriptorImpl)
	at org.jenkinsci.plugins.ghprb.GhprbTrigger$DescriptorImpl$1.run(GhprbTrigger.java:881)
	at java.util.TimerThread.mainLoop(Timer.java:555)
	at java.util.TimerThread.run(Timer.java:505)
"RunSelectorParameter.initAliases":
	at hudson.ExtensionList.ensureLoaded(ExtensionList.java:316)
	- waiting to lock <0x00000006c37c7680> (a hudson.DescriptorExtensionList)
	at hudson.ExtensionList.iterator(ExtensionList.java:172)
	at hudson.ExtensionList.get(ExtensionList.java:149)
	at jenkins.security.apitoken.ApiTokenPropertyConfiguration.get(ApiTokenPropertyConfiguration.java:58)
	at jenkins.security.ApiTokenProperty$DescriptorImpl.newInstance(ApiTokenProperty.java:386)
	at jenkins.security.ApiTokenProperty$DescriptorImpl.newInstance(ApiTokenProperty.java:359)
	at hudson.model.User.load(User.java:214)
	- locked <0x00000006f3283878> (a hudson.model.User)
	at hudson.model.User.<init>(User.java:166)
	at hudson.model.User.getOrCreate(User.java:537)
	at hudson.model.User.getOrCreate(User.java:484)
	at hudson.model.User.getById(User.java:673)
	at hudson.model.User.get(User.java:656)
	at hudson.model.User.current(User.java:640)
	at org.jenkinsci.plugins.scriptsecurity.scripts.ApprovalContext.withCurrentUser(ApprovalContext.java:72)
	at hudson.plugins.emailext.ExtendedEmailPublisherDescriptor.setDefaultPostsendScript(ExtendedEmailPublisherDescriptor.java:561)
	at hudson.plugins.emailext.ExtendedEmailPublisherDescriptor.<init>(ExtendedEmailPublisherDescriptor.java:186)
	at hudson.plugins.emailext.ExtendedEmailPublisherDescriptor$$FastClassByGuice$$5dfa54d0.newInstance(<generated>)
	at com.google.inject.internal.cglib.reflect.$FastConstructor.newInstance(FastConstructor.java:40)
	at com.google.inject.internal.DefaultConstructionProxyFactory$1.newInstance(DefaultConstructionProxyFactory.java:61)
	at com.google.inject.internal.ConstructorInjector.provision(ConstructorInjector.java:105)
	at com.google.inject.internal.ConstructorInjector.construct(ConstructorInjector.java:85)
	at com.google.inject.internal.ConstructorBindingImpl$Factory.get(ConstructorBindingImpl.java:267)
	at com.google.inject.internal.ProviderToInternalFactoryAdapter$1.call(ProviderToInternalFactoryAdapter.java:46)
	at com.google.inject.internal.InjectorImpl.callInContext(InjectorImpl.java:1103)
	at com.google.inject.internal.ProviderToInternalFactoryAdapter.get(ProviderToInternalFactoryAdapter.java:40)
	at com.google.inject.internal.SingletonScope$1.get(SingletonScope.java:145)
	at hudson.ExtensionFinder$GuiceFinder$FaultTolerantScope$1.get(ExtensionFinder.java:432)
	at com.google.inject.internal.InternalFactoryToProviderAdapter.get(InternalFactoryToProviderAdapter.java:41)
	at com.google.inject.internal.InjectorImpl$2$1.call(InjectorImpl.java:1016)
	at com.google.inject.internal.InjectorImpl.callInContext(InjectorImpl.java:1103)
	at com.google.inject.internal.InjectorImpl$2.get(InjectorImpl.java:1012)
	at hudson.ExtensionFinder$GuiceFinder._find(ExtensionFinder.java:394)
	at hudson.ExtensionFinder$GuiceFinder.find(ExtensionFinder.java:385)
	at hudson.ClassicPluginStrategy.findComponents(ClassicPluginStrategy.java:493)
	at hudson.ExtensionList.load(ExtensionList.java:380)
	at hudson.ExtensionList.ensureLoaded(ExtensionList.java:318)
	- locked <0x00000006c0120260> (a hudson.ExtensionList$Lock)
	at hudson.ExtensionList.iterator(ExtensionList.java:172)
	at jenkins.model.Jenkins.getDescriptorByType(Jenkins.java:1525)
	at com.cloudbees.opscenter.client.plugin.OperationsCenterRootAction.descriptor(OperationsCenterRootAction.java:173)
	at com.cloudbees.opscenter.client.plugin.OperationsCenterCredentialsProvider.getCredentials(OperationsCenterCredentialsProvider.java:91)
	at com.cloudbees.plugins.credentials.CredentialsProvider.lookupCredentials(CredentialsProvider.java:413)
	at hudson.plugins.jira.CredentialsHelper.migrateCredentials(CredentialsHelper.java:50)
	at hudson.plugins.jira.JiraSite.<init>(JiraSite.java:221)
	at hudson.plugins.jira.JiraSite.readResolve(JiraSite.java:304)
	at sun.reflect.NativeMethodAccessorImpl.invoke0(Native Method)
	at sun.reflect.NativeMethodAccessorImpl.invoke(NativeMethodAccessorImpl.java:62)
	at sun.reflect.DelegatingMethodAccessorImpl.invoke(DelegatingMethodAccessorImpl.java:43)
	at java.lang.reflect.Method.invoke(Method.java:498)
	at com.thoughtworks.xstream.converters.reflection.SerializationMethodInvoker.callReadResolve(SerializationMethodInvoker.java:66)
	at hudson.util.RobustReflectionConverter.unmarshal(RobustReflectionConverter.java:271)
	at com.thoughtworks.xstream.core.TreeUnmarshaller.convert(TreeUnmarshaller.java:72)
	at com.thoughtworks.xstream.core.AbstractReferenceUnmarshaller.convert(AbstractReferenceUnmarshaller.java:65)
	at com.thoughtworks.xstream.core.TreeUnmarshaller.convertAnother(TreeUnmarshaller.java:66)
	at com.thoughtworks.xstream.core.TreeUnmarshaller.convertAnother(TreeUnmarshaller.java:50)
	at com.thoughtworks.xstream.converters.collections.AbstractCollectionConverter.readItem(AbstractCollectionConverter.java:71)
	at hudson.util.CopyOnWriteList$ConverterImpl.unmarshal(CopyOnWriteList.java:197)
	at hudson.util.CopyOnWriteList$ConverterImpl.unmarshal(CopyOnWriteList.java:176)
	at hudson.util.XStream2$AssociatedConverterImpl.unmarshal(XStream2.java:468)
	at com.thoughtworks.xstream.core.TreeUnmarshaller.convert(TreeUnmarshaller.java:72)
	at com.thoughtworks.xstream.core.AbstractReferenceUnmarshaller.convert(AbstractReferenceUnmarshaller.java:65)
	at com.thoughtworks.xstream.core.TreeUnmarshaller.convertAnother(TreeUnmarshaller.java:66)
	at hudson.util.RobustReflectionConverter.unmarshalField(RobustReflectionConverter.java:393)
	at hudson.util.RobustReflectionConverter.doUnmarshal(RobustReflectionConverter.java:331)
	at hudson.util.RobustReflectionConverter.unmarshal(RobustReflectionConverter.java:270)
	at com.thoughtworks.xstream.core.TreeUnmarshaller.convert(TreeUnmarshaller.java:72)
	at com.thoughtworks.xstream.core.AbstractReferenceUnmarshaller.convert(AbstractReferenceUnmarshaller.java:65)
	at com.thoughtworks.xstream.core.TreeUnmarshaller.convertAnother(TreeUnmarshaller.java:66)
	at com.thoughtworks.xstream.core.TreeUnmarshaller.convertAnother(TreeUnmarshaller.java:50)
	at com.thoughtworks.xstream.core.TreeUnmarshaller.start(TreeUnmarshaller.java:134)
	at com.thoughtworks.xstream.core.AbstractTreeMarshallingStrategy.unmarshal(AbstractTreeMarshallingStrategy.java:32)
	at com.thoughtworks.xstream.XStream.unmarshal(XStream.java:1189)
	at hudson.util.XStream2.unmarshal(XStream2.java:161)
	at hudson.util.XStream2.unmarshal(XStream2.java:132)
	at com.thoughtworks.xstream.XStream.unmarshal(XStream.java:1173)
	at hudson.XmlFile.unmarshal(XmlFile.java:178)
	at hudson.XmlFile.unmarshal(XmlFile.java:161)
	at hudson.model.Descriptor.load(Descriptor.java:894)
	- locked <0x00000006f3283f20> (a hudson.plugins.jira.JiraProjectProperty$DescriptorImpl)
	at hudson.plugins.jira.JiraProjectProperty$DescriptorImpl.<init>(JiraProjectProperty.java:74)
	at hudson.plugins.jira.JiraProjectProperty.<clinit>(JiraProjectProperty.java:67)
	at sun.misc.Unsafe.ensureClassInitialized(Native Method)
	at sun.reflect.UnsafeFieldAccessorFactory.newFieldAccessor(UnsafeFieldAccessorFactory.java:43)
	at sun.reflect.ReflectionFactory.newFieldAccessor(ReflectionFactory.java:156)
	at java.lang.reflect.Field.acquireFieldAccessor(Field.java:1088)
	at java.lang.reflect.Field.getFieldAccessor(Field.java:1069)
	at java.lang.reflect.Field.get(Field.java:393)
	at net.java.sezpoz.IndexItem.instance(IndexItem.java:185)
	at hudson.ExtensionFinder$GuiceFinder.instantiate(ExtensionFinder.java:361)
	at hudson.ExtensionFinder$GuiceFinder.access$700(ExtensionFinder.java:232)
	at hudson.ExtensionFinder$GuiceFinder$SezpozModule$1.get(ExtensionFinder.java:536)
	at com.google.inject.internal.ProviderInternalFactory.provision(ProviderInternalFactory.java:81)
	at com.google.inject.internal.InternalFactoryToInitializableAdapter.provision(InternalFactoryToInitializableAdapter.java:53)
	at com.google.inject.internal.ProviderInternalFactory.circularGet(ProviderInternalFactory.java:61)
	at com.google.inject.internal.InternalFactoryToInitializableAdapter.get(InternalFactoryToInitializableAdapter.java:45)
	at com.google.inject.internal.ProviderToInternalFactoryAdapter$1.call(ProviderToInternalFactoryAdapter.java:46)
	at com.google.inject.internal.InjectorImpl.callInContext(InjectorImpl.java:1103)
	at com.google.inject.internal.ProviderToInternalFactoryAdapter.get(ProviderToInternalFactoryAdapter.java:40)
	at com.google.inject.internal.SingletonScope$1.get(SingletonScope.java:145)
	at hudson.ExtensionFinder$GuiceFinder$FaultTolerantScope$1.get(ExtensionFinder.java:432)
	at com.google.inject.internal.InternalFactoryToProviderAdapter.get(InternalFactoryToProviderAdapter.java:41)
	at com.google.inject.internal.InjectorImpl$2$1.call(InjectorImpl.java:1016)
	at com.google.inject.internal.InjectorImpl.callInContext(InjectorImpl.java:1092)
	at com.google.inject.internal.InjectorImpl$2.get(InjectorImpl.java:1012)
	at hudson.ExtensionFinder$GuiceFinder._find(ExtensionFinder.java:394)
	at hudson.ExtensionFinder$GuiceFinder.find(ExtensionFinder.java:385)
	at hudson.ClassicPluginStrategy.findComponents(ClassicPluginStrategy.java:493)
	at hudson.ExtensionList.load(ExtensionList.java:380)
	at hudson.ExtensionList.ensureLoaded(ExtensionList.java:318)
	- locked <0x00000006c0120260> (a hudson.ExtensionList$Lock)
	at hudson.ExtensionList.iterator(ExtensionList.java:172)
	at jenkins.model.Jenkins.getDescriptorByType(Jenkins.java:1525)
	at org.jenkinsci.plugins.runselector.selectors.RunSelectorParameter.initAliases(RunSelectorParameter.java:142)
	at sun.reflect.NativeMethodAccessorImpl.invoke0(Native Method)
	at sun.reflect.NativeMethodAccessorImpl.invoke(NativeMethodAccessorImpl.java:62)
	at sun.reflect.DelegatingMethodAccessorImpl.invoke(DelegatingMethodAccessorImpl.java:43)
	at java.lang.reflect.Method.invoke(Method.java:498)
	at hudson.init.TaskMethodFinder.invoke(TaskMethodFinder.java:104)
	at hudson.init.TaskMethodFinder$TaskImpl.run(TaskMethodFinder.java:175)
	at org.jvnet.hudson.reactor.Reactor.runTask(Reactor.java:296)
	at jenkins.model.Jenkins$5.runTask(Jenkins.java:1069)
	at org.jvnet.hudson.reactor.Reactor$2.run(Reactor.java:214)
	at org.jvnet.hudson.reactor.Reactor$Node.run(Reactor.java:117)
	at java.util.concurrent.ThreadPoolExecutor.runWorker(ThreadPoolExecutor.java:1149)
	at java.util.concurrent.ThreadPoolExecutor$Worker.run(ThreadPoolExecutor.java:624)
	at java.lang.Thread.run(Thread.java:748)
"PreventRefreshFilter.initAutoRefreshFilter":
	at hudson.ExtensionList.ensureLoaded(ExtensionList.java:317)
	- waiting to lock <0x00000006c0120260> (a hudson.ExtensionList$Lock)
	at hudson.ExtensionList.getComponents(ExtensionList.java:183)
	at hudson.DescriptorExtensionList.load(DescriptorExtensionList.java:192)
	at hudson.ExtensionList.ensureLoaded(ExtensionList.java:318)
	- locked <0x00000006c37c7680> (a hudson.DescriptorExtensionList)
	at hudson.ExtensionList.iterator(ExtensionList.java:172)
	at hudson.ExtensionList.get(ExtensionList.java:149)
	at hudson.plugins.claim.ClaimConfig.get(ClaimConfig.java:202)
	at hudson.plugins.claim.http.PreventRefreshFilter.initAutoRefreshFilter(PreventRefreshFilter.java:43)
	at sun.reflect.NativeMethodAccessorImpl.invoke0(Native Method)
	at sun.reflect.NativeMethodAccessorImpl.invoke(NativeMethodAccessorImpl.java:62)
	at sun.reflect.DelegatingMethodAccessorImpl.invoke(DelegatingMethodAccessorImpl.java:43)
	at java.lang.reflect.Method.invoke(Method.java:498)
	at hudson.init.TaskMethodFinder.invoke(TaskMethodFinder.java:104)
	at hudson.init.TaskMethodFinder$TaskImpl.run(TaskMethodFinder.java:175)
	at org.jvnet.hudson.reactor.Reactor.runTask(Reactor.java:296)
	at jenkins.model.Jenkins$5.runTask(Jenkins.java:1069)
	at org.jvnet.hudson.reactor.Reactor$2.run(Reactor.java:214)
	at org.jvnet.hudson.reactor.Reactor$Node.run(Reactor.java:117)
	at java.util.concurrent.ThreadPoolExecutor.runWorker(ThreadPoolExecutor.java:1149)
	at java.util.concurrent.ThreadPoolExecutor$Worker.run(ThreadPoolExecutor.java:624)
	at java.lang.Thread.run(Thread.java:748)

Found 1 deadlock.

