Also:   hudson.remoting.ProxyException: org.jenkinsci.plugins.workflow.actions.ErrorAction$ErrorId: a903dab6-ecd8-429d-ac53-efae57107812
hudson.remoting.ProxyException: java.nio.file.AccessDeniedException: e:\Jenkins\gt\bin\fingerprints\d1\65\840f507cd8ee713d992fc074840d.xml-atomic14345146808185867697tmp -> e:\Jenkins\gt\bin\fingerprints\d1\65\840f507cd8ee713d992fc074840d.xml
	at java.base/sun.nio.fs.WindowsException.translateToIOException(WindowsException.java:89)
	at java.base/sun.nio.fs.WindowsException.rethrowAsIOException(WindowsException.java:103)
	at java.base/sun.nio.fs.WindowsFileCopy.move(WindowsFileCopy.java:317)
	at java.base/sun.nio.fs.WindowsFileSystemProvider.move(WindowsFileSystemProvider.java:293)
	at java.base/java.nio.file.Files.move(Files.java:1432)
	at hudson.util.AtomicFileWriter.move(AtomicFileWriter.java:243)
	at hudson.util.AtomicFileWriter.commit(AtomicFileWriter.java:215)
	at jenkins.fingerprints.FileFingerprintStorage.save(FileFingerprintStorage.java:200)
	at jenkins.fingerprints.FileFingerprintStorage.save(FileFingerprintStorage.java:147)
	at hudson.model.Fingerprint.save(Fingerprint.java:1264)
	at hudson.model.Fingerprint.add(Fingerprint.java:1026)
	at hudson.model.Fingerprint.addFor(Fingerprint.java:1018)
	at PluginClassLoader for copyartifact//hudson.plugins.copyartifact.CopyArtifact.perform(CopyArtifact.java:698)
	at PluginClassLoader for copyartifact//hudson.plugins.copyartifact.CopyArtifact.perform(CopyArtifact.java:563)
	at jenkins.tasks.SimpleBuildStep.perform(SimpleBuildStep.java:123)
	at PluginClassLoader for workflow-basic-steps//org.jenkinsci.plugins.workflow.steps.CoreStep$Execution.run(CoreStep.java:101)
	at PluginClassLoader for workflow-basic-steps//org.jenkinsci.plugins.workflow.steps.CoreStep$Execution.run(CoreStep.java:71)
	at PluginClassLoader for workflow-step-api//org.jenkinsci.plugins.workflow.steps.SynchronousNonBlockingStepExecution.lambda$start$0(SynchronousNonBlockingStepExecution.java:47)
	at java.base/java.util.concurrent.Executors$RunnableAdapter.call(Executors.java:539)
	at java.base/java.util.concurrent.FutureTask.run(FutureTask.java:264)
	at java.base/java.util.concurrent.ThreadPoolExecutor.runWorker(ThreadPoolExecutor.java:1136)
	at java.base/java.util.concurrent.ThreadPoolExecutor$Worker.run(ThreadPoolExecutor.java:635)
	at java.base/java.lang.Thread.run(Thread.java:840)
