Running from: /apps02/Jenkins_New/jenkins.war
Aug 21, 2014 10:25:20 AM winstone.Logger logInternal
INFO: Beginning extraction from war file
Aug 21, 2014 10:25:21 AM org.eclipse.jetty.util.log.JavaUtilLog info
INFO: jetty-8.y.z-SNAPSHOT
Aug 21, 2014 10:25:34 AM org.eclipse.jetty.util.log.JavaUtilLog info
INFO: NO JSP Support for , did not find org.apache.jasper.servlet.JspServlet
Jenkins home directory: /vzwhome/acserver/.jenkins found at: $user.home/.jenkins
Aug 21, 2014 10:25:37 AM org.eclipse.jetty.util.log.JavaUtilLog info
INFO: Started SelectChannelConnector@0.0.0.0:8082
Aug 21, 2014 10:25:37 AM winstone.Logger logInternal
INFO: Winstone Servlet Engine v2.0 running: controlPort=disabled
Aug 21, 2014 10:25:38 AM jenkins.InitReactorRunner$1 onAttained
INFO: Started initialization
Aug 21, 2014 10:25:39 AM jenkins.InitReactorRunner$1 onAttained
INFO: Listed all plugins
Aug 21, 2014 10:25:40 AM jenkins.InitReactorRunner$1 onAttained
INFO: Prepared all plugins
Aug 21, 2014 10:25:40 AM jenkins.InitReactorRunner$1 onAttained
INFO: Started all plugins
Aug 21, 2014 10:25:40 AM jenkins.InitReactorRunner$1 onAttained
INFO: Augmented all extensions
Aug 21, 2014 10:25:40 AM jenkins.InitReactorRunner$1 onAttained
INFO: Loaded all jobs
Aug 21, 2014 10:25:55 AM org.jenkinsci.main.modules.sshd.SSHD start
INFO: Started SSHD at port 47931
Aug 21, 2014 10:25:55 AM jenkins.InitReactorRunner$1 onAttained
INFO: Completed initialization
Aug 21, 2014 10:25:55 AM hudson.TcpSlaveAgentListener <init>
INFO: JNLP slave agent listener started on TCP port 47932
Aug 21, 2014 10:25:55 AM hudson.WebAppMain$3 run
INFO: Jenkins is fully up and running
2014-08-21 10:26:20
Full thread dump Java HotSpot(TM) Server VM (20.65-b04 mixed mode):

"Computer.threadPoolForRemoting [#3]" daemon prio=3 tid=0x01234800 nid=0x121 waiting on condition [0xb358f000]
   java.lang.Thread.State: TIMED_WAITING (parking)
	at sun.misc.Unsafe.park(Native Method)
	- parking to wait for  <0xbbda50f0> (a java.util.concurrent.SynchronousQueue$TransferStack)
	at java.util.concurrent.locks.LockSupport.parkNanos(LockSupport.java:196)
	at java.util.concurrent.SynchronousQueue$TransferStack.awaitFulfill(SynchronousQueue.java:424)
	at java.util.concurrent.SynchronousQueue$TransferStack.transfer(SynchronousQueue.java:323)
	at java.util.concurrent.SynchronousQueue.poll(SynchronousQueue.java:874)
	at java.util.concurrent.ThreadPoolExecutor.getTask(ThreadPoolExecutor.java:955)
	at java.util.concurrent.ThreadPoolExecutor$Worker.run(ThreadPoolExecutor.java:917)
	at java.lang.Thread.run(Thread.java:680)

"Computer.threadPoolForRemoting [#2]" daemon prio=3 tid=0x010a3400 nid=0x120 waiting on condition [0xb4f4f000]
   java.lang.Thread.State: TIMED_WAITING (parking)
	at sun.misc.Unsafe.park(Native Method)
	- parking to wait for  <0xbbda50f0> (a java.util.concurrent.SynchronousQueue$TransferStack)
	at java.util.concurrent.locks.LockSupport.parkNanos(LockSupport.java:196)
	at java.util.concurrent.SynchronousQueue$TransferStack.awaitFulfill(SynchronousQueue.java:424)
	at java.util.concurrent.SynchronousQueue$TransferStack.transfer(SynchronousQueue.java:323)
	at java.util.concurrent.SynchronousQueue.poll(SynchronousQueue.java:874)
	at java.util.concurrent.ThreadPoolExecutor.getTask(ThreadPoolExecutor.java:955)
	at java.util.concurrent.ThreadPoolExecutor$Worker.run(ThreadPoolExecutor.java:917)
	at java.lang.Thread.run(Thread.java:680)

"JmDNS(obsneacusdp02.local.).State.Timer" prio=3 tid=0x01299800 nid=0x119 in Object.wait() [0xb003f000]
   java.lang.Thread.State: TIMED_WAITING (on object monitor)
	at java.lang.Object.wait(Native Method)
	- waiting on <0xeb7c7ba0> (a java.util.TaskQueue)
	at java.util.TimerThread.mainLoop(Timer.java:509)
	- locked <0xeb7c7ba0> (a java.util.TaskQueue)
	at java.util.TimerThread.run(Timer.java:462)

"JmDNS(obsneacusdp02.local.).Timer" daemon prio=3 tid=0x01754800 nid=0x118 in Object.wait() [0xb25cf000]
   java.lang.Thread.State: TIMED_WAITING (on object monitor)
	at java.lang.Object.wait(Native Method)
	- waiting on <0xeb7c7550> (a java.util.TaskQueue)
	at java.util.TimerThread.mainLoop(Timer.java:509)
	- locked <0xeb7c7550> (a java.util.TaskQueue)
	at java.util.TimerThread.run(Timer.java:462)

"SocketListener(obsneacusdp02.local.)" daemon prio=3 tid=0x01c78000 nid=0x117 runnable [0xb064f000]
   java.lang.Thread.State: RUNNABLE
	at java.net.PlainDatagramSocketImpl.receive0(Native Method)
	- locked <0xeb7bd458> (a java.net.PlainDatagramSocketImpl)
	at java.net.PlainDatagramSocketImpl.receive(PlainDatagramSocketImpl.java:188)
	- locked <0xeb7bd458> (a java.net.PlainDatagramSocketImpl)
	at java.net.DatagramSocket.receive(DatagramSocket.java:725)
	- locked <0xeb7ca118> (a java.net.DatagramPacket)
	- locked <0xeb7b9518> (a java.net.MulticastSocket)
	at javax.jmdns.impl.SocketListener.run(SocketListener.java:41)

"Computer.threadPoolForRemoting [#1]" daemon prio=3 tid=0x013f5400 nid=0x115 waiting on condition [0xaf8ef000]
   java.lang.Thread.State: TIMED_WAITING (parking)
	at sun.misc.Unsafe.park(Native Method)
	- parking to wait for  <0xbbda50f0> (a java.util.concurrent.SynchronousQueue$TransferStack)
	at java.util.concurrent.locks.LockSupport.parkNanos(LockSupport.java:196)
	at java.util.concurrent.SynchronousQueue$TransferStack.awaitFulfill(SynchronousQueue.java:424)
	at java.util.concurrent.SynchronousQueue$TransferStack.transfer(SynchronousQueue.java:323)
	at java.util.concurrent.SynchronousQueue.poll(SynchronousQueue.java:874)
	at java.util.concurrent.ThreadPoolExecutor.getTask(ThreadPoolExecutor.java:955)
	at java.util.concurrent.ThreadPoolExecutor$Worker.run(ThreadPoolExecutor.java:917)
	at java.lang.Thread.run(Thread.java:680)

"Jenkins UDP 33848 monitoring thread" prio=3 tid=0x010ad000 nid=0x114 runnable [0xadeff000]
   java.lang.Thread.State: RUNNABLE
	at java.net.PlainDatagramSocketImpl.receive0(Native Method)
	- locked <0xeae044f0> (a java.net.PlainDatagramSocketImpl)
	at java.net.PlainDatagramSocketImpl.receive(PlainDatagramSocketImpl.java:188)
	- locked <0xeae044f0> (a java.net.PlainDatagramSocketImpl)
	at java.net.DatagramSocket.receive(DatagramSocket.java:725)
	- locked <0xeb6dd698> (a java.net.DatagramPacket)
	- locked <0xeae03858> (a java.net.MulticastSocket)
	at hudson.UDPBroadcastThread.run(UDPBroadcastThread.java:82)

"TCP slave agent listener port=0" prio=3 tid=0x015e0800 nid=0x113 runnable [0xaf4ff000]
   java.lang.Thread.State: RUNNABLE
	at java.net.PlainSocketImpl.socketAccept(Native Method)
	at java.net.PlainSocketImpl.accept(PlainSocketImpl.java:439)
	- locked <0xeadff5d0> (a java.net.SocksSocketImpl)
	at java.net.ServerSocket.implAccept(ServerSocket.java:468)
	at java.net.ServerSocket.accept(ServerSocket.java:436)
	at hudson.TcpSlaveAgentListener.run(TcpSlaveAgentListener.java:93)

"NioSocketAcceptor-1" prio=3 tid=0x01633400 nid=0x111 runnable [0xacd5f000]
   java.lang.Thread.State: RUNNABLE
	at sun.nio.ch.DevPollArrayWrapper.poll0(Native Method)
	at sun.nio.ch.DevPollArrayWrapper.poll(DevPollArrayWrapper.java:170)
	at sun.nio.ch.DevPollSelectorImpl.doSelect(DevPollSelectorImpl.java:68)
	at sun.nio.ch.SelectorImpl.lockAndDoSelect(SelectorImpl.java:69)
	- locked <0xead9cc98> (a sun.nio.ch.Util$2)
	- locked <0xead9cc88> (a java.util.Collections$UnmodifiableSet)
	- locked <0xead9ca98> (a sun.nio.ch.DevPollSelectorImpl)
	at sun.nio.ch.SelectorImpl.select(SelectorImpl.java:80)
	at sun.nio.ch.SelectorImpl.select(SelectorImpl.java:84)
	at org.apache.mina.transport.socket.nio.NioSocketAcceptor.select(NioSocketAcceptor.java:238)
	at org.apache.mina.core.polling.AbstractPollingIoAcceptor$Acceptor.run(AbstractPollingIoAcceptor.java:432)
	at org.apache.mina.util.NamePreservingRunnable.run(NamePreservingRunnable.java:64)
	at java.util.concurrent.ThreadPoolExecutor$Worker.runTask(ThreadPoolExecutor.java:895)
	at java.util.concurrent.ThreadPoolExecutor$Worker.run(ThreadPoolExecutor.java:918)
	at java.lang.Thread.run(Thread.java:680)

"jenkins.util.Timer [#10]" daemon prio=3 tid=0x00838400 nid=0x10f waiting on condition [0xad2ef000]
   java.lang.Thread.State: TIMED_WAITING (parking)
	at sun.misc.Unsafe.park(Native Method)
	- parking to wait for  <0xbbd4b328> (a java.util.concurrent.locks.AbstractQueuedSynchronizer$ConditionObject)
	at java.util.concurrent.locks.LockSupport.parkNanos(LockSupport.java:196)
	at java.util.concurrent.locks.AbstractQueuedSynchronizer$ConditionObject.awaitNanos(AbstractQueuedSynchronizer.java:2025)
	at java.util.concurrent.DelayQueue.take(DelayQueue.java:164)
	at java.util.concurrent.ScheduledThreadPoolExecutor$DelayedWorkQueue.take(ScheduledThreadPoolExecutor.java:609)
	at java.util.concurrent.ScheduledThreadPoolExecutor$DelayedWorkQueue.take(ScheduledThreadPoolExecutor.java:602)
	at java.util.concurrent.ThreadPoolExecutor.getTask(ThreadPoolExecutor.java:957)
	at java.util.concurrent.ThreadPoolExecutor$Worker.run(ThreadPoolExecutor.java:917)
	at java.lang.Thread.run(Thread.java:680)

"jenkins.util.Timer [#9]" daemon prio=3 tid=0x00837c00 nid=0x10e waiting on condition [0xad37f000]
   java.lang.Thread.State: TIMED_WAITING (parking)
	at sun.misc.Unsafe.park(Native Method)
	- parking to wait for  <0xbbd4b328> (a java.util.concurrent.locks.AbstractQueuedSynchronizer$ConditionObject)
	at java.util.concurrent.locks.LockSupport.parkNanos(LockSupport.java:196)
	at java.util.concurrent.locks.AbstractQueuedSynchronizer$ConditionObject.awaitNanos(AbstractQueuedSynchronizer.java:2025)
	at java.util.concurrent.DelayQueue.take(DelayQueue.java:164)
	at java.util.concurrent.ScheduledThreadPoolExecutor$DelayedWorkQueue.take(ScheduledThreadPoolExecutor.java:609)
	at java.util.concurrent.ScheduledThreadPoolExecutor$DelayedWorkQueue.take(ScheduledThreadPoolExecutor.java:602)
	at java.util.concurrent.ThreadPoolExecutor.getTask(ThreadPoolExecutor.java:957)
	at java.util.concurrent.ThreadPoolExecutor$Worker.run(ThreadPoolExecutor.java:917)
	at java.lang.Thread.run(Thread.java:680)

"jenkins.util.Timer [#8]" daemon prio=3 tid=0x01878400 nid=0x10d waiting on condition [0xad43f000]
   java.lang.Thread.State: TIMED_WAITING (parking)
	at sun.misc.Unsafe.park(Native Method)
	- parking to wait for  <0xbbd4b328> (a java.util.concurrent.locks.AbstractQueuedSynchronizer$ConditionObject)
	at java.util.concurrent.locks.LockSupport.parkNanos(LockSupport.java:196)
	at java.util.concurrent.locks.AbstractQueuedSynchronizer$ConditionObject.awaitNanos(AbstractQueuedSynchronizer.java:2025)
	at java.util.concurrent.DelayQueue.take(DelayQueue.java:164)
	at java.util.concurrent.ScheduledThreadPoolExecutor$DelayedWorkQueue.take(ScheduledThreadPoolExecutor.java:609)
	at java.util.concurrent.ScheduledThreadPoolExecutor$DelayedWorkQueue.take(ScheduledThreadPoolExecutor.java:602)
	at java.util.concurrent.ThreadPoolExecutor.getTask(ThreadPoolExecutor.java:957)
	at java.util.concurrent.ThreadPoolExecutor$Worker.run(ThreadPoolExecutor.java:917)
	at java.lang.Thread.run(Thread.java:680)

"jenkins.util.Timer [#7]" daemon prio=3 tid=0x013dec00 nid=0x10c waiting on condition [0xad4df000]
   java.lang.Thread.State: TIMED_WAITING (parking)
	at sun.misc.Unsafe.park(Native Method)
	- parking to wait for  <0xbbd4b328> (a java.util.concurrent.locks.AbstractQueuedSynchronizer$ConditionObject)
	at java.util.concurrent.locks.LockSupport.parkNanos(LockSupport.java:196)
	at java.util.concurrent.locks.AbstractQueuedSynchronizer$ConditionObject.awaitNanos(AbstractQueuedSynchronizer.java:2025)
	at java.util.concurrent.DelayQueue.take(DelayQueue.java:164)
	at java.util.concurrent.ScheduledThreadPoolExecutor$DelayedWorkQueue.take(ScheduledThreadPoolExecutor.java:609)
	at java.util.concurrent.ScheduledThreadPoolExecutor$DelayedWorkQueue.take(ScheduledThreadPoolExecutor.java:602)
	at java.util.concurrent.ThreadPoolExecutor.getTask(ThreadPoolExecutor.java:957)
	at java.util.concurrent.ThreadPoolExecutor$Worker.run(ThreadPoolExecutor.java:917)
	at java.lang.Thread.run(Thread.java:680)

"jenkins.util.Timer [#6]" daemon prio=3 tid=0x0166bc00 nid=0x10b waiting on condition [0xad56f000]
   java.lang.Thread.State: TIMED_WAITING (parking)
	at sun.misc.Unsafe.park(Native Method)
	- parking to wait for  <0xbbd4b328> (a java.util.concurrent.locks.AbstractQueuedSynchronizer$ConditionObject)
	at java.util.concurrent.locks.LockSupport.parkNanos(LockSupport.java:196)
	at java.util.concurrent.locks.AbstractQueuedSynchronizer$ConditionObject.awaitNanos(AbstractQueuedSynchronizer.java:2025)
	at java.util.concurrent.DelayQueue.take(DelayQueue.java:164)
	at java.util.concurrent.ScheduledThreadPoolExecutor$DelayedWorkQueue.take(ScheduledThreadPoolExecutor.java:609)
	at java.util.concurrent.ScheduledThreadPoolExecutor$DelayedWorkQueue.take(ScheduledThreadPoolExecutor.java:602)
	at java.util.concurrent.ThreadPoolExecutor.getTask(ThreadPoolExecutor.java:957)
	at java.util.concurrent.ThreadPoolExecutor$Worker.run(ThreadPoolExecutor.java:917)
	at java.lang.Thread.run(Thread.java:680)

"jenkins.util.Timer [#5]" daemon prio=3 tid=0x0168ac00 nid=0x10a waiting on condition [0xad5ff000]
   java.lang.Thread.State: TIMED_WAITING (parking)
	at sun.misc.Unsafe.park(Native Method)
	- parking to wait for  <0xbbd4b328> (a java.util.concurrent.locks.AbstractQueuedSynchronizer$ConditionObject)
	at java.util.concurrent.locks.LockSupport.parkNanos(LockSupport.java:196)
	at java.util.concurrent.locks.AbstractQueuedSynchronizer$ConditionObject.awaitNanos(AbstractQueuedSynchronizer.java:2025)
	at java.util.concurrent.DelayQueue.take(DelayQueue.java:164)
	at java.util.concurrent.ScheduledThreadPoolExecutor$DelayedWorkQueue.take(ScheduledThreadPoolExecutor.java:609)
	at java.util.concurrent.ScheduledThreadPoolExecutor$DelayedWorkQueue.take(ScheduledThreadPoolExecutor.java:602)
	at java.util.concurrent.ThreadPoolExecutor.getTask(ThreadPoolExecutor.java:957)
	at java.util.concurrent.ThreadPoolExecutor$Worker.run(ThreadPoolExecutor.java:917)
	at java.lang.Thread.run(Thread.java:680)

"jenkins.util.Timer [#4]" daemon prio=3 tid=0x01665800 nid=0x109 waiting on condition [0xad68f000]
   java.lang.Thread.State: TIMED_WAITING (parking)
	at sun.misc.Unsafe.park(Native Method)
	- parking to wait for  <0xbbd4b328> (a java.util.concurrent.locks.AbstractQueuedSynchronizer$ConditionObject)
	at java.util.concurrent.locks.LockSupport.parkNanos(LockSupport.java:196)
	at java.util.concurrent.locks.AbstractQueuedSynchronizer$ConditionObject.awaitNanos(AbstractQueuedSynchronizer.java:2025)
	at java.util.concurrent.DelayQueue.take(DelayQueue.java:164)
	at java.util.concurrent.ScheduledThreadPoolExecutor$DelayedWorkQueue.take(ScheduledThreadPoolExecutor.java:609)
	at java.util.concurrent.ScheduledThreadPoolExecutor$DelayedWorkQueue.take(ScheduledThreadPoolExecutor.java:602)
	at java.util.concurrent.ThreadPoolExecutor.getTask(ThreadPoolExecutor.java:957)
	at java.util.concurrent.ThreadPoolExecutor$Worker.run(ThreadPoolExecutor.java:917)
	at java.lang.Thread.run(Thread.java:680)

"jenkins.util.Timer [#3]" daemon prio=3 tid=0x0168b400 nid=0x108 waiting on condition [0xad71f000]
   java.lang.Thread.State: TIMED_WAITING (parking)
	at sun.misc.Unsafe.park(Native Method)
	- parking to wait for  <0xbbd4b328> (a java.util.concurrent.locks.AbstractQueuedSynchronizer$ConditionObject)
	at java.util.concurrent.locks.LockSupport.parkNanos(LockSupport.java:196)
	at java.util.concurrent.locks.AbstractQueuedSynchronizer$ConditionObject.awaitNanos(AbstractQueuedSynchronizer.java:2025)
	at java.util.concurrent.DelayQueue.take(DelayQueue.java:164)
	at java.util.concurrent.ScheduledThreadPoolExecutor$DelayedWorkQueue.take(ScheduledThreadPoolExecutor.java:609)
	at java.util.concurrent.ScheduledThreadPoolExecutor$DelayedWorkQueue.take(ScheduledThreadPoolExecutor.java:602)
	at java.util.concurrent.ThreadPoolExecutor.getTask(ThreadPoolExecutor.java:957)
	at java.util.concurrent.ThreadPoolExecutor$Worker.run(ThreadPoolExecutor.java:917)
	at java.lang.Thread.run(Thread.java:680)

"jenkins.util.Timer [#2]" daemon prio=3 tid=0x0166c400 nid=0x107 waiting on condition [0xad7af000]
   java.lang.Thread.State: TIMED_WAITING (parking)
	at sun.misc.Unsafe.park(Native Method)
	- parking to wait for  <0xbbd4b328> (a java.util.concurrent.locks.AbstractQueuedSynchronizer$ConditionObject)
	at java.util.concurrent.locks.LockSupport.parkNanos(LockSupport.java:196)
	at java.util.concurrent.locks.AbstractQueuedSynchronizer$ConditionObject.awaitNanos(AbstractQueuedSynchronizer.java:2025)
	at java.util.concurrent.DelayQueue.take(DelayQueue.java:164)
	at java.util.concurrent.ScheduledThreadPoolExecutor$DelayedWorkQueue.take(ScheduledThreadPoolExecutor.java:609)
	at java.util.concurrent.ScheduledThreadPoolExecutor$DelayedWorkQueue.take(ScheduledThreadPoolExecutor.java:602)
	at java.util.concurrent.ThreadPoolExecutor.getTask(ThreadPoolExecutor.java:957)
	at java.util.concurrent.ThreadPoolExecutor$Worker.run(ThreadPoolExecutor.java:917)
	at java.lang.Thread.run(Thread.java:680)

"jenkins.util.Timer [#1]" daemon prio=3 tid=0x00fff000 nid=0x65 waiting on condition [0xb361f000]
   java.lang.Thread.State: TIMED_WAITING (parking)
	at sun.misc.Unsafe.park(Native Method)
	- parking to wait for  <0xbbd4b328> (a java.util.concurrent.locks.AbstractQueuedSynchronizer$ConditionObject)
	at java.util.concurrent.locks.LockSupport.parkNanos(LockSupport.java:196)
	at java.util.concurrent.locks.AbstractQueuedSynchronizer$ConditionObject.awaitNanos(AbstractQueuedSynchronizer.java:2025)
	at java.util.concurrent.DelayQueue.take(DelayQueue.java:164)
	at java.util.concurrent.ScheduledThreadPoolExecutor$DelayedWorkQueue.take(ScheduledThreadPoolExecutor.java:609)
	at java.util.concurrent.ScheduledThreadPoolExecutor$DelayedWorkQueue.take(ScheduledThreadPoolExecutor.java:602)
	at java.util.concurrent.ThreadPoolExecutor.getTask(ThreadPoolExecutor.java:957)
	at java.util.concurrent.ThreadPoolExecutor$Worker.run(ThreadPoolExecutor.java:917)
	at java.lang.Thread.run(Thread.java:680)

"Jenkins cron thread" prio=3 tid=0x01002000 nid=0x64 in Object.wait() [0xb36af000]
   java.lang.Thread.State: WAITING (on object monitor)
	at java.lang.Object.wait(Native Method)
	- waiting on <0xbbd5a388> (a java.util.TaskQueue)
	at java.lang.Object.wait(Object.java:485)
	at java.util.TimerThread.mainLoop(Timer.java:483)
	- locked <0xbbd5a388> (a java.util.TaskQueue)
	at java.util.TimerThread.run(Timer.java:462)

"DestroyJavaVM" prio=3 tid=0x0002f400 nid=0x2 waiting on condition [0x00000000]
   java.lang.Thread.State: RUNNABLE

"LauncherControlThread[ControlPort=-1]" prio=3 tid=0x0103d800 nid=0x63 waiting on condition [0xb373f000]
   java.lang.Thread.State: TIMED_WAITING (sleeping)
	at java.lang.Thread.sleep(Native Method)
	at winstone.Launcher.run(Launcher.java:245)
	at java.lang.Thread.run(Thread.java:680)

"RequestHandlerThread[#40] Acceptor7 SelectChannelConnector@0.0.0.0:8082" daemon prio=3 tid=0x0103bc00 nid=0x62 waiting for monitor entry [0xb381f000]
   java.lang.Thread.State: BLOCKED (on object monitor)
	at sun.nio.ch.ServerSocketChannelImpl.accept(ServerSocketChannelImpl.java:134)
	- waiting to lock <0xbbd6b578> (a java.lang.Object)
	at org.eclipse.jetty.server.nio.SelectChannelConnector.accept(SelectChannelConnector.java:109)
	at org.eclipse.jetty.server.AbstractConnector$Acceptor.run(AbstractConnector.java:938)
	at winstone.BoundedExecutorService$1.run(BoundedExecutorService.java:77)
	at java.util.concurrent.ThreadPoolExecutor$Worker.runTask(ThreadPoolExecutor.java:895)
	at java.util.concurrent.ThreadPoolExecutor$Worker.run(ThreadPoolExecutor.java:918)
	at java.lang.Thread.run(Thread.java:680)

"RequestHandlerThread[#39] Acceptor6 SelectChannelConnector@0.0.0.0:8082" daemon prio=3 tid=0x0103a400 nid=0x61 waiting for monitor entry [0xb38af000]
   java.lang.Thread.State: BLOCKED (on object monitor)
	at sun.nio.ch.ServerSocketChannelImpl.accept(ServerSocketChannelImpl.java:134)
	- waiting to lock <0xbbd6b578> (a java.lang.Object)
	at org.eclipse.jetty.server.nio.SelectChannelConnector.accept(SelectChannelConnector.java:109)
	at org.eclipse.jetty.server.AbstractConnector$Acceptor.run(AbstractConnector.java:938)
	at winstone.BoundedExecutorService$1.run(BoundedExecutorService.java:77)
	at java.util.concurrent.ThreadPoolExecutor$Worker.runTask(ThreadPoolExecutor.java:895)
	at java.util.concurrent.ThreadPoolExecutor$Worker.run(ThreadPoolExecutor.java:918)
	at java.lang.Thread.run(Thread.java:680)

"RequestHandlerThread[#38] Acceptor5 SelectChannelConnector@0.0.0.0:8082" daemon prio=3 tid=0x01039000 nid=0x60 runnable [0xb393f000]
   java.lang.Thread.State: RUNNABLE
	at sun.nio.ch.ServerSocketChannelImpl.accept0(Native Method)
	at sun.nio.ch.ServerSocketChannelImpl.accept(ServerSocketChannelImpl.java:150)
	- locked <0xbbd6b578> (a java.lang.Object)
	at org.eclipse.jetty.server.nio.SelectChannelConnector.accept(SelectChannelConnector.java:109)
	at org.eclipse.jetty.server.AbstractConnector$Acceptor.run(AbstractConnector.java:938)
	at winstone.BoundedExecutorService$1.run(BoundedExecutorService.java:77)
	at java.util.concurrent.ThreadPoolExecutor$Worker.runTask(ThreadPoolExecutor.java:895)
	at java.util.concurrent.ThreadPoolExecutor$Worker.run(ThreadPoolExecutor.java:918)
	at java.lang.Thread.run(Thread.java:680)

"RequestHandlerThread[#37] Acceptor4 SelectChannelConnector@0.0.0.0:8082" daemon prio=3 tid=0x01026000 nid=0x5f waiting for monitor entry [0xb39cf000]
   java.lang.Thread.State: BLOCKED (on object monitor)
	at sun.nio.ch.ServerSocketChannelImpl.accept(ServerSocketChannelImpl.java:134)
	- waiting to lock <0xbbd6b578> (a java.lang.Object)
	at org.eclipse.jetty.server.nio.SelectChannelConnector.accept(SelectChannelConnector.java:109)
	at org.eclipse.jetty.server.AbstractConnector$Acceptor.run(AbstractConnector.java:938)
	at winstone.BoundedExecutorService$1.run(BoundedExecutorService.java:77)
	at java.util.concurrent.ThreadPoolExecutor$Worker.runTask(ThreadPoolExecutor.java:895)
	at java.util.concurrent.ThreadPoolExecutor$Worker.run(ThreadPoolExecutor.java:918)
	at java.lang.Thread.run(Thread.java:680)

"RequestHandlerThread[#36] Acceptor3 SelectChannelConnector@0.0.0.0:8082" daemon prio=3 tid=0x01024400 nid=0x5e waiting for monitor entry [0xb3a5f000]
   java.lang.Thread.State: BLOCKED (on object monitor)
	at sun.nio.ch.ServerSocketChannelImpl.accept(ServerSocketChannelImpl.java:134)
	- waiting to lock <0xbbd6b578> (a java.lang.Object)
	at org.eclipse.jetty.server.nio.SelectChannelConnector.accept(SelectChannelConnector.java:109)
	at org.eclipse.jetty.server.AbstractConnector$Acceptor.run(AbstractConnector.java:938)
	at winstone.BoundedExecutorService$1.run(BoundedExecutorService.java:77)
	at java.util.concurrent.ThreadPoolExecutor$Worker.runTask(ThreadPoolExecutor.java:895)
	at java.util.concurrent.ThreadPoolExecutor$Worker.run(ThreadPoolExecutor.java:918)
	at java.lang.Thread.run(Thread.java:680)

"RequestHandlerThread[#35] Acceptor2 SelectChannelConnector@0.0.0.0:8082" daemon prio=3 tid=0x0154a000 nid=0x5d waiting for monitor entry [0xb3aef000]
   java.lang.Thread.State: BLOCKED (on object monitor)
	at sun.nio.ch.ServerSocketChannelImpl.accept(ServerSocketChannelImpl.java:134)
	- waiting to lock <0xbbd6b578> (a java.lang.Object)
	at org.eclipse.jetty.server.nio.SelectChannelConnector.accept(SelectChannelConnector.java:109)
	at org.eclipse.jetty.server.AbstractConnector$Acceptor.run(AbstractConnector.java:938)
	at winstone.BoundedExecutorService$1.run(BoundedExecutorService.java:77)
	at java.util.concurrent.ThreadPoolExecutor$Worker.runTask(ThreadPoolExecutor.java:895)
	at java.util.concurrent.ThreadPoolExecutor$Worker.run(ThreadPoolExecutor.java:918)
	at java.lang.Thread.run(Thread.java:680)

"RequestHandlerThread[#34] Acceptor1 SelectChannelConnector@0.0.0.0:8082" daemon prio=3 tid=0x01548400 nid=0x5c waiting for monitor entry [0xb3b7f000]
   java.lang.Thread.State: BLOCKED (on object monitor)
	at sun.nio.ch.ServerSocketChannelImpl.accept(ServerSocketChannelImpl.java:134)
	- waiting to lock <0xbbd6b578> (a java.lang.Object)
	at org.eclipse.jetty.server.nio.SelectChannelConnector.accept(SelectChannelConnector.java:109)
	at org.eclipse.jetty.server.AbstractConnector$Acceptor.run(AbstractConnector.java:938)
	at winstone.BoundedExecutorService$1.run(BoundedExecutorService.java:77)
	at java.util.concurrent.ThreadPoolExecutor$Worker.runTask(ThreadPoolExecutor.java:895)
	at java.util.concurrent.ThreadPoolExecutor$Worker.run(ThreadPoolExecutor.java:918)
	at java.lang.Thread.run(Thread.java:680)

"RequestHandlerThread[#33] Acceptor0 SelectChannelConnector@0.0.0.0:8082" daemon prio=3 tid=0x01547400 nid=0x5b waiting for monitor entry [0xb3c0f000]
   java.lang.Thread.State: BLOCKED (on object monitor)
	at sun.nio.ch.ServerSocketChannelImpl.accept(ServerSocketChannelImpl.java:134)
	- waiting to lock <0xbbd6b578> (a java.lang.Object)
	at org.eclipse.jetty.server.nio.SelectChannelConnector.accept(SelectChannelConnector.java:109)
	at org.eclipse.jetty.server.AbstractConnector$Acceptor.run(AbstractConnector.java:938)
	at winstone.BoundedExecutorService$1.run(BoundedExecutorService.java:77)
	at java.util.concurrent.ThreadPoolExecutor$Worker.runTask(ThreadPoolExecutor.java:895)
	at java.util.concurrent.ThreadPoolExecutor$Worker.run(ThreadPoolExecutor.java:918)
	at java.lang.Thread.run(Thread.java:680)

"RequestHandlerThread[#32] Selector31" daemon prio=3 tid=0x01014c00 nid=0x5a runnable [0xb3c9f000]
   java.lang.Thread.State: RUNNABLE
	at sun.nio.ch.DevPollArrayWrapper.poll0(Native Method)
	at sun.nio.ch.DevPollArrayWrapper.poll(DevPollArrayWrapper.java:170)
	at sun.nio.ch.DevPollSelectorImpl.doSelect(DevPollSelectorImpl.java:68)
	at sun.nio.ch.SelectorImpl.lockAndDoSelect(SelectorImpl.java:69)
	- locked <0xbbd615a0> (a sun.nio.ch.Util$2)
	- locked <0xbbd615b0> (a java.util.Collections$UnmodifiableSet)
	- locked <0xbbd61558> (a sun.nio.ch.DevPollSelectorImpl)
	at sun.nio.ch.SelectorImpl.select(SelectorImpl.java:80)
	at org.eclipse.jetty.io.nio.SelectorManager$SelectSet.doSelect(SelectorManager.java:569)
	at org.eclipse.jetty.io.nio.SelectorManager$1.run(SelectorManager.java:290)
	at winstone.BoundedExecutorService$1.run(BoundedExecutorService.java:77)
	at java.util.concurrent.ThreadPoolExecutor$Worker.runTask(ThreadPoolExecutor.java:895)
	at java.util.concurrent.ThreadPoolExecutor$Worker.run(ThreadPoolExecutor.java:918)
	at java.lang.Thread.run(Thread.java:680)

"RequestHandlerThread[#31] Selector30" daemon prio=3 tid=0x01013000 nid=0x59 runnable [0xb3d2f000]
   java.lang.Thread.State: RUNNABLE
	at sun.nio.ch.DevPollArrayWrapper.poll0(Native Method)
	at sun.nio.ch.DevPollArrayWrapper.poll(DevPollArrayWrapper.java:170)
	at sun.nio.ch.DevPollSelectorImpl.doSelect(DevPollSelectorImpl.java:68)
	at sun.nio.ch.SelectorImpl.lockAndDoSelect(SelectorImpl.java:69)
	- locked <0xbbd6d528> (a sun.nio.ch.Util$2)
	- locked <0xbbd6d538> (a java.util.Collections$UnmodifiableSet)
	- locked <0xbbd6d4e0> (a sun.nio.ch.DevPollSelectorImpl)
	at sun.nio.ch.SelectorImpl.select(SelectorImpl.java:80)
	at org.eclipse.jetty.io.nio.SelectorManager$SelectSet.doSelect(SelectorManager.java:569)
	at org.eclipse.jetty.io.nio.SelectorManager$1.run(SelectorManager.java:290)
	at winstone.BoundedExecutorService$1.run(BoundedExecutorService.java:77)
	at java.util.concurrent.ThreadPoolExecutor$Worker.runTask(ThreadPoolExecutor.java:895)
	at java.util.concurrent.ThreadPoolExecutor$Worker.run(ThreadPoolExecutor.java:918)
	at java.lang.Thread.run(Thread.java:680)

"RequestHandlerThread[#30] Selector29" daemon prio=3 tid=0x01017c00 nid=0x58 runnable [0xb3dbf000]
   java.lang.Thread.State: RUNNABLE
	at sun.nio.ch.DevPollArrayWrapper.poll0(Native Method)
	at sun.nio.ch.DevPollArrayWrapper.poll(DevPollArrayWrapper.java:170)
	at sun.nio.ch.DevPollSelectorImpl.doSelect(DevPollSelectorImpl.java:68)
	at sun.nio.ch.SelectorImpl.lockAndDoSelect(SelectorImpl.java:69)
	- locked <0xbbd72418> (a sun.nio.ch.Util$2)
	- locked <0xbbd72428> (a java.util.Collections$UnmodifiableSet)
	- locked <0xbbd723d0> (a sun.nio.ch.DevPollSelectorImpl)
	at sun.nio.ch.SelectorImpl.select(SelectorImpl.java:80)
	at org.eclipse.jetty.io.nio.SelectorManager$SelectSet.doSelect(SelectorManager.java:569)
	at org.eclipse.jetty.io.nio.SelectorManager$1.run(SelectorManager.java:290)
	at winstone.BoundedExecutorService$1.run(BoundedExecutorService.java:77)
	at java.util.concurrent.ThreadPoolExecutor$Worker.runTask(ThreadPoolExecutor.java:895)
	at java.util.concurrent.ThreadPoolExecutor$Worker.run(ThreadPoolExecutor.java:918)
	at java.lang.Thread.run(Thread.java:680)

"RequestHandlerThread[#29] Selector28" daemon prio=3 tid=0x01016400 nid=0x57 runnable [0xb3e4f000]
   java.lang.Thread.State: RUNNABLE
	at sun.nio.ch.DevPollArrayWrapper.poll0(Native Method)
	at sun.nio.ch.DevPollArrayWrapper.poll(DevPollArrayWrapper.java:170)
	at sun.nio.ch.DevPollSelectorImpl.doSelect(DevPollSelectorImpl.java:68)
	at sun.nio.ch.SelectorImpl.lockAndDoSelect(SelectorImpl.java:69)
	- locked <0xbbd6e740> (a sun.nio.ch.Util$2)
	- locked <0xbbd6e750> (a java.util.Collections$UnmodifiableSet)
	- locked <0xbbd6e6f8> (a sun.nio.ch.DevPollSelectorImpl)
	at sun.nio.ch.SelectorImpl.select(SelectorImpl.java:80)
	at org.eclipse.jetty.io.nio.SelectorManager$SelectSet.doSelect(SelectorManager.java:569)
	at org.eclipse.jetty.io.nio.SelectorManager$1.run(SelectorManager.java:290)
	at winstone.BoundedExecutorService$1.run(BoundedExecutorService.java:77)
	at java.util.concurrent.ThreadPoolExecutor$Worker.runTask(ThreadPoolExecutor.java:895)
	at java.util.concurrent.ThreadPoolExecutor$Worker.run(ThreadPoolExecutor.java:918)
	at java.lang.Thread.run(Thread.java:680)

"RequestHandlerThread[#28] Selector27" daemon prio=3 tid=0x00511c00 nid=0x56 runnable [0xb3edf000]
   java.lang.Thread.State: RUNNABLE
	at sun.nio.ch.DevPollArrayWrapper.poll0(Native Method)
	at sun.nio.ch.DevPollArrayWrapper.poll(DevPollArrayWrapper.java:170)
	at sun.nio.ch.DevPollSelectorImpl.doSelect(DevPollSelectorImpl.java:68)
	at sun.nio.ch.SelectorImpl.lockAndDoSelect(SelectorImpl.java:69)
	- locked <0xbbd6f4f8> (a sun.nio.ch.Util$2)
	- locked <0xbbd6f508> (a java.util.Collections$UnmodifiableSet)
	- locked <0xbbd6f4b0> (a sun.nio.ch.DevPollSelectorImpl)
	at sun.nio.ch.SelectorImpl.select(SelectorImpl.java:80)
	at org.eclipse.jetty.io.nio.SelectorManager$SelectSet.doSelect(SelectorManager.java:569)
	at org.eclipse.jetty.io.nio.SelectorManager$1.run(SelectorManager.java:290)
	at winstone.BoundedExecutorService$1.run(BoundedExecutorService.java:77)
	at java.util.concurrent.ThreadPoolExecutor$Worker.runTask(ThreadPoolExecutor.java:895)
	at java.util.concurrent.ThreadPoolExecutor$Worker.run(ThreadPoolExecutor.java:918)
	at java.lang.Thread.run(Thread.java:680)

"RequestHandlerThread[#27] Selector26" daemon prio=3 tid=0x00510000 nid=0x55 runnable [0xb3f6f000]
   java.lang.Thread.State: RUNNABLE
	at sun.nio.ch.DevPollArrayWrapper.poll0(Native Method)
	at sun.nio.ch.DevPollArrayWrapper.poll(DevPollArrayWrapper.java:170)
	at sun.nio.ch.DevPollSelectorImpl.doSelect(DevPollSelectorImpl.java:68)
	at sun.nio.ch.SelectorImpl.lockAndDoSelect(SelectorImpl.java:69)
	- locked <0xbbd6b818> (a sun.nio.ch.Util$2)
	- locked <0xbbd6b828> (a java.util.Collections$UnmodifiableSet)
	- locked <0xbbd6b7d0> (a sun.nio.ch.DevPollSelectorImpl)
	at sun.nio.ch.SelectorImpl.select(SelectorImpl.java:80)
	at org.eclipse.jetty.io.nio.SelectorManager$SelectSet.doSelect(SelectorManager.java:569)
	at org.eclipse.jetty.io.nio.SelectorManager$1.run(SelectorManager.java:290)
	at winstone.BoundedExecutorService$1.run(BoundedExecutorService.java:77)
	at java.util.concurrent.ThreadPoolExecutor$Worker.runTask(ThreadPoolExecutor.java:895)
	at java.util.concurrent.ThreadPoolExecutor$Worker.run(ThreadPoolExecutor.java:918)
	at java.lang.Thread.run(Thread.java:680)

"RequestHandlerThread[#26] Selector25" daemon prio=3 tid=0x0050e800 nid=0x54 runnable [0xb3fff000]
   java.lang.Thread.State: RUNNABLE
	at sun.nio.ch.DevPollArrayWrapper.poll0(Native Method)
	at sun.nio.ch.DevPollArrayWrapper.poll(DevPollArrayWrapper.java:170)
	at sun.nio.ch.DevPollSelectorImpl.doSelect(DevPollSelectorImpl.java:68)
	at sun.nio.ch.SelectorImpl.lockAndDoSelect(SelectorImpl.java:69)
	- locked <0xbbd6a7e0> (a sun.nio.ch.Util$2)
	- locked <0xbbd6a7f0> (a java.util.Collections$UnmodifiableSet)
	- locked <0xbbd6a798> (a sun.nio.ch.DevPollSelectorImpl)
	at sun.nio.ch.SelectorImpl.select(SelectorImpl.java:80)
	at org.eclipse.jetty.io.nio.SelectorManager$SelectSet.doSelect(SelectorManager.java:569)
	at org.eclipse.jetty.io.nio.SelectorManager$1.run(SelectorManager.java:290)
	at winstone.BoundedExecutorService$1.run(BoundedExecutorService.java:77)
	at java.util.concurrent.ThreadPoolExecutor$Worker.runTask(ThreadPoolExecutor.java:895)
	at java.util.concurrent.ThreadPoolExecutor$Worker.run(ThreadPoolExecutor.java:918)
	at java.lang.Thread.run(Thread.java:680)

"RequestHandlerThread[#25] Selector24" daemon prio=3 tid=0x0050d000 nid=0x53 runnable [0xb408f000]
   java.lang.Thread.State: RUNNABLE
	at sun.nio.ch.DevPollArrayWrapper.poll0(Native Method)
	at sun.nio.ch.DevPollArrayWrapper.poll(DevPollArrayWrapper.java:170)
	at sun.nio.ch.DevPollSelectorImpl.doSelect(DevPollSelectorImpl.java:68)
	at sun.nio.ch.SelectorImpl.lockAndDoSelect(SelectorImpl.java:69)
	- locked <0xbbd619f0> (a sun.nio.ch.Util$2)
	- locked <0xbbd619e0> (a java.util.Collections$UnmodifiableSet)
	- locked <0xbbd617c0> (a sun.nio.ch.DevPollSelectorImpl)
	at sun.nio.ch.SelectorImpl.select(SelectorImpl.java:80)
	at org.eclipse.jetty.io.nio.SelectorManager$SelectSet.doSelect(SelectorManager.java:569)
	at org.eclipse.jetty.io.nio.SelectorManager$1.run(SelectorManager.java:290)
	at winstone.BoundedExecutorService$1.run(BoundedExecutorService.java:77)
	at java.util.concurrent.ThreadPoolExecutor$Worker.runTask(ThreadPoolExecutor.java:895)
	at java.util.concurrent.ThreadPoolExecutor$Worker.run(ThreadPoolExecutor.java:918)
	at java.lang.Thread.run(Thread.java:680)

"RequestHandlerThread[#24] Selector23" daemon prio=3 tid=0x012c2400 nid=0x52 runnable [0xb411f000]
   java.lang.Thread.State: RUNNABLE
	at sun.nio.ch.DevPollArrayWrapper.poll0(Native Method)
	at sun.nio.ch.DevPollArrayWrapper.poll(DevPollArrayWrapper.java:170)
	at sun.nio.ch.DevPollSelectorImpl.doSelect(DevPollSelectorImpl.java:68)
	at sun.nio.ch.SelectorImpl.lockAndDoSelect(SelectorImpl.java:69)
	- locked <0xbbd6d6e8> (a sun.nio.ch.Util$2)
	- locked <0xbbd6d6f8> (a java.util.Collections$UnmodifiableSet)
	- locked <0xbbd6d6a0> (a sun.nio.ch.DevPollSelectorImpl)
	at sun.nio.ch.SelectorImpl.select(SelectorImpl.java:80)
	at org.eclipse.jetty.io.nio.SelectorManager$SelectSet.doSelect(SelectorManager.java:569)
	at org.eclipse.jetty.io.nio.SelectorManager$1.run(SelectorManager.java:290)
	at winstone.BoundedExecutorService$1.run(BoundedExecutorService.java:77)
	at java.util.concurrent.ThreadPoolExecutor$Worker.runTask(ThreadPoolExecutor.java:895)
	at java.util.concurrent.ThreadPoolExecutor$Worker.run(ThreadPoolExecutor.java:918)
	at java.lang.Thread.run(Thread.java:680)

"RequestHandlerThread[#23] Selector22" daemon prio=3 tid=0x012c0c00 nid=0x51 runnable [0xb41af000]
   java.lang.Thread.State: RUNNABLE
	at sun.nio.ch.DevPollArrayWrapper.poll0(Native Method)
	at sun.nio.ch.DevPollArrayWrapper.poll(DevPollArrayWrapper.java:170)
	at sun.nio.ch.DevPollSelectorImpl.doSelect(DevPollSelectorImpl.java:68)
	at sun.nio.ch.SelectorImpl.lockAndDoSelect(SelectorImpl.java:69)
	- locked <0xbbd6f6b8> (a sun.nio.ch.Util$2)
	- locked <0xbbd6f6c8> (a java.util.Collections$UnmodifiableSet)
	- locked <0xbbd6f670> (a sun.nio.ch.DevPollSelectorImpl)
	at sun.nio.ch.SelectorImpl.select(SelectorImpl.java:80)
	at org.eclipse.jetty.io.nio.SelectorManager$SelectSet.doSelect(SelectorManager.java:569)
	at org.eclipse.jetty.io.nio.SelectorManager$1.run(SelectorManager.java:290)
	at winstone.BoundedExecutorService$1.run(BoundedExecutorService.java:77)
	at java.util.concurrent.ThreadPoolExecutor$Worker.runTask(ThreadPoolExecutor.java:895)
	at java.util.concurrent.ThreadPoolExecutor$Worker.run(ThreadPoolExecutor.java:918)
	at java.lang.Thread.run(Thread.java:680)

"RequestHandlerThread[#22] Selector21" daemon prio=3 tid=0x012bf400 nid=0x50 runnable [0xb423f000]
   java.lang.Thread.State: RUNNABLE
	at sun.nio.ch.DevPollArrayWrapper.poll0(Native Method)
	at sun.nio.ch.DevPollArrayWrapper.poll(DevPollArrayWrapper.java:170)
	at sun.nio.ch.DevPollSelectorImpl.doSelect(DevPollSelectorImpl.java:68)
	at sun.nio.ch.SelectorImpl.lockAndDoSelect(SelectorImpl.java:69)
	- locked <0xbbd6b9d8> (a sun.nio.ch.Util$2)
	- locked <0xbbd6b9e8> (a java.util.Collections$UnmodifiableSet)
	- locked <0xbbd6b990> (a sun.nio.ch.DevPollSelectorImpl)
	at sun.nio.ch.SelectorImpl.select(SelectorImpl.java:80)
	at org.eclipse.jetty.io.nio.SelectorManager$SelectSet.doSelect(SelectorManager.java:569)
	at org.eclipse.jetty.io.nio.SelectorManager$1.run(SelectorManager.java:290)
	at winstone.BoundedExecutorService$1.run(BoundedExecutorService.java:77)
	at java.util.concurrent.ThreadPoolExecutor$Worker.runTask(ThreadPoolExecutor.java:895)
	at java.util.concurrent.ThreadPoolExecutor$Worker.run(ThreadPoolExecutor.java:918)
	at java.lang.Thread.run(Thread.java:680)

"RequestHandlerThread[#21] Selector20" daemon prio=3 tid=0x01610c00 nid=0x4f runnable [0xb42cf000]
   java.lang.Thread.State: RUNNABLE
	at sun.nio.ch.DevPollArrayWrapper.poll0(Native Method)
	at sun.nio.ch.DevPollArrayWrapper.poll(DevPollArrayWrapper.java:170)
	at sun.nio.ch.DevPollSelectorImpl.doSelect(DevPollSelectorImpl.java:68)
	at sun.nio.ch.SelectorImpl.lockAndDoSelect(SelectorImpl.java:69)
	- locked <0xbbd6a9a0> (a sun.nio.ch.Util$2)
	- locked <0xbbd6a9b0> (a java.util.Collections$UnmodifiableSet)
	- locked <0xbbd6a958> (a sun.nio.ch.DevPollSelectorImpl)
	at sun.nio.ch.SelectorImpl.select(SelectorImpl.java:80)
	at org.eclipse.jetty.io.nio.SelectorManager$SelectSet.doSelect(SelectorManager.java:569)
	at org.eclipse.jetty.io.nio.SelectorManager$1.run(SelectorManager.java:290)
	at winstone.BoundedExecutorService$1.run(BoundedExecutorService.java:77)
	at java.util.concurrent.ThreadPoolExecutor$Worker.runTask(ThreadPoolExecutor.java:895)
	at java.util.concurrent.ThreadPoolExecutor$Worker.run(ThreadPoolExecutor.java:918)
	at java.lang.Thread.run(Thread.java:680)

"RequestHandlerThread[#20] Selector19" daemon prio=3 tid=0x0160f000 nid=0x4e runnable [0xb435f000]
   java.lang.Thread.State: RUNNABLE
	at sun.nio.ch.DevPollArrayWrapper.poll0(Native Method)
	at sun.nio.ch.DevPollArrayWrapper.poll(DevPollArrayWrapper.java:170)
	at sun.nio.ch.DevPollSelectorImpl.doSelect(DevPollSelectorImpl.java:68)
	at sun.nio.ch.SelectorImpl.lockAndDoSelect(SelectorImpl.java:69)
	- locked <0xbbd725d8> (a sun.nio.ch.Util$2)
	- locked <0xbbd725e8> (a java.util.Collections$UnmodifiableSet)
	- locked <0xbbd72590> (a sun.nio.ch.DevPollSelectorImpl)
	at sun.nio.ch.SelectorImpl.select(SelectorImpl.java:80)
	at org.eclipse.jetty.io.nio.SelectorManager$SelectSet.doSelect(SelectorManager.java:569)
	at org.eclipse.jetty.io.nio.SelectorManager$1.run(SelectorManager.java:290)
	at winstone.BoundedExecutorService$1.run(BoundedExecutorService.java:77)
	at java.util.concurrent.ThreadPoolExecutor$Worker.runTask(ThreadPoolExecutor.java:895)
	at java.util.concurrent.ThreadPoolExecutor$Worker.run(ThreadPoolExecutor.java:918)
	at java.lang.Thread.run(Thread.java:680)

"RequestHandlerThread[#19] Selector18" daemon prio=3 tid=0x0160dc00 nid=0x4d runnable [0xb43ef000]
   java.lang.Thread.State: RUNNABLE
	at sun.nio.ch.DevPollArrayWrapper.poll0(Native Method)
	at sun.nio.ch.DevPollArrayWrapper.poll(DevPollArrayWrapper.java:170)
	at sun.nio.ch.DevPollSelectorImpl.doSelect(DevPollSelectorImpl.java:68)
	at sun.nio.ch.SelectorImpl.lockAndDoSelect(SelectorImpl.java:69)
	- locked <0xbbd75418> (a sun.nio.ch.Util$2)
	- locked <0xbbd75428> (a java.util.Collections$UnmodifiableSet)
	- locked <0xbbd753d0> (a sun.nio.ch.DevPollSelectorImpl)
	at sun.nio.ch.SelectorImpl.select(SelectorImpl.java:80)
	at org.eclipse.jetty.io.nio.SelectorManager$SelectSet.doSelect(SelectorManager.java:569)
	at org.eclipse.jetty.io.nio.SelectorManager$1.run(SelectorManager.java:290)
	at winstone.BoundedExecutorService$1.run(BoundedExecutorService.java:77)
	at java.util.concurrent.ThreadPoolExecutor$Worker.runTask(ThreadPoolExecutor.java:895)
	at java.util.concurrent.ThreadPoolExecutor$Worker.run(ThreadPoolExecutor.java:918)
	at java.lang.Thread.run(Thread.java:680)

"RequestHandlerThread[#18] Selector17" daemon prio=3 tid=0x0160c800 nid=0x4c runnable [0xb447f000]
   java.lang.Thread.State: RUNNABLE
	at sun.nio.ch.DevPollArrayWrapper.poll0(Native Method)
	at sun.nio.ch.DevPollArrayWrapper.poll(DevPollArrayWrapper.java:170)
	at sun.nio.ch.DevPollSelectorImpl.doSelect(DevPollSelectorImpl.java:68)
	at sun.nio.ch.SelectorImpl.lockAndDoSelect(SelectorImpl.java:69)
	- locked <0xbbd6d8a8> (a sun.nio.ch.Util$2)
	- locked <0xbbd6d8b8> (a java.util.Collections$UnmodifiableSet)
	- locked <0xbbd6d860> (a sun.nio.ch.DevPollSelectorImpl)
	at sun.nio.ch.SelectorImpl.select(SelectorImpl.java:80)
	at org.eclipse.jetty.io.nio.SelectorManager$SelectSet.doSelect(SelectorManager.java:569)
	at org.eclipse.jetty.io.nio.SelectorManager$1.run(SelectorManager.java:290)
	at winstone.BoundedExecutorService$1.run(BoundedExecutorService.java:77)
	at java.util.concurrent.ThreadPoolExecutor$Worker.runTask(ThreadPoolExecutor.java:895)
	at java.util.concurrent.ThreadPoolExecutor$Worker.run(ThreadPoolExecutor.java:918)
	at java.lang.Thread.run(Thread.java:680)

"RequestHandlerThread[#17] Selector16" daemon prio=3 tid=0x0105b800 nid=0x4b runnable [0xb450f000]
   java.lang.Thread.State: RUNNABLE
	at sun.nio.ch.DevPollArrayWrapper.poll0(Native Method)
	at sun.nio.ch.DevPollArrayWrapper.poll(DevPollArrayWrapper.java:170)
	at sun.nio.ch.DevPollSelectorImpl.doSelect(DevPollSelectorImpl.java:68)
	at sun.nio.ch.SelectorImpl.lockAndDoSelect(SelectorImpl.java:69)
	- locked <0xbbd6f878> (a sun.nio.ch.Util$2)
	- locked <0xbbd6f888> (a java.util.Collections$UnmodifiableSet)
	- locked <0xbbd6f830> (a sun.nio.ch.DevPollSelectorImpl)
	at sun.nio.ch.SelectorImpl.select(SelectorImpl.java:80)
	at org.eclipse.jetty.io.nio.SelectorManager$SelectSet.doSelect(SelectorManager.java:569)
	at org.eclipse.jetty.io.nio.SelectorManager$1.run(SelectorManager.java:290)
	at winstone.BoundedExecutorService$1.run(BoundedExecutorService.java:77)
	at java.util.concurrent.ThreadPoolExecutor$Worker.runTask(ThreadPoolExecutor.java:895)
	at java.util.concurrent.ThreadPoolExecutor$Worker.run(ThreadPoolExecutor.java:918)
	at java.lang.Thread.run(Thread.java:680)

"RequestHandlerThread[#16] Selector15" daemon prio=3 tid=0x0105a000 nid=0x4a runnable [0xb459f000]
   java.lang.Thread.State: RUNNABLE
	at sun.nio.ch.DevPollArrayWrapper.poll0(Native Method)
	at sun.nio.ch.DevPollArrayWrapper.poll(DevPollArrayWrapper.java:170)
	at sun.nio.ch.DevPollSelectorImpl.doSelect(DevPollSelectorImpl.java:68)
	at sun.nio.ch.SelectorImpl.lockAndDoSelect(SelectorImpl.java:69)
	- locked <0xbbd73530> (a sun.nio.ch.Util$2)
	- locked <0xbbd73540> (a java.util.Collections$UnmodifiableSet)
	- locked <0xbbd734e8> (a sun.nio.ch.DevPollSelectorImpl)
	at sun.nio.ch.SelectorImpl.select(SelectorImpl.java:80)
	at org.eclipse.jetty.io.nio.SelectorManager$SelectSet.doSelect(SelectorManager.java:569)
	at org.eclipse.jetty.io.nio.SelectorManager$1.run(SelectorManager.java:290)
	at winstone.BoundedExecutorService$1.run(BoundedExecutorService.java:77)
	at java.util.concurrent.ThreadPoolExecutor$Worker.runTask(ThreadPoolExecutor.java:895)
	at java.util.concurrent.ThreadPoolExecutor$Worker.run(ThreadPoolExecutor.java:918)
	at java.lang.Thread.run(Thread.java:680)

"RequestHandlerThread[#15] Selector14" daemon prio=3 tid=0x017b1800 nid=0x49 runnable [0xb462f000]
   java.lang.Thread.State: RUNNABLE
	at sun.nio.ch.DevPollArrayWrapper.poll0(Native Method)
	at sun.nio.ch.DevPollArrayWrapper.poll(DevPollArrayWrapper.java:170)
	at sun.nio.ch.DevPollSelectorImpl.doSelect(DevPollSelectorImpl.java:68)
	at sun.nio.ch.SelectorImpl.lockAndDoSelect(SelectorImpl.java:69)
	- locked <0xbbd72798> (a sun.nio.ch.Util$2)
	- locked <0xbbd727a8> (a java.util.Collections$UnmodifiableSet)
	- locked <0xbbd72750> (a sun.nio.ch.DevPollSelectorImpl)
	at sun.nio.ch.SelectorImpl.select(SelectorImpl.java:80)
	at org.eclipse.jetty.io.nio.SelectorManager$SelectSet.doSelect(SelectorManager.java:569)
	at org.eclipse.jetty.io.nio.SelectorManager$1.run(SelectorManager.java:290)
	at winstone.BoundedExecutorService$1.run(BoundedExecutorService.java:77)
	at java.util.concurrent.ThreadPoolExecutor$Worker.runTask(ThreadPoolExecutor.java:895)
	at java.util.concurrent.ThreadPoolExecutor$Worker.run(ThreadPoolExecutor.java:918)
	at java.lang.Thread.run(Thread.java:680)

"RequestHandlerThread[#14] Selector13" daemon prio=3 tid=0x017b0000 nid=0x48 runnable [0xb46bf000]
   java.lang.Thread.State: RUNNABLE
	at sun.nio.ch.DevPollArrayWrapper.poll0(Native Method)
	at sun.nio.ch.DevPollArrayWrapper.poll(DevPollArrayWrapper.java:170)
	at sun.nio.ch.DevPollSelectorImpl.doSelect(DevPollSelectorImpl.java:68)
	at sun.nio.ch.SelectorImpl.lockAndDoSelect(SelectorImpl.java:69)
	- locked <0xbbd783d0> (a sun.nio.ch.Util$2)
	- locked <0xbbd783e0> (a java.util.Collections$UnmodifiableSet)
	- locked <0xbbd775d8> (a sun.nio.ch.DevPollSelectorImpl)
	at sun.nio.ch.SelectorImpl.select(SelectorImpl.java:80)
	at org.eclipse.jetty.io.nio.SelectorManager$SelectSet.doSelect(SelectorManager.java:569)
	at org.eclipse.jetty.io.nio.SelectorManager$1.run(SelectorManager.java:290)
	at winstone.BoundedExecutorService$1.run(BoundedExecutorService.java:77)
	at java.util.concurrent.ThreadPoolExecutor$Worker.runTask(ThreadPoolExecutor.java:895)
	at java.util.concurrent.ThreadPoolExecutor$Worker.run(ThreadPoolExecutor.java:918)
	at java.lang.Thread.run(Thread.java:680)

"RequestHandlerThread[#13] Selector12" daemon prio=3 tid=0x017aec00 nid=0x47 runnable [0xb474f000]
   java.lang.Thread.State: RUNNABLE
	at sun.nio.ch.DevPollArrayWrapper.poll0(Native Method)
	at sun.nio.ch.DevPollArrayWrapper.poll(DevPollArrayWrapper.java:170)
	at sun.nio.ch.DevPollSelectorImpl.doSelect(DevPollSelectorImpl.java:68)
	at sun.nio.ch.SelectorImpl.lockAndDoSelect(SelectorImpl.java:69)
	- locked <0xbbd75598> (a sun.nio.ch.Util$2)
	- locked <0xbbd755a8> (a java.util.Collections$UnmodifiableSet)
	- locked <0xbbd75550> (a sun.nio.ch.DevPollSelectorImpl)
	at sun.nio.ch.SelectorImpl.select(SelectorImpl.java:80)
	at org.eclipse.jetty.io.nio.SelectorManager$SelectSet.doSelect(SelectorManager.java:569)
	at org.eclipse.jetty.io.nio.SelectorManager$1.run(SelectorManager.java:290)
	at winstone.BoundedExecutorService$1.run(BoundedExecutorService.java:77)
	at java.util.concurrent.ThreadPoolExecutor$Worker.runTask(ThreadPoolExecutor.java:895)
	at java.util.concurrent.ThreadPoolExecutor$Worker.run(ThreadPoolExecutor.java:918)
	at java.lang.Thread.run(Thread.java:680)

"RequestHandlerThread[#12] Selector11" daemon prio=3 tid=0x0118dc00 nid=0x46 runnable [0xb47df000]
   java.lang.Thread.State: RUNNABLE
	at sun.nio.ch.DevPollArrayWrapper.poll0(Native Method)
	at sun.nio.ch.DevPollArrayWrapper.poll(DevPollArrayWrapper.java:170)
	at sun.nio.ch.DevPollSelectorImpl.doSelect(DevPollSelectorImpl.java:68)
	at sun.nio.ch.SelectorImpl.lockAndDoSelect(SelectorImpl.java:69)
	- locked <0xbbd79470> (a sun.nio.ch.Util$2)
	- locked <0xbbd79480> (a java.util.Collections$UnmodifiableSet)
	- locked <0xbbd79428> (a sun.nio.ch.DevPollSelectorImpl)
	at sun.nio.ch.SelectorImpl.select(SelectorImpl.java:80)
	at org.eclipse.jetty.io.nio.SelectorManager$SelectSet.doSelect(SelectorManager.java:569)
	at org.eclipse.jetty.io.nio.SelectorManager$1.run(SelectorManager.java:290)
	at winstone.BoundedExecutorService$1.run(BoundedExecutorService.java:77)
	at java.util.concurrent.ThreadPoolExecutor$Worker.runTask(ThreadPoolExecutor.java:895)
	at java.util.concurrent.ThreadPoolExecutor$Worker.run(ThreadPoolExecutor.java:918)
	at java.lang.Thread.run(Thread.java:680)

"RequestHandlerThread[#11] Selector10" daemon prio=3 tid=0x01748400 nid=0x45 runnable [0xb486f000]
   java.lang.Thread.State: RUNNABLE
	at sun.nio.ch.DevPollArrayWrapper.poll0(Native Method)
	at sun.nio.ch.DevPollArrayWrapper.poll(DevPollArrayWrapper.java:170)
	at sun.nio.ch.DevPollSelectorImpl.doSelect(DevPollSelectorImpl.java:68)
	at sun.nio.ch.SelectorImpl.lockAndDoSelect(SelectorImpl.java:69)
	- locked <0xbbd736f0> (a sun.nio.ch.Util$2)
	- locked <0xbbd73700> (a java.util.Collections$UnmodifiableSet)
	- locked <0xbbd736a8> (a sun.nio.ch.DevPollSelectorImpl)
	at sun.nio.ch.SelectorImpl.select(SelectorImpl.java:80)
	at org.eclipse.jetty.io.nio.SelectorManager$SelectSet.doSelect(SelectorManager.java:569)
	at org.eclipse.jetty.io.nio.SelectorManager$1.run(SelectorManager.java:290)
	at winstone.BoundedExecutorService$1.run(BoundedExecutorService.java:77)
	at java.util.concurrent.ThreadPoolExecutor$Worker.runTask(ThreadPoolExecutor.java:895)
	at java.util.concurrent.ThreadPoolExecutor$Worker.run(ThreadPoolExecutor.java:918)
	at java.lang.Thread.run(Thread.java:680)

"RequestHandlerThread[#10] Selector9" daemon prio=3 tid=0x010f7800 nid=0x44 runnable [0xb48ff000]
   java.lang.Thread.State: RUNNABLE
	at sun.nio.ch.DevPollArrayWrapper.poll0(Native Method)
	at sun.nio.ch.DevPollArrayWrapper.poll(DevPollArrayWrapper.java:170)
	at sun.nio.ch.DevPollSelectorImpl.doSelect(DevPollSelectorImpl.java:68)
	at sun.nio.ch.SelectorImpl.lockAndDoSelect(SelectorImpl.java:69)
	- locked <0xbbd7a510> (a sun.nio.ch.Util$2)
	- locked <0xbbd7a520> (a java.util.Collections$UnmodifiableSet)
	- locked <0xbbd7a4c8> (a sun.nio.ch.DevPollSelectorImpl)
	at sun.nio.ch.SelectorImpl.select(SelectorImpl.java:80)
	at org.eclipse.jetty.io.nio.SelectorManager$SelectSet.doSelect(SelectorManager.java:569)
	at org.eclipse.jetty.io.nio.SelectorManager$1.run(SelectorManager.java:290)
	at winstone.BoundedExecutorService$1.run(BoundedExecutorService.java:77)
	at java.util.concurrent.ThreadPoolExecutor$Worker.runTask(ThreadPoolExecutor.java:895)
	at java.util.concurrent.ThreadPoolExecutor$Worker.run(ThreadPoolExecutor.java:918)
	at java.lang.Thread.run(Thread.java:680)

"RequestHandlerThread[#9] Selector8" daemon prio=3 tid=0x00f95800 nid=0x43 runnable [0xb498f000]
   java.lang.Thread.State: RUNNABLE
	at sun.nio.ch.DevPollArrayWrapper.poll0(Native Method)
	at sun.nio.ch.DevPollArrayWrapper.poll(DevPollArrayWrapper.java:170)
	at sun.nio.ch.DevPollSelectorImpl.doSelect(DevPollSelectorImpl.java:68)
	at sun.nio.ch.SelectorImpl.lockAndDoSelect(SelectorImpl.java:69)
	- locked <0xbbd7c418> (a sun.nio.ch.Util$2)
	- locked <0xbbd7c428> (a java.util.Collections$UnmodifiableSet)
	- locked <0xbbd7c3d0> (a sun.nio.ch.DevPollSelectorImpl)
	at sun.nio.ch.SelectorImpl.select(SelectorImpl.java:80)
	at org.eclipse.jetty.io.nio.SelectorManager$SelectSet.doSelect(SelectorManager.java:569)
	at org.eclipse.jetty.io.nio.SelectorManager$1.run(SelectorManager.java:290)
	at winstone.BoundedExecutorService$1.run(BoundedExecutorService.java:77)
	at java.util.concurrent.ThreadPoolExecutor$Worker.runTask(ThreadPoolExecutor.java:895)
	at java.util.concurrent.ThreadPoolExecutor$Worker.run(ThreadPoolExecutor.java:918)
	at java.lang.Thread.run(Thread.java:680)

"RequestHandlerThread[#8] Selector7" daemon prio=3 tid=0x01436400 nid=0x42 runnable [0xb4a1f000]
   java.lang.Thread.State: RUNNABLE
	at sun.nio.ch.DevPollArrayWrapper.poll0(Native Method)
	at sun.nio.ch.DevPollArrayWrapper.poll(DevPollArrayWrapper.java:170)
	at sun.nio.ch.DevPollSelectorImpl.doSelect(DevPollSelectorImpl.java:68)
	at sun.nio.ch.SelectorImpl.lockAndDoSelect(SelectorImpl.java:69)
	- locked <0xbbd75758> (a sun.nio.ch.Util$2)
	- locked <0xbbd75768> (a java.util.Collections$UnmodifiableSet)
	- locked <0xbbd75710> (a sun.nio.ch.DevPollSelectorImpl)
	at sun.nio.ch.SelectorImpl.select(SelectorImpl.java:80)
	at org.eclipse.jetty.io.nio.SelectorManager$SelectSet.doSelect(SelectorManager.java:569)
	at org.eclipse.jetty.io.nio.SelectorManager$1.run(SelectorManager.java:290)
	at winstone.BoundedExecutorService$1.run(BoundedExecutorService.java:77)
	at java.util.concurrent.ThreadPoolExecutor$Worker.runTask(ThreadPoolExecutor.java:895)
	at java.util.concurrent.ThreadPoolExecutor$Worker.run(ThreadPoolExecutor.java:918)
	at java.lang.Thread.run(Thread.java:680)

"RequestHandlerThread[#7] Selector6" daemon prio=3 tid=0x01191c00 nid=0x41 runnable [0xb4aaf000]
   java.lang.Thread.State: RUNNABLE
	at sun.nio.ch.DevPollArrayWrapper.poll0(Native Method)
	at sun.nio.ch.DevPollArrayWrapper.poll(DevPollArrayWrapper.java:170)
	at sun.nio.ch.DevPollSelectorImpl.doSelect(DevPollSelectorImpl.java:68)
	at sun.nio.ch.SelectorImpl.lockAndDoSelect(SelectorImpl.java:69)
	- locked <0xbbd7d418> (a sun.nio.ch.Util$2)
	- locked <0xbbd7d428> (a java.util.Collections$UnmodifiableSet)
	- locked <0xbbd7d3d0> (a sun.nio.ch.DevPollSelectorImpl)
	at sun.nio.ch.SelectorImpl.select(SelectorImpl.java:80)
	at org.eclipse.jetty.io.nio.SelectorManager$SelectSet.doSelect(SelectorManager.java:569)
	at org.eclipse.jetty.io.nio.SelectorManager$1.run(SelectorManager.java:290)
	at winstone.BoundedExecutorService$1.run(BoundedExecutorService.java:77)
	at java.util.concurrent.ThreadPoolExecutor$Worker.runTask(ThreadPoolExecutor.java:895)
	at java.util.concurrent.ThreadPoolExecutor$Worker.run(ThreadPoolExecutor.java:918)
	at java.lang.Thread.run(Thread.java:680)

"RequestHandlerThread[#6] Selector5" daemon prio=3 tid=0x00513800 nid=0x40 runnable [0xb4b3f000]
   java.lang.Thread.State: RUNNABLE
	at sun.nio.ch.DevPollArrayWrapper.poll0(Native Method)
	at sun.nio.ch.DevPollArrayWrapper.poll(DevPollArrayWrapper.java:170)
	at sun.nio.ch.DevPollSelectorImpl.doSelect(DevPollSelectorImpl.java:68)
	at sun.nio.ch.SelectorImpl.lockAndDoSelect(SelectorImpl.java:69)
	- locked <0xbbd738b0> (a sun.nio.ch.Util$2)
	- locked <0xbbd738c0> (a java.util.Collections$UnmodifiableSet)
	- locked <0xbbd73868> (a sun.nio.ch.DevPollSelectorImpl)
	at sun.nio.ch.SelectorImpl.select(SelectorImpl.java:80)
	at org.eclipse.jetty.io.nio.SelectorManager$SelectSet.doSelect(SelectorManager.java:569)
	at org.eclipse.jetty.io.nio.SelectorManager$1.run(SelectorManager.java:290)
	at winstone.BoundedExecutorService$1.run(BoundedExecutorService.java:77)
	at java.util.concurrent.ThreadPoolExecutor$Worker.runTask(ThreadPoolExecutor.java:895)
	at java.util.concurrent.ThreadPoolExecutor$Worker.run(ThreadPoolExecutor.java:918)
	at java.lang.Thread.run(Thread.java:680)

"RequestHandlerThread[#5] Selector4" daemon prio=3 tid=0x0141a800 nid=0x3f runnable [0xb4bcf000]
   java.lang.Thread.State: RUNNABLE
	at sun.nio.ch.DevPollArrayWrapper.poll0(Native Method)
	at sun.nio.ch.DevPollArrayWrapper.poll(DevPollArrayWrapper.java:170)
	at sun.nio.ch.DevPollSelectorImpl.doSelect(DevPollSelectorImpl.java:68)
	at sun.nio.ch.SelectorImpl.lockAndDoSelect(SelectorImpl.java:69)
	- locked <0xbbd78550> (a sun.nio.ch.Util$2)
	- locked <0xbbd78560> (a java.util.Collections$UnmodifiableSet)
	- locked <0xbbd78508> (a sun.nio.ch.DevPollSelectorImpl)
	at sun.nio.ch.SelectorImpl.select(SelectorImpl.java:80)
	at org.eclipse.jetty.io.nio.SelectorManager$SelectSet.doSelect(SelectorManager.java:569)
	at org.eclipse.jetty.io.nio.SelectorManager$1.run(SelectorManager.java:290)
	at winstone.BoundedExecutorService$1.run(BoundedExecutorService.java:77)
	at java.util.concurrent.ThreadPoolExecutor$Worker.runTask(ThreadPoolExecutor.java:895)
	at java.util.concurrent.ThreadPoolExecutor$Worker.run(ThreadPoolExecutor.java:918)
	at java.lang.Thread.run(Thread.java:680)

"RequestHandlerThread[#4] Selector3" daemon prio=3 tid=0x016d6800 nid=0x3e runnable [0xb4c5f000]
   java.lang.Thread.State: RUNNABLE
	at sun.nio.ch.DevPollArrayWrapper.poll0(Native Method)
	at sun.nio.ch.DevPollArrayWrapper.poll(DevPollArrayWrapper.java:170)
	at sun.nio.ch.DevPollSelectorImpl.doSelect(DevPollSelectorImpl.java:68)
	at sun.nio.ch.SelectorImpl.lockAndDoSelect(SelectorImpl.java:69)
	- locked <0xbbd730e8> (a sun.nio.ch.Util$2)
	- locked <0xbbd730f8> (a java.util.Collections$UnmodifiableSet)
	- locked <0xbbd730a0> (a sun.nio.ch.DevPollSelectorImpl)
	at sun.nio.ch.SelectorImpl.select(SelectorImpl.java:80)
	at org.eclipse.jetty.io.nio.SelectorManager$SelectSet.doSelect(SelectorManager.java:569)
	at org.eclipse.jetty.io.nio.SelectorManager$1.run(SelectorManager.java:290)
	at winstone.BoundedExecutorService$1.run(BoundedExecutorService.java:77)
	at java.util.concurrent.ThreadPoolExecutor$Worker.runTask(ThreadPoolExecutor.java:895)
	at java.util.concurrent.ThreadPoolExecutor$Worker.run(ThreadPoolExecutor.java:918)
	at java.lang.Thread.run(Thread.java:680)

"RequestHandlerThread[#3] Selector2" daemon prio=3 tid=0x0107b800 nid=0x3d runnable [0xb4cef000]
   java.lang.Thread.State: RUNNABLE
	at sun.nio.ch.DevPollArrayWrapper.poll0(Native Method)
	at sun.nio.ch.DevPollArrayWrapper.poll(DevPollArrayWrapper.java:170)
	at sun.nio.ch.DevPollSelectorImpl.doSelect(DevPollSelectorImpl.java:68)
	at sun.nio.ch.SelectorImpl.lockAndDoSelect(SelectorImpl.java:69)
	- locked <0xbbd7f418> (a sun.nio.ch.Util$2)
	- locked <0xbbd7f428> (a java.util.Collections$UnmodifiableSet)
	- locked <0xbbd7f3d0> (a sun.nio.ch.DevPollSelectorImpl)
	at sun.nio.ch.SelectorImpl.select(SelectorImpl.java:80)
	at org.eclipse.jetty.io.nio.SelectorManager$SelectSet.doSelect(SelectorManager.java:569)
	at org.eclipse.jetty.io.nio.SelectorManager$1.run(SelectorManager.java:290)
	at winstone.BoundedExecutorService$1.run(BoundedExecutorService.java:77)
	at java.util.concurrent.ThreadPoolExecutor$Worker.runTask(ThreadPoolExecutor.java:895)
	at java.util.concurrent.ThreadPoolExecutor$Worker.run(ThreadPoolExecutor.java:918)
	at java.lang.Thread.run(Thread.java:680)

"RequestHandlerThread[#2] Selector1" daemon prio=3 tid=0x00f6fc00 nid=0x3c runnable [0xb4d7f000]
   java.lang.Thread.State: RUNNABLE
	at sun.nio.ch.DevPollArrayWrapper.poll0(Native Method)
	at sun.nio.ch.DevPollArrayWrapper.poll(DevPollArrayWrapper.java:170)
	at sun.nio.ch.DevPollSelectorImpl.doSelect(DevPollSelectorImpl.java:68)
	at sun.nio.ch.SelectorImpl.lockAndDoSelect(SelectorImpl.java:69)
	- locked <0xbbd78710> (a sun.nio.ch.Util$2)
	- locked <0xbbd78720> (a java.util.Collections$UnmodifiableSet)
	- locked <0xbbd786c8> (a sun.nio.ch.DevPollSelectorImpl)
	at sun.nio.ch.SelectorImpl.select(SelectorImpl.java:80)
	at org.eclipse.jetty.io.nio.SelectorManager$SelectSet.doSelect(SelectorManager.java:569)
	at org.eclipse.jetty.io.nio.SelectorManager$1.run(SelectorManager.java:290)
	at winstone.BoundedExecutorService$1.run(BoundedExecutorService.java:77)
	at java.util.concurrent.ThreadPoolExecutor$Worker.runTask(ThreadPoolExecutor.java:895)
	at java.util.concurrent.ThreadPoolExecutor$Worker.run(ThreadPoolExecutor.java:918)
	at java.lang.Thread.run(Thread.java:680)

"RequestHandlerThread[#1] Selector0" daemon prio=3 tid=0x01042800 nid=0x3b runnable [0xb4e0f000]
   java.lang.Thread.State: RUNNABLE
	at sun.nio.ch.DevPollArrayWrapper.poll0(Native Method)
	at sun.nio.ch.DevPollArrayWrapper.poll(DevPollArrayWrapper.java:170)
	at sun.nio.ch.DevPollSelectorImpl.doSelect(DevPollSelectorImpl.java:68)
	at sun.nio.ch.SelectorImpl.lockAndDoSelect(SelectorImpl.java:69)
	- locked <0xbbd7c598> (a sun.nio.ch.Util$2)
	- locked <0xbbd7c5a8> (a java.util.Collections$UnmodifiableSet)
	- locked <0xbbd7c550> (a sun.nio.ch.DevPollSelectorImpl)
	at sun.nio.ch.SelectorImpl.select(SelectorImpl.java:80)
	at org.eclipse.jetty.io.nio.SelectorManager$SelectSet.doSelect(SelectorManager.java:569)
	at org.eclipse.jetty.io.nio.SelectorManager$1.run(SelectorManager.java:290)
	at winstone.BoundedExecutorService$1.run(BoundedExecutorService.java:77)
	at java.util.concurrent.ThreadPoolExecutor$Worker.runTask(ThreadPoolExecutor.java:895)
	at java.util.concurrent.ThreadPoolExecutor$Worker.run(ThreadPoolExecutor.java:918)
	at java.lang.Thread.run(Thread.java:680)

"Java2D Disposer" daemon prio=3 tid=0x00f9b400 nid=0x39 in Object.wait() [0xb4fdf000]
   java.lang.Thread.State: WAITING (on object monitor)
	at java.lang.Object.wait(Native Method)
	- waiting on <0xbbca31c8> (a java.lang.ref.ReferenceQueue$Lock)
	at java.lang.ref.ReferenceQueue.remove(ReferenceQueue.java:118)
	- locked <0xbbca31c8> (a java.lang.ref.ReferenceQueue$Lock)
	at java.lang.ref.ReferenceQueue.remove(ReferenceQueue.java:134)
	at sun.java2d.Disposer.run(Disposer.java:125)
	at java.lang.Thread.run(Thread.java:680)

"HashSessionScavenger-0" daemon prio=3 tid=0x00f08000 nid=0x38 in Object.wait() [0xb52ff000]
   java.lang.Thread.State: TIMED_WAITING (on object monitor)
	at java.lang.Object.wait(Native Method)
	- waiting on <0xbbca6b38> (a java.util.TaskQueue)
	at java.util.TimerThread.mainLoop(Timer.java:509)
	- locked <0xbbca6b38> (a java.util.TaskQueue)
	at java.util.TimerThread.run(Timer.java:462)

"Low Memory Detector" daemon prio=3 tid=0x003e9c00 nid=0x36 runnable [0x00000000]
   java.lang.Thread.State: RUNNABLE

"C2 CompilerThread1" daemon prio=3 tid=0x003e7000 nid=0x35 waiting on condition [0x00000000]
   java.lang.Thread.State: RUNNABLE

"C2 CompilerThread0" daemon prio=3 tid=0x003e4c00 nid=0x34 waiting on condition [0x00000000]
   java.lang.Thread.State: RUNNABLE

"Signal Dispatcher" daemon prio=3 tid=0x003e3400 nid=0x33 waiting on condition [0x00000000]
   java.lang.Thread.State: RUNNABLE

"Finalizer" daemon prio=3 tid=0x003cf800 nid=0x32 in Object.wait() [0xb5d5f000]
   java.lang.Thread.State: WAITING (on object monitor)
	at java.lang.Object.wait(Native Method)
	- waiting on <0xbbaf4ff8> (a java.lang.ref.ReferenceQueue$Lock)
	at java.lang.ref.ReferenceQueue.remove(ReferenceQueue.java:118)
	- locked <0xbbaf4ff8> (a java.lang.ref.ReferenceQueue$Lock)
	at java.lang.ref.ReferenceQueue.remove(ReferenceQueue.java:134)
	at java.lang.ref.Finalizer$FinalizerThread.run(Finalizer.java:171)

"Reference Handler" daemon prio=3 tid=0x003ce000 nid=0x31 in Object.wait() [0xb5def000]
   java.lang.Thread.State: WAITING (on object monitor)
	at java.lang.Object.wait(Native Method)
	- waiting on <0xbbacec48> (a java.lang.ref.Reference$Lock)
	at java.lang.Object.wait(Object.java:485)
	at java.lang.ref.Reference$ReferenceHandler.run(Reference.java:116)
	- locked <0xbbacec48> (a java.lang.ref.Reference$Lock)

"VM Thread" prio=3 tid=0x003ca800 nid=0x30 runnable 

"GC task thread#0 (ParallelGC)" prio=3 tid=0x00036000 nid=0x3 runnable 

"GC task thread#1 (ParallelGC)" prio=3 tid=0x00037400 nid=0x4 runnable 

"GC task thread#2 (ParallelGC)" prio=3 tid=0x00039000 nid=0x5 runnable 

"GC task thread#3 (ParallelGC)" prio=3 tid=0x0003a400 nid=0x6 runnable 

"GC task thread#4 (ParallelGC)" prio=3 tid=0x0003b800 nid=0x7 runnable 

"GC task thread#5 (ParallelGC)" prio=3 tid=0x0003cc00 nid=0x8 runnable 

"GC task thread#6 (ParallelGC)" prio=3 tid=0x0003e000 nid=0x9 runnable 

"GC task thread#7 (ParallelGC)" prio=3 tid=0x0003f800 nid=0xa runnable 

"GC task thread#8 (ParallelGC)" prio=3 tid=0x00040c00 nid=0xb runnable 

"GC task thread#9 (ParallelGC)" prio=3 tid=0x00042000 nid=0xc runnable 

"GC task thread#10 (ParallelGC)" prio=3 tid=0x00043400 nid=0xd runnable 

"GC task thread#11 (ParallelGC)" prio=3 tid=0x00044800 nid=0xe runnable 

"GC task thread#12 (ParallelGC)" prio=3 tid=0x00045c00 nid=0xf runnable 

"GC task thread#13 (ParallelGC)" prio=3 tid=0x00047000 nid=0x10 runnable 

"GC task thread#14 (ParallelGC)" prio=3 tid=0x00048800 nid=0x11 runnable 

"GC task thread#15 (ParallelGC)" prio=3 tid=0x00049c00 nid=0x12 runnable 

"GC task thread#16 (ParallelGC)" prio=3 tid=0x0004b000 nid=0x13 runnable 

"GC task thread#17 (ParallelGC)" prio=3 tid=0x0004c400 nid=0x14 runnable 

"GC task thread#18 (ParallelGC)" prio=3 tid=0x0004e000 nid=0x15 runnable 

"GC task thread#19 (ParallelGC)" prio=3 tid=0x0004f400 nid=0x16 runnable 

"GC task thread#20 (ParallelGC)" prio=3 tid=0x00050c00 nid=0x17 runnable 

"GC task thread#21 (ParallelGC)" prio=3 tid=0x00052000 nid=0x18 runnable 

"GC task thread#22 (ParallelGC)" prio=3 tid=0x00053400 nid=0x19 runnable 

"GC task thread#23 (ParallelGC)" prio=3 tid=0x00054800 nid=0x1a runnable 

"GC task thread#24 (ParallelGC)" prio=3 tid=0x00055c00 nid=0x1b runnable 

"GC task thread#25 (ParallelGC)" prio=3 tid=0x00057000 nid=0x1c runnable 

"GC task thread#26 (ParallelGC)" prio=3 tid=0x00058800 nid=0x1d runnable 

"GC task thread#27 (ParallelGC)" prio=3 tid=0x00059c00 nid=0x1e runnable 

"GC task thread#28 (ParallelGC)" prio=3 tid=0x0005b000 nid=0x1f runnable 

"GC task thread#29 (ParallelGC)" prio=3 tid=0x0005c400 nid=0x20 runnable 

"GC task thread#30 (ParallelGC)" prio=3 tid=0x0005d800 nid=0x21 runnable 

"GC task thread#31 (ParallelGC)" prio=3 tid=0x0005ec00 nid=0x22 runnable 

"GC task thread#32 (ParallelGC)" prio=3 tid=0x00060400 nid=0x23 runnable 

"GC task thread#33 (ParallelGC)" prio=3 tid=0x00061800 nid=0x24 runnable 

"GC task thread#34 (ParallelGC)" prio=3 tid=0x00062c00 nid=0x25 runnable 

"GC task thread#35 (ParallelGC)" prio=3 tid=0x00064000 nid=0x26 runnable 

"GC task thread#36 (ParallelGC)" prio=3 tid=0x00065400 nid=0x27 runnable 

"GC task thread#37 (ParallelGC)" prio=3 tid=0x00066800 nid=0x28 runnable 

"GC task thread#38 (ParallelGC)" prio=3 tid=0x00068c00 nid=0x29 runnable 

"GC task thread#39 (ParallelGC)" prio=3 tid=0x0006a400 nid=0x2a runnable 

"GC task thread#40 (ParallelGC)" prio=3 tid=0x0006b800 nid=0x2b runnable 

"GC task thread#41 (ParallelGC)" prio=3 tid=0x0006cc00 nid=0x2c runnable 

"GC task thread#42 (ParallelGC)" prio=3 tid=0x0006e000 nid=0x2d runnable 

"GC task thread#43 (ParallelGC)" prio=3 tid=0x0006f400 nid=0x2e runnable 

"GC task thread#44 (ParallelGC)" prio=3 tid=0x00070800 nid=0x2f runnable 

"VM Periodic Task Thread" prio=3 tid=0x003f4000 nid=0x37 waiting on condition 

JNI global references: 1843

Heap
 PSYoungGen      total 128512K, used 93336K [0xe6400000, 0xee800000, 0xfbc00000)
  eden space 123520K, 73% used [0xe6400000,0xebc22960,0xedca0000)
  from space 4992K, 61% used [0xee320000,0xee623818,0xee800000)
  to   space 4992K, 0% used [0xede40000,0xede40000,0xee320000)
 PSOldGen        total 45056K, used 8893K [0xbb800000, 0xbe400000, 0xe6400000)
  object space 45056K, 19% used [0xbb800000,0xbc0af488,0xbe400000)
 PSPermGen       total 28672K, used 28172K [0xb7800000, 0xb9400000, 0xbb800000)
  object space 28672K, 98% used [0xb7800000,0xb9383098,0xb9400000)

