Running from: C:\temp\jenkins.2.36.war
webroot: $user.home/.jenkins
[33mDec 15, 2016 4:02:59 PM Main deleteWinstoneTempContents
WARNING: Failed to delete the temporary Winstone file C:\Users\sakamoto\AppData\Local\Temp\winstone\jenkins.2.36.war
[0mDec 15, 2016 4:02:59 PM org.eclipse.jetty.util.log.JavaUtilLog info
INFO: Logging initialized @217ms
Dec 15, 2016 4:02:59 PM winstone.Logger logInternal
INFO: Beginning extraction from war file
[33mDec 15, 2016 4:02:59 PM org.eclipse.jetty.util.log.JavaUtilLog warn
WARNING: Empty contextPath
[0mDec 15, 2016 4:03:00 PM org.eclipse.jetty.util.log.JavaUtilLog info
INFO: jetty-9.2.z-SNAPSHOT
Dec 15, 2016 4:03:00 PM org.eclipse.jetty.util.log.JavaUtilLog info
INFO: NO JSP Support for /, did not find org.eclipse.jetty.jsp.JettyJspServlet
Jenkins home directory: C:\Users\sakamoto\.jenkins found at: $user.home/.jenkins
Dec 15, 2016 4:03:00 PM org.eclipse.jetty.util.log.JavaUtilLog info
INFO: Started w.@2a7f1f10{/,file:/C:/Users/sakamoto/.jenkins/war/,AVAILABLE}{C:\Users\sakamoto\.jenkins\war}
Dec 15, 2016 4:03:00 PM org.eclipse.jetty.util.log.JavaUtilLog info
INFO: Started ServerConnector@563f38c4{HTTP/1.1}{0.0.0.0:8080}
Dec 15, 2016 4:03:00 PM org.eclipse.jetty.util.log.JavaUtilLog info
INFO: Started @1007ms
Dec 15, 2016 4:03:00 PM winstone.Logger logInternal
INFO: Winstone Servlet Engine v2.0 running: controlPort=disabled
Dec 15, 2016 4:03:00 PM jenkins.InitReactorRunner$1 onAttained
INFO: Started initialization
Dec 15, 2016 4:03:01 PM jenkins.InitReactorRunner$1 onAttained
INFO: Listed all plugins
Dec 15, 2016 4:03:01 PM jenkins.bouncycastle.api.SecurityProviderInitializer addSecurityProvider
INFO: Initializing Bouncy Castle security provider.
Dec 15, 2016 4:03:01 PM jenkins.bouncycastle.api.SecurityProviderInitializer addSecurityProvider
INFO: Bouncy Castle security provider initialized.
Dec 15, 2016 4:03:03 PM jenkins.InitReactorRunner$1 onAttained
INFO: Prepared all plugins
Dec 15, 2016 4:03:03 PM jenkins.InitReactorRunner$1 onAttained
INFO: Started all plugins
Dec 15, 2016 4:03:03 PM hudson.ExtensionFinder$GuiceFinder$FaultTolerantScope$1 error
INFO: Failed to instantiate optional component hudson.plugins.build_timeout.operations.AbortAndRestartOperation$DescriptorImpl; skipping
Dec 15, 2016 4:03:04 PM jenkins.InitReactorRunner$1 onAttained
INFO: Augmented all extensions
Dec 15, 2016 4:03:04 PM hudson.slaves.SlaveComputer tryReconnect
INFO: Attempting to reconnect Solaris11Node
Dec 15, 2016 4:03:04 PM hudson.slaves.SlaveComputer tryReconnect
INFO: Attempting to reconnect logst-v043
Dec 15, 2016 4:03:04 PM jenkins.InitReactorRunner$1 onAttained
INFO: Loaded all jobs
Dec 15, 2016 4:03:04 PM hudson.model.AsyncPeriodicWork$1 run
INFO: Started Download metadata
Dec 15, 2016 4:03:04 PM hudson.model.AsyncPeriodicWork$1 run
INFO: Finished Download metadata. 8 ms
Dec 15, 2016 4:03:04 PM org.jenkinsci.main.modules.sshd.SSHD start
INFO: Started SSHD at port 56702
Dec 15, 2016 4:03:04 PM jenkins.InitReactorRunner$1 onAttained
INFO: Completed initialization
Dec 15, 2016 4:03:04 PM org.springframework.context.support.AbstractApplicationContext prepareRefresh
INFO: Refreshing org.springframework.web.context.support.StaticWebApplicationContext@38aa3cb3: display name [Root WebApplicationContext]; startup date [Thu Dec 15 16:03:04 GMT+09:00 2016]; root of context hierarchy
Dec 15, 2016 4:03:04 PM org.springframework.context.support.AbstractApplicationContext obtainFreshBeanFactory
INFO: Bean factory for application context [org.springframework.web.context.support.StaticWebApplicationContext@38aa3cb3]: org.springframework.beans.factory.support.DefaultListableBeanFactory@52707d6e
Dec 15, 2016 4:03:04 PM org.springframework.beans.factory.support.DefaultListableBeanFactory preInstantiateSingletons
INFO: Pre-instantiating singletons in org.springframework.beans.factory.support.DefaultListableBeanFactory@52707d6e: defining beans [authenticationManager]; root of factory hierarchy
Dec 15, 2016 4:03:04 PM org.springframework.context.support.AbstractApplicationContext prepareRefresh
INFO: Refreshing org.springframework.web.context.support.StaticWebApplicationContext@688ecde7: display name [Root WebApplicationContext]; startup date [Thu Dec 15 16:03:04 GMT+09:00 2016]; root of context hierarchy
Dec 15, 2016 4:03:04 PM org.springframework.context.support.AbstractApplicationContext obtainFreshBeanFactory
INFO: Bean factory for application context [org.springframework.web.context.support.StaticWebApplicationContext@688ecde7]: org.springframework.beans.factory.support.DefaultListableBeanFactory@14c8cf08
Dec 15, 2016 4:03:04 PM org.springframework.beans.factory.support.DefaultListableBeanFactory preInstantiateSingletons
INFO: Pre-instantiating singletons in org.springframework.beans.factory.support.DefaultListableBeanFactory@14c8cf08: defining beans [filter,legacy]; root of factory hierarchy
Dec 15, 2016 4:03:05 PM hudson.WebAppMain$3 run
INFO: Jenkins is fully up and running
[12/15/16 16:03:08] SSH Launch of logst-v043 on 172.28.202.12 completed in 3,935 ms
[12/15/16 16:03:08] SSH Launch of Solaris11Node on 172.28.202.12 completed in 3,942 ms