                                                                                                                                                                                                                                                                                                                                                                                                  
2020-07-06 16:25:35 WARNING hudson.init.impl.InstallUncaughtExceptionHandler handleException null                                                                                                                                                                                                                                                                                                        
java.io.IOException: Illegal base64 character -1                                                                                                                                                                                                                                                                                                                                                      
        at java.util.Base64$DecInputStream.read(Base64.java:961)                                                                                                                                                                                                                                                                                                                                            
        at java.util.Base64$DecInputStream.read(Base64.java:887)                                                                                                                                                                                                                                                                                                                                            
        at java.io.DataInputStream.readInt(DataInputStream.java:390)                                                                                                                                                                                                                                                                                                                                     
        at hudson.console.ConsoleNote.skip(ConsoleNote.java:305)                                                                                                                                                                                                                                                                                                                                              
        at hudson.console.PlainTextConsoleOutputStream.eol(PlainTextConsoleOutputStream.java:66)                                                                                                                                                                                                                                                                                                              
        at hudson.console.LineTransformationOutputStream.eol(LineTransformationOutputStream.java:60)                                                                                                                                                                                                                                                                                                        
        at hudson.console.LineTransformationOutputStream.write(LineTransformationOutputStream.java:56)                                                                                                                                                                                                                                                                                                          
        at hudson.console.LineTransformationOutputStream.write(LineTransformationOutputStream.java:74)                                                                                                                                                                                                                                                                                                        
        at org.apache.commons.io.output.ProxyOutputStream.write(ProxyOutputStream.java:89)                                                                                                                                                                                                                                                                                                                        
        at org.kohsuke.stapler.framework.io.LargeText.writeLogTo(LargeText.java:220)                                                                                                                                                                                                                                                                                                                            
        at hudson.console.AnnotatedLargeText.writeLogTo(AnnotatedLargeText.java:165)                                                                                                                                                                                                                                                                                                                                 
        at org.jenkinsci.plugins.workflow.job.WorkflowRun.writeLogTo(WorkflowRun.java:1113)                                                                                                                                                                                                                                                                                                                       
        at org.jenkinsci.plugins.workflow.job.WorkflowRun.doConsoleText(WorkflowRun.java:1090)                                                                                                                                                                                                                                                                                                                     
        at java.lang.invoke.MethodHandle.invokeWithArguments(MethodHandle.java:627)                                                                                                                                                                                                                                                                                                                                  
        at org.kohsuke.stapler.Function$MethodFunction.invoke(Function.java:396)                                                                                                                                                                                                                                                                                                                                           
        at org.kohsuke.stapler.Function$InstanceFunction.invoke(Function.java:408)                                                                                                                                                                                                                                                                                                                                     
        at org.kohsuke.stapler.Function.bindAndInvoke(Function.java:212)                                                                                                                                                                                                                                                                                                                                                  
        at org.kohsuke.stapler.Function.bindAndInvokeAndServeResponse(Function.java:145)                                                                                                                                                                                                                                                                                                                                   
        at org.kohsuke.stapler.MetaClass$11.doDispatch(MetaClass.java:535)                                                                                                                                                                                                                                                                                                                                                   
        at org.kohsuke.stapler.NameBasedDispatcher.dispatch(NameBasedDispatcher.java:58)                                                                                                                                                                                                                                                                                                                                         
        at org.kohsuke.stapler.Stapler.tryInvoke(Stapler.java:747)                                                                                                                                                                                                                                                                                                                                                                  
        at org.kohsuke.stapler.Stapler.invoke(Stapler.java:878)                                                                                                                                                                                                                                                                                                                                                                              
        at org.kohsuke.stapler.MetaClass$9.dispatch(MetaClass.java:456)                                                                                                     
        at org.kohsuke.stapler.Stapler.tryInvoke(Stapler.java:747)                                                                                                          
        at org.kohsuke.stapler.Stapler.invoke(Stapler.java:878)                                                                                                              
        at org.kohsuke.stapler.MetaClass$4.doDispatch(MetaClass.java:280)                                                                                                     
        at org.kohsuke.stapler.NameBasedDispatcher.dispatch(NameBasedDispatcher.java:58)                                                                                       
        at org.kohsuke.stapler.Stapler.tryInvoke(Stapler.java:747)                                                                                                             
        at org.kohsuke.stapler.Stapler.invoke(Stapler.java:878)                                                                                                                
        at org.kohsuke.stapler.Stapler.invoke(Stapler.java:676)                                                                                                             
        at org.kohsuke.stapler.Stapler.service(Stapler.java:238)                                                                                                            
        at javax.servlet.http.HttpServlet.service(HttpServlet.java:729)                                                                                                      
        at org.apache.catalina.core.ApplicationFilterChain.internalDoFilter(ApplicationFilterChain.java:292)                                                                  
        at org.apache.catalina.core.ApplicationFilterChain.doFilter(ApplicationFilterChain.java:207)                                                                                    
        at org.apache.tomcat.websocket.server.WsFilter.doFilter(WsFilter.java:52)                                                                                              
        at org.apache.catalina.core.ApplicationFilterChain.internalDoFilter(ApplicationFilterChain.java:240)                                                                
        at org.apache.catalina.core.ApplicationFilterChain.doFilter(ApplicationFilterChain.java:207)                                                                        
        at hudson.util.PluginServletFilter$1.doFilter(PluginServletFilter.java:154)                                                                                         
        at jenkins.security.ResourceDomainFilter.doFilter(ResourceDomainFilter.java:76)                                                                                     
        at hudson.util.PluginServletFilter$1.doFilter(PluginServletFilter.java:151)                                                                                         
        at jenkins.telemetry.impl.UserLanguages$AcceptLanguageFilter.doFilter(UserLanguages.java:128)                                                                       
        at hudson.util.PluginServletFilter$1.doFilter(PluginServletFilter.java:151)                                                                                         
        at hudson.util.PluginServletFilter.doFilter(PluginServletFilter.java:157)                                                                                           
        at org.apache.catalina.core.ApplicationFilterChain.internalDoFilter(ApplicationFilterChain.java:240)                                                                 
        at org.apache.catalina.core.ApplicationFilterChain.doFilter(ApplicationFilterChain.java:207)                                                                          
        at hudson.security.csrf.CrumbFilter.doFilter(CrumbFilter.java:159)                                                                                                     
        at org.apache.catalina.core.ApplicationFilterChain.internalDoFilter(ApplicationFilterChain.java:240)                                                                   
        at org.apache.catalina.core.ApplicationFilterChain.doFilter(ApplicationFilterChain.java:207)                                                                           
        at hudson.security.ChainedServletFilter$1.doFilter(ChainedServletFilter.java:84)                                                                                          
        at hudson.security.UnwrapSecurityExceptionFilter.doFilter(UnwrapSecurityExceptionFilter.java:51)                                                                        
        at hudson.security.ChainedServletFilter$1.doFilter(ChainedServletFilter.java:87)                                                                                          
        at jenkins.security.ExceptionTranslationFilter.doFilter(ExceptionTranslationFilter.java:119)                                                                              
        at hudson.security.ChainedServletFilter$1.doFilter(ChainedServletFilter.java:87)                                                                                             
        at org.acegisecurity.providers.anonymous.AnonymousProcessingFilter.doFilter(AnonymousProcessingFilter.java:125)                                                           
        at hudson.security.ChainedServletFilter$1.doFilter(ChainedServletFilter.java:87)                                                                                             
        at org.acegisecurity.ui.rememberme.RememberMeProcessingFilter.doFilter(RememberMeProcessingFilter.java:142)                                                                  
        at hudson.security.ChainedServletFilter$1.doFilter(ChainedServletFilter.java:87)                                                                                               
        at org.acegisecurity.ui.AbstractProcessingFilter.doFilter(AbstractProcessingFilter.java:271)                                                                                 
        at hudson.security.ChainedServletFilter$1.doFilter(ChainedServletFilter.java:87)                                                                                               
        at jenkins.security.BasicHeaderProcessor.doFilter(BasicHeaderProcessor.java:93)                                                                                                
        at hudson.security.ChainedServletFilter$1.doFilter(ChainedServletFilter.java:87)                                                                                                
        at org.acegisecurity.context.HttpSessionContextIntegrationFilter.doFilter(HttpSessionContextIntegrationFilter.java:249)                                                        
        at hudson.security.HttpSessionContextIntegrationFilter2.doFilter(HttpSessionContextIntegrationFilter2.java:67)                                                                    
        at hudson.security.ChainedServletFilter$1.doFilter(ChainedServletFilter.java:87)                                                                                                
        at hudson.security.ChainedServletFilter.doFilter(ChainedServletFilter.java:90)                                                                                                    
        at hudson.security.HudsonFilter.doFilter(HudsonFilter.java:171)                                                                                                                   
        at org.apache.catalina.core.ApplicationFilterChain.internalDoFilter(ApplicationFilterChain.java:240)                                                                               
        at org.apache.catalina.core.ApplicationFilterChain.doFilter(ApplicationFilterChain.java:207)                                                                                      
        at org.kohsuke.stapler.compression.CompressionFilter.doFilter(CompressionFilter.java:49)                                                                                           
        at org.apache.catalina.core.ApplicationFilterChain.internalDoFilter(ApplicationFilterChain.java:240)                                                                                
        at org.apache.catalina.core.ApplicationFilterChain.doFilter(ApplicationFilterChain.java:207)                                                                                         
        at hudson.util.CharacterEncodingFilter.doFilter(CharacterEncodingFilter.java:82)                                                                                                       
        at org.apache.catalina.core.ApplicationFilterChain.internalDoFilter(ApplicationFilterChain.java:240)                                                                                     
        at org.apache.catalina.core.ApplicationFilterChain.doFilter(ApplicationFilterChain.java:207)                                                                                            
        at org.kohsuke.stapler.DiagnosticThreadNameFilter.doFilter(DiagnosticThreadNameFilter.java:30)                                                                                           
        at org.apache.catalina.core.ApplicationFilterChain.internalDoFilter(ApplicationFilterChain.java:240)                                                                                                 
        at org.apache.catalina.core.ApplicationFilterChain.doFilter(ApplicationFilterChain.java:207)                                                                                               
        at jenkins.security.SuspiciousRequestFilter.doFilter(SuspiciousRequestFilter.java:36)                                                                                                       
        at org.apache.catalina.core.ApplicationFilterChain.internalDoFilter(ApplicationFilterChain.java:240)                                                                                           
        at org.apache.catalina.core.ApplicationFilterChain.doFilter(ApplicationFilterChain.java:207)                                                                                                
        at org.apache.catalina.core.StandardWrapperValve.invoke(StandardWrapperValve.java:213)                                                                                                        
        at org.apache.catalina.core.StandardContextValve.invoke(StandardContextValve.java:106)                                                                                                         
        at org.apache.catalina.authenticator.AuthenticatorBase.invoke(AuthenticatorBase.java:606)                                                                                                     
        at org.apache.catalina.core.StandardHostValve.invoke(StandardHostValve.java:141)                                                                                                                
        at org.apache.catalina.valves.ErrorReportValve.invoke(ErrorReportValve.java:79)                                                                                                                
        at org.apache.catalina.valves.AbstractAccessLogValve.invoke(AbstractAccessLogValve.java:616)                                                                                                     
        at org.apache.catalina.valves.RemoteIpValve.invoke(RemoteIpValve.java:676)                                                                                                                      
        at org.apache.catalina.core.StandardEngineValve.invoke(StandardEngineValve.java:88)                                                                                                              
        at org.apache.catalina.connector.CoyoteAdapter.service(CoyoteAdapter.java:522)                                                                                                                   
        at org.apache.coyote.http11.AbstractHttp11Processor.process(AbstractHttp11Processor.java:1095)                                                                                                   
        at org.apache.coyote.AbstractProtocol$AbstractConnectionHandler.process(AbstractProtocol.java:672)                                                                                                
        at org.apache.tomcat.util.net.NioEndpoint$SocketProcessor.doRun(NioEndpoint.java:1520)                                                                                                               
        at org.apache.tomcat.util.net.NioEndpoint$SocketProcessor.run(NioEndpoint.java:1476)                                                                                                               
        at java.util.concurrent.ThreadPoolExecutor.runWorker(ThreadPoolExecutor.java:1149)                                                                                                                   
        at java.util.concurrent.ThreadPoolExecutor$Worker.run(ThreadPoolExecutor.java:624)                                                                                                                   
        at org.apache.tomcat.util.threads.TaskThread$WrappingRunnable.run(TaskThread.java:61)                                                                                                                 
        at java.lang.Thread.run(Thread.java:748)                                                                                                                                                                
                                                               
