#
# A fatal error has been detected by the Java Runtime Environment:
#
#  EXCEPTION_ACCESS_VIOLATION (0xc0000005) at pc=0x770edf65, pid=5960, tid=5020
#
# JRE version: 6.0_26-b03
# Java VM: Java HotSpot(TM) Client VM (20.1-b02 mixed mode windows-x86 )
# Problematic frame:
# C  [ntdll.dll+0x2df65]
#
# If you would like to submit a bug report, please visit:
#   http://java.sun.com/webapps/bugreport/crash.jsp
# The crash happened outside the Java Virtual Machine in native code.
# See problematic frame for where to report the bug.
#

---------------  T H R E A D  ---------------

Current thread (0x18561800):  JavaThread "NullIdDescriptorMonitor.verifyId" daemon [_thread_in_native, id=5020, stack(0x19050000,0x190a0000)]

siginfo: ExceptionCode=0xc0000005, writing address 0x17c6f000

Registers:
EAX=0x00000000, EBX=0x1909e838, ECX=0x00000064, EDX=0x00000000
ESP=0x1909e760, EBP=0x1909e80c, ESI=0x00000000, EDI=0x17c6f000
EIP=0x770edf65, EFLAGS=0x00010206

Top of Stack: (sp=0x1909e760)
0x1909e760:   1909e830 770fa48d 17c6e990 00000000
0x1909e770:   00000800 77a317e8 17c6e990 1909e870
0x1909e780:   00000800 00000000 00000080 00000000
0x1909e790:   8b00008b 0000000f 0020001e 0057e8a0
0x1909e7a0:   00000002 00000050 17c6e990 0000001e
0x1909e7b0:   0057e89b 00000000 771c0440 0057e8a0
0x1909e7c0:   01000003 08000000 17c6e990 1909e7ec
0x1909e7d0:   77100f14 0057e8a0 00534b24 0000001e 

Instructions: (pc=0x770edf65)
0x770edf45:   83 c7 01 83 e9 01 75 f6 8b c8 c1 e0 08 03 c1 8b
0x770edf55:   c8 c1 e0 10 03 c1 8b ca 83 e2 03 c1 e9 02 74 06
0x770edf65:   f3 ab 85 d2 74 0a 88 07 83 c7 01 83 ea 01 75 f6
0x770edf75:   8b 44 24 08 5f c3 8b 44 24 04 c3 90 90 90 90 90 


Register to memory mapping:

EAX=0x00000000 is an unknown value
EBX=0x1909e838 is pointing into the stack for thread: 0x18561800
ECX=0x00000064 is an unknown value
EDX=0x00000000 is an unknown value
ESP=0x1909e760 is pointing into the stack for thread: 0x18561800
EBP=0x1909e80c is pointing into the stack for thread: 0x18561800
ESI=0x00000000 is an unknown value
EDI=0x17c6f000 is an unknown value


Stack: [0x19050000,0x190a0000],  sp=0x1909e760,  free space=313k
Native frames: (J=compiled Java code, j=interpreted, Vv=VM code, C=native code)
C  [ntdll.dll+0x2df65]
C  [ntdll.dll+0x3ad50]
C  [ntdll.dll+0x5b403]
C  [kernel32.dll+0x2cb60]
C  [kernel32.dll+0x2d4ee]
C  [jna4988973088283334698.dll+0xcb67]
C  [jna4988973088283334698.dll+0xc782]
C  [jna4988973088283334698.dll+0x44ae]
C  [jna4988973088283334698.dll+0x4d0e]
j  com.sun.jna.Native.invokeInt(JI[Ljava/lang/Object;)I+0
j  com.sun.jna.Function.invoke([Ljava/lang/Object;Ljava/lang/Class;Z)Ljava/lang/Object;+333
j  com.sun.jna.Function.invoke(Ljava/lang/Class;[Ljava/lang/Object;Ljava/util/Map;)Ljava/lang/Object;+214
j  com.sun.jna.Library$Handler.invoke(Ljava/lang/Object;Ljava/lang/reflect/Method;[Ljava/lang/Object;)Ljava/lang/Object;+341
j  $Proxy31.GetTempPathW(ILcom/sun/jna/Pointer;)I+23
j  hudson.util.jna.Kernel32Utils.getTempDir()Ljava/io/File;+18
j  jenkins.diagnosis.HsErrPidList.<init>()V+55
v  ~StubRoutines::call_stub
V  [jvm.dll+0xfae4b]
V  [jvm.dll+0x18c531]
V  [jvm.dll+0xfaecd]
V  [jvm.dll+0x105043]
V  [jvm.dll+0x105aaa]
V  [jvm.dll+0xb7286]
C  [java.dll+0x7171]
j  sun.reflect.NativeConstructorAccessorImpl.newInstance([Ljava/lang/Object;)Ljava/lang/Object;+72
J  sun.reflect.DelegatingConstructorAccessorImpl.newInstance([Ljava/lang/Object;)Ljava/lang/Object;
j  com.google.inject.internal.ConstructorInjector.provision(Lcom/google/inject/internal/Errors;Lcom/google/inject/internal/InternalContext;Lcom/google/inject/internal/ConstructionContext;)Ljava/lang/Object;+17
j  com.google.inject.internal.ConstructorInjector.construct(Lcom/google/inject/internal/Errors;Lcom/google/inject/internal/InternalContext;Ljava/lang/Class;ZLcom/google/inject/internal/ProvisionListenerStackCallback;)Ljava/lang/Object;+70
j  com.google.inject.internal.ConstructorBindingImpl$Factory.get(Lcom/google/inject/internal/Errors;Lcom/google/inject/internal/InternalContext;Lcom/google/inject/spi/Dependency;Z)Ljava/lang/Object;+65
j  com.google.inject.internal.ProviderToInternalFactoryAdapter$1.call(Lcom/google/inject/internal/InternalContext;)Ljava/lang/Object;+19
j  com.google.inject.internal.InjectorImpl.callInContext(Lcom/google/inject/internal/ContextualCallable;)Ljava/lang/Object;+62
j  com.google.inject.internal.ProviderToInternalFactoryAdapter.get()Ljava/lang/Object;+21
j  com.google.inject.Scopes$1$1.get()Ljava/lang/Object;+23
j  hudson.ExtensionFinder$GuiceFinder$FaultTolerantScope$1.get()Ljava/lang/Object;+4
j  com.google.inject.internal.InternalFactoryToProviderAdapter.get(Lcom/google/inject/internal/Errors;Lcom/google/inject/internal/InternalContext;Lcom/google/inject/spi/Dependency;Z)Ljava/lang/Object;+5
j  com.google.inject.internal.InjectorImpl$3$1.call(Lcom/google/inject/internal/InternalContext;)Ljava/lang/Object;+45
j  com.google.inject.internal.InjectorImpl.callInContext(Lcom/google/inject/internal/ContextualCallable;)Ljava/lang/Object;+34
j  com.google.inject.internal.InjectorImpl$3.get()Ljava/lang/Object;+25
j  hudson.ExtensionFinder$GuiceFinder._find(Ljava/lang/Class;Ljava/util/List;Lcom/google/inject/Injector;)V+99
j  hudson.ExtensionFinder$GuiceFinder.find(Ljava/lang/Class;Lhudson/model/Hudson;)Ljava/util/Collection;+24
j  hudson.ExtensionFinder._find(Ljava/lang/Class;Lhudson/model/Hudson;)Ljava/util/Collection;+3
j  hudson.ClassicPluginStrategy.findComponents(Ljava/lang/Class;Lhudson/model/Hudson;)Ljava/util/List;+157
j  hudson.ExtensionList.load()Ljava/util/List;+68
j  hudson.ExtensionList.ensureLoaded()Ljava/util/List;+47
j  hudson.ExtensionList.iterator()Ljava/util/Iterator;+6
j  hudson.ExtensionList.get(Ljava/lang/Class;)Ljava/lang/Object;+1
j  hudson.diagnosis.NullIdDescriptorMonitor.verifyId()V+6
v  ~StubRoutines::call_stub
V  [jvm.dll+0xfae4b]
V  [jvm.dll+0x18c531]
V  [jvm.dll+0xfaecd]
V  [jvm.dll+0x105043]
V  [jvm.dll+0x105986]
V  [jvm.dll+0xb710e]
C  [java.dll+0x715d]
j  sun.reflect.NativeMethodAccessorImpl.invoke(Ljava/lang/Object;[Ljava/lang/Object;)Ljava/lang/Object;+87
J  sun.reflect.DelegatingMethodAccessorImpl.invoke(Ljava/lang/Object;[Ljava/lang/Object;)Ljava/lang/Object;
j  hudson.init.TaskMethodFinder$TaskImpl.run(Lorg/jvnet/hudson/reactor/Reactor;)V+8
j  org.jvnet.hudson.reactor.Reactor.runTask(Lorg/jvnet/hudson/reactor/Task;)V+2
j  jenkins.model.Jenkins$7.runTask(Lorg/jvnet/hudson/reactor/Task;)V+59
j  org.jvnet.hudson.reactor.Reactor$2.run()V+24
j  org.jvnet.hudson.reactor.Reactor$Node.run()V+4
j  java.util.concurrent.ThreadPoolExecutor$Worker.runTask(Ljava/lang/Runnable;)V+59
j  java.util.concurrent.ThreadPoolExecutor$Worker.run()V+28
j  java.lang.Thread.run()V+11
v  ~StubRoutines::call_stub
V  [jvm.dll+0xfae4b]
V  [jvm.dll+0x18c531]
V  [jvm.dll+0xfaff1]
V  [jvm.dll+0xfb04b]
V  [jvm.dll+0xb56b9]
V  [jvm.dll+0x1190d4]
V  [jvm.dll+0x1411ac]
C  [msvcr71.dll+0x9565]
C  [kernel32.dll+0x133ca]
C  [ntdll.dll+0x39ed2]
C  [ntdll.dll+0x39ea5]

Java frames: (J=compiled Java code, j=interpreted, Vv=VM code)
j  com.sun.jna.Native.invokeInt(JI[Ljava/lang/Object;)I+0
j  com.sun.jna.Function.invoke([Ljava/lang/Object;Ljava/lang/Class;Z)Ljava/lang/Object;+333
j  com.sun.jna.Function.invoke(Ljava/lang/Class;[Ljava/lang/Object;Ljava/util/Map;)Ljava/lang/Object;+214
j  com.sun.jna.Library$Handler.invoke(Ljava/lang/Object;Ljava/lang/reflect/Method;[Ljava/lang/Object;)Ljava/lang/Object;+341
j  $Proxy31.GetTempPathW(ILcom/sun/jna/Pointer;)I+23
j  hudson.util.jna.Kernel32Utils.getTempDir()Ljava/io/File;+18
j  jenkins.diagnosis.HsErrPidList.<init>()V+55
v  ~StubRoutines::call_stub
j  sun.reflect.NativeConstructorAccessorImpl.newInstance0(Ljava/lang/reflect/Constructor;[Ljava/lang/Object;)Ljava/lang/Object;+0
j  sun.reflect.NativeConstructorAccessorImpl.newInstance([Ljava/lang/Object;)Ljava/lang/Object;+72
J  sun.reflect.DelegatingConstructorAccessorImpl.newInstance([Ljava/lang/Object;)Ljava/lang/Object;
J  java.lang.reflect.Constructor.newInstance([Ljava/lang/Object;)Ljava/lang/Object;
j  com.google.inject.internal.DefaultConstructionProxyFactory$1.newInstance([Ljava/lang/Object;)Ljava/lang/Object;+5
j  com.google.inject.internal.ConstructorInjector.provision(Lcom/google/inject/internal/Errors;Lcom/google/inject/internal/InternalContext;Lcom/google/inject/internal/ConstructionContext;)Ljava/lang/Object;+17
j  com.google.inject.internal.ConstructorInjector.construct(Lcom/google/inject/internal/Errors;Lcom/google/inject/internal/InternalContext;Ljava/lang/Class;ZLcom/google/inject/internal/ProvisionListenerStackCallback;)Ljava/lang/Object;+70
j  com.google.inject.internal.ConstructorBindingImpl$Factory.get(Lcom/google/inject/internal/Errors;Lcom/google/inject/internal/InternalContext;Lcom/google/inject/spi/Dependency;Z)Ljava/lang/Object;+65
j  com.google.inject.internal.ProviderToInternalFactoryAdapter$1.call(Lcom/google/inject/internal/InternalContext;)Ljava/lang/Object;+19
j  com.google.inject.internal.InjectorImpl.callInContext(Lcom/google/inject/internal/ContextualCallable;)Ljava/lang/Object;+62
j  com.google.inject.internal.ProviderToInternalFactoryAdapter.get()Ljava/lang/Object;+21
j  com.google.inject.Scopes$1$1.get()Ljava/lang/Object;+23
j  hudson.ExtensionFinder$GuiceFinder$FaultTolerantScope$1.get()Ljava/lang/Object;+4
j  com.google.inject.internal.InternalFactoryToProviderAdapter.get(Lcom/google/inject/internal/Errors;Lcom/google/inject/internal/InternalContext;Lcom/google/inject/spi/Dependency;Z)Ljava/lang/Object;+5
j  com.google.inject.internal.InjectorImpl$3$1.call(Lcom/google/inject/internal/InternalContext;)Ljava/lang/Object;+45
j  com.google.inject.internal.InjectorImpl.callInContext(Lcom/google/inject/internal/ContextualCallable;)Ljava/lang/Object;+34
j  com.google.inject.internal.InjectorImpl$3.get()Ljava/lang/Object;+25
j  hudson.ExtensionFinder$GuiceFinder._find(Ljava/lang/Class;Ljava/util/List;Lcom/google/inject/Injector;)V+99
j  hudson.ExtensionFinder$GuiceFinder.find(Ljava/lang/Class;Lhudson/model/Hudson;)Ljava/util/Collection;+24
j  hudson.ExtensionFinder._find(Ljava/lang/Class;Lhudson/model/Hudson;)Ljava/util/Collection;+3
j  hudson.ClassicPluginStrategy.findComponents(Ljava/lang/Class;Lhudson/model/Hudson;)Ljava/util/List;+157
j  hudson.ExtensionList.load()Ljava/util/List;+68
j  hudson.ExtensionList.ensureLoaded()Ljava/util/List;+47
j  hudson.ExtensionList.iterator()Ljava/util/Iterator;+6
j  hudson.ExtensionList.get(Ljava/lang/Class;)Ljava/lang/Object;+1
j  hudson.diagnosis.NullIdDescriptorMonitor.verifyId()V+6
v  ~StubRoutines::call_stub
j  sun.reflect.NativeMethodAccessorImpl.invoke0(Ljava/lang/reflect/Method;Ljava/lang/Object;[Ljava/lang/Object;)Ljava/lang/Object;+0
j  sun.reflect.NativeMethodAccessorImpl.invoke(Ljava/lang/Object;[Ljava/lang/Object;)Ljava/lang/Object;+87
J  sun.reflect.DelegatingMethodAccessorImpl.invoke(Ljava/lang/Object;[Ljava/lang/Object;)Ljava/lang/Object;
J  java.lang.reflect.Method.invoke(Ljava/lang/Object;[Ljava/lang/Object;)Ljava/lang/Object;
j  hudson.init.TaskMethodFinder.invoke(Ljava/lang/reflect/Method;)V+42
j  hudson.init.TaskMethodFinder$TaskImpl.run(Lorg/jvnet/hudson/reactor/Reactor;)V+8
j  org.jvnet.hudson.reactor.Reactor.runTask(Lorg/jvnet/hudson/reactor/Task;)V+2
j  jenkins.model.Jenkins$7.runTask(Lorg/jvnet/hudson/reactor/Task;)V+59
j  org.jvnet.hudson.reactor.Reactor$2.run()V+24
j  org.jvnet.hudson.reactor.Reactor$Node.run()V+4
j  java.util.concurrent.ThreadPoolExecutor$Worker.runTask(Ljava/lang/Runnable;)V+59
j  java.util.concurrent.ThreadPoolExecutor$Worker.run()V+28
j  java.lang.Thread.run()V+11
v  ~StubRoutines::call_stub

---------------  P R O C E S S  ---------------

Java Threads: ( => current thread )
  0x18563c00 JavaThread "ViewJob reload thread" daemon [_thread_blocked, id=2408, stack(0x1a480000,0x1a4d0000)]
  0x18563800 JavaThread "RequestHandlerThread[#5]" daemon [_thread_blocked, id=5848, stack(0x19420000,0x19470000)]
  0x18563000 JavaThread "RequestHandlerThread[#4]" daemon [_thread_blocked, id=4928, stack(0x19290000,0x192e0000)]
  0x18562c00 JavaThread "Loading job Scan Engine 2011 - FXP Read Script" daemon [_thread_blocked, id=4420, stack(0x19200000,0x19250000)]
  0x18562400 JavaThread "Loading job BK Precision GPIB Custom Device" daemon [_thread_blocked, id=5592, stack(0x19170000,0x191c0000)]
  0x18562000 JavaThread "Loading job DAQ Plugin Scaled Voltage" daemon [_thread_in_Java, id=4384, stack(0x190e0000,0x19130000)]
=>0x18561800 JavaThread "NullIdDescriptorMonitor.verifyId" daemon [_thread_in_native, id=5020, stack(0x19050000,0x190a0000)]
  0x186d7800 JavaThread "UpdateCenter.init" daemon [_thread_blocked, id=4568, stack(0x18fc0000,0x19010000)]
  0x186d8000 JavaThread "Loading job Scan Engine 2013 - Custom Device Configuration Build" daemon [_thread_in_Java, id=2416, stack(0x18f30000,0x18f80000)]
  0x186da000 JavaThread "Loading job TimeSync XNET Custom Device" daemon [_thread_in_Java, id=5648, stack(0x18e60000,0x18eb0000)]
  0x186c6c00 JavaThread "Loading job PXImc Custom Device" daemon [_thread_in_Java, id=2812, stack(0x18dd0000,0x18e20000)]
  0x18618000 JavaThread "RequestHandlerThread[#3]" daemon [_thread_blocked, id=5016, stack(0x18d40000,0x18d90000)]
  0x186a7000 JavaThread "Jenkins cron thread" [_thread_blocked, id=4784, stack(0x18c90000,0x18ce0000)]
  0x00799400 JavaThread "DestroyJavaVM" [_thread_blocked, id=5840, stack(0x003a0000,0x003f0000)]
  0x183bf400 JavaThread "LauncherControlThread[ControlPort=-1]" [_thread_blocked, id=1896, stack(0x18c00000,0x18c50000)]
  0x1780a400 JavaThread "RequestHandlerThread[#2] Acceptor0 SelectChannelConnector@0.0.0.0:8080" daemon [_thread_in_native, id=4248, stack(0x17f20000,0x17f70000)]
  0x18652000 JavaThread "RequestHandlerThread[#1] Selector0" daemon [_thread_in_native, id=6012, stack(0x17e90000,0x17ee0000)]
  0x183bdc00 JavaThread "Jenkins initialization thread" [_thread_blocked, id=4032, stack(0x17da0000,0x17df0000)]
  0x177a9000 JavaThread "Java2D Disposer" daemon [_thread_blocked, id=6020, stack(0x17d50000,0x17da0000)]
  0x184dd000 JavaThread "HashSessionScavenger-0" daemon [_thread_blocked, id=4308, stack(0x17ad0000,0x17b20000)]
  0x006fec00 JavaThread "Low Memory Detector" daemon [_thread_blocked, id=6128, stack(0x175f0000,0x17640000)]
  0x006f8800 JavaThread "C1 CompilerThread0" daemon [_thread_blocked, id=1332, stack(0x17560000,0x175b0000)]
  0x006f7800 JavaThread "Attach Listener" daemon [_thread_blocked, id=796, stack(0x174d0000,0x17520000)]
  0x006ca400 JavaThread "Finalizer" daemon [_thread_blocked, id=5804, stack(0x17440000,0x17490000)]
  0x006c8c00 JavaThread "Reference Handler" daemon [_thread_blocked, id=4524, stack(0x173b0000,0x17400000)]

Other Threads:
  0x006c4400 VMThread [stack: 0x17320000,0x17370000] [id=2868]
  0x00709400 WatcherThread [stack: 0x17680000,0x176d0000] [id=364]

VM state:not at safepoint (normal execution)

VM Mutex/Monitor currently owned by a thread: None

Heap
 def new generation   total 5632K, used 4050K [0x03270000, 0x03880000, 0x087c0000)
  eden space 5056K,  68% used [0x03270000, 0x035d48a0, 0x03760000)
  from space 576K, 100% used [0x037f0000, 0x03880000, 0x03880000)
  to   space 576K,   0% used [0x03760000, 0x03760000, 0x037f0000)
 tenured generation   total 12292K, used 11152K [0x087c0000, 0x093c1000, 0x13270000)
   the space 12292K,  90% used [0x087c0000, 0x092a4118, 0x092a4200, 0x093c1000)
 compacting perm gen  total 24576K, used 24494K [0x13270000, 0x14a70000, 0x17270000)
   the space 24576K,  99% used [0x13270000, 0x14a5bb30, 0x14a5bc00, 0x14a70000)
No shared spaces configured.

Code Cache  [0x011f0000, 0x014b8000, 0x031f0000)
 total_blobs=1597 nmethods=1405 adapters=127 free_code_cache=30665664 largest_free_block=384

Dynamic libraries:
0x00400000 - 0x00424000 	C:\Program Files (x86)\Jenkins\jre\bin\java.exe
0x770c0000 - 0x77240000 	C:\Windows\SysWOW64\ntdll.dll
0x764d0000 - 0x765e0000 	C:\Windows\syswow64\kernel32.dll
0x75f60000 - 0x75fa6000 	C:\Windows\syswow64\KERNELBASE.dll
0x768f0000 - 0x76990000 	C:\Windows\syswow64\ADVAPI32.dll
0x75fb0000 - 0x7605c000 	C:\Windows\syswow64\msvcrt.dll
0x76840000 - 0x76859000 	C:\Windows\SysWOW64\sechost.dll
0x75cd0000 - 0x75dc0000 	C:\Windows\syswow64\RPCRT4.dll
0x74c20000 - 0x74c80000 	C:\Windows\syswow64\SspiCli.dll
0x74c10000 - 0x74c1c000 	C:\Windows\syswow64\CRYPTBASE.dll
0x7c340000 - 0x7c396000 	C:\Program Files (x86)\Jenkins\jre\bin\msvcr71.dll
0x6d7f0000 - 0x6da9f000 	C:\Program Files (x86)\Jenkins\jre\bin\client\jvm.dll
0x759d0000 - 0x75ad0000 	C:\Windows\syswow64\USER32.dll
0x76860000 - 0x768f0000 	C:\Windows\syswow64\GDI32.dll
0x76290000 - 0x7629a000 	C:\Windows\syswow64\LPK.dll
0x74c80000 - 0x74d1d000 	C:\Windows\syswow64\USP10.dll
0x734a0000 - 0x734d2000 	C:\Windows\system32\WINMM.dll
0x76470000 - 0x764d0000 	C:\Windows\system32\IMM32.DLL
0x76bf0000 - 0x76cbc000 	C:\Windows\syswow64\MSCTF.dll
0x71dc0000 - 0x71e0c000 	C:\Windows\system32\apphelp.dll
0x6d7a0000 - 0x6d7ac000 	C:\Program Files (x86)\Jenkins\jre\bin\verify.dll
0x6d320000 - 0x6d33f000 	C:\Program Files (x86)\Jenkins\jre\bin\java.dll
0x762a0000 - 0x762a5000 	C:\Windows\system32\PSAPI.DLL
0x6d7e0000 - 0x6d7ef000 	C:\Program Files (x86)\Jenkins\jre\bin\zip.dll
0x74d80000 - 0x759ca000 	C:\Windows\system32\SHELL32.DLL
0x74d20000 - 0x74d77000 	C:\Windows\syswow64\SHLWAPI.dll
0x766b0000 - 0x7680c000 	C:\Windows\syswow64\ole32.dll
0x73080000 - 0x73096000 	C:\Windows\system32\CRYPTSP.dll
0x73040000 - 0x7307b000 	C:\Windows\system32\rsaenh.dll
0x73030000 - 0x7303b000 	C:\Windows\system32\profapi.dll
0x6d600000 - 0x6d613000 	C:\Program Files (x86)\Jenkins\jre\bin\net.dll
0x76250000 - 0x76285000 	C:\Windows\syswow64\WS2_32.dll
0x762c0000 - 0x762c6000 	C:\Windows\syswow64\NSI.dll
0x73550000 - 0x7358c000 	C:\Windows\system32\mswsock.dll
0x72f90000 - 0x72f96000 	C:\Windows\System32\wship6.dll
0x735c0000 - 0x735d0000 	C:\Windows\system32\NLAapi.dll
0x735b0000 - 0x735c0000 	C:\Windows\system32\napinsp.dll
0x73590000 - 0x735a2000 	C:\Windows\system32\pnrpnsp.dll
0x73500000 - 0x73544000 	C:\Windows\system32\DNSAPI.dll
0x734f0000 - 0x734f8000 	C:\Windows\System32\winrnr.dll
0x734e0000 - 0x734ed000 	C:\Windows\system32\wshbth.dll
0x63560000 - 0x63568000 	C:\Program Files (x86)\National Instruments\Shared\mDNS Responder\nimdnsNSP.dll
0x63550000 - 0x6355b000 	C:\Windows\system32\nimdnsResponder.dll
0x735e0000 - 0x73683000 	C:\Windows\WinSxS\x86_microsoft.vc90.crt_1fc8b3b9a1e18e3b_9.0.30729.6161_none_50934f2ebcb7eb57\MSVCR90.dll
0x73480000 - 0x7349c000 	C:\Windows\system32\Iphlpapi.DLL
0x73420000 - 0x73427000 	C:\Windows\system32\WINNSI.DLL
0x732a0000 - 0x732a5000 	C:\Windows\System32\wshtcpip.dll
0x733d0000 - 0x733d6000 	C:\Windows\system32\rasadhlp.dll
0x733e0000 - 0x73418000 	C:\Windows\System32\fwpuclnt.dll
0x6d780000 - 0x6d788000 	C:\Program Files (x86)\Jenkins\jre\bin\sunmscapi.dll
0x76ad0000 - 0x76bed000 	C:\Windows\syswow64\CRYPT32.dll
0x77090000 - 0x7709c000 	C:\Windows\syswow64\MSASN1.dll
0x6d000000 - 0x6d14b000 	C:\Program Files (x86)\Jenkins\jre\bin\awt.dll
0x72d20000 - 0x72d71000 	C:\Windows\system32\WINSPOOL.DRV
0x728a0000 - 0x72a3e000 	C:\Windows\WinSxS\x86_microsoft.windows.common-controls_6595b64144ccf1df_6.0.7601.17514_none_41e6975e2bd6f2b2\COMCTL32.dll
0x72d80000 - 0x72e04000 	C:\Windows\WinSxS\x86_microsoft.windows.common-controls_6595b64144ccf1df_5.82.7601.17514_none_ec83dffa859149af\comctl32.dll
0x6d230000 - 0x6d27f000 	C:\Program Files (x86)\Jenkins\jre\bin\fontmanager.dll
0x72b30000 - 0x72b43000 	C:\Windows\system32\DWMAPI.DLL
0x6d620000 - 0x6d629000 	C:\Program Files (x86)\Jenkins\jre\bin\nio.dll
0x1a4d0000 - 0x1a525000 	C:\Windows\Temp\jna\jna4988973088283334698.dll

VM Arguments:
jvm_args: -Xrs -Xmx256m -Dhudson.lifecycle=hudson.lifecycle.WindowsServiceLifecycle 
java_command: C:\Program Files (x86)\Jenkins\jenkins.war --httpPort=8080
Launcher Type: SUN_STANDARD

Environment Variables:
PATH=C:\Windows\system32;C:\Windows;C:\Windows\System32\Wbem;C:\Windows\System32\WindowsPowerShell\v1.0\;C:\Program Files\IVI Foundation\VISA\Win64\Bin\;C:\Program Files (x86)\IVI Foundation\VISA\WinNT\Bin\;C:\Program Files (x86)\IVI Foundation\VISA\WinNT\Bin;C:\Program Files (x86)\IVI Foundation\IVI\bin;C:\Program Files\IVI Foundation\IVI\bin;C:\Program Files\TortoiseSVN\bin;C:\Program Files\TortoiseHg\;C:\Program Files (x86)\PXISA\PXIMC\;C:\Program Files\PXISA\PXIMC\;
USERNAME=HIL-AUTOBUILD$
OS=Windows_NT
PROCESSOR_IDENTIFIER=Intel64 Family 6 Model 42 Stepping 7, GenuineIntel



---------------  S Y S T E M  ---------------

OS: Windows 7 Build 7601 Service Pack 1

CPU:total 4 (4 cores per cpu, 1 threads per core) family 6 model 42 stepping 7, cmov, cx8, fxsr, mmx, sse, sse2, sse3, ssse3, sse4.1, sse4.2, popcnt

Memory: 4k page, physical 4193784k(2490104k free), swap 8385724k(6675364k free)

vm_info: Java HotSpot(TM) Client VM (20.1-b02) for windows-x86 JRE (1.6.0_26-b03), built on May  4 2011 00:50:59 by "java_re" with MS VC++ 7.1 (VS2003)

time: Mon Nov 25 15:46:57 2013
elapsed time: 17 seconds

