Jan 14, 2010 11:37:56 PM org.apache.catalina.startup.Catalina start
INFO: Server startup in 161504 ms
Jan 14, 2010 11:38:00 PM hudson.model.Hudson$4 onAttained
INFO: Listed all plugins
Jan 14, 2010 11:38:00 PM hudson.model.Hudson$4 onTaskFailed
SEVERE: Failed Loading plugin checkstyle
java.io.IOException: Dependency analysis-core (1.0) doesn't exist
	at hudson.ClassicPluginStrategy.loadPluginDependencies(ClassicPluginStrategy.java:373)
	at hudson.ClassicPluginStrategy.load(ClassicPluginStrategy.java:238)
	at hudson.PluginManager$1$3$2$1.run(PluginManager.java:202)
	at org.jvnet.hudson.reactor.TaskGraphBuilder$TaskImpl.run(TaskGraphBuilder.java:146)
	at org.jvnet.hudson.reactor.Reactor.runTask(Reactor.java:259)
	at hudson.model.Hudson$3.runTask(Hudson.java:648)
	at org.jvnet.hudson.reactor.Reactor$2.run(Reactor.java:187)
	at org.jvnet.hudson.reactor.Reactor$Node.run(Reactor.java:94)
	at java.util.concurrent.ThreadPoolExecutor$Worker.runTask(Unknown Source)
	at java.util.concurrent.ThreadPoolExecutor$Worker.run(Unknown Source)
	at java.lang.Thread.run(Unknown Source)
Jan 14, 2010 11:38:00 PM hudson.model.Hudson$4 onTaskFailed
SEVERE: Failed Loading plugin dry
java.io.IOException: Dependency analysis-core (1.0) doesn't exist
	at hudson.ClassicPluginStrategy.loadPluginDependencies(ClassicPluginStrategy.java:373)
	at hudson.ClassicPluginStrategy.load(ClassicPluginStrategy.java:238)
	at hudson.PluginManager$1$3$2$1.run(PluginManager.java:202)
	at org.jvnet.hudson.reactor.TaskGraphBuilder$TaskImpl.run(TaskGraphBuilder.java:146)
	at org.jvnet.hudson.reactor.Reactor.runTask(Reactor.java:259)
	at hudson.model.Hudson$3.runTask(Hudson.java:648)
	at org.jvnet.hudson.reactor.Reactor$2.run(Reactor.java:187)
	at org.jvnet.hudson.reactor.Reactor$Node.run(Reactor.java:94)
	at java.util.concurrent.ThreadPoolExecutor$Worker.runTask(Unknown Source)
	at java.util.concurrent.ThreadPoolExecutor$Worker.run(Unknown Source)
	at java.lang.Thread.run(Unknown Source)
Jan 14, 2010 11:38:02 PM hudson.model.Hudson$4 onTaskFailed
SEVERE: Failed Loading plugin findbugs
hudson.util.IOException2: Failed to initialize
	at hudson.ClassicPluginStrategy.load(ClassicPluginStrategy.java:279)
	at hudson.PluginManager$1$3$2$1.run(PluginManager.java:202)
	at org.jvnet.hudson.reactor.TaskGraphBuilder$TaskImpl.run(TaskGraphBuilder.java:146)
	at org.jvnet.hudson.reactor.Reactor.runTask(Reactor.java:259)
	at hudson.model.Hudson$3.runTask(Hudson.java:648)
	at org.jvnet.hudson.reactor.Reactor$2.run(Reactor.java:187)
	at org.jvnet.hudson.reactor.Reactor$Node.run(Reactor.java:94)
	at java.util.concurrent.ThreadPoolExecutor$Worker.runTask(Unknown Source)
	at java.util.concurrent.ThreadPoolExecutor$Worker.run(Unknown Source)
	at java.lang.Thread.run(Unknown Source)
Caused by: java.io.UnsupportedEncodingException: SJIS
	at sun.nio.cs.StreamDecoder.forInputStreamReader(Unknown Source)
	at java.io.InputStreamReader.<init>(Unknown Source)
	at com.sun.org.apache.xerces.internal.impl.XMLEntityScanner.createReader(Unknown Source)
	at com.sun.org.apache.xerces.internal.impl.XMLEntityScanner.setEncoding(Unknown Source)
	at com.sun.org.apache.xerces.internal.impl.XMLDocumentFragmentScannerImpl.scanXMLDeclOrTextDecl(Unknown Source)
	at com.sun.org.apache.xerces.internal.impl.XMLDocumentScannerImpl$XMLDeclDriver.next(Unknown Source)
	at com.sun.org.apache.xerces.internal.impl.XMLDocumentScannerImpl.next(Unknown Source)
	at com.sun.org.apache.xerces.internal.impl.XMLDocumentFragmentScannerImpl.scanDocument(Unknown Source)
	at com.sun.org.apache.xerces.internal.parsers.XML11Configuration.parse(Unknown Source)
	at com.sun.org.apache.xerces.internal.parsers.XML11Configuration.parse(Unknown Source)
	at com.sun.org.apache.xerces.internal.parsers.XMLParser.parse(Unknown Source)
	at com.sun.org.apache.xerces.internal.parsers.AbstractSAXParser.parse(Unknown Source)
	at com.sun.org.apache.xerces.internal.jaxp.SAXParserImpl$JAXPSAXParser.parse(Unknown Source)
	at org.apache.commons.digester.Digester.parse(Digester.java:1666)
	at hudson.plugins.findbugs.FindBugsMessages.parse(FindBugsMessages.java:107)
	at hudson.plugins.findbugs.FindBugsMessages.loadMessages(FindBugsMessages.java:77)
	at hudson.plugins.findbugs.FindBugsMessages.initialize(FindBugsMessages.java:57)
	at hudson.plugins.findbugs.FindBugsPlugin.start(FindBugsPlugin.java:15)
	at hudson.ClassicPluginStrategy.startPlugin(ClassicPluginStrategy.java:287)
	at hudson.ClassicPluginStrategy.load(ClassicPluginStrategy.java:276)
	... 9 more
Jan 14, 2010 11:38:02 PM hudson.model.Hudson$4 onTaskFailed
SEVERE: Failed Loading plugin pmd
java.io.IOException: Dependency analysis-core (1.1) doesn't exist
	at hudson.ClassicPluginStrategy.loadPluginDependencies(ClassicPluginStrategy.java:373)
	at hudson.ClassicPluginStrategy.load(ClassicPluginStrategy.java:238)
	at hudson.PluginManager$1$3$2$1.run(PluginManager.java:202)
	at org.jvnet.hudson.reactor.TaskGraphBuilder$TaskImpl.run(TaskGraphBuilder.java:146)
	at org.jvnet.hudson.reactor.Reactor.runTask(Reactor.java:259)
	at hudson.model.Hudson$3.runTask(Hudson.java:648)
	at org.jvnet.hudson.reactor.Reactor$2.run(Reactor.java:187)
	at org.jvnet.hudson.reactor.Reactor$Node.run(Reactor.java:94)
	at java.util.concurrent.ThreadPoolExecutor$Worker.runTask(Unknown Source)
	at java.util.concurrent.ThreadPoolExecutor$Worker.run(Unknown Source)
	at java.lang.Thread.run(Unknown Source)
Jan 14, 2010 11:38:03 PM hudson.model.Hudson$4 onTaskFailed
SEVERE: Failed Loading plugin tasks
java.io.IOException: Dependency analysis-core (1.0) doesn't exist
	at hudson.ClassicPluginStrategy.loadPluginDependencies(ClassicPluginStrategy.java:373)
	at hudson.ClassicPluginStrategy.load(ClassicPluginStrategy.java:238)
	at hudson.PluginManager$1$3$2$1.run(PluginManager.java:202)
	at org.jvnet.hudson.reactor.TaskGraphBuilder$TaskImpl.run(TaskGraphBuilder.java:146)
	at org.jvnet.hudson.reactor.Reactor.runTask(Reactor.java:259)
	at hudson.model.Hudson$3.runTask(Hudson.java:648)
	at org.jvnet.hudson.reactor.Reactor$2.run(Reactor.java:187)
	at org.jvnet.hudson.reactor.Reactor$Node.run(Reactor.java:94)
	at java.util.concurrent.ThreadPoolExecutor$Worker.runTask(Unknown Source)
	at java.util.concurrent.ThreadPoolExecutor$Worker.run(Unknown Source)
	at java.lang.Thread.run(Unknown Source)
Jan 14, 2010 11:38:03 PM hudson.model.Hudson$4 onTaskFailed
SEVERE: Failed Loading plugin warnings
java.io.IOException: Dependency analysis-core (1.0) doesn't exist
	at hudson.ClassicPluginStrategy.loadPluginDependencies(ClassicPluginStrategy.java:373)
	at hudson.ClassicPluginStrategy.load(ClassicPluginStrategy.java:238)
	at hudson.PluginManager$1$3$2$1.run(PluginManager.java:202)
	at org.jvnet.hudson.reactor.TaskGraphBuilder$TaskImpl.run(TaskGraphBuilder.java:146)
	at org.jvnet.hudson.reactor.Reactor.runTask(Reactor.java:259)
	at hudson.model.Hudson$3.runTask(Hudson.java:648)
	at org.jvnet.hudson.reactor.Reactor$2.run(Reactor.java:187)
	at org.jvnet.hudson.reactor.Reactor$Node.run(Reactor.java:94)
	at java.util.concurrent.ThreadPoolExecutor$Worker.runTask(Unknown Source)
	at java.util.concurrent.ThreadPoolExecutor$Worker.run(Unknown Source)
	at java.lang.Thread.run(Unknown Source)
Jan 14, 2010 11:38:03 PM hudson.model.Hudson$4 onAttained
INFO: Prepared all plugins
Jan 14, 2010 11:38:03 PM hudson.model.Hudson$4 onTaskFailed
SEVERE: Failed Initializing plugin checkstyle
java.lang.NullPointerException
	at hudson.PluginManager$1$3$2$2.run(PluginManager.java:218)
	at org.jvnet.hudson.reactor.TaskGraphBuilder$TaskImpl.run(TaskGraphBuilder.java:146)
	at org.jvnet.hudson.reactor.Reactor.runTask(Reactor.java:259)
	at hudson.model.Hudson$3.runTask(Hudson.java:648)
	at org.jvnet.hudson.reactor.Reactor$2.run(Reactor.java:187)
	at org.jvnet.hudson.reactor.Reactor$Node.run(Reactor.java:94)
	at java.util.concurrent.ThreadPoolExecutor$Worker.runTask(Unknown Source)
	at java.util.concurrent.ThreadPoolExecutor$Worker.run(Unknown Source)
	at java.lang.Thread.run(Unknown Source)
Jan 14, 2010 11:38:03 PM hudson.model.Hudson$4 onTaskFailed
SEVERE: Failed Initializing plugin dry
java.lang.NullPointerException
	at hudson.PluginManager$1$3$2$2.run(PluginManager.java:218)
	at org.jvnet.hudson.reactor.TaskGraphBuilder$TaskImpl.run(TaskGraphBuilder.java:146)
	at org.jvnet.hudson.reactor.Reactor.runTask(Reactor.java:259)
	at hudson.model.Hudson$3.runTask(Hudson.java:648)
	at org.jvnet.hudson.reactor.Reactor$2.run(Reactor.java:187)
	at org.jvnet.hudson.reactor.Reactor$Node.run(Reactor.java:94)
	at java.util.concurrent.ThreadPoolExecutor$Worker.runTask(Unknown Source)
	at java.util.concurrent.ThreadPoolExecutor$Worker.run(Unknown Source)
	at java.lang.Thread.run(Unknown Source)
Jan 14, 2010 11:38:03 PM hudson.model.Hudson$4 onTaskFailed
SEVERE: Failed Initializing plugin pmd
java.lang.NullPointerException
	at hudson.PluginManager$1$3$2$2.run(PluginManager.java:218)
	at org.jvnet.hudson.reactor.TaskGraphBuilder$TaskImpl.run(TaskGraphBuilder.java:146)
	at org.jvnet.hudson.reactor.Reactor.runTask(Reactor.java:259)
	at hudson.model.Hudson$3.runTask(Hudson.java:648)
	at org.jvnet.hudson.reactor.Reactor$2.run(Reactor.java:187)
	at org.jvnet.hudson.reactor.Reactor$Node.run(Reactor.java:94)
	at java.util.concurrent.ThreadPoolExecutor$Worker.runTask(Unknown Source)
	at java.util.concurrent.ThreadPoolExecutor$Worker.run(Unknown Source)
	at java.lang.Thread.run(Unknown Source)
Jan 14, 2010 11:38:03 PM hudson.model.Hudson$4 onTaskFailed
SEVERE: Failed Initializing plugin tasks
java.lang.NullPointerException
	at hudson.PluginManager$1$3$2$2.run(PluginManager.java:218)
	at org.jvnet.hudson.reactor.TaskGraphBuilder$TaskImpl.run(TaskGraphBuilder.java:146)
	at org.jvnet.hudson.reactor.Reactor.runTask(Reactor.java:259)
	at hudson.model.Hudson$3.runTask(Hudson.java:648)
	at org.jvnet.hudson.reactor.Reactor$2.run(Reactor.java:187)
	at org.jvnet.hudson.reactor.Reactor$Node.run(Reactor.java:94)
	at java.util.concurrent.ThreadPoolExecutor$Worker.runTask(Unknown Source)
	at java.util.concurrent.ThreadPoolExecutor$Worker.run(Unknown Source)
	at java.lang.Thread.run(Unknown Source)
Jan 14, 2010 11:38:03 PM hudson.model.Hudson$4 onTaskFailed
SEVERE: Failed Initializing plugin warnings
java.lang.NullPointerException
	at hudson.PluginManager$1$3$2$2.run(PluginManager.java:218)
	at org.jvnet.hudson.reactor.TaskGraphBuilder$TaskImpl.run(TaskGraphBuilder.java:146)
	at org.jvnet.hudson.reactor.Reactor.runTask(Reactor.java:259)
	at hudson.model.Hudson$3.runTask(Hudson.java:648)
	at org.jvnet.hudson.reactor.Reactor$2.run(Reactor.java:187)
	at org.jvnet.hudson.reactor.Reactor$Node.run(Reactor.java:94)
	at java.util.concurrent.ThreadPoolExecutor$Worker.runTask(Unknown Source)
	at java.util.concurrent.ThreadPoolExecutor$Worker.run(Unknown Source)
	at java.lang.Thread.run(Unknown Source)
Jan 14, 2010 11:38:03 PM hudson.model.Hudson$4 onAttained
INFO: Started all plugins
Jan 14, 2010 11:38:05 PM hudson.util.CopyOnWriteList$ConverterImpl unmarshal
WARNING: Failed to resolve class
com.thoughtworks.xstream.mapper.CannotResolveClassException: hudson.plugins.tasks.TasksPublisher : hudson.plugins.tasks.TasksPublisher
	at com.thoughtworks.xstream.mapper.DefaultMapper.realClass(DefaultMapper.java:68)
	at com.thoughtworks.xstream.mapper.MapperWrapper.realClass(MapperWrapper.java:38)
	at com.thoughtworks.xstream.mapper.XStream11XmlFriendlyMapper.realClass(XStream11XmlFriendlyMapper.java:34)
	at com.thoughtworks.xstream.mapper.MapperWrapper.realClass(MapperWrapper.java:38)
	at com.thoughtworks.xstream.mapper.DynamicProxyMapper.realClass(DynamicProxyMapper.java:71)
	at com.thoughtworks.xstream.mapper.MapperWrapper.realClass(MapperWrapper.java:38)
	at com.thoughtworks.xstream.mapper.PackageAliasingMapper.realClass(PackageAliasingMapper.java:88)
	at com.thoughtworks.xstream.mapper.MapperWrapper.realClass(MapperWrapper.java:38)
	at com.thoughtworks.xstream.mapper.ClassAliasingMapper.realClass(ClassAliasingMapper.java:86)
	at com.thoughtworks.xstream.mapper.MapperWrapper.realClass(MapperWrapper.java:38)
	at com.thoughtworks.xstream.mapper.MapperWrapper.realClass(MapperWrapper.java:38)
	at com.thoughtworks.xstream.mapper.MapperWrapper.realClass(MapperWrapper.java:38)
	at com.thoughtworks.xstream.mapper.MapperWrapper.realClass(MapperWrapper.java:38)
	at com.thoughtworks.xstream.mapper.MapperWrapper.realClass(MapperWrapper.java:38)
	at com.thoughtworks.xstream.mapper.MapperWrapper.realClass(MapperWrapper.java:38)
	at com.thoughtworks.xstream.mapper.ArrayMapper.realClass(ArrayMapper.java:96)
	at com.thoughtworks.xstream.mapper.MapperWrapper.realClass(MapperWrapper.java:38)
	at com.thoughtworks.xstream.mapper.MapperWrapper.realClass(MapperWrapper.java:38)
	at com.thoughtworks.xstream.mapper.MapperWrapper.realClass(MapperWrapper.java:38)
	at com.thoughtworks.xstream.mapper.MapperWrapper.realClass(MapperWrapper.java:38)
	at com.thoughtworks.xstream.mapper.MapperWrapper.realClass(MapperWrapper.java:38)
	at com.thoughtworks.xstream.mapper.MapperWrapper.realClass(MapperWrapper.java:38)
	at com.thoughtworks.xstream.mapper.MapperWrapper.realClass(MapperWrapper.java:38)
	at com.thoughtworks.xstream.mapper.MapperWrapper.realClass(MapperWrapper.java:38)
	at com.thoughtworks.xstream.mapper.CachingMapper.realClass(CachingMapper.java:56)
	at com.thoughtworks.xstream.core.util.HierarchicalStreams.readClassType(HierarchicalStreams.java:29)
	at com.thoughtworks.xstream.converters.collections.AbstractCollectionConverter.readItem(AbstractCollectionConverter.java:70)
	at hudson.util.CopyOnWriteList$ConverterImpl.unmarshal(CopyOnWriteList.java:184)
	at hudson.util.DescribableList$ConverterImpl.unmarshal(DescribableList.java:224)
	at com.thoughtworks.xstream.core.TreeUnmarshaller.convert(TreeUnmarshaller.java:82)
	at com.thoughtworks.xstream.core.AbstractReferenceUnmarshaller.convert(AbstractReferenceUnmarshaller.java:63)
	at com.thoughtworks.xstream.core.TreeUnmarshaller.convertAnother(TreeUnmarshaller.java:76)
	at com.thoughtworks.xstream.core.TreeUnmarshaller.convertAnother(TreeUnmarshaller.java:60)
	at hudson.util.RobustReflectionConverter.unmarshallField(RobustReflectionConverter.java:261)
	at hudson.util.RobustReflectionConverter.doUnmarshal(RobustReflectionConverter.java:221)
	at hudson.util.RobustReflectionConverter.unmarshal(RobustReflectionConverter.java:172)
	at com.thoughtworks.xstream.core.TreeUnmarshaller.convert(TreeUnmarshaller.java:82)
	at com.thoughtworks.xstream.core.AbstractReferenceUnmarshaller.convert(AbstractReferenceUnmarshaller.java:63)
	at com.thoughtworks.xstream.core.TreeUnmarshaller.convertAnother(TreeUnmarshaller.java:76)
	at com.thoughtworks.xstream.core.TreeUnmarshaller.convertAnother(TreeUnmarshaller.java:60)
	at com.thoughtworks.xstream.core.TreeUnmarshaller.start(TreeUnmarshaller.java:137)
	at com.thoughtworks.xstream.core.AbstractTreeMarshallingStrategy.unmarshal(AbstractTreeMarshallingStrategy.java:33)
	at com.thoughtworks.xstream.XStream.unmarshal(XStream.java:923)
	at hudson.util.XStream2.unmarshal(XStream2.java:70)
	at com.thoughtworks.xstream.XStream.unmarshal(XStream.java:909)
	at com.thoughtworks.xstream.XStream.fromXML(XStream.java:853)
	at hudson.XmlFile.read(XmlFile.java:126)
	at hudson.model.Items.load(Items.java:106)
	at hudson.model.Hudson$12.run(Hudson.java:2108)
	at org.jvnet.hudson.reactor.TaskGraphBuilder$TaskImpl.run(TaskGraphBuilder.java:146)
	at org.jvnet.hudson.reactor.Reactor.runTask(Reactor.java:259)
	at hudson.model.Hudson$3.runTask(Hudson.java:648)
	at org.jvnet.hudson.reactor.Reactor$2.run(Reactor.java:187)
	at org.jvnet.hudson.reactor.Reactor$Node.run(Reactor.java:94)
	at java.util.concurrent.ThreadPoolExecutor$Worker.runTask(Unknown Source)
	at java.util.concurrent.ThreadPoolExecutor$Worker.run(Unknown Source)
	at java.lang.Thread.run(Unknown Source)
Jan 14, 2010 11:38:13 PM hudson.model.Hudson$4 onAttained
INFO: Loaded all jobs
Jan 14, 2010 11:38:13 PM hudson.model.Hudson$4 onAttained
INFO: Completed initialization
Jan 14, 2010 11:38:16 PM org.springframework.context.support.AbstractApplicationContext prepareRefresh
INFO: Refreshing org.springframework.web.context.support.StaticWebApplicationContext@388130: display name [Root WebApplicationContext]; startup date [Thu Jan 14 23:38:16 CET 2010]; root of context hierarchy
Jan 14, 2010 11:38:16 PM org.springframework.context.support.AbstractApplicationContext obtainFreshBeanFactory
INFO: Bean factory for application context [org.springframework.web.context.support.StaticWebApplicationContext@388130]: org.springframework.beans.factory.support.DefaultListableBeanFactory@3d1214
Jan 14, 2010 11:38:16 PM org.springframework.beans.factory.support.DefaultListableBeanFactory preInstantiateSingletons
INFO: Pre-instantiating singletons in org.springframework.beans.factory.support.DefaultListableBeanFactory@3d1214: defining beans [activeDirectory,authenticationManager]; root of factory hierarchy
Jan 14, 2010 11:38:16 PM org.springframework.context.support.AbstractApplicationContext prepareRefresh
INFO: Refreshing org.springframework.web.context.support.StaticWebApplicationContext@5d5333: display name [Root WebApplicationContext]; startup date [Thu Jan 14 23:38:16 CET 2010]; root of context hierarchy
Jan 14, 2010 11:38:16 PM org.springframework.context.support.AbstractApplicationContext obtainFreshBeanFactory
INFO: Bean factory for application context [org.springframework.web.context.support.StaticWebApplicationContext@5d5333]: org.springframework.beans.factory.support.DefaultListableBeanFactory@1e7dddd
Jan 14, 2010 11:38:16 PM org.springframework.beans.factory.support.DefaultListableBeanFactory preInstantiateSingletons
INFO: Pre-instantiating singletons in org.springframework.beans.factory.support.DefaultListableBeanFactory@1e7dddd: defining beans [filter,legacy]; root of factory hierarchy
Jan 14, 2010 11:38:16 PM hudson.TcpSlaveAgentListener <init>
INFO: JNLP slave agent listener started on TCP port 1701
Jan 14, 2010 11:38:27 PM hudson.triggers.SafeTimerTask run
SEVERE: Timer task hudson.WebAppMain$2$1@17e6082 failed
java.lang.IllegalAccessError: tried to access method hudson.scm.ChangeLogSet$Entry.setParent(Lhudson/scm/ChangeLogSet;)V from class hudson.scm.CVSChangeLogSet
	at hudson.scm.CVSChangeLogSet.<init>(CVSChangeLogSet.java:55)
	at hudson.scm.CVSChangeLogSet.parse(CVSChangeLogSet.java:128)
	at hudson.scm.CVSChangeLogParser.parse(CVSChangeLogParser.java:38)
	at hudson.scm.CVSChangeLogParser.parse(CVSChangeLogParser.java:36)
	at hudson.model.AbstractBuild.calcChangeSet(AbstractBuild.java:652)
	at hudson.model.AbstractBuild.getChangeSet(AbstractBuild.java:627)
	at hudson.model.AbstractBuild.hasParticipant(AbstractBuild.java:315)
	at hudson.model.User.getBuilds(User.java:367)
	at hudson.WebAppMain$2$1.doRun(WebAppMain.java:231)
	at hudson.triggers.SafeTimerTask.run(SafeTimerTask.java:54)
	at java.util.TimerThread.mainLoop(Unknown Source)
	at java.util.TimerThread.run(Unknown Source)