Unable to connect to ldaps://myserver.com:636 : javax.naming.CommunicationException: anonymous bind failed: myserver.com:636 [Root exception is javax.net.ssl.SSLHandshakeException: Remote host terminated the handshake]

java.io.EOFException: SSL peer shut down incorrectly
	at java.base/sun.security.ssl.SSLSocketInputRecord.decode(SSLSocketInputRecord.java:167)
	at java.base/sun.security.ssl.SSLTransport.decode(SSLTransport.java:108)
	at java.base/sun.security.ssl.SSLSocketImpl.decode(SSLSocketImpl.java:1152)
Caused: javax.net.ssl.SSLHandshakeException: Remote host terminated the handshake
	at java.base/sun.security.ssl.SSLSocketImpl.handleEOF(SSLSocketImpl.java:1322)
	at java.base/sun.security.ssl.SSLSocketImpl.decode(SSLSocketImpl.java:1160)
	at java.base/sun.security.ssl.SSLSocketImpl.readHandshakeRecord(SSLSocketImpl.java:1063)
	at java.base/sun.security.ssl.SSLSocketImpl.startHandshake(SSLSocketImpl.java:402)
	at java.base/sun.security.ssl.SSLSocketImpl.ensureNegotiated(SSLSocketImpl.java:716)
	at java.base/sun.security.ssl.SSLSocketImpl$AppOutputStream.write(SSLSocketImpl.java:970)
	at java.base/java.io.BufferedOutputStream.flushBuffer(BufferedOutputStream.java:81)
	at java.base/java.io.BufferedOutputStream.flush(BufferedOutputStream.java:142)
	at java.naming/com.sun.jndi.ldap.Connection.writeRequest(Connection.java:398)
	at java.naming/com.sun.jndi.ldap.Connection.writeRequest(Connection.java:371)
	at java.naming/com.sun.jndi.ldap.LdapClient.ldapBind(LdapClient.java:359)
	at java.naming/com.sun.jndi.ldap.LdapClient.authenticate(LdapClient.java:192)
Caused: javax.naming.CommunicationException: anonymous bind failed: myserver.com:636 [Root exception is javax.net.ssl.SSLHandshakeException: Remote host terminated the handshake]
	at java.naming/com.sun.jndi.ldap.LdapClient.authenticate(LdapClient.java:198)
	at java.naming/com.sun.jndi.ldap.LdapCtx.connect(LdapCtx.java:2795)
	at java.naming/com.sun.jndi.ldap.LdapCtx.<init>(LdapCtx.java:320)
	at java.naming/com.sun.jndi.ldap.LdapCtxFactory.getUsingURL(LdapCtxFactory.java:192)
	at java.naming/com.sun.jndi.ldap.LdapCtxFactory.getUsingURLs(LdapCtxFactory.java:210)
	at java.naming/com.sun.jndi.ldap.LdapCtxFactory.getLdapCtxInstance(LdapCtxFactory.java:153)
	at java.naming/com.sun.jndi.ldap.LdapCtxFactory.getInitialContext(LdapCtxFactory.java:83)
	at java.naming/javax.naming.spi.NamingManager.getInitialContext(NamingManager.java:730)
	at java.naming/javax.naming.InitialContext.getDefaultInitCtx(InitialContext.java:305)
	at java.naming/javax.naming.InitialContext.init(InitialContext.java:236)
	at java.naming/javax.naming.InitialContext.<init>(InitialContext.java:208)
	at java.naming/javax.naming.directory.InitialDirContext.<init>(InitialDirContext.java:101)
	at jenkins.security.plugins.ldap.LDAPConfiguration$LDAPConfigurationDescriptor.doCheckServer(LDAPConfiguration.java:400)
	at java.base/java.lang.invoke.MethodHandle.invokeWithArguments(MethodHandle.java:710)
	at org.kohsuke.stapler.Function$MethodFunction.invoke(Function.java:396)
	at org.kohsuke.stapler.Function$InstanceFunction.invoke(Function.java:408)
	at org.kohsuke.stapler.Function.bindAndInvoke(Function.java:212)
	at org.kohsuke.stapler.Function.bindAndInvokeAndServeResponse(Function.java:145)
	at org.kohsuke.stapler.MetaClass$11.doDispatch(MetaClass.java:537)
	at org.kohsuke.stapler.NameBasedDispatcher.dispatch(NameBasedDispatcher.java:58)
	at org.kohsuke.stapler.Stapler.tryInvoke(Stapler.java:739)
	at org.kohsuke.stapler.Stapler.invoke(Stapler.java:870)
	at org.kohsuke.stapler.MetaClass$4.doDispatch(MetaClass.java:282)
	at org.kohsuke.stapler.NameBasedDispatcher.dispatch(NameBasedDispatcher.java:58)
	at org.kohsuke.stapler.Stapler.tryInvoke(Stapler.java:739)
	at org.kohsuke.stapler.Stapler.invoke(Stapler.java:870)
	at org.kohsuke.stapler.Stapler.invoke(Stapler.java:668)
	at org.kohsuke.stapler.Stapler.service(Stapler.java:238)
	at javax.servlet.http.HttpServlet.service(HttpServlet.java:790)
	at org.eclipse.jetty.servlet.ServletHolder.handle(ServletHolder.java:865)
	at org.eclipse.jetty.servlet.ServletHandler$CachedChain.doFilter(ServletHandler.java:1655)
	at hudson.util.PluginServletFilter$1.doFilter(PluginServletFilter.java:154)
	at net.bull.javamelody.MonitoringFilter.doFilter(MonitoringFilter.java:239)
	at net.bull.javamelody.MonitoringFilter.doFilter(MonitoringFilter.java:215)
	at net.bull.javamelody.PluginMonitoringFilter.doFilter(PluginMonitoringFilter.java:88)
	at org.jvnet.hudson.plugins.monitoring.HudsonMonitoringFilter.doFilter(HudsonMonitoringFilter.java:114)
	at hudson.util.PluginServletFilter$1.doFilter(PluginServletFilter.java:151)
	at jenkins.metrics.impl.MetricsFilter.doFilter(MetricsFilter.java:125)
	at hudson.util.PluginServletFilter$1.doFilter(PluginServletFilter.java:151)
	at hudson.plugins.audit_trail.AuditTrailFilter.doFilter(AuditTrailFilter.java:92)
	at hudson.util.PluginServletFilter$1.doFilter(PluginServletFilter.java:151)
	at jenkins.telemetry.impl.UserLanguages$AcceptLanguageFilter.doFilter(UserLanguages.java:128)
	at hudson.util.PluginServletFilter$1.doFilter(PluginServletFilter.java:151)
	at hudson.util.PluginServletFilter.doFilter(PluginServletFilter.java:157)
	at org.eclipse.jetty.servlet.ServletHandler$CachedChain.doFilter(ServletHandler.java:1642)
	at hudson.security.csrf.CrumbFilter.doFilter(CrumbFilter.java:64)
	at org.eclipse.jetty.servlet.ServletHandler$CachedChain.doFilter(ServletHandler.java:1642)
	at hudson.security.ChainedServletFilter$1.doFilter(ChainedServletFilter.java:84)
	at hudson.security.ChainedServletFilter.doFilter(ChainedServletFilter.java:90)
	at hudson.security.HudsonFilter.doFilter(HudsonFilter.java:171)
	at org.eclipse.jetty.servlet.ServletHandler$CachedChain.doFilter(ServletHandler.java:1642)
	at org.kohsuke.stapler.compression.CompressionFilter.doFilter(CompressionFilter.java:49)
	at org.eclipse.jetty.servlet.ServletHandler$CachedChain.doFilter(ServletHandler.java:1642)
	at hudson.util.CharacterEncodingFilter.doFilter(CharacterEncodingFilter.java:82)
	at org.eclipse.jetty.servlet.ServletHandler$CachedChain.doFilter(ServletHandler.java:1642)
	at org.kohsuke.stapler.DiagnosticThreadNameFilter.doFilter(DiagnosticThreadNameFilter.java:30)
	at org.eclipse.jetty.servlet.ServletHandler$CachedChain.doFilter(ServletHandler.java:1642)
	at org.eclipse.jetty.servlet.ServletHandler.doHandle(ServletHandler.java:533)
	at org.eclipse.jetty.server.handler.ScopedHandler.handle(ScopedHandler.java:146)
	at org.eclipse.jetty.security.SecurityHandler.handle(SecurityHandler.java:524)
	at org.eclipse.jetty.server.handler.HandlerWrapper.handle(HandlerWrapper.java:132)
	at org.eclipse.jetty.server.handler.ScopedHandler.nextHandle(ScopedHandler.java:257)
	at org.eclipse.jetty.server.session.SessionHandler.doHandle(SessionHandler.java:1595)
	at org.eclipse.jetty.server.handler.ScopedHandler.nextHandle(ScopedHandler.java:255)
	at org.eclipse.jetty.server.handler.ContextHandler.doHandle(ContextHandler.java:1340)
	at org.eclipse.jetty.server.handler.ScopedHandler.nextScope(ScopedHandler.java:203)
	at org.eclipse.jetty.servlet.ServletHandler.doScope(ServletHandler.java:473)
	at org.eclipse.jetty.server.session.SessionHandler.doScope(SessionHandler.java:1564)
	at org.eclipse.jetty.server.handler.ScopedHandler.nextScope(ScopedHandler.java:201)
	at org.eclipse.jetty.server.handler.ContextHandler.doScope(ContextHandler.java:1242)
	at org.eclipse.jetty.server.handler.ScopedHandler.handle(ScopedHandler.java:144)
	at org.eclipse.jetty.server.handler.HandlerWrapper.handle(HandlerWrapper.java:132)
	at org.eclipse.jetty.server.Server.handle(Server.java:503)
	at org.eclipse.jetty.server.HttpChannel.handle(HttpChannel.java:364)
	at org.eclipse.jetty.server.HttpConnection.onFillable(HttpConnection.java:260)
	at org.eclipse.jetty.io.AbstractConnection$ReadCallback.succeeded(AbstractConnection.java:305)
	at org.eclipse.jetty.io.FillInterest.fillable(FillInterest.java:103)
	at org.eclipse.jetty.io.ChannelEndPoint$2.run(ChannelEndPoint.java:118)
	at org.eclipse.jetty.util.thread.strategy.EatWhatYouKill.runTask(EatWhatYouKill.java:333)
	at org.eclipse.jetty.util.thread.strategy.EatWhatYouKill.doProduce(EatWhatYouKill.java:310)
	at org.eclipse.jetty.util.thread.strategy.EatWhatYouKill.tryProduce(EatWhatYouKill.java:168)
	at org.eclipse.jetty.util.thread.strategy.EatWhatYouKill.run(EatWhatYouKill.java:126)
	at org.eclipse.jetty.util.thread.ReservedThreadExecutor$ReservedThread.run(ReservedThreadExecutor.java:366)
	at org.eclipse.jetty.util.thread.QueuedThreadPool.runJob(QueuedThreadPool.java:765)
	at org.eclipse.jetty.util.thread.QueuedThreadPool$2.run(QueuedThreadPool.java:683)
	at java.base/java.lang.Thread.run(Thread.java:834)