Running from: /home/XXXX/jenkins/jenkins-119.war
webroot: $user.home/.jenkins
May 10, 2018 12:29:44 PM org.eclipse.jetty.util.log.Log initialized
INFO: Logging initialized @1291ms to org.eclipse.jetty.util.log.JavaUtilLog
May 10, 2018 12:29:44 PM winstone.Logger logInternal
INFO: Beginning extraction from war file
May 10, 2018 12:29:44 PM org.eclipse.jetty.server.handler.ContextHandler setContextPath
WARNING: Empty contextPath
May 10, 2018 12:29:45 PM org.eclipse.jetty.server.Server doStart
INFO: jetty-9.4.z-SNAPSHOT, build timestamp: 2017-11-21T16:27:37-05:00, git hash: 82b8fb23f757335bb3329d540ce37a2a2615f0a8
May 10, 2018 12:29:45 PM org.eclipse.jetty.webapp.StandardDescriptorProcessor visitServlet
INFO: NO JSP Support for /, did not find org.eclipse.jetty.jsp.JettyJspServlet
May 10, 2018 12:29:45 PM org.eclipse.jetty.server.session.DefaultSessionIdManager doStart
INFO: DefaultSessionIdManager workerName=node0
May 10, 2018 12:29:45 PM org.eclipse.jetty.server.session.DefaultSessionIdManager doStart
INFO: No SessionScavenger set, using defaults
May 10, 2018 12:29:45 PM org.eclipse.jetty.server.session.HouseKeeper startScavenging
INFO: Scavenging every 660000ms
Jenkins home directory: /home/XXXX/.jenkins found at: $user.home/.jenkins
May 10, 2018 12:29:46 PM org.eclipse.jetty.server.handler.ContextHandler doStart
INFO: Started w.@bb9e6dc{/,file:///home/XXXX/.jenkins/war/,AVAILABLE}{/home/XXXX/.jenkins/war}
May 10, 2018 12:29:47 PM org.eclipse.jetty.server.AbstractConnector doStart
INFO: Started ServerConnector@6c61a903{HTTP/1.1,[http/1.1]}{0.0.0.0:8080}
May 10, 2018 12:29:47 PM org.eclipse.jetty.server.Server doStart
INFO: Started @3620ms
May 10, 2018 12:29:47 PM winstone.Logger logInternal
INFO: Winstone Servlet Engine v4.0 running: controlPort=disabled
May 10, 2018 12:29:51 PM jenkins.InitReactorRunner$1 onAttained
INFO: Started initialization
May 10, 2018 12:29:51 PM jenkins.InitReactorRunner$1 onAttained
INFO: Listed all plugins
May 10, 2018 12:29:54 PM jenkins.InitReactorRunner$1 onAttained
INFO: Prepared all plugins
May 10, 2018 12:29:54 PM jenkins.InitReactorRunner$1 onAttained
INFO: Started all plugins
May 10, 2018 12:29:54 PM jenkins.InitReactorRunner$1 onAttained
INFO: Augmented all extensions
May 10, 2018 12:29:56 PM jenkins.InitReactorRunner$1 onAttained
INFO: Loaded all jobs
May 10, 2018 12:29:56 PM hudson.model.AsyncPeriodicWork$1 run
INFO: Started Download metadata
May 10, 2018 12:29:56 PM hudson.model.AsyncPeriodicWork$1 run
INFO: Finished Download metadata. 188 ms
May 10, 2018 12:29:57 PM org.springframework.context.support.AbstractApplicationContext prepareRefresh
INFO: Refreshing org.springframework.web.context.support.StaticWebApplicationContext@ebcaf23: display name [Root WebApplicationContext]; startup date [Thu May 10 12:29:57 EDT 2018]; root of context hierarchy
May 10, 2018 12:29:57 PM org.springframework.context.support.AbstractApplicationContext obtainFreshBeanFactory
INFO: Bean factory for application context [org.springframework.web.context.support.StaticWebApplicationContext@ebcaf23]: org.springframework.beans.factory.support.DefaultListableBeanFactory@af3b6ce
May 10, 2018 12:29:57 PM org.springframework.beans.factory.support.DefaultListableBeanFactory preInstantiateSingletons
INFO: Pre-instantiating singletons in org.springframework.beans.factory.support.DefaultListableBeanFactory@af3b6ce: defining beans [authenticationManager]; root of factory hierarchy
May 10, 2018 12:29:58 PM org.springframework.context.support.AbstractApplicationContext prepareRefresh
INFO: Refreshing org.springframework.web.context.support.StaticWebApplicationContext@1c68a4fc: display name [Root WebApplicationContext]; startup date [Thu May 10 12:29:58 EDT 2018]; root of context hierarchy
May 10, 2018 12:29:58 PM org.springframework.context.support.AbstractApplicationContext obtainFreshBeanFactory
INFO: Bean factory for application context [org.springframework.web.context.support.StaticWebApplicationContext@1c68a4fc]: org.springframework.beans.factory.support.DefaultListableBeanFactory@70ee22fa
May 10, 2018 12:29:58 PM org.springframework.beans.factory.support.DefaultListableBeanFactory preInstantiateSingletons
INFO: Pre-instantiating singletons in org.springframework.beans.factory.support.DefaultListableBeanFactory@70ee22fa: defining beans [filter,legacy]; root of factory hierarchy
May 10, 2018 12:29:58 PM jenkins.InitReactorRunner$1 onAttained
INFO: Completed initialization
May 10, 2018 12:29:58 PM hudson.WebAppMain$3 run
INFO: Jenkins is fully up and running
