jenkins[804]: 2024-03-15 15:04:19.629+0000 [id=50]        WARNING        h.i.i.InstallUncaughtExceptionHandler#handleException: Caught unhandled exception with ID 103e3709-5e26-4c21-a47c-fffc215d85d3
jenkins[804]: java.lang.NullPointerException: Cannot invoke "hudson.model.Descriptor.newInstance(org.kohsuke.stapler.StaplerRequest, net.sf.json.JSONObject)" because the return value of "hudson.DescriptorExtensionList.find(String)" is null
jenkins[804]:         at jenkins.agents.CloudSet.doDoCreate(CloudSet.java:247)
jenkins[804]:         at java.base/java.lang.invoke.MethodHandle.invokeWithArguments(MethodHandle.java:733)
jenkins[804]:         at org.kohsuke.stapler.Function$MethodFunction.invoke(Function.java:397)
jenkins[804]:         at org.kohsuke.stapler.Function$InstanceFunction.invoke(Function.java:409)
jenkins[804]:         at org.kohsuke.stapler.Function.bindAndInvoke(Function.java:207)
jenkins[804]:         at org.kohsuke.stapler.SelectionInterceptedFunction$Adapter.invoke(SelectionInterceptedFunction.java:36)
jenkins[804]:         at org.kohsuke.stapler.verb.HttpVerbInterceptor.invoke(HttpVerbInterceptor.java:48)
jenkins[804]:         at org.kohsuke.stapler.SelectionInterceptedFunction.bindAndInvoke(SelectionInterceptedFunction.java:26)
jenkins[804]:         at org.kohsuke.stapler.Function.bindAndInvokeAndServeResponse(Function.java:140)
jenkins[804]:         at org.kohsuke.stapler.MetaClass$11.doDispatch(MetaClass.java:558)
jenkins[804]:         at org.kohsuke.stapler.NameBasedDispatcher.dispatch(NameBasedDispatcher.java:59)
jenkins[804]:         at org.kohsuke.stapler.Stapler.tryInvoke(Stapler.java:770)
jenkins[804]: Caused: javax.servlet.ServletException
jenkins[804]:         at org.kohsuke.stapler.Stapler.tryInvoke(Stapler.java:818)
jenkins[804]:         at org.kohsuke.stapler.Stapler.invoke(Stapler.java:900)
jenkins[804]:         at org.kohsuke.stapler.MetaClass$2.doDispatch(MetaClass.java:224)
jenkins[804]:         at org.kohsuke.stapler.NameBasedDispatcher.dispatch(NameBasedDispatcher.java:59)
jenkins[804]:         at org.kohsuke.stapler.Stapler.tryInvoke(Stapler.java:770)
jenkins[804]:         at org.kohsuke.stapler.Stapler.invoke(Stapler.java:900)
jenkins[804]:         at org.kohsuke.stapler.Stapler.tryInvoke(Stapler.java:836)
jenkins[804]:         at org.kohsuke.stapler.Stapler.invoke(Stapler.java:900)
jenkins[804]:         at org.kohsuke.stapler.MetaClass$9.dispatch(MetaClass.java:475)
jenkins[804]:         at org.kohsuke.stapler.Stapler.tryInvoke(Stapler.java:770)
jenkins[804]:         at org.kohsuke.stapler.Stapler.invoke(Stapler.java:900)
jenkins[804]:         at org.kohsuke.stapler.Stapler.invoke(Stapler.java:698)
jenkins[804]:         at org.kohsuke.stapler.Stapler.service(Stapler.java:248)
jenkins[804]:         at javax.servlet.http.HttpServlet.service(HttpServlet.java:590)
jenkins[804]:         at org.eclipse.jetty.servlet.ServletHolder.handle(ServletHolder.java:764)
jenkins[804]:         at org.eclipse.jetty.servlet.ServletHandler$ChainEnd.doFilter(ServletHandler.java:1665)
jenkins[804]:         at hudson.util.PluginServletFilter$1.doFilter(PluginServletFilter.java:163)
jenkins[804]:         at org.jenkinsci.plugins.ssegateway.Endpoint$SSEListenChannelFilter.doFilter(Endpoint.java:248)
jenkins[804]:         at hudson.util.PluginServletFilter$1.doFilter(PluginServletFilter.java:160)
jenkins[804]:         at hudson.plugins.locale.LocaleFilter.doFilter(LocaleFilter.java:39)
jenkins[804]:         at hudson.util.PluginServletFilter$1.doFilter(PluginServletFilter.java:160)
jenkins[804]:         at io.jenkins.blueocean.ResourceCacheControl.doFilter(ResourceCacheControl.java:134)
jenkins[804]:         at hudson.util.PluginServletFilter$1.doFilter(PluginServletFilter.java:160)
jenkins[804]:         at io.jenkins.blueocean.auth.jwt.impl.JwtAuthenticationFilter.doFilter(JwtAuthenticationFilter.java:60)
jenkins[804]:         at hudson.util.PluginServletFilter$1.doFilter(PluginServletFilter.java:160)
jenkins[804]:         at jenkins.metrics.impl.MetricsFilter.doFilter(MetricsFilter.java:125)
jenkins[804]:         at hudson.util.PluginServletFilter$1.doFilter(PluginServletFilter.java:160)
jenkins[804]:         at jenkins.util.HttpServletFilter$1.doFilter(HttpServletFilter.java:76)
jenkins[804]:         at hudson.util.PluginServletFilter$1.doFilter(PluginServletFilter.java:160)
jenkins[804]:         at hudson.util.PluginServletFilter.doFilter(PluginServletFilter.java:166)
jenkins[804]:         at org.eclipse.jetty.servlet.FilterHolder.doFilter(FilterHolder.java:202)
jenkins[804]:         at org.eclipse.jetty.servlet.ServletHandler$Chain.doFilter(ServletHandler.java:1635)
jenkins[804]:         at jenkins.ErrorAttributeFilter.doFilter(ErrorAttributeFilter.java:29)
jenkins[804]:         at org.eclipse.jetty.servlet.FilterHolder.doFilter(FilterHolder.java:202)
jenkins[804]:         at org.eclipse.jetty.servlet.ServletHandler$Chain.doFilter(ServletHandler.java:1635)
jenkins[804]:         at hudson.security.csrf.CrumbFilter.doFilter(CrumbFilter.java:154)
jenkins[804]:         at org.eclipse.jetty.servlet.FilterHolder.doFilter(FilterHolder.java:202)
jenkins[804]:         at org.eclipse.jetty.servlet.ServletHandler$Chain.doFilter(ServletHandler.java:1635)
jenkins[804]:         at hudson.security.ChainedServletFilter$1.doFilter(ChainedServletFilter.java:94)
jenkins[804]:         at jenkins.security.AcegiSecurityExceptionFilter.doFilter(AcegiSecurityExceptionFilter.java:52)
jenkins[804]:         at hudson.security.ChainedServletFilter$1.doFilter(ChainedServletFilter.java:99)
jenkins[804]:         at hudson.security.UnwrapSecurityExceptionFilter.doFilter(UnwrapSecurityExceptionFilter.java:54)
jenkins[804]:         at hudson.security.ChainedServletFilter$1.doFilter(ChainedServletFilter.java:99)
jenkins[804]:         at org.springframework.security.web.access.ExceptionTranslationFilter.doFilter(ExceptionTranslationFilter.java:126)
jenkins[804]:         at org.springframework.security.web.access.ExceptionTranslationFilter.doFilter(ExceptionTranslationFilter.java:120)
jenkins[804]:         at hudson.security.ChainedServletFilter$1.doFilter(ChainedServletFilter.java:99)
jenkins[804]:         at org.springframework.security.web.authentication.AnonymousAuthenticationFilter.doFilter(AnonymousAuthenticationFilter.java:100)
jenkins[804]:         at hudson.security.ChainedServletFilter$1.doFilter(ChainedServletFilter.java:99)
jenkins[804]:         at org.springframework.security.web.authentication.rememberme.RememberMeAuthenticationFilter.doFilter(RememberMeAuthenticationFilter.java:110)
jenkins[804]:         at org.springframework.security.web.authentication.rememberme.RememberMeAuthenticationFilter.doFilter(RememberMeAuthenticationFilter.java:101)
jenkins[804]:         at hudson.security.ChainedServletFilter$1.doFilter(ChainedServletFilter.java:99)
jenkins[804]:         at org.springframework.security.web.authentication.AbstractAuthenticationProcessingFilter.doFilter(AbstractAuthenticationProcessingFilter.java:227)
jenkins[804]:         at org.springframework.security.web.authentication.AbstractAuthenticationProcessingFilter.doFilter(AbstractAuthenticationProcessingFilter.java:221)
jenkins[804]:         at hudson.security.ChainedServletFilter$1.doFilter(ChainedServletFilter.java:99)
jenkins[804]:         at jenkins.security.BasicHeaderProcessor.doFilter(BasicHeaderProcessor.java:97)
jenkins[804]:         at hudson.security.ChainedServletFilter$1.doFilter(ChainedServletFilter.java:99)
jenkins[804]:         at org.springframework.security.web.context.SecurityContextPersistenceFilter.doFilter(SecurityContextPersistenceFilter.java:117)
jenkins[804]:         at org.springframework.security.web.context.SecurityContextPersistenceFilter.doFilter(SecurityContextPersistenceFilter.java:87)
jenkins[804]:         at hudson.security.HttpSessionContextIntegrationFilter2.doFilter(HttpSessionContextIntegrationFilter2.java:63)
jenkins[804]:         at hudson.security.ChainedServletFilter$1.doFilter(ChainedServletFilter.java:99)
jenkins[804]:         at hudson.security.ChainedServletFilter.doFilter(ChainedServletFilter.java:111)
jenkins[804]:         at hudson.security.HudsonFilter.doFilter(HudsonFilter.java:172)
jenkins[804]:         at org.eclipse.jetty.servlet.FilterHolder.doFilter(FilterHolder.java:202)
jenkins[804]:         at org.eclipse.jetty.servlet.ServletHandler$Chain.doFilter(ServletHandler.java:1635)
jenkins[804]:         at org.kohsuke.stapler.compression.CompressionFilter.doFilter(CompressionFilter.java:53)
jenkins[804]:         at org.eclipse.jetty.servlet.FilterHolder.doFilter(FilterHolder.java:202)
jenkins[804]:         at org.eclipse.jetty.servlet.ServletHandler$Chain.doFilter(ServletHandler.java:1635)
jenkins[804]:         at hudson.util.CharacterEncodingFilter.doFilter(CharacterEncodingFilter.java:86)
jenkins[804]:         at org.eclipse.jetty.servlet.FilterHolder.doFilter(FilterHolder.java:202)
jenkins[804]:         at org.eclipse.jetty.servlet.ServletHandler$Chain.doFilter(ServletHandler.java:1635)
jenkins[804]:         at org.kohsuke.stapler.DiagnosticThreadNameFilter.doFilter(DiagnosticThreadNameFilter.java:30)
jenkins[804]:         at org.eclipse.jetty.servlet.FilterHolder.doFilter(FilterHolder.java:202)
jenkins[804]:         at org.eclipse.jetty.servlet.ServletHandler$Chain.doFilter(ServletHandler.java:1635)
jenkins[804]:         at jenkins.security.SuspiciousRequestFilter.doFilter(SuspiciousRequestFilter.java:38)
jenkins[804]:         at org.eclipse.jetty.servlet.FilterHolder.doFilter(FilterHolder.java:202)
jenkins[804]:         at org.eclipse.jetty.servlet.ServletHandler$Chain.doFilter(ServletHandler.java:1635)
jenkins[804]:         at org.eclipse.jetty.servlet.ServletHandler.doHandle(ServletHandler.java:527)
jenkins[804]:         at org.eclipse.jetty.server.handler.ScopedHandler.handle(ScopedHandler.java:131)
jenkins[804]:         at org.eclipse.jetty.security.SecurityHandler.handle(SecurityHandler.java:569)
jenkins[804]:         at org.eclipse.jetty.server.handler.HandlerWrapper.handle(HandlerWrapper.java:122)
jenkins[804]:         at org.eclipse.jetty.server.handler.ScopedHandler.nextHandle(ScopedHandler.java:223)
jenkins[804]:         at org.eclipse.jetty.server.session.SessionHandler.doHandle(SessionHandler.java:1570)
jenkins[804]:         at org.eclipse.jetty.server.handler.ScopedHandler.nextHandle(ScopedHandler.java:221)
jenkins[804]:         at org.eclipse.jetty.server.handler.ContextHandler.doHandle(ContextHandler.java:1384)
jenkins[804]:         at org.eclipse.jetty.server.handler.ScopedHandler.nextScope(ScopedHandler.java:176)
jenkins[804]:         at org.eclipse.jetty.servlet.ServletHandler.doScope(ServletHandler.java:484)
jenkins[804]:         at org.eclipse.jetty.server.session.SessionHandler.doScope(SessionHandler.java:1543)
jenkins[804]:         at org.eclipse.jetty.server.handler.ScopedHandler.nextScope(ScopedHandler.java:174)
jenkins[804]:         at org.eclipse.jetty.server.handler.ContextHandler.doScope(ContextHandler.java:1306)
jenkins[804]:         at org.eclipse.jetty.server.handler.ScopedHandler.handle(ScopedHandler.java:129)
jenkins[804]:         at org.eclipse.jetty.server.handler.HandlerWrapper.handle(HandlerWrapper.java:122)
jenkins[804]:         at org.eclipse.jetty.server.Server.handle(Server.java:563)
jenkins[804]:         at org.eclipse.jetty.server.HttpChannel$RequestDispatchable.dispatch(HttpChannel.java:1598)
jenkins[804]:         at org.eclipse.jetty.server.HttpChannel.dispatch(HttpChannel.java:753)
jenkins[804]:         at org.eclipse.jetty.server.HttpChannel.handle(HttpChannel.java:501)
jenkins[804]:         at org.eclipse.jetty.server.HttpConnection.onFillable(HttpConnection.java:287)
jenkins[804]:         at org.eclipse.jetty.io.AbstractConnection$ReadCallback.succeeded(AbstractConnection.java:314)
jenkins[804]:         at org.eclipse.jetty.io.FillInterest.fillable(FillInterest.java:100)
jenkins[804]:         at org.eclipse.jetty.io.SelectableChannelEndPoint$1.run(SelectableChannelEndPoint.java:53)
jenkins[804]:         at org.eclipse.jetty.util.thread.strategy.AdaptiveExecutionStrategy.runTask(AdaptiveExecutionStrategy.java:421)
jenkins[804]:         at org.eclipse.jetty.util.thread.strategy.AdaptiveExecutionStrategy.consumeTask(AdaptiveExecutionStrategy.java:390)
jenkins[804]:         at org.eclipse.jetty.util.thread.strategy.AdaptiveExecutionStrategy.tryProduce(AdaptiveExecutionStrategy.java:277)
jenkins[804]:         at org.eclipse.jetty.util.thread.strategy.AdaptiveExecutionStrategy.run(AdaptiveExecutionStrategy.java:199)
jenkins[804]:         at org.eclipse.jetty.util.thread.ReservedThreadExecutor$ReservedThread.run(ReservedThreadExecutor.java:411)
jenkins[804]:         at org.eclipse.jetty.util.thread.QueuedThreadPool.runJob(QueuedThreadPool.java:969)
jenkins[804]:         at org.eclipse.jetty.util.thread.QueuedThreadPool$Runner.doRunJob(QueuedThreadPool.java:1194)
jenkins[804]:         at org.eclipse.jetty.util.thread.QueuedThreadPool$Runner.run(QueuedThreadPool.java:1149)
jenkins[804]:         at java.base/java.lang.Thread.run(Thread.java:1583)
