2015-01-28 11:53:33 - Starting C:\Program Files (x86)\Jenkins\jre\bin\java -Xrs -Xmx256m -Dhudson.lifecycle=hudson.lifecycle.WindowsServiceLifecycle -jar "C:\Program Files (x86)\Jenkins\jenkins.war" --httpPort=8080
2015-01-28 11:53:33 - Started 4240
2015-01-28 12:10:59 - Stopping jenkins
2015-01-28 12:10:59 - ProcessKill 4240
2015-01-28 12:10:59 - Send SIGINT 4240
2015-01-28 12:11:00 - SIGINT to4240 successful
2015-01-28 12:11:00 - Finished jenkins
2015-01-28 12:11:01 - Starting C:\Program Files (x86)\Jenkins\jre\bin\java -Xrs -Xmx256m -Dhudson.lifecycle=hudson.lifecycle.WindowsServiceLifecycle -jar "C:\Program Files (x86)\Jenkins\jenkins.war" --httpPort=8080
2015-01-28 12:11:01 - Started 4488
2015-01-28 12:11:56 - Stopping jenkins
2015-01-28 12:11:56 - ProcessKill 4488
2015-01-28 12:11:56 - Send SIGINT 4488
2015-01-28 12:11:56 - SIGINT to4488 successful
2015-01-28 12:11:56 - Finished jenkins
2015-01-28 12:11:57 - Starting C:\Program Files (x86)\Jenkins\jre\bin\java -Xrs -Xmx256m -Dhudson.lifecycle=hudson.lifecycle.WindowsServiceLifecycle -jar "C:\Program Files (x86)\Jenkins\jenkins.war" --httpPort=8080
2015-01-28 12:11:57 - Started 4968
2015-01-28 12:19:51 - Stopping jenkins
2015-01-28 12:19:51 - ProcessKill 4968
2015-01-28 12:19:51 - Send SIGINT 4968
2015-01-28 12:19:51 - SIGINT to4968 successful
2015-01-28 12:19:51 - Finished jenkins
2015-01-28 12:19:52 - Starting C:\Program Files (x86)\Jenkins\jre\bin\java -Xrs -Xmx256m -Dhudson.lifecycle=hudson.lifecycle.WindowsServiceLifecycle -jar "C:\Program Files (x86)\Jenkins\jenkins.war" --httpPort=8080
2015-01-28 12:19:52 - Started 4948
2015-01-28 12:22:40 - Stopping jenkins
2015-01-28 12:22:40 - ProcessKill 4948
2015-01-28 12:22:40 - Send SIGINT 4948
2015-01-28 12:22:40 - SIGINT to4948 successful
2015-01-28 12:22:40 - Finished jenkins
2015-01-28 12:22:41 - Starting C:\Program Files (x86)\Jenkins\jre\bin\java -Xrs -Xmx256m -Dhudson.lifecycle=hudson.lifecycle.WindowsServiceLifecycle -jar "C:\Program Files (x86)\Jenkins\jenkins.war" --httpPort=8080
2015-01-28 12:22:41 - Started 2900
2015-01-28 12:23:19 - Stopping jenkins
2015-01-28 12:23:19 - ProcessKill 2900
2015-01-28 12:23:20 - Send SIGINT 2900
2015-01-28 12:23:20 - SIGINT to2900 successful
2015-01-28 12:23:20 - Finished jenkins
2015-01-28 12:23:21 - Starting C:\Program Files (x86)\Jenkins\jre\bin\java -Xrs -Xmx256m -Dhudson.lifecycle=hudson.lifecycle.WindowsServiceLifecycle -jar "C:\Program Files (x86)\Jenkins\jenkins.war" --httpPort=8080
2015-01-28 12:23:21 - Started 5764
2015-01-28 16:31:19 - Stopping jenkins
2015-01-28 16:31:19 - ProcessKill 5764
2015-01-28 16:31:19 - Send SIGINT 5764
2015-01-28 16:31:19 - SIGINT to5764 successful
2015-01-28 16:31:19 - Finished jenkins
2015-01-28 16:31:20 - Starting C:\Program Files (x86)\Jenkins\jre\bin\java -Xrs -Xmx256m -Dhudson.lifecycle=hudson.lifecycle.WindowsServiceLifecycle -jar "C:\Program Files (x86)\Jenkins\jenkins.war" --httpPort=8080
2015-01-28 16:31:21 - Started 2648
2015-01-29 10:16:39 - Stopping jenkins
2015-01-29 10:16:39 - ProcessKill 2648
2015-01-29 10:16:39 - Send SIGINT 2648
2015-01-29 10:16:39 - SIGINT to2648 successful
2015-01-29 10:16:39 - Finished jenkins
2015-01-29 10:16:40 - Starting C:\Program Files (x86)\Jenkins\jre\bin\java -Xrs -Xmx256m -Dhudson.lifecycle=hudson.lifecycle.WindowsServiceLifecycle -jar "C:\Program Files (x86)\Jenkins\jenkins.war" --httpPort=8080
2015-01-29 10:16:40 - Started 4632
2015-01-29 13:58:04 - Stopping jenkins
2015-01-29 13:58:04 - ProcessKill 4632
2015-01-29 13:58:04 - Send SIGINT 4632
2015-01-29 13:58:05 - Finished jenkins
2015-01-29 13:58:06 - Starting C:\Program Files (x86)\Jenkins\jre\bin\java -Xrs -Xmx256m -Dhudson.lifecycle=hudson.lifecycle.WindowsServiceLifecycle -jar "C:\Program Files (x86)\Jenkins\jenkins.war" --httpPort=8080
2015-01-29 13:58:06 - Started 5248
2015-01-29 16:00:46 - Starting C:\Program Files (x86)\Jenkins\jre\bin\java -Xrs -Xmx256m -Dhudson.lifecycle=hudson.lifecycle.WindowsServiceLifecycle -jar "C:\Program Files (x86)\Jenkins\jenkins.war" --httpPort=8080
2015-01-29 16:00:46 - Started 948
2015-01-29 16:01:23 - Starting C:\Program Files (x86)\Jenkins\jre\bin\java -Xrs -Xmx256m -Dhudson.lifecycle=hudson.lifecycle.WindowsServiceLifecycle -jar "C:\Program Files (x86)\Jenkins\jenkins.war" --httpPort=8080
2015-01-29 16:01:23 - Started 5516
2015-01-29 16:05:16 - Starting C:\Program Files (x86)\Jenkins\jre\bin\java -Xrs -Xmx256m -Dhudson.lifecycle=hudson.lifecycle.WindowsServiceLifecycle -jar "C:\Program Files (x86)\Jenkins\jenkins.war" --httpPort=8080
2015-01-29 16:05:16 - Started 2436
2015-01-29 16:08:54 - Starting C:\Program Files (x86)\Jenkins\jre\bin\java -Xrs -Xmx256m -Dhudson.lifecycle=hudson.lifecycle.WindowsServiceLifecycle -jar "C:\Program Files (x86)\Jenkins\jenkins.war" --httpPort=8080
2015-01-29 16:08:54 - Started 5480
2015-01-29 16:16:51 - Starting C:\Program Files (x86)\Jenkins\jre\bin\java -Xrs -Xmx256m -Dhudson.lifecycle=hudson.lifecycle.WindowsServiceLifecycle -jar "C:\Program Files (x86)\Jenkins\jenkins.war" --httpPort=8080
2015-01-29 16:16:51 - Started 5716
2015-01-29 16:18:16 - Starting C:\Program Files (x86)\Jenkins\jre\bin\java -Xrs -Xmx256m -Dhudson.lifecycle=hudson.lifecycle.WindowsServiceLifecycle -jar "C:\Program Files (x86)\Jenkins\jenkins.war" --httpPort=8080
2015-01-29 16:18:16 - Started 5704
2015-01-29 16:18:51 - Starting C:\Program Files (x86)\Jenkins\jre\bin\java -Xrs -Xmx256m -Dhudson.lifecycle=hudson.lifecycle.WindowsServiceLifecycle -jar "C:\Program Files (x86)\Jenkins\jenkins.war" --httpPort=8080
2015-01-29 16:18:51 - Started 4496
2015-01-29 16:22:30 - Stopping jenkins
2015-01-29 16:22:30 - ProcessKill 4496
2015-01-29 16:22:30 - Send SIGINT 4496
2015-01-29 16:22:30 - SIGINT to4496 successful
2015-01-29 16:22:30 - Finished jenkins
2015-01-29 16:22:33 - Starting C:\Program Files (x86)\Jenkins\jre\bin\java -Xrs -Xmx256m -Dhudson.lifecycle=hudson.lifecycle.WindowsServiceLifecycle -jar "C:\Program Files (x86)\Jenkins\jenkins.war" --httpPort=8080
2015-01-29 16:22:33 - Started 5040
2015-01-29 16:35:28 - Stopping jenkins
2015-01-29 16:35:28 - ProcessKill 5040
2015-01-29 16:35:28 - Send SIGINT 5040
2015-01-29 16:35:28 - Finished jenkins
2015-01-29 16:35:31 - Starting C:\Program Files (x86)\Jenkins\jre\bin\java -Xrs -Xmx256m -Dhudson.lifecycle=hudson.lifecycle.WindowsServiceLifecycle -jar "C:\Program Files (x86)\Jenkins\jenkins.war" --httpPort=8080
2015-01-29 16:35:31 - Started 4452
2015-01-29 16:39:56 - Stopping jenkins
2015-01-29 16:39:56 - ProcessKill 4452
2015-01-29 16:39:56 - Send SIGINT 4452
2015-01-29 16:39:56 - SIGINT to4452 successful
2015-01-29 16:39:56 - Finished jenkins
2015-01-29 16:39:59 - Starting C:\Program Files (x86)\Jenkins\jre\bin\java -Xrs -Xmx256m -Dhudson.lifecycle=hudson.lifecycle.WindowsServiceLifecycle -jar "C:\Program Files (x86)\Jenkins\jenkins.war" --httpPort=8080
2015-01-29 16:39:59 - Started 3952
2015-01-29 17:00:12 - Stopping jenkins
2015-01-29 17:00:12 - ProcessKill 3952
2015-01-29 17:00:12 - Send SIGINT 3952
2015-01-29 17:00:12 - Finished jenkins
2015-01-29 17:00:15 - Starting C:\Program Files (x86)\Jenkins\jre\bin\java -Xrs -Xmx256m -Dhudson.lifecycle=hudson.lifecycle.WindowsServiceLifecycle -jar "C:\Program Files (x86)\Jenkins\jenkins.war" --httpPort=8080
2015-01-29 17:00:15 - Started 3888
2015-01-29 17:00:48 - Stopping jenkins
2015-01-29 17:00:48 - ProcessKill 3888
2015-01-29 17:00:49 - Send SIGINT 3888
2015-01-29 17:00:49 - SIGINT to3888 successful
2015-01-29 17:00:49 - Finished jenkins
2015-01-29 17:00:52 - Starting C:\Program Files (x86)\Jenkins\jre\bin\java -Xrs -Xmx256m -Dhudson.lifecycle=hudson.lifecycle.WindowsServiceLifecycle -jar "C:\Program Files (x86)\Jenkins\jenkins.war" --httpPort=8080
2015-01-29 17:00:52 - Started 5468
2015-01-30 11:54:31 - Stopping jenkins
2015-01-30 11:54:31 - ProcessKill 5468
2015-01-30 11:54:31 - Send SIGINT 5468
2015-01-30 11:54:31 - SIGINT to5468 successful
2015-01-30 11:54:31 - Finished jenkins
2015-02-02 09:43:23 - Starting C:\Program Files (x86)\Jenkins\jre\bin\java -Xrs -Xmx256m -Dhudson.lifecycle=hudson.lifecycle.WindowsServiceLifecycle -jar "C:\Program Files (x86)\Jenkins\jenkins.war" --httpPort=8080
2015-02-02 09:43:23 - Started 4208
2015-02-09 09:04:02 - Stopping jenkins
2015-02-09 09:04:02 - ProcessKill 4208
2015-02-09 09:04:03 - Send SIGINT 4208
2015-02-09 09:04:03 - SIGINT to4208 successful
2015-02-09 09:04:03 - Finished jenkins
2015-02-09 09:04:07 - Starting C:\Program Files (x86)\Jenkins\jre\bin\java -Xrs -Xmx256m -Dhudson.lifecycle=hudson.lifecycle.WindowsServiceLifecycle -jar "C:\Program Files (x86)\Jenkins\jenkins.war" --httpPort=8080
2015-02-09 09:04:07 - Started 5788
2015-02-11 15:36:27 - Stopping jenkins
2015-02-11 15:36:27 - ProcessKill 5788
2015-02-11 15:36:29 - Shutdown exception
Message:A system shutdown is in progress. (Exception from HRESULT: 0x8007045B)
Stacktrace:   at System.Runtime.InteropServices.Marshal.ThrowExceptionForHRInternal(Int32 errorCode, IntPtr errorInfo)
   at System.Management.ManagementScope.InitializeGuts(Object o)
   at System.Management.ManagementScope.Initialize()
   at System.Management.ManagementObjectSearcher.Initialize()
   at System.Management.ManagementObjectSearcher.Get()
   at winsw.WrapperService.StopProcessAndChildren(Int32 pid)
   at winsw.WrapperService.StopIt()
   at winsw.WrapperService.OnShutdown()
2015-02-12 08:59:09 - Starting C:\Program Files (x86)\Jenkins\jre\bin\java -Xrs -Xmx256m -Dhudson.lifecycle=hudson.lifecycle.WindowsServiceLifecycle -jar "C:\Program Files (x86)\Jenkins\jenkins.war" --httpPort=8080
2015-02-12 08:59:10 - Started 1796
2015-02-13 12:54:34 - Stopping jenkins
2015-02-13 12:54:34 - ProcessKill 1796
2015-02-13 12:54:34 - Send SIGINT 1796
2015-02-13 12:54:34 - SIGINT to1796 successful
2015-02-13 12:54:34 - Finished jenkins
2015-02-13 12:54:38 - Starting C:\Program Files (x86)\Jenkins\jre\bin\java -Xrs -Xmx256m -Dhudson.lifecycle=hudson.lifecycle.WindowsServiceLifecycle -jar "C:\Program Files (x86)\Jenkins\jenkins.war" --httpPort=8080
2015-02-13 12:54:38 - Started 1916
2015-03-15 12:50:40 - Stopping jenkins
2015-03-15 12:50:40 - ProcessKill 1916
2015-03-15 12:50:40 - Send SIGINT 1916
2015-03-15 12:50:40 - SIGINT to1916 successful
2015-03-15 12:50:40 - Finished jenkins
2015-03-15 12:53:09 - Starting C:\Program Files (x86)\Jenkins\jre\bin\java -Xrs -Xmx256m -Dhudson.lifecycle=hudson.lifecycle.WindowsServiceLifecycle -jar "C:\Program Files (x86)\Jenkins\jenkins.war" --httpPort=8080
2015-03-15 12:53:10 - Started 1868
2015-03-15 12:54:00 - Stopping jenkins
2015-03-15 12:54:00 - ProcessKill 1868
2015-03-15 12:54:01 - Send SIGINT 1868
2015-03-15 12:54:03 - SIGINT to1868 successful
2015-03-15 12:54:03 - Finished jenkins
2015-03-15 12:54:57 - Starting C:\Program Files (x86)\Jenkins\jre\bin\java -Xrs -Xmx256m -Dhudson.lifecycle=hudson.lifecycle.WindowsServiceLifecycle -jar "C:\Program Files (x86)\Jenkins\jenkins.war" --httpPort=8080
2015-03-15 12:54:57 - Started 1860
2015-03-15 12:56:39 - Stopping jenkins
2015-03-15 12:56:39 - ProcessKill 1860
2015-03-15 12:56:39 - Send SIGINT 1860
2015-03-15 12:56:39 - SIGINT to1860 successful
2015-03-15 12:56:39 - Finished jenkins
2015-03-15 12:57:35 - Starting C:\Program Files (x86)\Jenkins\jre\bin\java -Xrs -Xmx256m -Dhudson.lifecycle=hudson.lifecycle.WindowsServiceLifecycle -jar "C:\Program Files (x86)\Jenkins\jenkins.war" --httpPort=8080
2015-03-15 12:57:36 - Started 1868
2015-04-23 01:00:06 - Stopping jenkins
2015-04-23 01:00:06 - ProcessKill 1868
2015-04-23 01:00:07 - Send SIGINT 1868
2015-04-23 01:00:08 - SIGINT to1868 successful
2015-04-23 01:00:08 - Finished jenkins
2015-04-29 15:28:07 - Starting C:\Program Files (x86)\Jenkins\jre\bin\java -Xrs -Xmx256m -Dhudson.lifecycle=hudson.lifecycle.WindowsServiceLifecycle -jar "C:\Program Files (x86)\Jenkins\jenkins.war" --httpPort=8080
2015-04-29 15:28:07 - Started 4988
2015-05-01 02:13:24 - Stopping jenkins
2015-05-01 02:13:24 - ProcessKill 4988
2015-05-01 02:13:24 - Send SIGINT 4988
2015-05-01 02:13:24 - SIGINT to4988 successful
2015-05-01 02:13:24 - Finished jenkins
2015-05-01 02:15:32 - Starting C:\Program Files (x86)\Jenkins\jre\bin\java -Xrs -Xmx256m -Dhudson.lifecycle=hudson.lifecycle.WindowsServiceLifecycle -jar "C:\Program Files (x86)\Jenkins\jenkins.war" --httpPort=8080
2015-05-01 02:15:33 - Started 1976
2015-05-16 01:51:15 - Stopping jenkins
2015-05-16 01:51:15 - ProcessKill 1976
2015-05-16 01:51:16 - Send SIGINT 1976
2015-05-16 01:51:16 - SIGINT to1976 successful
2015-05-16 01:51:16 - Finished jenkins
2015-05-16 01:54:45 - Starting C:\Program Files (x86)\Jenkins\jre\bin\java -Xrs -Xmx256m -Dhudson.lifecycle=hudson.lifecycle.WindowsServiceLifecycle -jar "C:\Program Files (x86)\Jenkins\jenkins.war" --httpPort=8080
2015-05-16 01:54:45 - Started 1780
2015-05-17 01:24:05 - Stopping jenkins
2015-05-17 01:24:05 - ProcessKill 1780
2015-05-17 01:24:06 - Send SIGINT 1780
2015-05-17 01:24:06 - SIGINT to1780 successful
2015-05-17 01:24:06 - Finished jenkins
2015-05-17 01:26:00 - Starting C:\Program Files (x86)\Jenkins\jre\bin\java -Xrs -Xmx256m -Dhudson.lifecycle=hudson.lifecycle.WindowsServiceLifecycle -jar "C:\Program Files (x86)\Jenkins\jenkins.war" --httpPort=8080
2015-05-17 01:26:01 - Started 1864
2015-06-13 14:19:27 - Stopping jenkins
2015-06-13 14:19:27 - ProcessKill 1864
2015-06-13 14:19:28 - Shutdown exception
Message:A system shutdown is in progress. (Exception from HRESULT: 0x8007045B)
Stacktrace:   at System.Runtime.InteropServices.Marshal.ThrowExceptionForHRInternal(Int32 errorCode, IntPtr errorInfo)
   at System.Management.ManagementScope.InitializeGuts(Object o)
   at System.Management.ManagementScope.Initialize()
   at System.Management.ManagementObjectSearcher.Initialize()
   at System.Management.ManagementObjectSearcher.Get()
   at winsw.WrapperService.StopProcessAndChildren(Int32 pid)
   at winsw.WrapperService.StopIt()
   at winsw.WrapperService.OnShutdown()
2015-06-13 14:21:49 - Starting C:\Program Files (x86)\Jenkins\jre\bin\java -Xrs -Xmx256m -Dhudson.lifecycle=hudson.lifecycle.WindowsServiceLifecycle -jar "C:\Program Files (x86)\Jenkins\jenkins.war" --httpPort=8080
2015-06-13 14:21:50 - Started 2036
2015-06-29 15:47:54 - Stopping jenkins
2015-06-29 15:47:54 - ProcessKill 2036
2015-06-29 15:47:55 - Shutdown exception
Message:A system shutdown is in progress. (Exception from HRESULT: 0x8007045B)
Stacktrace:   at System.Runtime.InteropServices.Marshal.ThrowExceptionForHRInternal(Int32 errorCode, IntPtr errorInfo)
   at System.Management.ManagementScope.InitializeGuts(Object o)
   at System.Management.ManagementScope.Initialize()
   at System.Management.ManagementObjectSearcher.Initialize()
   at System.Management.ManagementObjectSearcher.Get()
   at winsw.WrapperService.StopProcessAndChildren(Int32 pid)
   at winsw.WrapperService.StopIt()
   at winsw.WrapperService.OnShutdown()
2015-07-08 09:05:53 - Starting C:\Program Files (x86)\Jenkins\jre\bin\java -Xrs -Xmx256m -Dhudson.lifecycle=hudson.lifecycle.WindowsServiceLifecycle -jar "C:\Program Files (x86)\Jenkins\jenkins.war" --httpPort=8080
2015-07-08 09:05:53 - Started 3624
2015-07-27 17:46:01 - Stopping jenkins
2015-07-27 17:46:01 - ProcessKill 3624
2015-07-27 17:46:02 - Shutdown exception
Message:A system shutdown is in progress. (Exception from HRESULT: 0x8007045B)
Stacktrace:   at System.Runtime.InteropServices.Marshal.ThrowExceptionForHRInternal(Int32 errorCode, IntPtr errorInfo)
   at System.Management.ManagementScope.InitializeGuts(Object o)
   at System.Management.ManagementScope.Initialize()
   at System.Management.ManagementObjectSearcher.Initialize()
   at System.Management.ManagementObjectSearcher.Get()
   at winsw.WrapperService.StopProcessAndChildren(Int32 pid)
   at winsw.WrapperService.StopIt()
   at winsw.WrapperService.OnShutdown()
2015-07-27 17:49:07 - Starting C:\Program Files (x86)\Jenkins\jre\bin\java -Xrs -Xmx256m -Dhudson.lifecycle=hudson.lifecycle.WindowsServiceLifecycle -jar "C:\Program Files (x86)\Jenkins\jenkins.war" --httpPort=8080
2015-07-27 17:49:07 - Started 1876
2015-07-28 19:02:38 - Stopping jenkins
2015-07-28 19:02:38 - ProcessKill 1876
2015-07-28 19:02:39 - Shutdown exception
Message:A system shutdown is in progress. (Exception from HRESULT: 0x8007045B)
Stacktrace:   at System.Runtime.InteropServices.Marshal.ThrowExceptionForHRInternal(Int32 errorCode, IntPtr errorInfo)
   at System.Management.ManagementScope.InitializeGuts(Object o)
   at System.Management.ManagementScope.Initialize()
   at System.Management.ManagementObjectSearcher.Initialize()
   at System.Management.ManagementObjectSearcher.Get()
   at winsw.WrapperService.StopProcessAndChildren(Int32 pid)
   at winsw.WrapperService.StopIt()
   at winsw.WrapperService.OnShutdown()
2015-07-28 19:03:42 - Starting C:\Program Files (x86)\Jenkins\jre\bin\java -Xrs -Xmx256m -Dhudson.lifecycle=hudson.lifecycle.WindowsServiceLifecycle -jar "C:\Program Files (x86)\Jenkins\jenkins.war" --httpPort=8080
2015-07-28 19:03:43 - Started 1932
2015-07-29 19:40:51 - Stopping jenkins
2015-07-29 19:40:51 - ProcessKill 1932
2015-07-29 19:40:52 - Shutdown exception
Message:A system shutdown is in progress. (Exception from HRESULT: 0x8007045B)
Stacktrace:   at System.Runtime.InteropServices.Marshal.ThrowExceptionForHRInternal(Int32 errorCode, IntPtr errorInfo)
   at System.Management.ManagementScope.InitializeGuts(Object o)
   at System.Management.ManagementScope.Initialize()
   at System.Management.ManagementObjectSearcher.Initialize()
   at System.Management.ManagementObjectSearcher.Get()
   at winsw.WrapperService.StopProcessAndChildren(Int32 pid)
   at winsw.WrapperService.StopIt()
   at winsw.WrapperService.OnShutdown()
2015-07-29 19:42:29 - Starting C:\Program Files (x86)\Jenkins\jre\bin\java -Xrs -Xmx256m -Dhudson.lifecycle=hudson.lifecycle.WindowsServiceLifecycle -jar "C:\Program Files (x86)\Jenkins\jenkins.war" --httpPort=8080
2015-07-29 19:42:29 - Started 1848
2015-08-13 14:45:53 - Stopping jenkins
2015-08-13 14:45:53 - ProcessKill 1848
2015-08-13 14:45:53 - Send SIGINT 1848
2015-08-13 14:45:53 - SIGINT to1848 successful
2015-08-13 14:45:53 - Finished jenkins
2015-08-13 14:45:55 - Starting C:\Program Files (x86)\Jenkins\jre\bin\java -Xrs -Xmx256m -Dhudson.lifecycle=hudson.lifecycle.WindowsServiceLifecycle -jar "C:\Program Files (x86)\Jenkins\jenkins.war" --httpPort=8080
2015-08-13 14:45:55 - Started 2160
2015-08-17 12:06:10 - Stopping jenkins
2015-08-17 12:06:10 - ProcessKill 2160
2015-08-17 12:06:11 - Send SIGINT 2160
2015-08-17 12:06:11 - SIGINT to2160 successful
2015-08-17 12:06:11 - Finished jenkins
2015-08-17 12:06:12 - Starting C:\Program Files (x86)\Jenkins\jre\bin\java -Xrs -Xmx256m -Dhudson.lifecycle=hudson.lifecycle.WindowsServiceLifecycle -jar "C:\Program Files (x86)\Jenkins\jenkins.war" --httpPort=8080
2015-08-17 12:06:12 - Started 3772
2015-08-18 09:42:13 - Stopping jenkins
2015-08-18 09:42:13 - ProcessKill 3772
2015-08-18 09:42:13 - Send SIGINT 3772
2015-08-18 09:42:13 - SIGINT to3772 successful
2015-08-18 09:42:13 - Finished jenkins
2015-08-18 09:42:14 - Starting C:\Program Files (x86)\Jenkins\jre\bin\java -Xrs -Xmx256m -Dhudson.lifecycle=hudson.lifecycle.WindowsServiceLifecycle -jar "C:\Program Files (x86)\Jenkins\jenkins.war" --httpPort=8080
2015-08-18 09:42:14 - Started 3944
2015-08-18 09:42:19 - Stopping jenkins
2015-08-18 09:42:19 - ProcessKill 3944
2015-08-18 09:42:19 - Send SIGINT 3944
2015-08-18 09:42:19 - SIGINT to3944 successful
2015-08-18 09:42:19 - Finished jenkins
2015-08-18 09:42:49 - Starting C:\Program Files (x86)\Jenkins\jre\bin\java -Xrs -Xmx256m -Dhudson.lifecycle=hudson.lifecycle.WindowsServiceLifecycle -jar "C:\Program Files (x86)\Jenkins\jenkins.war" --httpPort=8080
2015-08-18 09:42:49 - Started 2860
2015-08-18 09:55:34 - Stopping jenkins
2015-08-18 09:55:34 - ProcessKill 2860
2015-08-18 09:55:34 - Send SIGINT 2860
2015-08-18 09:55:34 - SIGINT to2860 successful
2015-08-18 09:55:34 - Finished jenkins
2015-08-18 09:55:35 - Starting C:\Program Files (x86)\Jenkins\jre\bin\java -Xrs -Xmx256m -Dhudson.lifecycle=hudson.lifecycle.WindowsServiceLifecycle -jar "C:\Program Files (x86)\Jenkins\jenkins.war" --httpPort=8080
2015-08-18 09:55:35 - Started 2768
2015-08-20 15:26:15 - Stopping jenkins
2015-08-20 15:26:15 - ProcessKill 2768
2015-08-20 15:26:17 - Shutdown exception
Message:A system shutdown is in progress. (Exception from HRESULT: 0x8007045B)
Stacktrace:   at System.Runtime.InteropServices.Marshal.ThrowExceptionForHRInternal(Int32 errorCode, IntPtr errorInfo)
   at System.Management.ManagementScope.InitializeGuts(Object o)
   at System.Management.ManagementScope.Initialize()
   at System.Management.ManagementObjectSearcher.Initialize()
   at System.Management.ManagementObjectSearcher.Get()
   at winsw.WrapperService.StopProcessAndChildren(Int32 pid)
   at winsw.WrapperService.StopIt()
   at winsw.WrapperService.OnShutdown()
2015-08-20 15:29:58 - Starting C:\Program Files (x86)\Jenkins\jre\bin\java -Xrs -Xmx256m -Dhudson.lifecycle=hudson.lifecycle.WindowsServiceLifecycle -jar "C:\Program Files (x86)\Jenkins\jenkins.war" --httpPort=8080
2015-08-20 15:29:58 - Started 1892
2015-08-21 03:21:51 - Stopping jenkins
2015-08-21 03:21:51 - ProcessKill 1892
2015-08-21 03:21:52 - Shutdown exception
Message:A system shutdown is in progress. (Exception from HRESULT: 0x8007045B)
Stacktrace:   at System.Runtime.InteropServices.Marshal.ThrowExceptionForHRInternal(Int32 errorCode, IntPtr errorInfo)
   at System.Management.ManagementScope.InitializeGuts(Object o)
   at System.Management.ManagementScope.Initialize()
   at System.Management.ManagementObjectSearcher.Initialize()
   at System.Management.ManagementObjectSearcher.Get()
   at winsw.WrapperService.StopProcessAndChildren(Int32 pid)
   at winsw.WrapperService.StopIt()
   at winsw.WrapperService.OnShutdown()
2015-08-21 03:23:26 - Starting C:\Program Files (x86)\Jenkins\jre\bin\java -Xrs -Xmx256m -Dhudson.lifecycle=hudson.lifecycle.WindowsServiceLifecycle -jar "C:\Program Files (x86)\Jenkins\jenkins.war" --httpPort=8080
2015-08-21 03:23:27 - Started 1880
2015-09-10 02:48:23 - Stopping jenkins
2015-09-10 02:48:23 - ProcessKill 1880
2015-09-10 02:48:24 - Shutdown exception
Message:A system shutdown is in progress. (Exception from HRESULT: 0x8007045B)
Stacktrace:   at System.Runtime.InteropServices.Marshal.ThrowExceptionForHRInternal(Int32 errorCode, IntPtr errorInfo)
   at System.Management.ManagementScope.InitializeGuts(Object o)
   at System.Management.ManagementScope.Initialize()
   at System.Management.ManagementObjectSearcher.Initialize()
   at System.Management.ManagementObjectSearcher.Get()
   at winsw.WrapperService.StopProcessAndChildren(Int32 pid)
   at winsw.WrapperService.StopIt()
   at winsw.WrapperService.OnShutdown()
2015-09-10 02:52:35 - Starting C:\Program Files (x86)\Jenkins\jre\bin\java -Xrs -Xmx256m -Dhudson.lifecycle=hudson.lifecycle.WindowsServiceLifecycle -jar "C:\Program Files (x86)\Jenkins\jenkins.war" --httpPort=8080
2015-09-10 02:52:35 - Started 1872
2015-09-15 04:49:08 - Stopping jenkins
2015-09-15 04:49:08 - ProcessKill 1872
2015-09-15 04:49:10 - Shutdown exception
Message:A system shutdown is in progress. (Exception from HRESULT: 0x8007045B)
Stacktrace:   at System.Runtime.InteropServices.Marshal.ThrowExceptionForHRInternal(Int32 errorCode, IntPtr errorInfo)
   at System.Management.ManagementScope.InitializeGuts(Object o)
   at System.Management.ManagementScope.Initialize()
   at System.Management.ManagementObjectSearcher.Initialize()
   at System.Management.ManagementObjectSearcher.Get()
   at winsw.WrapperService.StopProcessAndChildren(Int32 pid)
   at winsw.WrapperService.StopIt()
   at winsw.WrapperService.OnShutdown()
2015-09-15 04:53:29 - Starting C:\Program Files (x86)\Jenkins\jre\bin\java -Xrs -Xmx256m -Dhudson.lifecycle=hudson.lifecycle.WindowsServiceLifecycle -jar "C:\Program Files (x86)\Jenkins\jenkins.war" --httpPort=8080
2015-09-15 04:53:29 - Started 1724
2015-09-15 06:38:40 - Stopping jenkins
2015-09-15 06:38:40 - ProcessKill 1724
2015-09-15 06:38:41 - Shutdown exception
Message:A system shutdown is in progress. (Exception from HRESULT: 0x8007045B)
Stacktrace:   at System.Runtime.InteropServices.Marshal.ThrowExceptionForHRInternal(Int32 errorCode, IntPtr errorInfo)
   at System.Management.ManagementScope.InitializeGuts(Object o)
   at System.Management.ManagementScope.Initialize()
   at System.Management.ManagementObjectSearcher.Initialize()
   at System.Management.ManagementObjectSearcher.Get()
   at winsw.WrapperService.StopProcessAndChildren(Int32 pid)
   at winsw.WrapperService.StopIt()
   at winsw.WrapperService.OnShutdown()
2015-09-15 06:40:01 - Starting C:\Program Files (x86)\Jenkins\jre\bin\java -Xrs -Xmx256m -Dhudson.lifecycle=hudson.lifecycle.WindowsServiceLifecycle -jar "C:\Program Files (x86)\Jenkins\jenkins.war" --httpPort=8080
2015-09-15 06:40:01 - Started 1816
2015-09-19 02:28:17 - Stopping jenkins
2015-09-19 02:28:17 - ProcessKill 1816
2015-09-19 02:28:19 - Shutdown exception
Message:A system shutdown is in progress. (Exception from HRESULT: 0x8007045B)
Stacktrace:   at System.Runtime.InteropServices.Marshal.ThrowExceptionForHRInternal(Int32 errorCode, IntPtr errorInfo)
   at System.Management.ManagementScope.InitializeGuts(Object o)
   at System.Management.ManagementScope.Initialize()
   at System.Management.ManagementObjectSearcher.Initialize()
   at System.Management.ManagementObjectSearcher.Get()
   at winsw.WrapperService.StopProcessAndChildren(Int32 pid)
   at winsw.WrapperService.StopIt()
   at winsw.WrapperService.OnShutdown()
2015-09-19 02:31:32 - Starting C:\Program Files (x86)\Jenkins\jre\bin\java -Xrs -Xmx256m -Dhudson.lifecycle=hudson.lifecycle.WindowsServiceLifecycle -jar "C:\Program Files (x86)\Jenkins\jenkins.war" --httpPort=8080
2015-09-19 02:31:35 - Started 1804
2015-09-20 03:07:10 - Stopping jenkins
2015-09-20 03:07:10 - ProcessKill 1804
2015-09-20 03:07:11 - Shutdown exception
Message:A system shutdown is in progress. (Exception from HRESULT: 0x8007045B)
Stacktrace:   at System.Runtime.InteropServices.Marshal.ThrowExceptionForHRInternal(Int32 errorCode, IntPtr errorInfo)
   at System.Management.ManagementScope.InitializeGuts(Object o)
   at System.Management.ManagementScope.Initialize()
   at System.Management.ManagementObjectSearcher.Initialize()
   at System.Management.ManagementObjectSearcher.Get()
   at winsw.WrapperService.StopProcessAndChildren(Int32 pid)
   at winsw.WrapperService.StopIt()
   at winsw.WrapperService.OnShutdown()
2015-09-20 03:08:21 - Starting C:\Program Files (x86)\Jenkins\jre\bin\java -Xrs -Xmx256m -Dhudson.lifecycle=hudson.lifecycle.WindowsServiceLifecycle -jar "C:\Program Files (x86)\Jenkins\jenkins.war" --httpPort=8080
2015-09-20 03:08:21 - Started 1812
2015-10-14 06:05:53 - Stopping jenkins
2015-10-14 06:05:53 - ProcessKill 1812
2015-10-14 06:05:54 - Shutdown exception
Message:A system shutdown is in progress. (Exception from HRESULT: 0x8007045B)
Stacktrace:   at System.Runtime.InteropServices.Marshal.ThrowExceptionForHRInternal(Int32 errorCode, IntPtr errorInfo)
   at System.Management.ManagementScope.InitializeGuts(Object o)
   at System.Management.ManagementScope.Initialize()
   at System.Management.ManagementObjectSearcher.Initialize()
   at System.Management.ManagementObjectSearcher.Get()
   at winsw.WrapperService.StopProcessAndChildren(Int32 pid)
   at winsw.WrapperService.StopIt()
   at winsw.WrapperService.OnShutdown()
2015-10-14 06:09:32 - Starting C:\Program Files (x86)\Jenkins\jre\bin\java -Xrs -Xmx256m -Dhudson.lifecycle=hudson.lifecycle.WindowsServiceLifecycle -jar "C:\Program Files (x86)\Jenkins\jenkins.war" --httpPort=8080
2015-10-14 06:09:33 - Started 1924
2015-11-04 12:40:09 - Stopping jenkins
2015-11-04 12:40:09 - ProcessKill 1924
2015-11-04 12:40:09 - Send SIGINT 1924
2015-11-04 12:40:09 - SIGINT to1924 successful
2015-11-04 12:40:09 - Finished jenkins
2015-11-04 12:40:10 - Starting C:\Program Files (x86)\Jenkins\jre\bin\java -Xrs -Xmx256m -Dhudson.lifecycle=hudson.lifecycle.WindowsServiceLifecycle -jar "C:\Program Files (x86)\Jenkins\jenkins.war" --httpPort=8080
2015-11-04 12:40:10 - Started 3468
2015-11-04 12:53:58 - Stopping jenkins
2015-11-04 12:53:58 - ProcessKill 3468
2015-11-04 12:53:59 - Send SIGINT 3468
2015-11-04 12:53:59 - SIGINT to3468 successful
2015-11-04 12:53:59 - Finished jenkins
2015-11-04 12:54:21 - Starting C:\Program Files (x86)\Jenkins\jre\bin\java -Xrs -Xmx256m -Dhudson.lifecycle=hudson.lifecycle.WindowsServiceLifecycle -jar "C:\Program Files (x86)\Jenkins\jenkins.war" --httpPort=8080
2015-11-04 12:54:21 - Started 3240
2015-12-08 21:16:08 - Stopping jenkins
2015-12-08 21:16:08 - ProcessKill 3240
2015-12-08 21:16:08 - Send SIGINT 3240
2015-12-08 21:16:08 - SIGINT to3240 successful
2015-12-08 21:16:08 - Finished jenkins
2015-12-08 21:19:49 - Starting C:\Program Files (x86)\Jenkins\jre\bin\java -Xrs -Xmx256m -Dhudson.lifecycle=hudson.lifecycle.WindowsServiceLifecycle -jar "C:\Program Files (x86)\Jenkins\jenkins.war" --httpPort=8080
2015-12-08 21:19:50 - Started 1904
2015-12-08 21:22:39 - Stopping jenkins
2015-12-08 21:22:39 - ProcessKill 1904
2015-12-08 21:22:41 - Shutdown exception
Message:A system shutdown is in progress. (Exception from HRESULT: 0x8007045B)
Stacktrace:   at System.Runtime.InteropServices.Marshal.ThrowExceptionForHRInternal(Int32 errorCode, IntPtr errorInfo)
   at System.Management.ManagementScope.InitializeGuts(Object o)
   at System.Management.ManagementScope.Initialize()
   at System.Management.ManagementObjectSearcher.Initialize()
   at System.Management.ManagementObjectSearcher.Get()
   at winsw.WrapperService.StopProcessAndChildren(Int32 pid)
   at winsw.WrapperService.StopIt()
   at winsw.WrapperService.OnShutdown()
2015-12-08 21:23:57 - Starting C:\Program Files (x86)\Jenkins\jre\bin\java -Xrs -Xmx256m -Dhudson.lifecycle=hudson.lifecycle.WindowsServiceLifecycle -jar "C:\Program Files (x86)\Jenkins\jenkins.war" --httpPort=8080
2015-12-08 21:23:57 - Started 1824
2015-12-11 05:21:06 - Stopping jenkins
2015-12-11 05:21:06 - ProcessKill 1824
2015-12-11 05:21:07 - Shutdown exception
Message:A system shutdown is in progress. (Exception from HRESULT: 0x8007045B)
Stacktrace:   at System.Runtime.InteropServices.Marshal.ThrowExceptionForHRInternal(Int32 errorCode, IntPtr errorInfo)
   at System.Management.ManagementScope.InitializeGuts(Object o)
   at System.Management.ManagementScope.Initialize()
   at System.Management.ManagementObjectSearcher.Initialize()
   at System.Management.ManagementObjectSearcher.Get()
   at winsw.WrapperService.StopProcessAndChildren(Int32 pid)
   at winsw.WrapperService.StopIt()
   at winsw.WrapperService.OnShutdown()
2015-12-11 05:23:36 - Starting C:\Program Files (x86)\Jenkins\jre\bin\java -Xrs -Xmx256m -Dhudson.lifecycle=hudson.lifecycle.WindowsServiceLifecycle -jar "C:\Program Files (x86)\Jenkins\jenkins.war" --httpPort=8080
2015-12-11 05:23:38 - Started 1952
2015-12-19 04:52:41 - Stopping jenkins
2015-12-19 04:52:41 - ProcessKill 1952
2015-12-19 04:52:42 - Shutdown exception
Message:A system shutdown is in progress. (Exception from HRESULT: 0x8007045B)
Stacktrace:   at System.Runtime.InteropServices.Marshal.ThrowExceptionForHRInternal(Int32 errorCode, IntPtr errorInfo)
   at System.Management.ManagementScope.InitializeGuts(Object o)
   at System.Management.ManagementScope.Initialize()
   at System.Management.ManagementObjectSearcher.Initialize()
   at System.Management.ManagementObjectSearcher.Get()
   at winsw.WrapperService.StopProcessAndChildren(Int32 pid)
   at winsw.WrapperService.StopIt()
   at winsw.WrapperService.OnShutdown()
2015-12-19 04:55:07 - Starting C:\Program Files (x86)\Jenkins\jre\bin\java -Xrs -Xmx256m -Dhudson.lifecycle=hudson.lifecycle.WindowsServiceLifecycle -jar "C:\Program Files (x86)\Jenkins\jenkins.war" --httpPort=8080
2015-12-19 04:55:07 - Started 1888
2016-01-09 07:22:32 - Stopping jenkins
2016-01-09 07:22:32 - ProcessKill 1888
2016-01-09 07:22:33 - Shutdown exception
Message:A system shutdown is in progress. (Exception from HRESULT: 0x8007045B)
Stacktrace:   at System.Runtime.InteropServices.Marshal.ThrowExceptionForHRInternal(Int32 errorCode, IntPtr errorInfo)
   at System.Management.ManagementScope.InitializeGuts(Object o)
   at System.Management.ManagementScope.Initialize()
   at System.Management.ManagementObjectSearcher.Initialize()
   at System.Management.ManagementObjectSearcher.Get()
   at winsw.WrapperService.StopProcessAndChildren(Int32 pid)
   at winsw.WrapperService.StopIt()
   at winsw.WrapperService.OnShutdown()
2016-01-12 13:10:13 - Starting C:\Program Files (x86)\Jenkins\jre\bin\java -Xrs -Xmx256m -Dhudson.lifecycle=hudson.lifecycle.WindowsServiceLifecycle -jar "C:\Program Files (x86)\Jenkins\jenkins.war" --httpPort=8080
2016-01-12 13:10:14 - Started 1904
2016-01-15 05:47:27 - Stopping jenkins
2016-01-15 05:47:27 - ProcessKill 1904
2016-01-15 05:47:28 - Shutdown exception
Message:A system shutdown is in progress. (Exception from HRESULT: 0x8007045B)
Stacktrace:   at System.Runtime.InteropServices.Marshal.ThrowExceptionForHRInternal(Int32 errorCode, IntPtr errorInfo)
   at System.Management.ManagementScope.InitializeGuts(Object o)
   at System.Management.ManagementScope.Initialize()
   at System.Management.ManagementObjectSearcher.Initialize()
   at System.Management.ManagementObjectSearcher.Get()
   at winsw.WrapperService.StopProcessAndChildren(Int32 pid)
   at winsw.WrapperService.StopIt()
   at winsw.WrapperService.OnShutdown()
2016-01-15 05:48:58 - Starting C:\Program Files (x86)\Jenkins\jre\bin\java -Xrs -Xmx256m -Dhudson.lifecycle=hudson.lifecycle.WindowsServiceLifecycle -jar "C:\Program Files (x86)\Jenkins\jenkins.war" --httpPort=8080
2016-01-15 05:49:00 - Started 1904
2016-02-10 18:01:55 - Stopping jenkins
2016-02-10 18:01:55 - ProcessKill 1904
2016-02-10 18:01:57 - Shutdown exception
Message:A system shutdown is in progress. (Exception from HRESULT: 0x8007045B)
Stacktrace:   at System.Runtime.InteropServices.Marshal.ThrowExceptionForHRInternal(Int32 errorCode, IntPtr errorInfo)
   at System.Management.ManagementScope.InitializeGuts(Object o)
   at System.Management.ManagementScope.Initialize()
   at System.Management.ManagementObjectSearcher.Initialize()
   at System.Management.ManagementObjectSearcher.Get()
   at winsw.WrapperService.StopProcessAndChildren(Int32 pid)
   at winsw.WrapperService.StopIt()
   at winsw.WrapperService.OnShutdown()
2016-02-11 10:03:25 - Starting C:\Program Files (x86)\Jenkins\jre\bin\java -Xrs -Xmx256m -Dhudson.lifecycle=hudson.lifecycle.WindowsServiceLifecycle -jar "C:\Program Files (x86)\Jenkins\jenkins.war" --httpPort=8080
2016-02-11 10:03:26 - Started 1576
2016-03-09 05:50:04 - Stopping jenkins
2016-03-09 05:50:04 - ProcessKill 1576
2016-03-09 05:50:05 - Shutdown exception
Message:A system shutdown is in progress. (Exception from HRESULT: 0x8007045B)
Stacktrace:   at System.Runtime.InteropServices.Marshal.ThrowExceptionForHRInternal(Int32 errorCode, IntPtr errorInfo)
   at System.Management.ManagementScope.InitializeGuts(Object o)
   at System.Management.ManagementScope.Initialize()
   at System.Management.ManagementObjectSearcher.Initialize()
   at System.Management.ManagementObjectSearcher.Get()
   at winsw.WrapperService.StopProcessAndChildren(Int32 pid)
   at winsw.WrapperService.StopIt()
   at winsw.WrapperService.OnShutdown()
2016-03-09 05:51:34 - Starting C:\Program Files (x86)\Jenkins\jre\bin\java -Xrs -Xmx256m -Dhudson.lifecycle=hudson.lifecycle.WindowsServiceLifecycle -jar "C:\Program Files (x86)\Jenkins\jenkins.war" --httpPort=8080
2016-03-09 05:51:35 - Started 1876
2016-03-25 08:15:56 - Stopping jenkins
2016-03-25 08:15:56 - ProcessKill 1876
2016-03-25 08:15:57 - Send SIGINT 1876
2016-03-25 08:15:57 - SIGINT to1876 successful
2016-03-25 08:15:57 - Finished jenkins
2016-03-25 08:15:58 - Starting C:\Program Files (x86)\Jenkins\jre\bin\java -Xrs -Xmx256m -Dhudson.lifecycle=hudson.lifecycle.WindowsServiceLifecycle -jar "C:\Program Files (x86)\Jenkins\jenkins.war" --httpPort=8080
2016-03-25 08:15:58 - Started 900
2016-03-25 09:23:24 - Stopping jenkins
2016-03-25 09:23:24 - ProcessKill 900
2016-03-25 09:23:24 - Send SIGINT 900
2016-03-25 09:23:24 - Finished jenkins
2016-03-25 09:23:25 - Starting C:\Program Files (x86)\Jenkins\jre\bin\java -Xrs -Xmx256m -Dhudson.lifecycle=hudson.lifecycle.WindowsServiceLifecycle -jar "C:\Program Files (x86)\Jenkins\jenkins.war" --httpPort=8080
2016-03-25 09:23:25 - Started 3928
2016-04-26 05:53:23 - Stopping jenkins
2016-04-26 05:53:23 - ProcessKill 3928
2016-04-26 05:53:24 - Shutdown exception
Message:A system shutdown is in progress. (Exception from HRESULT: 0x8007045B)
Stacktrace:   at System.Runtime.InteropServices.Marshal.ThrowExceptionForHRInternal(Int32 errorCode, IntPtr errorInfo)
   at System.Management.ManagementScope.InitializeGuts(Object o)
   at System.Management.ManagementScope.Initialize()
   at System.Management.ManagementObjectSearcher.Initialize()
   at System.Management.ManagementObjectSearcher.Get()
   at winsw.WrapperService.StopProcessAndChildren(Int32 pid)
   at winsw.WrapperService.StopIt()
   at winsw.WrapperService.OnShutdown()
2016-04-26 05:55:38 - Starting C:\Program Files (x86)\Jenkins\jre\bin\java -Xrs -Xmx256m -Dhudson.lifecycle=hudson.lifecycle.WindowsServiceLifecycle -jar "C:\Program Files (x86)\Jenkins\jenkins.war" --httpPort=8080
2016-04-26 05:55:40 - Started 1884
2016-04-26 06:48:24 - Stopping jenkins
2016-04-26 06:48:24 - ProcessKill 1884
2016-04-26 06:48:25 - Shutdown exception
Message:A system shutdown is in progress. (Exception from HRESULT: 0x8007045B)
Stacktrace:   at System.Runtime.InteropServices.Marshal.ThrowExceptionForHRInternal(Int32 errorCode, IntPtr errorInfo)
   at System.Management.ManagementScope.InitializeGuts(Object o)
   at System.Management.ManagementScope.Initialize()
   at System.Management.ManagementObjectSearcher.Initialize()
   at System.Management.ManagementObjectSearcher.Get()
   at winsw.WrapperService.StopProcessAndChildren(Int32 pid)
   at winsw.WrapperService.StopIt()
   at winsw.WrapperService.OnShutdown()
2016-04-26 06:49:34 - Starting C:\Program Files (x86)\Jenkins\jre\bin\java -Xrs -Xmx256m -Dhudson.lifecycle=hudson.lifecycle.WindowsServiceLifecycle -jar "C:\Program Files (x86)\Jenkins\jenkins.war" --httpPort=8080
2016-04-26 06:49:34 - Started 1976
2016-04-28 18:29:04 - Stopping jenkins
2016-04-28 18:29:04 - ProcessKill 1976
2016-04-28 18:29:05 - Shutdown exception
Message:A system shutdown is in progress. (Exception from HRESULT: 0x8007045B)
Stacktrace:   at System.Runtime.InteropServices.Marshal.ThrowExceptionForHRInternal(Int32 errorCode, IntPtr errorInfo)
   at System.Management.ManagementScope.InitializeGuts(Object o)
   at System.Management.ManagementScope.Initialize()
   at System.Management.ManagementObjectSearcher.Initialize()
   at System.Management.ManagementObjectSearcher.Get()
   at winsw.WrapperService.StopProcessAndChildren(Int32 pid)
   at winsw.WrapperService.StopIt()
   at winsw.WrapperService.OnShutdown()
2016-04-28 18:30:30 - Starting C:\Program Files (x86)\Jenkins\jre\bin\java -Xrs -Xmx256m -Dhudson.lifecycle=hudson.lifecycle.WindowsServiceLifecycle -jar "C:\Program Files (x86)\Jenkins\jenkins.war" --httpPort=8080
2016-04-28 18:30:31 - Started 1944
2016-05-05 10:03:15 - Stopping jenkins
2016-05-05 10:03:15 - ProcessKill 1944
2016-05-05 10:03:16 - Shutdown exception
Message:A system shutdown is in progress. (Exception from HRESULT: 0x8007045B)
Stacktrace:   at System.Runtime.InteropServices.Marshal.ThrowExceptionForHRInternal(Int32 errorCode, IntPtr errorInfo)
   at System.Management.ManagementScope.InitializeGuts(Object o)
   at System.Management.ManagementScope.Initialize()
   at System.Management.ManagementObjectSearcher.Initialize()
   at System.Management.ManagementObjectSearcher.Get()
   at winsw.WrapperService.StopProcessAndChildren(Int32 pid)
   at winsw.WrapperService.StopIt()
   at winsw.WrapperService.OnShutdown()
2016-05-05 17:09:54 - Starting C:\Program Files (x86)\Jenkins\jre\bin\java -Xrs -Xmx256m -Dhudson.lifecycle=hudson.lifecycle.WindowsServiceLifecycle -jar "C:\Program Files (x86)\Jenkins\jenkins.war" --httpPort=8080
2016-05-05 17:09:54 - Started 4272
2016-05-11 16:50:13 - Stopping jenkins
2016-05-11 16:50:13 - ProcessKill 4272
2016-05-11 16:50:14 - Shutdown exception
Message:A system shutdown is in progress. (Exception from HRESULT: 0x8007045B)
Stacktrace:   at System.Runtime.InteropServices.Marshal.ThrowExceptionForHRInternal(Int32 errorCode, IntPtr errorInfo)
   at System.Management.ManagementScope.InitializeGuts(Object o)
   at System.Management.ManagementScope.Initialize()
   at System.Management.ManagementObjectSearcher.Initialize()
   at System.Management.ManagementObjectSearcher.Get()
   at winsw.WrapperService.StopProcessAndChildren(Int32 pid)
   at winsw.WrapperService.StopIt()
   at winsw.WrapperService.OnShutdown()
2016-05-11 16:52:28 - Starting C:\Program Files (x86)\Jenkins\jre\bin\java -Xrs -Xmx256m -Dhudson.lifecycle=hudson.lifecycle.WindowsServiceLifecycle -jar "C:\Program Files (x86)\Jenkins\jenkins.war" --httpPort=8080
2016-05-11 16:52:30 - Started 1956
2016-06-15 07:26:20 - Stopping jenkins
2016-06-15 07:26:20 - ProcessKill 1956
2016-06-15 07:26:22 - Shutdown exception
Message:A system shutdown is in progress. (Exception from HRESULT: 0x8007045B)
Stacktrace:   at System.Runtime.InteropServices.Marshal.ThrowExceptionForHRInternal(Int32 errorCode, IntPtr errorInfo)
   at System.Management.ManagementScope.InitializeGuts(Object o)
   at System.Management.ManagementScope.Initialize()
   at System.Management.ManagementObjectSearcher.Initialize()
   at System.Management.ManagementObjectSearcher.Get()
   at winsw.WrapperService.StopProcessAndChildren(Int32 pid)
   at winsw.WrapperService.StopIt()
   at winsw.WrapperService.OnShutdown()
2016-06-15 07:28:44 - Starting C:\Program Files (x86)\Jenkins\jre\bin\java -Xrs -Xmx256m -Dhudson.lifecycle=hudson.lifecycle.WindowsServiceLifecycle -jar "C:\Program Files (x86)\Jenkins\jenkins.war" --httpPort=8080
2016-06-15 07:28:46 - Started 1916
2016-06-28 10:18:57 - Stopping jenkins
2016-06-28 10:18:57 - ProcessKill 1916
2016-06-28 10:18:58 - Shutdown exception
Message:A system shutdown is in progress. (Exception from HRESULT: 0x8007045B)
Stacktrace:   at System.Runtime.InteropServices.Marshal.ThrowExceptionForHRInternal(Int32 errorCode, IntPtr errorInfo)
   at System.Management.ManagementScope.InitializeGuts(Object o)
   at System.Management.ManagementScope.Initialize()
   at System.Management.ManagementObjectSearcher.Initialize()
   at System.Management.ManagementObjectSearcher.Get()
   at winsw.WrapperService.StopProcessAndChildren(Int32 pid)
   at winsw.WrapperService.StopIt()
   at winsw.WrapperService.OnShutdown()
2016-06-28 10:20:48 - Starting C:\Program Files (x86)\Jenkins\jre\bin\java -Xrs -Xmx256m -Dhudson.lifecycle=hudson.lifecycle.WindowsServiceLifecycle -jar "C:\Program Files (x86)\Jenkins\jenkins.war" --httpPort=8080
2016-06-28 10:20:48 - Started 1928
2016-07-12 13:20:55 - Stopping jenkins
2016-07-12 13:20:55 - ProcessKill 1928
2016-07-12 13:20:57 - Shutdown exception
Message:A system shutdown is in progress. (Exception from HRESULT: 0x8007045B)
Stacktrace:   at System.Runtime.InteropServices.Marshal.ThrowExceptionForHRInternal(Int32 errorCode, IntPtr errorInfo)
   at System.Management.ManagementScope.InitializeGuts(Object o)
   at System.Management.ManagementScope.Initialize()
   at System.Management.ManagementObjectSearcher.Initialize()
   at System.Management.ManagementObjectSearcher.Get()
   at winsw.WrapperService.StopProcessAndChildren(Int32 pid)
   at winsw.WrapperService.StopIt()
   at winsw.WrapperService.OnShutdown()
2016-07-12 13:22:41 - Starting C:\Program Files (x86)\Jenkins\jre\bin\java -Xrs -Xmx256m -Dhudson.lifecycle=hudson.lifecycle.WindowsServiceLifecycle -jar "C:\Program Files (x86)\Jenkins\jenkins.war" --httpPort=8080
2016-07-12 13:22:41 - Started 1916
2016-07-13 07:00:44 - Stopping jenkins
2016-07-13 07:00:44 - ProcessKill 1916
2016-07-13 07:00:45 - Shutdown exception
Message:A system shutdown is in progress. (Exception from HRESULT: 0x8007045B)
Stacktrace:   at System.Runtime.InteropServices.Marshal.ThrowExceptionForHRInternal(Int32 errorCode, IntPtr errorInfo)
   at System.Management.ManagementScope.InitializeGuts(Object o)
   at System.Management.ManagementScope.Initialize()
   at System.Management.ManagementObjectSearcher.Initialize()
   at System.Management.ManagementObjectSearcher.Get()
   at winsw.WrapperService.StopProcessAndChildren(Int32 pid)
   at winsw.WrapperService.StopIt()
   at winsw.WrapperService.OnShutdown()
2016-07-13 07:02:39 - Starting C:\Program Files (x86)\Jenkins\jre\bin\java -Xrs -Xmx256m -Dhudson.lifecycle=hudson.lifecycle.WindowsServiceLifecycle -jar "C:\Program Files (x86)\Jenkins\jenkins.war" --httpPort=8080
2016-07-13 07:02:39 - Started 1948
2016-07-26 23:09:31 - Stopping jenkins
2016-07-26 23:09:31 - ProcessKill 1948
2016-07-26 23:09:32 - Shutdown exception
Message:A system shutdown is in progress. (Exception from HRESULT: 0x8007045B)
Stacktrace:   at System.Runtime.InteropServices.Marshal.ThrowExceptionForHRInternal(Int32 errorCode, IntPtr errorInfo)
   at System.Management.ManagementScope.InitializeGuts(Object o)
   at System.Management.ManagementScope.Initialize()
   at System.Management.ManagementObjectSearcher.Initialize()
   at System.Management.ManagementObjectSearcher.Get()
   at winsw.WrapperService.StopProcessAndChildren(Int32 pid)
   at winsw.WrapperService.StopIt()
   at winsw.WrapperService.OnShutdown()
2016-07-26 23:12:26 - Starting C:\Program Files (x86)\Jenkins\jre\bin\java -Xrs -Xmx256m -Dhudson.lifecycle=hudson.lifecycle.WindowsServiceLifecycle -jar "C:\Program Files (x86)\Jenkins\jenkins.war" --httpPort=8080
2016-07-26 23:12:26 - Started 1896
2016-07-28 19:17:54 - Stopping jenkins
2016-07-28 19:17:54 - ProcessKill 1896
2016-07-28 19:17:58 - Shutdown exception
Message:A system shutdown is in progress. (Exception from HRESULT: 0x8007045B)
Stacktrace:   at System.Runtime.InteropServices.Marshal.ThrowExceptionForHRInternal(Int32 errorCode, IntPtr errorInfo)
   at System.Management.ManagementScope.InitializeGuts(Object o)
   at System.Management.ManagementScope.Initialize()
   at System.Management.ManagementObjectSearcher.Initialize()
   at System.Management.ManagementObjectSearcher.Get()
   at winsw.WrapperService.StopProcessAndChildren(Int32 pid)
   at winsw.WrapperService.StopIt()
   at winsw.WrapperService.OnShutdown()
2016-07-28 19:20:37 - Starting C:\Program Files (x86)\Jenkins\jre\bin\java -Xrs -Xmx256m -Dhudson.lifecycle=hudson.lifecycle.WindowsServiceLifecycle -jar "C:\Program Files (x86)\Jenkins\jenkins.war" --httpPort=8080
2016-07-28 19:20:39 - Started 1732
2016-07-29 19:43:21 - Stopping jenkins
2016-07-29 19:43:21 - ProcessKill 1732
2016-07-29 19:43:22 - Shutdown exception
Message:A system shutdown is in progress. (Exception from HRESULT: 0x8007045B)
Stacktrace:   at System.Runtime.InteropServices.Marshal.ThrowExceptionForHRInternal(Int32 errorCode, IntPtr errorInfo)
   at System.Management.ManagementScope.InitializeGuts(Object o)
   at System.Management.ManagementScope.Initialize()
   at System.Management.ManagementObjectSearcher.Initialize()
   at System.Management.ManagementObjectSearcher.Get()
   at winsw.WrapperService.StopProcessAndChildren(Int32 pid)
   at winsw.WrapperService.StopIt()
   at winsw.WrapperService.OnShutdown()
2016-07-29 19:45:12 - Starting C:\Program Files (x86)\Jenkins\jre\bin\java -Xrs -Xmx256m -Dhudson.lifecycle=hudson.lifecycle.WindowsServiceLifecycle -jar "C:\Program Files (x86)\Jenkins\jenkins.war" --httpPort=8080
2016-07-29 19:45:14 - Started 1912
2016-08-02 09:51:40 - Stopping jenkins
2016-08-02 09:51:40 - ProcessKill 1912
2016-08-02 09:51:40 - Send SIGINT 1912
2016-08-02 09:51:40 - SIGINT to1912 successful
2016-08-02 09:51:40 - Finished jenkins
2016-08-02 09:51:41 - Starting C:\Program Files (x86)\Jenkins\jre\bin\java -Xrs -Xmx256m -Dhudson.lifecycle=hudson.lifecycle.WindowsServiceLifecycle -jar "C:\Program Files (x86)\Jenkins\jenkins.war" --httpPort=8080
2016-08-02 09:51:41 - Started 2168
2016-08-02 09:52:57 - Stopping jenkins
2016-08-02 09:52:57 - ProcessKill 2168
2016-08-02 09:52:57 - Send SIGINT 2168
2016-08-02 09:52:57 - SIGINT to2168 successful
2016-08-02 09:52:57 - Finished jenkins
2016-08-02 09:53:00 - Starting C:\Program Files (x86)\Jenkins\jre\bin\java -Xrs -Xmx256m -Dhudson.lifecycle=hudson.lifecycle.WindowsServiceLifecycle -jar "C:\Program Files (x86)\Jenkins\jenkins.war" --httpPort=8080
2016-08-02 09:53:00 - Started 1812
2016-08-04 17:50:47 - Stopping jenkins
2016-08-04 17:50:47 - ProcessKill 1812
2016-08-04 17:50:49 - Shutdown exception
Message:A system shutdown is in progress. (Exception from HRESULT: 0x8007045B)
Stacktrace:   at System.Runtime.InteropServices.Marshal.ThrowExceptionForHRInternal(Int32 errorCode, IntPtr errorInfo)
   at System.Management.ManagementScope.InitializeGuts(Object o)
   at System.Management.ManagementScope.Initialize()
   at System.Management.ManagementObjectSearcher.Initialize()
   at System.Management.ManagementObjectSearcher.Get()
   at winsw.WrapperService.StopProcessAndChildren(Int32 pid)
   at winsw.WrapperService.StopIt()
   at winsw.WrapperService.OnShutdown()
2016-08-04 17:52:25 - Starting C:\Program Files (x86)\Jenkins\jre\bin\java -Xrs -Xmx256m -Dhudson.lifecycle=hudson.lifecycle.WindowsServiceLifecycle -jar "C:\Program Files (x86)\Jenkins\jenkins.war" --httpPort=8080
2016-08-04 17:52:25 - Started 1896
2016-08-10 19:18:07 - Stopping jenkins
2016-08-10 19:18:07 - ProcessKill 1896
2016-08-10 19:18:09 - Shutdown exception
Message:A system shutdown is in progress. (Exception from HRESULT: 0x8007045B)
Stacktrace:   at System.Runtime.InteropServices.Marshal.ThrowExceptionForHRInternal(Int32 errorCode, IntPtr errorInfo)
   at System.Management.ManagementScope.InitializeGuts(Object o)
   at System.Management.ManagementScope.Initialize()
   at System.Management.ManagementObjectSearcher.Initialize()
   at System.Management.ManagementObjectSearcher.Get()
   at winsw.WrapperService.StopProcessAndChildren(Int32 pid)
   at winsw.WrapperService.StopIt()
   at winsw.WrapperService.OnShutdown()
2016-08-11 15:16:22 - Starting C:\Program Files (x86)\Jenkins\jre\bin\java -Xrs -Xmx256m -Dhudson.lifecycle=hudson.lifecycle.WindowsServiceLifecycle -jar "C:\Program Files (x86)\Jenkins\jenkins.war" --httpPort=8080
2016-08-11 15:16:22 - Started 4984
2016-08-12 06:41:25 - Stopping jenkins
2016-08-12 06:41:25 - ProcessKill 4984
2016-08-12 06:41:26 - Shutdown exception
Message:A system shutdown is in progress. (Exception from HRESULT: 0x8007045B)
Stacktrace:   at System.Runtime.InteropServices.Marshal.ThrowExceptionForHRInternal(Int32 errorCode, IntPtr errorInfo)
   at System.Management.ManagementScope.InitializeGuts(Object o)
   at System.Management.ManagementScope.Initialize()
   at System.Management.ManagementObjectSearcher.Initialize()
   at System.Management.ManagementObjectSearcher.Get()
   at winsw.WrapperService.StopProcessAndChildren(Int32 pid)
   at winsw.WrapperService.StopIt()
   at winsw.WrapperService.OnShutdown()
2016-08-12 06:42:32 - Starting C:\Program Files (x86)\Jenkins\jre\bin\java -Xrs -Xmx256m -Dhudson.lifecycle=hudson.lifecycle.WindowsServiceLifecycle -jar "C:\Program Files (x86)\Jenkins\jenkins.war" --httpPort=8080
2016-08-12 06:42:34 - Started 1892
2016-08-22 13:40:26 - Stopping jenkins
2016-08-22 13:40:26 - ProcessKill 1892
2016-08-22 13:40:28 - Shutdown exception
Message:A system shutdown is in progress. (Exception from HRESULT: 0x8007045B)
Stacktrace:   at System.Runtime.InteropServices.Marshal.ThrowExceptionForHRInternal(Int32 errorCode, IntPtr errorInfo)
   at System.Management.ManagementScope.InitializeGuts(Object o)
   at System.Management.ManagementScope.Initialize()
   at System.Management.ManagementObjectSearcher.Initialize()
   at System.Management.ManagementObjectSearcher.Get()
   at winsw.WrapperService.StopProcessAndChildren(Int32 pid)
   at winsw.WrapperService.StopIt()
   at winsw.WrapperService.OnShutdown()
2016-08-22 13:41:52 - Starting C:\Program Files (x86)\Jenkins\jre\bin\java -Xrs -Xmx256m -Dhudson.lifecycle=hudson.lifecycle.WindowsServiceLifecycle -jar "C:\Program Files (x86)\Jenkins\jenkins.war" --httpPort=8080
2016-08-22 13:41:54 - Started 1844
2016-08-24 17:36:49 - Stopping jenkins
2016-08-24 17:36:49 - ProcessKill 1844
2016-08-24 17:36:49 - Send SIGINT 1844
2016-08-24 17:36:49 - SIGINT to1844 successful
2016-08-24 17:36:49 - Finished jenkins
2016-08-24 17:36:50 - Starting C:\Program Files (x86)\Jenkins\jre\bin\java -Xrs -Xmx256m -Dhudson.lifecycle=hudson.lifecycle.WindowsServiceLifecycle -jar "C:\Program Files (x86)\Jenkins\jenkins.war" --httpPort=8080
2016-08-24 17:36:50 - Started 4804
2016-08-24 17:54:51 - Stopping jenkins
2016-08-24 17:54:51 - ProcessKill 4804
2016-08-24 17:54:51 - Send SIGINT 4804
2016-08-24 17:54:51 - SIGINT to4804 successful
2016-08-24 17:54:51 - Finished jenkins
2016-08-24 17:54:52 - Starting C:\Program Files (x86)\Jenkins\jre\bin\java -Xrs -Xmx256m -Dhudson.lifecycle=hudson.lifecycle.WindowsServiceLifecycle -jar "C:\Program Files (x86)\Jenkins\jenkins.war" --httpPort=8080
2016-08-24 17:54:52 - Started 2404
2016-08-31 13:37:32 - Stopping jenkins
2016-08-31 13:37:32 - ProcessKill 2404
2016-08-31 13:37:33 - Shutdown exception
Message:Object server is stopping when OLE service contacts it (Exception from HRESULT: 0x80080008 (CO_E_SERVER_STOPPING))
Stacktrace:   at System.Runtime.InteropServices.Marshal.ThrowExceptionForHRInternal(Int32 errorCode, IntPtr errorInfo)
   at System.Management.ManagementScope.InitializeGuts(Object o)
   at System.Management.ManagementScope.Initialize()
   at System.Management.ManagementObjectSearcher.Initialize()
   at System.Management.ManagementObjectSearcher.Get()
   at winsw.WrapperService.StopProcessAndChildren(Int32 pid)
   at winsw.WrapperService.StopIt()
   at winsw.WrapperService.OnShutdown()
2016-08-31 13:39:04 - Starting C:\Program Files (x86)\Jenkins\jre\bin\java -Xrs -Xmx256m -Dhudson.lifecycle=hudson.lifecycle.WindowsServiceLifecycle -jar "C:\Program Files (x86)\Jenkins\jenkins.war" --httpPort=8080
2016-08-31 13:39:04 - Started 1856
2016-09-15 07:58:58 - Stopping jenkins
2016-09-15 07:58:58 - ProcessKill 1856
2016-09-15 07:58:59 - Shutdown exception
Message:A system shutdown is in progress. (Exception from HRESULT: 0x8007045B)
Stacktrace:   at System.Runtime.InteropServices.Marshal.ThrowExceptionForHRInternal(Int32 errorCode, IntPtr errorInfo)
   at System.Management.ManagementScope.InitializeGuts(Object o)
   at System.Management.ManagementScope.Initialize()
   at System.Management.ManagementObjectSearcher.Initialize()
   at System.Management.ManagementObjectSearcher.Get()
   at winsw.WrapperService.StopProcessAndChildren(Int32 pid)
   at winsw.WrapperService.StopIt()
   at winsw.WrapperService.OnShutdown()
2016-09-15 08:01:37 - Starting C:\Program Files (x86)\Jenkins\jre\bin\java -Xrs -Xmx256m -Dhudson.lifecycle=hudson.lifecycle.WindowsServiceLifecycle -jar "C:\Program Files (x86)\Jenkins\jenkins.war" --httpPort=8080
2016-09-15 08:01:37 - Started 1860
2016-10-17 11:58:14 - Stopping jenkins
2016-10-17 11:58:14 - ProcessKill 1860
2016-10-17 11:58:16 - Shutdown exception
Message:A system shutdown is in progress. (Exception from HRESULT: 0x8007045B)
Stacktrace:   at System.Runtime.InteropServices.Marshal.ThrowExceptionForHRInternal(Int32 errorCode, IntPtr errorInfo)
   at System.Management.ManagementScope.InitializeGuts(Object o)
   at System.Management.ManagementScope.Initialize()
   at System.Management.ManagementObjectSearcher.Initialize()
   at System.Management.ManagementObjectSearcher.Get()
   at winsw.WrapperService.StopProcessAndChildren(Int32 pid)
   at winsw.WrapperService.StopIt()
   at winsw.WrapperService.OnShutdown()
2016-10-17 11:59:41 - Starting C:\Program Files (x86)\Jenkins\jre\bin\java -Xrs -Xmx256m -Dhudson.lifecycle=hudson.lifecycle.WindowsServiceLifecycle -jar "C:\Program Files (x86)\Jenkins\jenkins.war" --httpPort=8080
2016-10-17 11:59:44 - Started 1900
2016-10-19 08:32:10 - Stopping jenkins
2016-10-19 08:32:10 - ProcessKill 1900
2016-10-19 08:32:11 - Shutdown exception
Message:A system shutdown is in progress. (Exception from HRESULT: 0x8007045B)
Stacktrace:   at System.Runtime.InteropServices.Marshal.ThrowExceptionForHRInternal(Int32 errorCode, IntPtr errorInfo)
   at System.Management.ManagementScope.InitializeGuts(Object o)
   at System.Management.ManagementScope.Initialize()
   at System.Management.ManagementObjectSearcher.Initialize()
   at System.Management.ManagementObjectSearcher.Get()
   at winsw.WrapperService.StopProcessAndChildren(Int32 pid)
   at winsw.WrapperService.StopIt()
   at winsw.WrapperService.OnShutdown()
2016-10-19 08:34:22 - Starting C:\Program Files (x86)\Jenkins\jre\bin\java -Xrs -Xmx256m -Dhudson.lifecycle=hudson.lifecycle.WindowsServiceLifecycle -jar "C:\Program Files (x86)\Jenkins\jenkins.war" --httpPort=8080
2016-10-19 08:34:22 - Started 1892
2016-10-28 08:25:33 - Stopping jenkins
2016-10-28 08:25:33 - ProcessKill 1892
2016-10-28 08:25:33 - Send SIGINT 1892
2016-10-28 08:25:33 - SIGINT to1892 successful
2016-10-28 08:25:33 - Finished jenkins
2016-10-28 08:27:21 - Starting C:\Program Files (x86)\Jenkins\jre\bin\java -Xrs -Xmx256m -Dhudson.lifecycle=hudson.lifecycle.WindowsServiceLifecycle -jar "C:\Program Files (x86)\Jenkins\jenkins.war" --httpPort=8080
2016-10-28 08:27:28 - Started 1904
2016-11-07 07:29:54 - Stopping jenkins
2016-11-07 07:29:54 - ProcessKill 1904
2016-11-07 07:29:56 - Shutdown exception
Message:A system shutdown is in progress. (Exception from HRESULT: 0x8007045B)
Stacktrace:   at System.Runtime.InteropServices.Marshal.ThrowExceptionForHRInternal(Int32 errorCode, IntPtr errorInfo)
   at System.Management.ManagementScope.InitializeGuts(Object o)
   at System.Management.ManagementScope.Initialize()
   at System.Management.ManagementObjectSearcher.Initialize()
   at System.Management.ManagementObjectSearcher.Get()
   at winsw.WrapperService.StopProcessAndChildren(Int32 pid)
   at winsw.WrapperService.StopIt()
   at winsw.WrapperService.OnShutdown()
2016-11-07 07:31:25 - Starting C:\Program Files (x86)\Jenkins\jre\bin\java -Xrs -Xmx256m -Dhudson.lifecycle=hudson.lifecycle.WindowsServiceLifecycle -jar "C:\Program Files (x86)\Jenkins\jenkins.war" --httpPort=8080
2016-11-07 07:31:27 - Started 1720
2016-11-07 07:57:54 - Stopping jenkins
2016-11-07 07:57:54 - ProcessKill 1720
2016-11-07 07:57:54 - Shutdown exception
Message:A system shutdown is in progress. (Exception from HRESULT: 0x8007045B)
Stacktrace:   at System.Runtime.InteropServices.Marshal.ThrowExceptionForHRInternal(Int32 errorCode, IntPtr errorInfo)
   at System.Management.ManagementScope.InitializeGuts(Object o)
   at System.Management.ManagementScope.Initialize()
   at System.Management.ManagementObjectSearcher.Initialize()
   at System.Management.ManagementObjectSearcher.Get()
   at winsw.WrapperService.StopProcessAndChildren(Int32 pid)
   at winsw.WrapperService.StopIt()
   at winsw.WrapperService.OnShutdown()
2016-11-07 07:59:13 - Starting C:\Program Files (x86)\Jenkins\jre\bin\java -Xrs -Xmx256m -Dhudson.lifecycle=hudson.lifecycle.WindowsServiceLifecycle -jar "C:\Program Files (x86)\Jenkins\jenkins.war" --httpPort=8080
2016-11-07 07:59:13 - Started 1776
2016-11-08 09:01:28 - Stopping jenkins
2016-11-08 09:01:28 - ProcessKill 1776
2016-11-08 09:01:28 - Shutdown exception
Message:A system shutdown is in progress. (Exception from HRESULT: 0x8007045B)
Stacktrace:   at System.Runtime.InteropServices.Marshal.ThrowExceptionForHRInternal(Int32 errorCode, IntPtr errorInfo)
   at System.Management.ManagementScope.InitializeGuts(Object o)
   at System.Management.ManagementScope.Initialize()
   at System.Management.ManagementObjectSearcher.Initialize()
   at System.Management.ManagementObjectSearcher.Get()
   at winsw.WrapperService.StopProcessAndChildren(Int32 pid)
   at winsw.WrapperService.StopIt()
   at winsw.WrapperService.OnShutdown()
2016-11-08 11:10:09 - Starting C:\Program Files (x86)\Jenkins\jre\bin\java -Xrs -Xmx256m -Dhudson.lifecycle=hudson.lifecycle.WindowsServiceLifecycle -jar "C:\Program Files (x86)\Jenkins\jenkins.war" --httpPort=8080
2016-11-08 11:10:09 - Started 3144
2016-11-10 08:29:18 - Stopping jenkins
2016-11-10 08:29:18 - ProcessKill 3144
2016-11-10 08:29:20 - Shutdown exception
Message:A system shutdown is in progress. (Exception from HRESULT: 0x8007045B)
Stacktrace:   at System.Runtime.InteropServices.Marshal.ThrowExceptionForHRInternal(Int32 errorCode, IntPtr errorInfo)
   at System.Management.ManagementScope.InitializeGuts(Object o)
   at System.Management.ManagementScope.Initialize()
   at System.Management.ManagementObjectSearcher.Initialize()
   at System.Management.ManagementObjectSearcher.Get()
   at winsw.WrapperService.StopProcessAndChildren(Int32 pid)
   at winsw.WrapperService.StopIt()
   at winsw.WrapperService.OnShutdown()
2016-11-10 08:31:43 - Starting C:\Program Files (x86)\Jenkins\jre\bin\java -Xrs -Xmx256m -Dhudson.lifecycle=hudson.lifecycle.WindowsServiceLifecycle -jar "C:\Program Files (x86)\Jenkins\jenkins.war" --httpPort=8080
2016-11-10 08:31:43 - Started 1928
2016-11-17 15:49:44 - Stopping jenkins
2016-11-17 15:49:44 - ProcessKill 1928
2016-11-17 15:49:44 - Shutdown exception
Message:A system shutdown is in progress. (Exception from HRESULT: 0x8007045B)
Stacktrace:   at System.Runtime.InteropServices.Marshal.ThrowExceptionForHRInternal(Int32 errorCode, IntPtr errorInfo)
   at System.Management.ManagementScope.InitializeGuts(Object o)
   at System.Management.ManagementScope.Initialize()
   at System.Management.ManagementObjectSearcher.Initialize()
   at System.Management.ManagementObjectSearcher.Get()
   at winsw.WrapperService.StopProcessAndChildren(Int32 pid)
   at winsw.WrapperService.StopIt()
   at winsw.WrapperService.OnShutdown()
2016-11-17 15:51:33 - Starting C:\Program Files (x86)\Jenkins\jre\bin\java -Xrs -Xmx256m -Dhudson.lifecycle=hudson.lifecycle.WindowsServiceLifecycle -jar "C:\Program Files (x86)\Jenkins\jenkins.war" --httpPort=8080
2016-11-17 15:51:33 - Started 2012
2016-12-01 16:20:55 - Stopping jenkins
2016-12-01 16:20:55 - ProcessKill 2012
2016-12-01 16:20:57 - Shutdown exception
Message:A system shutdown is in progress. (Exception from HRESULT: 0x8007045B)
Stacktrace:   at System.Runtime.InteropServices.Marshal.ThrowExceptionForHRInternal(Int32 errorCode, IntPtr errorInfo)
   at System.Management.ManagementScope.InitializeGuts(Object o)
   at System.Management.ManagementScope.Initialize()
   at System.Management.ManagementObjectSearcher.Initialize()
   at System.Management.ManagementObjectSearcher.Get()
   at winsw.WrapperService.StopProcessAndChildren(Int32 pid)
   at winsw.WrapperService.StopIt()
   at winsw.WrapperService.OnShutdown()
2016-12-01 16:22:32 - Starting C:\Program Files (x86)\Jenkins\jre\bin\java -Xrs -Xmx256m -Dhudson.lifecycle=hudson.lifecycle.WindowsServiceLifecycle -jar "C:\Program Files (x86)\Jenkins\jenkins.war" --httpPort=8080
2016-12-01 16:22:33 - Started 1924
2016-12-15 06:54:39 - Stopping jenkins
2016-12-15 06:54:39 - ProcessKill 1924
2016-12-15 06:54:40 - Shutdown exception
Message:A system shutdown is in progress. (Exception from HRESULT: 0x8007045B)
Stacktrace:   at System.Runtime.InteropServices.Marshal.ThrowExceptionForHRInternal(Int32 errorCode, IntPtr errorInfo)
   at System.Management.ManagementScope.InitializeGuts(Object o)
   at System.Management.ManagementScope.Initialize()
   at System.Management.ManagementObjectSearcher.Initialize()
   at System.Management.ManagementObjectSearcher.Get()
   at winsw.WrapperService.StopProcessAndChildren(Int32 pid)
   at winsw.WrapperService.StopIt()
   at winsw.WrapperService.OnShutdown()
2016-12-15 06:57:33 - Starting C:\Program Files (x86)\Jenkins\jre\bin\java -Xrs -Xmx256m -Dhudson.lifecycle=hudson.lifecycle.WindowsServiceLifecycle -jar "C:\Program Files (x86)\Jenkins\jenkins.war" --httpPort=8080
2016-12-15 06:57:33 - Started 1944
2016-12-19 11:56:52 - Stopping jenkins
2016-12-19 11:56:52 - ProcessKill 1944
2016-12-19 11:56:53 - Shutdown exception
Message:A system shutdown is in progress. (Exception from HRESULT: 0x8007045B)
Stacktrace:   at System.Runtime.InteropServices.Marshal.ThrowExceptionForHRInternal(Int32 errorCode, IntPtr errorInfo)
   at System.Management.ManagementScope.InitializeGuts(Object o)
   at System.Management.ManagementScope.Initialize()
   at System.Management.ManagementObjectSearcher.Initialize()
   at System.Management.ManagementObjectSearcher.Get()
   at winsw.WrapperService.StopProcessAndChildren(Int32 pid)
   at winsw.WrapperService.StopIt()
   at winsw.WrapperService.OnShutdown()
2016-12-19 11:58:28 - Starting C:\Program Files (x86)\Jenkins\jre\bin\java -Xrs -Xmx256m -Dhudson.lifecycle=hudson.lifecycle.WindowsServiceLifecycle -jar "C:\Program Files (x86)\Jenkins\jenkins.war" --httpPort=8080
2016-12-19 11:58:29 - Started 1060
2017-02-06 13:11:04 - Stopping jenkins
2017-02-06 13:11:04 - ProcessKill 1060
2017-02-06 13:11:04 - Send SIGINT 1060
2017-02-06 13:11:04 - SIGINT to1060 successful
2017-02-06 13:11:04 - Finished jenkins
2017-02-06 13:11:10 - Starting C:\Program Files (x86)\Jenkins\jre\bin\java -Xrs -Xmx256m -Dhudson.lifecycle=hudson.lifecycle.WindowsServiceLifecycle -jar "C:\Program Files (x86)\Jenkins\jenkins.war" --httpPort=8080
2017-02-06 13:11:10 - Started 4380
2017-02-09 12:53:51 - Stopping jenkins
2017-02-09 12:53:51 - ProcessKill 4380
2017-02-09 12:53:51 - Send SIGINT 4380
2017-02-09 12:53:51 - SIGINT to4380 successful
2017-02-09 12:53:51 - Finished jenkins
2017-02-09 12:55:43 - Starting C:\Program Files (x86)\Jenkins\jre\bin\java -Xrs -Xmx256m -Dhudson.lifecycle=hudson.lifecycle.WindowsServiceLifecycle -jar "C:\Program Files (x86)\Jenkins\jenkins.war" --httpPort=8080
2017-02-09 12:55:53 - Started 1960
2017-03-15 16:07:50 - Stopping jenkins
2017-03-15 16:07:50 - ProcessKill 1960
2017-03-15 16:07:51 - Shutdown exception
Message:A system shutdown is in progress. (Exception from HRESULT: 0x8007045B)
Stacktrace:   at System.Runtime.InteropServices.Marshal.ThrowExceptionForHRInternal(Int32 errorCode, IntPtr errorInfo)
   at System.Management.ManagementScope.InitializeGuts(Object o)
   at System.Management.ManagementScope.Initialize()
   at System.Management.ManagementObjectSearcher.Initialize()
   at System.Management.ManagementObjectSearcher.Get()
   at winsw.WrapperService.StopProcessAndChildren(Int32 pid)
   at winsw.WrapperService.StopIt()
   at winsw.WrapperService.OnShutdown()
2017-03-15 16:10:47 - Starting C:\Program Files (x86)\Jenkins\jre\bin\java -Xrs -Xmx256m -Dhudson.lifecycle=hudson.lifecycle.WindowsServiceLifecycle -jar "C:\Program Files (x86)\Jenkins\jenkins.war" --httpPort=8080
2017-03-15 16:10:47 - Started 2012
2017-03-22 13:58:06 - Stopping jenkins
2017-03-22 13:58:06 - ProcessKill 2012
2017-03-22 13:58:07 - Shutdown exception
Message:A system shutdown is in progress. (Exception from HRESULT: 0x8007045B)
Stacktrace:   at System.Runtime.InteropServices.Marshal.ThrowExceptionForHRInternal(Int32 errorCode, IntPtr errorInfo)
   at System.Management.ManagementScope.InitializeGuts(Object o)
   at System.Management.ManagementScope.Initialize()
   at System.Management.ManagementObjectSearcher.Initialize()
   at System.Management.ManagementObjectSearcher.Get()
   at winsw.WrapperService.StopProcessAndChildren(Int32 pid)
   at winsw.WrapperService.StopIt()
   at winsw.WrapperService.OnShutdown()
2017-03-22 13:59:58 - Starting C:\Program Files (x86)\Jenkins\jre\bin\java -Xrs -Xmx256m -Dhudson.lifecycle=hudson.lifecycle.WindowsServiceLifecycle -jar "C:\Program Files (x86)\Jenkins\jenkins.war" --httpPort=8080
2017-03-22 14:00:00 - Started 1980
2017-03-24 15:34:29 - Stopping jenkins
2017-03-24 15:34:29 - ProcessKill 1980
2017-03-24 15:34:30 - Shutdown exception
Message:A system shutdown is in progress. (Exception from HRESULT: 0x8007045B)
Stacktrace:   at System.Runtime.InteropServices.Marshal.ThrowExceptionForHRInternal(Int32 errorCode, IntPtr errorInfo)
   at System.Management.ManagementScope.InitializeGuts(Object o)
   at System.Management.ManagementScope.Initialize()
   at System.Management.ManagementObjectSearcher.Initialize()
   at System.Management.ManagementObjectSearcher.Get()
   at winsw.WrapperService.StopProcessAndChildren(Int32 pid)
   at winsw.WrapperService.StopIt()
   at winsw.WrapperService.OnShutdown()
2017-03-24 15:35:43 - Starting C:\Program Files (x86)\Jenkins\jre\bin\java -Xrs -Xmx256m -Dhudson.lifecycle=hudson.lifecycle.WindowsServiceLifecycle -jar "C:\Program Files (x86)\Jenkins\jenkins.war" --httpPort=8080
2017-03-24 15:35:43 - Started 1996
2017-04-07 15:34:28 - Stopping jenkins
2017-04-07 15:34:28 - ProcessKill 1996
2017-04-07 15:34:28 - Send SIGINT 1996
2017-04-07 15:34:28 - SIGINT to1996 successful
2017-04-07 15:34:28 - Finished jenkins
2017-04-07 15:34:29 - Starting C:\Program Files (x86)\Jenkins\jre\bin\java -Xrs -Xmx256m -Dhudson.lifecycle=hudson.lifecycle.WindowsServiceLifecycle -jar "C:\Program Files (x86)\Jenkins\jenkins.war" --httpPort=8080
2017-04-07 15:34:29 - Started 18488
2017-04-11 11:48:52 - Stopping jenkins
2017-04-11 11:48:52 - ProcessKill 18488
2017-04-11 11:48:53 - Shutdown exception
Message:A system shutdown is in progress. (Exception from HRESULT: 0x8007045B)
Stacktrace:   at System.Runtime.InteropServices.Marshal.ThrowExceptionForHRInternal(Int32 errorCode, IntPtr errorInfo)
   at System.Management.ManagementScope.InitializeGuts(Object o)
   at System.Management.ManagementScope.Initialize()
   at System.Management.ManagementObjectSearcher.Initialize()
   at System.Management.ManagementObjectSearcher.Get()
   at winsw.WrapperService.StopProcessAndChildren(Int32 pid)
   at winsw.WrapperService.StopIt()
   at winsw.WrapperService.OnShutdown()
2017-04-11 11:50:11 - Starting C:\Program Files (x86)\Jenkins\jre\bin\java -Xrs -Xmx256m -Dhudson.lifecycle=hudson.lifecycle.WindowsServiceLifecycle -jar "C:\Program Files (x86)\Jenkins\jenkins.war" --httpPort=8080
2017-04-11 11:50:11 - Started 1932
2017-04-19 10:52:31 - Starting C:\Program Files (x86)\Jenkins\jre\bin\java -Xrs -Xmx256m -Dhudson.lifecycle=hudson.lifecycle.WindowsServiceLifecycle -jar "C:\Program Files (x86)\Jenkins\jenkins.war" --httpPort=8080
2017-04-19 10:52:32 - Started 3296
2017-04-20 05:43:38 - Stopping jenkins
2017-04-20 05:43:38 - ProcessKill 3296
2017-04-20 05:43:40 - Shutdown exception
Message:A system shutdown is in progress. (Exception from HRESULT: 0x8007045B)
Stacktrace:   at System.Runtime.InteropServices.Marshal.ThrowExceptionForHRInternal(Int32 errorCode, IntPtr errorInfo)
   at System.Runtime.InteropServices.Marshal.ThrowExceptionForHR(Int32 errorCode, IntPtr errorInfo)
   at System.Management.ManagementScope.InitializeGuts(Object o)
   at System.Management.ManagementScope.Initialize()
   at System.Management.ManagementObjectSearcher.Initialize()
   at System.Management.ManagementObjectSearcher.Get()
   at winsw.WrapperService.StopProcessAndChildren(Int32 pid)
   at winsw.WrapperService.StopIt()
   at winsw.WrapperService.OnShutdown()
2017-04-20 05:45:32 - Starting C:\Program Files (x86)\Jenkins\jre\bin\java -Xrs -Xmx256m -Dhudson.lifecycle=hudson.lifecycle.WindowsServiceLifecycle -jar "C:\Program Files (x86)\Jenkins\jenkins.war" --httpPort=8080
2017-04-20 05:45:32 - Started 1980
2017-04-20 05:45:52 - Stopping jenkins
2017-04-20 05:45:52 - ProcessKill 1980
2017-04-20 05:45:53 - Shutdown exception
Message:A system shutdown is in progress. (Exception from HRESULT: 0x8007045B)
Stacktrace:   at System.Runtime.InteropServices.Marshal.ThrowExceptionForHRInternal(Int32 errorCode, IntPtr errorInfo)
   at System.Runtime.InteropServices.Marshal.ThrowExceptionForHR(Int32 errorCode, IntPtr errorInfo)
   at System.Management.ManagementScope.InitializeGuts(Object o)
   at System.Management.ManagementScope.Initialize()
   at System.Management.ManagementObjectSearcher.Initialize()
   at System.Management.ManagementObjectSearcher.Get()
   at winsw.WrapperService.StopProcessAndChildren(Int32 pid)
   at winsw.WrapperService.StopIt()
   at winsw.WrapperService.OnShutdown()
2017-04-20 05:46:48 - Starting C:\Program Files (x86)\Jenkins\jre\bin\java -Xrs -Xmx256m -Dhudson.lifecycle=hudson.lifecycle.WindowsServiceLifecycle -jar "C:\Program Files (x86)\Jenkins\jenkins.war" --httpPort=8080
2017-04-20 05:46:48 - Started 2008
2017-05-09 17:19:59 - Stopping jenkins
2017-05-09 17:19:59 - ProcessKill 2008
2017-05-09 17:20:00 - Send SIGINT 2008
2017-05-09 17:20:00 - SIGINT to2008 successful
2017-05-09 17:20:00 - Finished jenkins
2017-05-10 11:11:43 - Starting C:\Program Files (x86)\Jenkins\jre\bin\java -Xrs -Xmx256m -Dhudson.lifecycle=hudson.lifecycle.WindowsServiceLifecycle -jar "C:\Program Files (x86)\Jenkins\jenkins.war" --httpPort=8080
2017-05-10 11:11:43 - Started 2132
2017-05-11 00:27:24 - Stopping jenkins
2017-05-11 00:27:24 - ProcessKill 2132
2017-05-11 00:27:25 - Shutdown exception
Message:A system shutdown is in progress. (Exception from HRESULT: 0x8007045B)
Stacktrace:   at System.Runtime.InteropServices.Marshal.ThrowExceptionForHRInternal(Int32 errorCode, IntPtr errorInfo)
   at System.Runtime.InteropServices.Marshal.ThrowExceptionForHR(Int32 errorCode, IntPtr errorInfo)
   at System.Management.ManagementScope.InitializeGuts(Object o)
   at System.Management.ManagementScope.Initialize()
   at System.Management.ManagementObjectSearcher.Initialize()
   at System.Management.ManagementObjectSearcher.Get()
   at winsw.WrapperService.StopProcessAndChildren(Int32 pid)
   at winsw.WrapperService.StopIt()
   at winsw.WrapperService.OnShutdown()
2017-05-11 00:29:42 - Starting C:\Program Files (x86)\Jenkins\jre\bin\java -Xrs -Xmx256m -Dhudson.lifecycle=hudson.lifecycle.WindowsServiceLifecycle -jar "C:\Program Files (x86)\Jenkins\jenkins.war" --httpPort=8080
2017-05-11 00:29:42 - Started 1960
2017-05-11 11:49:16 - Stopping jenkins
2017-05-11 11:49:16 - ProcessKill 1960
2017-05-11 11:49:16 - Shutdown exception
Message:A system shutdown is in progress. (Exception from HRESULT: 0x8007045B)
Stacktrace:   at System.Runtime.InteropServices.Marshal.ThrowExceptionForHRInternal(Int32 errorCode, IntPtr errorInfo)
   at System.Runtime.InteropServices.Marshal.ThrowExceptionForHR(Int32 errorCode, IntPtr errorInfo)
   at System.Management.ManagementScope.InitializeGuts(Object o)
   at System.Management.ManagementScope.Initialize()
   at System.Management.ManagementObjectSearcher.Initialize()
   at System.Management.ManagementObjectSearcher.Get()
   at winsw.WrapperService.StopProcessAndChildren(Int32 pid)
   at winsw.WrapperService.StopIt()
   at winsw.WrapperService.OnShutdown()
2017-05-11 11:50:34 - Starting C:\Program Files (x86)\Jenkins\jre\bin\java -Xrs -Xmx256m -Dhudson.lifecycle=hudson.lifecycle.WindowsServiceLifecycle -jar "C:\Program Files (x86)\Jenkins\jenkins.war" --httpPort=8080
2017-05-11 11:50:34 - Started 1984
2017-05-25 11:13:55 - Stopping jenkins
2017-05-25 11:13:55 - ProcessKill 1984
2017-05-25 11:13:56 - Shutdown exception
Message:A system shutdown is in progress. (Exception from HRESULT: 0x8007045B)
Stacktrace:   at System.Runtime.InteropServices.Marshal.ThrowExceptionForHRInternal(Int32 errorCode, IntPtr errorInfo)
   at System.Runtime.InteropServices.Marshal.ThrowExceptionForHR(Int32 errorCode, IntPtr errorInfo)
   at System.Management.ManagementScope.InitializeGuts(Object o)
   at System.Management.ManagementScope.Initialize()
   at System.Management.ManagementObjectSearcher.Initialize()
   at System.Management.ManagementObjectSearcher.Get()
   at winsw.WrapperService.StopProcessAndChildren(Int32 pid)
   at winsw.WrapperService.StopIt()
   at winsw.WrapperService.OnShutdown()
2017-05-25 11:15:27 - Starting C:\Program Files (x86)\Jenkins\jre\bin\java -Xrs -Xmx256m -Dhudson.lifecycle=hudson.lifecycle.WindowsServiceLifecycle -jar "C:\Program Files (x86)\Jenkins\jenkins.war" --httpPort=8080
2017-05-25 11:15:27 - Started 1976
2017-05-25 19:18:58 - Stopping jenkins
2017-05-25 19:18:58 - ProcessKill 1976
2017-05-25 19:18:58 - Shutdown exception
Message:A system shutdown is in progress. (Exception from HRESULT: 0x8007045B)
Stacktrace:   at System.Runtime.InteropServices.Marshal.ThrowExceptionForHRInternal(Int32 errorCode, IntPtr errorInfo)
   at System.Runtime.InteropServices.Marshal.ThrowExceptionForHR(Int32 errorCode, IntPtr errorInfo)
   at System.Management.ManagementScope.InitializeGuts(Object o)
   at System.Management.ManagementScope.Initialize()
   at System.Management.ManagementObjectSearcher.Initialize()
   at System.Management.ManagementObjectSearcher.Get()
   at winsw.WrapperService.StopProcessAndChildren(Int32 pid)
   at winsw.WrapperService.StopIt()
   at winsw.WrapperService.OnShutdown()
2017-05-25 19:20:12 - Starting C:\Program Files (x86)\Jenkins\jre\bin\java -Xrs -Xmx256m -Dhudson.lifecycle=hudson.lifecycle.WindowsServiceLifecycle -jar "C:\Program Files (x86)\Jenkins\jenkins.war" --httpPort=8080
2017-05-25 19:20:13 - Started 2032
2017-05-30 17:37:09 - Stopping jenkins
2017-05-30 17:37:09 - ProcessKill 2032
2017-05-30 17:37:09 - Send SIGINT 2032
2017-05-30 17:37:09 - SIGINT to2032 successful
2017-05-30 17:37:09 - Finished jenkins
2017-05-30 17:37:10 - Starting C:\Program Files (x86)\Jenkins\jre\bin\java -Xrs -Xmx256m -Dhudson.lifecycle=hudson.lifecycle.WindowsServiceLifecycle -jar "C:\Program Files (x86)\Jenkins\jenkins.war" --httpPort=8080
2017-05-30 17:37:10 - Started 3796
2017-05-30 17:39:20 - Starting C:\Program Files (x86)\Jenkins\jre\bin\java -Xrs -Xmx256m -Dhudson.lifecycle=hudson.lifecycle.WindowsServiceLifecycle -jar "C:\Program Files (x86)\Jenkins\jenkins.war" --httpPort=8080
2017-05-30 17:39:21 - Started 2284
2017-05-30 17:40:12 - Starting C:\Program Files (x86)\Jenkins\jre\bin\java -Xrs -Xmx256m -Dhudson.lifecycle=hudson.lifecycle.WindowsServiceLifecycle -jar "C:\Program Files (x86)\Jenkins\jenkins.war" --httpPort=8080
2017-05-30 17:40:12 - Started 5392
2017-05-30 17:40:38 - Starting C:\Program Files (x86)\Jenkins\jre\bin\java -Xrs -Xmx256m -Dhudson.lifecycle=hudson.lifecycle.WindowsServiceLifecycle -jar "C:\Program Files (x86)\Jenkins\jenkins.war" --httpPort=8080
2017-05-30 17:40:38 - Started 2316
2017-05-30 17:41:17 - Starting C:\Program Files (x86)\Jenkins\jre\bin\java -Xrs -Xmx256m -Dhudson.lifecycle=hudson.lifecycle.WindowsServiceLifecycle -jar "C:\Program Files (x86)\Jenkins\jenkins.war" --httpPort=8080
2017-05-30 17:41:17 - Started 5780
2017-05-30 17:42:00 - Starting C:\Program Files (x86)\Jenkins\jre\bin\java -Xrs -Xmx256m -Dhudson.lifecycle=hudson.lifecycle.WindowsServiceLifecycle -jar "C:\Program Files (x86)\Jenkins\jenkins.war" --httpPort=8080
2017-05-30 17:42:00 - Started 7148
2017-05-30 17:46:39 - Starting C:\Program Files (x86)\Jenkins\jre\bin\java -Xrs -Xmx256m -Dhudson.lifecycle=hudson.lifecycle.WindowsServiceLifecycle -jar "C:\Program Files (x86)\Jenkins\jenkins.war" --httpPort=8080
2017-05-30 17:46:39 - Started 7044
2017-05-30 17:51:00 - Stopping jenkins
2017-05-30 17:51:00 - ProcessKill 7044
2017-05-30 17:51:02 - Send SIGINT 7044
2017-05-30 17:51:03 - SIGINT to7044 successful
2017-05-30 17:51:03 - Finished jenkins
2017-05-30 17:51:13 - Starting C:\Program Files (x86)\Jenkins\jre\bin\java -Xrs -Xmx256m -Dhudson.lifecycle=hudson.lifecycle.WindowsServiceLifecycle -jar "C:\Program Files (x86)\Jenkins\jenkins.war" --httpPort=8080
2017-05-30 17:51:13 - Started 6440
2017-05-30 17:52:25 - Starting C:\Program Files (x86)\Jenkins\jre\bin\java -Xrs -Xmx256m -Dhudson.lifecycle=hudson.lifecycle.WindowsServiceLifecycle -jar "C:\Program Files (x86)\Jenkins\jenkins.war" --httpPort=8080
2017-05-30 17:52:25 - Started 6776
2017-05-30 17:52:51 - Starting C:\Program Files (x86)\Jenkins\jre\bin\java -Xrs -Xmx256m -Dhudson.lifecycle=hudson.lifecycle.WindowsServiceLifecycle -jar "C:\Program Files (x86)\Jenkins\jenkins.war" --httpPort=8080
2017-05-30 17:52:51 - Started 4156
2017-05-30 17:54:55 - Starting C:\Program Files (x86)\Jenkins\jre\bin\java -Xrs -Xmx256m -Dhudson.lifecycle=hudson.lifecycle.WindowsServiceLifecycle -jar "C:\Program Files (x86)\Jenkins\jenkins.war" --httpPort=8080
2017-05-30 17:54:55 - Started 1340
2017-05-30 17:57:05 - Stopping jenkins
2017-05-30 17:57:05 - ProcessKill 1340
2017-05-30 17:57:05 - Send SIGINT 1340
2017-05-30 17:57:05 - SIGINT to1340 successful
2017-05-30 17:57:05 - Finished jenkins
2017-05-30 17:57:07 - Starting C:\Program Files (x86)\Jenkins\jre\bin\java -Xrs -Xmx256m -Dhudson.lifecycle=hudson.lifecycle.WindowsServiceLifecycle -jar "C:\Program Files (x86)\Jenkins\jenkins.war" --httpPort=8080
2017-05-30 17:57:07 - Started 6856
2017-05-30 18:01:04 - Starting C:\Program Files (x86)\Jenkins\jre\bin\java -Xrs -Xmx256m -Dhudson.lifecycle=hudson.lifecycle.WindowsServiceLifecycle -jar "C:\Program Files (x86)\Jenkins\jenkins.war" --httpPort=8080
2017-05-30 18:01:04 - Started 6888
2017-06-02 10:03:08 - Stopping jenkins
2017-06-02 10:03:08 - ProcessKill 6888
2017-06-02 10:03:11 - Shutdown exception
Message:A system shutdown is in progress. (Exception from HRESULT: 0x8007045B)
Stacktrace:   at System.Runtime.InteropServices.Marshal.ThrowExceptionForHRInternal(Int32 errorCode, IntPtr errorInfo)
   at System.Runtime.InteropServices.Marshal.ThrowExceptionForHR(Int32 errorCode, IntPtr errorInfo)
   at System.Management.ManagementScope.InitializeGuts(Object o)
   at System.Management.ManagementScope.Initialize()
   at System.Management.ManagementObjectSearcher.Initialize()
   at System.Management.ManagementObjectSearcher.Get()
   at winsw.WrapperService.StopProcessAndChildren(Int32 pid)
   at winsw.WrapperService.StopIt()
   at winsw.WrapperService.OnShutdown()
2017-06-02 10:16:07 - Starting C:\Program Files (x86)\Jenkins\jre\bin\java -Xrs -Xmx256m -Dhudson.lifecycle=hudson.lifecycle.WindowsServiceLifecycle -jar "C:\Program Files (x86)\Jenkins\jenkins.war" --httpPort=8080
2017-06-02 10:16:08 - Started 1840
2017-06-02 10:20:32 - Stopping jenkins
2017-06-02 10:20:32 - ProcessKill 1840
2017-06-02 10:20:32 - Send SIGINT 1840
2017-06-02 10:20:33 - SIGINT to1840 successful
2017-06-02 10:20:33 - Finished jenkins
2017-06-02 10:20:35 - Starting C:\Program Files (x86)\Jenkins\jre\bin\java -Xrs -Xmx256m -Dhudson.lifecycle=hudson.lifecycle.WindowsServiceLifecycle -jar "C:\Program Files (x86)\Jenkins\jenkins.war" --httpPort=8080
2017-06-02 10:20:35 - Started 3936
2017-06-02 10:21:42 - Starting C:\Program Files (x86)\Jenkins\jre\bin\java -Xrs -Xmx256m -Dhudson.lifecycle=hudson.lifecycle.WindowsServiceLifecycle -jar "C:\Program Files (x86)\Jenkins\jenkins.war" --httpPort=8080
2017-06-02 10:21:42 - Started 3200
2017-06-02 10:26:26 - Starting C:\Program Files (x86)\Jenkins\jre\bin\java -Xrs -Xmx256m -Dhudson.lifecycle=hudson.lifecycle.WindowsServiceLifecycle -jar "C:\Program Files (x86)\Jenkins\jenkins.war" --httpPort=8080
2017-06-02 10:26:26 - Started 2584
2017-06-02 10:35:03 - Stopping jenkins
2017-06-02 10:35:03 - ProcessKill 2584
2017-06-02 10:35:03 - Send SIGINT 2584
2017-06-02 10:35:03 - SIGINT to2584 successful
2017-06-02 10:35:03 - Finished jenkins
2017-06-02 10:35:09 - Starting C:\Program Files (x86)\Jenkins\jre\bin\java -Xrs -Xmx256m -Dhudson.lifecycle=hudson.lifecycle.WindowsServiceLifecycle -jar "C:\Program Files (x86)\Jenkins\jenkins.war" --httpPort=8080
2017-06-02 10:35:09 - Started 3920
2017-06-02 10:37:28 - Stopping jenkins
2017-06-02 10:37:28 - ProcessKill 3920
2017-06-02 10:37:28 - Send SIGINT 3920
2017-06-02 10:37:28 - SIGINT to3920 successful
2017-06-02 10:37:28 - Finished jenkins
2017-06-02 10:37:56 - Starting C:\Program Files (x86)\Jenkins\jre\bin\java -Xrs -Xmx256m -Dhudson.lifecycle=hudson.lifecycle.WindowsServiceLifecycle -jar "C:\Program Files (x86)\Jenkins\jenkins.war" --httpPort=8080
2017-06-02 10:37:56 - Started 1840
2017-06-02 10:43:06 - Stopping jenkins
2017-06-02 10:43:06 - ProcessKill 1840
2017-06-02 10:43:06 - Send SIGINT 1840
2017-06-02 10:43:06 - SIGINT to1840 successful
2017-06-02 10:43:06 - Finished jenkins
2017-06-02 10:43:33 - Starting C:\Program Files (x86)\Jenkins\jre\bin\java -Xrs -Xmx256m -Dhudson.lifecycle=hudson.lifecycle.WindowsServiceLifecycle -jar "C:\Program Files (x86)\Jenkins\jenkins.war" --httpPort=8080
2017-06-02 10:43:33 - Started 3900
2017-06-02 10:49:46 - Starting C:\Program Files (x86)\Jenkins\jre\bin\java -Xrs -Xmx256m -Dhudson.lifecycle=hudson.lifecycle.WindowsServiceLifecycle -jar "C:\Program Files (x86)\Jenkins\jenkins.war" --httpPort=8080
2017-06-02 10:49:46 - Started 3416
2017-06-02 11:04:55 - Stopping jenkins
2017-06-02 11:04:55 - ProcessKill 3416
2017-06-02 11:04:55 - Send SIGINT 3416
2017-06-02 11:04:55 - SIGINT to3416 successful
2017-06-02 11:04:55 - Finished jenkins
2017-06-02 11:04:56 - Starting C:\Program Files (x86)\Jenkins\jre\bin\java -Xrs -Xmx256m -Dhudson.lifecycle=hudson.lifecycle.WindowsServiceLifecycle -jar "C:\Program Files (x86)\Jenkins\jenkins.war" --httpPort=8080
2017-06-02 11:04:56 - Started 3996
2017-06-02 11:47:41 - Stopping jenkins
2017-06-02 11:47:41 - ProcessKill 3996
2017-06-02 11:47:41 - Send SIGINT 3996
2017-06-02 11:47:41 - SIGINT to3996 successful
2017-06-02 11:47:41 - Finished jenkins
2017-06-02 11:48:41 - Starting C:\Program Files (x86)\Jenkins\jre\bin\java -Xrs -Xmx256m -Dhudson.lifecycle=hudson.lifecycle.WindowsServiceLifecycle -jar "C:\Program Files (x86)\Jenkins\jenkins.war" --httpPort=8080
2017-06-02 11:48:41 - Started 3936
2017-06-02 11:50:10 - Starting C:\Program Files (x86)\Jenkins\jre\bin\java -Xrs -Xmx256m -Dhudson.lifecycle=hudson.lifecycle.WindowsServiceLifecycle -jar "C:\Program Files (x86)\Jenkins\jenkins.war" --httpPort=8080
2017-06-02 11:50:10 - Started 2908
2017-06-06 09:23:46 - Starting C:\Program Files (x86)\Jenkins\jre\bin\java -Xrs -Xmx256m -Dhudson.lifecycle=hudson.lifecycle.WindowsServiceLifecycle -jar "C:\Program Files (x86)\Jenkins\jenkins.war" --httpPort=8080
2017-06-06 09:23:46 - Started 208
2017-06-06 09:24:00 - Starting C:\Program Files (x86)\Jenkins\jre\bin\java -Xrs -Xmx256m -Dhudson.lifecycle=hudson.lifecycle.WindowsServiceLifecycle -jar "C:\Program Files (x86)\Jenkins\jenkins.war" --httpPort=8080
2017-06-06 09:24:00 - Started 1040
2017-06-06 09:25:36 - Starting C:\Program Files (x86)\Jenkins\jre\bin\java -Xrs -Xmx256m -Dhudson.lifecycle=hudson.lifecycle.WindowsServiceLifecycle -jar "C:\Program Files (x86)\Jenkins\jenkins.war" --httpPort=8080
2017-06-06 09:25:36 - Started 3448
2017-06-12 14:48:19 - Stopping jenkins
2017-06-12 14:48:19 - ProcessKill 3448
2017-06-12 14:48:19 - Send SIGINT 3448
2017-06-12 14:48:20 - SIGINT to3448 successful
2017-06-12 14:48:20 - Finished jenkins
2017-06-12 14:49:51 - Starting C:\Program Files (x86)\Jenkins\jre\bin\java -Xrs -Xmx256m -Dhudson.lifecycle=hudson.lifecycle.WindowsServiceLifecycle -jar "C:\Program Files (x86)\Jenkins\jenkins.war" --httpPort=8080
2017-06-12 14:49:52 - Started 1220
2017-06-12 14:52:42 - Stopping jenkins
2017-06-12 14:52:42 - ProcessKill 1220
2017-06-12 14:52:43 - Shutdown exception
Message:A system shutdown is in progress. (Exception from HRESULT: 0x8007045B)
Stacktrace:   at System.Runtime.InteropServices.Marshal.ThrowExceptionForHRInternal(Int32 errorCode, IntPtr errorInfo)
   at System.Runtime.InteropServices.Marshal.ThrowExceptionForHR(Int32 errorCode, IntPtr errorInfo)
   at System.Management.ManagementScope.InitializeGuts(Object o)
   at System.Management.ManagementScope.Initialize()
   at System.Management.ManagementObjectSearcher.Initialize()
   at System.Management.ManagementObjectSearcher.Get()
   at winsw.WrapperService.StopProcessAndChildren(Int32 pid)
   at winsw.WrapperService.StopIt()
   at winsw.WrapperService.OnShutdown()
2017-06-12 14:53:22 - Starting C:\Program Files (x86)\Jenkins\jre\bin\java -Xrs -Xmx256m -Dhudson.lifecycle=hudson.lifecycle.WindowsServiceLifecycle -jar "C:\Program Files (x86)\Jenkins\jenkins.war" --httpPort=8080
2017-06-12 14:53:22 - Started 1868
2017-06-14 15:08:13 - Stopping jenkins
2017-06-14 15:08:13 - ProcessKill 1868
2017-06-14 15:08:15 - Shutdown exception
Message:A system shutdown is in progress. (Exception from HRESULT: 0x8007045B)
Stacktrace:   at System.Runtime.InteropServices.Marshal.ThrowExceptionForHRInternal(Int32 errorCode, IntPtr errorInfo)
   at System.Runtime.InteropServices.Marshal.ThrowExceptionForHR(Int32 errorCode, IntPtr errorInfo)
   at System.Management.ManagementScope.InitializeGuts(Object o)
   at System.Management.ManagementScope.Initialize()
   at System.Management.ManagementObjectSearcher.Initialize()
   at System.Management.ManagementObjectSearcher.Get()
   at winsw.WrapperService.StopProcessAndChildren(Int32 pid)
   at winsw.WrapperService.StopIt()
   at winsw.WrapperService.OnShutdown()
2017-06-14 15:09:28 - Starting C:\Program Files (x86)\Jenkins\jre\bin\java -Xrs -Xmx256m -Dhudson.lifecycle=hudson.lifecycle.WindowsServiceLifecycle -jar "C:\Program Files (x86)\Jenkins\jenkins.war" --httpPort=8080
2017-06-14 15:09:28 - Started 1952
2017-06-15 08:12:39 - Stopping jenkins
2017-06-15 08:12:39 - ProcessKill 1952
2017-06-15 08:12:39 - Shutdown exception
Message:A system shutdown is in progress. (Exception from HRESULT: 0x8007045B)
Stacktrace:   at System.Runtime.InteropServices.Marshal.ThrowExceptionForHRInternal(Int32 errorCode, IntPtr errorInfo)
   at System.Runtime.InteropServices.Marshal.ThrowExceptionForHR(Int32 errorCode, IntPtr errorInfo)
   at System.Management.ManagementScope.InitializeGuts(Object o)
   at System.Management.ManagementScope.Initialize()
   at System.Management.ManagementObjectSearcher.Initialize()
   at System.Management.ManagementObjectSearcher.Get()
   at winsw.WrapperService.StopProcessAndChildren(Int32 pid)
   at winsw.WrapperService.StopIt()
   at winsw.WrapperService.OnShutdown()
2017-06-15 08:14:46 - Starting C:\Program Files (x86)\Jenkins\jre\bin\java -Xrs -Xmx256m -Dhudson.lifecycle=hudson.lifecycle.WindowsServiceLifecycle -jar "C:\Program Files (x86)\Jenkins\jenkins.war" --httpPort=8080
2017-06-15 08:14:46 - Started 1916
2017-06-15 17:37:26 - Stopping jenkins
2017-06-15 17:37:26 - ProcessKill 1916
2017-06-15 17:37:26 - Send SIGINT 1916
2017-06-15 17:37:26 - SIGINT to1916 successful
2017-06-15 17:37:26 - Finished jenkins
2017-06-15 17:37:27 - Starting C:\Program Files (x86)\Jenkins\jre\bin\java -Xrs -Xmx256m -Dhudson.lifecycle=hudson.lifecycle.WindowsServiceLifecycle -jar "C:\Program Files (x86)\Jenkins\jenkins.war" --httpPort=8080
2017-06-15 17:37:27 - Started 2816
2017-06-15 17:43:42 - Starting C:\Program Files (x86)\Jenkins\jre\bin\java -Xrs -Xmx256m -Dhudson.lifecycle=hudson.lifecycle.WindowsServiceLifecycle -jar "C:\Program Files (x86)\Jenkins\jenkins.war" --httpPort=8080
2017-06-15 17:43:42 - Started 4288
2017-06-19 13:42:50 - Stopping jenkins
2017-06-19 13:42:50 - ProcessKill 4288
2017-06-19 13:42:51 - Send SIGINT 4288
2017-06-19 13:42:51 - SIGINT to4288 successful
2017-06-19 13:42:51 - Finished jenkins
2017-06-19 13:42:52 - Starting C:\Program Files (x86)\Jenkins\jre\bin\java -Xrs -Xmx256m -Dhudson.lifecycle=hudson.lifecycle.WindowsServiceLifecycle -jar "C:\Program Files (x86)\Jenkins\jenkins.war" --httpPort=8080
2017-06-19 13:42:52 - Started 3164
2017-06-19 13:48:15 - Starting C:\Program Files (x86)\Jenkins\jre\bin\java -Xrs -Xmx256m -Dhudson.lifecycle=hudson.lifecycle.WindowsServiceLifecycle -jar "C:\Program Files (x86)\Jenkins\jenkins.war" --httpPort=8080
2017-06-19 13:48:15 - Started 4892
2017-06-19 13:52:07 - Starting C:\Program Files (x86)\Jenkins\jre\bin\java -Xrs -Xmx256m -Dhudson.lifecycle=hudson.lifecycle.WindowsServiceLifecycle -jar "C:\Program Files (x86)\Jenkins\jenkins.war" --httpPort=8080
2017-06-19 13:52:07 - Started 4500
2017-06-19 13:54:17 - Starting C:\Program Files (x86)\Jenkins\jre\bin\java -Xrs -Xmx256m -Dhudson.lifecycle=hudson.lifecycle.WindowsServiceLifecycle -jar "C:\Program Files (x86)\Jenkins\jenkins.war" --httpPort=8080
2017-06-19 13:54:17 - Started 5084
2017-06-19 13:58:14 - Stopping jenkins
2017-06-19 13:58:14 - ProcessKill 5084
2017-06-19 13:58:14 - Send SIGINT 5084
2017-06-19 13:58:14 - SIGINT to5084 successful
2017-06-19 13:58:14 - Finished jenkins
2017-06-19 13:58:15 - Starting C:\Program Files (x86)\Jenkins\jre\bin\java -Xrs -Xmx256m -Dhudson.lifecycle=hudson.lifecycle.WindowsServiceLifecycle -jar "C:\Program Files (x86)\Jenkins\jenkins.war" --httpPort=8080
2017-06-19 13:58:15 - Started 3784
2017-06-19 13:59:00 - Starting C:\Program Files (x86)\Jenkins\jre\bin\java -Xrs -Xmx256m -Dhudson.lifecycle=hudson.lifecycle.WindowsServiceLifecycle -jar "C:\Program Files (x86)\Jenkins\jenkins.war" --httpPort=8080
2017-06-19 13:59:00 - Started 5372
2017-06-19 14:03:57 - Starting C:\Program Files (x86)\Jenkins\jre\bin\java -Xrs -Xmx256m -Dhudson.lifecycle=hudson.lifecycle.WindowsServiceLifecycle -jar "C:\Program Files (x86)\Jenkins\jenkins.war" --httpPort=8080
2017-06-19 14:03:57 - Started 4232
2017-06-19 14:11:28 - Starting C:\Program Files (x86)\Jenkins\jre\bin\java -Xrs -Xmx256m -Dhudson.lifecycle=hudson.lifecycle.WindowsServiceLifecycle -jar "C:\Program Files (x86)\Jenkins\jenkins.war" --httpPort=8080
2017-06-19 14:11:28 - Started 1976
2017-06-19 15:34:06 - Starting C:\Program Files (x86)\Jenkins\jre\bin\java -Xrs -Xmx256m -Dhudson.lifecycle=hudson.lifecycle.WindowsServiceLifecycle -jar "C:\Program Files (x86)\Jenkins\jenkins.war" --httpPort=8080
2017-06-19 15:34:07 - Started 1872
2017-06-19 15:47:49 - Starting C:\Program Files (x86)\Jenkins\jre\bin\java -Xrs -Xmx256m -Dhudson.lifecycle=hudson.lifecycle.WindowsServiceLifecycle -jar "C:\Program Files (x86)\Jenkins\jenkins.war" --httpPort=8080
2017-06-19 15:47:50 - Started 1956
2017-06-19 15:59:14 - Starting C:\Program Files (x86)\Jenkins\jre\bin\java -Xrs -Xmx256m -Dhudson.lifecycle=hudson.lifecycle.WindowsServiceLifecycle -jar "C:\Program Files (x86)\Jenkins\jenkins.war" --httpPort=8080
2017-06-19 15:59:14 - Started 3304
2017-06-19 16:01:40 - Starting C:\Program Files (x86)\Jenkins\jre\bin\java -Xrs -Xmx256m -Dhudson.lifecycle=hudson.lifecycle.WindowsServiceLifecycle -jar "C:\Program Files (x86)\Jenkins\jenkins.war" --httpPort=8080
2017-06-19 16:01:40 - Started 1204
2017-06-19 16:05:29 - Stopping jenkins
2017-06-19 16:05:29 - ProcessKill 1204
2017-06-19 16:05:29 - Send SIGINT 1204
2017-06-19 16:05:29 - SIGINT to1204 successful
2017-06-19 16:05:29 - Finished jenkins
2017-06-19 16:05:30 - Starting C:\Program Files (x86)\Jenkins\jre\bin\java -Xrs -Xmx256m -Dhudson.lifecycle=hudson.lifecycle.WindowsServiceLifecycle -jar "C:\Program Files (x86)\Jenkins\jenkins.war" --httpPort=8080
2017-06-19 16:05:30 - Started 3876
2017-06-19 16:22:40 - Starting C:\Program Files (x86)\Jenkins\jre\bin\java -Xrs -Xmx256m -Dhudson.lifecycle=hudson.lifecycle.WindowsServiceLifecycle -jar "C:\Program Files (x86)\Jenkins\jenkins.war" --httpPort=8080
2017-06-19 16:22:40 - Started 3360
2017-06-19 16:23:50 - Starting C:\Program Files (x86)\Jenkins\jre\bin\java -Xrs -Xmx256m -Dhudson.lifecycle=hudson.lifecycle.WindowsServiceLifecycle -jar "C:\Program Files (x86)\Jenkins\jenkins.war" --httpPort=8080
2017-06-19 16:23:50 - Started 4996
2017-06-26 14:56:50 - Stopping jenkins
2017-06-26 14:56:50 - ProcessKill 4996
2017-06-26 14:56:50 - Send SIGINT 4996
2017-06-26 14:56:50 - SIGINT to4996 successful
2017-06-26 14:56:50 - Finished jenkins
2017-06-26 14:56:51 - Starting C:\Program Files (x86)\Jenkins\jre\bin\java -Xrs -Xmx256m -Dhudson.lifecycle=hudson.lifecycle.WindowsServiceLifecycle -jar "C:\Program Files (x86)\Jenkins\jenkins.war" --httpPort=8080
2017-06-26 14:56:51 - Started 4124
2017-06-26 15:04:52 - Starting C:\Program Files (x86)\Jenkins\jre\bin\java -Xrs -Xmx256m -Dhudson.lifecycle=hudson.lifecycle.WindowsServiceLifecycle -jar "C:\Program Files (x86)\Jenkins\jenkins.war" --httpPort=8080
2017-06-26 15:04:52 - Started 2368
