Running from: /usr/share/jenkins/jenkins.war
Jun 21, 2012 7:53:21 PM winstone.Logger logInternal
SEVERE: Container startup failed
java.lang.NullPointerException
	at winstone.Launcher.shutdown(Launcher.java:333)
	at winstone.Launcher.<init>(Launcher.java:199)
	at winstone.Launcher.main(Launcher.java:384)
	at sun.reflect.NativeMethodAccessorImpl.invoke0(Native Method)
	at sun.reflect.NativeMethodAccessorImpl.invoke(NativeMethodAccessorImpl.java:57)
	at sun.reflect.DelegatingMethodAccessorImpl.invoke(DelegatingMethodAccessorImpl.java:43)
	at java.lang.reflect.Method.invoke(Method.java:616)
	at Main._main(Main.java:273)
	at Main.main(Main.java:98)
Running from: /usr/share/jenkins/jenkins.war
Jun 21, 2012 8:31:13 PM winstone.Logger logInternal
SEVERE: Container startup failed
java.lang.NullPointerException
	at winstone.Launcher.shutdown(Launcher.java:333)
	at winstone.Launcher.<init>(Launcher.java:199)
	at winstone.Launcher.main(Launcher.java:384)
	at sun.reflect.NativeMethodAccessorImpl.invoke0(Native Method)
	at sun.reflect.NativeMethodAccessorImpl.invoke(NativeMethodAccessorImpl.java:57)
	at sun.reflect.DelegatingMethodAccessorImpl.invoke(DelegatingMethodAccessorImpl.java:43)
	at java.lang.reflect.Method.invoke(Method.java:616)
	at Main._main(Main.java:273)
	at Main.main(Main.java:98)
