<?xml version='1.0' encoding='UTF-8'?>
<hotspot_log version='160 1' process='54150' time_ms='1532354076776'>
<vm_version>
<name>
Java HotSpot(TM) 64-Bit Server VM
</name>
<release>
25.171-b11
</release>
<info>
Java HotSpot(TM) 64-Bit Server VM (25.171-b11) for linux-amd64 JRE (1.8.0_171-b11), built on Mar 28 2018 17:07:08 by &quot;java_re&quot; with gcc 4.3.0 20080428 (Red Hat 4.3.0-8)
</info>
</vm_version>
<vm_arguments>
<args>
-XX:+UnlockDiagnosticVMOptions -XX:+LogVMOutput -XX:LogFile=/var/log/jenkins/hotspot-jenkins2.log -Djava.awt.headless=true -Dhudson.model.ParametersAction.safeParameters=destinationCommitHash,destinationRepositoryName,sourceBranch,sourceCommitHash,pullRequestId,destinationRepositoryOwner,sourceRepositoryOwner,pullRequestTitle,sourceRepositoryName,targetBranch,mergeBase,findbugs_new,findbugs_fixed,findbugs_count -Djava.util.logging.loglevel=FINEST -Djava.net.preferIPv4Stack=true
</args>
<command>
/usr/share/jenkins/jenkins2.war --webroot=/var/cache/jenkins2/war --httpPort=8081 --ajp13Port=-1 --sessionTimeout=10080 --debug=9
</command>
<launcher>
SUN_STANDARD
</launcher>
<properties>
java.vm.specification.name=Java Virtual Machine Specification
java.vm.version=25.171-b11
java.vm.name=Java HotSpot(TM) 64-Bit Server VM
java.vm.info=mixed mode, sharing
java.ext.dirs=/usr/lib/jvm/java-8-oracle/jre/lib/ext:/usr/java/packages/lib/ext
java.endorsed.dirs=/usr/lib/jvm/java-8-oracle/jre/lib/endorsed
sun.boot.library.path=/usr/lib/jvm/java-8-oracle/jre/lib/amd64
java.library.path=/usr/java/packages/lib/amd64:/usr/lib64:/lib64:/lib:/usr/lib
java.home=/usr/lib/jvm/java-8-oracle/jre
java.class.path=/usr/share/jenkins/jenkins2.war
sun.boot.class.path=/usr/lib/jvm/java-8-oracle/jre/lib/resources.jar:/usr/lib/jvm/java-8-oracle/jre/lib/rt.jar:/usr/lib/jvm/java-8-oracle/jre/lib/sunrsasign.jar:/usr/lib/jvm/java-8-oracle/jre/lib/jsse.jar:/usr/lib/jvm/java-8-oracle/jre/lib/jce.jar:/usr/lib/jvm/java-8-oracle/jre/lib/charsets.jar:/usr/lib/jvm/java-8-oracle/jre/lib/jfr.jar:/usr/lib/jvm/java-8-oracle/jre/classes
java.vm.specification.vendor=Oracle Corporation
java.vm.specification.version=1.8
java.vm.vendor=Oracle Corporation
java.awt.headless=true
hudson.model.ParametersAction.safeParameters=destinationCommitHash,destinationRepositoryName,sourceBranch,sourceCommitHash,pullRequestId,destinationRepositoryOwner,sourceRepositoryOwner,pullRequestTitle,sourceRepositoryName,targetBranch,mergeBase,findbugs_new,findbugs_fixed,findbugs_count
java.util.logging.loglevel=FINEST
java.net.preferIPv4Stack=true
sun.java.command=/usr/share/jenkins/jenkins2.war --webroot=/var/cache/jenkins2/war --httpPort=8081 --ajp13Port=-1 --sessionTimeout=10080 --debug=9
sun.java.launcher=SUN_STANDARD
</properties>
</vm_arguments>
<tty>
<blob name='MethodHandlesAdapterBlob' size='32000'>
<sect index='1' size='32000' free='31616'/>
</blob>
<writer thread='139850775410432'/>
<dependency_failed type='unique_concrete_method' ctxk='java/lang/ThreadLocal' x='java/lang/ThreadLocal getMap (Ljava/lang/Thread;)Ljava/lang/ThreadLocal$ThreadLocalMap;' witness='java/lang/InheritableThreadLocal' stamp='0.295'/>
<dependency_failed type='leaf_type' ctxk='java/lang/ThreadLocal' witness='java/lang/InheritableThreadLocal' stamp='0.295'/>
<dependency_failed type='leaf_type' ctxk='java/lang/ThreadLocal' witness='java/lang/InheritableThreadLocal' stamp='0.295'/>
<dependency_failed type='leaf_type' ctxk='java/lang/ThreadLocal' witness='java/lang/InheritableThreadLocal' stamp='0.295'/>
<writer thread='139847607097088'/>
<dependency_failed type='unique_concrete_method' ctxk='java/lang/ThreadLocal' x='java/lang/ThreadLocal getMap (Ljava/lang/Thread;)Ljava/lang/ThreadLocal$ThreadLocalMap;' witness='java/lang/InheritableThreadLocal' stamp='0.307'/>
<writer thread='139847599728384'/>
<dependency_failed type='unique_concrete_method' ctxk='java/lang/ThreadLocal' x='java/lang/ThreadLocal getMap (Ljava/lang/Thread;)Ljava/lang/ThreadLocal$ThreadLocalMap;' witness='java/lang/InheritableThreadLocal' stamp='0.309'/>
<writer thread='139847606044416'/>
<dependency_failed type='unique_concrete_method' ctxk='java/lang/ThreadLocal' x='java/lang/ThreadLocal getMap (Ljava/lang/Thread;)Ljava/lang/ThreadLocal$ThreadLocalMap;' witness='java/lang/InheritableThreadLocal' stamp='0.351'/>
<writer thread='139850775410432'/>
<dependency_failed type='abstract_with_unique_concrete_subtype' ctxk='java/nio/charset/CharsetDecoder' x='sun/nio/cs/UTF_8$Decoder' witness='sun/nio/cs/US_ASCII$Decoder' stamp='0.353'/>
<dependency_failed type='unique_concrete_method' ctxk='sun/nio/cs/ArrayDecoder' x='sun/nio/cs/UTF_8$Decoder decode ([BII[C)I' witness='sun/nio/cs/ArrayDecoder' stamp='0.353'/>
<writer thread='139847600781056'/>
<dependency_failed type='leaf_type' ctxk='java/lang/IllegalArgumentException' witness='java/lang/NumberFormatException' stamp='0.529'/>
<writer thread='139850775410432'/>
<dependency_failed type='unique_concrete_method' ctxk='java/util/HashMap' x='java/util/HashMap put (Ljava/lang/Object;Ljava/lang/Object;)Ljava/lang/Object;' witness='org/eclipse/jetty/http/PathMap' stamp='1.094'/>
<dependency_failed type='unique_concrete_method' ctxk='java/util/HashMap' x='java/util/HashMap put (Ljava/lang/Object;Ljava/lang/Object;)Ljava/lang/Object;' witness='org/eclipse/jetty/http/PathMap' stamp='1.094'/>
<dependency_failed type='unique_concrete_method' ctxk='java/util/HashMap' x='java/util/HashMap put (Ljava/lang/Object;Ljava/lang/Object;)Ljava/lang/Object;' witness='org/eclipse/jetty/http/PathMap' stamp='1.094'/>
<dependency_failed type='leaf_type' ctxk='java/util/StringTokenizer' witness='org/eclipse/jetty/util/QuotedStringTokenizer' stamp='1.193'/>
<dependency_failed type='leaf_type' ctxk='java/util/StringTokenizer' witness='org/eclipse/jetty/util/QuotedStringTokenizer' stamp='1.193'/>
<dependency_failed type='leaf_type' ctxk='java/util/StringTokenizer' witness='org/eclipse/jetty/util/QuotedStringTokenizer' stamp='1.193'/>
<dependency_failed type='leaf_type' ctxk='java/util/StringTokenizer' witness='org/eclipse/jetty/util/QuotedStringTokenizer' stamp='1.193'/>
<dependency_failed type='leaf_type' ctxk='java/util/ArrayList' witness='org/eclipse/jetty/webapp/Configuration$ClassList' stamp='1.224'/>
<dependency_failed type='leaf_type' ctxk='java/util/ArrayList' witness='org/eclipse/jetty/webapp/Configuration$ClassList' stamp='1.224'/>
<dependency_failed type='leaf_type' ctxk='java/util/ArrayList' witness='org/eclipse/jetty/webapp/Configuration$ClassList' stamp='1.224'/>
<dependency_failed type='leaf_type' ctxk='java/util/ArrayList' witness='org/eclipse/jetty/webapp/Configuration$ClassList' stamp='1.224'/>
<dependency_failed type='leaf_type' ctxk='java/util/ArrayList' witness='org/eclipse/jetty/webapp/Configuration$ClassList' stamp='1.224'/>
<dependency_failed type='leaf_type' ctxk='java/util/ArrayList' witness='org/eclipse/jetty/webapp/Configuration$ClassList' stamp='1.224'/>
<dependency_failed type='leaf_type' ctxk='java/util/ArrayList' witness='org/eclipse/jetty/webapp/Configuration$ClassList' stamp='1.224'/>
<dependency_failed type='leaf_type' ctxk='java/util/ArrayList' witness='org/eclipse/jetty/webapp/Configuration$ClassList' stamp='1.224'/>
<dependency_failed type='leaf_type' ctxk='java/util/ArrayList' witness='org/eclipse/jetty/webapp/Configuration$ClassList' stamp='1.224'/>
<dependency_failed type='leaf_type' ctxk='java/util/ArrayList' witness='org/eclipse/jetty/webapp/Configuration$ClassList' stamp='1.224'/>
<dependency_failed type='leaf_type' ctxk='java/util/ArrayList' witness='org/eclipse/jetty/webapp/Configuration$ClassList' stamp='1.224'/>
<dependency_failed type='unique_concrete_method' ctxk='java/lang/Throwable' x='java/lang/Throwable fillInStackTrace ()Ljava/lang/Throwable;' witness='com/sun/org/apache/xerces/internal/impl/XMLEntityScanner$1' stamp='1.395'/>
<dependency_failed type='leaf_type' ctxk='java/util/ArrayList$Itr' witness='java/util/ArrayList$ListItr' stamp='1.846'/>
<dependency_failed type='unique_concrete_method' ctxk='java/io/DataInput' x='java/io/DataInputStream readUnsignedShort ()I' witness='java/io/DataInput' stamp='1.996'/>
<dependency_failed type='unique_concrete_method' ctxk='java/io/DataOutput' x='java/io/DataOutputStream write ([BII)V' witness='java/io/DataOutput' stamp='2.043'/>
<dependency_failed type='unique_concrete_method' ctxk='java/io/Reader' x='java/io/Reader read ([C)I' witness='com/thoughtworks/xstream/core/util/XmlHeaderAwareReader' stamp='2.323'/>
<dependency_failed type='unique_concrete_method' ctxk='java/io/Reader' x='java/io/Reader read ([C)I' witness='com/thoughtworks/xstream/core/util/XmlHeaderAwareReader' stamp='2.323'/>
<dependency_failed type='unique_concrete_method' ctxk='java/util/ArrayList' x='java/util/ArrayList add (Ljava/lang/Object;)Z' witness='com/thoughtworks/xstream/core/util/CompositeClassLoader$1' stamp='2.347'/>
<dependency_failed type='unique_concrete_method' ctxk='java/util/ArrayList' x='java/util/ArrayList add (Ljava/lang/Object;)Z' witness='com/thoughtworks/xstream/core/util/CompositeClassLoader$1' stamp='2.347'/>
<dependency_failed type='unique_concrete_method' ctxk='java/util/ArrayList' x='java/util/ArrayList add (Ljava/lang/Object;)Z' witness='com/thoughtworks/xstream/core/util/CompositeClassLoader$1' stamp='2.347'/>
<dependency_failed type='unique_concrete_method' ctxk='java/util/ArrayList' x='java/util/ArrayList add (Ljava/lang/Object;)Z' witness='com/thoughtworks/xstream/core/util/CompositeClassLoader$1' stamp='2.347'/>
<dependency_failed type='unique_concrete_method' ctxk='java/util/ArrayList' x='java/util/ArrayList set (ILjava/lang/Object;)Ljava/lang/Object;' witness='hudson/slaves/NodeList' stamp='2.517'/>
<dependency_failed type='unique_concrete_method' ctxk='java/util/HashMap' x='java/util/HashMap containsKey (Ljava/lang/Object;)Z' witness='org/apache/commons/beanutils/WeakFastHashMap' stamp='2.554'/>
<dependency_failed type='unique_concrete_method' ctxk='java/util/HashMap' x='java/util/HashMap containsKey (Ljava/lang/Object;)Z' witness='org/apache/commons/beanutils/WeakFastHashMap' stamp='2.554'/>
<dependency_failed type='unique_concrete_method' ctxk='java/util/HashMap' x='java/util/HashMap containsKey (Ljava/lang/Object;)Z' witness='org/apache/commons/beanutils/WeakFastHashMap' stamp='2.554'/>
<dependency_failed type='leaf_type' ctxk='java/util/Stack' witness='org/apache/tools/ant/util/IdentityStack' stamp='2.637'/>
<dependency_failed type='leaf_type' ctxk='java/util/Stack' witness='org/apache/tools/ant/util/IdentityStack' stamp='2.637'/>
<dependency_failed type='leaf_type' ctxk='java/util/Stack' witness='org/apache/tools/ant/util/IdentityStack' stamp='2.637'/>
<dependency_failed type='leaf_type' ctxk='java/util/Stack' witness='org/apache/tools/ant/util/IdentityStack' stamp='2.637'/>
<dependency_failed type='leaf_type' ctxk='java/util/Stack' witness='org/apache/tools/ant/util/IdentityStack' stamp='2.637'/>
<dependency_failed type='leaf_type' ctxk='java/util/Stack' witness='org/apache/tools/ant/util/IdentityStack' stamp='2.637'/>
<dependency_failed type='leaf_type' ctxk='java/util/Stack' witness='org/apache/tools/ant/util/IdentityStack' stamp='2.637'/>
<dependency_failed type='leaf_type' ctxk='java/util/Stack' witness='org/apache/tools/ant/util/IdentityStack' stamp='2.637'/>
<dependency_failed type='leaf_type' ctxk='java/util/Stack' witness='org/apache/tools/ant/util/IdentityStack' stamp='2.637'/>
<writer thread='139847435544320'/>
<dependency_failed type='unique_concrete_method' ctxk='java/lang/Thread' x='java/lang/Thread interrupt ()V' witness='hudson/model/Executor' stamp='5.038'/>
<dependency_failed type='unique_concrete_method' ctxk='java/lang/Thread' x='java/lang/Thread interrupt ()V' witness='hudson/model/Executor' stamp='5.039'/>
<writer thread='139847311124224'/>
<dependency_failed type='unique_concrete_method' ctxk='java/util/Vector' x='java/util/Vector addElement (Ljava/lang/Object;)V' witness='org/apache/tools/ant/util/VectorSet' stamp='5.290'/>
<writer thread='139847321650944'/>
<dependency_failed type='leaf_type' ctxk='java/math/MutableBigInteger' witness='java/math/SignedMutableBigInteger' stamp='6.153'/>
<dependency_failed type='leaf_type' ctxk='java/math/MutableBigInteger' witness='java/math/SignedMutableBigInteger' stamp='6.153'/>
<dependency_failed type='leaf_type' ctxk='java/math/MutableBigInteger' witness='java/math/SignedMutableBigInteger' stamp='6.153'/>
<dependency_failed type='leaf_type' ctxk='java/math/MutableBigInteger' witness='java/math/SignedMutableBigInteger' stamp='6.153'/>
<dependency_failed type='leaf_type' ctxk='java/math/MutableBigInteger' witness='java/math/SignedMutableBigInteger' stamp='6.153'/>
<dependency_failed type='leaf_type' ctxk='java/math/MutableBigInteger' witness='java/math/SignedMutableBigInteger' stamp='6.153'/>
<dependency_failed type='leaf_type' ctxk='java/math/MutableBigInteger' witness='java/math/SignedMutableBigInteger' stamp='6.153'/>
<dependency_failed type='leaf_type' ctxk='java/math/MutableBigInteger' witness='java/math/SignedMutableBigInteger' stamp='6.153'/>
<writer thread='139847056365312'/>
<dependency_failed type='leaf_type' ctxk='java/io/BufferedReader' witness='org/eclipse/jetty/server/Request$1' stamp='6.530'/>
<dependency_failed type='leaf_type' ctxk='java/io/BufferedReader' witness='org/eclipse/jetty/server/Request$1' stamp='6.530'/>
<writer thread='139847321650944'/>
<dependency_failed type='leaf_type' ctxk='java/lang/SecurityException' witness='java/security/AccessControlException' stamp='6.665'/>
<dependency_failed type='leaf_type' ctxk='java/lang/SecurityException' witness='java/security/AccessControlException' stamp='6.665'/>
<writer thread='139847051110144'/>
<dependency_failed type='unique_concrete_method' ctxk='org/xml/sax/Attributes' x='com/sun/org/apache/xerces/internal/parsers/AbstractSAXParser$AttributesProxy getLength ()I' witness='org/xml/sax/Attributes' stamp='7.184'/>
<writer thread='139847295334144'/>
<dependency_failed type='leaf_type' ctxk='net/bull/javamelody/internal/model/Collector' witness='net/bull/javamelody/NodesCollector$RemoteCollector' stamp='14.384'/>
<writer thread='139847300597504'/>
<dependency_failed type='leaf_type' ctxk='java/lang/InterruptedException' witness='org/jenkinsci/plugins/workflow/steps/FlowInterruptedException' stamp='15.298'/>
<writer thread='139847181108992'/>
<dependency_failed type='unique_concrete_method' ctxk='java/net/URLStreamHandler' x='java/net/URLStreamHandler getDefaultPort ()I' witness='sun/net/www/protocol/http/Handler' stamp='15.426'/>
<dependency_failed type='unique_concrete_method' ctxk='java/net/URLStreamHandler' x='java/net/URLStreamHandler getDefaultPort ()I' witness='sun/net/www/protocol/http/Handler' stamp='15.426'/>
<dependency_failed type='unique_concrete_method' ctxk='java/net/URLStreamHandler' x='java/net/URLStreamHandler getDefaultPort ()I' witness='sun/net/www/protocol/http/Handler' stamp='15.426'/>
<dependency_failed type='unique_concrete_method' ctxk='java/net/URLStreamHandler' x='java/net/URLStreamHandler getDefaultPort ()I' witness='sun/net/www/protocol/http/Handler' stamp='15.426'/>
<dependency_failed type='unique_concrete_method' ctxk='java/net/URLStreamHandler' x='java/net/URLStreamHandler getDefaultPort ()I' witness='sun/net/www/protocol/http/Handler' stamp='15.426'/>
<dependency_failed type='unique_concrete_method' ctxk='java/net/URLStreamHandler' x='java/net/URLStreamHandler getDefaultPort ()I' witness='sun/net/www/protocol/http/Handler' stamp='15.426'/>
<dependency_failed type='unique_concrete_method' ctxk='java/net/URLStreamHandler' x='java/net/URLStreamHandler getDefaultPort ()I' witness='sun/net/www/protocol/http/Handler' stamp='15.426'/>
<dependency_failed type='unique_concrete_method' ctxk='com/google/inject/spi/ElementVisitor' x='com/google/inject/spi/DefaultElementVisitor visit (Lcom/google/inject/Binding;)Ljava/lang/Object;' witness='com/google/inject/internal/BindingProcessor' stamp='18.809'/>
<writer thread='139847294281472'/>
<dependency_failed type='leaf_type' ctxk='java/util/LinkedList' witness='hudson/util/RobustReflectionConverter$OwnerContext' stamp='21.974'/>
<dependency_failed type='leaf_type' ctxk='java/util/LinkedList' witness='hudson/util/RobustReflectionConverter$OwnerContext' stamp='21.974'/>
<dependency_failed type='leaf_type' ctxk='java/util/LinkedList' witness='hudson/util/RobustReflectionConverter$OwnerContext' stamp='21.974'/>
<dependency_failed type='leaf_type' ctxk='java/util/LinkedList' witness='hudson/util/RobustReflectionConverter$OwnerContext' stamp='21.974'/>
<dependency_failed type='leaf_type' ctxk='java/util/LinkedList' witness='hudson/util/RobustReflectionConverter$OwnerContext' stamp='21.974'/>
<dependency_failed type='leaf_type' ctxk='java/util/LinkedList' witness='hudson/util/RobustReflectionConverter$OwnerContext' stamp='21.974'/>
<writer thread='139847057417984'/>
<dependency_failed type='leaf_type' ctxk='org/codehaus/groovy/runtime/callsite/AbstractCallSite' witness='org/codehaus/groovy/runtime/callsite/MetaClassSite' stamp='22.517'/>
<writer thread='139847294281472'/>
<dependency_failed type='leaf_type' ctxk='java/nio/DirectByteBuffer' witness='java/nio/DirectByteBufferR' stamp='24.140'/>
<dependency_failed type='leaf_type' ctxk='java/nio/DirectByteBuffer' witness='java/nio/DirectByteBufferR' stamp='24.140'/>
<dependency_failed type='leaf_type' ctxk='java/nio/DirectByteBuffer' witness='java/nio/DirectByteBufferR' stamp='24.140'/>
<dependency_failed type='leaf_type' ctxk='java/nio/DirectByteBuffer' witness='java/nio/DirectByteBufferR' stamp='24.140'/>
<dependency_failed type='no_finalizable_subclasses' ctxk='java/lang/ref/WeakReference' witness='com/sun/jna/CallbackReference' stamp='24.265'/>
<dependency_failed type='no_finalizable_subclasses' ctxk='java/lang/ref/WeakReference' witness='com/sun/jna/CallbackReference' stamp='24.265'/>
<dependency_failed type='no_finalizable_subclasses' ctxk='java/lang/ref/Reference' witness='com/sun/jna/CallbackReference' stamp='24.265'/>
<dependency_failed type='no_finalizable_subclasses' ctxk='java/lang/ref/Reference' witness='com/sun/jna/CallbackReference' stamp='24.265'/>
<dependency_failed type='leaf_type' ctxk='java/io/BufferedOutputStream' witness='java/lang/UNIXProcess$ProcessPipeOutputStream' stamp='24.303'/>
<dependency_failed type='leaf_type' ctxk='java/io/BufferedInputStream' witness='java/lang/UNIXProcess$ProcessPipeInputStream' stamp='24.306'/>
<dependency_failed type='leaf_type' ctxk='java/io/BufferedInputStream' witness='java/lang/UNIXProcess$ProcessPipeInputStream' stamp='24.306'/>
<dependency_failed type='leaf_type' ctxk='java/io/BufferedInputStream' witness='java/lang/UNIXProcess$ProcessPipeInputStream' stamp='24.306'/>
<dependency_failed type='unique_concrete_method' ctxk='java/util/concurrent/RejectedExecutionHandler' x='java/util/concurrent/ThreadPoolExecutor$AbortPolicy rejectedExecution (Ljava/lang/Runnable;Ljava/util/concurrent/ThreadPoolExecutor;)V' witness='java/util/concurrent/RejectedExecutionHandler' stamp='24.357'/>
<writer thread='139847211636480'/>
<dependency_failed type='leaf_type' ctxk='java/util/Collections$UnmodifiableMap' witness='java/util/Collections$UnmodifiableSortedMap' stamp='24.532'/>
<dependency_failed type='abstract_with_unique_concrete_subtype' ctxk='hudson/util/AdaptedIterator' x='hudson/ExtensionList$1' witness='jenkins/model/lazy/BuildReferenceMapAdapter$CollectionAdapter$1' stamp='24.541'/>
<dependency_failed type='abstract_with_unique_concrete_subtype' ctxk='hudson/util/AdaptedIterator' x='hudson/ExtensionList$1' witness='jenkins/model/lazy/BuildReferenceMapAdapter$CollectionAdapter$1' stamp='24.541'/>
<writer thread='139847191635712'/>
<dependency_failed type='leaf_type' ctxk='groovyjarjarasm/asm/ClassWriter' witness='org/codehaus/groovy/control/CompilationUnit$18' stamp='24.877'/>
<dependency_failed type='leaf_type' ctxk='org/codehaus/groovy/control/ResolveVisitor' witness='org/codehaus/groovy/ast/tools/GenericsUtils$2' stamp='25.257'/>
<dependency_failed type='leaf_type' ctxk='org/codehaus/groovy/control/ResolveVisitor' witness='org/codehaus/groovy/ast/tools/GenericsUtils$2' stamp='25.257'/>
<dependency_failed type='leaf_type' ctxk='org/codehaus/groovy/control/ResolveVisitor' witness='org/codehaus/groovy/ast/tools/GenericsUtils$2' stamp='25.257'/>
<dependency_failed type='unique_concrete_method' ctxk='org/codehaus/groovy/ast/GroovyCodeVisitor' x='org/codehaus/groovy/ast/CodeVisitorSupport visitConstantExpression (Lorg/codehaus/groovy/ast/expr/ConstantExpression;)V' witness='org/codehaus/groovy/classgen/ClassCompletionVerifier' stamp='25.265'/>
<dependency_failed type='unique_concrete_method' ctxk='org/codehaus/groovy/ast/ClassNode' x='org/codehaus/groovy/ast/ClassNode getPlainNodeReference ()Lorg/codehaus/groovy/ast/ClassNode;' witness='org/codehaus/groovy/ast/tools/WideningCategories$LowestUpperBoundClassNode' stamp='25.354'/>
<dependency_failed type='unique_concrete_method' ctxk='java/beans/PropertyDescriptor' x='java/beans/PropertyDescriptor getReadMethod ()Ljava/lang/reflect/Method;' witness='org/springframework/beans/GenericTypeAwarePropertyDescriptor' stamp='25.554'/>
<dependency_failed type='unique_concrete_method' ctxk='java/beans/PropertyDescriptor' x='java/beans/PropertyDescriptor getReadMethod ()Ljava/lang/reflect/Method;' witness='org/springframework/beans/GenericTypeAwarePropertyDescriptor' stamp='25.554'/>
<dependency_failed type='unique_concrete_method' ctxk='java/beans/PropertyDescriptor' x='java/beans/PropertyDescriptor getReadMethod ()Ljava/lang/reflect/Method;' witness='org/springframework/beans/GenericTypeAwarePropertyDescriptor' stamp='25.554'/>
<dependency_failed type='unique_concrete_method' ctxk='java/beans/PropertyDescriptor' x='java/beans/PropertyDescriptor getWriteMethod ()Ljava/lang/reflect/Method;' witness='org/springframework/beans/GenericTypeAwarePropertyDescriptor' stamp='25.554'/>
<dependency_failed type='unique_concrete_method' ctxk='java/beans/PropertyDescriptor' x='java/beans/PropertyDescriptor getWriteMethod ()Ljava/lang/reflect/Method;' witness='org/springframework/beans/GenericTypeAwarePropertyDescriptor' stamp='25.554'/>
<dependency_failed type='unique_concrete_method' ctxk='java/beans/PropertyDescriptor' x='java/beans/PropertyDescriptor getReadMethod ()Ljava/lang/reflect/Method;' witness='org/springframework/beans/GenericTypeAwarePropertyDescriptor' stamp='25.554'/>
<dependency_failed type='unique_concrete_method' ctxk='java/beans/PropertyDescriptor' x='java/beans/PropertyDescriptor getReadMethod ()Ljava/lang/reflect/Method;' witness='org/springframework/beans/GenericTypeAwarePropertyDescriptor' stamp='25.554'/>
<writer thread='139847050057472'/>
<dependency_failed type='leaf_type' ctxk='com/google/common/cache/LocalCache$StrongEntry' witness='com/google/common/cache/LocalCache$StrongWriteEntry' stamp='26.874'/>
<dependency_failed type='leaf_type' ctxk='java/util/Collections$SynchronizedMap' witness='java/util/Collections$SynchronizedSortedMap' stamp='27.055'/>
<dependency_failed type='leaf_type' ctxk='java/util/Collections$SynchronizedMap' witness='java/util/Collections$SynchronizedSortedMap' stamp='27.055'/>
<dependency_failed type='leaf_type' ctxk='java/util/Collections$SynchronizedMap' witness='java/util/Collections$SynchronizedSortedMap' stamp='27.055'/>
<dependency_failed type='leaf_type' ctxk='java/util/Collections$SynchronizedMap' witness='java/util/Collections$SynchronizedSortedMap' stamp='27.055'/>
<dependency_failed type='unique_concrete_method' ctxk='java/io/ByteArrayOutputStream' x='java/io/ByteArrayOutputStream reset ()V' witness='sun/security/ssl/OutputRecord' stamp='27.066'/>
<dependency_failed type='leaf_type' ctxk='java/io/FileInputStream' witness='java/net/SocketInputStream' stamp='27.294'/>
<dependency_failed type='leaf_type' ctxk='java/io/FileInputStream' witness='java/net/SocketInputStream' stamp='27.294'/>
<dependency_failed type='leaf_type' ctxk='java/io/FileInputStream' witness='java/net/SocketInputStream' stamp='27.294'/>
<dependency_failed type='leaf_type' ctxk='java/io/FileOutputStream' witness='java/net/SocketOutputStream' stamp='27.297'/>
<writer thread='139847430289152'/>
<dependency_failed type='leaf_type' ctxk='java/io/File' witness='org/codehaus/groovy/runtime/WritableFile' stamp='37.633'/>
<dependency_failed type='leaf_type' ctxk='java/io/File' witness='org/codehaus/groovy/runtime/WritableFile' stamp='37.633'/>
<dependency_failed type='leaf_type' ctxk='java/io/File' witness='org/codehaus/groovy/runtime/WritableFile' stamp='37.633'/>
<dependency_failed type='leaf_type' ctxk='java/io/File' witness='org/codehaus/groovy/runtime/WritableFile' stamp='37.633'/>
<dependency_failed type='leaf_type' ctxk='java/io/File' witness='org/codehaus/groovy/runtime/WritableFile' stamp='37.633'/>
<dependency_failed type='leaf_type' ctxk='java/io/File' witness='org/codehaus/groovy/runtime/WritableFile' stamp='37.633'/>
<dependency_failed type='leaf_type' ctxk='java/io/File' witness='org/codehaus/groovy/runtime/WritableFile' stamp='37.633'/>
<dependency_failed type='leaf_type' ctxk='java/io/File' witness='org/codehaus/groovy/runtime/WritableFile' stamp='37.633'/>
<dependency_failed type='leaf_type' ctxk='java/io/File' witness='org/codehaus/groovy/runtime/WritableFile' stamp='37.633'/>
<dependency_failed type='leaf_type' ctxk='java/io/File' witness='org/codehaus/groovy/runtime/WritableFile' stamp='37.633'/>
<dependency_failed type='leaf_type' ctxk='java/io/File' witness='org/codehaus/groovy/runtime/WritableFile' stamp='37.633'/>
<dependency_failed type='leaf_type' ctxk='java/io/File' witness='org/codehaus/groovy/runtime/WritableFile' stamp='37.633'/>
<dependency_failed type='leaf_type' ctxk='java/io/File' witness='org/codehaus/groovy/runtime/WritableFile' stamp='37.633'/>
<dependency_failed type='leaf_type' ctxk='java/io/File' witness='org/codehaus/groovy/runtime/WritableFile' stamp='37.633'/>
<dependency_failed type='leaf_type' ctxk='java/io/File' witness='org/codehaus/groovy/runtime/WritableFile' stamp='37.633'/>
<dependency_failed type='leaf_type' ctxk='java/io/File' witness='org/codehaus/groovy/runtime/WritableFile' stamp='37.633'/>
<dependency_failed type='leaf_type' ctxk='java/io/File' witness='org/codehaus/groovy/runtime/WritableFile' stamp='37.633'/>
<dependency_failed type='leaf_type' ctxk='java/io/File' witness='org/codehaus/groovy/runtime/WritableFile' stamp='37.633'/>
<dependency_failed type='leaf_type' ctxk='java/io/File' witness='org/codehaus/groovy/runtime/WritableFile' stamp='37.633'/>
<dependency_failed type='leaf_type' ctxk='java/io/File' witness='org/codehaus/groovy/runtime/WritableFile' stamp='37.633'/>
<dependency_failed type='leaf_type' ctxk='java/io/File' witness='org/codehaus/groovy/runtime/WritableFile' stamp='37.633'/>
<dependency_failed type='leaf_type' ctxk='java/io/File' witness='org/codehaus/groovy/runtime/WritableFile' stamp='37.633'/>
<dependency_failed type='leaf_type' ctxk='java/io/File' witness='org/codehaus/groovy/runtime/WritableFile' stamp='37.633'/>
<dependency_failed type='leaf_type' ctxk='java/io/File' witness='org/codehaus/groovy/runtime/WritableFile' stamp='37.633'/>
<dependency_failed type='leaf_type' ctxk='java/io/File' witness='org/codehaus/groovy/runtime/WritableFile' stamp='37.633'/>
<dependency_failed type='leaf_type' ctxk='java/io/File' witness='org/codehaus/groovy/runtime/WritableFile' stamp='37.633'/>
<dependency_failed type='leaf_type' ctxk='java/io/File' witness='org/codehaus/groovy/runtime/WritableFile' stamp='37.634'/>
<dependency_failed type='leaf_type' ctxk='java/io/File' witness='org/codehaus/groovy/runtime/WritableFile' stamp='37.634'/>
<dependency_failed type='leaf_type' ctxk='java/io/File' witness='org/codehaus/groovy/runtime/WritableFile' stamp='37.634'/>
<dependency_failed type='leaf_type' ctxk='java/io/File' witness='org/codehaus/groovy/runtime/WritableFile' stamp='37.634'/>
<dependency_failed type='leaf_type' ctxk='java/io/File' witness='org/codehaus/groovy/runtime/WritableFile' stamp='37.634'/>
<dependency_failed type='leaf_type' ctxk='java/io/File' witness='org/codehaus/groovy/runtime/WritableFile' stamp='37.634'/>
<dependency_failed type='leaf_type' ctxk='java/io/File' witness='org/codehaus/groovy/runtime/WritableFile' stamp='37.634'/>
<dependency_failed type='leaf_type' ctxk='java/io/File' witness='org/codehaus/groovy/runtime/WritableFile' stamp='37.634'/>
<dependency_failed type='leaf_type' ctxk='java/io/File' witness='org/codehaus/groovy/runtime/WritableFile' stamp='37.634'/>
<dependency_failed type='leaf_type' ctxk='java/io/File' witness='org/codehaus/groovy/runtime/WritableFile' stamp='37.634'/>
<dependency_fa