Jan 01, 2014 7:04:36 PM hudson.model.Run execute
INFO: prototype load 16azatl8ozvnfnudkab8u87gdys6r1yy-1383927841@qa-98prototype-1.na.getgooddata.com main build action completed: SUCCESS
...
Jan 01, 2014 7:05:05 PM hudson.model.Run execute
INFO: prototype load t2mg0i1lkvibf4v07yw184j0m0j6yk2m-1383593938@qa-98prototype-1.na.getgooddata.com main build action completed: SUCCESS
...
Jan 01, 2014 7:05:36 PM hudson.model.Run execute
INFO: prototype load h1nigqy2gy8ajq9s3smuuaafio7yg7z6-1380781076@qa-98prototype-1.na.getgooddata.com main build action completed: SUCCESS

Jan 01, 2014 7:05:37 PM jenkins.model.PeepholePermalink updateCache
WARNING: Failed to update hudson.model.FreeStyleProject@6d5d2cc[prototype load] lastStableBuild permalink for prototype load t2mg0i1lkvibf4v07yw184j0m0j6yk2m-1383593938@qa-9
8prototype-1.na.getgooddata.com
java.nio.file.NoSuchFileException: /var/lib/jenkins/jobs/prototype load/builds/lastStableBuild.tmp
        at sun.nio.fs.UnixException.translateToIOException(UnixException.java:86)
        at sun.nio.fs.UnixException.rethrowAsIOException(UnixException.java:102)
        at sun.nio.fs.UnixException.rethrowAsIOException(UnixException.java:107)
        at sun.nio.fs.UnixFileSystemProvider.readSymbolicLink(UnixFileSystemProvider.java:495)
        at java.nio.file.Files.readSymbolicLink(Files.java:1382)
        at sun.reflect.GeneratedMethodAccessor41.invoke(Unknown Source)
        at sun.reflect.DelegatingMethodAccessorImpl.invoke(DelegatingMethodAccessorImpl.java:43)
        at java.lang.reflect.Method.invoke(Method.java:606)
        at hudson.Util.resolveSymlink(Util.java:1216)
        at jenkins.model.PeepholePermalink.writeSymlink(PeepholePermalink.java:169)
        at jenkins.model.PeepholePermalink.updateCache(PeepholePermalink.java:137)
        at jenkins.model.PeepholePermalink$RunListenerImpl.onCompleted(PeepholePermalink.java:214)
        at hudson.model.listeners.RunListener.fireCompleted(RunListener.java:199)
        at hudson.model.Run.execute(Run.java:1642)
        at hudson.model.FreeStyleBuild.run(FreeStyleBuild.java:46)
        at hudson.model.ResourceController.execute(ResourceController.java:88)
        at hudson.model.Executor.run(Executor.java:237)

Jan 01, 2014 7:05:37 PM jenkins.model.PeepholePermalink updateCache
WARNING: Failed to update hudson.model.FreeStyleProject@6d5d2cc[prototype load] lastSuccessfulBuild permalink for prototype load h1nigqy2gy8ajq9s3smuuaafio7yg7z6-1380781076@
qa-98prototype-1.na.getgooddata.com
java.nio.file.NoSuchFileException: /var/lib/jenkins/jobs/prototype load/builds/lastSuccessfulBuild.tmp
        at sun.nio.fs.UnixException.translateToIOException(UnixException.java:86)
        at sun.nio.fs.UnixException.rethrowAsIOException(UnixException.java:102)
        at sun.nio.fs.UnixException.rethrowAsIOException(UnixException.java:107)
        at sun.nio.fs.UnixFileSystemProvider.readSymbolicLink(UnixFileSystemProvider.java:495)
        at java.nio.file.Files.readSymbolicLink(Files.java:1382)
        at sun.reflect.GeneratedMethodAccessor41.invoke(Unknown Source)
        at sun.reflect.DelegatingMethodAccessorImpl.invoke(DelegatingMethodAccessorImpl.java:43)
        at java.lang.reflect.Method.invoke(Method.java:606)
        at hudson.Util.resolveSymlink(Util.java:1216)
        at jenkins.model.PeepholePermalink.writeSymlink(PeepholePermalink.java:169)
        at jenkins.model.PeepholePermalink.updateCache(PeepholePermalink.java:137)
        at jenkins.model.PeepholePermalink$RunListenerImpl.onCompleted(PeepholePermalink.java:214)
        at hudson.model.listeners.RunListener.fireCompleted(RunListener.java:199)
        at hudson.model.Run.execute(Run.java:1642)
        at hudson.model.FreeStyleBuild.run(FreeStyleBuild.java:46)
        at hudson.model.ResourceController.execute(ResourceController.java:88)
        at hudson.model.Executor.run(Executor.java:237)

Jan 01, 2014 7:05:37 PM hudson.model.Run execute
SEVERE: Failed to rotate log
java.io.IOException: /var/lib/jenkins/jobs/prototype load/builds/2014-01-01_11-07-05 is in use
        at hudson.model.Run.delete(Run.java:1381)
        at hudson.tasks.LogRotator.perform(LogRotator.java:133)
        at hudson.model.Job.logRotate(Job.java:407)
        at hudson.model.Run.execute(Run.java:1655)
        at hudson.model.FreeStyleBuild.run(FreeStyleBuild.java:46)
        at hudson.model.ResourceController.execute(ResourceController.java:88)
        at hudson.model.Executor.run(Executor.java:237)

Jan 01, 2014 7:05:37 PM hudson.model.Run execute
SEVERE: Failed to rotate log
java.io.IOException: /var/lib/jenkins/jobs/prototype load/builds/2014-01-01_11-07-05 is in use
        at hudson.model.Run.delete(Run.java:1381)
        at hudson.tasks.LogRotator.perform(LogRotator.java:133)
        at hudson.model.Job.logRotate(Job.java:407)
        at hudson.model.Run.execute(Run.java:1655)
        at hudson.model.FreeStyleBuild.run(FreeStyleBuild.java:46)
        at hudson.model.ResourceController.execute(ResourceController.java:88)
        at hudson.model.Executor.run(Executor.java:237)

Jan 01, 2014 7:05:38 PM hudson.model.Run execute