Thread Dump
RequestHandlerThread[#4]

"RequestHandlerThread[#4]" Id=12 RUNNABLE
	at sun.management.ThreadImpl.dumpThreads0(Native Method)
	at sun.management.ThreadImpl.getThreadInfo(ThreadImpl.java:359)
	at hudson.Functions.getThreadInfos(Functions.java:716)
	at sun.reflect.NativeMethodAccessorImpl.invoke0(Native Method)
	at sun.reflect.NativeMethodAccessorImpl.invoke(NativeMethodAccessorImpl.java:39)
	at sun.reflect.DelegatingMethodAccessorImpl.invoke(DelegatingMethodAccessorImpl.java:25)
	at java.lang.reflect.Method.invoke(Method.java:597)
	at org.apache.commons.jexl.util.introspection.UberspectImpl$VelMethodImpl.invoke(UberspectImpl.java:258)
	at org.apache.commons.jexl.parser.ASTMethod.execute(ASTMethod.java:104)
	at org.apache.commons.jexl.parser.ASTReference.execute(ASTReference.java:83)
	at org.apache.commons.jexl.parser.ASTReference.value(ASTReference.java:57)
	at org.apache.commons.jexl.parser.ASTReferenceExpression.value(ASTReferenceExpression.java:51)
	at org.apache.commons.jexl.ExpressionImpl.evaluate(ExpressionImpl.java:80)
	at hudson.ExpressionFactory2$JexlExpression.evaluate(ExpressionFactory2.java:71)
	at org.apache.commons.jelly.expression.ExpressionSupport.evaluateRecurse(ExpressionSupport.java:61)
	at org.apache.commons.jelly.expression.ExpressionSupport.evaluateAsIterator(ExpressionSupport.java:94)
	at org.apache.commons.jelly.tags.core.ForEachTag.doTag(ForEachTag.java:89)
	at org.apache.commons.jelly.impl.TagScript.run(TagScript.java:262)
	at org.apache.commons.jelly.impl.ScriptBlock.run(ScriptBlock.java:95)
	at org.apache.commons.jelly.TagSupport.invokeBody(TagSupport.java:186)
	at org.apache.commons.jelly.tags.core.WhenTag.doTag(WhenTag.java:46)
	at org.apache.commons.jelly.impl.TagScript.run(TagScript.java:262)
	at org.apache.commons.jelly.impl.ScriptBlock.run(ScriptBlock.java:95)
	at org.apache.commons.jelly.TagSupport.invokeBody(TagSupport.java:186)
	at org.apache.commons.jelly.tags.core.ChooseTag.doTag(ChooseTag.java:38)
	at org.apache.commons.jelly.impl.TagScript.run(TagScript.java:262)
	at org.apache.commons.jelly.impl.ScriptBlock.run(ScriptBlock.java:95)
	at org.kohsuke.stapler.jelly.CustomTagLibrary$StaplerDynamicTag$1.run(CustomTagLibrary.java:147)
	at org.apache.commons.jelly.tags.define.InvokeBodyTag.doTag(InvokeBodyTag.java:91)
	at org.apache.commons.jelly.impl.TagScript.run(TagScript.java:262)
	at org.apache.commons.jelly.impl.ScriptBlock.run(ScriptBlock.java:95)
	at org.apache.commons.jelly.TagSupport.invokeBody(TagSupport.java:186)
	at org.apache.commons.jelly.tags.core.IfTag.doTag(IfTag.java:42)
	at org.apache.commons.jelly.impl.TagScript.run(TagScript.java:262)
	at org.apache.commons.jelly.impl.ScriptBlock.run(ScriptBlock.java:95)
	at org.apache.commons.jelly.TagSupport.invokeBody(TagSupport.java:186)
	at org.apache.commons.jelly.tags.core.JellyTag.doTag(JellyTag.java:45)
	at org.apache.commons.jelly.impl.TagScript.run(TagScript.java:262)
	at org.apache.commons.jelly.impl.DynamicTag.doTag(DynamicTag.java:81)
	at org.apache.commons.jelly.impl.TagScript.run(TagScript.java:262)
	at org.apache.commons.jelly.impl.ScriptBlock.run(ScriptBlock.java:95)
	at org.kohsuke.stapler.jelly.CustomTagLibrary$StaplerDynamicTag$1.run(CustomTagLibrary.java:147)
	at org.apache.commons.jelly.tags.define.InvokeBodyTag.doTag(InvokeBodyTag.java:91)
	at org.apache.commons.jelly.impl.TagScript.run(TagScript.java:262)
	at org.apache.commons.jelly.impl.ScriptBlock.run(ScriptBlock.java:95)
	at org.apache.commons.jelly.TagSupport.invokeBody(TagSupport.java:186)
	at org.apache.commons.jelly.impl.StaticTag.doTag(StaticTag.java:65)
	at org.apache.commons.jelly.impl.StaticTagScript.run(StaticTagScript.java:112)
	at org.apache.commons.jelly.impl.ScriptBlock.run(ScriptBlock.java:95)
	at org.apache.commons.jelly.TagSupport.invokeBody(TagSupport.java:186)
	at org.apache.commons.jelly.impl.StaticTag.doTag(StaticTag.java:65)
	at org.apache.commons.jelly.impl.StaticTagScript.run(StaticTagScript.java:112)
	at org.apache.commons.jelly.impl.ScriptBlock.run(ScriptBlock.java:95)
	at org.apache.commons.jelly.TagSupport.invokeBody(TagSupport.java:186)
	at org.apache.commons.jelly.impl.StaticTag.doTag(StaticTag.java:65)
	at org.apache.commons.jelly.impl.StaticTagScript.run(StaticTagScript.java:112)
	at org.apache.commons.jelly.impl.ScriptBlock.run(ScriptBlock.java:95)
	at org.apache.commons.jelly.TagSupport.invokeBody(TagSupport.java:186)
	at org.apache.commons.jelly.impl.StaticTag.doTag(StaticTag.java:65)
	at org.apache.commons.jelly.impl.StaticTagScript.run(StaticTagScript.java:112)
	at org.apache.commons.jelly.impl.ScriptBlock.run(ScriptBlock.java:95)
	at org.apache.commons.jelly.TagSupport.invokeBody(TagSupport.java:186)
	at org.apache.commons.jelly.impl.StaticTag.doTag(StaticTag.java:65)
	at org.apache.commons.jelly.impl.StaticTagScript.run(StaticTagScript.java:112)
	at org.apache.commons.jelly.impl.ScriptBlock.run(ScriptBlock.java:95)
	at org.apache.commons.jelly.TagSupport.invokeBody(TagSupport.java:186)
	at org.apache.commons.jelly.tags.core.JellyTag.doTag(JellyTag.java:45)
	at org.apache.commons.jelly.impl.TagScript.run(TagScript.java:262)
	at org.apache.commons.jelly.impl.DynamicTag.doTag(DynamicTag.java:81)
	at org.apache.commons.jelly.impl.TagScript.run(TagScript.java:262)
	at org.apache.commons.jelly.impl.ScriptBlock.run(ScriptBlock.java:95)
	at org.apache.commons.jelly.TagSupport.invokeBody(TagSupport.java:186)
	at org.apache.commons.jelly.tags.core.JellyTag.doTag(JellyTag.java:45)
	at org.apache.commons.jelly.impl.TagScript.run(TagScript.java:262)
	at org.kohsuke.stapler.jelly.DefaultScriptInvoker.invokeScript(DefaultScriptInvoker.java:29)
	at org.kohsuke.stapler.jelly.JellyFacet$1.dispatch(JellyFacet.java:51)
	at org.kohsuke.stapler.Stapler.invoke(Stapler.java:486)
	at org.kohsuke.stapler.Stapler.invoke(Stapler.java:404)
	at org.kohsuke.stapler.Stapler.service(Stapler.java:117)
	at javax.servlet.http.HttpServlet.service(HttpServlet.java:45)
	at winstone.ServletConfiguration.execute(ServletConfiguration.java:249)
	at winstone.RequestDispatcher.forward(RequestDispatcher.java:335)
	at winstone.RequestDispatcher.doFilter(RequestDispatcher.java:378)
	at hudson.util.PluginServletFilter$1.doFilter(PluginServletFilter.java:91)
	at hudson.util.PluginServletFilter.doFilter(PluginServletFilter.java:83)
	at winstone.FilterConfiguration.execute(FilterConfiguration.java:195)
	at winstone.RequestDispatcher.doFilter(RequestDispatcher.java:368)
	at hudson.security.ChainedServletFilter$1.doFilter(ChainedServletFilter.java:84)
	at hudson.security.UnwrapSecurityExceptionFilter.doFilter(UnwrapSecurityExceptionFilter.java:51)
	at hudson.security.ChainedServletFilter$1.doFilter(ChainedServletFilter.java:87)
	at org.acegisecurity.ui.ExceptionTranslationFilter.doFilter(ExceptionTranslationFilter.java:166)
	at hudson.security.ChainedServletFilter$1.doFilter(ChainedServletFilter.java:87)
	at org.acegisecurity.providers.anonymous.AnonymousProcessingFilter.doFilter(AnonymousProcessingFilter.java:125)
	at hudson.security.ChainedServletFilter$1.doFilter(ChainedServletFilter.java:87)
	at org.acegisecurity.ui.rememberme.RememberMeProcessingFilter.doFilter(RememberMeProcessingFilter.java:142)
	at hudson.security.ChainedServletFilter$1.doFilter(ChainedServletFilter.java:87)
	at org.acegisecurity.ui.AbstractProcessingFilter.doFilter(AbstractProcessingFilter.java:271)
	at hudson.security.ChainedServletFilter$1.doFilter(ChainedServletFilter.java:87)
	at org.acegisecurity.ui.basicauth.BasicProcessingFilter.doFilter(BasicProcessingFilter.java:173)
	at hudson.security.ChainedServletFilter$1.doFilter(ChainedServletFilter.java:87)
	at org.acegisecurity.context.HttpSessionContextIntegrationFilter.doFilter(HttpSessionContextIntegrationFilter.java:249)
	at hudson.security.HttpSessionContextIntegrationFilter2.doFilter(HttpSessionContextIntegrationFilter2.java:66)
	at hudson.security.ChainedServletFilter$1.doFilter(ChainedServletFilter.java:87)
	at hudson.security.ChainedServletFilter.doFilter(ChainedServletFilter.java:76)
	at hudson.security.HudsonFilter.doFilter(HudsonFilter.java:155)
	at winstone.FilterConfiguration.execute(FilterConfiguration.java:195)
	at winstone.RequestDispatcher.doFilter(RequestDispatcher.java:368)
	at winstone.RequestDispatcher.forward(RequestDispatcher.java:333)
	at winstone.RequestHandlerThread.processRequest(RequestHandlerThread.java:244)
	at winstone.RequestHandlerThread.run(RequestHandlerThread.java:150)
	at java.lang.Thread.run(Thread.java:619)


Thread-3

"Thread-3" Id=31 TIMED_WAITING on java.util.LinkedHashSet@1e21540
	at java.lang.Object.wait(Native Method)
	-  waiting on java.util.LinkedHashSet@1e21540
	at hudson.model.ViewJob$ReloadThread.getNext(ViewJob.java:159)
	at hudson.model.ViewJob$ReloadThread.run(ViewJob.java:175)


Executor #4 for master

"Executor #4 for master" Id=30 WAITING on hudson.util.OneShotEvent@1e142a5
	at java.lang.Object.wait(Native Method)
	-  waiting on hudson.util.OneShotEvent@1e142a5
	at java.lang.Object.wait(Object.java:485)
	at hudson.util.OneShotEvent.block(OneShotEvent.java:60)
	at hudson.model.Queue.pop(Queue.java:596)
	at hudson.model.Executor.run(Executor.java:97)


Executor #3 for master

"Executor #3 for master" Id=29 WAITING on hudson.util.OneShotEvent@1de6be9
	at java.lang.Object.wait(Native Method)
	-  waiting on hudson.util.OneShotEvent@1de6be9
	at java.lang.Object.wait(Object.java:485)
	at hudson.util.OneShotEvent.block(OneShotEvent.java:60)
	at hudson.model.Queue.pop(Queue.java:596)
	at hudson.model.Executor.run(Executor.java:97)


Executor #2 for master

"Executor #2 for master" Id=28 WAITING on hudson.util.OneShotEvent@17e982f
	at java.lang.Object.wait(Native Method)
	-  waiting on hudson.util.OneShotEvent@17e982f
	at java.lang.Object.wait(Object.java:485)
	at hudson.util.OneShotEvent.block(OneShotEvent.java:60)
	at hudson.model.Queue.pop(Queue.java:596)
	at hudson.model.Executor.run(Executor.java:97)


Executor #1 for master

"Executor #1 for master" Id=27 RUNNABLE
	at java.util.Arrays.copyOf(Arrays.java:2882)
	at java.lang.AbstractStringBuilder.expandCapacity(AbstractStringBuilder.java:100)
	at java.lang.AbstractStringBuilder.append(AbstractStringBuilder.java:390)
	at java.lang.StringBuilder.append(StringBuilder.java:119)
	at hudson.Util.replaceMacro(Util.java:141)
	at hudson.Util.replaceMacro(Util.java:108)
	at hudson.EnvVars.expand(EnvVars.java:156)
	at hudson.Launcher.inherit(Launcher.java:629)
	at hudson.Launcher.inherit(Launcher.java:620)
	at hudson.Launcher.access$000(Launcher.java:69)
	at hudson.Launcher$LocalLauncher.createLocalProc(Launcher.java:413)
	at hudson.Launcher$LocalLauncher.launch(Launcher.java:404)
	at hudson.Launcher.launch(Launcher.java:183)
	at hudson.Launcher.launch(Launcher.java:135)
	at hudson.tasks.CommandInterpreter.perform(CommandInterpreter.java:84)
	at hudson.tasks.CommandInterpreter.perform(CommandInterpreter.java:58)
	at hudson.model.Build$RunnerImpl.build(Build.java:195)
	at hudson.model.Build$RunnerImpl.doRun(Build.java:151)
	at hudson.model.AbstractBuild$AbstractRunner.run(AbstractBuild.java:272)
	at hudson.model.Run.run(Run.java:923)
	at hudson.model.Build.run(Build.java:112)
	at hudson.model.ResourceController.execute(ResourceController.java:93)
	at hudson.model.Executor.run(Executor.java:119)


Executor #0 for master

"Executor #0 for master" Id=26 WAITING on hudson.util.OneShotEvent@396ed8
	at java.lang.Object.wait(Native Method)
	-  waiting on hudson.util.OneShotEvent@396ed8
	at java.lang.Object.wait(Object.java:485)
	at hudson.util.OneShotEvent.block(OneShotEvent.java:60)
	at hudson.model.Queue.pop(Queue.java:596)
	at hudson.model.Executor.run(Executor.java:97)


Hudson UDP 33848 monitoring thread

"Hudson UDP 33848 monitoring thread" Id=25 RUNNABLE (in native)
	at sun.nio.ch.DatagramChannelImpl.receive0(Native Method)
	at sun.nio.ch.DatagramChannelImpl.receiveIntoNativeBuffer(DatagramChannelImpl.java:202)
	at sun.nio.ch.DatagramChannelImpl.receive(DatagramChannelImpl.java:188)
	at sun.nio.ch.DatagramChannelImpl.receive(DatagramChannelImpl.java:132)
	-  locked java.lang.Object@668387
	at hudson.UDPBroadcastThread.run(UDPBroadcastThread.java:62)


TCP slave agent listener port=0

"TCP slave agent listener port=0" Id=24 RUNNABLE (in native)
	at java.net.PlainSocketImpl.socketAccept(Native Method)
	at java.net.PlainSocketImpl.accept(PlainSocketImpl.java:384)
	-  locked java.net.SocksSocketImpl@453c47
	at java.net.ServerSocket.implAccept(ServerSocket.java:450)
	at java.net.ServerSocket.accept(ServerSocket.java:421)
	at hudson.TcpSlaveAgentListener.run(TcpSlaveAgentListener.java:105)


Hudson cron thread

"Hudson cron thread" Id=23 TIMED_WAITING on java.util.TaskQueue@1787005
	at java.lang.Object.wait(Native Method)
	-  waiting on java.util.TaskQueue@1787005
	at java.util.TimerThread.mainLoop(Timer.java:509)
	at java.util.TimerThread.run(Timer.java:462)


DestroyJavaVM

"DestroyJavaVM" Id=22 RUNNABLE


LauncherControlThread[ControlPort=-1]

"LauncherControlThread[ControlPort=-1]" Id=20 TIMED_WAITING
	at java.lang.Thread.sleep(Native Method)
	at winstone.Launcher.run(Launcher.java:279)
	at java.lang.Thread.run(Thread.java:619)


ConnectorThread:[ajp13-8009]

"ConnectorThread:[ajp13-8009]" Id=19 RUNNABLE (in native)
	at java.net.PlainSocketImpl.socketAccept(Native Method)
	at java.net.PlainSocketImpl.accept(PlainSocketImpl.java:384)
	-  locked java.net.SocksSocketImpl@29483
	at java.net.ServerSocket.implAccept(ServerSocket.java:450)
	at java.net.ServerSocket.accept(ServerSocket.java:421)
	at winstone.ajp13.Ajp13Listener.run(Ajp13Listener.java:111)
	at java.lang.Thread.run(Thread.java:619)


ConnectorThread:[http-8080]

"ConnectorThread:[http-8080]" Id=18 RUNNABLE (in native)
	at java.net.PlainSocketImpl.socketAccept(Native Method)
	at java.net.PlainSocketImpl.accept(PlainSocketImpl.java:384)
	-  locked java.net.SocksSocketImpl@1644028
	at java.net.ServerSocket.implAccept(ServerSocket.java:450)
	at java.net.ServerSocket.accept(ServerSocket.java:421)
	at winstone.HttpListener.run(HttpListener.java:127)
	at java.lang.Thread.run(Thread.java:619)


WinstoneHostConfigurationMgmt:default

"WinstoneHostConfigurationMgmt:default" Id=17 TIMED_WAITING
	at java.lang.Thread.sleep(Native Method)
	at winstone.HostConfiguration.run(HostConfiguration.java:176)
	at java.lang.Thread.run(Thread.java:619)


Java2D Disposer

"Java2D Disposer" Id=15 WAITING on java.lang.ref.ReferenceQueue$Lock@b03512
	at java.lang.Object.wait(Native Method)
	-  waiting on java.lang.ref.ReferenceQueue$Lock@b03512
	at java.lang.ref.ReferenceQueue.remove(ReferenceQueue.java:116)
	at java.lang.ref.ReferenceQueue.remove(ReferenceQueue.java:132)
	at sun.java2d.Disposer.run(Disposer.java:125)
	at java.lang.Thread.run(Thread.java:619)


WinstoneObjectPoolMgmt

"WinstoneObjectPoolMgmt" Id=13 TIMED_WAITING
	at java.lang.Thread.sleep(Native Method)
	at winstone.ObjectPool.run(ObjectPool.java:103)
	at java.lang.Thread.run(Thread.java:619)


Signal Dispatcher

"Signal Dispatcher" Id=4 RUNNABLE


Finalizer

"Finalizer" Id=3 WAITING on java.lang.ref.ReferenceQueue$Lock@6c570c
	at java.lang.Object.wait(Native Method)
	-  waiting on java.lang.ref.ReferenceQueue$Lock@6c570c
	at java.lang.ref.ReferenceQueue.remove(ReferenceQueue.java:116)
	at java.lang.ref.ReferenceQueue.remove(ReferenceQueue.java:132)
	at java.lang.ref.Finalizer$FinalizerThread.run(Finalizer.java:159)


Reference Handler

"Reference Handler" Id=2 WAITING on java.lang.ref.Reference$Lock@c71191
	at java.lang.Object.wait(Native Method)
	-  waiting on java.lang.ref.Reference$Lock@c71191
	at java.lang.Object.wait(Object.java:485)
	at java.lang.ref.Reference$ReferenceHandler.run(Reference.java:116)


