[Winstone 2009/01/08 12:23:09] - Beginning extraction from war file
[Winstone 2009/01/08 12:23:21] - No webapp classes folder found - C:\apps\Hudson\war\WEB-INF\classes
hudson home directory: C:\apps\Hudson
Jan 8, 2009 12:23:25 PM hudson.ClassicPluginStrategy createPluginWrapper
INFO: Loading plugin: C:\apps\Hudson\plugins\email-ext.hpi
Jan 8, 2009 12:23:26 PM org.springframework.context.support.AbstractApplicationContext prepareRefresh
INFO: Refreshing org.springframework.web.context.support.StaticWebApplicationContext@20c906: display name [Root WebApplicationContext]; startup date [Thu Jan 08 12:23:26 PST 2009]; root of context hierarchy
Jan 8, 2009 12:23:26 PM org.springframework.context.support.AbstractApplicationContext obtainFreshBeanFactory
INFO: Bean factory for application context [org.springframework.web.context.support.StaticWebApplicationContext@20c906]: org.springframework.beans.factory.support.DefaultListableBeanFactory@c19fbf
Jan 8, 2009 12:23:26 PM org.springframework.beans.factory.support.DefaultListableBeanFactory preInstantiateSingletons
INFO: Pre-instantiating singletons in org.springframework.beans.factory.support.DefaultListableBeanFactory@c19fbf: defining beans [filter,legacy]; root of factory hierarchy
[Winstone 2009/01/08 12:23:26] - Winstone Servlet Engine v0.9.10 running: controlPort=disabled
[Winstone 2009/01/08 12:23:26] - HTTP Listener started: port=8080
[Winstone 2009/01/08 12:23:26] - AJP13 Listener started: port=8009
Jan 8, 2009 12:23:29 PM hudson.model.Hudson load
INFO: Took 3266 ms to load
Jan 8, 2009 12:23:29 PM hudson.TcpSlaveAgentListener <init>
INFO: JNLP slave agent listener started on TCP port 2011
Jan 8, 2009 12:23:40 PM hudson.slaves.CommandLauncher launch
INFO: slave agent launched for linux
Jan 8, 2009 12:42:15 PM hudson.model.Run run
INFO: java-windows #134 main build action completed: SUCCESS
Jan 8, 2009 1:32:32 PM hudson.triggers.SCMTrigger$Runner run
INFO: SCM changes detected in java-windows. Triggering  #135
Jan 8, 2009 1:36:50 PM hudson.model.Run run
INFO: java-windows #135 main build action completed: SUCCESS
Jan 8, 2009 1:36:57 PM hudson.triggers.SCMTrigger$Runner run
INFO: SCM changes detected in java-windows. Triggering  #136
Jan 8, 2009 1:41:22 PM hudson.model.Run run
INFO: java-windows #136 main build action completed: SUCCESS
Jan 8, 2009 1:41:29 PM hudson.triggers.SCMTrigger$Runner run
INFO: SCM changes detected in java-windows. Triggering  #137
Jan 8, 2009 1:41:32 PM hudson.triggers.SCMTrigger$Runner run
INFO: SCM changes detected in java-windows. Triggering  #137
Jan 8, 2009 1:46:06 PM hudson.model.Run run
INFO: java-windows #137 main build action completed: SUCCESS
Jan 8, 2009 1:58:32 PM hudson.triggers.SCMTrigger$Runner run
INFO: SCM changes detected in java-windows. Triggering  #138
Jan 8, 2009 2:02:40 PM hudson.model.Run run
INFO: java-windows #138 main build action completed: SUCCESS
Jan 8, 2009 2:02:48 PM hudson.triggers.SCMTrigger$Runner run
INFO: SCM changes detected in java-windows. Triggering  #139
Jan 8, 2009 2:08:08 PM hudson.model.Run run
INFO: java-windows #139 main build action completed: SUCCESS
Jan 8, 2009 2:31:38 PM hudson.slaves.CommandLauncher launch
INFO: slave agent launched for linux
Jan 8, 2009 2:38:06 PM hudson.slaves.CommandLauncher launch
INFO: slave agent launched for Mani
Jan 8, 2009 3:27:32 PM hudson.triggers.SCMTrigger$Runner run
INFO: SCM changes detected in java-windows. Triggering  #140
Jan 8, 2009 3:31:39 PM hudson.model.Run run
INFO: java-windows #140 main build action completed: SUCCESS
Jan 8, 2009 3:31:46 PM hudson.triggers.SCMTrigger$Runner run
INFO: SCM changes detected in java-windows. Triggering  #141
Jan 8, 2009 3:36:05 PM hudson.model.Run run
INFO: java-windows #141 main build action completed: SUCCESS
Jan 8, 2009 4:53:01 PM hudson.model.UpdateCenter doPostBack
INFO: Obtained the latest update center data file
Jan 8, 2009 7:57:32 PM hudson.triggers.SCMTrigger$Runner run
INFO: SCM changes detected in java-windows. Triggering  #142
Jan 8, 2009 8:01:31 PM hudson.model.Run run
INFO: java-windows #142 main build action completed: SUCCESS
Jan 8, 2009 8:01:37 PM hudson.triggers.SCMTrigger$Runner run
INFO: SCM changes detected in java-windows. Triggering  #143
Jan 8, 2009 8:05:47 PM hudson.model.Run run
INFO: java-windows #143 main build action completed: SUCCESS
Jan 9, 2009 12:05:41 AM hudson.model.Run run
INFO: java-linux #18 main build action completed: SUCCESS
Jan 9, 2009 10:03:32 AM hudson.triggers.SCMTrigger$Runner run
INFO: SCM changes detected in java-windows. Triggering  #144
Jan 9, 2009 10:07:38 AM hudson.model.Run run
INFO: java-windows #144 main build action completed: SUCCESS
Jan 9, 2009 10:07:43 AM hudson.triggers.SCMTrigger$Runner run
INFO: SCM changes detected in java-windows. Triggering  #145
Jan 9, 2009 10:12:20 AM hudson.model.Run run
INFO: java-windows #145 main build action completed: SUCCESS
Jan 9, 2009 10:41:32 AM hudson.triggers.SCMTrigger$Runner run
INFO: SCM changes detected in java-windows. Triggering  #146
Jan 9, 2009 10:45:44 AM hudson.model.Run run
INFO: java-windows #146 main build action completed: SUCCESS
Jan 9, 2009 10:45:50 AM hudson.triggers.SCMTrigger$Runner run
INFO: SCM changes detected in java-windows. Triggering  #147
Jan 9, 2009 10:50:35 AM hudson.model.Run run
INFO: java-windows #147 main build action completed: SUCCESS
Jan 9, 2009 11:27:32 AM hudson.triggers.SCMTrigger$Runner run
INFO: SCM changes detected in java-windows. Triggering  #148
Jan 9, 2009 11:31:36 AM hudson.model.Run run
INFO: java-windows #148 main build action completed: SUCCESS
Jan 9, 2009 11:31:41 AM hudson.triggers.SCMTrigger$Runner run
INFO: SCM changes detected in java-windows. Triggering  #149
Jan 9, 2009 11:36:59 AM hudson.model.Run run
INFO: java-windows #149 main build action completed: SUCCESS
Jan 9, 2009 12:23:29 PM hudson.model.PeriodicWork$1 run
INFO: Started Fingerprint cleanup
Jan 9, 2009 12:23:29 PM hudson.model.FingerprintCleanupThread execute
INFO: Cleaned up 0 records
Jan 9, 2009 12:23:29 PM hudson.model.PeriodicWork$1 run
INFO: Finished Fingerprint cleanup. 0 ms
Jan 9, 2009 2:31:32 PM hudson.triggers.SCMTrigger$Runner run
INFO: SCM changes detected in java-windows. Triggering  #150
Jan 9, 2009 2:35:39 PM hudson.model.Run run
INFO: java-windows #150 main build action completed: SUCCESS
Jan 9, 2009 2:35:45 PM hudson.triggers.SCMTrigger$Runner run
INFO: SCM changes detected in java-windows. Triggering  #151
Jan 9, 2009 2:40:01 PM hudson.model.Run run
INFO: java-windows #151 main build action completed: SUCCESS
Jan 9, 2009 4:23:29 PM hudson.model.PeriodicWork$1 run
INFO: Started Workspace clean-up
Jan 9, 2009 4:23:31 PM hudson.model.PeriodicWork$1 run
INFO: Finished Workspace clean-up. 1922 ms
Jan 9, 2009 4:36:32 PM hudson.triggers.SCMTrigger$Runner run
INFO: SCM changes detected in java-windows. Triggering  #152
Jan 9, 2009 4:40:37 PM hudson.model.Run run
INFO: java-windows #152 main build action completed: SUCCESS
Jan 9, 2009 4:40:43 PM hudson.triggers.SCMTrigger$Runner run
INFO: SCM changes detected in java-windows. Triggering  #153
Jan 9, 2009 4:45:01 PM hudson.model.Run run
INFO: java-windows #153 main build action completed: SUCCESS
Jan 9, 2009 4:53:14 PM hudson.model.UpdateCenter doPostBack
INFO: Obtained the latest update center data file
Jan 9, 2009 5:39:32 PM hudson.triggers.SCMTrigger$Runner run
INFO: SCM changes detected in java-windows. Triggering  #154
Jan 9, 2009 5:43:30 PM hudson.model.Run run
INFO: java-windows #154 main build action completed: SUCCESS
Jan 9, 2009 5:43:36 PM hudson.triggers.SCMTrigger$Runner run
INFO: SCM changes detected in java-windows. Triggering  #155
Jan 9, 2009 5:48:30 PM hudson.model.Run run
INFO: java-windows #155 main build action completed: SUCCESS
Jan 9, 2009 6:50:32 PM hudson.triggers.SCMTrigger$Runner run
INFO: SCM changes detected in java-windows. Triggering  #156
Jan 9, 2009 6:54:20 PM hudson.model.Run run
INFO: java-windows #156 main build action completed: SUCCESS
Jan 9, 2009 6:54:26 PM hudson.triggers.SCMTrigger$Runner run
INFO: SCM changes detected in java-windows. Triggering  #157
Jan 9, 2009 6:54:31 PM hudson.model.Build onStartBuilding
INFO: Waiting for the polling of hudson.model.FreeStyleProject@6c9ec6[java-windows] to complete
Jan 9, 2009 6:54:32 PM hudson.model.Build onStartBuilding
INFO: Polling completed. Waited 906ms
Jan 9, 2009 6:54:32 PM hudson.triggers.SCMTrigger$Runner run
INFO: SCM changes detected in java-windows. Triggering  #158
Jan 9, 2009 6:58:33 PM hudson.model.Run run
INFO: java-windows #157 main build action completed: SUCCESS
Jan 9, 2009 6:58:35 PM hudson.model.Build onStartBuilding
INFO: Waiting for the polling of hudson.model.FreeStyleProject@6c9ec6[java-windows] to complete
Jan 9, 2009 6:58:38 PM hudson.model.Build onStartBuilding
INFO: Polling completed. Waited 2859ms
Jan 9, 2009 7:02:21 PM hudson.model.Run run
INFO: java-windows #158 main build action completed: SUCCESS
Jan 10, 2009 12:04:01 AM hudson.model.Run run
INFO: java-linux #19 main build action completed: SUCCESS
Jan 10, 2009 10:29:32 AM hudson.triggers.SCMTrigger$Runner run
INFO: SCM changes detected in java-windows. Triggering  #159
Jan 10, 2009 10:33:18 AM hudson.model.Run run
INFO: java-windows #159 main build action completed: SUCCESS
Jan 10, 2009 10:33:24 AM hudson.triggers.SCMTrigger$Runner run
INFO: SCM changes detected in java-windows. Triggering  #160
Jan 10, 2009 10:34:58 AM hudson.model.Run run
INFO: java-windows #160 main build action completed: FAILURE
Jan 10, 2009 11:29:32 AM hudson.triggers.SCMTrigger$Runner run
INFO: SCM changes detected in java-windows. Triggering  #161
Jan 10, 2009 11:30:23 AM hudson.model.Run run
INFO: java-windows #161 main build action completed: FAILURE
Jan 10, 2009 11:30:33 AM hudson.triggers.SCMTrigger$Runner run
INFO: SCM changes detected in java-windows. Triggering  #162
Jan 10, 2009 11:31:31 AM hudson.model.Run run
INFO: java-windows #162 main build action completed: FAILURE
Jan 10, 2009 11:31:37 AM hudson.triggers.SCMTrigger$Runner run
INFO: SCM changes detected in java-windows. Triggering  #163
Jan 10, 2009 11:53:34 AM hudson.model.Run run
INFO: java-windows #163 main build action completed: SUCCESS
Jan 10, 2009 12:23:29 PM hudson.model.PeriodicWork$1 run
INFO: Started Fingerprint cleanup
Jan 10, 2009 12:23:29 PM hudson.model.FingerprintCleanupThread execute
INFO: Cleaned up 0 records
Jan 10, 2009 12:23:29 PM hudson.model.PeriodicWork$1 run
INFO: Finished Fingerprint cleanup. 0 ms
Jan 10, 2009 4:23:29 PM hudson.model.PeriodicWork$1 run
INFO: Started Workspace clean-up
Jan 10, 2009 4:23:56 PM hudson.model.PeriodicWork$1 run
INFO: Finished Workspace clean-up. 27282 ms
Jan 10, 2009 4:53:24 PM hudson.model.UpdateCenter doPostBack
INFO: Obtained the latest update center data file
Jan 10, 2009 6:07:32 PM hudson.triggers.SCMTrigger$Runner run
INFO: SCM changes detected in java-windows. Triggering  #164
Jan 10, 2009 6:11:44 PM hudson.model.Run run
INFO: java-windows #164 main build action completed: SUCCESS
Jan 10, 2009 6:11:51 PM hudson.triggers.SCMTrigger$Runner run
INFO: SCM changes detected in java-windows. Triggering  #165
Jan 10, 2009 6:19:15 PM hudson.model.Run run
INFO: java-windows #165 main build action completed: SUCCESS
Jan 10, 2009 8:16:32 PM hudson.triggers.SCMTrigger$Runner run
INFO: SCM changes detected in java-windows. Triggering  #166
Jan 10, 2009 8:20:41 PM hudson.model.Run run
INFO: java-windows #166 main build action completed: SUCCESS
Jan 10, 2009 8:20:48 PM hudson.triggers.SCMTrigger$Runner run
INFO: SCM changes detected in java-windows. Triggering  #167
Jan 10, 2009 8:25:34 PM hudson.model.Run run
INFO: java-windows #167 main build action completed: SUCCESS
Jan 10, 2009 8:38:32 PM hudson.triggers.SCMTrigger$Runner run
INFO: SCM changes detected in java-windows. Triggering  #168
Jan 10, 2009 8:42:37 PM hudson.model.Run run
INFO: java-windows #168 main build action completed: SUCCESS
Jan 10, 2009 8:42:43 PM hudson.triggers.SCMTrigger$Runner run
INFO: SCM changes detected in java-windows. Triggering  #169
Jan 10, 2009 8:47:31 PM hudson.model.Run run
INFO: java-windows #169 main build action completed: SUCCESS
Jan 10, 2009 9:16:32 PM hudson.triggers.SCMTrigger$Runner run
INFO: SCM changes detected in java-windows. Triggering  #170
Jan 10, 2009 9:20:30 PM hudson.model.Run run
INFO: java-windows #170 main build action completed: SUCCESS
Jan 10, 2009 9:20:36 PM hudson.triggers.SCMTrigger$Runner run
INFO: SCM changes detected in java-windows. Triggering  #171
Jan 10, 2009 9:24:55 PM hudson.model.Run run
INFO: java-windows #171 main build action completed: SUCCESS
Jan 11, 2009 12:01:46 AM hudson.model.Run run
INFO: java-linux #20 main build action completed: FAILURE
Jan 11, 2009 8:31:32 AM hudson.triggers.SCMTrigger$Runner run
INFO: SCM changes detected in java-windows. Triggering  #172
Jan 11, 2009 8:35:34 AM hudson.model.Run run
INFO: java-windows #172 main build action completed: SUCCESS
Jan 11, 2009 8:35:39 AM hudson.triggers.SCMTrigger$Runner run
INFO: SCM changes detected in java-windows. Triggering  #173
Jan 11, 2009 8:39:50 AM hudson.model.Run run
INFO: java-windows #173 main build action completed: SUCCESS
Jan 11, 2009 9:22:32 AM hudson.triggers.SCMTrigger$Runner run
INFO: SCM changes detected in java-windows. Triggering  #174
Jan 11, 2009 9:26:24 AM hudson.model.Run run
INFO: java-windows #174 main build action completed: SUCCESS
Jan 11, 2009 9:26:30 AM hudson.triggers.SCMTrigger$Runner run
INFO: SCM changes detected in java-windows. Triggering  #175
Jan 11, 2009 9:26:33 AM hudson.triggers.SCMTrigger$Runner run
INFO: SCM changes detected in java-windows. Triggering  #175
Jan 11, 2009 9:31:17 AM hudson.model.Run run
INFO: java-windows #175 main build action completed: SUCCESS
Jan 11, 2009 12:23:29 PM hudson.model.PeriodicWork$1 run
INFO: Started Fingerprint cleanup
Jan 11, 2009 12:23:29 PM hudson.model.FingerprintCleanupThread execute
INFO: Cleaned up 0 records
Jan 11, 2009 12:23:29 PM hudson.model.PeriodicWork$1 run
INFO: Finished Fingerprint cleanup. 0 ms
Jan 11, 2009 4:23:29 PM hudson.model.PeriodicWork$1 run
INFO: Started Workspace clean-up
Jan 11, 2009 4:23:30 PM hudson.model.PeriodicWork$1 run
INFO: Finished Workspace clean-up. 547 ms
Jan 11, 2009 4:53:36 PM hudson.model.UpdateCenter doPostBack
INFO: Obtained the latest update center data file
Jan 11, 2009 8:06:32 PM hudson.triggers.SCMTrigger$Runner run
INFO: SCM changes detected in java-windows. Triggering  #176
Jan 11, 2009 8:10:36 PM hudson.model.Run run
INFO: java-windows #176 main build action completed: SUCCESS
Jan 11, 2009 8:10:42 PM hudson.triggers.SCMTrigger$Runner run
INFO: SCM changes detected in java-windows. Triggering  #177
Jan 11, 2009 8:15:48 PM hudson.model.Run run
INFO: java-windows #177 main build action completed: SUCCESS
Jan 11, 2009 9:58:32 PM hudson.triggers.SCMTrigger$Runner run
INFO: SCM changes detected in java-windows. Triggering  #178
Jan 11, 2009 10:02:31 PM hudson.model.Run run
INFO: java-windows #178 main build action completed: SUCCESS
Jan 11, 2009 10:02:36 PM hudson.triggers.SCMTrigger$Runner run
INFO: SCM changes detected in java-windows. Triggering  #179
Jan 11, 2009 10:06:43 PM hudson.model.Run run
INFO: java-windows #179 main build action completed: SUCCESS
Jan 12, 2009 12:01:46 AM hudson.model.Run run
INFO: java-linux #21 main build action completed: FAILURE
Jan 12, 2009 12:06:32 PM hudson.triggers.SCMTrigger$Runner run
INFO: SCM changes detected in java-windows. Triggering  #180
Jan 12, 2009 12:10:27 PM hudson.model.Run run
INFO: java-windows #180 main build action completed: SUCCESS
Jan 12, 2009 12:10:33 PM hudson.triggers.SCMTrigger$Runner run
INFO: SCM changes detected in java-windows. Triggering  #181
Jan 12, 2009 12:14:45 PM hudson.model.Run run
INFO: java-windows #181 main build action completed: SUCCESS
Jan 12, 2009 12:23:29 PM hudson.model.PeriodicWork$1 run
INFO: Started Fingerprint cleanup
Jan 12, 2009 12:23:29 PM hudson.model.FingerprintCleanupThread execute
INFO: Cleaned up 0 records
Jan 12, 2009 12:23:29 PM hudson.model.PeriodicWork$1 run
INFO: Finished Fingerprint cleanup. 0 ms
Jan 12, 2009 1:43:32 PM hudson.triggers.SCMTrigger$Runner run
INFO: SCM changes detected in java-windows. Triggering  #182
Jan 12, 2009 1:47:24 PM hudson.model.Run run
INFO: java-windows #182 main build action completed: SUCCESS
Jan 12, 2009 1:47:30 PM hudson.triggers.SCMTrigger$Runner run
INFO: SCM changes detected in java-windows. Triggering  #183
Jan 12, 2009 1:47:33 PM hudson.triggers.SCMTrigger$Runner run
INFO: SCM changes detected in java-windows. Triggering  #183
Jan 12, 2009 1:51:34 PM hudson.model.Run run
INFO: java-windows #183 main build action completed: SUCCESS
Jan 12, 2009 2:17:32 PM hudson.triggers.SCMTrigger$Runner run
INFO: SCM changes detected in java-windows. Triggering  #184
Jan 12, 2009 2:21:21 PM hudson.model.Run run
INFO: java-windows #184 main build action completed: SUCCESS
Jan 12, 2009 2:21:27 PM hudson.triggers.SCMTrigger$Runner run
INFO: SCM changes detected in java-windows. Triggering  #185
Jan 12, 2009 2:21:32 PM hudson.model.Build onStartBuilding
INFO: Waiting for the polling of hudson.model.FreeStyleProject@6c9ec6[java-windows] to complete
Jan 12, 2009 2:21:32 PM hudson.model.Build onStartBuilding
INFO: Polling completed. Waited 31ms
Jan 12, 2009 2:21:32 PM hudson.triggers.SCMTrigger$Runner run
INFO: SCM changes detected in java-windows. Triggering  #186
Jan 12, 2009 2:26:30 PM hudson.model.Run run
INFO: java-windows #185 main build action completed: SUCCESS
Jan 12, 2009 2:26:33 PM hudson.model.Build onStartBuilding
INFO: Waiting for the polling of hudson.model.FreeStyleProject@6c9ec6[java-windows] to complete
Jan 12, 2009 2:26:36 PM hudson.model.Build onStartBuilding
INFO: Polling completed. Waited 2782ms
Jan 12, 2009 2:30:30 PM hudson.model.Run run
INFO: java-windows #186 main build action completed: SUCCESS
Jan 12, 2009 2:31:32 PM hudson.triggers.SCMTrigger$Runner run
INFO: SCM changes detected in java-windows. Triggering  #187
Jan 12, 2009 2:35:30 PM hudson.model.Run run
INFO: java-windows #187 main build action completed: SUCCESS
Jan 12, 2009 2:35:35 PM hudson.triggers.SCMTrigger$Runner run
INFO: SCM changes detected in java-windows. Triggering  #188
Jan 12, 2009 2:39:48 PM hudson.model.Run run
INFO: java-windows #188 main build action completed: SUCCESS
Jan 12, 2009 3:06:32 PM hudson.triggers.SCMTrigger$Runner run
INFO: SCM changes detected in java-windows. Triggering  #189
Jan 12, 2009 3:10:28 PM hudson.model.Run run
INFO: java-windows #189 main build action completed: SUCCESS
Jan 12, 2009 3:10:33 PM hudson.triggers.SCMTrigger$Runner run
INFO: SCM changes detected in java-windows. Triggering  #190
Jan 12, 2009 3:16:53 PM hudson.model.Run run
INFO: java-windows #190 main build action completed: SUCCESS
Jan 12, 2009 3:19:32 PM hudson.triggers.SCMTrigger$Runner run
INFO: SCM changes detected in java-windows. Triggering  #191
Jan 12, 2009 3:23:23 PM hudson.model.Run run
INFO: java-windows #191 main build action completed: SUCCESS
Jan 12, 2009 3:23:28 PM hudson.triggers.SCMTrigger$Runner run
INFO: SCM changes detected in java-windows. Triggering  #192
Jan 12, 2009 3:23:32 PM hudson.triggers.SCMTrigger$Runner run
INFO: SCM changes detected in java-windows. Triggering  #192
Jan 12, 2009 3:45:13 PM hudson.model.Run run
INFO: java-windows #192 main build action completed: SUCCESS
Jan 12, 2009 3:45:19 PM hudson.triggers.SCMTrigger$Runner run
INFO: SCM changes detected in java-windows. Triggering  #193
Jan 12, 2009 3:50:18 PM hudson.model.Run run
INFO: java-windows #193 main build action completed: SUCCESS
Jan 12, 2009 4:15:32 PM hudson.triggers.SCMTrigger$Runner run
INFO: SCM changes detected in java-windows. Triggering  #194
Jan 12, 2009 4:19:41 PM hudson.model.Run run
INFO: java-windows #194 main build action completed: SUCCESS
Jan 12, 2009 4:19:47 PM hudson.triggers.SCMTrigger$Runner run
INFO: SCM changes detected in java-windows. Triggering  #195
Jan 12, 2009 4:23:29 PM hudson.model.PeriodicWork$1 run
INFO: Started Workspace clean-up
Jan 12, 2009 4:23:30 PM hudson.model.PeriodicWork$1 run
INFO: Finished Workspace clean-up. 829 ms
Jan 12, 2009 4:26:26 PM hudson.model.Run run
INFO: java-windows #195 main build action completed: SUCCESS
Jan 12, 2009 4:53:44 PM hudson.model.UpdateCenter doPostBack
INFO: Obtained the latest update center data file
Jan 12, 2009 5:05:32 PM hudson.triggers.SCMTrigger$Runner run
INFO: SCM changes detected in java-windows. Triggering  #196
Jan 12, 2009 5:09:32 PM hudson.model.Run run
INFO: java-windows #196 main build action completed: SUCCESS
Jan 12, 2009 5:09:38 PM hudson.triggers.SCMTrigger$Runner run
INFO: SCM changes detected in java-windows. Triggering  #197
Jan 12, 2009 5:14:03 PM hudson.model.Run run
INFO: java-windows #197 main build action completed: SUCCESS
Jan 12, 2009 6:16:32 PM hudson.triggers.SCMTrigger$Runner run
INFO: SCM changes detected in java-windows. Triggering  #198
Jan 12, 2009 6:20:34 PM hudson.model.Run run
INFO: java-windows #198 main build action completed: SUCCESS
Jan 12, 2009 6:20:40 PM hudson.triggers.SCMTrigger$Runner run
INFO: SCM changes detected in java-windows. Triggering  #199
Jan 12, 2009 6:25:28 PM hudson.model.Run run
INFO: java-windows #199 main build action completed: SUCCESS
Jan 12, 2009 6:53:32 PM hudson.triggers.SCMTrigger$Runner run
INFO: SCM changes detected in java-windows. Triggering  #200
Jan 12, 2009 6:57:30 PM hudson.model.Run run
INFO: java-windows #200 main build action completed: SUCCESS
Jan 12, 2009 6:57:36 PM hudson.triggers.SCMTrigger$Runner run
INFO: SCM changes detected in java-windows. Triggering  #201
Jan 12, 2009 7:03:30 PM hudson.model.Run run
INFO: java-windows #201 main build action completed: SUCCESS
Jan 12, 2009 7:10:32 PM hudson.triggers.SCMTrigger$Runner run
INFO: SCM changes detected in java-windows. Triggering  #202
Jan 12, 2009 7:14:28 PM hudson.model.Run run
INFO: java-windows #202 main build action completed: SUCCESS
Jan 12, 2009 7:14:34 PM hudson.triggers.SCMTrigger$Runner run
INFO: SCM changes detected in java-windows. Triggering  #203
Jan 12, 2009 7:19:40 PM hudson.model.Run run
INFO: java-windows #203 main build action completed: SUCCESS
Jan 12, 2009 8:33:32 PM hudson.triggers.SCMTrigger$Runner run
INFO: SCM changes detected in java-windows. Triggering  #204
Jan 12, 2009 8:37:42 PM hudson.model.Run run
INFO: java-windows #204 main build action completed: SUCCESS
Jan 12, 2009 8:37:47 PM hudson.triggers.SCMTrigger$Runner run
INFO: SCM changes detected in java-windows. Triggering  #205
Jan 12, 2009 8:43:55 PM hudson.model.Run run
INFO: java-windows #205 main build action completed: SUCCESS
Jan 13, 2009 12:06:10 AM hudson.model.Run run
INFO: java-linux #22 main build action completed: SUCCESS
Jan 13, 2009 9:29:32 AM hudson.triggers.SCMTrigger$Runner run
INFO: SCM changes detected in java-windows. Triggering  #206
Jan 13, 2009 9:33:48 AM hudson.model.Run run
INFO: java-windows #206 main build action completed: SUCCESS
Jan 13, 2009 9:33:53 AM hudson.triggers.SCMTrigger$Runner run
INFO: SCM changes detected in java-windows. Triggering  #207
Jan 13, 2009 9:38:47 AM hudson.model.Run run
INFO: java-windows #207 main build action completed: SUCCESS
Jan 13, 2009 10:55:32 AM hudson.triggers.SCMTrigger$Runner run
INFO: SCM changes detected in java-windows. Triggering  #208
Jan 13, 2009 11:01:38 AM hudson.model.Run run
INFO: java-windows #208 main build action completed: SUCCESS
Jan 13, 2009 11:01:44 AM hudson.triggers.SCMTrigger$Runner run
INFO: SCM changes detected in java-windows. Triggering  #209
Jan 13, 2009 11:07:50 AM hudson.model.Run run
INFO: java-windows #209 main build action completed: SUCCESS
Jan 13, 2009 12:23:29 PM hudson.model.PeriodicWork$1 run
INFO: Started Fingerprint cleanup
Jan 13, 2009 12:23:29 PM hudson.model.FingerprintCleanupThread execute
INFO: Cleaned up 0 records
Jan 13, 2009 12:23:29 PM hudson.model.PeriodicWork$1 run
INFO: Finished Fingerprint cleanup. 0 ms
Jan 13, 2009 1:30:32 PM hudson.triggers.SCMTrigger$Runner run
INFO: SCM changes detected in java-windows. Triggering  #210
Jan 13, 2009 1:35:38 PM hudson.model.Run run
INFO: java-windows #210 main build action completed: SUCCESS
Jan 13, 2009 1:35:43 PM hudson.triggers.SCMTrigger$Runner run
INFO: SCM changes detected in java-windows. Triggering  #211
Jan 13, 2009 1:41:33 PM hudson.model.Run run
INFO: java-windows #211 main build action completed: SUCCESS
Jan 13, 2009 2:14:33 PM hudson.triggers.SCMTrigger$Runner run
INFO: SCM changes detected in java-windows. Triggering  #212
Jan 13, 2009 2:18:34 PM hudson.model.Run run
INFO: java-windows #212 main build action completed: SUCCESS
Jan 13, 2009 2:18:39 PM hudson.triggers.SCMTrigger$Runner run
INFO: SCM changes detected in java-windows. Triggering  #213
Jan 13, 2009 2:22:47 PM hudson.model.Run run
INFO: java-windows #213 main build action completed: SUCCESS
Jan 13, 2009 2:22:52 PM hudson.triggers.SCMTrigger$Runner run
INFO: SCM changes detected in java-windows. Triggering  #214
Jan 13, 2009 2:27:56 PM hudson.model.Run run
INFO: java-windows #214 main build action completed: SUCCESS
Jan 13, 2009 2:28:02 PM hudson.triggers.SCMTrigger$Runner run
INFO: SCM changes detected in java-windows. Triggering  #215
Jan 13, 2009 2:34:10 PM hudson.model.Run run
INFO: java-windows #215 main build action completed: SUCCESS
Jan 13, 2009 2:42:32 PM hudson.triggers.SCMTrigger$Runner run
INFO: SCM changes detected in java-windows. Triggering  #216
Jan 13, 2009 2:46:34 PM hudson.model.Run run
INFO: java-windows #216 main build action completed: SUCCESS
Jan 13, 2009 2:46:39 PM hudson.triggers.SCMTrigger$Runner run
INFO: SCM changes detected in java-windows. Triggering  #217
Jan 13, 2009 2:51:45 PM hudson.model.Run run
INFO: java-windows #217 main build action completed: SUCCESS
Jan 13, 2009 3:08:32 PM hudson.triggers.SCMTrigger$Runner run
INFO: SCM changes detected in java-windows. Triggering  #218
Jan 13, 2009 3:12:30 PM hudson.model.Run run
INFO: java-windows #218 main build action completed: SUCCESS
Jan 13, 2009 3:12:36 PM hudson.triggers.SCMTrigger$Runner run
INFO: SCM changes detected in java-windows. Triggering  #219
Jan 13, 2009 3:16:43 PM hudson.model.Run run
INFO: java-windows #219 main build action completed: SUCCESS
Jan 13, 2009 3:36:32 PM hudson.triggers.SCMTrigger$Runner run
INFO: SCM changes detected in java-windows. Triggering  #220
Jan 13, 2009 3:40:29 PM hudson.model.Run run
INFO: java-windows #220 main build action completed: SUCCESS
Jan 13, 2009 3:40:35 PM hudson.triggers.SCMTrigger$Runner run
INFO: SCM changes detected in java-windows. Triggering  #221
Jan 13, 2009 3:45:31 PM hudson.model.Run run
INFO: java-windows #221 main build action completed: SUCCESS
Jan 13, 2009 4:23:29 PM hudson.model.PeriodicWork$1 run
INFO: Started Workspace clean-up
Jan 13, 2009 4:23:30 PM hudson.model.PeriodicWork$1 run
INFO: Finished Workspace clean-up. 750 ms
Jan 13, 2009 4:54:00 PM hudson.model.UpdateCenter doPostBack
INFO: Obtained the latest update center data file
Jan 13, 2009 5:31:32 PM hudson.triggers.SCMTrigger$Runner run
INFO: SCM changes detected in java-windows. Triggering  #222
Jan 13, 2009 5:35:43 PM hudson.model.Run run
INFO: java-windows #222 main build action completed: SUCCESS
Jan 13, 2009 5:35:49 PM hudson.triggers.SCMTrigger$Runner run
INFO: SCM changes detected in java-windows. Triggering  #223
Jan 13, 2009 5:54:11 PM hudson.model.Run run
INFO: java-windows #223 main build action completed: SUCCESS
Jan 13, 2009 6:15:32 PM hudson.triggers.SCMTrigger$Runner run
INFO: SCM changes detected in java-windows. Triggering  #224
Jan 13, 2009 6:19:46 PM hudson.model.Run run
INFO: java-windows #224 main build action completed: SUCCESS
Jan 13, 2009 6:19:52 PM hudson.triggers.SCMTrigger$Runner run
INFO: SCM changes detected in java-windows. Triggering  #225
An unrecoverable stack overflow has occurred.
#
# An unexpected error has been detected by HotSpot Virtual Machine:
#
#  EXCEPTION_STACK_OVERFLOW (0xc00000fd) at pc=0x0bc91445, pid=1208, tid=2392
#
# Java VM: Java HotSpot(TM) Client VM (1.5.0_12-b04 mixed mode)
# Problematic frame:
# C  [winp.dll+0x1445]
#
Jan 13, 2009 7:10:47 PM hudson.remoting.Channel$ReaderThread run
SEVERE: I/O error in channel Mani
java.io.EOFException
	at java.io.ObjectInputStream$BlockDataInputStream.peekByte(Unknown Source)
	at java.io.ObjectInputStream.readObject0(Unknown Source)
	at java.io.ObjectInputStream.readObject(Unknown Source)
	at hudson.remoting.Channel$ReaderThread.run(Channel.java:637)
# An error report file with more information is saved as hs_err_pid1208.log
#
# If you would like to submit a bug report, please visit:
#   http://java.sun.com/webapps/bugreport/crash.jsp
#
