Gestartet durch Benutzer Michael Sanders
[EnvInject] - Loading node environment variables.
Baue auf dem Agenten „hb-build-java“ in Arbeitsbereich /home/jenkins/workspace/MMD-2.1-trunk
Cleaning local Directory ./
jenkins.util.io.CompositeIOException: Unable to delete '/home/jenkins/workspace/MMD-2.1-trunk/.'. Tried 3 times (of a maximum of 3) waiting 0,1 Sekunden between attempts.
	at jenkins.util.io.PathRemover.forceRemoveDirectoryContents(PathRemover.java:84)
	at hudson.Util.deleteContentsRecursive(Util.java:244)
	at hudson.scm.subversion.CheckoutUpdater$SubversionUpdateTask.perform(CheckoutUpdater.java:93)
	at hudson.scm.subversion.WorkspaceUpdater$UpdateTask.delegateTo(WorkspaceUpdater.java:168)
	at hudson.scm.SubversionSCM$CheckOutTask.perform(SubversionSCM.java:1041)
	at hudson.scm.SubversionSCM$CheckOutTask.invoke(SubversionSCM.java:1017)
	at hudson.scm.SubversionSCM$CheckOutTask.invoke(SubversionSCM.java:990)
	at hudson.FilePath$FileCallableWrapper.call(FilePath.java:3086)
	at hudson.remoting.UserRequest.perform(UserRequest.java:212)
	at hudson.remoting.UserRequest.perform(UserRequest.java:54)
	at hudson.remoting.Request$2.run(Request.java:369)
	at hudson.remoting.InterceptingExecutorService$1.call(InterceptingExecutorService.java:72)
	at java.util.concurrent.FutureTask.run(FutureTask.java:266)
	at java.util.concurrent.ThreadPoolExecutor.runWorker(ThreadPoolExecutor.java:1149)
	at java.util.concurrent.ThreadPoolExecutor$Worker.run(ThreadPoolExecutor.java:624)
	at java.lang.Thread.run(Thread.java:748)
	Suppressed: hudson.remoting.Channel$CallSiteStackTrace: Remote call to hb-build-java
		at hudson.remoting.Channel.attachCallSiteStackTrace(Channel.java:1743)
		at hudson.remoting.UserRequest$ExceptionResponse.retrieve(UserRequest.java:357)
		at hudson.remoting.Channel.call(Channel.java:957)
		at hudson.FilePath.act(FilePath.java:1072)
		at hudson.FilePath.act(FilePath.java:1061)
		at hudson.scm.SubversionSCM.checkout(SubversionSCM.java:937)
		at hudson.scm.SubversionSCM.checkout(SubversionSCM.java:864)
		at hudson.scm.SCM.checkout(SCM.java:504)
		at hudson.model.AbstractProject.checkout(AbstractProject.java:1208)
		at hudson.model.AbstractBuild$AbstractBuildExecution.defaultCheckout(AbstractBuild.java:574)
		at jenkins.scm.SCMCheckoutStrategy.checkout(SCMCheckoutStrategy.java:86)
		at hudson.model.AbstractBuild$AbstractBuildExecution.run(AbstractBuild.java:499)
		at hudson.model.Run.execute(Run.java:1810)
		at hudson.maven.MavenModuleSetBuild.run(MavenModuleSetBuild.java:543)
		at hudson.model.ResourceController.execute(ResourceController.java:97)
		at hudson.model.Executor.run(Executor.java:429)
jenkins.util.io.CompositeIOException: Unable to remove directory /home/jenkins/workspace/MMD-2.1-trunk/./mmd-core-tester with directory contents: [/home/jenkins/workspace/MMD-2.1-trunk/./mmd-core-tester/src, /home/jenkins/workspace/MMD-2.1-trunk/./mmd-core-tester/run-SystemNotificationProducer.bat, /home/jenkins/workspace/MMD-2.1-trunk/./mmd-core-tester/config, /home/jenkins/workspace/MMD-2.1-trunk/./mmd-core-tester/run-MeterDataProducer.bat, /home/jenkins/workspace/MMD-2.1-trunk/./mmd-core-tester/pom.xml, /home/jenkins/workspace/MMD-2.1-trunk/./mmd-core-tester/target, /home/jenkins/workspace/MMD-2.1-trunk/./mmd-core-tester/run-MeterDataProducer.sh]
	at jenkins.util.io.PathRemover.removeOrMakeRemovableThenRemove(PathRemover.java:233)
	at jenkins.util.io.PathRemover.tryRemoveFile(PathRemover.java:191)
	at jenkins.util.io.PathRemover.tryRemoveRecursive(PathRemover.java:201)
	at jenkins.util.io.PathRemover.tryRemoveDirectoryContents(PathRemover.java:210)
	at jenkins.util.io.PathRemover.forceRemoveDirectoryContents(PathRemover.java:81)
	at hudson.Util.deleteContentsRecursive(Util.java:244)
	at hudson.scm.subversion.CheckoutUpdater$SubversionUpdateTask.perform(CheckoutUpdater.java:93)
	at hudson.scm.subversion.WorkspaceUpdater$UpdateTask.delegateTo(WorkspaceUpdater.java:168)
	at hudson.scm.SubversionSCM$CheckOutTask.perform(SubversionSCM.java:1041)
	at hudson.scm.SubversionSCM$CheckOutTask.invoke(SubversionSCM.java:1017)
	at hudson.scm.SubversionSCM$CheckOutTask.invoke(SubversionSCM.java:990)
	at hudson.FilePath$FileCallableWrapper.call(FilePath.java:3086)
	at hudson.remoting.UserRequest.perform(UserRequest.java:212)
	at hudson.remoting.UserRequest.perform(UserRequest.java:54)
	at hudson.remoting.Request$2.run(Request.java:369)
	at hudson.remoting.InterceptingExecutorService$1.call(InterceptingExecutorService.java:72)
	at java.util.concurrent.FutureTask.run(FutureTask.java:266)
	at java.util.concurrent.ThreadPoolExecutor.runWorker(ThreadPoolExecutor.java:1149)
	at java.util.concurrent.ThreadPoolExecutor$Worker.run(ThreadPoolExecutor.java:624)
	at java.lang.Thread.run(Thread.java:748)
java.nio.file.DirectoryNotEmptyException: /home/jenkins/workspace/MMD-2.1-trunk/./mmd-core-tester
	at sun.nio.fs.UnixFileSystemProvider.implDelete(UnixFileSystemProvider.java:242)
	at sun.nio.fs.AbstractFileSystemProvider.deleteIfExists(AbstractFileSystemProvider.java:108)
	at java.nio.file.Files.deleteIfExists(Files.java:1165)
	at jenkins.util.io.PathRemover.removeOrMakeRemovableThenRemove(PathRemover.java:220)
	at jenkins.util.io.PathRemover.tryRemoveFile(PathRemover.java:191)
	at jenkins.util.io.PathRemover.tryRemoveRecursive(PathRemover.java:201)
	at jenkins.util.io.PathRemover.tryRemoveDirectoryContents(PathRemover.java:210)
	at jenkins.util.io.PathRemover.forceRemoveDirectoryContents(PathRemover.java:81)
	at hudson.Util.deleteContentsRecursive(Util.java:244)
	at hudson.scm.subversion.CheckoutUpdater$SubversionUpdateTask.perform(CheckoutUpdater.java:93)
	at hudson.scm.subversion.WorkspaceUpdater$UpdateTask.delegateTo(WorkspaceUpdater.java:168)
	at hudson.scm.SubversionSCM$CheckOutTask.perform(SubversionSCM.java:1041)
	at hudson.scm.SubversionSCM$CheckOutTask.invoke(SubversionSCM.java:1017)
	at hudson.scm.SubversionSCM$CheckOutTask.invoke(SubversionSCM.java:990)
	at hudson.FilePath$FileCallableWrapper.call(FilePath.java:3086)
	at hudson.remoting.UserRequest.perform(UserRequest.java:212)
	at hudson.remoting.UserRequest.perform(UserRequest.java:54)
	at hudson.remoting.Request$2.run(Request.java:369)
	at hudson.remoting.InterceptingExecutorService$1.call(InterceptingExecutorService.java:72)
	at java.util.concurrent.FutureTask.run(FutureTask.java:266)
	at java.util.concurrent.ThreadPoolExecutor.runWorker(ThreadPoolExecutor.java:1149)
	at java.util.concurrent.ThreadPoolExecutor$Worker.run(ThreadPoolExecutor.java:624)
	at java.lang.Thread.run(Thread.java:748)
java.nio.file.DirectoryNotEmptyException: /home/jenkins/workspace/MMD-2.1-trunk/./mmd-core-tester
	at sun.nio.fs.UnixFileSystemProvider.implDelete(UnixFileSystemProvider.java:242)
	at sun.nio.fs.AbstractFileSystemProvider.deleteIfExists(AbstractFileSystemProvider.java:108)
	at java.nio.file.Files.deleteIfExists(Files.java:1165)
	at jenkins.util.io.PathRemover.removeOrMakeRemovableThenRemove(PathRemover.java:224)
	at jenkins.util.io.PathRemover.tryRemoveFile(PathRemover.java:191)
	at jenkins.util.io.PathRemover.tryRemoveRecursive(PathRemover.java:201)
	at jenkins.util.io.PathRemover.tryRemoveDirectoryContents(PathRemover.java:210)
	at jenkins.util.io.PathRemover.forceRemoveDirectoryContents(PathRemover.java:81)
	at hudson.Util.deleteContentsRecursive(Util.java:244)
	at hudson.scm.subversion.CheckoutUpdater$SubversionUpdateTask.perform(CheckoutUpdater.java:93)
	at hudson.scm.subversion.WorkspaceUpdater$UpdateTask.delegateTo(WorkspaceUpdater.java:168)
	at hudson.scm.SubversionSCM$CheckOutTask.perform(SubversionSCM.java:1041)
	at hudson.scm.SubversionSCM$CheckOutTask.invoke(SubversionSCM.java:1017)
	at hudson.scm.SubversionSCM$CheckOutTask.invoke(SubversionSCM.java:990)
	at hudson.FilePath$FileCallableWrapper.call(FilePath.java:3086)
	at hudson.remoting.UserRequest.perform(UserRequest.java:212)
	at hudson.remoting.UserRequest.perform(UserRequest.java:54)
	at hudson.remoting.Request$2.run(Request.java:369)
	at hudson.remoting.InterceptingExecutorService$1.call(InterceptingExecutorService.java:72)
	at java.util.concurrent.FutureTask.run(FutureTask.java:266)
	at java.util.concurrent.ThreadPoolExecutor.runWorker(ThreadPoolExecutor.java:1149)
	at java.util.concurrent.ThreadPoolExecutor$Worker.run(ThreadPoolExecutor.java:624)
	at java.lang.Thread.run(Thread.java:748)
jenkins.util.io.CompositeIOException: Unable to remove directory /home/jenkins/workspace/MMD-2.1-trunk/./.svn with directory contents: [/home/jenkins/workspace/MMD-2.1-trunk/./.svn/pristine, /home/jenkins/workspace/MMD-2.1-trunk/./.svn/wc.db, /home/jenkins/workspace/MMD-2.1-trunk/./.svn/format, /home/jenkins/workspace/MMD-2.1-trunk/./.svn/tmp, /home/jenkins/workspace/MMD-2.1-trunk/./.svn/entries]
	at jenkins.util.io.PathRemover.removeOrMakeRemovableThenRemove(PathRemover.java:233)
	at jenkins.util.io.PathRemover.tryRemoveFile(PathRemover.java:191)
	at jenkins.util.io.PathRemover.tryRemoveRecursive(PathRemover.java:201)
	at jenkins.util.io.PathRemover.tryRemoveDirectoryContents(PathRemover.java:210)
	at jenkins.util.io.PathRemover.forceRemoveDirectoryContents(PathRemover.java:81)
	at hudson.Util.deleteContentsRecursive(Util.java:244)
	at hudson.scm.subversion.CheckoutUpdater$SubversionUpdateTask.perform(CheckoutUpdater.java:93)
	at hudson.scm.subversion.WorkspaceUpdater$UpdateTask.delegateTo(WorkspaceUpdater.java:168)
	at hudson.scm.SubversionSCM$CheckOutTask.perform(SubversionSCM.java:1041)
	at hudson.scm.SubversionSCM$CheckOutTask.invoke(SubversionSCM.java:1017)
	at hudson.scm.SubversionSCM$CheckOutTask.invoke(SubversionSCM.java:990)
	at hudson.FilePath$FileCallableWrapper.call(FilePath.java:3086)
	at hudson.remoting.UserRequest.perform(UserRequest.java:212)
	at hudson.remoting.UserRequest.perform(UserRequest.java:54)
	at hudson.remoting.Request$2.run(Request.java:369)
	at hudson.remoting.InterceptingExecutorService$1.call(InterceptingExecutorService.java:72)
	at java.util.concurrent.FutureTask.run(FutureTask.java:266)
	at java.util.concurrent.ThreadPoolExecutor.runWorker(ThreadPoolExecutor.java:1149)
	at java.util.concurrent.ThreadPoolExecutor$Worker.run(ThreadPoolExecutor.java:624)
	at java.lang.Thread.run(Thread.java:748)
java.nio.file.DirectoryNotEmptyException: /home/jenkins/workspace/MMD-2.1-trunk/./.svn
	at sun.nio.fs.UnixFileSystemProvider.implDelete(UnixFileSystemProvider.java:242)
	at sun.nio.fs.AbstractFileSystemProvider.deleteIfExists(AbstractFileSystemProvider.java:108)
	at java.nio.file.Files.deleteIfExists(Files.java:1165)
	at jenkins.util.io.PathRemover.removeOrMakeRemovableThenRemove(PathRemover.java:220)
	at jenkins.util.io.PathRemover.tryRemoveFile(PathRemover.java:191)
	at jenkins.util.io.PathRemover.tryRemoveRecursive(PathRemover.java:201)
	at jenkins.util.io.PathRemover.tryRemoveDirectoryContents(PathRemover.java:210)
	at jenkins.util.io.PathRemover.forceRemoveDirectoryContents(PathRemover.java:81)
	at hudson.Util.deleteContentsRecursive(Util.java:244)
	at hudson.scm.subversion.CheckoutUpdater$SubversionUpdateTask.perform(CheckoutUpdater.java:93)
	at hudson.scm.subversion.WorkspaceUpdater$UpdateTask.delegateTo(WorkspaceUpdater.java:168)
	at hudson.scm.SubversionSCM$CheckOutTask.perform(SubversionSCM.java:1041)
	at hudson.scm.SubversionSCM$CheckOutTask.invoke(SubversionSCM.java:1017)
	at hudson.scm.SubversionSCM$CheckOutTask.invoke(SubversionSCM.java:990)
	at hudson.FilePath$FileCallableWrapper.call(FilePath.java:3086)
	at hudson.remoting.UserRequest.perform(UserRequest.java:212)
	at hudson.remoting.UserRequest.perform(UserRequest.java:54)
	at hudson.remoting.Request$2.run(Request.java:369)
	at hudson.remoting.InterceptingExecutorService$1.call(InterceptingExecutorService.java:72)
	at java.util.concurrent.FutureTask.run(FutureTask.java:266)
	at java.util.concurrent.ThreadPoolExecutor.runWorker(ThreadPoolExecutor.java:1149)
	at java.util.concurrent.ThreadPoolExecutor$Worker.run(ThreadPoolExecutor.java:624)
	at java.lang.Thread.run(Thread.java:748)
java.nio.file.DirectoryNotEmptyException: /home/jenkins/workspace/MMD-2.1-trunk/./.svn
	at sun.nio.fs.UnixFileSystemProvider.implDelete(UnixFileSystemProvider.java:242)
	at sun.nio.fs.AbstractFileSystemProvider.deleteIfExists(AbstractFileSystemProvider.java:108)
	at java.nio.file.Files.deleteIfExists(Files.java:1165)
	at jenkins.util.io.PathRemover.removeOrMakeRemovableThenRemove(PathRemover.java:224)
	at jenkins.util.io.PathRemover.tryRemoveFile(PathRemover.java:191)
	at jenkins.util.io.PathRemover.tryRemoveRecursive(PathRemover.java:201)
	at jenkins.util.io.PathRemover.tryRemoveDirectoryContents(PathRemover.java:210)
	at jenkins.util.io.PathRemover.forceRemoveDirectoryContents(PathRemover.java:81)
	at hudson.Util.deleteContentsRecursive(Util.java:244)
	at hudson.scm.subversion.CheckoutUpdater$SubversionUpdateTask.perform(CheckoutUpdater.java:93)
	at hudson.scm.subversion.WorkspaceUpdater$UpdateTask.delegateTo(WorkspaceUpdater.java:168)
	at hudson.scm.SubversionSCM$CheckOutTask.perform(SubversionSCM.java:1041)
	at hudson.scm.SubversionSCM$CheckOutTask.invoke(SubversionSCM.java:1017)
	at hudson.scm.SubversionSCM$CheckOutTask.invoke(SubversionSCM.java:990)
	at hudson.FilePath$FileCallableWrapper.call(FilePath.java:3086)
	at hudson.remoting.UserRequest.perform(UserRequest.java:212)
	at hudson.remoting.UserRequest.perform(UserRequest.java:54)
	at hudson.remoting.Request$2.run(Request.java:369)
	at hudson.remoting.InterceptingExecutorService$1.call(InterceptingExecutorService.java:72)
	at java.util.concurrent.FutureTask.run(FutureTask.java:266)
	at java.util.concurrent.ThreadPoolExecutor.runWorker(ThreadPoolExecutor.java:1149)
	at java.util.concurrent.ThreadPoolExecutor$Worker.run(ThreadPoolExecutor.java:624)
	at java.lang.Thread.run(Thread.java:748)
jenkins.util.io.CompositeIOException: Unable to remove directory /home/jenkins/workspace/MMD-2.1-trunk/./mmd-plugins with directory contents: [/home/jenkins/workspace/MMD-2.1-trunk/./mmd-plugins/src, /home/jenkins/workspace/MMD-2.1-trunk/./mmd-plugins/pom.xml, /home/jenkins/workspace/MMD-2.1-trunk/./mmd-plugins/target]
	at jenkins.util.io.PathRemover.removeOrMakeRemovableThenRemove(PathRemover.java:233)
	at jenkins.util.io.PathRemover.tryRemoveFile(PathRemover.java:191)
	at jenkins.util.io.PathRemover.tryRemoveRecursive(PathRemover.java:201)
	at jenkins.util.io.PathRemover.tryRemoveDirectoryContents(PathRemover.java:210)
	at jenkins.util.io.PathRemover.forceRemoveDirectoryContents(PathRemover.java:81)
	at hudson.Util.deleteContentsRecursive(Util.java:244)
	at hudson.scm.subversion.CheckoutUpdater$SubversionUpdateTask.perform(CheckoutUpdater.java:93)
	at hudson.scm.subversion.WorkspaceUpdater$UpdateTask.delegateTo(WorkspaceUpdater.java:168)
	at hudson.scm.SubversionSCM$CheckOutTask.perform(SubversionSCM.java:1041)
	at hudson.scm.SubversionSCM$CheckOutTask.invoke(SubversionSCM.java:1017)
	at hudson.scm.SubversionSCM$CheckOutTask.invoke(SubversionSCM.java:990)
	at hudson.FilePath$FileCallableWrapper.call(FilePath.java:3086)
	at hudson.remoting.UserRequest.perform(UserRequest.java:212)
	at hudson.remoting.UserRequest.perform(UserRequest.java:54)
	at hudson.remoting.Request$2.run(Request.java:369)
	at hudson.remoting.InterceptingExecutorService$1.call(InterceptingExecutorService.java:72)
	at java.util.concurrent.FutureTask.run(FutureTask.java:266)
	at java.util.concurrent.ThreadPoolExecutor.runWorker(ThreadPoolExecutor.java:1149)
	at java.util.concurrent.ThreadPoolExecutor$Worker.run(ThreadPoolExecutor.java:624)
	at java.lang.Thread.run(Thread.java:748)
java.nio.file.DirectoryNotEmptyException: /home/jenkins/workspace/MMD-2.1-trunk/./mmd-plugins
	at sun.nio.fs.UnixFileSystemProvider.implDelete(UnixFileSystemProvider.java:242)
	at sun.nio.fs.AbstractFileSystemProvider.deleteIfExists(AbstractFileSystemProvider.java:108)
	at java.nio.file.Files.deleteIfExists(Files.java:1165)
	at jenkins.util.io.PathRemover.removeOrMakeRemovableThenRemove(PathRemover.java:220)
	at jenkins.util.io.PathRemover.tryRemoveFile(PathRemover.java:191)
	at jenkins.util.io.PathRemover.tryRemoveRecursive(PathRemover.java:201)
	at jenkins.util.io.PathRemover.tryRemoveDirectoryContents(PathRemover.java:210)
	at jenkins.util.io.PathRemover.forceRemoveDirectoryContents(PathRemover.java:81)
	at hudson.Util.deleteContentsRecursive(Util.java:244)
	at hudson.scm.subversion.CheckoutUpdater$SubversionUpdateTask.perform(CheckoutUpdater.java:93)
	at hudson.scm.subversion.WorkspaceUpdater$UpdateTask.delegateTo(WorkspaceUpdater.java:168)
	at hudson.scm.SubversionSCM$CheckOutTask.perform(SubversionSCM.java:1041)
	at hudson.scm.SubversionSCM$CheckOutTask.invoke(SubversionSCM.java:1017)
	at hudson.scm.SubversionSCM$CheckOutTask.invoke(SubversionSCM.java:990)
	at hudson.FilePath$FileCallableWrapper.call(FilePath.java:3086)
	at hudson.remoting.UserRequest.perform(UserRequest.java:212)
	at hudson.remoting.UserRequest.perform(UserRequest.java:54)
	at hudson.remoting.Request$2.run(Request.java:369)
	at hudson.remoting.InterceptingExecutorService$1.call(InterceptingExecutorService.java:72)
	at java.util.concurrent.FutureTask.run(FutureTask.java:266)
	at java.util.concurrent.ThreadPoolExecutor.runWorker(ThreadPoolExecutor.java:1149)
	at java.util.concurrent.ThreadPoolExecutor$Worker.run(ThreadPoolExecutor.java:624)
	at java.lang.Thread.run(Thread.java:748)
java.nio.file.DirectoryNotEmptyException: /home/jenkins/workspace/MMD-2.1-trunk/./mmd-plugins
	at sun.nio.fs.UnixFileSystemProvider.implDelete(UnixFileSystemProvider.java:242)
	at sun.nio.fs.AbstractFileSystemProvider.deleteIfExists(AbstractFileSystemProvider.java:108)
	at java.nio.file.Files.deleteIfExists(Files.java:1165)
	at jenkins.util.io.PathRemover.removeOrMakeRemovableThenRemove(PathRemover.java:224)
	at jenkins.util.io.PathRemover.tryRemoveFile(PathRemover.java:191)
	at jenkins.util.io.PathRemover.tryRemoveRecursive(PathRemover.java:201)
	at jenkins.util.io.PathRemover.tryRemoveDirectoryContents(PathRemover.java:210)
	at jenkins.util.io.PathRemover.forceRemoveDirectoryContents(PathRemover.java:81)
	at hudson.Util.deleteContentsRecursive(Util.java:244)
	at hudson.scm.subversion.CheckoutUpdater$SubversionUpdateTask.perform(CheckoutUpdater.java:93)
	at hudson.scm.subversion.WorkspaceUpdater$UpdateTask.delegateTo(WorkspaceUpdater.java:168)
	at hudson.scm.SubversionSCM$CheckOutTask.perform(SubversionSCM.java:1041)
	at hudson.scm.SubversionSCM$CheckOutTask.invoke(SubversionSCM.java:1017)
	at hudson.scm.SubversionSCM$CheckOutTask.invoke(SubversionSCM.java:990)
	at hudson.FilePath$FileCallableWrapper.call(FilePath.java:3086)
	at hudson.remoting.UserRequest.perform(UserRequest.java:212)
	at hudson.remoting.UserRequest.perform(UserRequest.java:54)
	at hudson.remoting.Request$2.run(Request.java:369)
	at hudson.remoting.InterceptingExecutorService$1.call(InterceptingExecutorService.java:72)
	at java.util.concurrent.FutureTask.run(FutureTask.java:266)
	at java.util.concurrent.ThreadPoolExecutor.runWorker(ThreadPoolExecutor.java:1149)
	at java.util.concurrent.ThreadPoolExecutor$Worker.run(ThreadPoolExecutor.java:624)
	at java.lang.Thread.run(Thread.java:748)
jenkins.util.io.CompositeIOException: Unable to remove directory /home/jenkins/workspace/MMD-2.1-trunk/./mmd-ws with directory contents: [/home/jenkins/workspace/MMD-2.1-trunk/./mmd-ws/src, /home/jenkins/workspace/MMD-2.1-trunk/./mmd-ws/pom.xml, /home/jenkins/workspace/MMD-2.1-trunk/./mmd-ws/make-and-deploy.bat, /home/jenkins/workspace/MMD-2.1-trunk/./mmd-ws/target, /home/jenkins/workspace/MMD-2.1-trunk/./mmd-ws/logs, /home/jenkins/workspace/MMD-2.1-trunk/./mmd-ws/test-scripts]
	at jenkins.util.io.PathRemover.removeOrMakeRemovableThenRemove(PathRemover.java:233)
	at jenkins.util.io.PathRemover.tryRemoveFile(PathRemover.java:191)
	at jenkins.util.io.PathRemover.tryRemoveRecursive(PathRemover.java:201)
	at jenkins.util.io.PathRemover.tryRemoveDirectoryContents(PathRemover.java:210)
	at jenkins.util.io.PathRemover.forceRemoveDirectoryContents(PathRemover.java:81)
	at hudson.Util.deleteContentsRecursive(Util.java:244)
	at hudson.scm.subversion.CheckoutUpdater$SubversionUpdateTask.perform(CheckoutUpdater.java:93)
	at hudson.scm.subversion.WorkspaceUpdater$UpdateTask.delegateTo(WorkspaceUpdater.java:168)
	at hudson.scm.SubversionSCM$CheckOutTask.perform(SubversionSCM.java:1041)
	at hudson.scm.SubversionSCM$CheckOutTask.invoke(SubversionSCM.java:1017)
	at hudson.scm.SubversionSCM$CheckOutTask.invoke(SubversionSCM.java:990)
	at hudson.FilePath$FileCallableWrapper.call(FilePath.java:3086)
	at hudson.remoting.UserRequest.perform(UserRequest.java:212)
	at hudson.remoting.UserRequest.perform(UserRequest.java:54)
	at hudson.remoting.Request$2.run(Request.java:369)
	at hudson.remoting.InterceptingExecutorService$1.call(InterceptingExecutorService.java:72)
	at java.util.concurrent.FutureTask.run(FutureTask.java:266)
	at java.util.concurrent.ThreadPoolExecutor.runWorker(ThreadPoolExecutor.java:1149)
	at java.util.concurrent.ThreadPoolExecutor$Worker.run(ThreadPoolExecutor.java:624)
	at java.lang.Thread.run(Thread.java:748)
java.nio.file.DirectoryNotEmptyException: /home/jenkins/workspace/MMD-2.1-trunk/./mmd-ws
	at sun.nio.fs.UnixFileSystemProvider.implDelete(UnixFileSystemProvider.java:242)
	at sun.nio.fs.AbstractFileSystemProvider.deleteIfExists(AbstractFileSystemProvider.java:108)
	at java.nio.file.Files.deleteIfExists(Files.java:1165)
	at jenkins.util.io.PathRemover.removeOrMakeRemovableThenRemove(PathRemover.java:220)
	at jenkins.util.io.PathRemover.tryRemoveFile(PathRemover.java:191)
	at jenkins.util.io.PathRemover.tryRemoveRecursive(PathRemover.java:201)
	at jenkins.util.io.PathRemover.tryRemoveDirectoryContents(PathRemover.java:210)
	at jenkins.util.io.PathRemover.forceRemoveDirectoryContents(PathRemover.java:81)
	at hudson.Util.deleteContentsRecursive(Util.java:244)
	at hudson.scm.subversion.CheckoutUpdater$SubversionUpdateTask.perform(CheckoutUpdater.java:93)
	at hudson.scm.subversion.WorkspaceUpdater$UpdateTask.delegateTo(WorkspaceUpdater.java:168)
	at hudson.scm.SubversionSCM$CheckOutTask.perform(SubversionSCM.java:1041)
	at hudson.scm.SubversionSCM$CheckOutTask.invoke(SubversionSCM.java:1017)
	at hudson.scm.SubversionSCM$CheckOutTask.invoke(SubversionSCM.java:990)
	at hudson.FilePath$FileCallableWrapper.call(FilePath.java:3086)
	at hudson.remoting.UserRequest.perform(UserRequest.java:212)
	at hudson.remoting.UserRequest.perform(UserRequest.java:54)
	at hudson.remoting.Request$2.run(Request.java:369)
	at hudson.remoting.InterceptingExecutorService$1.call(InterceptingExecutorService.java:72)
	at java.util.concurrent.FutureTask.run(FutureTask.java:266)
	at java.util.concurrent.ThreadPoolExecutor.runWorker(ThreadPoolExecutor.java:1149)
	at java.util.concurrent.ThreadPoolExecutor$Worker.run(ThreadPoolExecutor.java:624)
	at java.lang.Thread.run(Thread.java:748)
java.nio.file.DirectoryNotEmptyException: /home/jenkins/workspace/MMD-2.1-trunk/./mmd-ws
	at sun.nio.fs.UnixFileSystemProvider.implDelete(UnixFileSystemProvider.java:242)
	at sun.nio.fs.AbstractFileSystemProvider.deleteIfExists(AbstractFileSystemProvider.java:108)
	at java.nio.file.Files.deleteIfExists(Files.java:1165)
	at jenkins.util.io.PathRemover.removeOrMakeRemovableThenRemove(PathRemover.java:224)
	at jenkins.util.io.PathRemover.tryRemoveFile(PathRemover.java:191)
	at jenkins.util.io.PathRemover.tryRemoveRecursive(PathRemover.java:201)
	at jenkins.util.io.PathRemover.tryRemoveDirectoryContents(PathRemover.java:210)
	at jenkins.util.io.PathRemover.forceRemoveDirectoryContents(PathRemover.java:81)
	at hudson.Util.deleteContentsRecursive(Util.java:244)
	at hudson.scm.subversion.CheckoutUpdater$SubversionUpdateTask.perform(CheckoutUpdater.java:93)
	at hudson.scm.subversion.WorkspaceUpdater$UpdateTask.delegateTo(WorkspaceUpdater.java:168)
	at hudson.scm.SubversionSCM$CheckOutTask.perform(SubversionSCM.java:1041)
	at hudson.scm.SubversionSCM$CheckOutTask.invoke(SubversionSCM.java:1017)
	at hudson.scm.SubversionSCM$CheckOutTask.invoke(SubversionSCM.java:990)
	at hudson.FilePath$FileCallableWrapper.call(FilePath.java:3086)
	at hudson.remoting.UserRequest.perform(UserRequest.java:212)
	at hudson.remoting.UserRequest.perform(UserRequest.java:54)
	at hudson.remoting.Request$2.run(Request.java:369)
	at hudson.remoting.InterceptingExecutorService$1.call(InterceptingExecutorService.java:72)
	at java.util.concurrent.FutureTask.run(FutureTask.java:266)
	at java.util.concurrent.ThreadPoolExecutor.runWorker(ThreadPoolExecutor.java:1149)
	at java.util.concurrent.ThreadPoolExecutor$Worker.run(ThreadPoolExecutor.java:624)
	at java.lang.Thread.run(Thread.java:748)
jenkins.util.io.CompositeIOException: Unable to remove directory /home/jenkins/workspace/MMD-2.1-trunk/./mmd-gw-tester with directory contents: [/home/jenkins/workspace/MMD-2.1-trunk/./mmd-gw-tester/src, /home/jenkins/workspace/MMD-2.1-trunk/./mmd-gw-tester/config, /home/jenkins/workspace/MMD-2.1-trunk/./mmd-gw-tester/pom.xml, /home/jenkins/workspace/MMD-2.1-trunk/./mmd-gw-tester/target]
	at jenkins.util.io.PathRemover.removeOrMakeRemovableThenRemove(PathRemover.java:233)
	at jenkins.util.io.PathRemover.tryRemoveFile(PathRemover.java:191)
	at jenkins.util.io.PathRemover.tryRemoveRecursive(PathRemover.java:201)
	at jenkins.util.io.PathRemover.tryRemoveDirectoryContents(PathRemover.java:210)
	at jenkins.util.io.PathRemover.forceRemoveDirectoryContents(PathRemover.java:81)
	at hudson.Util.deleteContentsRecursive(Util.java:244)
	at hudson.scm.subversion.CheckoutUpdater$SubversionUpdateTask.perform(CheckoutUpdater.java:93)
	at hudson.scm.subversion.WorkspaceUpdater$UpdateTask.delegateTo(WorkspaceUpdater.java:168)
	at hudson.scm.SubversionSCM$CheckOutTask.perform(SubversionSCM.java:1041)
	at hudson.scm.SubversionSCM$CheckOutTask.invoke(SubversionSCM.java:1017)
	at hudson.scm.SubversionSCM$CheckOutTask.invoke(SubversionSCM.java:990)
	at hudson.FilePath$FileCallableWrapper.call(FilePath.java:3086)
	at hudson.remoting.UserRequest.perform(UserRequest.java:212)
	at hudson.remoting.UserRequest.perform(UserRequest.java:54)
	at hudson.remoting.Request$2.run(Request.java:369)
	at hudson.remoting.InterceptingExecutorService$1.call(InterceptingExecutorService.java:72)
	at java.util.concurrent.FutureTask.run(FutureTask.java:266)
	at java.util.concurrent.ThreadPoolExecutor.runWorker(ThreadPoolExecutor.java:1149)
	at java.util.concurrent.ThreadPoolExecutor$Worker.run(ThreadPoolExecutor.java:624)
	at java.lang.Thread.run(Thread.java:748)
java.nio.file.DirectoryNotEmptyException: /home/jenkins/workspace/MMD-2.1-trunk/./mmd-gw-tester
	at sun.nio.fs.UnixFileSystemProvider.implDelete(UnixFileSystemProvider.java:242)
	at sun.nio.fs.AbstractFileSystemProvider.deleteIfExists(AbstractFileSystemProvider.java:108)
	at java.nio.file.Files.deleteIfExists(Files.java:1165)
	at jenkins.util.io.PathRemover.removeOrMakeRemovableThenRemove(PathRemover.java:220)
	at jenkins.util.io.PathRemover.tryRemoveFile(PathRemover.java:191)
	at jenkins.util.io.PathRemover.tryRemoveRecursive(PathRemover.java:201)
	at jenkins.util.io.PathRemover.tryRemoveDirectoryContents(PathRemover.java:210)
	at jenkins.util.io.PathRemover.forceRemoveDirectoryContents(PathRemover.java:81)
	at hudson.Util.deleteContentsRecursive(Util.java:244)
	at hudson.scm.subversion.CheckoutUpdater$SubversionUpdateTask.perform(CheckoutUpdater.java:93)
	at hudson.scm.subversion.WorkspaceUpdater$UpdateTask.delegateTo(WorkspaceUpdater.java:168)
	at hudson.scm.SubversionSCM$CheckOutTask.perform(SubversionSCM.java:1041)
	at hudson.scm.SubversionSCM$CheckOutTask.invoke(SubversionSCM.java:1017)
	at hudson.scm.SubversionSCM$CheckOutTask.invoke(SubversionSCM.java:990)
	at hudson.FilePath$FileCallableWrapper.call(FilePath.java:3086)
	at hudson.remoting.UserRequest.perform(UserRequest.java:212)
	at hudson.remoting.UserRequest.perform(UserRequest.java:54)
	at hudson.remoting.Request$2.run(Request.java:369)
	at hudson.remoting.InterceptingExecutorService$1.call(InterceptingExecutorService.java:72)
	at java.util.concurrent.FutureTask.run(FutureTask.java:266)
	at java.util.concurrent.ThreadPoolExecutor.runWorker(ThreadPoolExecutor.java:1149)
	at java.util.concurrent.ThreadPoolExecutor$Worker.run(ThreadPoolExecutor.java:624)
	at java.lang.Thread.run(Thread.java:748)
java.nio.file.DirectoryNotEmptyException: /home/jenkins/workspace/MMD-2.1-trunk/./mmd-gw-tester
	at sun.nio.fs.UnixFileSystemProvider.implDelete(UnixFileSystemProvider.java:242)
	at sun.nio.fs.AbstractFileSystemProvider.deleteIfExists(AbstractFileSystemProvider.java:108)
	at java.nio.file.Files.deleteIfExists(Files.java:1165)
	at jenkins.util.io.PathRemover.removeOrMakeRemovableThenRemove(PathRemover.java:224)
	at jenkins.util.io.PathRemover.tryRemoveFile(PathRemover.java:191)
	at jenkins.util.io.PathRemover.tryRemoveRecursive(PathRemover.java:201)
	at jenkins.util.io.PathRemover.tryRemoveDirectoryContents(PathRemover.java:210)
	at jenkins.util.io.PathRemover.forceRemoveDirectoryContents(PathRemover.java:81)
	at hudson.Util.deleteContentsRecursive(Util.java:244)
	at hudson.scm.subversion.CheckoutUpdater$SubversionUpdateTask.perform(CheckoutUpdater.java:93)
	at hudson.scm.subversion.WorkspaceUpdater$UpdateTask.delegateTo(WorkspaceUpdater.java:168)
	at hudson.scm.SubversionSCM$CheckOutTask.perform(SubversionSCM.java:1041)
	at hudson.scm.SubversionSCM$CheckOutTask.invoke(SubversionSCM.java:1017)
	at hudson.scm.SubversionSCM$CheckOutTask.invoke(SubversionSCM.java:990)
	at hudson.FilePath$FileCallableWrapper.call(FilePath.java:3086)
	at hudson.remoting.UserRequest.perform(UserRequest.java:212)
	at hudson.remoting.UserRequest.perform(UserRequest.java:54)
	at hudson.remoting.Request$2.run(Request.java:369)
	at hudson.remoting.InterceptingExecutorService$1.call(InterceptingExecutorService.java:72)
	at java.util.concurrent.FutureTask.run(FutureTask.java:266)
	at java.util.concurrent.ThreadPoolExecutor.runWorker(ThreadPoolExecutor.java:1149)
	at java.util.concurrent.ThreadPoolExecutor$Worker.run(ThreadPoolExecutor.java:624)
	at java.lang.Thread.run(Thread.java:748)
jenkins.util.io.CompositeIOException: Unable to remove directory /home/jenkins/workspace/MMD-2.1-trunk/./mmd-portal with directory contents: [/home/jenkins/workspace/MMD-2.1-trunk/./mmd-portal/src, /home/jenkins/workspace/MMD-2.1-trunk/./mmd-portal/.tern-project, /home/jenkins/workspace/MMD-2.1-trunk/./mmd-portal/pom.xml, /home/jenkins/workspace/MMD-2.1-trunk/./mmd-portal/target, /home/jenkins/workspace/MMD-2.1-trunk/./mmd-portal/logs]
	at jenkins.util.io.PathRemover.removeOrMakeRemovableThenRemove(PathRemover.java:233)
	at jenkins.util.io.PathRemover.tryRemoveFile(PathRemover.java:191)
	at jenkins.util.io.PathRemover.tryRemoveRecursive(PathRemover.java:201)
	at jenkins.util.io.PathRemover.tryRemoveDirectoryContents(PathRemover.java:210)
	at jenkins.util.io.PathRemover.forceRemoveDirectoryContents(PathRemover.java:81)
	at hudson.Util.deleteContentsRecursive(Util.java:244)
	at hudson.scm.subversion.CheckoutUpdater$SubversionUpdateTask.perform(CheckoutUpdater.java:93)
	at hudson.scm.subversion.WorkspaceUpdater$UpdateTask.delegateTo(WorkspaceUpdater.java:168)
	at hudson.scm.SubversionSCM$CheckOutTask.perform(SubversionSCM.java:1041)
	at hudson.scm.SubversionSCM$CheckOutTask.invoke(SubversionSCM.java:1017)
	at hudson.scm.SubversionSCM$CheckOutTask.invoke(SubversionSCM.java:990)
	at hudson.FilePath$FileCallableWrapper.call(FilePath.java:3086)
	at hudson.remoting.UserRequest.perform(UserRequest.java:212)
	at hudson.remoting.UserRequest.perform(UserRequest.java:54)
	at hudson.remoting.Request$2.run(Request.java:369)
	at hudson.remoting.InterceptingExecutorService$1.call(InterceptingExecutorService.java:72)
	at java.util.concurrent.FutureTask.run(FutureTask.java:266)
	at java.util.concurrent.ThreadPoolExecutor.runWorker(ThreadPoolExecutor.java:1149)
	at java.util.concurrent.ThreadPoolExecutor$Worker.run(ThreadPoolExecutor.java:624)
	at java.lang.Thread.run(Thread.java:748)
java.nio.file.DirectoryNotEmptyException: /home/jenkins/workspace/MMD-2.1-trunk/./mmd-portal
	at sun.nio.fs.UnixFileSystemProvider.implDelete(UnixFileSystemProvider.java:242)
	at sun.nio.fs.AbstractFileSystemProvider.deleteIfExists(AbstractFileSystemProvider.java:108)
	at java.nio.file.Files.deleteIfExists(Files.java:1165)
	at jenkins.util.io.PathRemover.removeOrMakeRemovableThenRemove(PathRemover.java:220)
	at jenkins.util.io.PathRemover.tryRemoveFile(PathRemover.java:191)
	at jenkins.util.io.PathRemover.tryRemoveRecursive(PathRemover.java:201)
	at jenkins.util.io.PathRemover.tryRemoveDirectoryContents(PathRemover.java:210)
	at jenkins.util.io.PathRemover.forceRemoveDirectoryContents(PathRemover.java:81)
	at hudson.Util.deleteContentsRecursive(Util.java:244)
	at hudson.scm.subversion.CheckoutUpdater$SubversionUpdateTask.perform(CheckoutUpdater.java:93)
	at hudson.scm.subversion.WorkspaceUpdater$UpdateTask.delegateTo(WorkspaceUpdater.java:168)
	at hudson.scm.SubversionSCM$CheckOutTask.perform(SubversionSCM.java:1041)
	at hudson.scm.SubversionSCM$CheckOutTask.invoke(SubversionSCM.java:1017)
	at hudson.scm.SubversionSCM$CheckOutTask.invoke(SubversionSCM.java:990)
	at hudson.FilePath$FileCallableWrapper.call(FilePath.java:3086)
	at hudson.remoting.UserRequest.perform(UserRequest.java:212)
	at hudson.remoting.UserRequest.perform(UserRequest.java:54)
	at hudson.remoting.Request$2.run(Request.java:369)
	at hudson.remoting.InterceptingExecutorService$1.call(InterceptingExecutorService.java:72)
	at java.util.concurrent.FutureTask.run(FutureTask.java:266)
	at java.util.concurrent.ThreadPoolExecutor.runWorker(ThreadPoolExecutor.java:1149)
	at java.util.concurrent.ThreadPoolExecutor$Worker.run(ThreadPoolExecutor.java:624)
	at java.lang.Thread.run(Thread.java:748)
java.nio.file.DirectoryNotEmptyException: /home/jenkins/workspace/MMD-2.1-trunk/./mmd-portal
	at sun.nio.fs.UnixFileSystemProvider.implDelete(UnixFileSystemProvider.java:242)
	at sun.nio.fs.AbstractFileSystemProvider.deleteIfExists(AbstractFileSystemProvider.java:108)
	at java.nio.file.Files.deleteIfExists(Files.java:1165)
	at jenkins.util.io.PathRemover.removeOrMakeRemovableThenRemove(PathRemover.java:224)
	at jenkins.util.io.PathRemover.tryRemoveFile(PathRemover.java:191)
	at jenkins.util.io.PathRemover.tryRemoveRecursive(PathRemover.java:201)
	at jenkins.util.io.PathRemover.tryRemoveDirectoryContents(PathRemover.java:210)
	at jenkins.util.io.PathRemover.forceRemoveDirectoryContents(PathRemover.java:81)
	at hudson.Util.deleteContentsRecursive(Util.java:244)
	at hudson.scm.subversion.CheckoutUpdater$SubversionUpdateTask.perform(CheckoutUpdater.java:93)
	at hudson.scm.subversion.WorkspaceUpdater$UpdateTask.delegateTo(WorkspaceUpdater.java:168)
	at hudson.scm.SubversionSCM$CheckOutTask.perform(SubversionSCM.java:1041)
	at hudson.scm.SubversionSCM$CheckOutTask.invoke(SubversionSCM.java:1017)
	at hudson.scm.SubversionSCM$CheckOutTask.invoke(SubversionSCM.java:990)
	at hudson.FilePath$FileCallableWrapper.call(FilePath.java:3086)
	at hudson.remoting.UserRequest.perform(UserRequest.java:212)
	at hudson.remoting.UserRequest.perform(UserRequest.java:54)
	at hudson.remoting.Request$2.run(Request.java:369)
	at hudson.remoting.InterceptingExecutorService$1.call(InterceptingExecutorService.java:72)
	at java.util.concurrent.FutureTask.run(FutureTask.java:266)
	at java.util.concurrent.ThreadPoolExecutor.runWorker(ThreadPoolExecutor.java:1149)
	at java.util.concurrent.ThreadPoolExecutor$Worker.run(ThreadPoolExecutor.java:624)
	at java.lang.Thread.run(Thread.java:748)
jenkins.util.io.CompositeIOException: Unable to remove directory /home/jenkins/workspace/MMD-2.1-trunk/./mmd-basics with directory contents: [/home/jenkins/workspace/MMD-2.1-trunk/./mmd-basics/src, /home/jenkins/workspace/MMD-2.1-trunk/./mmd-basics/sql, /home/jenkins/workspace/MMD-2.1-trunk/./mmd-basics/pom.xml, /home/jenkins/workspace/MMD-2.1-trunk/./mmd-basics/target]
	at jenkins.util.io.PathRemover.removeOrMakeRemovableThenRemove(PathRemover.java:233)
	at jenkins.util.io.PathRemover.tryRemoveFile(PathRemover.java:191)
	at jenkins.util.io.PathRemover.tryRemoveRecursive(PathRemover.java:201)
	at jenkins.util.io.PathRemover.tryRemoveDirectoryContents(PathRemover.java:210)
	at jenkins.util.io.PathRemover.forceRemoveDirectoryContents(PathRemover.java:81)
	at hudson.Util.deleteContentsRecursive(Util.java:244)
	at hudson.scm.subversion.CheckoutUpdater$SubversionUpdateTask.perform(CheckoutUpdater.java:93)
	at hudson.scm.subversion.WorkspaceUpdater$UpdateTask.delegateTo(WorkspaceUpdater.java:168)
	at hudson.scm.SubversionSCM$CheckOutTask.perform(SubversionSCM.java:1041)
	at hudson.scm.SubversionSCM$CheckOutTask.invoke(SubversionSCM.java:1017)
	at hudson.scm.SubversionSCM$CheckOutTask.invoke(SubversionSCM.java:990)
	at hudson.FilePath$FileCallableWrapper.call(FilePath.java:3086)
	at hudson.remoting.UserRequest.perform(UserRequest.java:212)
	at hudson.remoting.UserRequest.perform(UserRequest.java:54)
	at hudson.remoting.Request$2.run(Request.java:369)
	at hudson.remoting.InterceptingExecutorService$1.call(InterceptingExecutorService.java:72)
	at java.util.concurrent.FutureTask.run(FutureTask.java:266)
	at java.util.concurrent.ThreadPoolExecutor.runWorker(ThreadPoolExecutor.java:1149)
	at java.util.concurrent.ThreadPoolExecutor$Worker.run(ThreadPoolExecutor.java:624)
	at java.lang.Thread.run(Thread.java:748)
java.nio.file.DirectoryNotEmptyException: /home/jenkins/workspace/MMD-2.1-trunk/./mmd-basics
	at sun.nio.fs.UnixFileSystemProvider.implDelete(UnixFileSystemProvider.java:242)
	at sun.nio.fs.AbstractFileSystemProvider.deleteIfExists(AbstractFileSystemProvider.java:108)
	at java.nio.file.Files.deleteIfExists(Files.java:1165)
	at jenkins.util.io.PathRemover.removeOrMakeRemovableThenRemove(PathRemover.java:220)
	at jenkins.util.io.PathRemover.tryRemoveFile(PathRemover.java:191)
	at jenkins.util.io.PathRemover.tryRemoveRecursive(PathRemover.java:201)
	at jenkins.util.io.PathRemover.tryRemoveDirectoryContents(PathRemover.java:210)
	at jenkins.util.io.PathRemover.forceRemoveDirectoryContents(PathRemover.java:81)
	at hudson.Util.deleteContentsRecursive(Util.java:244)
	at hudson.scm.subversion.CheckoutUpdater$SubversionUpdateTask.perform(CheckoutUpdater.java:93)
	at hudson.scm.subversion.WorkspaceUpdater$UpdateTask.delegateTo(WorkspaceUpdater.java:168)
	at hudson.scm.SubversionSCM$CheckOutTask.perform(SubversionSCM.java:1041)
	at hudson.scm.SubversionSCM$CheckOutTask.invoke(SubversionSCM.java:1017)
	at hudson.scm.SubversionSCM$CheckOutTask.invoke(SubversionSCM.java:990)
	at hudson.FilePath$FileCallableWrapper.call(FilePath.java:3086)
	at hudson.remoting.UserRequest.perform(UserRequest.java:212)
	at hudson.remoting.UserRequest.perform(UserRequest.java:54)
	at hudson.remoting.Request$2.run(Request.java:369)
	at hudson.remoting.InterceptingExecutorService$1.call(InterceptingExecutorService.java:72)
	at java.util.concurrent.FutureTask.run(FutureTask.java:266)
	at java.util.concurrent.ThreadPoolExecutor.runWorker(ThreadPoolExecutor.java:1149)
	at java.util.concurrent.ThreadPoolExecutor$Worker.run(ThreadPoolExecutor.java:624)
	at java.lang.Thread.run(Thread.java:748)
java.nio.file.DirectoryNotEmptyException: /home/jenkins/workspace/MMD-2.1-trunk/./mmd-basics
	at sun.nio.fs.UnixFileSystemProvider.implDelete(UnixFileSystemProvider.java:242)
	at sun.nio.fs.AbstractFileSystemProvider.deleteIfExists(AbstractFileSystemProvider.java:108)
	at java.nio.file.Files.deleteIfExists(Files.java:1165)
	at jenkins.util.io.PathRemover.removeOrMakeRemovableThenRemove(PathRemover.java:224)
	at jenkins.util.io.PathRemover.tryRemoveFile(PathRemover.java:191)
	at jenkins.util.io.PathRemover.tryRemoveRecursive(PathRemover.java:201)
	at jenkins.util.io.PathRemover.tryRemoveDirectoryContents(PathRemover.java:210)
	at jenkins.util.io.PathRemover.forceRemoveDirectoryContents(PathRemover.java:81)
	at hudson.Util.deleteContentsRecursive(Util.java:244)
	at hudson.scm.subversion.CheckoutUpdater$SubversionUpdateTask.perform(CheckoutUpdater.java:93)
	at hudson.scm.subversion.WorkspaceUpdater$UpdateTask.delegateTo(WorkspaceUpdater.java:168)
	at hudson.scm.SubversionSCM$CheckOutTask.perform(SubversionSCM.java:1041)
	at hudson.scm.SubversionSCM$CheckOutTask.invoke(SubversionSCM.java:1017)
	at hudson.scm.SubversionSCM$CheckOutTask.invoke(SubversionSCM.java:990)
	at hudson.FilePath$FileCallableWrapper.call(FilePath.java:3086)
	at hudson.remoting.UserRequest.perform(UserRequest.java:212)
	at hudson.remoting.UserRequest.perform(UserRequest.java:54)
	at hudson.remoting.Request$2.run(Request.java:369)
	at hudson.remoting.InterceptingExecutorService$1.call(InterceptingExecutorService.java:72)
	at java.util.concurrent.FutureTask.run(FutureTask.java:266)
	at java.util.concurrent.ThreadPoolExecutor.runWorker(ThreadPoolExecutor.java:1149)
	at java.util.concurrent.ThreadPoolExecutor$Worker.run(ThreadPoolExecutor.java:624)
	at java.lang.Thread.run(Thread.java:748)
jenkins.util.io.CompositeIOException: Unable to remove directory /home/jenkins/workspace/MMD-2.1-trunk/./mmd-notification with directory contents: [/home/jenkins/workspace/MMD-2.1-trunk/./mmd-notification/src, /home/jenkins/workspace/MMD-2.1-trunk/./mmd-notification/pom.xml, /home/jenkins/workspace/MMD-2.1-trunk/./mmd-notification/target]
	at jenkins.util.io.PathRemover.removeOrMakeRemovableThenRemove(PathRemover.java:233)
	at jenkins.util.io.PathRemover.tryRemoveFile(PathRemover.java:191)
	at jenkins.util.io.PathRemover.tryRemoveRecursive(PathRemover.java:201)
	at jenkins.util.io.PathRemover.tryRemoveDirectoryContents(PathRemover.java:210)
	at jenkins.util.io.PathRemover.forceRemoveDirectoryContents(PathRemover.java:81)
	at hudson.Util.deleteContentsRecursive(Util.java:244)
	at hudson.scm.subversion.CheckoutUpdater$SubversionUpdateTask.perform(CheckoutUpdater.java:93)
	at hudson.scm.subversion.WorkspaceUpdater$UpdateTask.delegateTo(WorkspaceUpdater.java:168)
	at hudson.scm.SubversionSCM$CheckOutTask.perform(SubversionSCM.java:1041)
	at hudson.scm.SubversionSCM$CheckOutTask.invoke(SubversionSCM.java:1017)
	at hudson.scm.SubversionSCM$CheckOutTask.invoke(SubversionSCM.java:990)
	at hudson.FilePath$FileCallableWrapper.call(FilePath.java:3086)
	at hudson.remoting.UserRequest.perform(UserRequest.java:212)
	at hudson.remoting.UserRequest.perform(UserRequest.java:54)
	at hudson.remoting.Request$2.run(Request.java:369)
	at hudson.remoting.InterceptingExecutorService$1.call(InterceptingExecutorService.java:72)
	at java.util.concurrent.FutureTask.run(FutureTask.java:266)
	at java.util.concurrent.ThreadPoolExecutor.runWorker(ThreadPoolExecutor.java:1149)
	at java.util.concurrent.ThreadPoolExecutor$Worker.run(ThreadPoolExecutor.java:624)
	at java.lang.Thread.run(Thread.java:748)
java.nio.file.DirectoryNotEmptyException: /home/jenkins/workspace/MMD-2.1-trunk/./mmd-notification
	at sun.nio.fs.UnixFileSystemProvider.implDelete(UnixFileSystemProvider.java:242)
	at sun.nio.fs.AbstractFileSystemProvider.deleteIfExists(AbstractFileSystemProvider.java:108)
	at java.nio.file.Files.deleteIfExists(Files.java:1165)
	at jenkins.util.io.PathRemover.removeOrMakeRemovableThenRemove(PathRemover.java:220)
	at jenkins.util.io.PathRemover.tryRemoveFile(PathRemover.java:191)
	at jenkins.util.io.PathRemover.tryRemoveRecursive(PathRemover.java:201)
	at jenkins.util.io.PathRemover.tryRemoveDirectoryContents(PathRemover.java:210)
	at jenkins.util.io.PathRemover.forceRemoveDirectoryContents(PathRemover.java:81)
	at hudson.Util.deleteContentsRecursive(Util.java:244)
	at hudson.scm.subversion.CheckoutUpdater$SubversionUpdateTask.perform(CheckoutUpdater.java:93)
	at hudson.scm.subversion.WorkspaceUpdater$UpdateTask.delegateTo(WorkspaceUpdater.java:168)
	at hudson.scm.SubversionSCM$CheckOutTask.perform(SubversionSCM.java:1041)
	at hudson.scm.SubversionSCM$CheckOutTask.invoke(SubversionSCM.java:1017)
	at hudson.scm.SubversionSCM$CheckOutTask.invoke(SubversionSCM.java:990)
	at hudson.FilePath$FileCallableWrapper.call(FilePath.java:3086)
	at hudson.remoting.UserRequest.perform(UserRequest.java:212)
	at hudson.remoting.UserRequest.perform(UserRequest.java:54)
	at hudson.remoting.Request$2.run(Request.java:369)
	at hudson.remoting.InterceptingExecutorService$1.call(InterceptingExecutorService.java:72)
	at java.util.concurrent.FutureTask.run(FutureTask.java:266)
	at java.util.concurrent.ThreadPoolExecutor.runWorker(ThreadPoolExecutor.java:1149)
	at java.util.concurrent.ThreadPoolExecutor$Worker.run(ThreadPoolExecutor.java:624)
	at java.lang.Thread.run(Thread.java:748)
java.nio.file.DirectoryNotEmptyException: /home/jenkins/workspace/MMD-2.1-trunk/./mmd-notification
	at sun.nio.fs.UnixFileSystemProvider.implDelete(UnixFileSystemProvider.java:242)
	at sun.nio.fs.AbstractFileSystemProvider.deleteIfExists(AbstractFileSystemProvider.java:108)
	at java.nio.file.Files.deleteIfExists(Files.java:1165)
	at jenkins.util.io.PathRemover.removeOrMakeRemovableThenRemove(PathRemover.java:224)
	at jenkins.util.io.PathRemover.tryRemoveFile(PathRemover.java:191)
	at jenkins.util.io.PathRemover.tryRemoveRecursive(PathRemover.java:201)
	at jenkins.util.io.PathRemover.tryRemoveDirectoryContents(PathRemover.java:210)
	at jenkins.util.io.PathRemover.forceRemoveDirectoryContents(PathRemover.java:81)
	at hudson.Util.deleteContentsRecursive(Util.java:244)
	at hudson.scm.subversion.CheckoutUpdater$SubversionUpdateTask.perform(CheckoutUpdater.java:93)
	at hudson.scm.subversion.WorkspaceUpdater$UpdateTask.delegateTo(WorkspaceUpdater.java:168)
	at hudson.scm.SubversionSCM$CheckOutTask.perform(SubversionSCM.java:1041)
	at hudson.scm.SubversionSCM$CheckOutTask.invoke(SubversionSCM.java:1017)
	at hudson.scm.SubversionSCM$CheckOutTask.invoke(SubversionSCM.java:990)
	at hudson.FilePath$FileCallableWrapper.call(FilePath.java:3086)
	at hudson.remoting.UserRequest.perform(UserRequest.java:212)
	at hudson.remoting.UserRequest.perform(UserRequest.java:54)
	at hudson.remoting.Request$2.run(Request.java:369)
	at hudson.remoting.InterceptingExecutorService$1.call(InterceptingExecutorService.java:72)
	at java.util.concurrent.FutureTask.run(FutureTask.java:266)
	at java.util.concurrent.ThreadPoolExecutor.runWorker(ThreadPoolExecutor.java:1149)
	at java.util.concurrent.ThreadPoolExecutor$Worker.run(ThreadPoolExecutor.java:624)
	at java.lang.Thread.run(Thread.java:748)
jenkins.util.io.CompositeIOException: Unable to remove directory /home/jenkins/workspace/MMD-2.1-trunk/./mmd-gw with directory contents: [/home/jenkins/workspace/MMD-2.1-trunk/./mmd-gw/src, /home/jenkins/workspace/MMD-2.1-trunk/./mmd-gw/pom.xml, /home/jenkins/workspace/MMD-2.1-trunk/./mmd-gw/make-and-deploy.bat, /home/jenkins/workspace/MMD-2.1-trunk/./mmd-gw/target, /home/jenkins/workspace/MMD-2.1-trunk/./mmd-gw/logs]
	at jenkins.util.io.PathRemover.removeOrMakeRemovableThenRemove(PathRemover.java:233)
	at jenkins.util.io.PathRemover.tryRemoveFile(PathRemover.java:191)
	at jenkins.util.io.PathRemover.tryRemoveRecursive(PathRemover.java:201)
	at jenkins.util.io.PathRemover.tryRemoveDirectoryContents(PathRemover.java:210)
	at jenkins.util.io.PathRemover.forceRemoveDirectoryContents(PathRemover.java:81)
	at hudson.Util.deleteContentsRecursive(Util.java:244)
	at hudson.scm.subversion.CheckoutUpdater$SubversionUpdateTask.perform(CheckoutUpdater.java:93)
	at hudson.scm.subversion.WorkspaceUpdater$UpdateTask.delegateTo(WorkspaceUpdater.java:168)
	at hudson.scm.SubversionSCM$CheckOutTask.perform(SubversionSCM.java:1041)
	at hudson.scm.SubversionSCM$CheckOutTask.invoke(SubversionSCM.java:1017)
	at hudson.scm.SubversionSCM$CheckOutTask.invoke(SubversionSCM.java:990)
	at hudson.FilePath$FileCallableWrapper.call(FilePath.java:3086)
	at hudson.remoting.UserRequest.perform(UserRequest.java:212)
	at hudson.remoting.UserRequest.perform(UserRequest.java:54)
	at hudson.remoting.Request$2.run(Request.java:369)
	at hudson.remoting.InterceptingExecutorService$1.call(InterceptingExecutorService.java:72)
	at java.util.concurrent.FutureTask.run(FutureTask.java:266)
	at java.util.concurrent.ThreadPoolExecutor.runWorker(ThreadPoolExecutor.java:1149)
	at java.util.concurrent.ThreadPoolExecutor$Worker.run(ThreadPoolExecutor.java:624)
	at java.lang.Thread.run(Thread.java:748)
java.nio.file.DirectoryNotEmptyException: /home/jenkins/workspace/MMD-2.1-trunk/./mmd-gw
	at sun.nio.fs.UnixFileSystemProvider.implDelete(UnixFileSystemProvider.java:242)
	at sun.nio.fs.AbstractFileSystemProvider.deleteIfExists(AbstractFileSystemProvider.java:108)
	at java.nio.file.Files.deleteIfExists(Files.java:1165)
	at jenkins.util.io.PathRemover.removeOrMakeRemovableThenRemove(PathRemover.java:220)
	at jenkins.util.io.PathRemover.tryRemoveFile(PathRemover.java:191)
	at jenkins.util.io.PathRemover.tryRemoveRecursive(PathRemover.java:201)
	at jenkins.util.io.PathRemover.tryRemoveDirectoryContents(PathRemover.java:210)
	at jenkins.util.io.PathRemover.forceRemoveDirectoryContents(PathRemover.java:81)
	at hudson.Util.deleteContentsRecursive(Util.java:244)
	at hudson.scm.subversion.CheckoutUpdater$SubversionUpdateTask.perform(CheckoutUpdater.java:93)
	at hudson.scm.subversion.WorkspaceUpdater$UpdateTask.delegateTo(WorkspaceUpdater.java:168)
	at hudson.scm.SubversionSCM$CheckOutTask.perform(SubversionSCM.java:1041)
	at hudson.scm.SubversionSCM$CheckOutTask.invoke(SubversionSCM.java:1017)
	at hudson.scm.SubversionSCM$CheckOutTask.invoke(SubversionSCM.java:990)
	at hudson.FilePath$FileCallableWrapper.call(FilePath.java:3086)
	at hudson.remoting.UserRequest.perform(UserRequest.java:212)
	at hudson.remoting.UserRequest.perform(UserRequest.java:54)
	at hudson.remoting.Request$2.run(Request.java:369)
	at hudson.remoting.InterceptingExecutorService$1.call(InterceptingExecutorService.java:72)
	at java.util.concurrent.FutureTask.run(FutureTask.java:266)
	at java.util.concurrent.ThreadPoolExecutor.runWorker(ThreadPoolExecutor.java:1149)
	at java.util.concurrent.ThreadPoolExecutor$Worker.run(ThreadPoolExecutor.java:624)
	at java.lang.Thread.run(Thread.java:748)
java.nio.file.DirectoryNotEmptyException: /home/jenkins/workspace/MMD-2.1-trunk/./mmd-gw
	at sun.nio.fs.UnixFileSystemProvider.implDelete(UnixFileSystemProvider.java:242)
	at sun.nio.fs.AbstractFileSystemProvider.deleteIfExists(AbstractFileSystemProvider.java:108)
	at java.nio.file.Files.deleteIfExists(Files.java:1165)
	at jenkins.util.io.PathRemover.removeOrMakeRemovableThenRemove(PathRemover.java:224)
	at jenkins.util.io.PathRemover.tryRemoveFile(PathRemover.java:191)
	at jenkins.util.io.PathRemover.tryRemoveRecursive(PathRemover.java:201)
	at jenkins.util.io.PathRemover.tryRemoveDirectoryContents(PathRemover.java:210)
	at jenkins.util.io.PathRemover.forceRemoveDirectoryContents(PathRemover.java:81)
	at hudson.Util.deleteContentsRecursive(Util.java:244)
	at hudson.scm.subversion.CheckoutUpdater$SubversionUpdateTask.perform(CheckoutUpdater.java:93)
	at hudson.scm.subversion.WorkspaceUpdater$UpdateTask.delegateTo(WorkspaceUpdater.java:168)
	at hudson.scm.SubversionSCM$CheckOutTask.perform(SubversionSCM.java:1041)
	at hudson.scm.SubversionSCM$CheckOutTask.invoke(SubversionSCM.java:1017)
	at hudson.scm.SubversionSCM$CheckOutTask.invoke(SubversionSCM.java:990)
	at hudson.FilePath$FileCallableWrapper.call(FilePath.java:3086)
	at hudson.remoting.UserRequest.perform(UserRequest.java:212)
	at hudson.remoting.UserRequest.perform(UserRequest.java:54)
	at hudson.remoting.Request$2.run(Request.java:369)
	at hudson.remoting.InterceptingExecutorService$1.call(InterceptingExecutorService.java:72)
	at java.util.concurrent.FutureTask.run(FutureTask.java:266)
	at java.util.concurrent.ThreadPoolExecutor.runWorker(ThreadPoolExecutor.java:1149)
	at java.util.concurrent.ThreadPoolExecutor$Worker.run(ThreadPoolExecutor.java:624)
	at java.lang.Thread.run(Thread.java:748)
jenkins.util.io.CompositeIOException: Unable to remove directory /home/jenkins/workspace/MMD-2.1-trunk/./install with directory contents: [/home/jenkins/workspace/MMD-2.1-trunk/./install/install.sh, /home/jenkins/workspace/MMD-2.1-trunk/./install/kid, /home/jenkins/workspace/MMD-2.1-trunk/./install/update.sh, /home/jenkins/workspace/MMD-2.1-trunk/./install/get-mmd-from-jenkins.sh, /home/jenkins/workspace/MMD-2.1-trunk/./install/get_all.sh, /home/jenkins/workspace/MMD-2.1-trunk/./install/get_all.bat, /home/jenkins/workspace/MMD-2.1-trunk/./install/export.bat, /home/jenkins/workspace/MMD-2.1-trunk/./install/get_one.bat, /home/jenkins/workspace/MMD-2.1-trunk/./install/deploy-mmd.sh, /home/jenkins/workspace/MMD-2.1-trunk/./install/get_lean.bat]
	at jenkins.util.io.PathRemover.removeOrMakeRemovableThenRemove(PathRemover.java:233)
	at jenkins.util.io.PathRemover.tryRemoveFile(PathRemover.java:191)
	at jenkins.util.io.PathRemover.tryRemoveRecursive(PathRemover.java:201)
	at jenkins.util.io.PathRemover.tryRemoveDirectoryContents(PathRemover.java:210)
	at jenkins.util.io.PathRemover.forceRemoveDirectoryContents(PathRemover.java:81)
	at hudson.Util.deleteContentsRecursive(Util.java:244)
	at hudson.scm.subversion.CheckoutUpdater$SubversionUpdateTask.perform(CheckoutUpdater.java:93)
	at hudson.scm.subversion.WorkspaceUpdater$UpdateTask.delegateTo(WorkspaceUpdater.java:168)
	at hudson.scm.SubversionSCM$CheckOutTask.perform(SubversionSCM.java:1041)
	at hudson.scm.SubversionSCM$CheckOutTask.invoke(SubversionSCM.java:1017)
	at hudson.scm.SubversionSCM$CheckOutTask.invoke(SubversionSCM.java:990)
	at hudson.FilePath$FileCallableWrapper.call(FilePath.java:3086)
	at hudson.remoting.UserRequest.perform(UserRequest.java:212)
	at hudson.remoting.UserRequest.perform(UserRequest.java:54)
	at hudson.remoting.Request$2.run(Request.java:369)
	at hudson.remoting.InterceptingExecutorService$1.call(InterceptingExecutorService.java:72)
	at java.util.concurrent.FutureTask.run(FutureTask.java:266)
	at java.util.concurrent.ThreadPoolExecutor.runWorker(ThreadPoolExecutor.java:1149)
	at java.util.concurrent.ThreadPoolExecutor$Worker.run(ThreadPoolExecutor.java:624)
	at java.lang.Thread.run(Thread.java:748)
java.nio.file.DirectoryNotEmptyException: /home/jenkins/workspace/MMD-2.1-trunk/./install
	at sun.nio.fs.UnixFileSystemProvider.implDelete(UnixFileSystemProvider.java:242)
	at sun.nio.fs.AbstractFileSystemProvider.deleteIfExists(AbstractFileSystemProvider.java:108)
	at java.nio.file.Files.deleteIfExists(Files.java:1165)
	at jenkins.util.io.PathRemover.removeOrMakeRemovableThenRemove(PathRemover.java:220)
	at jenkins.util.io.PathRemover.tryRemoveFile(PathRemover.java:191)
	at jenkins.util.io.PathRemover.tryRemoveRecursive(PathRemover.java:201)
	at jenkins.util.io.PathRemover.tryRemoveDirectoryContents(PathRemover.java:210)
	at jenkins.util.io.PathRemover.forceRemoveDirectoryContents(PathRemover.java:81)
	at hudson.Util.deleteContentsRecursive(Util.java:244)
	at hudson.scm.subversion.CheckoutUpdater$SubversionUpdateTask.perform(CheckoutUpdater.java:93)
	at hudson.scm.subversion.WorkspaceUpdater$UpdateTask.delegateTo(WorkspaceUpdater.java:168)
	at hudson.scm.SubversionSCM$CheckOutTask.perform(SubversionSCM.java:1041)
	at hudson.scm.SubversionSCM$CheckOutTask.invoke(SubversionSCM.java:1017)
	at hudson.scm.SubversionSCM$CheckOutTask.invoke(SubversionSCM.java:990)
	at hudson.FilePath$FileCallableWrapper.call(FilePath.java:3086)
	at hudson.remoting.UserRequest.perform(UserRequest.java:212)
	at hudson.remoting.UserRequest.perform(UserRequest.java:54)
	at hudson.remoting.Request$2.run(Request.java:369)
	at hudson.remoting.InterceptingExecutorService$1.call(InterceptingExecutorService.java:72)
	at java.util.concurrent.FutureTask.run(FutureTask.java:266)
	at java.util.concurrent.ThreadPoolExecutor.runWorker(ThreadPoolExecutor.java:1149)
	at java.util.concurrent.ThreadPoolExecutor$Worker.run(ThreadPoolExecutor.java:624)
	at java.lang.Thread.run(Thread.java:748)
java.nio.file.DirectoryNotEmptyException: /home/jenkins/workspace/MMD-2.1-trunk/./install
	at sun.nio.fs.UnixFileSystemProvider.implDelete(UnixFileSystemProvider.java:242)
	at sun.nio.fs.AbstractFileSystemProvider.deleteIfExists(AbstractFileSystemProvider.java:108)
	at java.nio.file.Files.deleteIfExists(Files.java:1165)
	at jenkins.util.io.PathRemover.removeOrMakeRemovableThenRemove(PathRemover.java:224)
	at jenkins.util.io.PathRemover.tryRemoveFile(PathRemover.java:191)
	at jenkins.util.io.PathRemover.tryRemoveRecursive(PathRemover.java:201)
	at jenkins.util.io.PathRemover.tryRemoveDirectoryContents(PathRemover.java:210)
	at jenkins.util.io.PathRemover.forceRemoveDirectoryContents(PathRemover.java:81)
	at hudson.Util.deleteContentsRecursive(Util.java:244)
	at hudson.scm.subversion.CheckoutUpdater$SubversionUpdateTask.perform(CheckoutUpdater.java:93)
	at hudson.scm.subversion.WorkspaceUpdater$UpdateTask.delegateTo(WorkspaceUpdater.java:168)
	at hudson.scm.SubversionSCM$CheckOutTask.perform(SubversionSCM.java:1041)
	at hudson.scm.SubversionSCM$CheckOutTask.invoke(SubversionSCM.java:1017)
	at hudson.scm.SubversionSCM$CheckOutTask.invoke(SubversionSCM.java:990)
	at hudson.FilePath$FileCallableWrapper.call(FilePath.java:3086)
	at hudson.remoting.UserRequest.perform(UserRequest.java:212)
	at hudson.remoting.UserRequest.perform(UserRequest.java:54)
	at hudson.remoting.Request$2.run(Request.java:369)
	at hudson.remoting.InterceptingExecutorService$1.call(InterceptingExecutorService.java:72)
	at java.util.concurrent.FutureTask.run(FutureTask.java:266)
	at java.util.concurrent.ThreadPoolExecutor.runWorker(ThreadPoolExecutor.java:1149)
	at java.util.concurrent.ThreadPoolExecutor$Worker.run(ThreadPoolExecutor.java:624)
	at java.lang.Thread.run(Thread.java:748)
jenkins.util.io.CompositeIOException: Unable to remove directory /home/jenkins/workspace/MMD-2.1-trunk/./mmd-perftest with directory contents: [/home/jenkins/workspace/MMD-2.1-trunk/./mmd-perftest/src, /home/jenkins/workspace/MMD-2.1-trunk/./mmd-perftest/pom.xml, /home/jenkins/workspace/MMD-2.1-trunk/./mmd-perftest/target]
	at jenkins.util.io.PathRemover.removeOrMakeRemovableThenRemove(PathRemover.java:233)
	at jenkins.util.io.PathRemover.tryRemoveFile(PathRemover.java:191)
	at jenkins.util.io.PathRemover.tryRemoveRecursive(PathRemover.java:201)
	at jenkins.util.io.PathRemover.tryRemoveDirectoryContents(PathRemover.java:210)
	at jenkins.util.io.PathRemover.forceRemoveDirectoryContents(PathRemover.java:81)
	at hudson.Util.deleteContentsRecursive(Util.java:244)
	at hudson.scm.subversion.CheckoutUpdater$SubversionUpdateTask.perform(CheckoutUpdater.java:93)
	at hudson.scm.subversion.WorkspaceUpdater$UpdateTask.delegateTo(WorkspaceUpdater.java:168)
	at hudson.scm.SubversionSCM$CheckOutTask.perform(SubversionSCM.java:1041)
	at hudson.scm.SubversionSCM$CheckOutTask.invoke(SubversionSCM.java:1017)
	at hudson.scm.SubversionSCM$CheckOutTask.invoke(SubversionSCM.java:990)
	at hudson.FilePath$FileCallableWrapper.call(FilePath.java:3086)
	at hudson.remoting.UserRequest.perform(UserRequest.java:212)
	at hudson.remoting.UserRequest.perform(UserRequest.java:54)
	at hudson.remoting.Request$2.run(Request.java:369)
	at hudson.remoting.InterceptingExecutorService$1.call(InterceptingExecutorService.java:72)
	at java.util.concurrent.FutureTask.run(FutureTask.java:266)
	at java.util.concurrent.ThreadPoolExecutor.runWorker(ThreadPoolExecutor.java:1149)
	at java.util.concurrent.ThreadPoolExecutor$Worker.run(ThreadPoolExecutor.java:624)
	at java.lang.Thread.run(Thread.java:748)
java.nio.file.DirectoryNotEmptyException: /home/jenkins/workspace/MMD-2.1-trunk/./mmd-perftest
	at sun.nio.fs.UnixFileSystemProvider.implDelete(UnixFileSystemProvider.java:242)
	at sun.nio.fs.AbstractFileSystemProvider.deleteIfExists(AbstractFileSystemProvider.java:108)
	at java.nio.file.Files.deleteIfExists(Files.java:1165)
	at jenkins.util.io.PathRemover.removeOrMakeRemovableThenRemove(PathRemover.java:220)
	at jenkins.util.io.PathRemover.tryRemoveFile(PathRemover.java:191)
	at jenkins.util.io.PathRemover.tryRemoveRecursive(PathRemover.java:201)
	at jenkins.util.io.PathRemover.tryRemoveDirectoryContents(PathRemover.java:210)
	at jenkins.util.io.PathRemover.forceRemoveDirectoryContents(PathRemover.java:81)
	at hudson.Util.deleteContentsRecursive(Util.java:244)
	at hudson.scm.subversion.CheckoutUpdater$SubversionUpdateTask.perform(CheckoutUpdater.java:93)
	at hudson.scm.subversion.WorkspaceUpdater$UpdateTask.delegateTo(WorkspaceUpdater.java:168)
	at hudson.scm.SubversionSCM$CheckOutTask.perform(SubversionSCM.java:1041)
	at hudson.scm.SubversionSCM$CheckOutTask.invoke(SubversionSCM.java:1017)
	at hudson.scm.SubversionSCM$CheckOutTask.invoke(SubversionSCM.java:990)
	at hudson.FilePath$FileCallableWrapper.call(FilePath.java:3086)
	at hudson.remoting.UserRequest.perform(UserRequest.java:212)
	at hudson.remoting.UserRequest.perform(UserRequest.java:54)
	at hudson.remoting.Request$2.run(Request.java:369)
	at hudson.remoting.InterceptingExecutorService$1.call(InterceptingExecutorService.java:72)
	at java.util.concurrent.FutureTask.run(FutureTask.java:266)
	at java.util.concurrent.ThreadPoolExecutor.runWorker(ThreadPoolExecutor.java:1149)
	at java.util.concurrent.ThreadPoolExecutor$Worker.run(ThreadPoolExecutor.java:624)
	at java.lang.Thread.run(Thread.java:748)
java.nio.file.DirectoryNotEmptyException: /home/jenkins/workspace/MMD-2.1-trunk/./mmd-perftest
	at sun.nio.fs.UnixFileSystemProvider.implDelete(UnixFileSystemProvider.java:242)
	at sun.nio.fs.AbstractFileSystemProvider.deleteIfExists(AbstractFileSystemProvider.java:108)
	at java.nio.file.Files.deleteIfExists(Files.java:1165)
	at jenkins.util.io.PathRemover.removeOrMakeRemovableThenRemove(PathRemover.java:224)
	at jenkins.util.io.PathRemover.tryRemoveFile(PathRemover.java:191)
	at jenkins.util.io.PathRemover.tryRemoveRecursive(PathRemover.java:201)
	at jenkins.util.io.PathRemover.tryRemoveDirectoryContents(PathRemover.java:210)
	at jenkins.util.io.PathRemover.forceRemoveDirectoryContents(PathRemover.java:81)
	at hudson.Util.deleteContentsRecursive(Util.java:244)
	at hudson.scm.subversion.CheckoutUpdater$SubversionUpdateTask.perform(CheckoutUpdater.java:93)
	at hudson.scm.subversion.WorkspaceUpdater$UpdateTask.delegateTo(WorkspaceUpdater.java:168)
	at hudson.scm.SubversionSCM$CheckOutTask.perform(SubversionSCM.java:1041)
	at hudson.scm.SubversionSCM$CheckOutTask.invoke(SubversionSCM.java:1017)
	at hudson.scm.SubversionSCM$CheckOutTask.invoke(SubversionSCM.java:990)
	at hudson.FilePath$FileCallableWrapper.call(FilePath.java:3086)
	at hudson.remoting.UserRequest.perform(UserRequest.java:212)
	at hudson.remoting.UserRequest.perform(UserRequest.java:54)
	at hudson.remoting.Request$2.run(Request.java:369)
	at hudson.remoting.InterceptingExecutorService$1.call(InterceptingExecutorService.java:72)
	at java.util.concurrent.FutureTask.run(FutureTask.java:266)
	at java.util.concurrent.ThreadPoolExecutor.runWorker(ThreadPoolExecutor.java:1149)
	at java.util.concurrent.ThreadPoolExecutor$Worker.run(ThreadPoolExecutor.java:624)
	at java.lang.Thread.run(Thread.java:748)
jenkins.util.io.CompositeIOException: Unable to remove directory /home/jenkins/workspace/MMD-2.1-trunk/./build with directory contents: [/home/jenkins/workspace/MMD-2.1-trunk/./build/build_all_sitedocs.bat, /home/jenkins/workspace/MMD-2.1-trunk/./build/build_all.bat, /home/jenkins/workspace/MMD-2.1-trunk/./build/build_all_exported.bat, /home/jenkins/workspace/MMD-2.1-trunk/./build/build_all_javadoc.bat, /home/jenkins/workspace/MMD-2.1-trunk/./build/deploy_all_javadoc.bat, /home/jenkins/workspace/MMD-2.1-trunk/./build/build_all_with_tester.bat, /home/jenkins/workspace/MMD-2.1-trunk/./build/build_one.bat, /home/jenkins/workspace/MMD-2.1-trunk/./build/build_all_exported.sh, /home/jenkins/workspace/MMD-2.1-trunk/./build/build_basics.bat, /home/jenkins/workspace/MMD-2.1-trunk/./build/deploy_one_javadoc.bat, /home/jenkins/workspace/MMD-2.1-trunk/./build/build_all.sh]
	at jenkins.util.io.PathRemover.removeOrMakeRemovableThenRemove(PathRemover.java:233)
	at jenkins.util.io.PathRemover.tryRemoveFile(PathRemover.java:191)
	at jenkins.util.io.PathRemover.tryRemoveRecursive(PathRemover.java:201)
	at jenkins.util.io.PathRemover.tryRemoveDirectoryContents(PathRemover.java:210)
	at jenkins.util.io.PathRemover.forceRemoveDirectoryContents(PathRemover.java:81)
	at hudson.Util.deleteContentsRecursive(Util.java:244)
	at hudson.scm.subversion.CheckoutUpdater$SubversionUpdateTask.perform(CheckoutUpdater.java:93)
	at hudson.scm.subversion.WorkspaceUpdater$UpdateTask.delegateTo(WorkspaceUpdater.java:168)
	at hudson.scm.SubversionSCM$CheckOutTask.perform(SubversionSCM.java:1041)
	at hudson.scm.SubversionSCM$CheckOutTask.invoke(SubversionSCM.java:1017)
	at hudson.scm.SubversionSCM$CheckOutTask.invoke(SubversionSCM.java:990)
	at hudson.FilePath$FileCallableWrapper.call(FilePath.java:3086)
	at hudson.remoting.UserRequest.perform(UserRequest.java:212)
	at hudson.remoting.UserRequest.perform(UserRequest.java:54)
	at hudson.remoting.Request$2.run(Request.java:369)
	at hudson.remoting.InterceptingExecutorService$1.call(InterceptingExecutorService.java:72)
	at java.util.concurrent.FutureTask.run(FutureTask.java:266)
	at java.util.concurrent.ThreadPoolExecutor.runWorker(ThreadPoolExecutor.java:1149)
	at java.util.concurrent.ThreadPoolExecutor$Worker.run(ThreadPoolExecutor.java:624)
	at java.lang.Thread.run(Thread.java:748)
java.nio.file.DirectoryNotEmptyException: /home/jenkins/workspace/MMD-2.1-trunk/./build
	at sun.nio.fs.UnixFileSystemProvider.implDelete(UnixFileSystemProvider.java:242)
	at sun.nio.fs.AbstractFileSystemProvider.deleteIfExists(AbstractFileSystemProvider.java:108)
	at java.nio.file.Files.deleteIfExists(Files.java:1165)
	at jenkins.util.io.PathRemover.removeOrMakeRemovableThenRemove(PathRemover.java:220)
	at jenkins.util.io.PathRemover.tryRemoveFile(PathRemover.java:191)
	at jenkins.util.io.PathRemover.tryRemoveRecursive(PathRemover.java:201)
	at jenkins.util.io.PathRemover.tryRemoveDirectoryContents(PathRemover.java:210)
	at jenkins.util.io.PathRemover.forceRemoveDirectoryContents(PathRemover.java:81)
	at hudson.Util.deleteContentsRecursive(Util.java:244)
	at hudson.scm.subversion.CheckoutUpdater$SubversionUpdateTask.perform(CheckoutUpdater.java:93)
	at hudson.scm.subversion.WorkspaceUpdater$UpdateTask.delegateTo(WorkspaceUpdater.java:168)
	at hudson.scm.SubversionSCM$CheckOutTask.perform(SubversionSCM.java:1041)
	at hudson.scm.SubversionSCM$CheckOutTask.invoke(SubversionSCM.java:1017)
	at hudson.scm.SubversionSCM$CheckOutTask.invoke(SubversionSCM.java:990)
	at hudson.FilePath$FileCallableWrapper.call(FilePath.java:3086)
	at hudson.remoting.UserRequest.perform(UserRequest.java:212)
	at hudson.remoting.UserRequest.perform(UserRequest.java:54)
	at hudson.remoting.Request$2.run(Request.java:369)
	at hudson.remoting.InterceptingExecutorService$1.call(InterceptingExecutorService.java:72)
	at java.util.concurrent.FutureTask.run(FutureTask.java:266)
	at java.util.concurrent.ThreadPoolExecutor.runWorker(ThreadPoolExecutor.java:1149)
	at java.util.concurrent.ThreadPoolExecutor$Worker.run(ThreadPoolExecutor.java:624)
	at java.lang.Thread.run(Thread.java:748)
java.nio.file.DirectoryNotEmptyException: /home/jenkins/workspace/MMD-2.1-trunk/./build
	at sun.nio.fs.UnixFileSystemProvider.implDelete(UnixFileSystemProvider.java:242)
	at sun.nio.fs.AbstractFileSystemProvider.deleteIfExists(AbstractFileSystemProvider.java:108)
	at java.nio.file.Files.deleteIfExists(Files.java:1165)
	at jenkins.util.io.PathRemover.removeOrMakeRemovableThenRemove(PathRemover.java:224)
	at jenkins.util.io.PathRemover.tryRemoveFile(PathRemover.java:191)
	at jenkins.util.io.PathRemover.tryRemoveRecursive(PathRemover.java:201)
	at jenkins.util.io.PathRemover.tryRemoveDirectoryContents(PathRemover.java:210)
	at jenkins.util.io.PathRemover.forceRemoveDirectoryContents(PathRemover.java:81)
	at hudson.Util.deleteContentsRecursive(Util.java:244)
	at hudson.scm.subversion.CheckoutUpdater$SubversionUpdateTask.perform(CheckoutUpdater.java:93)
	at hudson.scm.subversion.WorkspaceUpdater$UpdateTask.delegateTo(WorkspaceUpdater.java:168)
	at hudson.scm.SubversionSCM$CheckOutTask.perform(SubversionSCM.java:1041)
	at hudson.scm.SubversionSCM$CheckOutTask.invoke(SubversionSCM.java:1017)
	at hudson.scm.SubversionSCM$CheckOutTask.invoke(SubversionSCM.java:990)
	at hudson.FilePath$FileCallableWrapper.call(FilePath.java:3086)
	at hudson.remoting.UserRequest.perform(UserRequest.java:212)
	at hudson.remoting.UserRequest.perform(UserRequest.java:54)
	at hudson.remoting.Request$2.run(Request.java:369)
	at hudson.remoting.InterceptingExecutorService$1.call(InterceptingExecutorService.java:72)
	at java.util.concurrent.FutureTask.run(FutureTask.java:266)
	at java.util.concurrent.ThreadPoolExecutor.runWorker(ThreadPoolExecutor.java:1149)
	at java.util.concurrent.ThreadPoolExecutor$Worker.run(ThreadPoolExecutor.java:624)
	at java.lang.Thread.run(Thread.java:748)
jenkins.util.io.CompositeIOException: Unable to remove directory /home/jenkins/workspace/MMD-2.1-trunk/./mmd-parent with directory contents: [/home/jenkins/workspace/MMD-2.1-trunk/./mmd-parent/config, /home/jenkins/workspace/MMD-2.1-trunk/./mmd-parent/display-dependency-updates.bat, /home/jenkins/workspace/MMD-2.1-trunk/./mmd-parent/pom.xml, /home/jenkins/workspace/MMD-2.1-trunk/./mmd-parent/.project, /home/jenkins/workspace/MMD-2.1-trunk/./mmd-parent/mib]
	at jenkins.util.io.PathRemover.removeOrMakeRemovableThenRemove(PathRemover.java:233)
	at jenkins.util.io.PathRemover.tryRemoveFile(PathRemover.java:191)
	at jenkins.util.io.PathRemover.tryRemoveRecursive(PathRemover.java:201)
	at jenkins.util.io.PathRemover.tryRemoveDirectoryContents(PathRemover.java:210)
	at jenkins.util.io.PathRemover.forceRemoveDirectoryContents(PathRemover.java:81)
	at hudson.Util.deleteContentsRecursive(Util.java:244)
	at hudson.scm.subversion.CheckoutUpdater$SubversionUpdateTask.perform(CheckoutUpdater.java:93)
	at hudson.scm.subversion.WorkspaceUpdater$UpdateTask.delegateTo(WorkspaceUpdater.java:168)
	at hudson.scm.SubversionSCM$CheckOutTask.perform(SubversionSCM.java:1041)
	at hudson.scm.SubversionSCM$CheckOutTask.invoke(SubversionSCM.java:1017)
	at hudson.scm.SubversionSCM$CheckOutTask.invoke(SubversionSCM.java:990)
	at hudson.FilePath$FileCallableWrapper.call(FilePath.java:3086)
	at hudson.remoting.UserRequest.perform(UserRequest.java:212)
	at hudson.remoting.UserRequest.perform(UserRequest.java:54)
	at hudson.remoting.Request$2.run(Request.java:369)
	at hudson.remoting.InterceptingExecutorService$1.call(InterceptingExecutorService.java:72)
	at java.util.concurrent.FutureTask.run(FutureTask.java:266)
	at java.util.concurrent.ThreadPoolExecutor.runWorker(ThreadPoolExecutor.java:1149)
	at java.util.concurrent.ThreadPoolExecutor$Worker.run(ThreadPoolExecutor.java:624)
	at java.lang.Thread.run(Thread.java:748)
java.nio.file.DirectoryNotEmptyException: /home/jenkins/workspace/MMD-2.1-trunk/./mmd-parent
	at sun.nio.fs.UnixFileSystemProvider.implDelete(UnixFileSystemProvider.java:242)
	at sun.nio.fs.AbstractFileSystemProvider.deleteIfExists(AbstractFileSystemProvider.java:108)
	at java.nio.file.Files.deleteIfExists(Files.java:1165)
	at jenkins.util.io.PathRemover.removeOrMakeRemovableThenRemove(PathRemover.java:220)
	at jenkins.util.io.PathRemover.tryRemoveFile(PathRemover.java:191)
	at jenkins.util.io.PathRemover.tryRemoveRecursive(PathRemover.java:201)
	at jenkins.util.io.PathRemover.tryRemoveDirectoryContents(PathRemover.java:210)
	at jenkins.util.io.PathRemover.forceRemoveDirectoryContents(PathRemover.java:81)
	at hudson.Util.deleteContentsRecursive(Util.java:244)
	at hudson.scm.subversion.CheckoutUpdater$SubversionUpdateTask.perform(CheckoutUpdater.java:93)
	at hudson.scm.subversion.WorkspaceUpdater$UpdateTask.delegateTo(WorkspaceUpdater.java:168)
	at hudson.scm.SubversionSCM$CheckOutTask.perform(SubversionSCM.java:1041)
	at hudson.scm.SubversionSCM$CheckOutTask.invoke(SubversionSCM.java:1017)
	at hudson.scm.SubversionSCM$CheckOutTask.invoke(SubversionSCM.java:990)
	at hudson.FilePath$FileCallableWrapper.call(FilePath.java:3086)
	at hudson.remoting.UserRequest.perform(UserRequest.java:212)
	at hudson.remoting.UserRequest.perform(UserRequest.java:54)
	at hudson.remoting.Request$2.run(Request.java:369)
	at hudson.remoting.InterceptingExecutorService$1.call(InterceptingExecutorService.java:72)
	at java.util.concurrent.FutureTask.run(FutureTask.java:266)
	at java.util.concurrent.ThreadPoolExecutor.runWorker(ThreadPoolExecutor.java:1149)
	at java.util.concurrent.ThreadPoolExecutor$Worker.run(ThreadPoolExecutor.java:624)
	at java.lang.Thread.run(Thread.java:748)
java.nio.file.DirectoryNotEmptyException: /home/jenkins/workspace/MMD-2.1-trunk/./mmd-parent
	at sun.nio.fs.UnixFileSystemProvider.implDelete(UnixFileSystemProvider.java:242)
	at sun.nio.fs.AbstractFileSystemProvider.deleteIfExists(AbstractFileSystemProvider.java:108)
	at java.nio.file.Files.deleteIfExists(Files.java:1165)
	at jenkins.util.io.PathRemover.removeOrMakeRemovableThenRemove(PathRemover.java:224)
	at jenkins.util.io.PathRemover.tryRemoveFile(PathRemover.java:191)
	at jenkins.util.io.PathRemover.tryRemoveRecursive(PathRemover.java:201)
	at jenkins.util.io.PathRemover.tryRemoveDirectoryContents(PathRemover.java:210)
	at jenkins.util.io.PathRemover.forceRemoveDirectoryContents(PathRemover.java:81)
	at hudson.Util.deleteContentsRecursive(Util.java:244)
	at hudson.scm.subversion.CheckoutUpdater$SubversionUpdateTask.perform(CheckoutUpdater.java:93)
	at hudson.scm.subversion.WorkspaceUpdater$UpdateTask.delegateTo(WorkspaceUpdater.java:168)
	at hudson.scm.SubversionSCM$CheckOutTask.perform(SubversionSCM.java:1041)
	at hudson.scm.SubversionSCM$CheckOutTask.invoke(SubversionSCM.java:1017)
	at hudson.scm.SubversionSCM$CheckOutTask.invoke(SubversionSCM.java:990)
	at hudson.FilePath$FileCallableWrapper.call(FilePath.java:3086)
	at hudson.remoting.UserRequest.perform(UserRequest.java:212)
	at hudson.remoting.UserRequest.perform(UserRequest.java:54)
	at hudson.remoting.Request$2.run(Request.java:369)
	at hudson.remoting.InterceptingExecutorService$1.call(InterceptingExecutorService.java:72)
	at java.util.concurrent.FutureTask.run(FutureTask.java:266)
	at java.util.concurrent.ThreadPoolExecutor.runWorker(ThreadPoolExecutor.java:1149)
	at java.util.concurrent.ThreadPoolExecutor$Worker.run(ThreadPoolExecutor.java:624)
	at java.lang.Thread.run(Thread.java:748)
jenkins.util.io.CompositeIOException: Unable to remove directory /home/jenkins/workspace/MMD-2.1-trunk/./mmd-build with directory contents: [/home/jenkins/workspace/MMD-2.1-trunk/./mmd-build/pom.xml]
	at jenkins.util.io.PathRemover.removeOrMakeRemovableThenRemove(PathRemover.java:233)
	at jenkins.util.io.PathRemover.tryRemoveFile(PathRemover.java:191)
	at jenkins.util.io.PathRemover.tryRemoveRecursive(PathRemover.java:201)
	at jenkins.util.io.PathRemover.tryRemoveDirectoryContents(PathRemover.java:210)
	at jenkins.util.io.PathRemover.forceRemoveDirectoryContents(PathRemover.java:81)
	at hudson.Util.deleteContentsRecursive(Util.java:244)
	at hudson.scm.subversion.CheckoutUpdater$SubversionUpdateTask.perform(CheckoutUpdater.java:93)
	at hudson.scm.subversion.WorkspaceUpdater$UpdateTask.delegateTo(WorkspaceUpdater.java:168)
	at hudson.scm.SubversionSCM$CheckOutTask.perform(SubversionSCM.java:1041)
	at hudson.scm.SubversionSCM$CheckOutTask.invoke(SubversionSCM.java:1017)
	at hudson.scm.SubversionSCM$CheckOutTask.invoke(SubversionSCM.java:990)
	at hudson.FilePath$FileCallableWrapper.call(FilePath.java:3086)
	at hudson.remoting.UserRequest.perform(UserRequest.java:212)
	at hudson.remoting.UserRequest.perform(UserRequest.java:54)
	at hudson.remoting.Request$2.run(Request.java:369)
	at hudson.remoting.InterceptingExecutorService$1.call(InterceptingExecutorService.java:72)
	at java.util.concurrent.FutureTask.run(FutureTask.java:266)
	at java.util.concurrent.ThreadPoolExecutor.runWorker(ThreadPoolExecutor.java:1149)
	at java.util.concurrent.ThreadPoolExecutor$Worker.run(ThreadPoolExecutor.java:624)
	at java.lang.Thread.run(Thread.java:748)
java.nio.file.DirectoryNotEmptyException: /home/jenkins/workspace/MMD-2.1-trunk/./mmd-build
	at sun.nio.fs.UnixFileSystemProvider.implDelete(UnixFileSystemProvider.java:242)
	at sun.nio.fs.AbstractFileSystemProvider.deleteIfExists(AbstractFileSystemProvider.java:108)
	at java.nio.file.Files.deleteIfExists(Files.java:1165)
	at jenkins.util.io.PathRemover.removeOrMakeRemovableThenRemove(PathRemover.java:220)
	at jenkins.util.io.PathRemover.tryRemoveFile(PathRemover.java:191)
	at jenkins.util.io.PathRemover.tryRemoveRecursive(PathRemover.java:201)
	at jenkins.util.io.PathRemover.tryRemoveDirectoryContents(PathRemover.java:210)
	at jenkins.util.io.PathRemover.forceRemoveDirectoryContents(PathRemover.java:81)
	at hudson.Util.deleteContentsRecursive(Util.java:244)
	at hudson.scm.subversion.CheckoutUpdater$SubversionUpdateTask.perform(CheckoutUpdater.java:93)
	at hudson.scm.subversion.WorkspaceUpdater$UpdateTask.delegateTo(WorkspaceUpdater.java:168)
	at hudson.scm.SubversionSCM$CheckOutTask.perform(SubversionSCM.java:1041)
	at hudson.scm.SubversionSCM$CheckOutTask.invoke(SubversionSCM.java:1017)
	at hudson.scm.SubversionSCM$CheckOutTask.invoke(SubversionSCM.java:990)
	at hudson.FilePath$FileCallableWrapper.call(FilePath.java:3086)
	at hudson.remoting.UserRequest.perform(UserRequest.java:212)
	at hudson.remoting.UserRequest.perform(UserRequest.java:54)
	at hudson.remoting.Request$2.run(Request.java:369)
	at hudson.remoting.InterceptingExecutorService$1.call(InterceptingExecutorService.java:72)
	at java.util.concurrent.FutureTask.run(FutureTask.java:266)
	at java.util.concurrent.ThreadPoolExecutor.runWorker(ThreadPoolExecutor.java:1149)
	at java.util.concurrent.ThreadPoolExecutor$Worker.run(ThreadPoolExecutor.java:624)
	at java.lang.Thread.run(Thread.java:748)
java.nio.file.DirectoryNotEmptyException: /home/jenkins/workspace/MMD-2.1-trunk/./mmd-build
	at sun.nio.fs.UnixFileSystemProvider.implDelete(UnixFileSystemProvider.java:242)
	at sun.nio.fs.AbstractFileSystemProvider.deleteIfExists(AbstractFileSystemProvider.java:108)
	at java.nio.file.Files.deleteIfExists(Files.java:1165)
	at jenkins.util.io.PathRemover.removeOrMakeRemovableThenRemove(PathRemover.java:224)
	at jenkins.util.io.PathRemover.tryRemoveFile(PathRemover.java:191)
	at jenkins.util.io.PathRemover.tryRemoveRecursive(PathRemover.java:201)
	at jenkins.util.io.PathRemover.tryRemoveDirectoryContents(PathRemover.java:210)
	at jenkins.util.io.PathRemover.forceRemoveDirectoryContents(PathRemover.java:81)
	at hudson.Util.deleteContentsRecursive(Util.java:244)
	at hudson.scm.subversion.CheckoutUpdater$SubversionUpdateTask.perform(CheckoutUpdater.java:93)
	at hudson.scm.subversion.WorkspaceUpdater$UpdateTask.delegateTo(WorkspaceUpdater.java:168)
	at hudson.scm.SubversionSCM$CheckOutTask.perform(SubversionSCM.java:1041)
	at hudson.scm.SubversionSCM$CheckOutTask.invoke(SubversionSCM.java:1017)
	at hudson.scm.SubversionSCM$CheckOutTask.invoke(SubversionSCM.java:990)
	at hudson.FilePath$FileCallableWrapper.call(FilePath.java:3086)
	at hudson.remoting.UserRequest.perform(UserRequest.java:212)
	at hudson.remoting.UserRequest.perform(UserRequest.java:54)
	at hudson.remoting.Request$2.run(Request.java:369)
	at hudson.remoting.InterceptingExecutorService$1.call(InterceptingExecutorService.java:72)
	at java.util.concurrent.FutureTask.run(FutureTask.java:266)
	at java.util.concurrent.ThreadPoolExecutor.runWorker(ThreadPoolExecutor.java:1149)
	at java.util.concurrent.ThreadPoolExecutor$Worker.run(ThreadPoolExecutor.java:624)
	at java.lang.Thread.run(Thread.java:748)
jenkins.util.io.CompositeIOException: Unable to remove directory /home/jenkins/workspace/MMD-2.1-trunk/./mmd-basics-tester with directory contents: [/home/jenkins/workspace/MMD-2.1-trunk/./mmd-basics-tester/src, /home/jenkins/workspace/MMD-2.1-trunk/./mmd-basics-tester/config, /home/jenkins/workspace/MMD-2.1-trunk/./mmd-basics-tester/run-MmdBasicsTester.bat, /home/jenkins/workspace/MMD-2.1-trunk/./mmd-basics-tester/pom.xml, /home/jenkins/workspace/MMD-2.1-trunk/./mmd-basics-tester/target]
	at jenkins.util.io.PathRemover.removeOrMakeRemovableThenRemove(PathRemover.java:233)
	at jenkins.util.io.PathRemover.tryRemoveFile(PathRemover.java:191)
	at jenkins.util.io.PathRemover.tryRemoveRecursive(PathRemover.java:201)
	at jenkins.util.io.PathRemover.tryRemoveDirectoryContents(PathRemover.java:210)
	at jenkins.util.io.PathRemover.forceRemoveDirectoryContents(PathRemover.java:81)
	at hudson.Util.deleteContentsRecursive(Util.java:244)
	at hudson.scm.subversion.CheckoutUpdater$SubversionUpdateTask.perform(CheckoutUpdater.java:93)
	at hudson.scm.subversion.WorkspaceUpdater$UpdateTask.delegateTo(WorkspaceUpdater.java:168)
	at hudson.scm.SubversionSCM$CheckOutTask.perform(SubversionSCM.java:1041)
	at hudson.scm.SubversionSCM$CheckOutTask.invoke(SubversionSCM.java:1017)
	at hudson.scm.SubversionSCM$CheckOutTask.invoke(SubversionSCM.java:990)
	at hudson.FilePath$FileCallableWrapper.call(FilePath.java:3086)
	at hudson.remoting.UserRequest.perform(UserRequest.java:212)
	at hudson.remoting.UserRequest.perform(UserRequest.java:54)
	at hudson.remoting.Request$2.run(Request.java:369)
	at hudson.remoting.InterceptingExecutorService$1.call(InterceptingExecutorService.java:72)
	at java.util.concurrent.FutureTask.run(FutureTask.java:266)
	at java.util.concurrent.ThreadPoolExecutor.runWorker(ThreadPoolExecutor.java:1149)
	at java.util.concurrent.ThreadPoolExecutor$Worker.run(ThreadPoolExecutor.java:624)
	at java.lang.Thread.run(Thread.java:748)
java.nio.file.DirectoryNotEmptyException: /home/jenkins/workspace/MMD-2.1-trunk/./mmd-basics-tester
	at sun.nio.fs.UnixFileSystemProvider.implDelete(UnixFileSystemProvider.java:242)
	at sun.nio.fs.AbstractFileSystemProvider.deleteIfExists(AbstractFileSystemProvider.java:108)
	at java.nio.file.Files.deleteIfExists(Files.java:1165)
	at jenkins.util.io.PathRemover.removeOrMakeRemovableThenRemove(PathRemover.java:220)
	at jenkins.util.io.PathRemover.tryRemoveFile(PathRemover.java:191)
	at jenkins.util.io.PathRemover.tryRemoveRecursive(PathRemover.java:201)
	at jenkins.util.io.PathRemover.tryRemoveDirectoryContents(PathRemover.java:210)
	at jenkins.util.io.PathRemover.forceRemoveDirectoryContents(PathRemover.java:81)
	at hudson.Util.deleteContentsRecursive(Util.java:244)
	at hudson.scm.subversion.CheckoutUpdater$SubversionUpdateTask.perform(CheckoutUpdater.java:93)
	at hudson.scm.subversion.WorkspaceUpdater$UpdateTask.delegateTo(WorkspaceUpdater.java:168)
	at hudson.scm.SubversionSCM$CheckOutTask.perform(SubversionSCM.java:1041)
	at hudson.scm.SubversionSCM$CheckOutTask.invoke(SubversionSCM.java:1017)
	at hudson.scm.SubversionSCM$CheckOutTask.invoke(SubversionSCM.java:990)
	at hudson.FilePath$FileCallableWrapper.call(FilePath.java:3086)
	at hudson.remoting.UserRequest.perform(UserRequest.java:212)
	at hudson.remoting.UserRequest.perform(UserRequest.java:54)
	at hudson.remoting.Request$2.run(Request.java:369)
	at hudson.remoting.InterceptingExecutorService$1.call(InterceptingExecutorService.java:72)
	at java.util.concurrent.FutureTask.run(FutureTask.java:266)
	at java.util.concurrent.ThreadPoolExecutor.runWorker(ThreadPoolExecutor.java:1149)
	at java.util.concurrent.ThreadPoolExecutor$Worker.run(ThreadPoolExecutor.java:624)
	at java.lang.Thread.run(Thread.java:748)
java.nio.file.DirectoryNotEmptyException: /home/jenkins/workspace/MMD-2.1-trunk/./mmd-basics-tester
	at sun.nio.fs.UnixFileSystemProvider.implDelete(UnixFileSystemProvider.java:242)
	at sun.nio.fs.AbstractFileSystemProvider.deleteIfExists(AbstractFileSystemProvider.java:108)
	at java.nio.file.Files.deleteIfExists(Files.java:1165)
	at jenkins.util.io.PathRemover.removeOrMakeRemovableThenRemove(PathRemover.java:224)
	at jenkins.util.io.PathRemover.tryRemoveFile(PathRemover.java:191)
	at jenkins.util.io.PathRemover.tryRemoveRecursive(PathRemover.java:201)
	at jenkins.util.io.PathRemover.tryRemoveDirectoryContents(PathRemover.java:210)
	at jenkins.util.io.PathRemover.forceRemoveDirectoryContents(PathRemover.java:81)
	at hudson.Util.deleteContentsRecursive(Util.java:244)
	at hudson.scm.subversion.CheckoutUpdater$SubversionUpdateTask.perform(CheckoutUpdater.java:93)
	at hudson.scm.subversion.WorkspaceUpdater$UpdateTask.delegateTo(WorkspaceUpdater.java:168)
	at hudson.scm.SubversionSCM$CheckOutTask.perform(SubversionSCM.java:1041)
	at hudson.scm.SubversionSCM$CheckOutTask.invoke(SubversionSCM.java:1017)
	at hudson.scm.SubversionSCM$CheckOutTask.invoke(SubversionSCM.java:990)
	at hudson.FilePath$FileCallableWrapper.call(FilePath.java:3086)
	at hudson.remoting.UserRequest.perform(UserRequest.java:212)
	at hudson.remoting.UserRequest.perform(UserRequest.java:54)
	at hudson.remoting.Request$2.run(Request.java:369)
	at hudson.remoting.InterceptingExecutorService$1.call(InterceptingExecutorService.java:72)
	at java.util.concurrent.FutureTask.run(FutureTask.java:266)
	at java.util.concurrent.ThreadPoolExecutor.runWorker(ThreadPoolExecutor.java:1149)
	at java.util.concurrent.ThreadPoolExecutor$Worker.run(ThreadPoolExecutor.java:624)
	at java.lang.Thread.run(Thread.java:748)
jenkins.util.io.CompositeIOException: Unable to remove directory /home/jenkins/workspace/MMD-2.1-trunk/./mmd-core with directory contents: [/home/jenkins/workspace/MMD-2.1-trunk/./mmd-core/src, /home/jenkins/workspace/MMD-2.1-trunk/./mmd-core/pom.xml, /home/jenkins/workspace/MMD-2.1-trunk/./mmd-core/target, /home/jenkins/workspace/MMD-2.1-trunk/./mmd-core/logs]
	at jenkins.util.io.PathRemover.removeOrMakeRemovableThenRemove(PathRemover.java:233)
	at jenkins.util.io.PathRemover.tryRemoveFile(PathRemover.java:191)
	at jenkins.util.io.PathRemover.tryRemoveRecursive(PathRemover.java:201)
	at jenkins.util.io.PathRemover.tryRemoveDirectoryContents(PathRemover.java:210)
	at jenkins.util.io.PathRemover.forceRemoveDirectoryContents(PathRemover.java:81)
	at hudson.Util.deleteContentsRecursive(Util.java:244)
	at hudson.scm.subversion.CheckoutUpdater$SubversionUpdateTask.perform(CheckoutUpdater.java:93)
	at hudson.scm.subversion.WorkspaceUpdater$UpdateTask.delegateTo(WorkspaceUpdater.java:168)
	at hudson.scm.SubversionSCM$CheckOutTask.perform(SubversionSCM.java:1041)
	at hudson.scm.SubversionSCM$CheckOutTask.invoke(SubversionSCM.java:1017)
	at hudson.scm.SubversionSCM$CheckOutTask.invoke(SubversionSCM.java:990)
	at hudson.FilePath$FileCallableWrapper.call(FilePath.java:3086)
	at hudson.remoting.UserRequest.perform(UserRequest.java:212)
	at hudson.remoting.UserRequest.perform(UserRequest.java:54)
	at hudson.remoting.Request$2.run(Request.java:369)
	at hudson.remoting.InterceptingExecutorService$1.call(InterceptingExecutorService.java:72)
	at java.util.concurrent.FutureTask.run(FutureTask.java:266)
	at java.util.concurrent.ThreadPoolExecutor.runWorker(ThreadPoolExecutor.java:1149)
	at java.util.concurrent.ThreadPoolExecutor$Worker.run(ThreadPoolExecutor.java:624)
	at java.lang.Thread.run(Thread.java:748)
java.nio.file.DirectoryNotEmptyException: /home/jenkins/workspace/MMD-2.1-trunk/./mmd-core
	at sun.nio.fs.UnixFileSystemProvider.implDelete(UnixFileSystemProvider.java:242)
	at sun.nio.fs.AbstractFileSystemProvider.deleteIfExists(AbstractFileSystemProvider.java:108)
	at java.nio.file.Files.deleteIfExists(Files.java:1165)
	at jenkins.util.io.PathRemover.removeOrMakeRemovableThenRemove(PathRemover.java:220)
	at jenkins.util.io.PathRemover.tryRemoveFile(PathRemover.java:191)
	at jenkins.util.io.PathRemover.tryRemoveRecursive(PathRemover.java:201)
	at jenkins.util.io.PathRemover.tryRemoveDirectoryContents(PathRemover.java:210)
	at jenkins.util.io.PathRemover.forceRemoveDirectoryContents(PathRemover.java:81)
	at hudson.Util.deleteContentsRecursive(Util.java:244)
	at hudson.scm.subversion.CheckoutUpdater$SubversionUpdateTask.perform(CheckoutUpdater.java:93)
	at hudson.scm.subversion.WorkspaceUpdater$UpdateTask.delegateTo(WorkspaceUpdater.java:168)
	at hudson.scm.SubversionSCM$CheckOutTask.perform(SubversionSCM.java:1041)
	at hudson.scm.SubversionSCM$CheckOutTask.invoke(SubversionSCM.java:1017)
	at hudson.scm.SubversionSCM$CheckOutTask.invoke(SubversionSCM.java:990)
	at hudson.FilePath$FileCallableWrapper.call(FilePath.java:3086)
	at hudson.remoting.UserRequest.perform(UserRequest.java:212)
	at hudson.remoting.UserRequest.perform(UserRequest.java:54)
	at hudson.remoting.Request$2.run(Request.java:369)
	at hudson.remoting.InterceptingExecutorService$1.call(InterceptingExecutorService.java:72)
	at java.util.concurrent.FutureTask.run(FutureTask.java:266)
	at java.util.concurrent.ThreadPoolExecutor.runWorker(ThreadPoolExecutor.java:1149)
	at java.util.concurrent.ThreadPoolExecutor$Worker.run(ThreadPoolExecutor.java:624)
	at java.lang.Thread.run(Thread.java:748)
java.nio.file.DirectoryNotEmptyException: /home/jenkins/workspace/MMD-2.1-trunk/./mmd-core
	at sun.nio.fs.UnixFileSystemProvider.implDelete(UnixFileSystemProvider.java:242)
	at sun.nio.fs.AbstractFileSystemProvider.deleteIfExists(AbstractFileSystemProvider.java:108)
	at java.nio.file.Files.deleteIfExists(Files.java:1165)
	at jenkins.util.io.PathRemover.removeOrMakeRemovableThenRemove(PathRemover.java:224)
	at jenkins.util.io.PathRemover.tryRemoveFile(PathRemover.java:191)
	at jenkins.util.io.PathRemover.tryRemoveRecursive(PathRemover.java:201)
	at jenkins.util.io.PathRemover.tryRemoveDirectoryContents(PathRemover.java:210)
	at jenkins.util.io.PathRemover.forceRemoveDirectoryContents(PathRemover.java:81)
	at hudson.Util.deleteContentsRecursive(Util.java:244)
	at hudson.scm.subversion.CheckoutUpdater$SubversionUpdateTask.perform(CheckoutUpdater.java:93)
	at hudson.scm.subversion.WorkspaceUpdater$UpdateTask.delegateTo(WorkspaceUpdater.java:168)
	at hudson.scm.SubversionSCM$CheckOutTask.perform(SubversionSCM.java:1041)
	at hudson.scm.SubversionSCM$CheckOutTask.invoke(SubversionSCM.java:1017)
	at hudson.scm.SubversionSCM$CheckOutTask.invoke(SubversionSCM.java:990)
	at hudson.FilePath$FileCallableWrapper.call(FilePath.java:3086)
	at hudson.remoting.UserRequest.perform(UserRequest.java:212)
	at hudson.remoting.UserRequest.perform(UserRequest.java:54)
	at hudson.remoting.Request$2.run(Request.java:369)
	at hudson.remoting.InterceptingExecutorService$1.call(InterceptingExecutorService.java:72)
	at java.util.concurrent.FutureTask.run(FutureTask.java:266)
	at java.util.concurrent.ThreadPoolExecutor.runWorker(ThreadPoolExecutor.java:1149)
	at java.util.concurrent.ThreadPoolExecutor$Worker.run(ThreadPoolExecutor.java:624)
	at java.lang.Thread.run(Thread.java:748)
jenkins.util.io.CompositeIOException: Unable to remove directory /home/jenkins/workspace/MMD-2.1-trunk/./mmd-if with directory contents: [/home/jenkins/workspace/MMD-2.1-trunk/./mmd-if/src, /home/jenkins/workspace/MMD-2.1-trunk/./mmd-if/pom.xml]
	at jenkins.util.io.PathRemover.removeOrMakeRemovableThenRemove(PathRemover.java:233)
	at jenkins.util.io.PathRemover.tryRemoveFile(PathRemover.java:191)
	at jenkins.util.io.PathRemover.tryRemoveRecursive(PathRemover.java:201)
	at jenkins.util.io.PathRemover.tryRemoveDirectoryContents(PathRemover.java:210)
	at jenkins.util.io.PathRemover.forceRemoveDirectoryContents(PathRemover.java:81)
	at hudson.Util.deleteContentsRecursive(Util.java:244)
	at hudson.scm.subversion.CheckoutUpdater$SubversionUpdateTask.perform(CheckoutUpdater.java:93)
	at hudson.scm.subversion.WorkspaceUpdater$UpdateTask.delegateTo(WorkspaceUpdater.java:168)
	at hudson.scm.SubversionSCM$CheckOutTask.perform(SubversionSCM.java:1041)
	at hudson.scm.SubversionSCM$CheckOutTask.invoke(SubversionSCM.java:1017)
	at hudson.scm.SubversionSCM$CheckOutTask.invoke(SubversionSCM.java:990)
	at hudson.FilePath$FileCallableWrapper.call(FilePath.java:3086)
	at hudson.remoting.UserRequest.perform(UserRequest.java:212)
	at hudson.remoting.UserRequest.perform(UserRequest.java:54)
	at hudson.remoting.Request$2.run(Request.java:369)
	at hudson.remoting.InterceptingExecutorService$1.call(InterceptingExecutorService.java:72)
	at java.util.concurrent.FutureTask.run(FutureTask.java:266)
	at java.util.concurrent.ThreadPoolExecutor.runWorker(ThreadPoolExecutor.java:1149)
	at java.util.concurrent.ThreadPoolExecutor$Worker.run(ThreadPoolExecutor.java:624)
	at java.lang.Thread.run(Thread.java:748)
java.nio.file.DirectoryNotEmptyException: /home/jenkins/workspace/MMD-2.1-trunk/./mmd-if
	at sun.nio.fs.UnixFileSystemProvider.implDelete(UnixFileSystemProvider.java:242)
	at sun.nio.fs.AbstractFileSystemProvider.deleteIfExists(AbstractFileSystemProvider.java:108)
	at java.nio.file.Files.deleteIfExists(Files.java:1165)
	at jenkins.util.io.PathRemover.removeOrMakeRemovableThenRemove(PathRemover.java:220)
	at jenkins.util.io.PathRemover.tryRemoveFile(PathRemover.java:191)
	at jenkins.util.io.PathRemover.tryRemoveRecursive(PathRemover.java:201)
	at jenkins.util.io.PathRemover.tryRemoveDirectoryContents(PathRemover.java:210)
	at jenkins.util.io.PathRemover.forceRemoveDirectoryContents(PathRemover.java:81)
	at hudson.Util.deleteContentsRecursive(Util.java:244)
	at hudson.scm.subversion.CheckoutUpdater$SubversionUpdateTask.perform(CheckoutUpdater.java:93)
	at hudson.scm.subversion.WorkspaceUpdater$UpdateTask.delegateTo(WorkspaceUpdater.java:168)
	at hudson.scm.SubversionSCM$CheckOutTask.perform(SubversionSCM.java:1041)
	at hudson.scm.SubversionSCM$CheckOutTask.invoke(SubversionSCM.java:1017)
	at hudson.scm.SubversionSCM$CheckOutTask.invoke(SubversionSCM.java:990)
	at hudson.FilePath$FileCallableWrapper.call(FilePath.java:3086)
	at hudson.remoting.UserRequest.perform(UserRequest.java:212)
	at hudson.remoting.UserRequest.perform(UserRequest.java:54)
	at hudson.remoting.Request$2.run(Request.java:369)
	at hudson.remoting.InterceptingExecutorService$1.call(InterceptingExecutorService.java:72)
	at java.util.concurrent.FutureTask.run(FutureTask.java:266)
	at java.util.concurrent.ThreadPoolExecutor.runWorker(ThreadPoolExecutor.java:1149)
	at java.util.concurrent.ThreadPoolExecutor$Worker.run(ThreadPoolExecutor.java:624)
	at java.lang.Thread.run(Thread.java:748)
java.nio.file.DirectoryNotEmptyException: /home/jenkins/workspace/MMD-2.1-trunk/./mmd-if
	at sun.nio.fs.UnixFileSystemProvider.implDelete(UnixFileSystemProvider.java:242)
	at sun.nio.fs.AbstractFileSystemProvider.deleteIfExists(AbstractFileSystemProvider.java:108)
	at java.nio.file.Files.deleteIfExists(Files.java:1165)
	at jenkins.util.io.PathRemover.removeOrMakeRemovableThenRemove(PathRemover.java:224)
	at jenkins.util.io.PathRemover.tryRemoveFile(PathRemover.java:191)
	at jenkins.util.io.PathRemover.tryRemoveRecursive(PathRemover.java:201)
	at jenkins.util.io.PathRemover.tryRemoveDirectoryContents(PathRemover.java:210)
	at jenkins.util.io.PathRemover.forceRemoveDirectoryContents(PathRemover.java:81)
	at hudson.Util.deleteContentsRecursive(Util.java:244)
	at hudson.scm.subversion.CheckoutUpdater$SubversionUpdateTask.perform(CheckoutUpdater.java:93)
	at hudson.scm.subversion.WorkspaceUpdater$UpdateTask.delegateTo(WorkspaceUpdater.java:168)
	at hudson.scm.SubversionSCM$CheckOutTask.perform(SubversionSCM.java:1041)
	at hudson.scm.SubversionSCM$CheckOutTask.invoke(SubversionSCM.java:1017)
	at hudson.scm.SubversionSCM$CheckOutTask.invoke(SubversionSCM.java:990)
	at hudson.FilePath$FileCallableWrapper.call(FilePath.java:3086)
	at hudson.remoting.UserRequest.perform(UserRequest.java:212)
	at hudson.remoting.UserRequest.perform(UserRequest.java:54)
	at hudson.remoting.Request$2.run(Request.java:369)
	at hudson.remoting.InterceptingExecutorService$1.call(InterceptingExecutorService.java:72)
	at java.util.concurrent.FutureTask.run(FutureTask.java:266)
	at java.util.concurrent.ThreadPoolExecutor.runWorker(ThreadPoolExecutor.java:1149)
	at java.util.concurrent.ThreadPoolExecutor$Worker.run(ThreadPoolExecutor.java:624)
	at java.lang.Thread.run(Thread.java:748)
Sending e-mails to: <mail addr removed>
Finished: FAILURE
