09:37:03 Dut pause : 600 seconds start...
09:38:29 FATAL: command execution failed
09:38:29 java.nio.channels.ClosedChannelException
09:38:29 	at jenkins.agents.WebSocketAgents$Session.closed(WebSocketAgents.java:153)
09:38:29 	at jenkins.websocket.WebSockets$1.onWebSocketClose(WebSockets.java:80)
09:38:29 	at jenkins.websocket.Jetty10Provider$2.onWebSocketClose(Jetty10Provider.java:149)
09:38:29 	at org.eclipse.jetty.websocket.common.JettyWebSocketFrameHandler.notifyOnClose(JettyWebSocketFrameHandler.java:308)
09:38:29 	at org.eclipse.jetty.websocket.common.JettyWebSocketFrameHandler.onClosed(JettyWebSocketFrameHandler.java:292)
09:38:29 	at org.eclipse.jetty.websocket.core.internal.WebSocketCoreSession.lambda$closeConnection$0(WebSocketCoreSession.java:272)
09:38:29 	at org.eclipse.jetty.server.handler.ContextHandler.handle(ContextHandler.java:1450)
09:38:29 	at org.eclipse.jetty.server.handler.ContextHandler.handle(ContextHandler.java:1487)
09:38:29 	at org.eclipse.jetty.websocket.core.server.internal.AbstractHandshaker$1.handle(AbstractHandshaker.java:212)
09:38:29 	at org.eclipse.jetty.websocket.core.internal.WebSocketCoreSession.lambda$closeConnection$1(WebSocketCoreSession.java:272)
09:38:29 	at org.eclipse.jetty.util.Callback$4.completed(Callback.java:184)
09:38:29 	at org.eclipse.jetty.util.Callback$Completing.succeeded(Callback.java:344)
09:38:29 	at org.eclipse.jetty.websocket.common.JettyWebSocketFrameHandler.onError(JettyWebSocketFrameHandler.java:268)
09:38:29 	at org.eclipse.jetty.websocket.core.internal.WebSocketCoreSession.lambda$closeConnection$2(WebSocketCoreSession.java:284)
09:38:29 	at org.eclipse.jetty.server.handler.ContextHandler.handle(ContextHandler.java:1468)
09:38:29 	at org.eclipse.jetty.server.handler.ContextHandler.handle(ContextHandler.java:1487)
09:38:29 	at org.eclipse.jetty.websocket.core.server.internal.AbstractHandshaker$1.handle(AbstractHandshaker.java:212)
09:38:29 	at org.eclipse.jetty.websocket.core.internal.WebSocketCoreSession.closeConnection(WebSocketCoreSession.java:284)
09:38:29 	at org.eclipse.jetty.websocket.core.internal.WebSocketCoreSession.lambda$sendFrame$7(WebSocketCoreSession.java:519)
09:38:29 	at org.eclipse.jetty.util.Callback$3.succeeded(Callback.java:155)
09:38:29 	at org.eclipse.jetty.websocket.core.internal.TransformingFlusher.notifyCallbackSuccess(TransformingFlusher.java:197)
09:38:29 	at org.eclipse.jetty.websocket.core.internal.TransformingFlusher$Flusher.process(TransformingFlusher.java:154)
09:38:29 	at org.eclipse.jetty.util.IteratingCallback.processing(IteratingCallback.java:232)
09:38:29 	at org.eclipse.jetty.util.IteratingCallback.iterate(IteratingCallback.java:214)
09:38:29 	at org.eclipse.jetty.websocket.core.internal.TransformingFlusher.sendFrame(TransformingFlusher.java:77)
09:38:29 	at org.eclipse.jetty.websocket.core.internal.WebSocketCoreSession.sendFrame(WebSocketCoreSession.java:522)
09:38:29 	at org.eclipse.jetty.websocket.core.internal.WebSocketCoreSession.close(WebSocketCoreSession.java:239)
09:38:29 	at org.eclipse.jetty.websocket.core.internal.WebSocketCoreSession.processHandlerError(WebSocketCoreSession.java:371)
09:38:29 	at org.eclipse.jetty.websocket.core.internal.WebSocketConnection.onIdleExpired(WebSocketConnection.java:233)
09:38:29 	at org.eclipse.jetty.io.AbstractEndPoint.onIdleExpired(AbstractEndPoint.java:407)
09:38:29 	at org.eclipse.jetty.io.IdleTimeout.checkIdleTimeout(IdleTimeout.java:167)
09:38:29 	at org.eclipse.jetty.io.IdleTimeout.idleCheck(IdleTimeout.java:109)
09:38:29 	at java.base/java.util.concurrent.Executors$RunnableAdapter.call(Executors.java:515)
09:38:29 	at java.base/java.util.concurrent.FutureTask.run(FutureTask.java:264)
09:38:29 	at java.base/java.util.concurrent.ScheduledThreadPoolExecutor$ScheduledFutureTask.run(ScheduledThreadPoolExecutor.java:304)
09:38:29 	at java.base/java.util.concurrent.ThreadPoolExecutor.runWorker(ThreadPoolExecutor.java:1128)
09:38:29 	at java.base/java.util.concurrent.ThreadPoolExecutor$Worker.run(ThreadPoolExecutor.java:628)
09:38:29 	at java.base/java.lang.Thread.run(Thread.java:829)
09:38:29 Caused: java.io.IOException: Backing channel 'srvottinfraut10' is disconnected.
09:38:29 	at hudson.remoting.RemoteInvocationHandler.channelOrFail(RemoteInvocationHandler.java:215)
09:38:29 	at hudson.remoting.RemoteInvocationHandler.invoke(RemoteInvocationHandler.java:285)
09:38:29 	at com.sun.proxy.$Proxy151.isAlive(Unknown Source)
09:38:29 	at hudson.Launcher$RemoteLauncher$ProcImpl.isAlive(Launcher.java:1215)
09:38:29 	at hudson.Launcher$RemoteLauncher$ProcImpl.join(Launcher.java:1207)
09:38:29 	at hudson.tasks.CommandInterpreter.join(CommandInterpreter.java:195)
09:38:29 	at hudson.tasks.CommandInterpreter.perform(CommandInterpreter.java:145)
09:38:29 	at hudson.tasks.CommandInterpreter.perform(CommandInterpreter.java:92)
09:38:29 	at org.jenkinsci.plugins.conditionalbuildstep.BuilderChain.perform(BuilderChain.java:71)
09:38:29 	at org.jenkins_ci.plugins.run_condition.BuildStepRunner$2.run(BuildStepRunner.java:112)
09:38:29 	at org.jenkins_ci.plugins.run_condition.BuildStepRunner$Fail.conditionalRun(BuildStepRunner.java:156)
09:38:29 	at org.jenkins_ci.plugins.run_condition.BuildStepRunner.perform(BuildStepRunner.java:107)
09:38:29 	at org.jenkinsci.plugins.conditionalbuildstep.ConditionalBuilder.perform(ConditionalBuilder.java:134)
09:38:29 	at hudson.tasks.BuildStepMonitor$1.perform(BuildStepMonitor.java:20)
09:38:29 	at hudson.model.AbstractBuild$AbstractBuildExecution.perform(AbstractBuild.java:818)
09:38:29 	at hudson.model.Build$BuildExecution.build(Build.java:199)
09:38:29 	at hudson.model.Build$BuildExecution.doRun(Build.java:164)
09:38:29 	at hudson.model.AbstractBuild$AbstractBuildExecution.run(AbstractBuild.java:526)
09:38:29 	at hudson.model.Run.execute(Run.java:1900)
09:38:29 	at hudson.model.FreeStyleBuild.run(FreeStyleBuild.java:44)
09:38:29 	at hudson.model.ResourceController.execute(ResourceController.java:107)
09:38:29 	at hudson.model.Executor.run(Executor.java:449)
09:38:29 FATAL: Unable to delete script file C:\Users\autofw\AppData\Local\Temp\2\jenkins7848276713379854309.bat
09:38:29 java.nio.channels.ClosedChannelException
09:38:29 	at jenkins.agents.WebSocketAgents$Session.closed(WebSocketAgents.java:153)
09:38:29 	at jenkins.websocket.WebSockets$1.onWebSocketClose(WebSockets.java:80)
09:38:29 	at jenkins.websocket.Jetty10Provider$2.onWebSocketClose(Jetty10Provider.java:149)
09:38:29 	at org.eclipse.jetty.websocket.common.JettyWebSocketFrameHandler.notifyOnClose(JettyWebSocketFrameHandler.java:308)
09:38:29 	at org.eclipse.jetty.websocket.common.JettyWebSocketFrameHandler.onClosed(JettyWebSocketFrameHandler.java:292)
09:38:29 	at org.eclipse.jetty.websocket.core.internal.WebSocketCoreSession.lambda$closeConnection$0(WebSocketCoreSession.java:272)
09:38:29 	at org.eclipse.jetty.server.handler.ContextHandler.handle(ContextHandler.java:1450)
09:38:29 	at org.eclipse.jetty.server.handler.ContextHandler.handle(ContextHandler.java:1487)
09:38:29 	at org.eclipse.jetty.websocket.core.server.internal.AbstractHandshaker$1.handle(AbstractHandshaker.java:212)
09:38:29 	at org.eclipse.jetty.websocket.core.internal.WebSocketCoreSession.lambda$closeConnection$1(WebSocketCoreSession.java:272)
09:38:29 	at org.eclipse.jetty.util.Callback$4.completed(Callback.java:184)
09:38:29 	at org.eclipse.jetty.util.Callback$Completing.succeeded(Callback.java:344)
09:38:29 	at org.eclipse.jetty.websocket.common.JettyWebSocketFrameHandler.onError(JettyWebSocketFrameHandler.java:268)
09:38:29 	at org.eclipse.jetty.websocket.core.internal.WebSocketCoreSession.lambda$closeConnection$2(WebSocketCoreSession.java:284)
09:38:29 	at org.eclipse.jetty.server.handler.ContextHandler.handle(ContextHandler.java:1468)
09:38:29 	at org.eclipse.jetty.server.handler.ContextHandler.handle(ContextHandler.java:1487)
09:38:29 	at org.eclipse.jetty.websocket.core.server.internal.AbstractHandshaker$1.handle(AbstractHandshaker.java:212)
09:38:29 	at org.eclipse.jetty.websocket.core.internal.WebSocketCoreSession.closeConnection(WebSocketCoreSession.java:284)
09:38:29 	at org.eclipse.jetty.websocket.core.internal.WebSocketCoreSession.lambda$sendFrame$7(WebSocketCoreSession.java:519)
09:38:29 	at org.eclipse.jetty.util.Callback$3.succeeded(Callback.java:155)
09:38:29 	at org.eclipse.jetty.websocket.core.internal.TransformingFlusher.notifyCallbackSuccess(TransformingFlusher.java:197)
09:38:29 	at org.eclipse.jetty.websocket.core.internal.TransformingFlusher$Flusher.process(TransformingFlusher.java:154)
09:38:29 	at org.eclipse.jetty.util.IteratingCallback.processing(IteratingCallback.java:232)
09:38:29 	at org.eclipse.jetty.util.IteratingCallback.iterate(IteratingCallback.java:214)
09:38:29 	at org.eclipse.jetty.websocket.core.internal.TransformingFlusher.sendFrame(TransformingFlusher.java:77)
09:38:29 	at org.eclipse.jetty.websocket.core.internal.WebSocketCoreSession.sendFrame(WebSocketCoreSession.java:522)
09:38:29 	at org.eclipse.jetty.websocket.core.internal.WebSocketCoreSession.close(WebSocketCoreSession.java:239)
09:38:29 	at org.eclipse.jetty.websocket.core.internal.WebSocketCoreSession.processHandlerError(WebSocketCoreSession.java:371)
09:38:29 	at org.eclipse.jetty.websocket.core.internal.WebSocketConnection.onIdleExpired(WebSocketConnection.java:233)
09:38:29 	at org.eclipse.jetty.io.AbstractEndPoint.onIdleExpired(AbstractEndPoint.java:407)
09:38:29 	at org.eclipse.jetty.io.IdleTimeout.checkIdleTimeout(IdleTimeout.java:167)
09:38:29 	at org.eclipse.jetty.io.IdleTimeout.idleCheck(IdleTimeout.java:109)
09:38:29 	at java.base/java.util.concurrent.Executors$RunnableAdapter.call(Executors.java:515)
09:38:29 	at java.base/java.util.concurrent.FutureTask.run(FutureTask.java:264)
09:38:29 	at java.base/java.util.concurrent.ScheduledThreadPoolExecutor$ScheduledFutureTask.run(ScheduledThreadPoolExecutor.java:304)
09:38:29 	at java.base/java.util.concurrent.ThreadPoolExecutor.runWorker(ThreadPoolExecutor.java:1128)
09:38:29 	at java.base/java.util.concurrent.ThreadPoolExecutor$Worker.run(ThreadPoolExecutor.java:628)
09:38:29 	at java.base/java.lang.Thread.run(Thread.java:829)
09:38:29 Caused: hudson.remoting.ChannelClosedException: Channel "hudson.remoting.Channel@23bc68f1:srvottinfraut10": Remote call on srvottinfraut10 failed. The channel is closing down or has closed down
09:38:29 	at hudson.remoting.Channel.call(Channel.java:993)
09:38:29 	at hudson.FilePath.act(FilePath.java:1186)
09:38:29 	at hudson.FilePath.act(FilePath.java:1175)
09:38:29 	at hudson.FilePath.delete(FilePath.java:1722)
09:38:29 	at hudson.tasks.CommandInterpreter.perform(CommandInterpreter.java:163)
09:38:29 	at hudson.tasks.CommandInterpreter.perform(CommandInterpreter.java:92)
09:38:29 	at org.jenkinsci.plugins.conditionalbuildstep.BuilderChain.perform(BuilderChain.java:71)
09:38:29 	at org.jenkins_ci.plugins.run_condition.BuildStepRunner$2.run(BuildStepRunner.java:112)
09:38:29 	at org.jenkins_ci.plugins.run_condition.BuildStepRunner$Fail.conditionalRun(BuildStepRunner.java:156)
09:38:29 	at org.jenkins_ci.plugins.run_condition.BuildStepRunner.perform(BuildStepRunner.java:107)
09:38:29 	at org.jenkinsci.plugins.conditionalbuildstep.ConditionalBuilder.perform(ConditionalBuilder.java:134)
09:38:29 	at hudson.tasks.BuildStepMonitor$1.perform(BuildStepMonitor.java:20)
09:38:29 	at hudson.model.AbstractBuild$AbstractBuildExecution.perform(AbstractBuild.java:818)
09:38:29 	at hudson.model.Build$BuildExecution.build(Build.java:199)
09:38:29 	at hudson.model.Build$BuildExecution.doRun(Build.java:164)
09:38:29 	at hudson.model.AbstractBuild$AbstractBuildExecution.run(AbstractBuild.java:526)
09:38:29 	at hudson.model.Run.execute(Run.java:1900)
09:38:29 	at hudson.model.FreeStyleBuild.run(FreeStyleBuild.java:44)
09:38:29 	at hudson.model.ResourceController.execute(ResourceController.java:107)
09:38:29 	at hudson.model.Executor.run(Executor.java:449)
09:38:29 Build step 'Conditional steps (multiple)' marked build as failure