Running from: /opt/deploy-box/jenkins/ear/jenkins.war
webroot: System.getProperty("JENKINS_HOME")
Jul 22, 2019 3:40:17 PM org.eclipse.jetty.util.log.Log initialized
INFO: Logging initialized @1194ms to org.eclipse.jetty.util.log.JavaUtilLog
Jul 22, 2019 3:40:17 PM winstone.Logger logInternal
INFO: Beginning extraction from war file
Jul 22, 2019 3:40:23 PM org.eclipse.jetty.server.handler.ContextHandler setContextPath
WARNING: Empty contextPath
Jul 22, 2019 3:40:23 PM org.eclipse.jetty.server.Server doStart
INFO: jetty-9.4.z-SNAPSHOT; built: 2018-08-30T13:59:14.071Z; git: 27208684755d94a92186989f695db2d7b21ebc51; jvm 11.0.4+11-LTS
Jul 22, 2019 3:40:24 PM org.eclipse.jetty.webapp.StandardDescriptorProcessor visitServlet
INFO: NO JSP Support for /, did not find org.eclipse.jetty.jsp.JettyJspServlet
Jul 22, 2019 3:40:25 PM org.eclipse.jetty.server.session.DefaultSessionIdManager doStart
INFO: DefaultSessionIdManager workerName=node0
Jul 22, 2019 3:40:25 PM org.eclipse.jetty.server.session.DefaultSessionIdManager doStart
INFO: No SessionScavenger set, using defaults
Jul 22, 2019 3:40:25 PM org.eclipse.jetty.server.session.HouseKeeper startScavenging
INFO: node0 Scavenging every 660000ms
WARNING: An illegal reflective access operation has occurred
WARNING: Illegal reflective access by com.thoughtworks.xstream.core.util.Fields (file:/opt/deploy-box/jenkins/war/WEB-INF/lib/xstream-1.4.7-jenkins-1.jar) to field java.util.TreeMap.comparator
WARNING: Please consider reporting this to the maintainers of com.thoughtworks.xstream.core.util.Fields
WARNING: Use --illegal-access=warn to enable warnings of further illegal reflective access operations
WARNING: All illegal access operations will be denied in a future release
Jenkins home directory: /opt/deploy-box/jenkins found at: SystemProperties.getProperty("JENKINS_HOME")
Jul 22, 2019 3:40:26 PM org.eclipse.jetty.server.handler.ContextHandler doStart
INFO: Started w.@713064e8{Jenkins v2.164.3,/,file:///opt/deploy-box/jenkins/war/,AVAILABLE}{/opt/deploy-box/jenkins/war}
Jul 22, 2019 3:40:26 PM org.eclipse.jetty.server.AbstractConnector doStart
INFO: Started ServerConnector@6ae3fb94{HTTP/1.1,[http/1.1]}{0.0.0.0:8080}
Jul 22, 2019 3:40:26 PM org.eclipse.jetty.server.Server doStart
INFO: Started @10315ms
Jul 22, 2019 3:40:26 PM winstone.Logger logInternal
INFO: Winstone Servlet Engine v4.0 running: controlPort=disabled
Jul 22, 2019 3:40:27 PM jenkins.security.ClassFilterImpl register
WARNING: All class filtering suppressed. Your Jenkins installation is at risk from known attacks. See https://jenkins.io/redirect/class-filter/
Jul 22, 2019 3:40:27 PM jenkins.InitReactorRunner$1 onAttained
INFO: Started initialization
Jul 22, 2019 3:40:35 PM hudson.ClassicPluginStrategy createClassJarFromWebInfClasses
WARNING: Created /opt/deploy-box/jenkins/plugins/built-on-column/WEB-INF/lib/classes.jar; update plugin to a version created with a newer harness
Jul 22, 2019 3:40:36 PM hudson.ClassicPluginStrategy createClassJarFromWebInfClasses
WARNING: Created /opt/deploy-box/jenkins/plugins/countjobs-viewstabbar/WEB-INF/lib/classes.jar; update plugin to a version created with a newer harness
Jul 22, 2019 3:40:37 PM hudson.ClassicPluginStrategy createClassJarFromWebInfClasses
WARNING: Created /opt/deploy-box/jenkins/plugins/discard-old-build/WEB-INF/lib/classes.jar; update plugin to a version created with a newer harness
Jul 22, 2019 3:40:38 PM hudson.ClassicPluginStrategy createClassJarFromWebInfClasses
WARNING: Created /opt/deploy-box/jenkins/plugins/dynamicparameter/WEB-INF/lib/classes.jar; update plugin to a version created with a newer harness
Jul 22, 2019 3:40:40 PM hudson.ClassicPluginStrategy createClassJarFromWebInfClasses
WARNING: Created /opt/deploy-box/jenkins/plugins/flexible-publish/WEB-INF/lib/classes.jar; update plugin to a version created with a newer harness
Jul 22, 2019 3:40:41 PM hudson.ClassicPluginStrategy createClassJarFromWebInfClasses
WARNING: Created /opt/deploy-box/jenkins/plugins/gradle/WEB-INF/lib/classes.jar; update plugin to a version created with a newer harness
Jul 22, 2019 3:40:43 PM hudson.ClassicPluginStrategy createClassJarFromWebInfClasses
WARNING: Created /opt/deploy-box/jenkins/plugins/ivy/WEB-INF/lib/classes.jar; update plugin to a version created with a newer harness
Jul 22, 2019 3:40:45 PM hudson.ClassicPluginStrategy createClassJarFromWebInfClasses
WARNING: Created /opt/deploy-box/jenkins/plugins/job-dsl/WEB-INF/lib/classes.jar; update plugin to a version created with a newer harness
Jul 22, 2019 3:40:49 PM hudson.ClassicPluginStrategy createClassJarFromWebInfClasses
WARNING: Created /opt/deploy-box/jenkins/plugins/page-markup/WEB-INF/lib/classes.jar; update plugin to a version created with a newer harness
Jul 22, 2019 3:40:49 PM hudson.ClassicPluginStrategy createClassJarFromWebInfClasses
WARNING: Created /opt/deploy-box/jenkins/plugins/permissive-script-security/WEB-INF/lib/classes.jar; update plugin to a version created with a newer harness
Jul 22, 2019 3:40:49 PM hudson.ClassicPluginStrategy createClassJarFromWebInfClasses
WARNING: Created /opt/deploy-box/jenkins/plugins/pipeline-aggregator-view/WEB-INF/lib/classes.jar; update plugin to a version created with a newer harness
Jul 22, 2019 3:40:51 PM hudson.ClassicPluginStrategy createClassJarFromWebInfClasses
WARNING: Created /opt/deploy-box/jenkins/plugins/postbuild-task/WEB-INF/lib/classes.jar; update plugin to a version created with a newer harness
Jul 22, 2019 3:40:53 PM hudson.ClassicPluginStrategy createClassJarFromWebInfClasses
WARNING: Created /opt/deploy-box/jenkins/plugins/slave-setup/WEB-INF/lib/classes.jar; update plugin to a version created with a newer harness
Jul 22, 2019 3:40:54 PM hudson.ClassicPluginStrategy createClassJarFromWebInfClasses
WARNING: Created /opt/deploy-box/jenkins/plugins/text-finder/WEB-INF/lib/classes.jar; update plugin to a version created with a newer harness
Jul 22, 2019 3:40:58 PM jenkins.InitReactorRunner$1 onAttained
INFO: Listed all plugins
Jul 22, 2019 3:40:59 PM hudson.plugins.ansicolor.PluginImpl start
INFO: AnsiColor: eliminating boring output (https://github.com/jenkinsci/ansicolor-plugin)
Jul 22, 2019 3:40:59 PM org.jenkinsci.plugins.scriptler.ScriptlerPluginImpl synchronizeConfig
INFO: initialize scriptler
Jul 22, 2019 3:41:14 PM org.jenkinsci.remoting.util.AnonymousClassWarnings warn
WARNING: Attempt to (de-)serialize anonymous class hudson.plugins.disk_usage.DiskUsageProjectActionFactory$DescriptorImpl$1 in file:/opt/deploy-box/jenkins/plugins/disk-usage/WEB-INF/lib/disk-usage.jar; see: https://jenkins.io/redirect/serialization-of-anonymous-classes/
Jul 22, 2019 3:41:14 PM org.jenkinsci.remoting.util.AnonymousClassWarnings warn
WARNING: Attempt to (de-)serialize anonymous class hudson.plugins.disk_usage.DiskUsageOvearallGraphGenerator$DiskUsageRecord$1 in file:/opt/deploy-box/jenkins/plugins/disk-usage/WEB-INF/lib/disk-usage.jar; see: https://jenkins.io/redirect/serialization-of-anonymous-classes/
Jul 22, 2019 3:41:15 PM jenkins.InitReactorRunner$1 onAttained
INFO: Prepared all plugins
Jul 22, 2019 3:41:15 PM jenkins.InitReactorRunner$1 onAttained
INFO: Started all plugins
Jul 22, 2019 3:41:20 PM jenkins.InitReactorRunner$1 onAttained
INFO: Augmented all extensions
Jul 22, 2019 3:41:20 PM hudson.ExtensionFinder$GuiceFinder$FaultTolerantScope$1 error
WARNING: Failed to instantiate Key[type=jenkins.metrics.impl.VMMetricProviderImpl, annotation=[none]]; skipping this component
com.google.inject.ProvisionException: Unable to provision, see the following errors:

1) Error injecting constructor, java.lang.reflect.InaccessibleObjectException: Unable to make public long com.sun.management.internal.OperatingSystemImpl.getProcessCpuTime() accessible: module jdk.management does not "opens com.sun.management.internal" to unnamed module @62dbb0e9
  at jenkins.metrics.impl.VMMetricProviderImpl.<init>(VMMetricProviderImpl.java:61)

1 error
        at com.google.inject.internal.ProviderToInternalFactoryAdapter.get(ProviderToInternalFactoryAdapter.java:52)
        at com.google.inject.internal.SingletonScope$1.get(SingletonScope.java:145)
        at hudson.ExtensionFinder$GuiceFinder$FaultTolerantScope$1.get(ExtensionFinder.java:440)
        at com.google.inject.internal.InternalFactoryToProviderAdapter.get(InternalFactoryToProviderAdapter.java:41)
        at com.google.inject.internal.InjectorImpl$2$1.call(InjectorImpl.java:1016)
        at com.google.inject.internal.InjectorImpl.callInContext(InjectorImpl.java:1092)
        at com.google.inject.internal.InjectorImpl$2.get(InjectorImpl.java:1012)
        at hudson.ExtensionFinder$GuiceFinder._find(ExtensionFinder.java:402)
        at hudson.ExtensionFinder$GuiceFinder.find(ExtensionFinder.java:393)
        at hudson.ClassicPluginStrategy.findComponents(ClassicPluginStrategy.java:335)
        at hudson.ExtensionList.load(ExtensionList.java:380)
        at hudson.ExtensionList.ensureLoaded(ExtensionList.java:318)
        at hudson.ExtensionList.iterator(ExtensionList.java:172)
        at jenkins.metrics.api.Metrics.afterExtensionsAugmented(Metrics.java:335)
        at java.base/jdk.internal.reflect.NativeMethodAccessorImpl.invoke0(Native Method)
        at java.base/jdk.internal.reflect.NativeMethodAccessorImpl.invoke(NativeMethodAccessorImpl.java:62)
        at java.base/jdk.internal.reflect.DelegatingMethodAccessorImpl.invoke(DelegatingMethodAccessorImpl.java:43)
        at java.base/java.lang.reflect.Method.invoke(Method.java:566)
        at hudson.init.TaskMethodFinder.invoke(TaskMethodFinder.java:104)
        at hudson.init.TaskMethodFinder$TaskImpl.run(TaskMethodFinder.java:175)
        at org.jvnet.hudson.reactor.Reactor.runTask(Reactor.java:296)
        at jenkins.model.Jenkins$5.runTask(Jenkins.java:1096)
        at org.jvnet.hudson.reactor.Reactor$2.run(Reactor.java:214)
        at org.jvnet.hudson.reactor.Reactor$Node.run(Reactor.java:117)
        at java.base/java.util.concurrent.ThreadPoolExecutor.runWorker(ThreadPoolExecutor.java:1128)
        at java.base/java.util.concurrent.ThreadPoolExecutor$Worker.run(ThreadPoolExecutor.java:628)
        at java.base/java.lang.Thread.run(Thread.java:834)
Caused by: java.lang.reflect.InaccessibleObjectException: Unable to make public long com.sun.management.internal.OperatingSystemImpl.getProcessCpuTime() accessible: module jdk.management does not "opens com.sun.management.internal" to unnamed module @62dbb0e9
        at java.base/java.lang.reflect.AccessibleObject.checkCanSetAccessible(AccessibleObject.java:340)
        at java.base/java.lang.reflect.AccessibleObject.checkCanSetAccessible(AccessibleObject.java:280)
        at java.base/java.lang.reflect.Method.checkCanSetAccessible(Method.java:198)
        at java.base/java.lang.reflect.Method.setAccessible(Method.java:192)
        at jenkins.metrics.impl.VMMetricProviderImpl$CpuUsageGauge.<init>(VMMetricProviderImpl.java:226)
        at jenkins.metrics.impl.VMMetricProviderImpl.<init>(VMMetricProviderImpl.java:71)
        at jenkins.metrics.impl.VMMetricProviderImpl$$FastClassByGuice$$bd4f8b03.newInstance(<generated>)
        at com.google.inject.internal.cglib.reflect.$FastConstructor.newInstance(FastConstructor.java:40)
        at com.google.inject.internal.DefaultConstructionProxyFactory$1.newInstance(DefaultConstructionProxyFactory.java:61)
        at com.google.inject.internal.ConstructorInjector.provision(ConstructorInjector.java:105)
        at com.google.inject.internal.ConstructorInjector.access$000(ConstructorInjector.java:32)
        at com.google.inject.internal.ConstructorInjector$1.call(ConstructorInjector.java:89)
        at com.google.inject.internal.ProvisionListenerStackCallback$Provision.provision(ProvisionListenerStackCallback.java:115)
        at hudson.ExtensionFinder$GuiceFinder$SezpozModule.onProvision(ExtensionFinder.java:567)
        at com.google.inject.internal.ProvisionListenerStackCallback$Provision.provision(ProvisionListenerStackCallback.java:126)
        at com.google.inject.internal.ProvisionListenerStackCallback.provision(ProvisionListenerStackCallback.java:68)
        at com.google.inject.internal.ConstructorInjector.construct(ConstructorInjector.java:87)
        at com.google.inject.internal.ConstructorBindingImpl$Factory.get(ConstructorBindingImpl.java:267)
        at com.google.inject.internal.ProviderToInternalFactoryAdapter$1.call(ProviderToInternalFactoryAdapter.java:46)
        at com.google.inject.internal.InjectorImpl.callInContext(InjectorImpl.java:1103)
        at com.google.inject.internal.ProviderToInternalFactoryAdapter.get(ProviderToInternalFactoryAdapter.java:40)
        ... 26 more

Jul 22, 2019 3:41:21 PM jenkins.model.Jenkins setBuildsAndWorkspacesDir
INFO: Using non default workspaces directories: ${JENKINS_HOME}/workspace/${ITEM_FULLNAME}.
Jul 22, 2019 3:41:22 PM jenkins.InitReactorRunner$1 onAttained
INFO: Loaded all jobs
Jul 22, 2019 3:41:22 PM hudson.model.AsyncPeriodicWork$1 run
INFO: Started Download metadata
Jul 22, 2019 3:41:22 PM jenkins.util.groovy.GroovyHookScript execute
INFO: Executing /opt/deploy-box/jenkins/init.groovy.d/approve_scripts.groovy
Jul 22, 2019 3:41:22 PM hudson.model.AllView migrateLegacyPrimaryAllViewLocalizedName
INFO: JENKINS-38606 detected for AllView in hudson.model.Hudson@4ac99ffa; renaming view from All to all
Jul 22, 2019 3:41:22 PM jenkins.install.UpgradeWizard applyForcedChanges
INFO: New API token system configured with insecure options to keep legacy behavior
Jul 22, 2019 3:41:22 PM hudson.model.DownloadService$Downloadable load
INFO: Obtained the updated data file for hudson.tasks.Maven.MavenInstaller
Jul 22, 2019 3:41:22 PM hudson.model.DownloadService$Downloadable load
INFO: Obtained the updated data file for hudson.tasks.Ant.AntInstaller
Jul 22, 2019 3:41:23 PM hudson.model.DownloadService$Downloadable load
INFO: Obtained the updated data file for hudson.plugins.gradle.GradleInstaller
Jul 22, 2019 3:41:23 PM hudson.model.DownloadService$Downloadable load
INFO: Obtained the updated data file for hudson.plugins.groovy.GroovyInstaller
Jul 22, 2019 3:41:24 PM hudson.model.DownloadService$Downloadable load
INFO: Obtained the updated data file for hudson.tools.JDKInstaller
Jul 22, 2019 3:41:24 PM hudson.model.DownloadService$Downloadable load
INFO: Obtained the updated data file for org.jenkinsci.plugins.scriptler.CentralScriptJsonCatalog
Jul 22, 2019 3:41:24 PM hudson.model.AsyncPeriodicWork$1 run
INFO: Finished Download metadata. 2,309 ms
Script Approval approve all
Set permissive-script-security.enabled=true and set level log for this plugin
Jul 22, 2019 3:41:24 PM jenkins.util.groovy.GroovyHookScript execute
INFO: Executing /opt/deploy-box/jenkins/init.groovy.d/set_global_variables.groovy
Jul 22, 2019 3:41:25 PM jenkins.InitReactorRunner$1 onAttained
INFO: Completed initialization
Jul 22, 2019 3:41:25 PM jenkins.plugins.mattermost.MattermostNotifier$Migrator onLoaded
INFO: Starting Settings Migration Process
Jul 22, 2019 3:41:25 PM hudson.WebAppMain$3 run
INFO: Jenkins is fully up and running
Jul 22, 2019 3:41:32 PM hudson.model.AsyncAperiodicWork$1 run
INFO: Started Update IdP Metadata from URL PeriodicWork
Jul 22, 2019 3:41:32 PM hudson.model.AsyncAperiodicWork$1 run
INFO: Finished Update IdP Metadata from URL PeriodicWork. 3 ms
javax.net.ssl|DEBUG|12|Handling GET / from 10.255.0.2 : qtp1256440269-18 View/index.jelly AdministrativeMonitorsDecorator/footer.jelly|2019-07-22 15:42:52.244 CEST|SSLCipher.java:437|jdk.tls.keyLimits:  entry = AES/GCM/NoPadding KeyUpdate 2^37. AES/GCM/NOPADDING:KEYUPDATE = 137438953472
javax.net.ssl|WARNING|6A|Thread-22|2019-07-22 15:44:05.793 CEST|SignatureScheme.java:282|Signature algorithm, ed25519, is not supported by the underlying providers
javax.net.ssl|WARNING|6A|Thread-22|2019-07-22 15:44:05.794 CEST|SignatureScheme.java:282|Signature algorithm, ed448, is not supported by the underlying providers
javax.net.ssl|INFO|6A|Thread-22|2019-07-22 15:44:05.800 CEST|AlpnExtension.java:161|No available application protocols
javax.net.ssl|DEBUG|6A|Thread-22|2019-07-22 15:44:05.800 CEST|SSLExtensions.java:257|Ignore, context unavailable extension: application_layer_protocol_negotiation
javax.net.ssl|DEBUG|6A|Thread-22|2019-07-22 15:44:05.801 CEST|SSLExtensions.java:257|Ignore, context unavailable extension: cookie
javax.net.ssl|DEBUG|6A|Thread-22|2019-07-22 15:44:05.827 CEST|SSLExtensions.java:257|Ignore, context unavailable extension: renegotiation_info
javax.net.ssl|DEBUG|6A|Thread-22|2019-07-22 15:44:05.827 CEST|PreSharedKeyExtension.java:633|No session to resume.
javax.net.ssl|DEBUG|6A|Thread-22|2019-07-22 15:44:05.827 CEST|SSLExtensions.java:257|Ignore, context unavailable extension: pre_shared_key
javax.net.ssl|DEBUG|6A|Thread-22|2019-07-22 15:44:05.831 CEST|ClientHello.java:653|Produced ClientHello handshake message (
"ClientHello": {
  "client version"      : "TLSv1.2",
  "random"              : "5C 46 C8 E6 96 5A 9E DD E6 2A 17 06 8D A3 1E 36 48 22 51 6A 86 E8 28 D9 04 5B A7 69 77 91 52 8C",
  "session id"          : "04 1E 46 4F 3E EF 62 E6 76 B8 1D A4 CA C1 37 F9 43 09 66 D8 90 8F 84 96 AE FF B5 BA F4 4D E3 22",
  "cipher suites"       : "[TLS_AES_128_GCM_SHA256(0x1301), TLS_AES_256_GCM_SHA384(0x1302), TLS_ECDHE_ECDSA_WITH_AES_256_GCM_SHA384(0xC02C), TLS_ECDHE_ECDSA_WITH_AES_128_GCM_SHA256(0xC02B), TLS_ECDHE_RSA_WITH_AES_256_GCM_SHA384(0xC030), TLS_RSA_WITH_AES_256_GCM_SHA384(0x009D), TLS_ECDH_ECDSA_WITH_AES_256_GCM_SHA384(0xC02E), TLS_ECDH_RSA_WITH_AES_256_GCM_SHA384(0xC032), TLS_DHE_RSA_WITH_AES_256_GCM_SHA384(0x009F), TLS_DHE_DSS_WITH_AES_256_GCM_SHA384(0x00A3), TLS_ECDHE_RSA_WITH_AES_128_GCM_SHA256(0xC02F), TLS_RSA_WITH_AES_128_GCM_SHA256(0x009C), TLS_ECDH_ECDSA_WITH_AES_128_GCM_SHA256(0xC02D), TLS_ECDH_RSA_WITH_AES_128_GCM_SHA256(0xC031), TLS_DHE_RSA_WITH_AES_128_GCM_SHA256(0x009E), TLS_DHE_DSS_WITH_AES_128_GCM_SHA256(0x00A2), TLS_ECDHE_ECDSA_WITH_AES_256_CBC_SHA384(0xC024), TLS_ECDHE_RSA_WITH_AES_256_CBC_SHA384(0xC028), TLS_RSA_WITH_AES_256_CBC_SHA256(0x003D), TLS_ECDH_ECDSA_WITH_AES_256_CBC_SHA384(0xC026), TLS_ECDH_RSA_WITH_AES_256_CBC_SHA384(0xC02A), TLS_DHE_RSA_WITH_AES_256_CBC_SHA256(0x006B), TLS_DHE_DSS_WITH_AES_256_CBC_SHA256(0x006A), TLS_ECDHE_ECDSA_WITH_AES_256_CBC_SHA(0xC00A), TLS_ECDHE_RSA_WITH_AES_256_CBC_SHA(0xC014), TLS_RSA_WITH_AES_256_CBC_SHA(0x0035), TLS_ECDH_ECDSA_WITH_AES_256_CBC_SHA(0xC005), TLS_ECDH_RSA_WITH_AES_256_CBC_SHA(0xC00F), TLS_DHE_RSA_WITH_AES_256_CBC_SHA(0x0039), TLS_DHE_DSS_WITH_AES_256_CBC_SHA(0x0038), TLS_ECDHE_ECDSA_WITH_AES_128_CBC_SHA256(0xC023), TLS_ECDHE_RSA_WITH_AES_128_CBC_SHA256(0xC027), TLS_RSA_WITH_AES_128_CBC_SHA256(0x003C), TLS_ECDH_ECDSA_WITH_AES_128_CBC_SHA256(0xC025), TLS_ECDH_RSA_WITH_AES_128_CBC_SHA256(0xC029), TLS_DHE_RSA_WITH_AES_128_CBC_SHA256(0x0067), TLS_DHE_DSS_WITH_AES_128_CBC_SHA256(0x0040), TLS_ECDHE_ECDSA_WITH_AES_128_CBC_SHA(0xC009), TLS_ECDHE_RSA_WITH_AES_128_CBC_SHA(0xC013), TLS_RSA_WITH_AES_128_CBC_SHA(0x002F), TLS_ECDH_ECDSA_WITH_AES_128_CBC_SHA(0xC004), TLS_ECDH_RSA_WITH_AES_128_CBC_SHA(0xC00E), TLS_DHE_RSA_WITH_AES_128_CBC_SHA(0x0033), TLS_DHE_DSS_WITH_AES_128_CBC_SHA(0x0032), TLS_EMPTY_RENEGOTIATION_INFO_SCSV(0x00FF)]",
  "compression methods" : "00",
  "extensions"          : [
    "status_request (5)": {
      "certificate status type": ocsp
      "OCSP status request": {
        "responder_id": <empty>
        "request extensions": {
          <empty>
        }
      }
    },
    "supported_groups (10)": {
      "versions": [secp256r1, secp384r1, secp521r1, sect283k1, sect283r1, sect409k1, sect409r1, sect571k1, sect571r1, secp256k1, ffdhe2048, ffdhe3072, ffdhe4096, ffdhe6144, ffdhe8192]
    },
    "ec_point_formats (11)": {
      "formats": [uncompressed]
    },
    "signature_algorithms (13)": {
      "signature schemes": [ecdsa_secp256r1_sha256, ecdsa_secp384r1_sha384, ecdsa_secp512r1_sha512, rsa_pss_rsae_sha256, rsa_pss_rsae_sha384, rsa_pss_rsae_sha512, rsa_pss_pss_sha256, rsa_pss_pss_sha384, rsa_pss_pss_sha512, rsa_pkcs1_sha256, rsa_pkcs1_sha384, rsa_pkcs1_sha512, dsa_sha256, ecdsa_sha224, rsa_sha224, dsa_sha224, ecdsa_sha1, rsa_pkcs1_sha1, dsa_sha1]
    },
    "signature_algorithms_cert (50)": {
      "signature schemes": [ecdsa_secp256r1_sha256, ecdsa_secp384r1_sha384, ecdsa_secp512r1_sha512, rsa_pss_rsae_sha256, rsa_pss_rsae_sha384, rsa_pss_rsae_sha512, rsa_pss_pss_sha256, rsa_pss_pss_sha384, rsa_pss_pss_sha512, rsa_pkcs1_sha256, rsa_pkcs1_sha384, rsa_pkcs1_sha512, dsa_sha256, ecdsa_sha224, rsa_sha224, dsa_sha224, ecdsa_sha1, rsa_pkcs1_sha1, dsa_sha1]
    },
    "status_request_v2 (17)": {
      "cert status request": {
        "certificate status type": ocsp_multi
        "OCSP status request": {
          "responder_id": <empty>
          "request extensions": {
            <empty>
          }
        }
      }
    },
    "extended_master_secret (23)": {
      <empty>
    },
    "supported_versions (43)": {
      "versions": [TLSv1.3, TLSv1.2, TLSv1.1, TLSv1]
    },
    "psk_key_exchange_modes (45)": {
      "ke_modes": [psk_dhe_ke]
    },
    "key_share (51)": {
      "client_shares": [
        {
          "named group": secp256r1
          "key_exchange": {
            0000: 04 83 84 8A F6 9C 23 D6   E0 D7 04 F6 AB 5E EA 3A  ......#......^.:
            0010: 4A F5 68 3A EF 01 1B D1   C8 4C 98 E2 FE 38 91 3A  J.h:.....L...8.:
            0020: FB 35 61 9D 0A 8B F9 6D   A5 78 52 77 26 A6 4D A1  .5a....m.xRw&.M.
            0030: F8 1A 8F C8 68 0E 18 FF   B1 AC 4B 5F A6 DD A7 73  ....h.....K_...s
            0040: 4E
          }
        },
      ]
    }
  ]
}
)
javax.net.ssl|ERROR|6A|Thread-22|2019-07-22 15:44:05.836 CEST|TransportContext.java:312|Fatal (HANDSHAKE_FAILURE): Couldn't kickstart handshaking (
"throwable" : {
  javax.net.ssl.SSLHandshakeException: Remote host terminated the handshake
        at java.base/sun.security.ssl.SSLSocketImpl.handleEOF(SSLSocketImpl.java:1322)
        at java.base/sun.security.ssl.SSLSocketImpl.decode(SSLSocketImpl.java:1160)
        at java.base/sun.security.ssl.SSLSocketImpl.readHandshakeRecord(SSLSocketImpl.java:1063)
        at java.base/sun.security.ssl.SSLSocketImpl.startHandshake(SSLSocketImpl.java:402)
        at java.base/sun.security.ssl.SSLSocketImpl.ensureNegotiated(SSLSocketImpl.java:716)
        at java.base/sun.security.ssl.SSLSocketImpl$AppInputStream.read(SSLSocketImpl.java:799)
        at java.base/java.io.BufferedInputStream.fill(BufferedInputStream.java:252)
        at java.base/java.io.BufferedInputStream.read1(BufferedInputStream.java:292)
        at java.base/java.io.BufferedInputStream.read(BufferedInputStream.java:351)
        at java.naming/com.sun.jndi.ldap.Connection.run(Connection.java:832)
        at java.base/java.lang.Thread.run(Thread.java:834)
  Caused by: java.io.EOFException: SSL peer shut down incorrectly
        at java.base/sun.security.ssl.SSLSocketInputRecord.decode(SSLSocketInputRecord.java:167)
        at java.base/sun.security.ssl.SSLTransport.decode(SSLTransport.java:108)
        at java.base/sun.security.ssl.SSLSocketImpl.decode(SSLSocketImpl.java:1152)
        ... 9 more}

)
javax.net.ssl|DEBUG|6A|Thread-22|2019-07-22 15:44:05.837 CEST|SSLSocketImpl.java:1362|close the underlying socket
javax.net.ssl|DEBUG|6A|Thread-22|2019-07-22 15:44:05.837 CEST|SSLSocketImpl.java:1381|close the SSL connection (initiative)
