Jul 9, 2010 4:25:27 PM hudson.model.Run run
INFO: main-intranet-e2e » build112_main #1931 main build action completed: SUCCESS
Jul 9, 2010 4:26:08 PM hudson.model.Hudson doQuietDown
INFO: Entering the blocking quiet down mode
Jul 9, 2010 4:26:09 PM hudson.model.Hudson doQuietDown
INFO: Waiting for all the jobs to finish. Total=167 idle=155
Jul 9, 2010 4:27:10 PM hudson.model.Hudson doQuietDown
INFO: Waiting for all the jobs to finish. Total=167 idle=155
Jul 9, 2010 4:27:17 PM hudson.model.Run run
INFO: main-intranet-e2e » build114_main #1931 main build action completed: SUCCESS
Jul 9, 2010 4:27:29 PM hudson.model.Run run
INFO: main-intranet-e2e » build111_main #1931 main build action completed: SUCCESS
Jul 9, 2010 4:28:10 PM hudson.model.Hudson doQuietDown
INFO: Waiting for all the jobs to finish. Total=167 idle=157
Jul 9, 2010 4:28:42 PM hudson.model.Run run
INFO: main-member-e2e » build115_main #1799 main build action completed: SUCCESS
Jul 9, 2010 4:29:00 PM hudson.model.Run run
INFO: main-member-e2e » build110_main #1799 main build action completed: SUCCESS
Jul 9, 2010 4:29:10 PM hudson.model.Hudson doQuietDown
INFO: Waiting for all the jobs to finish. Total=167 idle=159
Jul 9, 2010 4:29:38 PM hudson.model.Run run
INFO: main-member-e2e » build113_main #1799 main build action completed: SUCCESS
Jul 9, 2010 4:30:10 PM hudson.model.Hudson doQuietDown
INFO: Waiting for all the jobs to finish. Total=167 idle=160
Jul 9, 2010 4:30:19 PM hudson.model.Run run
INFO: main-member-e2e » build114_main #1799 main build action completed: SUCCESS
Jul 9, 2010 4:31:10 PM hudson.model.Hudson doQuietDown
INFO: Waiting for all the jobs to finish. Total=167 idle=161
Jul 9, 2010 4:32:10 PM hudson.model.Hudson doQuietDown
INFO: Waiting for all the jobs to finish. Total=167 idle=161
Jul 9, 2010 4:33:10 PM hudson.model.Hudson doQuietDown
INFO: Waiting for all the jobs to finish. Total=167 idle=161
Jul 9, 2010 4:33:21 PM hudson.model.Run run
INFO: main-member-e2e » build108_main #1799 main build action completed: SUCCESS
Jul 9, 2010 4:34:11 PM hudson.model.Hudson doQuietDown
INFO: Waiting for all the jobs to finish. Total=167 idle=162
Jul 9, 2010 4:35:11 PM hudson.model.Hudson doQuietDown
INFO: Waiting for all the jobs to finish. Total=167 idle=162
Jul 9, 2010 4:36:11 PM hudson.model.Hudson doQuietDown
INFO: Waiting for all the jobs to finish. Total=167 idle=162
Jul 9, 2010 4:36:12 PM hudson.model.Run run
INFO: main-member-e2e » build111_main #1799 main build action completed: SUCCESS
Jul 9, 2010 4:36:19 PM hudson.model.Run run
INFO: main-cjo #788 main build action completed: SUCCESS
Jul 9, 2010 4:36:34 PM hudson.model.Run run
INFO: main-intranet-e2e » build107_main #1931 main build action completed: SUCCESS
Jul 9, 2010 4:36:38 PM hudson.model.Run run
INFO: main-intranet-e2e #1931 main build action completed: SUCCESS
Jul 9, 2010 4:37:11 PM hudson.model.Hudson doQuietDown
INFO: Waiting for all the jobs to finish. Total=167 idle=165
Jul 9, 2010 4:37:25 PM hudson.model.Run run
INFO: main-member-e2e » build107_main #1799 main build action completed: SUCCESS
Jul 9, 2010 4:37:41 PM hudson.model.Run run
INFO: main-member-e2e » build109_main #1799 main build action completed: SUCCESS
Jul 9, 2010 4:37:43 PM hudson.model.Hudson doQuietDown
INFO: System became fully quiet
Jul 9, 2010 4:37:43 PM hudson.model.Hudson$17 run
INFO: Restart in 5 seconds
Jul 9, 2010 4:37:44 PM hudson.model.Run run
INFO: main-member-e2e #1799 main build action completed: SUCCESS
Jul 9, 2010 4:37:44 PM hudson.model.Run run
INFO: notify-for-starter #15043 main build action completed: SUCCESS
Jul 9, 2010 4:37:57 PM hudson.model.Hudson$4 onAttained
INFO: Started initialization
