Sep 11 16:28:29 <HOST> rkt[1884]: [264368.098553] jenkins[5]: Sep 11, 2017 11:28:29 PM hudson.model.UpdateCenter doSafeRestart
Sep 11 16:28:29 <HOST> rkt[1884]: [264368.099177] jenkins[5]: INFO: Scheduling Jenkins reboot
Sep 11 16:28:29 <HOST> rkt[1884]: [264368.483998] jenkins[5]: Sep 11, 2017 11:28:29 PM jenkins.model.Jenkins$26 run
Sep 11 16:28:29 <HOST> rkt[1884]: [264368.484339] jenkins[5]: INFO: Restart in 10 seconds
Sep 11 16:28:39 <HOST> rkt[1884]: [264378.484295] jenkins[5]: Sep 11, 2017 11:28:39 PM jenkins.model.Jenkins$26 run
Sep 11 16:28:39 <HOST> rkt[1884]: [264378.484703] jenkins[5]: SEVERE: Restarting VM as requested by mpiechotka
Sep 11 16:28:40 <HOST> rkt[1884]: [264378.508875] jenkins[5]: Sep 11, 2017 11:28:40 PM jenkins.model.Jenkins cleanUp
Sep 11 16:28:40 <HOST> rkt[1884]: [264378.509213] jenkins[5]: INFO: Stopping Jenkins
Sep 11 16:28:40 <HOST> rkt[1884]: [264378.789146] jenkins[5]: Sep 11, 2017 11:28:40 PM jenkins.model.Jenkins$21 onAttained
Sep 11 16:28:40 <HOST> rkt[1884]: [264378.789531] jenkins[5]: INFO: Started termination
Sep 11 16:28:40 <HOST> rkt[1884]: [264379.188764] jenkins[5]: Sep 11, 2017 11:28:40 PM jenkins.model.Jenkins$21 onAttained
Sep 11 16:28:40 <HOST> rkt[1884]: [264379.189085] jenkins[5]: INFO: Completed termination
Sep 11 16:28:40 <HOST> rkt[1884]: [264379.189292] jenkins[5]: Sep 11, 2017 11:28:40 PM jenkins.model.Jenkins _cleanUpDisconnectComputers
Sep 11 16:28:40 <HOST> rkt[1884]: [264379.189473] jenkins[5]: INFO: Starting node disconnection
Sep 11 16:28:41 <HOST> rkt[1884]: [264379.521666] jenkins[5]: Sep 11, 2017 11:28:41 PM jenkins.slaves.DefaultJnlpSlaveReceiver channelClosed
Sep 11 16:28:41 <HOST> rkt[1884]: [264379.522067] jenkins[5]: WARNING: safe-restart thread for <HOST> terminated
Sep 11 16:28:41 <HOST> rkt[1884]: [264379.522329] jenkins[5]: java.nio.channels.ClosedChannelException
Sep 11 16:28:41 <HOST> rkt[1884]: [264379.522600] jenkins[5]:         at org.jenkinsci.remoting.protocol.impl.ChannelApplicationLayer.onReadClosed(ChannelApplicationLayer.java:208)
Sep 11 16:28:41 <HOST> rkt[1884]: [264379.522859] jenkins[5]:         at org.jenkinsci.remoting.protocol.ApplicationLayer.onRecvClosed(ApplicationLayer.java:222)
Sep 11 16:28:41 <HOST> rkt[1884]: [264379.523114] jenkins[5]:         at org.jenkinsci.remoting.protocol.ProtocolStack$Ptr.onRecvClosed(ProtocolStack.java:832)
Sep 11 16:28:41 <HOST> rkt[1884]: [264379.523366] jenkins[5]:         at org.jenkinsci.remoting.protocol.FilterLayer.onRecvClosed(FilterLayer.java:287)
Sep 11 16:28:41 <HOST> rkt[1884]: [264379.523625] jenkins[5]:         at org.jenkinsci.remoting.protocol.impl.SSLEngineFilterLayer.onRecvClosed(SSLEngineFilterLayer.java:181)
Sep 11 16:28:41 <HOST> rkt[1884]: [264379.523882] jenkins[5]:         at org.jenkinsci.remoting.protocol.impl.SSLEngineFilterLayer.switchToNoSecure(SSLEngineFilterLayer.java:283)
Sep 11 16:28:41 <HOST> rkt[1884]: [264379.524136] jenkins[5]:         at org.jenkinsci.remoting.protocol.impl.SSLEngineFilterLayer.processWrite(SSLEngineFilterLayer.java:503)
Sep 11 16:28:41 <HOST> rkt[1884]: [264379.524383] jenkins[5]:         at org.jenkinsci.remoting.protocol.impl.SSLEngineFilterLayer.processQueuedWrites(SSLEngineFilterLayer.java:248)
Sep 11 16:28:41 <HOST> rkt[1884]: [264379.524643] jenkins[5]:         at org.jenkinsci.remoting.protocol.impl.SSLEngineFilterLayer.doSend(SSLEngineFilterLayer.java:200)
Sep 11 16:28:41 <HOST> rkt[1884]: [264379.524896] jenkins[5]:         at org.jenkinsci.remoting.protocol.impl.SSLEngineFilterLayer.doCloseSend(SSLEngineFilterLayer.java:213)
Sep 11 16:28:41 <HOST> rkt[1884]: [264379.525141] jenkins[5]:         at org.jenkinsci.remoting.protocol.ProtocolStack$Ptr.doCloseSend(ProtocolStack.java:800)
Sep 11 16:28:41 <HOST> rkt[1884]: [264379.525386] jenkins[5]:         at org.jenkinsci.remoting.protocol.ApplicationLayer.doCloseWrite(ApplicationLayer.java:173)
Sep 11 16:28:41 <HOST> rkt[1884]: [264379.525634] jenkins[5]:         at org.jenkinsci.remoting.protocol.impl.ChannelApplicationLayer$ByteBufferCommandTransport.closeWrite(ChannelApplicationLayer.java:>
Sep 11 16:28:41 <HOST> rkt[1884]: [264379.525887] jenkins[5]:         at hudson.remoting.Channel.close(Channel.java:1295)
Sep 11 16:28:41 <HOST> rkt[1884]: [264379.526133] jenkins[5]:         at hudson.remoting.Channel.close(Channel.java:1263)
Sep 11 16:28:41 <HOST> rkt[1884]: [264379.526380] jenkins[5]:         at hudson.slaves.SlaveComputer.closeChannel(SlaveComputer.java:708)
Sep 11 16:28:41 <HOST> rkt[1884]: [264379.526636] jenkins[5]:         at hudson.slaves.SlaveComputer.kill(SlaveComputer.java:675)
Sep 11 16:28:41 <HOST> rkt[1884]: [264379.526885] jenkins[5]:         at hudson.model.AbstractCIBase.killComputer(AbstractCIBase.java:87)
Sep 11 16:28:41 <HOST> rkt[1884]: [264379.527133] jenkins[5]:         at jenkins.model.Jenkins.access$2000(Jenkins.java:307)
Sep 11 16:28:41 <HOST> rkt[1884]: [264379.527381] jenkins[5]:         at jenkins.model.Jenkins$22.run(Jenkins.java:3359)
Sep 11 16:28:41 <HOST> rkt[1884]: [264379.527636] jenkins[5]:         at hudson.model.Queue._withLock(Queue.java:1342)
Sep 11 16:28:41 <HOST> rkt[1884]: [264379.527891] jenkins[5]:         at hudson.model.Queue.withLock(Queue.java:1219)
Sep 11 16:28:41 <HOST> rkt[1884]: [264379.528152] jenkins[5]:         at jenkins.model.Jenkins._cleanUpDisconnectComputers(Jenkins.java:3353)
Sep 11 16:28:41 <HOST> rkt[1884]: [264379.528397] jenkins[5]:         at jenkins.model.Jenkins.cleanUp(Jenkins.java:3229)
Sep 11 16:28:41 <HOST> rkt[1884]: [264379.528650] jenkins[5]:         at hudson.lifecycle.UnixLifecycle.restart(UnixLifecycle.java:73)
Sep 11 16:28:41 <HOST> rkt[1884]: [264379.528898] jenkins[5]:         at jenkins.model.Jenkins$26.run(Jenkins.java:4214)
Sep 11 16:28:41 <HOST> rkt[1884]: [264379.678396] jenkins[5]: Sep 11, 2017 11:28:41 PM jenkins.slaves.DefaultJnlpSlaveReceiver channelClosed
Sep 11 16:28:41 <HOST> rkt[1884]: [264379.678778] jenkins[5]: WARNING: safe-restart thread for <BUILDER> terminated
Sep 11 16:28:41 <HOST> rkt[1884]: [264379.678983] jenkins[5]: java.nio.channels.ClosedChannelException
Sep 11 16:28:41 <HOST> rkt[1884]: [264379.679242] jenkins[5]:         at org.jenkinsci.remoting.protocol.impl.ChannelApplicationLayer.onReadClosed(ChannelApplicationLayer.java:208)
Sep 11 16:28:41 <HOST> rkt[1884]: [264379.679504] jenkins[5]:         at org.jenkinsci.remoting.protocol.ApplicationLayer.onRecvClosed(ApplicationLayer.java:222)
Sep 11 16:28:41 <HOST> rkt[1884]: [264379.679749] jenkins[5]:         at org.jenkinsci.remoting.protocol.ProtocolStack$Ptr.onRecvClosed(ProtocolStack.java:832)
Sep 11 16:28:41 <HOST> rkt[1884]: [264379.679983] jenkins[5]:         at org.jenkinsci.remoting.protocol.FilterLayer.onRecvClosed(FilterLayer.java:287)
Sep 11 16:28:41 <HOST> rkt[1884]: [264379.680242] jenkins[5]:         at org.jenkinsci.remoting.protocol.impl.SSLEngineFilterLayer.onRecvClosed(SSLEngineFilterLayer.java:181)
Sep 11 16:28:41 <HOST> rkt[1884]: [264379.680471] jenkins[5]:         at org.jenkinsci.remoting.protocol.impl.SSLEngineFilterLayer.switchToNoSecure(SSLEngineFilterLayer.java:283)
Sep 11 16:28:41 <HOST> rkt[1884]: [264379.680697] jenkins[5]:         at org.jenkinsci.remoting.protocol.impl.SSLEngineFilterLayer.processWrite(SSLEngineFilterLayer.java:503)
Sep 11 16:28:41 <HOST> rkt[1884]: [264379.680922] jenkins[5]:         at org.jenkinsci.remoting.protocol.impl.SSLEngineFilterLayer.processQueuedWrites(SSLEngineFilterLayer.java:248)
Sep 11 16:28:41 <HOST> rkt[1884]: [264379.681148] jenkins[5]:         at org.jenkinsci.remoting.protocol.impl.SSLEngineFilterLayer.doSend(SSLEngineFilterLayer.java:200)
Sep 11 16:28:41 <HOST> rkt[1884]: [264379.681372] jenkins[5]:         at org.jenkinsci.remoting.protocol.impl.SSLEngineFilterLayer.doCloseSend(SSLEngineFilterLayer.java:213)
Sep 11 16:28:41 <HOST> rkt[1884]: [264379.681595] jenkins[5]:         at org.jenkinsci.remoting.protocol.ProtocolStack$Ptr.doCloseSend(ProtocolStack.java:800)
Sep 11 16:28:41 <HOST> rkt[1884]: [264379.681831] jenkins[5]:         at org.jenkinsci.remoting.protocol.ApplicationLayer.doCloseWrite(ApplicationLayer.java:173)
Sep 11 16:28:41 <HOST> rkt[1884]: [264379.682059] jenkins[5]:         at org.jenkinsci.remoting.protocol.impl.ChannelApplicationLayer$ByteBufferCommandTransport.closeWrite(ChannelApplicationLayer.java:>
Sep 11 16:28:41 <HOST> rkt[1884]: [264379.682283] jenkins[5]:         at hudson.remoting.Channel.close(Channel.java:1295)
Sep 11 16:28:41 <HOST> rkt[1884]: [264379.682507] jenkins[5]:         at hudson.remoting.Channel.close(Channel.java:1263)
Sep 11 16:28:41 <HOST> rkt[1884]: [264379.682732] jenkins[5]:         at hudson.slaves.SlaveComputer.closeChannel(SlaveComputer.java:708)
Sep 11 16:28:41 <HOST> rkt[1884]: [264379.682955] jenkins[5]:         at hudson.slaves.SlaveComputer.kill(SlaveComputer.java:675)
Sep 11 16:28:41 <HOST> rkt[1884]: [264379.683177] jenkins[5]:         at hudson.model.AbstractCIBase.killComputer(AbstractCIBase.java:87)
Sep 11 16:28:41 <HOST> rkt[1884]: [264379.683401] jenkins[5]:         at jenkins.model.Jenkins.access$2000(Jenkins.java:307)
Sep 11 16:28:41 <HOST> rkt[1884]: [264379.683627] jenkins[5]:         at jenkins.model.Jenkins$22.run(Jenkins.java:3359)
Sep 11 16:28:41 <HOST> rkt[1884]: [264379.683850] jenkins[5]:         at hudson.model.Queue._withLock(Queue.java:1342)
Sep 11 16:28:41 <HOST> rkt[1884]: [264379.684083] jenkins[5]:         at hudson.model.Queue.withLock(Queue.java:1219)
Sep 11 16:28:41 <HOST> rkt[1884]: [264379.684325] jenkins[5]:         at jenkins.model.Jenkins._cleanUpDisconnectComputers(Jenkins.java:3353)
Sep 11 16:28:41 <HOST> rkt[1884]: [264379.684553] jenkins[5]:         at jenkins.model.Jenkins.cleanUp(Jenkins.java:3229)
Sep 11 16:28:41 <HOST> rkt[1884]: [264379.684779] jenkins[5]:         at hudson.lifecycle.UnixLifecycle.restart(UnixLifecycle.java:73)
Sep 11 16:28:41 <HOST> rkt[1884]: [264379.685012] jenkins[5]:         at jenkins.model.Jenkins$26.run(Jenkins.java:4214)
Sep 11 16:28:41 <HOST> rkt[1884]: [264379.820670] jenkins[5]: Sep 11, 2017 11:28:41 PM hudson.TcpSlaveAgentListener$ConnectionHandler run
Sep 11 16:28:41 <HOST> rkt[1884]: [264379.821024] jenkins[5]: INFO: Accepted Ping connection #3 from /<BUILDER IP>:44046
Sep 11 16:28:41 <HOST> rkt[1884]: [264379.821281] jenkins[5]: Sep 11, 2017 11:28:41 PM jenkins.model.Jenkins _cleanUpShutdownPluginManager
Sep 11 16:28:41 <HOST> rkt[1884]: [264379.821516] jenkins[5]: INFO: Stopping plugin manager
Sep 11 16:28:43 <HOST> rkt[1884]: [264382.433878] jenkins[5]: Sep 11, 2017 11:28:43 PM jenkins.model.Jenkins _cleanUpPersistQueue
Sep 11 16:28:43 <HOST> rkt[1884]: [264382.434294] jenkins[5]: INFO: Persisting build queue
Sep 11 16:28:44 <HOST> rkt[1884]: [264382.524220] jenkins[5]: Sep 11, 2017 11:28:44 PM jenkins.model.Jenkins _cleanUpAwaitDisconnects
Sep 11 16:28:44 <HOST> rkt[1884]: [264382.524621] jenkins[5]: INFO: Waiting for node disconnection completion
Sep 11 16:28:44 <HOST> rkt[1884]: [264382.524812] jenkins[5]: Sep 11, 2017 11:28:44 PM jenkins.model.Jenkins cleanUp
Sep 11 16:28:44 <HOST> rkt[1884]: [264382.525007] jenkins[5]: INFO: Jenkins stopped
Sep 11 16:28:44 <HOST> rkt[1884]: [264383.411731] jenkins[5]: Running from: /usr/share/jenkins/jenkins.war
Sep 11 16:28:44 <HOST> rkt[1884]: [264383.417816] jenkins[5]: webroot: EnvVars.masterEnvVars.get("JENKINS_HOME")
Sep 11 16:28:45 <HOST> rkt[1884]: [264383.746362] jenkins[5]: Sep 11, 2017 11:28:45 PM Main deleteWinstoneTempContents
Sep 11 16:28:45 <HOST> rkt[1884]: [264383.746761] jenkins[5]: WARNING: Failed to delete the temporary Winstone file /tmp/winstone/jenkins.war
Sep 11 16:28:45 <HOST> rkt[1884]: [264383.790583] jenkins[5]: Sep 11, 2017 11:28:45 PM org.eclipse.jetty.util.log.JavaUtilLog info
Sep 11 16:28:45 <HOST> rkt[1884]: [264383.790985] jenkins[5]: INFO: Logging initialized @753ms
Sep 11 16:28:45 <HOST> rkt[1884]: [264383.813838] jenkins[5]: Sep 11, 2017 11:28:45 PM winstone.Logger logInternal
Sep 11 16:28:45 <HOST> rkt[1884]: [264383.814664] jenkins[5]: INFO: Beginning extraction from war file
Sep 11 16:28:45 <HOST> rkt[1884]: [264383.878829] jenkins[5]: Sep 11, 2017 11:28:45 PM org.eclipse.jetty.util.log.JavaUtilLog info
Sep 11 16:28:45 <HOST> rkt[1884]: [264383.879241] jenkins[5]: INFO: jetty-9.2.z-SNAPSHOT
Sep 11 16:28:46 <HOST> rkt[1884]: [264384.725075] jenkins[5]: Sep 11, 2017 11:28:46 PM org.eclipse.jetty.util.log.JavaUtilLog info
Sep 11 16:28:46 <HOST> rkt[1884]: [264384.725874] jenkins[5]: INFO: NO JSP Support for /jenkins, did not find org.eclipse.jetty.jsp.JettyJspServlet
Sep 11 16:28:46 <HOST> rkt[1884]: [264385.210112] jenkins[5]: Jenkins home directory: /var/jenkins_home found at: EnvVars.masterEnvVars.get("JENKINS_HOME")
Sep 11 16:28:47 <HOST> rkt[1884]: [264386.145641] jenkins[5]: Fontconfig warning: ignoring C.UTF-8: not a valid language tag
Sep 11 16:28:47 <HOST> rkt[1884]: [264386.229734] jenkins[5]: Sep 11, 2017 11:28:47 PM org.eclipse.jetty.util.log.JavaUtilLog info
Sep 11 16:28:47 <HOST> rkt[1884]: [264386.230155] jenkins[5]: INFO: Started w.@8f2ef19{/jenkins,file:/var/jenkins_home/war/,AVAILABLE}{/var/jenkins_home/war}
Sep 11 16:28:47 <HOST> rkt[1884]: [264386.247499] jenkins[5]: Sep 11, 2017 11:28:47 PM org.eclipse.jetty.util.log.JavaUtilLog info
Sep 11 16:28:47 <HOST> rkt[1884]: [264386.247902] jenkins[5]: INFO: Started ServerConnector@548d708a{HTTP/1.1}{0.0.0.0:8080}
Sep 11 16:28:47 <HOST> rkt[1884]: [264386.248203] jenkins[5]: Sep 11, 2017 11:28:47 PM org.eclipse.jetty.util.log.JavaUtilLog info
Sep 11 16:28:47 <HOST> rkt[1884]: [264386.248477] jenkins[5]: INFO: Started @3211ms

