Aug 21, 2009 12:11:03 AM hudson.ExpressionFactory2$JexlExpression evaluate
WARNING: Caught exception evaluating: from.toHtml(data). Reason: java.lang.ArithmeticException: / by zero
java.lang.ArithmeticException: / by zero
        at hudson.node_monitors.SwapSpaceMonitor.toHtml(SwapSpaceMonitor.java:57)
        at sun.reflect.NativeMethodAccessorImpl.invoke0(Native Method)
        at sun.reflect.NativeMethodAccessorImpl.invoke(NativeMethodAccessorImpl.java:39)
        at sun.reflect.DelegatingMethodAccessorImpl.invoke(DelegatingMethodAccessorImpl.java:25)
        at java.lang.reflect.Method.invoke(Method.java:597)
        at org.apache.commons.jexl.util.introspection.UberspectImpl$VelMethodImpl.invoke(UberspectImpl.java:258)
        at org.apache.commons.jexl.parser.ASTMethod.execute(ASTMethod.java:104)
        at org.apache.commons.jexl.parser.ASTReference.execute(ASTReference.java:83)
        at org.apache.commons.jexl.parser.ASTReference.value(ASTReference.java:57)
        at org.apache.commons.jexl.parser.ASTReferenceExpression.value(ASTReferenceExpression.java:51)
        at org.apache.commons.jexl.ExpressionImpl.evaluate(ExpressionImpl.java:80)
        at hudson.ExpressionFactory2$JexlExpression.evaluate(ExpressionFactory2.java:71)
        at org.apache.commons.jelly.impl.ExpressionScript.run(ExpressionScript.java:66)
        at org.apache.commons.jelly.TagSupport.invokeBody(TagSupport.java:186)
        at org.apache.commons.jelly.impl.StaticTag.doTag(StaticTag.java:65)
        at org.apache.commons.jelly.impl.StaticTagScript.run(StaticTagScript.java:112)
        at org.apache.commons.jelly.impl.ScriptBlock.run(ScriptBlock.java:95)
        at org.apache.commons.jelly.TagSupport.invokeBody(TagSupport.java:186)
        at org.apache.commons.jelly.tags.core.OtherwiseTag.doTag(OtherwiseTag.java:41)
        at org.apache.commons.jelly.impl.TagScript.run(TagScript.java:262)
        at org.apache.commons.jelly.impl.ScriptBlock.run(ScriptBlock.java:95)
        at org.apache.commons.jelly.TagSupport.invokeBody(TagSupport.java:186)
        at org.apache.commons.jelly.tags.core.ChooseTag.doTag(ChooseTag.java:38)
        at org.apache.commons.jelly.impl.TagScript.run(TagScript.java:262)
        at org.apache.commons.jelly.impl.ScriptBlock.run(ScriptBlock.java:95)
        at org.apache.commons.jelly.TagSupport.invokeBody(TagSupport.java:186)
        at org.apache.commons.jelly.tags.core.JellyTag.doTag(JellyTag.java:45)
        at org.apache.commons.jelly.impl.TagScript.run(TagScript.java:262)
        at org.kohsuke.stapler.jelly.IncludeTag.doTag(IncludeTag.java:114)
        at org.apache.commons.jelly.impl.TagScript.run(TagScript.java:262)
        at org.apache.commons.jelly.impl.ScriptBlock.run(ScriptBlock.java:95)
        at org.apache.commons.jelly.TagSupport.invokeBody(TagSupport.java:186)
        at org.apache.commons.jelly.tags.core.IfTag.doTag(IfTag.java:42)
        at org.apache.commons.jelly.impl.TagScript.run(TagScript.java:262)
        at org.apache.commons.jelly.impl.ScriptBlock.run(ScriptBlock.java:95)
        at org.apache.commons.jelly.TagSupport.invokeBody(TagSupport.java:186)
        at org.apache.commons.jelly.tags.core.ForEachTag.doTag(ForEachTag.java:150)
        at org.apache.commons.jelly.impl.TagScript.run(TagScript.java:262)
        at org.apache.commons.jelly.impl.ScriptBlock.run(ScriptBlock.java:95)
        at org.apache.commons.jelly.TagSupport.invokeBody(TagSupport.java:186)
        at org.apache.commons.jelly.impl.StaticTag.doTag(StaticTag.java:65)
        at org.apache.commons.jelly.impl.StaticTagScript.run(StaticTagScript.java:112)
        at org.apache.commons.jelly.impl.ScriptBlock.run(ScriptBlock.java:95)
        at org.apache.commons.jelly.TagSupport.invokeBody(TagSupport.java:186)
        at org.apache.commons.jelly.tags.core.ForEachTag.doTag(ForEachTag.java:150)
        at org.apache.commons.jelly.impl.TagScript.run(TagScript.java:262)
        at org.apache.commons.jelly.impl.ScriptBlock.run(ScriptBlock.java:95)
        at org.apache.commons.jelly.TagSupport.invokeBody(TagSupport.java:186)
        at org.apache.commons.jelly.impl.StaticTag.doTag(StaticTag.java:65)
        at org.apache.commons.jelly.impl.StaticTagScript.run(StaticTagScript.java:112)
        at org.apache.commons.jelly.impl.ScriptBlock.run(ScriptBlock.java:95)
        at org.kohsuke.stapler.jelly.CustomTagLibrary$StaplerDynamicTag$1.run(CustomTagLibrary.java:147)
        at org.apache.commons.jelly.tags.define.InvokeBodyTag.doTag(InvokeBodyTag.java:91)
        at org.apache.commons.jelly.impl.TagScript.run(TagScript.java:262)
        at org.apache.commons.jelly.impl.ScriptBlock.run(ScriptBlock.java:95)
        at org.apache.commons.jelly.TagSupport.invokeBody(TagSupport.java:186)
        at org.apache.commons.jelly.tags.core.IfTag.doTag(IfTag.java:42)
        at org.apache.commons.jelly.impl.TagScript.run(TagScript.java:262)
        at org.apache.commons.jelly.impl.ScriptBlock.run(ScriptBlock.java:95)
        at org.apache.commons.jelly.TagSupport.invokeBody(TagSupport.java:186)
        at org.apache.commons.jelly.tags.core.JellyTag.doTag(JellyTag.java:45)
        at org.apache.commons.jelly.impl.TagScript.run(TagScript.java:262)
        at org.apache.commons.jelly.impl.DynamicTag.doTag(DynamicTag.java:81)
        at org.apache.commons.jelly.impl.TagScript.run(TagScript.java:262)
        at org.apache.commons.jelly.impl.ScriptBlock.run(ScriptBlock.java:95)
        at org.kohsuke.stapler.jelly.CustomTagLibrary$StaplerDynamicTag$1.run(CustomTagLibrary.java:147)
        at org.apache.commons.jelly.tags.define.InvokeBodyTag.doTag(InvokeBodyTag.java:91)
        at org.apache.commons.jelly.impl.TagScript.run(TagScript.java:262)
        at org.apache.commons.jelly.impl.ScriptBlock.run(ScriptBlock.java:95)
        at org.apache.commons.jelly.TagSupport.invokeBody(TagSupport.java:186)
        at org.apache.commons.jelly.impl.StaticTag.doTag(StaticTag.java:65)
        at org.apache.commons.jelly.impl.StaticTagScript.run(StaticTagScript.java:112)
        at org.apache.commons.jelly.impl.ScriptBlock.run(ScriptBlock.java:95)
        at org.apache.commons.jelly.TagSupport.invokeBody(TagSupport.java:186)
        at org.apache.commons.jelly.impl.StaticTag.doTag(StaticTag.java:65)
        at org.apache.commons.jelly.impl.StaticTagScript.run(StaticTagScript.java:112)
        at org.apache.commons.jelly.impl.ScriptBlock.run(ScriptBlock.java:95)
        at org.apache.commons.jelly.TagSupport.invokeBody(TagSupport.java:186)
        at org.apache.commons.jelly.impl.StaticTag.doTag(StaticTag.java:65)
        at org.apache.commons.jelly.impl.StaticTagScript.run(StaticTagScript.java:112)
        at org.apache.commons.jelly.impl.ScriptBlock.run(ScriptBlock.java:95)
        at org.apache.commons.jelly.TagSupport.invokeBody(TagSupport.java:186)
        at org.apache.commons.jelly.impl.StaticTag.doTag(StaticTag.java:65)
        at org.apache.commons.jelly.impl.StaticTagScript.run(StaticTagScript.java:112)
        at org.apache.commons.jelly.impl.ScriptBlock.run(ScriptBlock.java:95)
        at org.apache.commons.jelly.TagSupport.invokeBody(TagSupport.java:186)
        at org.apache.commons.jelly.impl.StaticTag.doTag(StaticTag.java:65)
        at org.apache.commons.jelly.impl.StaticTagScript.run(StaticTagScript.java:112)
        at org.apache.commons.jelly.impl.ScriptBlock.run(ScriptBlock.java:95)
        at org.apache.commons.jelly.TagSupport.invokeBody(TagSupport.java:186)
        at org.apache.commons.jelly.tags.core.JellyTag.doTag(JellyTag.java:45)
        at org.apache.commons.jelly.impl.TagScript.run(TagScript.java:262)
        at org.apache.commons.jelly.impl.DynamicTag.doTag(DynamicTag.java:81)
        at org.apache.commons.jelly.impl.TagScript.run(TagScript.java:262)
        at org.apache.commons.jelly.impl.ScriptBlock.run(ScriptBlock.java:95)
        at org.apache.commons.jelly.TagSupport.invokeBody(TagSupport.java:186)
        at org.apache.commons.jelly.tags.core.JellyTag.doTag(JellyTag.java:45)
        at org.apache.commons.jelly.impl.TagScript.run(TagScript.java:262)
        at org.kohsuke.stapler.jelly.DefaultScriptInvoker.invokeScript(DefaultScriptInvoker.java:29)
        at org.kohsuke.stapler.jelly.JellyClassTearOff.serveIndexJelly(JellyClassTearOff.java:43)
        at org.kohsuke.stapler.jelly.JellyFacet.handleIndexRequest(JellyFacet.java:80)
        at org.kohsuke.stapler.Stapler.invoke(Stapler.java:475)
        at org.kohsuke.stapler.MetaClass$4.doDispatch(MetaClass.java:143)
        at org.kohsuke.stapler.NameBasedDispatcher.dispatch(NameBasedDispatcher.java:30)
        at org.kohsuke.stapler.Stapler.invoke(Stapler.java:486)
        at org.kohsuke.stapler.Stapler.invoke(Stapler.java:404)
        at org.kohsuke.stapler.Stapler.service(Stapler.java:117)
        at javax.servlet.http.HttpServlet.service(HttpServlet.java:803)
        at org.apache.catalina.core.ApplicationFilterChain.internalDoFilter(ApplicationFilterChain.java:290)
        at org.apache.catalina.core.ApplicationFilterChain.doFilter(ApplicationFilterChain.java:206)
        at hudson.util.PluginServletFilter$1.doFilter(PluginServletFilter.java:94)
        at hudson.util.PluginServletFilter.doFilter(PluginServletFilter.java:86)
        at org.apache.catalina.core.ApplicationFilterChain.internalDoFilter(ApplicationFilterChain.java:235)
        at org.apache.catalina.core.ApplicationFilterChain.doFilter(ApplicationFilterChain.java:206)
        at hudson.security.csrf.CrumbFilter.doFilter(CrumbFilter.java:49)
        at org.apache.catalina.core.ApplicationFilterChain.internalDoFilter(ApplicationFilterChain.java:235)
        at org.apache.catalina.core.ApplicationFilterChain.doFilter(ApplicationFilterChain.java:206)
        at hudson.security.ChainedServletFilter$1.doFilter(ChainedServletFilter.java:84)
        at hudson.plugins.audit_trail.AuditTrailFilter.doFilter(AuditTrailFilter.java:35)
        at hudson.security.ChainedServletFilter$1.doFilter(ChainedServletFilter.java:87)
        at hudson.security.ChainedServletFilter$1.doFilter(ChainedServletFilter.java:84)
        at hudson.security.UnwrapSecurityExceptionFilter.doFilter(UnwrapSecurityExceptionFilter.java:51)
        at hudson.security.ChainedServletFilter$1.doFilter(ChainedServletFilter.java:87)
        at org.acegisecurity.ui.ExceptionTranslationFilter.doFilter(ExceptionTranslationFilter.java:166)
        at hudson.security.ChainedServletFilter$1.doFilter(ChainedServletFilter.java:87)
        at org.acegisecurity.providers.anonymous.AnonymousProcessingFilter.doFilter(AnonymousProcessingFilter.java:125)
        at hudson.security.ChainedServletFilter$1.doFilter(ChainedServletFilter.java:87)
        at hudson.security.BasicAuthenticationFilter.doFilter(BasicAuthenticationFilter.java:112)
        at hudson.security.ChainedServletFilter$1.doFilter(ChainedServletFilter.java:87)
        at hudson.security.ChainedServletFilter.doFilter(ChainedServletFilter.java:76)
        at hudson.security.ChainedServletFilter$1.doFilter(ChainedServletFilter.java:87)
        at hudson.security.ChainedServletFilter.doFilter(ChainedServletFilter.java:76)
        at hudson.security.HudsonFilter.doFilter(HudsonFilter.java:155)
        at org.apache.catalina.core.ApplicationFilterChain.internalDoFilter(ApplicationFilterChain.java:235)
        at org.apache.catalina.core.ApplicationFilterChain.doFilter(ApplicationFilterChain.java:206)
        at org.apache.catalina.core.StandardWrapperValve.invoke(StandardWrapperValve.java:233)
        at org.apache.catalina.core.StandardContextValve.invoke(StandardContextValve.java:175)
        at org.apache.catalina.authenticator.AuthenticatorBase.invoke(AuthenticatorBase.java:433)
        at org.apache.catalina.core.StandardHostValve.invoke(StandardHostValve.java:128)
        at org.apache.catalina.valves.ErrorReportValve.invoke(ErrorReportValve.java:102)
        at org.apache.catalina.core.StandardEngineValve.invoke(StandardEngineValve.java:109)
        at org.apache.catalina.connector.CoyoteAdapter.service(CoyoteAdapter.java:286)
        at org.apache.jk.server.JkCoyoteHandler.invoke(JkCoyoteHandler.java:190)
        at org.apache.jk.common.HandlerRequest.invoke(HandlerRequest.java:283)
        at org.apache.jk.common.ChannelSocket.invoke(ChannelSocket.java:767)
        at org.apache.jk.common.ChannelSocket.processConnection(ChannelSocket.java:697)
        at org.apache.jk.common.ChannelSocket$SocketConnection.runIt(ChannelSocket.java:889)
        at org.apache.tomcat.util.threads.ThreadPool$ControlRunnable.run(ThreadPool.java:690)
        at java.lang.Thread.run(Thread.java:619)