HTTP-Trace-Version: 1.0
Generator: Charles/3.7

Method: GET
Protocol-Version: HTTP/1.1
Protocol: https
Host: dev.polidea.pl
File: /jenkins/
Remote-Address: 217.67.211.186
Client-Address: 127.0.0.1
Start-Time: 2013-03-10T17:13:08.741+01:00
DNS-Duration: 338
Connect-Duration: 59
Request-Begin-Time: 2013-03-10T17:13:09.610+01:00
Request-Time: 2013-03-10T17:13:09.610+01:00
Response-Time: 2013-03-10T17:13:09.760+01:00
End-Time: 2013-03-10T17:13:09.761+01:00
Request-Header-Size: 161
Response-Header-Size: 314
Request-Body-Size: 0
Response-Body-Size: 563
Request-Body-Decoded: false
Response-Body-Decoded: false
Request-Header:<<--EOF-1362932136327-
GET /jenkins/ HTTP/1.1
User-Agent: Java/1.7.0_11
Host: dev.polidea.pl
Accept: text/html, image/gif, image/jpeg, *; q=.2, */*; q=.2
Connection: keep-alive


--EOF-1362932136327-
Response-Header:<<--EOF-1362932136327-
HTTP/1.1 403 Forbidden
Server: ngx_openresty/1.2.6.6
Date: Sun, 10 Mar 2013 16:13:09 GMT
Content-Type: text/html;charset=UTF-8
Content-Length: 563
Connection: keep-alive
X-Powered-By: Servlet/2.5 (Winstone/0.9.10)
Set-Cookie: JSESSIONID.53fd812a=72631d2762be5069225a22c8d38ad3e1; Path=/jenkins; HttpOnly


--EOF-1362932136327-
Response-Body:<<--EOF-1362932136327-
<html><head><meta http-equiv='refresh' content='1;url=/jenkins/login?from=%2Fjenkins%2F'/><script>window.location.replace('/jenkins/login?from=%2Fjenkins%2F');</script></head><body style='background-color:white; color:white;'>Authentication required</body></html>                                                                                                                                                                                                                                                                                                            
--EOF-1362932136327-

Method: GET
Protocol-Version: HTTP/1.1
Protocol: https
Host: dev.polidea.pl
File: /jenkins/crumbIssuer/api/xml/?xpath=/*/crumbRequestField/text()
Remote-Address: 217.67.211.186
Client-Address: 127.0.0.1
Start-Time: 2013-03-10T17:13:09.766+01:00
Request-Begin-Time: 2013-03-10T17:13:09.769+01:00
Request-Time: 2013-03-10T17:13:09.769+01:00
Response-Time: 2013-03-10T17:13:09.833+01:00
End-Time: 2013-03-10T17:13:09.835+01:00
Request-Header-Size: 221
Response-Header-Size: 314
Request-Body-Size: 0
Response-Body-Size: 711
Request-Body-Decoded: false
Response-Body-Decoded: false
Request-Header:<<--EOF-1362932136328-
GET /jenkins/crumbIssuer/api/xml/?xpath=/*/crumbRequestField/text() HTTP/1.1
User-Agent: Java/1.7.0_11
Host: dev.polidea.pl
Accept: text/html, image/gif, image/jpeg, *; q=.2, */*; q=.2
Proxy-Connection: keep-alive


--EOF-1362932136328-
Response-Header:<<--EOF-1362932136328-
HTTP/1.1 403 Forbidden
Server: ngx_openresty/1.2.6.6
Date: Sun, 10 Mar 2013 16:13:09 GMT
Content-Type: text/html;charset=UTF-8
Content-Length: 711
Connection: keep-alive
X-Powered-By: Servlet/2.5 (Winstone/0.9.10)
Set-Cookie: JSESSIONID.53fd812a=d93873bf7a9f7fe4bf1eb49c2f44d2b0; Path=/jenkins; HttpOnly


--EOF-1362932136328-
Response-Body:<<--EOF-1362932136328-
<html><head><meta http-equiv='refresh' content='1;url=/jenkins/login?from=%2Fjenkins%2FcrumbIssuer%2Fapi%2Fxml%2F%3Fxpath%3D%2F*%2FcrumbRequestField%2Ftext%28%29'/><script>window.location.replace('/jenkins/login?from=%2Fjenkins%2FcrumbIssuer%2Fapi%2Fxml%2F%3Fxpath%3D%2F*%2FcrumbRequestField%2Ftext%28%29');</script></head><body style='background-color:white; color:white;'>Authentication required</body></html>                                                                                                                                                                                                                                                                                                            
--EOF-1362932136328-

Method: POST
Protocol-Version: HTTP/1.1
Protocol: https
Host: dev.polidea.pl
File: /jenkins/cli
Remote-Address: 217.67.211.186
Client-Address: 127.0.0.1
Start-Time: 2013-03-10T17:13:09.838+01:00
Request-Begin-Time: 2013-03-10T17:13:09.840+01:00
Request-Time: 2013-03-10T17:13:09.840+01:00
Response-Time: 2013-03-10T17:13:09.905+01:00
End-Time: 2013-03-10T17:13:09.906+01:00
Request-Header-Size: 302
Response-Header-Size: 223
Request-Body-Size: 0
Response-Body-Size: 305
Request-Body-Decoded: false
Response-Body-Decoded: false
Request-Header:<<--EOF-1362932136329-
POST /jenkins/cli HTTP/1.1
Session: f05e3ff7-a483-45f8-8a8e-fa8694487d1e
Side: download
User-Agent: Java/1.7.0_11
Host: dev.polidea.pl
Accept: text/html, image/gif, image/jpeg, *; q=.2, */*; q=.2
Proxy-Connection: keep-alive
Content-type: application/x-www-form-urlencoded
Content-Length: 0


--EOF-1362932136329-
Response-Header:<<--EOF-1362932136329-
HTTP/1.1 403 Forbidden
Server: ngx_openresty/1.2.6.6
Date: Sun, 10 Mar 2013 16:13:09 GMT
Content-Type: text/html;charset=UTF-8
Content-Length: 305
Connection: keep-alive
X-Powered-By: Servlet/2.5 (Winstone/0.9.10)


--EOF-1362932136329-
Response-Body:<<--EOF-1362932136329-
<html><head><title>Error 403</title></head><body bgcolor="#ffffff"><h1>Status Code: 403</h1>Exception: No valid crumb was included in the request<br>Stacktrace: <pre>(none)
</pre><br><hr size="1" width="90%"><i>Generated by Winstone Servlet Engine v0.9.10 at Sun Mar 10 17:13:09 CET 2013</i></body></html>
--EOF-1362932136329-

