ERROR: Failed to archive artifacts: file.txt,linked.txt
hudson.util.IOException2: java.io.IOException: request to write '15' bytes exceeds size in header of '0' bytes for entry 'linked.txt'
	at hudson.FilePath.copyRecursiveTo(FilePath.java:1745)
	at hudson.tasks.ArtifactArchiver.perform(ArtifactArchiver.java:116)
	at hudson.tasks.BuildStepMonitor$1.perform(BuildStepMonitor.java:19)
	at hudson.model.AbstractBuild$AbstractRunner.perform(AbstractBuild.java:703)
	at hudson.model.AbstractBuild$AbstractRunner.performAllBuildSteps(AbstractBuild.java:678)
	at hudson.model.AbstractBuild$AbstractRunner.performAllBuildSteps(AbstractBuild.java:656)
	at hudson.model.Build$RunnerImpl.post2(Build.java:162)
	at hudson.model.AbstractBuild$AbstractRunner.post(AbstractBuild.java:625)
	at hudson.model.Run.run(Run.java:1435)
	at hudson.model.FreeStyleBuild.run(FreeStyleBuild.java:46)
	at hudson.model.ResourceController.execute(ResourceController.java:88)
	at hudson.model.Executor.run(Executor.java:238)
Caused by: java.util.concurrent.ExecutionException: java.io.IOException: request to write '15' bytes exceeds size in header of '0' bytes for entry 'linked.txt'
	at hudson.remoting.Channel$2.adapt(Channel.java:714)
	at hudson.remoting.Channel$2.adapt(Channel.java:709)
	at hudson.remoting.FutureAdapter.get(FutureAdapter.java:55)
	at hudson.FilePath.copyRecursiveTo(FilePath.java:1743)
	... 11 more
Caused by: java.io.IOException: request to write '15' bytes exceeds size in header of '0' bytes for entry 'linked.txt'
	at hudson.org.apache.tools.tar.TarOutputStream.write(TarOutputStream.java:284)
	at hudson.util.io.TarArchiver.visit(TarArchiver.java:108)
	at hudson.util.DirScanner$Glob.scan(DirScanner.java:116)
	at hudson.FilePath.writeToTar(FilePath.java:1781)
	at hudson.FilePath.access$1000(FilePath.java:166)
	at hudson.FilePath$36.invoke(FilePath.java:1722)
	at hudson.FilePath$36.invoke(FilePath.java:1719)
	at hudson.FilePath$FileCallableWrapper.call(FilePath.java:2154)
	at hudson.remoting.UserRequest.perform(UserRequest.java:118)
	at hudson.remoting.UserRequest.perform(UserRequest.java:48)
	at hudson.remoting.Request$2.run(Request.java:287)
	at hudson.remoting.InterceptingExecutorService$1.call(InterceptingExecutorService.java:72)
	at java.util.concurrent.FutureTask$Sync.innerRun(FutureTask.java:303)
	at java.util.concurrent.FutureTask.run(FutureTask.java:138)
	at java.util.concurrent.ThreadPoolExecutor$Worker.runTask(ThreadPoolExecutor.java:886)
	at java.util.concurrent.ThreadPoolExecutor$Worker.run(ThreadPoolExecutor.java:908)
	at hudson.remoting.Engine$1$1.run(Engine.java:60)
	at java.lang.Thread.run(Thread.java:619)
