Jun 06, 2018 5:44:07 PM hudson.util.AtomicFileWriter commit
INFO: The target file /var/jenkins/jobs/rndtest_vortexLibrary/branches/master/builds/lastUnsuccessfulBuild was already existing
Jun 06, 2018 5:44:07 PM hudson.util.AtomicFileWriter commit
WARNING: Unable to move /var/jenkins/jobs/rndtest_vortexLibrary/branches/master/builds/atomic47611299162067952tmp to /var/jenkins/jobs/rndtest_vortexLibrary/branches/master/builds/lastUnsuccessfulBuild. Attempting to delete /var/jenkins/jobs/rndtest_vortexLibrary/branches/master/builds/atomic47611299162067952tmp and abandoning.
Jun 06, 2018 5:44:07 PM jenkins.model.PeepholePermalink updateCache
WARNING: Failed to update org.jenkinsci.plugins.workflow.job.WorkflowJob@6fea9abe[rndtest_vortexLibrary/master] lastUnsuccessfulBuild permalink for rndtest_vortexLibrary/master #192
java.nio.file.DirectoryNotEmptyException: /var/jenkins/jobs/rndtest_vortexLibrary/branches/master/builds/lastUnsuccessfulBuild
	at sun.nio.fs.UnixCopyFile.move(UnixCopyFile.java:445)
	at sun.nio.fs.UnixFileSystemProvider.move(UnixFileSystemProvider.java:262)
	at java.nio.file.Files.move(Files.java:1395)
	at hudson.util.AtomicFileWriter.commit(AtomicFileWriter.java:206)
	at jenkins.model.PeepholePermalink.writeSymlink(PeepholePermalink.java:200)
	at jenkins.model.PeepholePermalink.updateCache(PeepholePermalink.java:150)
	at jenkins.model.PeepholePermalink$RunListenerImpl.onCompleted(PeepholePermalink.java:237)
	at hudson.model.listeners.RunListener.fireCompleted(RunListener.java:211)
	at org.jenkinsci.plugins.workflow.job.WorkflowRun.finish(WorkflowRun.java:797)
	at org.jenkinsci.plugins.workflow.job.WorkflowRun.access$1100(WorkflowRun.java:144)
	at org.jenkinsci.plugins.workflow.job.WorkflowRun$GraphL.onNewHead(WorkflowRun.java:1185)
	at org.jenkinsci.plugins.workflow.cps.CpsFlowExecution.notifyListeners(CpsFlowExecution.java:1438)
	at org.jenkinsci.plugins.workflow.cps.CpsThreadGroup$3.run(CpsThreadGroup.java:417)
	at org.jenkinsci.plugins.workflow.cps.CpsVmExecutorService$1.run(CpsVmExecutorService.java:35)
	at hudson.remoting.SingleLaneExecutorService$1.run(SingleLaneExecutorService.java:131)
	at jenkins.util.ContextResettingExecutorService$1.run(ContextResettingExecutorService.java:28)
	at jenkins.security.ImpersonatingExecutorService$1.run(ImpersonatingExecutorService.java:59)
	at java.util.concurrent.Executors$RunnableAdapter.call(Executors.java:511)
	at java.util.concurrent.FutureTask.run(FutureTask.java:266)
	at java.util.concurrent.ThreadPoolExecutor.runWorker(ThreadPoolExecutor.java:1142)
	at java.util.concurrent.ThreadPoolExecutor$Worker.run(ThreadPoolExecutor.java:617)
	at java.lang.Thread.run(Thread.java:745)
	Suppressed: java.nio.file.FileSystemException: /var/jenkins/jobs/rndtest_vortexLibrary/branches/master/builds/atomic47611299162067952tmp -> /var/jenkins/jobs/rndtest_vortexLibrary/branches/master/builds/lastUnsuccessfulBuild: Is a directory
		at sun.nio.fs.UnixException.translateToIOException(UnixException.java:91)
		at sun.nio.fs.UnixException.rethrowAsIOException(UnixException.java:102)
		at sun.nio.fs.UnixCopyFile.move(UnixCopyFile.java:396)
		at sun.nio.fs.UnixFileSystemProvider.move(UnixFileSystemProvider.java:262)
		at java.nio.file.Files.move(Files.java:1395)
		at hudson.util.AtomicFileWriter.commit(AtomicFileWriter.java:191)
		... 18 more

Jun 06, 2018 5:44:07 PM hudson.model.Slave reportLauncherCreateError
WARNING: Issue with creating launcher for agent thumper. The agent has not been fully initialized yetProbably there is a race condition with Agent reconnection or disconnection, check other log entries
java.lang.IllegalStateException: No remoting channel to the agent OR it has not been fully initialized yet
	at hudson.model.Slave.reportLauncherCreateError(Slave.java:524)
	at hudson.model.Slave.createLauncher(Slave.java:496)
	at org.jenkinsci.plugins.workflow.support.DefaultStepContext.makeLauncher(DefaultStepContext.java:112)
	at org.jenkinsci.plugins.workflow.support.DefaultStepContext.get(DefaultStepContext.java:68)
	at org.jenkinsci.plugins.workflow.steps.StepDescriptor.checkContextAvailability(StepDescriptor.java:258)
	at org.jenkinsci.plugins.workflow.cps.DSL.invokeStep(DSL.java:206)
	at org.jenkinsci.plugins.workflow.cps.DSL.invokeMethod(DSL.java:153)
	at org.jenkinsci.plugins.workflow.cps.CpsScript.invokeMethod(CpsScript.java:122)
	at org.codehaus.groovy.runtime.callsite.PogoMetaClassSite.call(PogoMetaClassSite.java:48)
	at org.codehaus.groovy.runtime.callsite.CallSiteArray.defaultCall(CallSiteArray.java:48)
	at org.codehaus.groovy.runtime.callsite.AbstractCallSite.call(AbstractCallSite.java:113)
	at com.cloudbees.groovy.cps.sandbox.DefaultInvoker.methodCall(DefaultInvoker.java:20)
	at com.cloudbees.groovy.cps.impl.ContinuationGroup.methodCall(ContinuationGroup.java:57)
	at com.cloudbees.groovy.cps.impl.FunctionCallBlock$ContinuationImpl.dispatchOrArg(FunctionCallBlock.java:109)
	at com.cloudbees.groovy.cps.impl.FunctionCallBlock$ContinuationImpl.fixArg(FunctionCallBlock.java:82)
	at sun.reflect.GeneratedMethodAccessor741.invoke(Unknown Source)
	at sun.reflect.DelegatingMethodAccessorImpl.invoke(DelegatingMethodAccessorImpl.java:43)
	at java.lang.reflect.Method.invoke(Method.java:497)
	at com.cloudbees.groovy.cps.impl.ContinuationPtr$ContinuationImpl.receive(ContinuationPtr.java:72)
	at com.cloudbees.groovy.cps.impl.FunctionCallBlock$ContinuationImpl.dispatchOrArg(FunctionCallBlock.java:103)
	at com.cloudbees.groovy.cps.impl.FunctionCallBlock$ContinuationImpl.fixArg(FunctionCallBlock.java:82)
	at sun.reflect.GeneratedMethodAccessor741.invoke(Unknown Source)
	at sun.reflect.DelegatingMethodAccessorImpl.invoke(DelegatingMethodAccessorImpl.java:43)
	at java.lang.reflect.Method.invoke(Method.java:497)
	at com.cloudbees.groovy.cps.impl.ContinuationPtr$ContinuationImpl.receive(ContinuationPtr.java:72)
	at com.cloudbees.groovy.cps.impl.ContinuationGroup.methodCall(ContinuationGroup.java:60)
	at com.cloudbees.groovy.cps.impl.FunctionCallBlock$ContinuationImpl.dispatchOrArg(FunctionCallBlock.java:109)
	at com.cloudbees.groovy.cps.impl.FunctionCallBlock$ContinuationImpl.fixArg(FunctionCallBlock.java:82)
	at sun.reflect.GeneratedMethodAccessor741.invoke(Unknown Source)
	at sun.reflect.DelegatingMethodAccessorImpl.invoke(DelegatingMethodAccessorImpl.java:43)
	at java.lang.reflect.Method.invoke(Method.java:497)
	at com.cloudbees.groovy.cps.impl.ContinuationPtr$ContinuationImpl.receive(ContinuationPtr.java:72)
	at com.cloudbees.groovy.cps.impl.ConstantBlock.eval(ConstantBlock.java:21)
	at com.cloudbees.groovy.cps.Next.step(Next.java:83)
	at com.cloudbees.groovy.cps.Continuable$1.call(Continuable.java:174)
	at com.cloudbees.groovy.cps.Continuable$1.call(Continuable.java:163)
	at org.codehaus.groovy.runtime.GroovyCategorySupport$ThreadCategoryInfo.use(GroovyCategorySupport.java:122)
	at org.codehaus.groovy.runtime.GroovyCategorySupport.use(GroovyCategorySupport.java:261)
	at com.cloudbees.groovy.cps.Continuable.run0(Continuable.java:163)
	at org.jenkinsci.plugins.workflow.cps.SandboxContinuable.access$101(SandboxContinuable.java:34)
	at org.jenkinsci.plugins.workflow.cps.SandboxContinuable.lambda$run0$0(SandboxContinuable.java:59)
	at org.jenkinsci.plugins.workflow.cps.SandboxContinuable$$Lambda$67/53584575.call(Unknown Source)
	at org.jenkinsci.plugins.scriptsecurity.sandbox.groovy.GroovySandbox.runInSandbox(GroovySandbox.java:108)
	at org.jenkinsci.plugins.workflow.cps.SandboxContinuable.run0(SandboxContinuable.java:58)
	at org.jenkinsci.plugins.workflow.cps.CpsThread.runNextChunk(CpsThread.java:174)
	at org.jenkinsci.plugins.workflow.cps.CpsThreadGroup.run(CpsThreadGroup.java:332)
	at org.jenkinsci.plugins.workflow.cps.CpsThreadGroup.access$200(CpsThreadGroup.java:83)
	at org.jenkinsci.plugins.workflow.cps.CpsThreadGroup$2.call(CpsThreadGroup.java:244)
	at org.jenkinsci.plugins.workflow.cps.CpsThreadGroup$2.call(CpsThreadGroup.java:232)
	at org.jenkinsci.plugins.workflow.cps.CpsVmExecutorService$2.call(CpsVmExecutorService.java:64)
	at java.util.concurrent.FutureTask.run(FutureTask.java:266)
	at hudson.remoting.SingleLaneExecutorService$1.run(SingleLaneExecutorService.java:131)
	at jenkins.util.ContextResettingExecutorService$1.run(ContextResettingExecutorService.java:28)
	at jenkins.security.ImpersonatingExecutorService$1.run(ImpersonatingExecutorService.java:59)
	at java.util.concurrent.Executors$RunnableAdapter.call(Executors.java:511)
	at java.util.concurrent.FutureTask.run(FutureTask.java:266)
	at java.util.concurrent.ThreadPoolExecutor.runWorker(ThreadPoolExecutor.java:1142)
	at java.util.concurrent.ThreadPoolExecutor$Worker.run(ThreadPoolExecutor.java:617)
	at java.lang.Thread.run(Thread.java:745)

Jun 06, 2018 5:44:07 PM hudson.model.Slave reportLauncherCreateError
WARNING: Issue with creating launcher for agent thumper. The agent has not been fully initialized yetProbably there is a race condition with Agent reconnection or disconnection, check other log entries
java.lang.IllegalStateException: No remoting channel to the agent OR it has not been fully initialized yet
	at hudson.model.Slave.reportLauncherCreateError(Slave.java:524)
	at hudson.model.Slave.createLauncher(Slave.java:496)
	at org.jenkinsci.plugins.workflow.support.DefaultStepContext.makeLauncher(DefaultStepContext.java:112)
	at org.jenkinsci.plugins.workflow.support.DefaultStepContext.get(DefaultStepContext.java:68)
	at org.jenkinsci.plugins.workflow.steps.durable_task.DurableTaskStep$Execution.start(DurableTaskStep.java:176)
	at org.jenkinsci.plugins.workflow.cps.DSL.invokeStep(DSL.java:229)
	at org.jenkinsci.plugins.workflow.cps.DSL.invokeMethod(DSL.java:153)
	at org.jenkinsci.plugins.workflow.cps.CpsScript.invokeMethod(CpsScript.java:122)
	at org.codehaus.groovy.runtime.callsite.PogoMetaClassSite.call(PogoMetaClassSite.java:48)
	at org.codehaus.groovy.runtime.callsite.CallSiteArray.defaultCall(CallSiteArray.java:48)
	at org.codehaus.groovy.runtime.callsite.AbstractCallSite.call(AbstractCallSite.java:113)
	at com.cloudbees.groovy.cps.sandbox.DefaultInvoker.methodCall(DefaultInvoker.java:20)
	at com.cloudbees.groovy.cps.impl.ContinuationGroup.methodCall(ContinuationGroup.java:57)
	at com.cloudbees.groovy.cps.impl.FunctionCallBlock$ContinuationImpl.dispatchOrArg(FunctionCallBlock.java:109)
	at com.cloudbees.groovy.cps.impl.FunctionCallBlock$ContinuationImpl.fixArg(FunctionCallBlock.java:82)
	at sun.reflect.GeneratedMethodAccessor741.invoke(Unknown Source)
	at sun.reflect.DelegatingMethodAccessorImpl.invoke(DelegatingMethodAccessorImpl.java:43)
	at java.lang.reflect.Method.invoke(Method.java:497)
	at com.cloudbees.groovy.cps.impl.ContinuationPtr$ContinuationImpl.receive(ContinuationPtr.java:72)
	at com.cloudbees.groovy.cps.impl.FunctionCallBlock$ContinuationImpl.dispatchOrArg(FunctionCallBlock.java:103)
	at com.cloudbees.groovy.cps.impl.FunctionCallBlock$ContinuationImpl.fixArg(FunctionCallBlock.java:82)
	at sun.reflect.GeneratedMethodAccessor741.invoke(Unknown Source)
	at sun.reflect.DelegatingMethodAccessorImpl.invoke(DelegatingMethodAccessorImpl.java:43)
	at java.lang.reflect.Method.invoke(Method.java:497)
	at com.cloudbees.groovy.cps.impl.ContinuationPtr$ContinuationImpl.receive(ContinuationPtr.java:72)
	at com.cloudbees.groovy.cps.impl.ContinuationGroup.methodCall(ContinuationGroup.java:60)
	at com.cloudbees.groovy.cps.impl.FunctionCallBlock$ContinuationImpl.dispatchOrArg(FunctionCallBlock.java:109)
	at com.cloudbees.groovy.cps.impl.FunctionCallBlock$ContinuationImpl.fixArg(FunctionCallBlock.java:82)
	at sun.reflect.GeneratedMethodAccessor741.invoke(Unknown Source)
	at sun.reflect.DelegatingMethodAccessorImpl.invoke(DelegatingMethodAccessorImpl.java:43)
	at java.lang.reflect.Method.invoke(Method.java:497)
	at com.cloudbees.groovy.cps.impl.ContinuationPtr$ContinuationImpl.receive(ContinuationPtr.java:72)
	at com.cloudbees.groovy.cps.impl.ConstantBlock.eval(ConstantBlock.java:21)
	at com.cloudbees.groovy.cps.Next.step(Next.java:83)
	at com.cloudbees.groovy.cps.Continuable$1.call(Continuable.java:174)
	at com.cloudbees.groovy.cps.Continuable$1.call(Continuable.java:163)
	at org.codehaus.groovy.runtime.GroovyCategorySupport$ThreadCategoryInfo.use(GroovyCategorySupport.java:122)
	at org.codehaus.groovy.runtime.GroovyCategorySupport.use(GroovyCategorySupport.java:261)
	at com.cloudbees.groovy.cps.Continuable.run0(Continuable.java:163)
	at org.jenkinsci.plugins.workflow.cps.SandboxContinuable.access$101(SandboxContinuable.java:34)
	at org.jenkinsci.plugins.workflow.cps.SandboxContinuable.lambda$run0$0(SandboxContinuable.java:59)
	at org.jenkinsci.plugins.workflow.cps.SandboxContinuable$$Lambda$67/53584575.call(Unknown Source)
	at org.jenkinsci.plugins.scriptsecurity.sandbox.groovy.GroovySandbox.runInSandbox(GroovySandbox.java:108)
	at org.jenkinsci.plugins.workflow.cps.SandboxContinuable.run0(SandboxContinuable.java:58)
	at org.jenkinsci.plugins.workflow.cps.CpsThread.runNextChunk(CpsThread.java:174)
	at org.jenkinsci.plugins.workflow.cps.CpsThreadGroup.run(CpsThreadGroup.java:332)
	at org.jenkinsci.plugins.workflow.cps.CpsThreadGroup.access$200(CpsThreadGroup.java:83)
	at org.jenkinsci.plugins.workflow.cps.CpsThreadGroup$2.call(CpsThreadGroup.java:244)
	at org.jenkinsci.plugins.workflow.cps.CpsThreadGroup$2.call(CpsThreadGroup.java:232)
	at org.jenkinsci.plugins.workflow.cps.CpsVmExecutorService$2.call(CpsVmExecutorService.java:64)
	at java.util.concurrent.FutureTask.run(FutureTask.java:266)
	at hudson.remoting.SingleLaneExecutorService$1.run(SingleLaneExecutorService.java:131)
	at jenkins.util.ContextResettingExecutorService$1.run(ContextResettingExecutorService.java:28)
	at jenkins.security.ImpersonatingExecutorService$1.run(ImpersonatingExecutorService.java:59)
	at java.util.concurrent.Executors$RunnableAdapter.call(Executors.java:511)
	at java.util.concurrent.FutureTask.run(FutureTask.java:266)
	at java.util.concurrent.ThreadPoolExecutor.runWorker(ThreadPoolExecutor.java:1142)
	at java.util.concurrent.ThreadPoolExecutor$Worker.run(ThreadPoolExecutor.java:617)
	at java.lang.Thread.run(Thread.java:745)

Jun 06, 2018 5:44:07 PM org.jenkinsci.plugins.workflow.job.WorkflowRun finish
INFO: rndtest_vortex/master #45 completed: ABORTED
Jun 06, 2018 5:44:07 PM hudson.model.Slave reportLauncherCreateError
WARNING: Issue with creating launcher for agent thumper. The agent has not been fully initialized yetProbably there is a race condition with Agent reconnection or disconnection, check other log entries
java.lang.IllegalStateException: No remoting channel to the agent OR it has not been fully initialized yet
	at hudson.model.Slave.reportLauncherCreateError(Slave.java:524)
	at hudson.model.Slave.createLauncher(Slave.java:496)
	at org.jenkinsci.plugins.workflow.support.DefaultStepContext.makeLauncher(DefaultStepContext.java:112)
	at org.jenkinsci.plugins.workflow.support.DefaultStepContext.get(DefaultStepContext.java:68)
	at org.jenkinsci.plugins.workflow.steps.StepDescriptor.checkContextAvailability(StepDescriptor.java:258)
	at org.jenkinsci.plugins.workflow.cps.DSL.invokeStep(DSL.java:206)
	at org.jenkinsci.plugins.workflow.cps.DSL.invokeMethod(DSL.java:153)
	at org.jenkinsci.plugins.workflow.cps.CpsScript.invokeMethod(CpsScript.java:122)
	at org.codehaus.groovy.runtime.callsite.PogoMetaClassSite.call(PogoMetaClassSite.java:48)
	at org.codehaus.groovy.runtime.callsite.CallSiteArray.defaultCall(CallSiteArray.java:48)
	at org.codehaus.groovy.runtime.callsite.AbstractCallSite.call(AbstractCallSite.java:113)
	at com.cloudbees.groovy.cps.sandbox.DefaultInvoker.methodCall(DefaultInvoker.java:20)
	at com.cloudbees.groovy.cps.impl.ContinuationGroup.methodCall(ContinuationGroup.java:57)
	at com.cloudbees.groovy.cps.impl.FunctionCallBlock$ContinuationImpl.dispatchOrArg(FunctionCallBlock.java:109)
	at com.cloudbees.groovy.cps.impl.FunctionCallBlock$ContinuationImpl.fixArg(FunctionCallBlock.java:82)
	at sun.reflect.GeneratedMethodAccessor741.invoke(Unknown Source)
	at sun.reflect.DelegatingMethodAccessorImpl.invoke(DelegatingMethodAccessorImpl.java:43)
	at java.lang.reflect.Method.invoke(Method.java:497)
	at com.cloudbees.groovy.cps.impl.ContinuationPtr$ContinuationImpl.receive(ContinuationPtr.java:72)
	at com.cloudbees.groovy.cps.impl.FunctionCallBlock$ContinuationImpl.dispatchOrArg(FunctionCallBlock.java:103)
	at com.cloudbees.groovy.cps.impl.FunctionCallBlock$ContinuationImpl.fixArg(FunctionCallBlock.java:82)
	at sun.reflect.GeneratedMethodAccessor741.invoke(Unknown Source)
	at sun.reflect.DelegatingMethodAccessorImpl.invoke(DelegatingMethodAccessorImpl.java:43)
	at java.lang.reflect.Method.invoke(Method.java:497)
	at com.cloudbees.groovy.cps.impl.ContinuationPtr$ContinuationImpl.receive(ContinuationPtr.java:72)
	at com.cloudbees.groovy.cps.impl.ContinuationGroup.methodCall(ContinuationGroup.java:60)
	at com.cloudbees.groovy.cps.impl.FunctionCallBlock$ContinuationImpl.dispatchOrArg(FunctionCallBlock.java:109)
	at com.cloudbees.groovy.cps.impl.FunctionCallBlock$ContinuationImpl.fixArg(FunctionCallBlock.java:82)
	at sun.reflect.GeneratedMethodAccessor741.invoke(Unknown Source)
	at sun.reflect.DelegatingMethodAccessorImpl.invoke(DelegatingMethodAccessorImpl.java:43)
	at java.lang.reflect.Method.invoke(Method.java:497)
	at com.cloudbees.groovy.cps.impl.ContinuationPtr$ContinuationImpl.receive(ContinuationPtr.java:72)
	at com.cloudbees.groovy.cps.impl.ConstantBlock.eval(ConstantBlock.java:21)
	at com.cloudbees.groovy.cps.Next.step(Next.java:83)
	at com.cloudbees.groovy.cps.Continuable$1.call(Continuable.java:174)
	at com.cloudbees.groovy.cps.Continuable$1.call(Continuable.java:163)
	at org.codehaus.groovy.runtime.GroovyCategorySupport$ThreadCategoryInfo.use(GroovyCategorySupport.java:122)
	at org.codehaus.groovy.runtime.GroovyCategorySupport.use(GroovyCategorySupport.java:261)
	at com.cloudbees.groovy.cps.Continuable.run0(Continuable.java:163)
	at org.jenkinsci.plugins.workflow.cps.SandboxContinuable.access$101(SandboxContinuable.java:34)
	at org.jenkinsci.plugins.workflow.cps.SandboxContinuable.lambda$run0$0(SandboxContinuable.java:59)
	at org.jenkinsci.plugins.workflow.cps.SandboxContinuable$$Lambda$67/53584575.call(Unknown Source)
	at org.jenkinsci.plugins.scriptsecurity.sandbox.groovy.GroovySandbox.runInSandbox(GroovySandbox.java:108)
	at org.jenkinsci.plugins.workflow.cps.SandboxContinuable.run0(SandboxContinuable.java:58)
	at org.jenkinsci.plugins.workflow.cps.CpsThread.runNextChunk(CpsThread.java:174)
	at org.jenkinsci.plugins.workflow.cps.CpsThreadGroup.run(CpsThreadGroup.java:332)
	at org.jenkinsci.plugins.workflow.cps.CpsThreadGroup.access$200(CpsThreadGroup.java:83)
	at org.jenkinsci.plugins.workflow.cps.CpsThreadGroup$2.call(CpsThreadGroup.java:244)
	at org.jenkinsci.plugins.workflow.cps.CpsThreadGroup$2.call(CpsThreadGroup.java:232)
	at org.jenkinsci.plugins.workflow.cps.CpsVmExecutorService$2.call(CpsVmExecutorService.java:64)
	at java.util.concurrent.FutureTask.run(FutureTask.java:266)
	at hudson.remoting.SingleLaneExecutorService$1.run(SingleLaneExecutorService.java:131)
	at jenkins.util.ContextResettingExecutorService$1.run(ContextResettingExecutorService.java:28)
	at jenkins.security.ImpersonatingExecutorService$1.run(ImpersonatingExecutorService.java:59)
	at java.util.concurrent.Executors$RunnableAdapter.call(Executors.java:511)
	at java.util.concurrent.FutureTask.run(FutureTask.java:266)
	at java.util.concurrent.ThreadPoolExecutor.runWorker(ThreadPoolExecutor.java:1142)
	at java.util.concurrent.ThreadPoolExecutor$Worker.run(ThreadPoolExecutor.java:617)
	at java.lang.Thread.run(Thread.java:745)

Jun 06, 2018 5:44:08 PM hudson.model.Slave reportLauncherCreateError
WARNING: Issue with creating launcher for agent thumper. The agent has not been fully initialized yetProbably there is a race condition with Agent reconnection or disconnection, check other log entries
java.lang.IllegalStateException: No remoting channel to the agent OR it has not been fully initialized yet
	at hudson.model.Slave.reportLauncherCreateError(Slave.java:524)
	at hudson.model.Slave.createLauncher(Slave.java:496)
	at org.jenkinsci.plugins.workflow.support.DefaultStepContext.makeLauncher(DefaultStepContext.java:112)
	at org.jenkinsci.plugins.workflow.support.DefaultStepContext.get(DefaultStepContext.java:68)
	at org.jenkinsci.plugins.workflow.steps.durable_task.DurableTaskStep$Execution.start(DurableTaskStep.java:176)
	at org.jenkinsci.plugins.workflow.cps.DSL.invokeStep(DSL.java:229)
	at org.jenkinsci.plugins.workflow.cps.DSL.invokeMethod(DSL.java:153)
	at org.jenkinsci.plugins.workflow.cps.CpsScript.invokeMethod(CpsScript.java:122)
	at org.codehaus.groovy.runtime.callsite.PogoMetaClassSite.call(PogoMetaClassSite.java:48)
	at org.codehaus.groovy.runtime.callsite.CallSiteArray.defaultCall(CallSiteArray.java:48)
	at org.codehaus.groovy.runtime.callsite.AbstractCallSite.call(AbstractCallSite.java:113)
	at com.cloudbees.groovy.cps.sandbox.DefaultInvoker.methodCall(DefaultInvoker.java:20)
	at com.cloudbees.groovy.cps.impl.ContinuationGroup.methodCall(ContinuationGroup.java:57)
	at com.cloudbees.groovy.cps.impl.FunctionCallBlock$ContinuationImpl.dispatchOrArg(FunctionCallBlock.java:109)
	at com.cloudbees.groovy.cps.impl.FunctionCallBlock$ContinuationImpl.fixArg(FunctionCallBlock.java:82)
	at sun.reflect.GeneratedMethodAccessor741.invoke(Unknown Source)
	at sun.reflect.DelegatingMethodAccessorImpl.invoke(DelegatingMethodAccessorImpl.java:43)
	at java.lang.reflect.Method.invoke(Method.java:497)
	at com.cloudbees.groovy.cps.impl.ContinuationPtr$ContinuationImpl.receive(ContinuationPtr.java:72)
	at com.cloudbees.groovy.cps.impl.FunctionCallBlock$ContinuationImpl.dispatchOrArg(FunctionCallBlock.java:103)
	at com.cloudbees.groovy.cps.impl.FunctionCallBlock$ContinuationImpl.fixArg(FunctionCallBlock.java:82)
	at sun.reflect.GeneratedMethodAccessor741.invoke(Unknown Source)
	at sun.reflect.DelegatingMethodAccessorImpl.invoke(DelegatingMethodAccessorImpl.java:43)
	at java.lang.reflect.Method.invoke(Method.java:497)
	at com.cloudbees.groovy.cps.impl.ContinuationPtr$ContinuationImpl.receive(ContinuationPtr.java:72)
	at com.cloudbees.groovy.cps.impl.ContinuationGroup.methodCall(ContinuationGroup.java:60)
	at com.cloudbees.groovy.cps.impl.FunctionCallBlock$ContinuationImpl.dispatchOrArg(FunctionCallBlock.java:109)
	at com.cloudbees.groovy.cps.impl.FunctionCallBlock$ContinuationImpl.fixArg(FunctionCallBlock.java:82)
	at sun.reflect.GeneratedMethodAccessor741.invoke(Unknown Source)
	at sun.reflect.DelegatingMethodAccessorImpl.invoke(DelegatingMethodAccessorImpl.java:43)
	at java.lang.reflect.Method.invoke(Method.java:497)
	at com.cloudbees.groovy.cps.impl.ContinuationPtr$ContinuationImpl.receive(ContinuationPtr.java:72)
	at com.cloudbees.groovy.cps.impl.ConstantBlock.eval(ConstantBlock.java:21)
	at com.cloudbees.groovy.cps.Next.step(Next.java:83)
	at com.cloudbees.groovy.cps.Continuable$1.call(Continuable.java:174)
	at com.cloudbees.groovy.cps.Continuable$1.call(Continuable.java:163)
	at org.codehaus.groovy.runtime.GroovyCategorySupport$ThreadCategoryInfo.use(GroovyCategorySupport.java:122)
	at org.codehaus.groovy.runtime.GroovyCategorySupport.use(GroovyCategorySupport.java:261)
	at com.cloudbees.groovy.cps.Continuable.run0(Continuable.java:163)
	at org.jenkinsci.plugins.workflow.cps.SandboxContinuable.access$101(SandboxContinuable.java:34)
	at org.jenkinsci.plugins.workflow.cps.SandboxContinuable.lambda$run0$0(SandboxContinuable.java:59)
	at org.jenkinsci.plugins.workflow.cps.SandboxContinuable$$Lambda$67/53584575.call(Unknown Source)
	at org.jenkinsci.plugins.scriptsecurity.sandbox.groovy.GroovySandbox.runInSandbox(GroovySandbox.java:108)
	at org.jenkinsci.plugins.workflow.cps.SandboxContinuable.run0(SandboxContinuable.java:58)
	at org.jenkinsci.plugins.workflow.cps.CpsThread.runNextChunk(CpsThread.java:174)
	at org.jenkinsci.plugins.workflow.cps.CpsThreadGroup.run(CpsThreadGroup.java:332)
	at org.jenkinsci.plugins.workflow.cps.CpsThreadGroup.access$200(CpsThreadGroup.java:83)
	at org.jenkinsci.plugins.workflow.cps.CpsThreadGroup$2.call(CpsThreadGroup.java:244)
	at org.jenkinsci.plugins.workflow.cps.CpsThreadGroup$2.call(CpsThreadGroup.java:232)
	at org.jenkinsci.plugins.workflow.cps.CpsVmExecutorService$2.call(CpsVmExecutorService.java:64)
	at java.util.concurrent.FutureTask.run(FutureTask.java:266)
	at hudson.remoting.SingleLaneExecutorService$1.run(SingleLaneExecutorService.java:131)
	at jenkins.util.ContextResettingExecutorService$1.run(ContextResettingExecutorService.java:28)
	at jenkins.security.ImpersonatingExecutorService$1.run(ImpersonatingExecutorService.java:59)
	at java.util.concurrent.Executors$RunnableAdapter.call(Executors.java:511)
	at java.util.concurrent.FutureTask.run(FutureTask.java:266)
	at java.util.concurrent.ThreadPoolExecutor.runWorker(ThreadPoolExecutor.java:1142)
	at java.util.concurrent.ThreadPoolExecutor$Worker.run(ThreadPoolExecutor.java:617)
	at java.lang.Thread.run(Thread.java:745)

Jun 06, 2018 5:44:08 PM org.jenkinsci.plugins.workflow.job.WorkflowRun finish
INFO: AL_jenkins_pipeline_library/PR-103 #8 completed: FAILURE
Jun 06, 2018 5:45:50 PM hudson.slaves.SlaveComputer tryReconnect
INFO: Attempting to reconnect thumper
[06/06/18 17:45:55] SSH Launch of thumper on thumper.al.com.au completed in 4,492 ms

