2018-04-09 11:38:09
Full thread dump Java HotSpot(TM) 64-Bit Server VM (25.161-b12 mixed mode):

"RequestHandlerThread[#13]" #50 daemon prio=5 os_prio=0 tid=0x00007f54fc00b000 nid=0x1bc3 waiting on condition [0x00007f5520bef000]
   java.lang.Thread.State: TIMED_WAITING (parking)
	at sun.misc.Unsafe.park(Native Method)
	- parking to wait for  <0x00000006c542a558> (a java.util.concurrent.SynchronousQueue$TransferStack)
	at java.util.concurrent.locks.LockSupport.parkNanos(LockSupport.java:215)
	at java.util.concurrent.SynchronousQueue$TransferStack.awaitFulfill(SynchronousQueue.java:460)
	at java.util.concurrent.SynchronousQueue$TransferStack.transfer(SynchronousQueue.java:362)
	at java.util.concurrent.SynchronousQueue.poll(SynchronousQueue.java:941)
	at java.util.concurrent.ThreadPoolExecutor.getTask(ThreadPoolExecutor.java:1073)
	at java.util.concurrent.ThreadPoolExecutor.runWorker(ThreadPoolExecutor.java:1134)
	at java.util.concurrent.ThreadPoolExecutor$Worker.run(ThreadPoolExecutor.java:624)
	at java.lang.Thread.run(Thread.java:748)

"RequestHandlerThread[#12]" #49 daemon prio=5 os_prio=0 tid=0x00007f54e8006800 nid=0x1bb6 runnable [0x00007f5522ca4000]
   java.lang.Thread.State: RUNNABLE
	at sun.nio.ch.EPollArrayWrapper.epollWait(Native Method)
	at sun.nio.ch.EPollArrayWrapper.poll(EPollArrayWrapper.java:269)
	at sun.nio.ch.EPollSelectorImpl.doSelect(EPollSelectorImpl.java:93)
	at sun.nio.ch.SelectorImpl.lockAndDoSelect(SelectorImpl.java:86)
	- locked <0x00000006c542a7b8> (a sun.nio.ch.Util$3)
	- locked <0x00000006c542a7c8> (a java.util.Collections$UnmodifiableSet)
	- locked <0x00000006c542a770> (a sun.nio.ch.EPollSelectorImpl)
	at sun.nio.ch.SelectorImpl.select(SelectorImpl.java:97)
	at sun.nio.ch.SelectorImpl.select(SelectorImpl.java:101)
	at org.eclipse.jetty.io.ManagedSelector$SelectorProducer.select(ManagedSelector.java:234)
	at org.eclipse.jetty.io.ManagedSelector$SelectorProducer.produce(ManagedSelector.java:187)
	at org.eclipse.jetty.util.thread.strategy.EatWhatYouKill.doProduce(EatWhatYouKill.java:211)
	at org.eclipse.jetty.util.thread.strategy.EatWhatYouKill.run(EatWhatYouKill.java:199)
	at winstone.BoundedExecutorService$1.run(BoundedExecutorService.java:77)
	at java.util.concurrent.ThreadPoolExecutor.runWorker(ThreadPoolExecutor.java:1149)
	at java.util.concurrent.ThreadPoolExecutor$Worker.run(ThreadPoolExecutor.java:624)
	at java.lang.Thread.run(Thread.java:748)

"jenkins.util.Timer [#10]" #48 daemon prio=5 os_prio=0 tid=0x00007f54ec00d800 nid=0x1b98 waiting on condition [0x00007f54d1945000]
   java.lang.Thread.State: TIMED_WAITING (parking)
	at sun.misc.Unsafe.park(Native Method)
	- parking to wait for  <0x00000006c542a9b0> (a java.util.concurrent.locks.AbstractQueuedSynchronizer$ConditionObject)
	at java.util.concurrent.locks.LockSupport.parkNanos(LockSupport.java:215)
	at java.util.concurrent.locks.AbstractQueuedSynchronizer$ConditionObject.awaitNanos(AbstractQueuedSynchronizer.java:2078)
	at java.util.concurrent.ScheduledThreadPoolExecutor$DelayedWorkQueue.take(ScheduledThreadPoolExecutor.java:1093)
	at java.util.concurrent.ScheduledThreadPoolExecutor$DelayedWorkQueue.take(ScheduledThreadPoolExecutor.java:809)
	at java.util.concurrent.ThreadPoolExecutor.getTask(ThreadPoolExecutor.java:1074)
	at java.util.concurrent.ThreadPoolExecutor.runWorker(ThreadPoolExecutor.java:1134)
	at java.util.concurrent.ThreadPoolExecutor$Worker.run(ThreadPoolExecutor.java:624)
	at java.lang.Thread.run(Thread.java:748)

"jenkins.util.Timer [#9]" #47 daemon prio=5 os_prio=0 tid=0x00007f54f8004000 nid=0x1b96 waiting on condition [0x00007f54d1a46000]
   java.lang.Thread.State: WAITING (parking)
	at sun.misc.Unsafe.park(Native Method)
	- parking to wait for  <0x00000006c542a9b0> (a java.util.concurrent.locks.AbstractQueuedSynchronizer$ConditionObject)
	at java.util.concurrent.locks.LockSupport.park(LockSupport.java:175)
	at java.util.concurrent.locks.AbstractQueuedSynchronizer$ConditionObject.await(AbstractQueuedSynchronizer.java:2039)
	at java.util.concurrent.ScheduledThreadPoolExecutor$DelayedWorkQueue.take(ScheduledThreadPoolExecutor.java:1088)
	at java.util.concurrent.ScheduledThreadPoolExecutor$DelayedWorkQueue.take(ScheduledThreadPoolExecutor.java:809)
	at java.util.concurrent.ThreadPoolExecutor.getTask(ThreadPoolExecutor.java:1074)
	at java.util.concurrent.ThreadPoolExecutor.runWorker(ThreadPoolExecutor.java:1134)
	at java.util.concurrent.ThreadPoolExecutor$Worker.run(ThreadPoolExecutor.java:624)
	at java.lang.Thread.run(Thread.java:748)

"jenkins.util.Timer [#8]" #46 daemon prio=5 os_prio=0 tid=0x0000000000eed000 nid=0x1b95 waiting on condition [0x00007f54d2147000]
   java.lang.Thread.State: WAITING (parking)
	at sun.misc.Unsafe.park(Native Method)
	- parking to wait for  <0x00000006c542a9b0> (a java.util.concurrent.locks.AbstractQueuedSynchronizer$ConditionObject)
	at java.util.concurrent.locks.LockSupport.park(LockSupport.java:175)
	at java.util.concurrent.locks.AbstractQueuedSynchronizer$ConditionObject.await(AbstractQueuedSynchronizer.java:2039)
	at java.util.concurrent.ScheduledThreadPoolExecutor$DelayedWorkQueue.take(ScheduledThreadPoolExecutor.java:1088)
	at java.util.concurrent.ScheduledThreadPoolExecutor$DelayedWorkQueue.take(ScheduledThreadPoolExecutor.java:809)
	at java.util.concurrent.ThreadPoolExecutor.getTask(ThreadPoolExecutor.java:1074)
	at java.util.concurrent.ThreadPoolExecutor.runWorker(ThreadPoolExecutor.java:1134)
	at java.util.concurrent.ThreadPoolExecutor$Worker.run(ThreadPoolExecutor.java:624)
	at java.lang.Thread.run(Thread.java:748)

"jenkins.util.Timer [#7]" #45 daemon prio=5 os_prio=0 tid=0x0000000000eea800 nid=0x1b94 waiting on condition [0x00007f54d2248000]
   java.lang.Thread.State: TIMED_WAITING (parking)
	at sun.misc.Unsafe.park(Native Method)
	- parking to wait for  <0x00000006c542a9b0> (a java.util.concurrent.locks.AbstractQueuedSynchronizer$ConditionObject)
	at java.util.concurrent.locks.LockSupport.parkNanos(LockSupport.java:215)
	at java.util.concurrent.locks.AbstractQueuedSynchronizer$ConditionObject.awaitNanos(AbstractQueuedSynchronizer.java:2078)
	at java.util.concurrent.ScheduledThreadPoolExecutor$DelayedWorkQueue.take(ScheduledThreadPoolExecutor.java:1093)
	at java.util.concurrent.ScheduledThreadPoolExecutor$DelayedWorkQueue.take(ScheduledThreadPoolExecutor.java:809)
	at java.util.concurrent.ThreadPoolExecutor.getTask(ThreadPoolExecutor.java:1074)
	at java.util.concurrent.ThreadPoolExecutor.runWorker(ThreadPoolExecutor.java:1134)
	at java.util.concurrent.ThreadPoolExecutor$Worker.run(ThreadPoolExecutor.java:624)
	at java.lang.Thread.run(Thread.java:748)

"jenkins.util.Timer [#6]" #44 daemon prio=5 os_prio=0 tid=0x0000000000ee8800 nid=0x1b93 waiting on condition [0x00007f54d2349000]
   java.lang.Thread.State: WAITING (parking)
	at sun.misc.Unsafe.park(Native Method)
	- parking to wait for  <0x00000006c542a9b0> (a java.util.concurrent.locks.AbstractQueuedSynchronizer$ConditionObject)
	at java.util.concurrent.locks.LockSupport.park(LockSupport.java:175)
	at java.util.concurrent.locks.AbstractQueuedSynchronizer$ConditionObject.await(AbstractQueuedSynchronizer.java:2039)
	at java.util.concurrent.ScheduledThreadPoolExecutor$DelayedWorkQueue.take(ScheduledThreadPoolExecutor.java:1088)
	at java.util.concurrent.ScheduledThreadPoolExecutor$DelayedWorkQueue.take(ScheduledThreadPoolExecutor.java:809)
	at java.util.concurrent.ThreadPoolExecutor.getTask(ThreadPoolExecutor.java:1074)
	at java.util.concurrent.ThreadPoolExecutor.runWorker(ThreadPoolExecutor.java:1134)
	at java.util.concurrent.ThreadPoolExecutor$Worker.run(ThreadPoolExecutor.java:624)
	at java.lang.Thread.run(Thread.java:748)

"jenkins.util.Timer [#5]" #43 daemon prio=5 os_prio=0 tid=0x0000000000ee7000 nid=0x1b92 waiting on condition [0x00007f54d244a000]
   java.lang.Thread.State: TIMED_WAITING (parking)
	at sun.misc.Unsafe.park(Native Method)
	- parking to wait for  <0x00000006c542a9b0> (a java.util.concurrent.locks.AbstractQueuedSynchronizer$ConditionObject)
	at java.util.concurrent.locks.LockSupport.parkNanos(LockSupport.java:215)
	at java.util.concurrent.locks.AbstractQueuedSynchronizer$ConditionObject.awaitNanos(AbstractQueuedSynchronizer.java:2078)
	at java.util.concurrent.ScheduledThreadPoolExecutor$DelayedWorkQueue.take(ScheduledThreadPoolExecutor.java:1093)
	at java.util.concurrent.ScheduledThreadPoolExecutor$DelayedWorkQueue.take(ScheduledThreadPoolExecutor.java:809)
	at java.util.concurrent.ThreadPoolExecutor.getTask(ThreadPoolExecutor.java:1074)
	at java.util.concurrent.ThreadPoolExecutor.runWorker(ThreadPoolExecutor.java:1134)
	at java.util.concurrent.ThreadPoolExecutor$Worker.run(ThreadPoolExecutor.java:624)
	at java.lang.Thread.run(Thread.java:748)

"RequestHandlerThread[#11]" #42 daemon prio=5 os_prio=0 tid=0x00007f550801d000 nid=0x1b91 waiting on condition [0x00007f54d274b000]
   java.lang.Thread.State: TIMED_WAITING (parking)
	at sun.misc.Unsafe.park(Native Method)
	- parking to wait for  <0x00000006c542a558> (a java.util.concurrent.SynchronousQueue$TransferStack)
	at java.util.concurrent.locks.LockSupport.parkNanos(LockSupport.java:215)
	at java.util.concurrent.SynchronousQueue$TransferStack.awaitFulfill(SynchronousQueue.java:460)
	at java.util.concurrent.SynchronousQueue$TransferStack.transfer(SynchronousQueue.java:362)
	at java.util.concurrent.SynchronousQueue.poll(SynchronousQueue.java:941)
	at java.util.concurrent.ThreadPoolExecutor.getTask(ThreadPoolExecutor.java:1073)
	at java.util.concurrent.ThreadPoolExecutor.runWorker(ThreadPoolExecutor.java:1134)
	at java.util.concurrent.ThreadPoolExecutor$Worker.run(ThreadPoolExecutor.java:624)
	at java.lang.Thread.run(Thread.java:748)

"RequestHandlerThread[#10]" #41 daemon prio=5 os_prio=0 tid=0x00007f54f002b800 nid=0x1b90 waiting on condition [0x00007f54d284c000]
   java.lang.Thread.State: WAITING (parking)
	at sun.misc.Unsafe.park(Native Method)
	- parking to wait for  <0x00000006c5655518> (a java.util.concurrent.locks.AbstractQueuedSynchronizer$ConditionObject)
	at java.util.concurrent.locks.LockSupport.park(LockSupport.java:175)
	at java.util.concurrent.locks.AbstractQueuedSynchronizer$ConditionObject.await(AbstractQueuedSynchronizer.java:2039)
	at org.eclipse.jetty.util.thread.strategy.EatWhatYouKill.run(EatWhatYouKill.java:173)
	at winstone.BoundedExecutorService$1.run(BoundedExecutorService.java:77)
	at java.util.concurrent.ThreadPoolExecutor.runWorker(ThreadPoolExecutor.java:1149)
	at java.util.concurrent.ThreadPoolExecutor$Worker.run(ThreadPoolExecutor.java:624)
	at java.lang.Thread.run(Thread.java:748)

"RequestHandlerThread[#9]" #40 daemon prio=5 os_prio=0 tid=0x00007f54e4004000 nid=0x1b8f waiting on condition [0x00007f54d294d000]
   java.lang.Thread.State: WAITING (parking)
	at sun.misc.Unsafe.park(Native Method)
	- parking to wait for  <0x00000006c54257c0> (a java.util.concurrent.locks.AbstractQueuedSynchronizer$ConditionObject)
	at java.util.concurrent.locks.LockSupport.park(LockSupport.java:175)
	at java.util.concurrent.locks.AbstractQueuedSynchronizer$ConditionObject.await(AbstractQueuedSynchronizer.java:2039)
	at org.eclipse.jetty.util.thread.strategy.EatWhatYouKill.run(EatWhatYouKill.java:173)
	at winstone.BoundedExecutorService$1.run(BoundedExecutorService.java:77)
	at java.util.concurrent.ThreadPoolExecutor.runWorker(ThreadPoolExecutor.java:1149)
	at java.util.concurrent.ThreadPoolExecutor$Worker.run(ThreadPoolExecutor.java:624)
	at java.lang.Thread.run(Thread.java:748)

"jenkins.util.Timer [#4]" #39 daemon prio=5 os_prio=0 tid=0x0000000000ebe000 nid=0x1b8e waiting on condition [0x00007f54d2a4e000]
   java.lang.Thread.State: WAITING (parking)
	at sun.misc.Unsafe.park(Native Method)
	- parking to wait for  <0x00000006c542a9b0> (a java.util.concurrent.locks.AbstractQueuedSynchronizer$ConditionObject)
	at java.util.concurrent.locks.LockSupport.park(LockSupport.java:175)
	at java.util.concurrent.locks.AbstractQueuedSynchronizer$ConditionObject.await(AbstractQueuedSynchronizer.java:2039)
	at java.util.concurrent.ScheduledThreadPoolExecutor$DelayedWorkQueue.take(ScheduledThreadPoolExecutor.java:1088)
	at java.util.concurrent.ScheduledThreadPoolExecutor$DelayedWorkQueue.take(ScheduledThreadPoolExecutor.java:809)
	at java.util.concurrent.ThreadPoolExecutor.getTask(ThreadPoolExecutor.java:1074)
	at java.util.concurrent.ThreadPoolExecutor.runWorker(ThreadPoolExecutor.java:1134)
	at java.util.concurrent.ThreadPoolExecutor$Worker.run(ThreadPoolExecutor.java:624)
	at java.lang.Thread.run(Thread.java:748)

"jenkins.util.Timer [#3]" #38 daemon prio=5 os_prio=0 tid=0x0000000000e9c000 nid=0x1b8d waiting on condition [0x00007f54d2d4f000]
   java.lang.Thread.State: TIMED_WAITING (parking)
	at sun.misc.Unsafe.park(Native Method)
	- parking to wait for  <0x00000006c542a9b0> (a java.util.concurrent.locks.AbstractQueuedSynchronizer$ConditionObject)
	at java.util.concurrent.locks.LockSupport.parkNanos(LockSupport.java:215)
	at java.util.concurrent.locks.AbstractQueuedSynchronizer$ConditionObject.awaitNanos(AbstractQueuedSynchronizer.java:2078)
	at java.util.concurrent.ScheduledThreadPoolExecutor$DelayedWorkQueue.take(ScheduledThreadPoolExecutor.java:1093)
	at java.util.concurrent.ScheduledThreadPoolExecutor$DelayedWorkQueue.take(ScheduledThreadPoolExecutor.java:809)
	at java.util.concurrent.ThreadPoolExecutor.getTask(ThreadPoolExecutor.java:1074)
	at java.util.concurrent.ThreadPoolExecutor.runWorker(ThreadPoolExecutor.java:1134)
	at java.util.concurrent.ThreadPoolExecutor$Worker.run(ThreadPoolExecutor.java:624)
	at java.lang.Thread.run(Thread.java:748)

"jenkins.util.Timer [#2]" #37 daemon prio=5 os_prio=0 tid=0x00007f54f8002000 nid=0x1b8c waiting on condition [0x00007f552017a000]
   java.lang.Thread.State: TIMED_WAITING (parking)
	at sun.misc.Unsafe.park(Native Method)
	- parking to wait for  <0x00000006c542a9b0> (a java.util.concurrent.locks.AbstractQueuedSynchronizer$ConditionObject)
	at java.util.concurrent.locks.LockSupport.parkNanos(LockSupport.java:215)
	at java.util.concurrent.locks.AbstractQueuedSynchronizer$ConditionObject.awaitNanos(AbstractQueuedSynchronizer.java:2078)
	at java.util.concurrent.ScheduledThreadPoolExecutor$DelayedWorkQueue.take(ScheduledThreadPoolExecutor.java:1093)
	at java.util.concurrent.ScheduledThreadPoolExecutor$DelayedWorkQueue.take(ScheduledThreadPoolExecutor.java:809)
	at java.util.concurrent.ThreadPoolExecutor.getTask(ThreadPoolExecutor.java:1074)
	at java.util.concurrent.ThreadPoolExecutor.runWorker(ThreadPoolExecutor.java:1134)
	at java.util.concurrent.ThreadPoolExecutor$Worker.run(ThreadPoolExecutor.java:624)
	at java.lang.Thread.run(Thread.java:748)

"Thread-3" #34 daemon prio=5 os_prio=0 tid=0x00007f54d5112800 nid=0x1b89 waiting on condition [0x00007f5520cf0000]
   java.lang.Thread.State: TIMED_WAITING (parking)
	at sun.misc.Unsafe.park(Native Method)
	- parking to wait for  <0x00000006c673d560> (a java.util.concurrent.locks.AbstractQueuedSynchronizer$ConditionObject)
	at java.util.concurrent.locks.LockSupport.parkNanos(LockSupport.java:215)
	at java.util.concurrent.locks.AbstractQueuedSynchronizer$ConditionObject.awaitNanos(AbstractQueuedSynchronizer.java:2078)
	at java.util.concurrent.LinkedBlockingQueue.poll(LinkedBlockingQueue.java:467)
	at org.jenkinsci.plugins.pubsub.listeners.SyncQueueListener$1.run(SyncQueueListener.java:93)

"Scheduler-1485955886" #33 prio=5 os_prio=0 tid=0x00007f55040b6800 nid=0x1b88 waiting on condition [0x00007f5521d99000]
   java.lang.Thread.State: TIMED_WAITING (parking)
	at sun.misc.Unsafe.park(Native Method)
	- parking to wait for  <0x00000006c56cbf18> (a java.util.concurrent.locks.AbstractQueuedSynchronizer$ConditionObject)
	at java.util.concurrent.locks.LockSupport.parkNanos(LockSupport.java:215)
	at java.util.concurrent.locks.AbstractQueuedSynchronizer$ConditionObject.awaitNanos(AbstractQueuedSynchronizer.java:2078)
	at java.util.concurrent.ScheduledThreadPoolExecutor$DelayedWorkQueue.take(ScheduledThreadPoolExecutor.java:1093)
	at java.util.concurrent.ScheduledThreadPoolExecutor$DelayedWorkQueue.take(ScheduledThreadPoolExecutor.java:809)
	at java.util.concurrent.ThreadPoolExecutor.getTask(ThreadPoolExecutor.java:1074)
	at java.util.concurrent.ThreadPoolExecutor.runWorker(ThreadPoolExecutor.java:1134)
	at java.util.concurrent.ThreadPoolExecutor$Worker.run(ThreadPoolExecutor.java:624)
	at java.lang.Thread.run(Thread.java:748)

"CustomOrganizationFolderDescriptor.addSpecificDescriptors" #32 daemon prio=5 os_prio=0 tid=0x00007f54e000c000 nid=0x1b87 waiting for monitor entry [0x00007f5522099000]
   java.lang.Thread.State: BLOCKED (on object monitor)
	at hudson.ExtensionList.ensureLoaded(ExtensionList.java:303)
	- waiting to lock <0x00000006c6654678> (a hudson.ExtensionList$Lock)
	at hudson.ExtensionList.getComponents(ExtensionList.java:169)
	at hudson.DescriptorExtensionList.load(DescriptorExtensionList.java:192)
	at hudson.ExtensionList.ensureLoaded(ExtensionList.java:304)
	- locked <0x0000000799ed36e8> (a hudson.DescriptorExtensionList)
	at hudson.ExtensionList.iterator(ExtensionList.java:158)
	at jenkins.branch.CustomOrganizationFolderDescriptor.doAddSpecificDescriptors(CustomOrganizationFolderDescriptor.java:166)
	at jenkins.branch.CustomOrganizationFolderDescriptor.addSpecificDescriptors(CustomOrganizationFolderDescriptor.java:145)
	at sun.reflect.NativeMethodAccessorImpl.invoke0(Native Method)
	at sun.reflect.NativeMethodAccessorImpl.invoke(NativeMethodAccessorImpl.java:62)
	at sun.reflect.DelegatingMethodAccessorImpl.invoke(DelegatingMethodAccessorImpl.java:43)
	at java.lang.reflect.Method.invoke(Method.java:498)
	at hudson.init.TaskMethodFinder.invoke(TaskMethodFinder.java:104)
	at hudson.init.TaskMethodFinder$TaskImpl.run(TaskMethodFinder.java:175)
	at org.jvnet.hudson.reactor.Reactor.runTask(Reactor.java:296)
	at jenkins.model.Jenkins$5.runTask(Jenkins.java:1062)
	at org.jvnet.hudson.reactor.Reactor$2.run(Reactor.java:214)
	at org.jvnet.hudson.reactor.Reactor$Node.run(Reactor.java:117)
	at java.util.concurrent.ThreadPoolExecutor.runWorker(ThreadPoolExecutor.java:1149)
	at java.util.concurrent.ThreadPoolExecutor$Worker.run(ThreadPoolExecutor.java:624)
	at java.lang.Thread.run(Thread.java:748)

"pool-6-thread-7" #31 daemon prio=5 os_prio=0 tid=0x00007f54e000a000 nid=0x1b86 waiting on condition [0x00007f552219b000]
   java.lang.Thread.State: WAITING (parking)
	at sun.misc.Unsafe.park(Native Method)
	- parking to wait for  <0x00000006c6340738> (a java.util.concurrent.locks.AbstractQueuedSynchronizer$ConditionObject)
	at java.util.concurrent.locks.LockSupport.park(LockSupport.java:175)
	at java.util.concurrent.locks.AbstractQueuedSynchronizer$ConditionObject.await(AbstractQueuedSynchronizer.java:2039)
	at java.util.concurrent.LinkedBlockingQueue.take(LinkedBlockingQueue.java:442)
	at java.util.concurrent.ThreadPoolExecutor.getTask(ThreadPoolExecutor.java:1074)
	at java.util.concurrent.ThreadPoolExecutor.runWorker(ThreadPoolExecutor.java:1134)
	at java.util.concurrent.ThreadPoolExecutor$Worker.run(ThreadPoolExecutor.java:624)
	at java.lang.Thread.run(Thread.java:748)

"pool-6-thread-6" #30 daemon prio=5 os_prio=0 tid=0x00007f54e0008000 nid=0x1b85 waiting on condition [0x00007f552229c000]
   java.lang.Thread.State: WAITING (parking)
	at sun.misc.Unsafe.park(Native Method)
	- parking to wait for  <0x00000006c6340738> (a java.util.concurrent.locks.AbstractQueuedSynchronizer$ConditionObject)
	at java.util.concurrent.locks.LockSupport.park(LockSupport.java:175)
	at java.util.concurrent.locks.AbstractQueuedSynchronizer$ConditionObject.await(AbstractQueuedSynchronizer.java:2039)
	at java.util.concurrent.LinkedBlockingQueue.take(LinkedBlockingQueue.java:442)
	at java.util.concurrent.ThreadPoolExecutor.getTask(ThreadPoolExecutor.java:1074)
	at java.util.concurrent.ThreadPoolExecutor.runWorker(ThreadPoolExecutor.java:1134)
	at java.util.concurrent.ThreadPoolExecutor$Worker.run(ThreadPoolExecutor.java:624)
	at java.lang.Thread.run(Thread.java:748)

"GitSCM.onLoaded" #29 daemon prio=5 os_prio=0 tid=0x00007f54e0006800 nid=0x1b84 waiting on condition [0x00007f552239c000]
   java.lang.Thread.State: WAITING (parking)
	at sun.misc.Unsafe.park(Native Method)
	- parking to wait for  <0x00000006c6eb7488> (a java.util.concurrent.locks.ReentrantLock$NonfairSync)
	at java.util.concurrent.locks.LockSupport.park(LockSupport.java:175)
	at java.util.concurrent.locks.AbstractQueuedSynchronizer.parkAndCheckInterrupt(AbstractQueuedSynchronizer.java:836)
	at java.util.concurrent.locks.AbstractQueuedSynchronizer.acquireQueued(AbstractQueuedSynchronizer.java:870)
	at java.util.concurrent.locks.AbstractQueuedSynchronizer.acquire(AbstractQueuedSynchronizer.java:1199)
	at java.util.concurrent.locks.ReentrantLock$NonfairSync.lock(ReentrantLock.java:209)
	at java.util.concurrent.locks.ReentrantLock.lock(ReentrantLock.java:285)
	at com.google.inject.internal.CycleDetectingLock$CycleDetectingLockFactory$ReentrantCycleDetectingLock.lockOrDetectPotentialLocksCycle(CycleDetectingLock.java:160)
	at com.google.inject.internal.SingletonScope$1.get(SingletonScope.java:136)
	at hudson.ExtensionFinder$GuiceFinder$FaultTolerantScope$1.get(ExtensionFinder.java:424)
	at com.google.inject.internal.InternalFactoryToProviderAdapter.get(InternalFactoryToProviderAdapter.java:41)
	at com.google.inject.internal.InjectorImpl$2$1.call(InjectorImpl.java:1016)
	at com.google.inject.internal.InjectorImpl.callInContext(InjectorImpl.java:1092)
	at com.google.inject.internal.InjectorImpl$2.get(InjectorImpl.java:1012)
	at hudson.ExtensionFinder$GuiceFinder._find(ExtensionFinder.java:386)
	at hudson.ExtensionFinder$GuiceFinder.find(ExtensionFinder.java:377)
	at hudson.ClassicPluginStrategy.findComponents(ClassicPluginStrategy.java:482)
	at hudson.ExtensionList.load(ExtensionList.java:366)
	at hudson.ExtensionList.ensureLoaded(ExtensionList.java:304)
	- locked <0x00000006c6654678> (a hudson.ExtensionList$Lock)
	at hudson.ExtensionList.iterator(ExtensionList.java:158)
	at jenkins.model.Jenkins.getDescriptorByType(Jenkins.java:1518)
	at hudson.plugins.git.GitSCM.onLoaded(GitSCM.java:1859)
	at sun.reflect.NativeMethodAccessorImpl.invoke0(Native Method)
	at sun.reflect.NativeMethodAccessorImpl.invoke(NativeMethodAccessorImpl.java:62)
	at sun.reflect.DelegatingMethodAccessorImpl.invoke(DelegatingMethodAccessorImpl.java:43)
	at java.lang.reflect.Method.invoke(Method.java:498)
	at hudson.init.TaskMethodFinder.invoke(TaskMethodFinder.java:104)
	at hudson.init.TaskMethodFinder$TaskImpl.run(TaskMethodFinder.java:175)
	at org.jvnet.hudson.reactor.Reactor.runTask(Reactor.java:296)
	at jenkins.model.Jenkins$5.runTask(Jenkins.java:1062)
	at org.jvnet.hudson.reactor.Reactor$2.run(Reactor.java:214)
	at org.jvnet.hudson.reactor.Reactor$Node.run(Reactor.java:117)
	at java.util.concurrent.ThreadPoolExecutor.runWorker(ThreadPoolExecutor.java:1149)
	at java.util.concurrent.ThreadPoolExecutor$Worker.run(ThreadPoolExecutor.java:624)
	at java.lang.Thread.run(Thread.java:748)

"PluginImpl.init" #28 daemon prio=5 os_prio=0 tid=0x00007f54e0004800 nid=0x1b83 waiting for monitor entry [0x00007f552249d000]
   java.lang.Thread.State: BLOCKED (on object monitor)
	at hudson.ExtensionList.ensureLoaded(ExtensionList.java:303)
	- waiting to lock <0x00000006c6654678> (a hudson.ExtensionList$Lock)
	at hudson.ExtensionList.size(ExtensionList.java:177)
	at hudson.ExtensionList.lookupSingleton(ExtensionList.java:435)
	at hudson.PluginManager$PluginUpdateMonitor.getInstance(PluginManager.java:2015)
	at hudson.maven.PluginImpl.init(PluginImpl.java:58)
	at sun.reflect.NativeMethodAccessorImpl.invoke0(Native Method)
	at sun.reflect.NativeMethodAccessorImpl.invoke(NativeMethodAccessorImpl.java:62)
	at sun.reflect.DelegatingMethodAccessorImpl.invoke(DelegatingMethodAccessorImpl.java:43)
	at java.lang.reflect.Method.invoke(Method.java:498)
	at hudson.init.TaskMethodFinder.invoke(TaskMethodFinder.java:104)
	at hudson.init.TaskMethodFinder$TaskImpl.run(TaskMethodFinder.java:175)
	at org.jvnet.hudson.reactor.Reactor.runTask(Reactor.java:296)
	at jenkins.model.Jenkins$5.runTask(Jenkins.java:1062)
	at org.jvnet.hudson.reactor.Reactor$2.run(Reactor.java:214)
	at org.jvnet.hudson.reactor.Reactor$Node.run(Reactor.java:117)
	at java.util.concurrent.ThreadPoolExecutor.runWorker(ThreadPoolExecutor.java:1149)
	at java.util.concurrent.ThreadPoolExecutor$Worker.run(ThreadPoolExecutor.java:624)
	at java.lang.Thread.run(Thread.java:748)

"SonarGlobalConfiguration.migrate" #27 daemon prio=5 os_prio=0 tid=0x00007f54e0003800 nid=0x1b82 waiting for monitor entry [0x00007f552259e000]
   java.lang.Thread.State: BLOCKED (on object monitor)
	at hudson.ExtensionList.ensureLoaded(ExtensionList.java:303)
	- waiting to lock <0x00000006c6654678> (a hudson.ExtensionList$Lock)
	at hudson.ExtensionList.iterator(ExtensionList.java:158)
	at jenkins.model.Jenkins.getAdministrativeMonitor(Jenkins.java:2107)
	at hudson.diagnosis.OldDataMonitor.get(OldDataMonitor.java:82)
	at hudson.diagnosis.OldDataMonitor.report(OldDataMonitor.java:217)
	at hudson.util.RobustReflectionConverter.doUnmarshal(RobustReflectionConverter.java:371)
	at hudson.util.RobustReflectionConverter.unmarshal(RobustReflectionConverter.java:270)
	at com.thoughtworks.xstream.core.TreeUnmarshaller.convert(TreeUnmarshaller.java:72)
	at com.thoughtworks.xstream.core.AbstractReferenceUnmarshaller.convert(AbstractReferenceUnmarshaller.java:65)
	at com.thoughtworks.xstream.core.TreeUnmarshaller.convertAnother(TreeUnmarshaller.java:66)
	at com.thoughtworks.xstream.core.TreeUnmarshaller.convertAnother(TreeUnmarshaller.java:50)
	at com.thoughtworks.xstream.core.TreeUnmarshaller.start(TreeUnmarshaller.java:134)
	at com.thoughtworks.xstream.core.AbstractTreeMarshallingStrategy.unmarshal(AbstractTreeMarshallingStrategy.java:32)
	at com.thoughtworks.xstream.XStream.unmarshal(XStream.java:1189)
	at hudson.util.XStream2.unmarshal(XStream2.java:160)
	at hudson.util.XStream2.unmarshal(XStream2.java:131)
	at com.thoughtworks.xstream.XStream.unmarshal(XStream.java:1173)
	at hudson.XmlFile.unmarshal(XmlFile.java:178)
	at hudson.XmlFile.unmarshal(XmlFile.java:161)
	at hudson.model.Descriptor.load(Descriptor.java:893)
	- locked <0x000000079a2cc798> (a hudson.plugins.sonar.SonarGlobalConfiguration)
	at hudson.plugins.sonar.SonarGlobalConfiguration.<init>(SonarGlobalConfiguration.java:50)
	at hudson.plugins.sonar.SonarGlobalConfiguration$$FastClassByGuice$$9ca8165c.newInstance(<generated>)
	at com.google.inject.internal.cglib.reflect.$FastConstructor.newInstance(FastConstructor.java:40)
	at com.google.inject.internal.DefaultConstructionProxyFactory$1.newInstance(DefaultConstructionProxyFactory.java:61)
	at com.google.inject.internal.ConstructorInjector.provision(ConstructorInjector.java:105)
	at com.google.inject.internal.ConstructorInjector.construct(ConstructorInjector.java:85)
	at com.google.inject.internal.ConstructorBindingImpl$Factory.get(ConstructorBindingImpl.java:267)
	at com.google.inject.internal.ProviderToInternalFactoryAdapter$1.call(ProviderToInternalFactoryAdapter.java:46)
	at com.google.inject.internal.InjectorImpl.callInContext(InjectorImpl.java:1103)
	at com.google.inject.internal.ProviderToInternalFactoryAdapter.get(ProviderToInternalFactoryAdapter.java:40)
	at com.google.inject.internal.SingletonScope$1.get(SingletonScope.java:145)
	at hudson.ExtensionFinder$GuiceFinder$FaultTolerantScope$1.get(ExtensionFinder.java:424)
	at com.google.inject.internal.InternalFactoryToProviderAdapter.get(InternalFactoryToProviderAdapter.java:41)
	at com.google.inject.internal.InjectorImpl$2$1.call(InjectorImpl.java:1016)
	at com.google.inject.internal.InjectorImpl.callInContext(InjectorImpl.java:1092)
	at com.google.inject.internal.InjectorImpl$2.get(InjectorImpl.java:1012)
	at com.google.inject.internal.InjectorImpl.getInstance(InjectorImpl.java:1051)
	at jenkins.ProxyInjector.getInstance(ProxyInjector.java:98)
	at hudson.init.TaskMethodFinder.lookUp(TaskMethodFinder.java:124)
	at hudson.init.TaskMethodFinder.invoke(TaskMethodFinder.java:105)
	at hudson.init.TaskMethodFinder$TaskImpl.run(TaskMethodFinder.java:175)
	at org.jvnet.hudson.reactor.Reactor.runTask(Reactor.java:296)
	at jenkins.model.Jenkins$5.runTask(Jenkins.java:1062)
	at org.jvnet.hudson.reactor.Reactor$2.run(Reactor.java:214)
	at org.jvnet.hudson.reactor.Reactor$Node.run(Reactor.java:117)
	at java.util.concurrent.ThreadPoolExecutor.runWorker(ThreadPoolExecutor.java:1149)
	at java.util.concurrent.ThreadPoolExecutor$Worker.run(ThreadPoolExecutor.java:624)
	at java.lang.Thread.run(Thread.java:748)

"UpdateCenter.init" #26 daemon prio=5 os_prio=0 tid=0x00007f5510155800 nid=0x1b81 waiting for monitor entry [0x00007f552269f000]
   java.lang.Thread.State: BLOCKED (on object monitor)
	at hudson.ExtensionList.ensureLoaded(ExtensionList.java:303)
	- waiting to lock <0x00000006c6654678> (a hudson.ExtensionList$Lock)
	at hudson.ExtensionList.iterator(ExtensionList.java:158)
	at hudson.model.listeners.SaveableListener.fireOnChange(SaveableListener.java:79)
	at hudson.model.UpdateCenter.save(UpdateCenter.java:842)
	- locked <0x00000006c56dbb50> (a hudson.model.UpdateCenter)
	at hudson.util.PersistedList.onModified(PersistedList.java:173)
	at hudson.util.PersistedList.replaceBy(PersistedList.java:85)
	at hudson.model.UpdateCenter.load(UpdateCenter.java:855)
	- locked <0x00000006c56dbb50> (a hudson.model.UpdateCenter)
	at hudson.model.UpdateCenter.init(UpdateCenter.java:2180)
	at sun.reflect.NativeMethodAccessorImpl.invoke0(Native Method)
	at sun.reflect.NativeMethodAccessorImpl.invoke(NativeMethodAccessorImpl.java:62)
	at sun.reflect.DelegatingMethodAccessorImpl.invoke(DelegatingMethodAccessorImpl.java:43)
	at java.lang.reflect.Method.invoke(Method.java:498)
	at hudson.init.TaskMethodFinder.invoke(TaskMethodFinder.java:104)
	at hudson.init.TaskMethodFinder$TaskImpl.run(TaskMethodFinder.java:175)
	at org.jvnet.hudson.reactor.Reactor.runTask(Reactor.java:296)
	at jenkins.model.Jenkins$5.runTask(Jenkins.java:1062)
	at org.jvnet.hudson.reactor.Reactor$2.run(Reactor.java:214)
	at org.jvnet.hudson.reactor.Reactor$Node.run(Reactor.java:117)
	at java.util.concurrent.ThreadPoolExecutor.runWorker(ThreadPoolExecutor.java:1149)
	at java.util.concurrent.ThreadPoolExecutor$Worker.run(ThreadPoolExecutor.java:624)
	at java.lang.Thread.run(Thread.java:748)

"pool-6-thread-1" #25 daemon prio=5 os_prio=0 tid=0x00007f5510158000 nid=0x1b80 waiting on condition [0x00007f55227a1000]
   java.lang.Thread.State: WAITING (parking)
	at sun.misc.Unsafe.park(Native Method)
	- parking to wait for  <0x00000006c6340738> (a java.util.concurrent.locks.AbstractQueuedSynchronizer$ConditionObject)
	at java.util.concurrent.locks.LockSupport.park(LockSupport.java:175)
	at java.util.concurrent.locks.AbstractQueuedSynchronizer$ConditionObject.await(AbstractQueuedSynchronizer.java:2039)
	at java.util.concurrent.LinkedBlockingQueue.take(LinkedBlockingQueue.java:442)
	at java.util.concurrent.ThreadPoolExecutor.getTask(ThreadPoolExecutor.java:1074)
	at java.util.concurrent.ThreadPoolExecutor.runWorker(ThreadPoolExecutor.java:1134)
	at java.util.concurrent.ThreadPoolExecutor$Worker.run(ThreadPoolExecutor.java:624)
	at java.lang.Thread.run(Thread.java:748)

"RequestHandlerThread[#6]" #24 daemon prio=5 os_prio=0 tid=0x00007f5504005800 nid=0x1b7f runnable [0x00007f55228a1000]
   java.lang.Thread.State: RUNNABLE
	at sun.nio.ch.EPollArrayWrapper.epollWait(Native Method)
	at sun.nio.ch.EPollArrayWrapper.poll(EPollArrayWrapper.java:269)
	at sun.nio.ch.EPollSelectorImpl.doSelect(EPollSelectorImpl.java:93)
	at sun.nio.ch.SelectorImpl.lockAndDoSelect(SelectorImpl.java:86)
	- locked <0x00000006c5655780> (a sun.nio.ch.Util$3)
	- locked <0x00000006c5655770> (a java.util.Collections$UnmodifiableSet)
	- locked <0x00000006c5655648> (a sun.nio.ch.EPollSelectorImpl)
	at sun.nio.ch.SelectorImpl.select(SelectorImpl.java:97)
	at sun.nio.ch.SelectorImpl.select(SelectorImpl.java:101)
	at org.eclipse.jetty.io.ManagedSelector$SelectorProducer.select(ManagedSelector.java:234)
	at org.eclipse.jetty.io.ManagedSelector$SelectorProducer.produce(ManagedSelector.java:187)
	at org.eclipse.jetty.util.thread.strategy.EatWhatYouKill.doProduce(EatWhatYouKill.java:211)
	at org.eclipse.jetty.util.thread.strategy.EatWhatYouKill.run(EatWhatYouKill.java:199)
	at winstone.BoundedExecutorService$1.run(BoundedExecutorService.java:77)
	at java.util.concurrent.ThreadPoolExecutor.runWorker(ThreadPoolExecutor.java:1149)
	at java.util.concurrent.ThreadPoolExecutor$Worker.run(ThreadPoolExecutor.java:624)
	at java.lang.Thread.run(Thread.java:748)

"Scheduler-453211571" #23 prio=5 os_prio=0 tid=0x00007f54f0005800 nid=0x1b7e waiting on condition [0x00007f5522ba3000]
   java.lang.Thread.State: TIMED_WAITING (parking)
	at sun.misc.Unsafe.park(Native Method)
	- parking to wait for  <0x00000006c542a2f8> (a java.util.concurrent.locks.AbstractQueuedSynchronizer$ConditionObject)
	at java.util.concurrent.locks.LockSupport.parkNanos(LockSupport.java:215)
	at java.util.concurrent.locks.AbstractQueuedSynchronizer$ConditionObject.awaitNanos(AbstractQueuedSynchronizer.java:2078)
	at java.util.concurrent.ScheduledThreadPoolExecutor$DelayedWorkQueue.take(ScheduledThreadPoolExecutor.java:1093)
	at java.util.concurrent.ScheduledThreadPoolExecutor$DelayedWorkQueue.take(ScheduledThreadPoolExecutor.java:809)
	at java.util.concurrent.ThreadPoolExecutor.getTask(ThreadPoolExecutor.java:1074)
	at java.util.concurrent.ThreadPoolExecutor.runWorker(ThreadPoolExecutor.java:1134)
	at java.util.concurrent.ThreadPoolExecutor$Worker.run(ThreadPoolExecutor.java:624)
	at java.lang.Thread.run(Thread.java:748)

"jenkins.util.Timer [#1]" #20 daemon prio=5 os_prio=0 tid=0x00007f551006f000 nid=0x1b7b waiting on condition [0x00007f5522ea6000]
   java.lang.Thread.State: WAITING (parking)
	at sun.misc.Unsafe.park(Native Method)
	- parking to wait for  <0x00000006c542a9b0> (a java.util.concurrent.locks.AbstractQueuedSynchronizer$ConditionObject)
	at java.util.concurrent.locks.LockSupport.park(LockSupport.java:175)
	at java.util.concurrent.locks.AbstractQueuedSynchronizer$ConditionObject.await(AbstractQueuedSynchronizer.java:2039)
	at java.util.concurrent.ScheduledThreadPoolExecutor$DelayedWorkQueue.take(ScheduledThreadPoolExecutor.java:1088)
	at java.util.concurrent.ScheduledThreadPoolExecutor$DelayedWorkQueue.take(ScheduledThreadPoolExecutor.java:809)
	at java.util.concurrent.ThreadPoolExecutor.getTask(ThreadPoolExecutor.java:1074)
	at java.util.concurrent.ThreadPoolExecutor.runWorker(ThreadPoolExecutor.java:1134)
	at java.util.concurrent.ThreadPoolExecutor$Worker.run(ThreadPoolExecutor.java:624)
	at java.lang.Thread.run(Thread.java:748)

"Jenkins cron thread" #19 prio=5 os_prio=0 tid=0x00007f5510053800 nid=0x1b7a in Object.wait() [0x00007f5522fa7000]
   java.lang.Thread.State: WAITING (on object monitor)
	at java.lang.Object.wait(Native Method)
	- waiting on <0x00000006c542aff8> (a java.util.TaskQueue)
	at java.lang.Object.wait(Object.java:502)
	at java.util.TimerThread.mainLoop(Timer.java:526)
	- locked <0x00000006c542aff8> (a java.util.TaskQueue)
	at java.util.TimerThread.run(Timer.java:505)

"DestroyJavaVM" #18 prio=5 os_prio=0 tid=0x00007f557000b000 nid=0x1b58 waiting on condition [0x0000000000000000]
   java.lang.Thread.State: RUNNABLE

"LauncherControlThread[ControlPort=-1]" #16 prio=5 os_prio=0 tid=0x00007f5570c75000 nid=0x1b79 waiting on condition [0x00007f55232a8000]
   java.lang.Thread.State: TIMED_WAITING (sleeping)
	at java.lang.Thread.sleep(Native Method)
	at winstone.Launcher.run(Launcher.java:245)
	at java.lang.Thread.run(Thread.java:748)

"RequestHandlerThread[#3]-acceptor-0@bf87a70-ServerConnector@50378a4{HTTP/1.1,[http/1.1]}{127.0.0.1:8080}" #15 daemon prio=3 os_prio=0 tid=0x00007f5570c73000 nid=0x1b78 runnable [0x00007f55233a9000]
   java.lang.Thread.State: RUNNABLE
	at sun.nio.ch.ServerSocketChannelImpl.accept0(Native Method)
	at sun.nio.ch.ServerSocketChannelImpl.accept(ServerSocketChannelImpl.java:422)
	at sun.nio.ch.ServerSocketChannelImpl.accept(ServerSocketChannelImpl.java:250)
	- locked <0x00000006c5654df0> (a java.lang.Object)
	at org.eclipse.jetty.server.ServerConnector.accept(ServerConnector.java:352)
	at org.eclipse.jetty.server.AbstractConnector$Acceptor.run(AbstractConnector.java:603)
	at winstone.BoundedExecutorService$1.run(BoundedExecutorService.java:77)
	at java.util.concurrent.ThreadPoolExecutor.runWorker(ThreadPoolExecutor.java:1149)
	at java.util.concurrent.ThreadPoolExecutor$Worker.run(ThreadPoolExecutor.java:624)
	at java.lang.Thread.run(Thread.java:748)

"RequestHandlerThread[#2]" #14 daemon prio=5 os_prio=0 tid=0x00007f5570c71800 nid=0x1b77 waiting on condition [0x00007f55234aa000]
   java.lang.Thread.State: TIMED_WAITING (parking)
	at sun.misc.Unsafe.park(Native Method)
	- parking to wait for  <0x00000006c542a558> (a java.util.concurrent.SynchronousQueue$TransferStack)
	at java.util.concurrent.locks.LockSupport.parkNanos(LockSupport.java:215)
	at java.util.concurrent.SynchronousQueue$TransferStack.awaitFulfill(SynchronousQueue.java:460)
	at java.util.concurrent.SynchronousQueue$TransferStack.transfer(SynchronousQueue.java:362)
	at java.util.concurrent.SynchronousQueue.poll(SynchronousQueue.java:941)
	at java.util.concurrent.ThreadPoolExecutor.getTask(ThreadPoolExecutor.java:1073)
	at java.util.concurrent.ThreadPoolExecutor.runWorker(ThreadPoolExecutor.java:1134)
	at java.util.concurrent.ThreadPoolExecutor$Worker.run(ThreadPoolExecutor.java:624)
	at java.lang.Thread.run(Thread.java:748)

"RequestHandlerThread[#1]" #13 daemon prio=5 os_prio=0 tid=0x00007f5570c54000 nid=0x1b76 waiting on condition [0x00007f55235ab000]
   java.lang.Thread.State: TIMED_WAITING (parking)
	at sun.misc.Unsafe.park(Native Method)
	- parking to wait for  <0x00000006c542a558> (a java.util.concurrent.SynchronousQueue$TransferStack)
	at java.util.concurrent.locks.LockSupport.parkNanos(LockSupport.java:215)
	at java.util.concurrent.SynchronousQueue$TransferStack.awaitFulfill(SynchronousQueue.java:460)
	at java.util.concurrent.SynchronousQueue$TransferStack.transfer(SynchronousQueue.java:362)
	at java.util.concurrent.SynchronousQueue.poll(SynchronousQueue.java:941)
	at java.util.concurrent.ThreadPoolExecutor.getTask(ThreadPoolExecutor.java:1073)
	at java.util.concurrent.ThreadPoolExecutor.runWorker(ThreadPoolExecutor.java:1134)
	at java.util.concurrent.ThreadPoolExecutor$Worker.run(ThreadPoolExecutor.java:624)
	at java.lang.Thread.run(Thread.java:748)

"Jenkins initialization thread" #12 prio=5 os_prio=0 tid=0x00007f5570c3a800 nid=0x1b75 in Object.wait() [0x00007f55236ac000]
   java.lang.Thread.State: WAITING (on object monitor)
	at java.lang.Object.wait(Native Method)
	at java.lang.Object.wait(Object.java:502)
	at org.jvnet.hudson.reactor.Reactor.execute(Reactor.java:280)
	- locked <0x00000006c63a8850> (a jenkins.model.Jenkins$5)
	at jenkins.InitReactorRunner.run(InitReactorRunner.java:48)
	at jenkins.model.Jenkins.executeReactor(Jenkins.java:1096)
	at jenkins.model.Jenkins.<init>(Jenkins.java:900)
	at hudson.model.Hudson.<init>(Hudson.java:85)
	at hudson.model.Hudson.<init>(Hudson.java:81)
	at hudson.WebAppMain$3.run(WebAppMain.java:233)

"Java2D Disposer" #11 daemon prio=10 os_prio=0 tid=0x00007f5570c0d000 nid=0x1b74 in Object.wait() [0x00007f55541db000]
   java.lang.Thread.State: WAITING (on object monitor)
	at java.lang.Object.wait(Native Method)
	- waiting on <0x00000006c56de188> (a java.lang.ref.ReferenceQueue$Lock)
	at java.lang.ref.ReferenceQueue.remove(ReferenceQueue.java:143)
	- locked <0x00000006c56de188> (a java.lang.ref.ReferenceQueue$Lock)
	at java.lang.ref.ReferenceQueue.remove(ReferenceQueue.java:164)
	at sun.java2d.Disposer.run(Disposer.java:148)
	at java.lang.Thread.run(Thread.java:748)

"Scheduler-2092769598" #10 prio=5 os_prio=0 tid=0x00007f55709b0000 nid=0x1b66 waiting on condition [0x00007f5554756000]
   java.lang.Thread.State: TIMED_WAITING (parking)
	at sun.misc.Unsafe.park(Native Method)
	- parking to wait for  <0x00000006c56544f8> (a java.util.concurrent.locks.AbstractQueuedSynchronizer$ConditionObject)
	at java.util.concurrent.locks.LockSupport.parkNanos(LockSupport.java:215)
	at java.util.concurrent.locks.AbstractQueuedSynchronizer$ConditionObject.awaitNanos(AbstractQueuedSynchronizer.java:2078)
	at java.util.concurrent.ScheduledThreadPoolExecutor$DelayedWorkQueue.take(ScheduledThreadPoolExecutor.java:1093)
	at java.util.concurrent.ScheduledThreadPoolExecutor$DelayedWorkQueue.take(ScheduledThreadPoolExecutor.java:809)
	at java.util.concurrent.ThreadPoolExecutor.getTask(ThreadPoolExecutor.java:1074)
	at java.util.concurrent.ThreadPoolExecutor.runWorker(ThreadPoolExecutor.java:1134)
	at java.util.concurrent.ThreadPoolExecutor$Worker.run(ThreadPoolExecutor.java:624)
	at java.lang.Thread.run(Thread.java:748)

"Service Thread" #8 daemon prio=9 os_prio=0 tid=0x00007f55701a3000 nid=0x1b64 runnable [0x0000000000000000]
   java.lang.Thread.State: RUNNABLE

"C1 CompilerThread2" #7 daemon prio=9 os_prio=0 tid=0x00007f5570186000 nid=0x1b63 waiting on condition [0x0000000000000000]
   java.lang.Thread.State: RUNNABLE

"C2 CompilerThread1" #6 daemon prio=9 os_prio=0 tid=0x00007f5570184000 nid=0x1b62 waiting on condition [0x0000000000000000]
   java.lang.Thread.State: RUNNABLE

"C2 CompilerThread0" #5 daemon prio=9 os_prio=0 tid=0x00007f5570181000 nid=0x1b61 waiting on condition [0x0000000000000000]
   java.lang.Thread.State: RUNNABLE

"Signal Dispatcher" #4 daemon prio=9 os_prio=0 tid=0x00007f557017f800 nid=0x1b60 waiting on condition [0x0000000000000000]
   java.lang.Thread.State: RUNNABLE

"Finalizer" #3 daemon prio=8 os_prio=0 tid=0x00007f557014c800 nid=0x1b5f in Object.wait() [0x00007f555cf0c000]
   java.lang.Thread.State: WAITING (on object monitor)
	at java.lang.Object.wait(Native Method)
	at java.lang.ref.ReferenceQueue.remove(ReferenceQueue.java:143)
	- locked <0x00000006c5512310> (a java.lang.ref.ReferenceQueue$Lock)
	at java.lang.ref.ReferenceQueue.remove(ReferenceQueue.java:164)
	at java.lang.ref.Finalizer$FinalizerThread.run(Finalizer.java:209)

"Reference Handler" #2 daemon prio=10 os_prio=0 tid=0x00007f5570148000 nid=0x1b5e in Object.wait() [0x00007f555d00d000]
   java.lang.Thread.State: WAITING (on object monitor)
	at java.lang.Object.wait(Native Method)
	at java.lang.Object.wait(Object.java:502)
	at java.lang.ref.Reference.tryHandlePending(Reference.java:191)
	- locked <0x00000006c5512288> (a java.lang.ref.Reference$Lock)
	at java.lang.ref.Reference$ReferenceHandler.run(Reference.java:153)

"VM Thread" os_prio=0 tid=0x00007f5570140800 nid=0x1b5d runnable 

"GC task thread#0 (ParallelGC)" os_prio=0 tid=0x00007f5570021000 nid=0x1b59 runnable 

"GC task thread#1 (ParallelGC)" os_prio=0 tid=0x00007f5570022800 nid=0x1b5a runnable 

"GC task thread#2 (ParallelGC)" os_prio=0 tid=0x00007f5570024800 nid=0x1b5b runnable 

"GC task thread#3 (ParallelGC)" os_prio=0 tid=0x00007f5570026000 nid=0x1b5c runnable 

"VM Periodic Task Thread" os_prio=0 tid=0x00007f55701b0000 nid=0x1b65 waiting on condition 

JNI global references: 403


Found one Java-level deadlock:
=============================
"CustomOrganizationFolderDescriptor.addSpecificDescriptors":
  waiting to lock monitor 0x00007f5510004f38 (object 0x00000006c6654678, a hudson.ExtensionList$Lock),
  which is held by "GitSCM.onLoaded"
"GitSCM.onLoaded":
  waiting for ownable synchronizer 0x00000006c6eb7488, (a java.util.concurrent.locks.ReentrantLock$NonfairSync),
  which is held by "SonarGlobalConfiguration.migrate"
"SonarGlobalConfiguration.migrate":
  waiting to lock monitor 0x00007f5510004f38 (object 0x00000006c6654678, a hudson.ExtensionList$Lock),
  which is held by "GitSCM.onLoaded"

Java stack information for the threads listed above:
===================================================
"CustomOrganizationFolderDescriptor.addSpecificDescriptors":
	at hudson.ExtensionList.ensureLoaded(ExtensionList.java:303)
	- waiting to lock <0x00000006c6654678> (a hudson.ExtensionList$Lock)
	at hudson.ExtensionList.getComponents(ExtensionList.java:169)
	at hudson.DescriptorExtensionList.load(DescriptorExtensionList.java:192)
	at hudson.ExtensionList.ensureLoaded(ExtensionList.java:304)
	- locked <0x0000000799ed36e8> (a hudson.DescriptorExtensionList)
	at hudson.ExtensionList.iterator(ExtensionList.java:158)
	at jenkins.branch.CustomOrganizationFolderDescriptor.doAddSpecificDescriptors(CustomOrganizationFolderDescriptor.java:166)
	at jenkins.branch.CustomOrganizationFolderDescriptor.addSpecificDescriptors(CustomOrganizationFolderDescriptor.java:145)
	at sun.reflect.NativeMethodAccessorImpl.invoke0(Native Method)
	at sun.reflect.NativeMethodAccessorImpl.invoke(NativeMethodAccessorImpl.java:62)
	at sun.reflect.DelegatingMethodAccessorImpl.invoke(DelegatingMethodAccessorImpl.java:43)
	at java.lang.reflect.Method.invoke(Method.java:498)
	at hudson.init.TaskMethodFinder.invoke(TaskMethodFinder.java:104)
	at hudson.init.TaskMethodFinder$TaskImpl.run(TaskMethodFinder.java:175)
	at org.jvnet.hudson.reactor.Reactor.runTask(Reactor.java:296)
	at jenkins.model.Jenkins$5.runTask(Jenkins.java:1062)
	at org.jvnet.hudson.reactor.Reactor$2.run(Reactor.java:214)
	at org.jvnet.hudson.reactor.Reactor$Node.run(Reactor.java:117)
	at java.util.concurrent.ThreadPoolExecutor.runWorker(ThreadPoolExecutor.java:1149)
	at java.util.concurrent.ThreadPoolExecutor$Worker.run(ThreadPoolExecutor.java:624)
	at java.lang.Thread.run(Thread.java:748)
"GitSCM.onLoaded":
	at sun.misc.Unsafe.park(Native Method)
	- parking to wait for  <0x00000006c6eb7488> (a java.util.concurrent.locks.ReentrantLock$NonfairSync)
	at java.util.concurrent.locks.LockSupport.park(LockSupport.java:175)
	at java.util.concurrent.locks.AbstractQueuedSynchronizer.parkAndCheckInterrupt(AbstractQueuedSynchronizer.java:836)
	at java.util.concurrent.locks.AbstractQueuedSynchronizer.acquireQueued(AbstractQueuedSynchronizer.java:870)
	at java.util.concurrent.locks.AbstractQueuedSynchronizer.acquire(AbstractQueuedSynchronizer.java:1199)
	at java.util.concurrent.locks.ReentrantLock$NonfairSync.lock(ReentrantLock.java:209)
	at java.util.concurrent.locks.ReentrantLock.lock(ReentrantLock.java:285)
	at com.google.inject.internal.CycleDetectingLock$CycleDetectingLockFactory$ReentrantCycleDetectingLock.lockOrDetectPotentialLocksCycle(CycleDetectingLock.java:160)
	at com.google.inject.internal.SingletonScope$1.get(SingletonScope.java:136)
	at hudson.ExtensionFinder$GuiceFinder$FaultTolerantScope$1.get(ExtensionFinder.java:424)
	at com.google.inject.internal.InternalFactoryToProviderAdapter.get(InternalFactoryToProviderAdapter.java:41)
	at com.google.inject.internal.InjectorImpl$2$1.call(InjectorImpl.java:1016)
	at com.google.inject.internal.InjectorImpl.callInContext(InjectorImpl.java:1092)
	at com.google.inject.internal.InjectorImpl$2.get(InjectorImpl.java:1012)
	at hudson.ExtensionFinder$GuiceFinder._find(ExtensionFinder.java:386)
	at hudson.ExtensionFinder$GuiceFinder.find(ExtensionFinder.java:377)
	at hudson.ClassicPluginStrategy.findComponents(ClassicPluginStrategy.java:482)
	at hudson.ExtensionList.load(ExtensionList.java:366)
	at hudson.ExtensionList.ensureLoaded(ExtensionList.java:304)
	- locked <0x00000006c6654678> (a hudson.ExtensionList$Lock)
	at hudson.ExtensionList.iterator(ExtensionList.java:158)
	at jenkins.model.Jenkins.getDescriptorByType(Jenkins.java:1518)
	at hudson.plugins.git.GitSCM.onLoaded(GitSCM.java:1859)
	at sun.reflect.NativeMethodAccessorImpl.invoke0(Native Method)
	at sun.reflect.NativeMethodAccessorImpl.invoke(NativeMethodAccessorImpl.java:62)
	at sun.reflect.DelegatingMethodAccessorImpl.invoke(DelegatingMethodAccessorImpl.java:43)
	at java.lang.reflect.Method.invoke(Method.java:498)
	at hudson.init.TaskMethodFinder.invoke(TaskMethodFinder.java:104)
	at hudson.init.TaskMethodFinder$TaskImpl.run(TaskMethodFinder.java:175)
	at org.jvnet.hudson.reactor.Reactor.runTask(Reactor.java:296)
	at jenkins.model.Jenkins$5.runTask(Jenkins.java:1062)
	at org.jvnet.hudson.reactor.Reactor$2.run(Reactor.java:214)
	at org.jvnet.hudson.reactor.Reactor$Node.run(Reactor.java:117)
	at java.util.concurrent.ThreadPoolExecutor.runWorker(ThreadPoolExecutor.java:1149)
	at java.util.concurrent.ThreadPoolExecutor$Worker.run(ThreadPoolExecutor.java:624)
	at java.lang.Thread.run(Thread.java:748)
"SonarGlobalConfiguration.migrate":
	at hudson.ExtensionList.ensureLoaded(ExtensionList.java:303)
	- waiting to lock <0x00000006c6654678> (a hudson.ExtensionList$Lock)
	at hudson.ExtensionList.iterator(ExtensionList.java:158)
	at jenkins.model.Jenkins.getAdministrativeMonitor(Jenkins.java:2107)
	at hudson.diagnosis.OldDataMonitor.get(OldDataMonitor.java:82)
	at hudson.diagnosis.OldDataMonitor.report(OldDataMonitor.java:217)
	at hudson.util.RobustReflectionConverter.doUnmarshal(RobustReflectionConverter.java:371)
	at hudson.util.RobustReflectionConverter.unmarshal(RobustReflectionConverter.java:270)
	at com.thoughtworks.xstream.core.TreeUnmarshaller.convert(TreeUnmarshaller.java:72)
	at com.thoughtworks.xstream.core.AbstractReferenceUnmarshaller.convert(AbstractReferenceUnmarshaller.java:65)
	at com.thoughtworks.xstream.core.TreeUnmarshaller.convertAnother(TreeUnmarshaller.java:66)
	at com.thoughtworks.xstream.core.TreeUnmarshaller.convertAnother(TreeUnmarshaller.java:50)
	at com.thoughtworks.xstream.core.TreeUnmarshaller.start(TreeUnmarshaller.java:134)
	at com.thoughtworks.xstream.core.AbstractTreeMarshallingStrategy.unmarshal(AbstractTreeMarshallingStrategy.java:32)
	at com.thoughtworks.xstream.XStream.unmarshal(XStream.java:1189)
	at hudson.util.XStream2.unmarshal(XStream2.java:160)
	at hudson.util.XStream2.unmarshal(XStream2.java:131)
	at com.thoughtworks.xstream.XStream.unmarshal(XStream.java:1173)
	at hudson.XmlFile.unmarshal(XmlFile.java:178)
	at hudson.XmlFile.unmarshal(XmlFile.java:161)
	at hudson.model.Descriptor.load(Descriptor.java:893)
	- locked <0x000000079a2cc798> (a hudson.plugins.sonar.SonarGlobalConfiguration)
	at hudson.plugins.sonar.SonarGlobalConfiguration.<init>(SonarGlobalConfiguration.java:50)
	at hudson.plugins.sonar.SonarGlobalConfiguration$$FastClassByGuice$$9ca8165c.newInstance(<generated>)
	at com.google.inject.internal.cglib.reflect.$FastConstructor.newInstance(FastConstructor.java:40)
	at com.google.inject.internal.DefaultConstructionProxyFactory$1.newInstance(DefaultConstructionProxyFactory.java:61)
	at com.google.inject.internal.ConstructorInjector.provision(ConstructorInjector.java:105)
	at com.google.inject.internal.ConstructorInjector.construct(ConstructorInjector.java:85)
	at com.google.inject.internal.ConstructorBindingImpl$Factory.get(ConstructorBindingImpl.java:267)
	at com.google.inject.internal.ProviderToInternalFactoryAdapter$1.call(ProviderToInternalFactoryAdapter.java:46)
	at com.google.inject.internal.InjectorImpl.callInContext(InjectorImpl.java:1103)
	at com.google.inject.internal.ProviderToInternalFactoryAdapter.get(ProviderToInternalFactoryAdapter.java:40)
	at com.google.inject.internal.SingletonScope$1.get(SingletonScope.java:145)
	at hudson.ExtensionFinder$GuiceFinder$FaultTolerantScope$1.get(ExtensionFinder.java:424)
	at com.google.inject.internal.InternalFactoryToProviderAdapter.get(InternalFactoryToProviderAdapter.java:41)
	at com.google.inject.internal.InjectorImpl$2$1.call(InjectorImpl.java:1016)
	at com.google.inject.internal.InjectorImpl.callInContext(InjectorImpl.java:1092)
	at com.google.inject.internal.InjectorImpl$2.get(InjectorImpl.java:1012)
	at com.google.inject.internal.InjectorImpl.getInstance(InjectorImpl.java:1051)
	at jenkins.ProxyInjector.getInstance(ProxyInjector.java:98)
	at hudson.init.TaskMethodFinder.lookUp(TaskMethodFinder.java:124)
	at hudson.init.TaskMethodFinder.invoke(TaskMethodFinder.java:105)
	at hudson.init.TaskMethodFinder$TaskImpl.run(TaskMethodFinder.java:175)
	at org.jvnet.hudson.reactor.Reactor.runTask(Reactor.java:296)
	at jenkins.model.Jenkins$5.runTask(Jenkins.java:1062)
	at org.jvnet.hudson.reactor.Reactor$2.run(Reactor.java:214)
	at org.jvnet.hudson.reactor.Reactor$Node.run(Reactor.java:117)
	at java.util.concurrent.ThreadPoolExecutor.runWorker(ThreadPoolExecutor.java:1149)
	at java.util.concurrent.ThreadPoolExecutor$Worker.run(ThreadPoolExecutor.java:624)
	at java.lang.Thread.run(Thread.java:748)

Found 1 deadlock.

Heap
 PSYoungGen      total 716288K, used 95546K [0x000000076c700000, 0x000000079ae00000, 0x00000007c0000000)
  eden space 700416K, 11% used [0x000000076c700000,0x000000077150d860,0x0000000797300000)
  from space 15872K, 98% used [0x0000000799e80000,0x000000079adc10d8,0x000000079ae00000)
  to   space 19456K, 0% used [0x0000000798800000,0x0000000798800000,0x0000000799b00000)
 ParOldGen       total 198656K, used 32289K [0x00000006c5400000, 0x00000006d1600000, 0x000000076c700000)
  object space 198656K, 16% used [0x00000006c5400000,0x00000006c7388518,0x00000006d1600000)
 Metaspace       used 69094K, capacity 77192K, committed 77400K, reserved 1116160K
  class space    used 8199K, capacity 10244K, committed 10368K, reserved 1048576K

