[12/15/16 16:03:04] [SSH] Opening SSH connection to xxx.xx.xxx.xx:22.
[12/15/16 16:03:04] [SSH] Authentication successful.
[12/15/16 16:03:04] [SSH] The remote users environment is:
BASH=/usr/bin/bash
BASHOPTS=cmdhist:extquote:force_fignore:hostcomplete:interactive_comments:progcomp:promptvars:sourcepath:xpg_echo
BASH_ALIASES=()
BASH_ARGC=()
BASH_ARGV=()
BASH_CMDS=()
BASH_EXECUTION_STRING=set
BASH_LINENO=()
BASH_SOURCE=()
BASH_VERSINFO=([0]="4" [1]="1" [2]="11" [3]="2" [4]="release" [5]="i386-pc-solaris2.11")
BASH_VERSION='4.1.11(2)-release'
DIRSTACK=()
EUID=0
GROUPS=()
HOME=/root
HOSTNAME=logst-v043
HOSTTYPE=i386
IFS=$' \t\n'
LANG=ja_JP.UTF-8
LC_ALL=
LC_COLLATE=
LC_CTYPE=
LC_MESSAGES=
LC_MONETARY=
LC_NUMERIC=
LC_TIME=
LOGNAME=root
MACHTYPE=i386-pc-solaris2.11
MAIL=/var/mail/root
OPTERR=1
OPTIND=1
OSTYPE=solaris2.11
PATH=/usr/sbin:/usr/bin
PPID=26247
PS4='+ '
PWD=/root
SHELL=/usr/bin/bash
SHELLOPTS=braceexpand:hashall:interactive-comments
SHLVL=1
SSH_CLIENT='xxx.xx.x.xx 56680 22'
SSH_CONNECTION='xxx.xx.x.xx 56680 xxx.xx.xxx.xx 22'
TERM=dumb
TZ=localtime
UID=0
USER=root
_=bash
[12/15/16 16:03:04] [SSH] Checking java version of java
[12/15/16 16:03:04] [SSH] java -version returned 1.8.0_101.
[12/15/16 16:03:04] [SSH] Starting sftp client.
[12/15/16 16:03:04] [SSH] Copying latest slave.jar...
[12/15/16 16:03:05] [SSH] Copied 715,860 bytes.
Expanded the channel window size to 4MB
[12/15/16 16:03:05] [SSH] Starting slave process: cd "/var/jenkins" && java  -jar slave.jar
<===[JENKINS REMOTING CAPACITY]===>channel started
Slave.jar version: 3.2
This is a Unix agent
Evacuated stdout
Agent successfully connected and online
