Jan 14, 2010 11:39:11 PM org.apache.catalina.core.StandardWrapperValve invoke
SEVERE: Servlet.service() for servlet Stapler threw exception
java.lang.IllegalAccessError: tried to access method hudson.scm.ChangeLogSet$Entry.setParent(Lhudson/scm/ChangeLogSet;)V from class hudson.scm.CVSChangeLogSet
	at hudson.scm.CVSChangeLogSet.<init>(CVSChangeLogSet.java:55)
	at hudson.scm.CVSChangeLogSet.parse(CVSChangeLogSet.java:128)
	at hudson.scm.CVSChangeLogParser.parse(CVSChangeLogParser.java:38)
	at hudson.scm.CVSChangeLogParser.parse(CVSChangeLogParser.java:36)
	at hudson.model.AbstractBuild.calcChangeSet(AbstractBuild.java:652)
	at hudson.model.AbstractBuild.getChangeSet(AbstractBuild.java:627)
	at hudson.model.View$People.isApplicable(View.java:516)
	at hudson.model.View.hasPeople(View.java:438)
	at sun.reflect.NativeMethodAccessorImpl.invoke0(Native Method)
	at sun.reflect.NativeMethodAccessorImpl.invoke(Unknown Source)
	at sun.reflect.DelegatingMethodAccessorImpl.invoke(Unknown Source)
	at java.lang.reflect.Method.invoke(Unknown Source)
	at org.apache.commons.jexl.util.introspection.UberspectImpl$VelMethodImpl.invoke(UberspectImpl.java:258)
	at org.apache.commons.jexl.parser.ASTMethod.execute(ASTMethod.java:104)
	at org.apache.commons.jexl.parser.ASTReference.execute(ASTReference.java:83)
	at org.apache.commons.jexl.parser.ASTReference.value(ASTReference.java:57)
	at org.apache.commons.jexl.parser.ASTReferenceExpression.value(ASTReferenceExpression.java:51)
	at org.apache.commons.jexl.ExpressionImpl.evaluate(ExpressionImpl.java:80)
	at hudson.ExpressionFactory2$JexlExpression.evaluate(ExpressionFactory2.java:72)
	at org.apache.commons.jelly.expression.ExpressionSupport.evaluateRecurse(ExpressionSupport.java:61)
	at org.apache.commons.jelly.expression.ExpressionSupport.evaluateAsBoolean(ExpressionSupport.java:71)
	at org.apache.commons.jelly.tags.core.IfTag.doTag(IfTag.java:41)
	at org.apache.commons.jelly.impl.TagScript.run(TagScript.java:262)
	at org.apache.commons.jelly.impl.ScriptBlock.run(ScriptBlock.java:95)
	at org.kohsuke.stapler.jelly.CustomTagLibrary$StaplerDynamicTag$1.run(CustomTagLibrary.java:147)
	at org.apache.commons.jelly.tags.define.InvokeBodyTag.doTag(InvokeBodyTag.java:91)
	at org.apache.commons.jelly.impl.TagScript.run(TagScript.java:262)
	at org.apache.commons.jelly.impl.ScriptBlock.run(ScriptBlock.java:95)
	at org.apache.commons.jelly.TagSupport.invokeBody(TagSupport.java:186)
	at org.apache.commons.jelly.impl.StaticTag.doTag(StaticTag.java:65)
	at org.apache.commons.jelly.impl.StaticTagScript.run(StaticTagScript.java:112)
	at org.apache.commons.jelly.impl.ScriptBlock.run(ScriptBlock.java:95)
	at org.apache.commons.jelly.TagSupport.invokeBody(TagSupport.java:186)
	at org.apache.commons.jelly.tags.core.JellyTag.doTag(JellyTag.java:45)
	at org.apache.commons.jelly.impl.TagScript.run(TagScript.java:262)
	at org.apache.commons.jelly.impl.DynamicTag.doTag(DynamicTag.java:81)
	at org.apache.commons.jelly.impl.TagScript.run(TagScript.java:262)
	at org.apache.commons.jelly.impl.ScriptBlock.run(ScriptBlock.java:95)
	at org.kohsuke.stapler.jelly.CustomTagLibrary$StaplerDynamicTag$1.run(CustomTagLibrary.java:147)
	at org.apache.commons.jelly.tags.define.InvokeBodyTag.doTag(InvokeBodyTag.java:91)
	at org.apache.commons.jelly.impl.TagScript.run(TagScript.java:262)
	at org.apache.commons.jelly.impl.ScriptBlock.run(ScriptBlock.java:95)
	at org.apache.commons.jelly.TagSupport.invokeBody(TagSupport.java:186)
	at org.apache.commons.jelly.tags.core.IfTag.doTag(IfTag.java:42)
	at org.apache.commons.jelly.impl.TagScript.run(TagScript.java:262)
	at org.apache.commons.jelly.impl.ScriptBlock.run(ScriptBlock.java:95)
	at org.apache.commons.jelly.TagSupport.invokeBody(TagSupport.java:186)
	at org.apache.commons.jelly.tags.core.JellyTag.doTag(JellyTag.java:45)
	at org.apache.commons.jelly.impl.TagScript.run(TagScript.java:262)
	at org.apache.commons.jelly.impl.DynamicTag.doTag(DynamicTag.java:81)
	at org.apache.commons.jelly.impl.TagScript.run(TagScript.java:262)
	at org.apache.commons.jelly.impl.ScriptBlock.run(ScriptBlock.java:95)
	at org.apache.commons.jelly.TagSupport.invokeBody(TagSupport.java:186)
	at org.apache.commons.jelly.tags.core.JellyTag.doTag(JellyTag.java:45)
	at org.apache.commons.jelly.impl.TagScript.run(TagScript.java:262)
	at org.kohsuke.stapler.jelly.IncludeTag.doTag(IncludeTag.java:118)
	at org.apache.commons.jelly.impl.TagScript.run(TagScript.java:262)
	at org.apache.commons.jelly.impl.ScriptBlock.run(ScriptBlock.java:95)
	at org.kohsuke.stapler.jelly.CustomTagLibrary$StaplerDynamicTag$1.run(CustomTagLibrary.java:147)
	at org.apache.commons.jelly.tags.define.InvokeBodyTag.doTag(InvokeBodyTag.java:91)
	at org.apache.commons.jelly.impl.TagScript.run(TagScript.java:262)
	at org.apache.commons.jelly.impl.ScriptBlock.run(ScriptBlock.java:95)
	at org.apache.commons.jelly.TagSupport.invokeBody(TagSupport.java:186)
	at org.apache.commons.jelly.impl.StaticTag.doTag(StaticTag.java:65)
	at org.apache.commons.jelly.impl.StaticTagScript.run(StaticTagScript.java:112)
	at org.apache.commons.jelly.impl.ScriptBlock.run(ScriptBlock.java:95)
	at org.apache.commons.jelly.TagSupport.invokeBody(TagSupport.java:186)
	at org.apache.commons.jelly.impl.StaticTag.doTag(StaticTag.java:65)
	at org.apache.commons.jelly.impl.StaticTagScript.run(StaticTagScript.java:112)
	at org.apache.commons.jelly.impl.ScriptBlock.run(ScriptBlock.java:95)
	at org.apache.commons.jelly.TagSupport.invokeBody(TagSupport.java:186)
	at org.apache.commons.jelly.impl.StaticTag.doTag(StaticTag.java:65)
	at org.apache.commons.jelly.impl.StaticTagScript.run(StaticTagScript.java:112)
	at org.apache.commons.jelly.impl.ScriptBlock.run(ScriptBlock.java:95)
	at org.apache.commons.jelly.TagSupport.invokeBody(TagSupport.java:186)
	at org.apache.commons.jelly.impl.StaticTag.doTag(StaticTag.java:65)
	at org.apache.commons.jelly.impl.StaticTagScript.run(StaticTagScript.java:112)
	at org.apache.commons.jelly.impl.ScriptBlock.run(ScriptBlock.java:95)
	at org.apache.commons.jelly.TagSupport.invokeBody(TagSupport.java:186)
	at org.apache.commons.jelly.impl.StaticTag.doTag(StaticTag.java:65)
	at org.apache.commons.jelly.impl.StaticTagScript.run(StaticTagScript.java:112)
	at org.apache.commons.jelly.impl.ScriptBlock.run(ScriptBlock.java:95)
	at org.apache.commons.jelly.TagSupport.invokeBody(TagSupport.java:186)
	at org.apache.commons.jelly.impl.StaticTag.doTag(StaticTag.java:65)
	at org.apache.commons.jelly.impl.StaticTagScript.run(StaticTagScript.java:112)
	at org.apache.commons.jelly.impl.ScriptBlock.run(ScriptBlock.java:95)
	at org.apache.commons.jelly.TagSupport.invokeBody(TagSupport.java:186)
	at org.apache.commons.jelly.tags.core.JellyTag.doTag(JellyTag.java:45)
	at org.apache.commons.jelly.impl.TagScript.run(TagScript.java:262)
	at org.apache.commons.jelly.impl.DynamicTag.doTag(DynamicTag.java:81)
	at org.apache.commons.jelly.impl.TagScript.run(TagScript.java:262)
	at org.apache.commons.jelly.impl.ScriptBlock.run(ScriptBlock.java:95)
	at org.kohsuke.stapler.jelly.CompressTag.doTag(CompressTag.java:21)
	at org.apache.commons.jelly.impl.TagScript.run(TagScript.java:262)
	at org.kohsuke.stapler.jelly.DefaultScriptInvoker.invokeScript(DefaultScriptInvoker.java:37)
	at org.kohsuke.stapler.jelly.DefaultScriptInvoker.invokeScript(DefaultScriptInvoker.java:27)
	at org.kohsuke.stapler.jelly.JellyClassTearOff.serveIndexJelly(JellyClassTearOff.java:43)
	at org.kohsuke.stapler.jelly.JellyFacet.handleIndexRequest(JellyFacet.java:83)
	at org.kohsuke.stapler.Stapler.invoke(Stapler.java:489)
	at org.kohsuke.stapler.Stapler.invoke(Stapler.java:544)
	at org.kohsuke.stapler.Stapler.invoke(Stapler.java:416)
	at org.kohsuke.stapler.Stapler.service(Stapler.java:122)
	at javax.servlet.http.HttpServlet.service(HttpServlet.java:729)
	at org.apache.catalina.core.ApplicationFilterChain.internalDoFilter(ApplicationFilterChain.java:269)
	at org.apache.catalina.core.ApplicationFilterChain.doFilter(ApplicationFilterChain.java:188)
	at hudson.util.PluginServletFilter$1.doFilter(PluginServletFilter.java:94)
	at hudson.util.PluginServletFilter.doFilter(PluginServletFilter.java:86)
	at org.apache.catalina.core.ApplicationFilterChain.internalDoFilter(ApplicationFilterChain.java:215)
	at org.apache.catalina.core.ApplicationFilterChain.doFilter(ApplicationFilterChain.java:188)
	at hudson.security.csrf.CrumbFilter.doFilter(CrumbFilter.java:47)
	at org.apache.catalina.core.ApplicationFilterChain.internalDoFilter(ApplicationFilterChain.java:215)
	at org.apache.catalina.core.ApplicationFilterChain.doFilter(ApplicationFilterChain.java:188)
	at hudson.security.ChainedServletFilter$1.doFilter(ChainedServletFilter.java:84)
	at hudson.security.UnwrapSecurityExceptionFilter.doFilter(UnwrapSecurityExceptionFilter.java:51)
	at hudson.security.ChainedServletFilter$1.doFilter(ChainedServletFilter.java:87)
	at org.acegisecurity.ui.ExceptionTranslationFilter.doFilter(ExceptionTranslationFilter.java:166)
	at hudson.security.ChainedServletFilter$1.doFilter(ChainedServletFilter.java:87)
	at org.acegisecurity.providers.anonymous.AnonymousProcessingFilter.doFilter(AnonymousProcessingFilter.java:125)
	at hudson.security.ChainedServletFilter$1.doFilter(ChainedServletFilter.java:87)
	at org.acegisecurity.ui.rememberme.RememberMeProcessingFilter.doFilter(RememberMeProcessingFilter.java:135)
	at hudson.security.ChainedServletFilter$1.doFilter(ChainedServletFilter.java:87)
	at org.acegisecurity.ui.AbstractProcessingFilter.doFilter(AbstractProcessingFilter.java:271)
	at hudson.security.ChainedServletFilter$1.doFilter(ChainedServletFilter.java:87)
	at org.acegisecurity.ui.basicauth.BasicProcessingFilter.doFilter(BasicProcessingFilter.java:173)
	at hudson.security.ChainedServletFilter$1.doFilter(ChainedServletFilter.java:87)
	at org.acegisecurity.context.HttpSessionContextIntegrationFilter.doFilter(HttpSessionContextIntegrationFilter.java:249)
	at hudson.security.HttpSessionContextIntegrationFilter2.doFilter(HttpSessionContextIntegrationFilter2.java:66)
	at hudson.security.ChainedServletFilter$1.doFilter(ChainedServletFilter.java:87)
	at hudson.security.ChainedServletFilter.doFilter(ChainedServletFilter.java:76)
	at hudson.security.HudsonFilter.doFilter(HudsonFilter.java:164)
	at org.apache.catalina.core.ApplicationFilterChain.internalDoFilter(ApplicationFilterChain.java:215)
	at org.apache.catalina.core.ApplicationFilterChain.doFilter(ApplicationFilterChain.java:188)
	at org.apache.catalina.core.StandardWrapperValve.invoke(StandardWrapperValve.java:213)
	at org.apache.catalina.core.StandardContextValve.invoke(StandardContextValve.java:172)
	at org.apache.catalina.authenticator.AuthenticatorBase.invoke(AuthenticatorBase.java:433)
	at org.apache.catalina.core.StandardHostValve.invoke(StandardHostValve.java:127)
	at org.apache.catalina.valves.ErrorReportValve.invoke(ErrorReportValve.java:117)
	at org.apache.catalina.core.StandardEngineValve.invoke(StandardEngineValve.java:108)
	at org.apache.catalina.connector.CoyoteAdapter.service(CoyoteAdapter.java:174)
	at org.apache.jk.server.JkCoyoteHandler.invoke(JkCoyoteHandler.java:200)
	at org.apache.jk.common.HandlerRequest.invoke(HandlerRequest.java:283)
	at org.apache.jk.common.ChannelSocket.invoke(ChannelSocket.java:773)
	at org.apache.jk.common.ChannelSocket.processConnection(ChannelSocket.java:703)
	at org.apache.jk.common.ChannelSocket$SocketConnection.runIt(ChannelSocket.java:895)
	at org.apache.tomcat.util.threads.ThreadPool$ControlRunnable.run(ThreadPool.java:689)
	at java.lang.Thread.run(Unknown Source)
