Running from: /usr/share/jenkins/jenkins.war
Feb 15, 2017 11:48:18 AM Main deleteWinstoneTempContents
WARNING: Failed to delete the temporary Winstone file /tmp/winstone/jenkins.war
Feb 15, 2017 11:48:18 AM org.eclipse.jetty.util.log.JavaUtilLog info
INFO: Logging initialized @366ms
Feb 15, 2017 11:48:18 AM winstone.Logger logInternal
INFO: Beginning extraction from war file
Feb 15, 2017 11:48:18 AM org.eclipse.jetty.util.log.JavaUtilLog warn
WARNING: Empty contextPath
Feb 15, 2017 11:48:18 AM org.eclipse.jetty.util.log.JavaUtilLog info
INFO: jetty-9.2.z-SNAPSHOT
Feb 15, 2017 11:48:19 AM org.eclipse.jetty.util.log.JavaUtilLog info
INFO: NO JSP Support for /, did not find org.eclipse.jetty.jsp.JettyJspServlet
Jenkins home directory: /var/lib/jenkins found at: EnvVars.masterEnvVars.get("JENKINS_HOME")
Feb 15, 2017 11:48:19 AM org.eclipse.jetty.util.log.JavaUtilLog info
INFO: Started w.@6e6f2380{/,file:/var/cache/jenkins/war/,AVAILABLE}{/var/cache/jenkins/war}
Feb 15, 2017 11:48:19 AM org.eclipse.jetty.util.log.JavaUtilLog info
INFO: Started ServerConnector@75d3a5e0{HTTP/1.1}{0.0.0.0:8080}
Feb 15, 2017 11:48:19 AM org.eclipse.jetty.util.log.JavaUtilLog info
INFO: Started @1447ms
Feb 15, 2017 11:48:19 AM winstone.Logger logInternal
INFO: Winstone Servlet Engine v2.0 running: controlPort=disabled
Feb 15, 2017 11:48:20 AM jenkins.InitReactorRunner$1 onAttained
INFO: Started initialization
Feb 15, 2017 11:48:20 AM jenkins.InitReactorRunner$1 onAttained
INFO: Listed all plugins
Feb 15, 2017 11:48:20 AM jenkins.bouncycastle.api.SecurityProviderInitializer addSecurityProvider
INFO: Initializing Bouncy Castle security provider.
Feb 15, 2017 11:48:20 AM jenkins.bouncycastle.api.SecurityProviderInitializer addSecurityProvider
INFO: Bouncy Castle security provider initialized.
Feb 15, 2017 11:48:20 AM jenkins.InitReactorRunner$1 onTaskFailed
SEVERE: Failed Initializing plugin copyartifact
java.lang.NullPointerException
	at hudson.plugins.copyartifact.BuildSelectorParameter.initAliases(BuildSelectorParameter.java:156)
	at hudson.plugins.copyartifact.CopyArtifactPlugin.postInitialize(CopyArtifactPlugin.java:35)
	at hudson.PluginManager$2$1$2.run(PluginManager.java:543)
	at org.jvnet.hudson.reactor.TaskGraphBuilder$TaskImpl.run(TaskGraphBuilder.java:169)
	at org.jvnet.hudson.reactor.Reactor.runTask(Reactor.java:282)
	at jenkins.model.Jenkins$7.runTask(Jenkins.java:1064)
	at org.jvnet.hudson.reactor.Reactor$2.run(Reactor.java:210)
	at org.jvnet.hudson.reactor.Reactor$Node.run(Reactor.java:117)
	at java.util.concurrent.ThreadPoolExecutor.runWorker(ThreadPoolExecutor.java:1142)
	at java.util.concurrent.ThreadPoolExecutor$Worker.run(ThreadPoolExecutor.java:617)
	at java.lang.Thread.run(Thread.java:745)

Feb 15, 2017 11:48:25 AM jenkins.InitReactorRunner$1 onAttained
INFO: Prepared all plugins
Feb 15, 2017 11:48:25 AM jenkins.InitReactorRunner$1 onAttained
INFO: Started all plugins
Feb 15, 2017 11:48:26 AM jenkins.InitReactorRunner$1 onAttained
INFO: Augmented all extensions
Feb 15, 2017 11:48:27 AM jenkins.InitReactorRunner$1 onAttained
INFO: Loaded all jobs
Feb 15, 2017 11:48:27 AM hudson.model.AsyncPeriodicWork$1 run
INFO: Started Download metadata
Feb 15, 2017 11:48:27 AM jenkins.InitReactorRunner$1 onAttained
INFO: Completed initialization
Feb 15, 2017 11:48:27 AM hudson.model.AsyncPeriodicWork$1 run
INFO: Finished Download metadata. 9 ms
Feb 15, 2017 11:48:27 AM org.springframework.context.support.AbstractApplicationContext prepareRefresh
INFO: Refreshing org.springframework.web.context.support.StaticWebApplicationContext@2c40f072: display name [Root WebApplicationContext]; startup date [Wed Feb 15 11:48:27 PST 2017]; root of context hierarchy
Feb 15, 2017 11:48:27 AM org.springframework.context.support.AbstractApplicationContext obtainFreshBeanFactory
INFO: Bean factory for application context [org.springframework.web.context.support.StaticWebApplicationContext@2c40f072]: org.springframework.beans.factory.support.DefaultListableBeanFactory@13277ec8
Feb 15, 2017 11:48:27 AM org.springframework.beans.factory.support.DefaultListableBeanFactory preInstantiateSingletons
INFO: Pre-instantiating singletons in org.springframework.beans.factory.support.DefaultListableBeanFactory@13277ec8: defining beans [ldapUserSearch,authenticationManager,bindAuthenticator,authoritiesPopulator,initialDirContextFactory]; root of factory hierarchy
Feb 15, 2017 11:48:27 AM org.acegisecurity.ldap.DefaultInitialDirContextFactory setProviderUrl
INFO:  URL <<<REDACTED>>>, root DN is <<<REDACTED>>>
Feb 15, 2017 11:48:27 AM org.acegisecurity.ldap.search.FilterBasedLdapUserSearch <init>
INFO: SearchBase not set. Searches will be performed from the root: <<<REDACTED>>>
Feb 15, 2017 11:48:27 AM org.springframework.context.support.AbstractApplicationContext prepareRefresh
INFO: Refreshing org.springframework.web.context.support.StaticWebApplicationContext@389f5b5a: display name [Root WebApplicationContext]; startup date [Wed Feb 15 11:48:27 PST 2017]; root of context hierarchy
Feb 15, 2017 11:48:27 AM org.springframework.context.support.AbstractApplicationContext obtainFreshBeanFactory
INFO: Bean factory for application context [org.springframework.web.context.support.StaticWebApplicationContext@389f5b5a]: org.springframework.beans.factory.support.DefaultListableBeanFactory@5513b80
Feb 15, 2017 11:48:27 AM org.springframework.beans.factory.support.DefaultListableBeanFactory preInstantiateSingletons
INFO: Pre-instantiating singletons in org.springframework.beans.factory.support.DefaultListableBeanFactory@5513b80: defining beans [filter,legacy]; root of factory hierarchy
Feb 15, 2017 11:48:28 AM hudson.WebAppMain$3 run
INFO: Jenkins is fully up and running
Feb 15, 2017 12:04:57 PM hudson.ExpressionFactory2$JexlExpression evaluate
WARNING: Caught exception evaluating: descriptor.calcFillSettings(field,attrs) in /$stapler/bound/e5ff0f6b-8686-4d5e-82e1-26a7eb279182/render. Reason: java.lang.IllegalStateException: class org.jenkinsci.plugins.runselector.selectors.BuildNumberRunSelector$DescriptorImpl doesn't have the doFillBuildNumberItems method for filling a drop-down list
java.lang.IllegalStateException: class org.jenkinsci.plugins.runselector.selectors.BuildNumberRunSelector$DescriptorImpl doesn't have the doFillBuildNumberItems method for filling a drop-down list
	at hudson.model.Descriptor.calcFillSettings(Descriptor.java:411)
	at sun.reflect.GeneratedMethodAccessor261.invoke(Unknown Source)
	at sun.reflect.DelegatingMethodAccessorImpl.invoke(DelegatingMethodAccessorImpl.java:43)
	at java.lang.reflect.Method.invoke(Method.java:498)
	at org.apache.commons.jexl.util.introspection.UberspectImpl$VelMethodImpl.invoke(UberspectImpl.java:258)
	at org.apache.commons.jexl.parser.ASTMethod.execute(ASTMethod.java:104)
	at org.apache.commons.jexl.parser.ASTReference.execute(ASTReference.java:83)
	at org.apache.commons.jexl.parser.ASTReference.value(ASTReference.java:57)
	at org.apache.commons.jexl.parser.ASTReferenceExpression.value(ASTReferenceExpression.java:51)
	at org.apache.commons.jexl.ExpressionImpl.evaluate(ExpressionImpl.java:80)
	at hudson.ExpressionFactory2$JexlExpression.evaluate(ExpressionFactory2.java:74)
	at org.apache.commons.jelly.parser.EscapingExpression.evaluate(EscapingExpression.java:24)
	at org.apache.commons.jelly.impl.ExpressionScript.run(ExpressionScript.java:66)
	at org.apache.commons.jelly.impl.ScriptBlock.run(ScriptBlock.java:95)
	at org.apache.commons.jelly.impl.ScriptBlock.run(ScriptBlock.java:95)
	at org.apache.commons.jelly.tags.core.CoreTagLibrary$2.run(CoreTagLibrary.java:105)
	at org.kohsuke.stapler.jelly.CallTagLibScript.run(CallTagLibScript.java:120)
	at org.kohsuke.stapler.jelly.CallTagLibScript$1.run(CallTagLibScript.java:99)
	at org.apache.commons.jelly.tags.define.InvokeBodyTag.doTag(InvokeBodyTag.java:91)
	at org.apache.commons.jelly.impl.TagScript.run(TagScript.java:269)
	at org.kohsuke.stapler.jelly.ReallyStaticTagLibrary$1.run(ReallyStaticTagLibrary.java:99)
	at org.apache.commons.jelly.impl.ScriptBlock.run(ScriptBlock.java:95)
	at org.kohsuke.stapler.jelly.ReallyStaticTagLibrary$1.run(ReallyStaticTagLibrary.java:99)
	at org.apache.commons.jelly.impl.ScriptBlock.run(ScriptBlock.java:95)
	at org.apache.commons.jelly.tags.core.CoreTagLibrary$2.run(CoreTagLibrary.java:105)
	at org.kohsuke.stapler.jelly.CallTagLibScript.run(CallTagLibScript.java:120)
	at org.apache.commons.jelly.tags.core.CoreTagLibrary$2.run(CoreTagLibrary.java:105)
	at org.kohsuke.stapler.jelly.JellyViewScript.run(JellyViewScript.java:95)
	at org.kohsuke.stapler.jelly.IncludeTag.doTag(IncludeTag.java:147)
	at org.apache.commons.jelly.impl.TagScript.run(TagScript.java:269)
	at org.apache.commons.jelly.impl.ScriptBlock.run(ScriptBlock.java:95)
	at org.kohsuke.stapler.jelly.CallTagLibScript$1.run(CallTagLibScript.java:99)
	at org.apache.commons.jelly.tags.define.InvokeBodyTag.doTag(InvokeBodyTag.java:91)
	at org.apache.commons.jelly.impl.TagScript.run(TagScript.java:269)
	at org.apache.commons.jelly.impl.ScriptBlock.run(ScriptBlock.java:95)
	at org.apache.commons.jelly.TagSupport.invokeBody(TagSupport.java:161)
	at org.apache.commons.jelly.tags.core.OtherwiseTag.doTag(OtherwiseTag.java:41)
	at org.apache.commons.jelly.impl.TagScript.run(TagScript.java:269)
	at org.apache.commons.jelly.impl.ScriptBlock.run(ScriptBlock.java:95)
	at org.apache.commons.jelly.TagSupport.invokeBody(TagSupport.java:161)
	at org.apache.commons.jelly.tags.core.ChooseTag.doTag(ChooseTag.java:38)
	at org.apache.commons.jelly.impl.TagScript.run(TagScript.java:269)
	at org.apache.commons.jelly.impl.ScriptBlock.run(ScriptBlock.java:95)
	at org.apache.commons.jelly.tags.core.CoreTagLibrary$2.run(CoreTagLibrary.java:105)
	at org.kohsuke.stapler.jelly.CallTagLibScript.run(CallTagLibScript.java:120)
	at org.kohsuke.stapler.jelly.CallTagLibScript$1.run(CallTagLibScript.java:99)
	at org.apache.commons.jelly.tags.define.InvokeBodyTag.doTag(InvokeBodyTag.java:91)
	at org.apache.commons.jelly.impl.TagScript.run(TagScript.java:269)
	at org.kohsuke.stapler.jelly.CallTagLibScript$1.run(CallTagLibScript.java:99)
	at org.kohsuke.stapler.jelly.DefaultScriptInvoker.invokeScript(DefaultScriptInvoker.java:63)
	at org.kohsuke.stapler.jelly.DefaultScriptInvoker.invokeScript(DefaultScriptInvoker.java:53)
	at hudson.widgets.RenderOnDemandClosure$1.generateResponse(RenderOnDemandClosure.java:99)
	at org.kohsuke.stapler.HttpResponseRenderer$Default.handleHttpResponse(HttpResponseRenderer.java:124)
	at org.kohsuke.stapler.HttpResponseRenderer$Default.generateResponse(HttpResponseRenderer.java:69)
	at org.kohsuke.stapler.Function.renderResponse(Function.java:136)
	at org.kohsuke.stapler.Function.bindAndInvokeAndServeResponse(Function.java:119)
	at org.kohsuke.stapler.MetaClass$JavaScriptProxyMethodDispatcher.doDispatch(MetaClass.java:473)
	at org.kohsuke.stapler.NameBasedDispatcher.dispatch(NameBasedDispatcher.java:58)
	at org.kohsuke.stapler.Stapler.tryInvoke(Stapler.java:715)
	at org.kohsuke.stapler.Stapler.invoke(Stapler.java:845)
	at org.kohsuke.stapler.MetaClass$10.dispatch(MetaClass.java:374)
	at org.kohsuke.stapler.Stapler.tryInvoke(Stapler.java:715)
	at org.kohsuke.stapler.Stapler.invoke(Stapler.java:845)
	at org.kohsuke.stapler.Stapler.tryInvoke(Stapler.java:782)
	at org.kohsuke.stapler.Stapler.invoke(Stapler.java:845)
	at org.kohsuke.stapler.Stapler.invoke(Stapler.java:649)
	at org.kohsuke.stapler.Stapler.service(Stapler.java:199)
	at javax.servlet.http.HttpServlet.service(HttpServlet.java:790)
	at org.eclipse.jetty.servlet.ServletHolder.handle(ServletHolder.java:812)
	at org.eclipse.jetty.servlet.ServletHandler$CachedChain.doFilter(ServletHandler.java:1669)
	at hudson.util.PluginServletFilter$1.doFilter(PluginServletFilter.java:135)
	at hudson.plugins.greenballs.GreenBallFilter.doFilter(GreenBallFilter.java:59)
	at hudson.util.PluginServletFilter$1.doFilter(PluginServletFilter.java:132)
	at hudson.util.PluginServletFilter.doFilter(PluginServletFilter.java:126)
	at org.eclipse.jetty.servlet.ServletHandler$CachedChain.doFilter(ServletHandler.java:1652)
	at hudson.security.csrf.CrumbFilter.doFilter(CrumbFilter.java:49)
	at org.eclipse.jetty.servlet.ServletHandler$CachedChain.doFilter(ServletHandler.java:1652)
	at hudson.security.ChainedServletFilter$1.doFilter(ChainedServletFilter.java:84)
	at hudson.security.UnwrapSecurityExceptionFilter.doFilter(UnwrapSecurityExceptionFilter.java:51)
	at hudson.security.ChainedServletFilter$1.doFilter(ChainedServletFilter.java:87)
	at jenkins.security.ExceptionTranslationFilter.doFilter(ExceptionTranslationFilter.java:117)
	at hudson.security.ChainedServletFilter$1.doFilter(ChainedServletFilter.java:87)
	at org.acegisecurity.providers.anonymous.AnonymousProcessingFilter.doFilter(AnonymousProcessingFilter.java:125)
	at hudson.security.ChainedServletFilter$1.doFilter(ChainedServletFilter.java:87)
	at org.acegisecurity.ui.rememberme.RememberMeProcessingFilter.doFilter(RememberMeProcessingFilter.java:142)
	at hudson.security.ChainedServletFilter$1.doFilter(ChainedServletFilter.java:87)
	at org.acegisecurity.ui.AbstractProcessingFilter.doFilter(AbstractProcessingFilter.java:271)
	at hudson.security.ChainedServletFilter$1.doFilter(ChainedServletFilter.java:87)
	at jenkins.security.BasicHeaderProcessor.doFilter(BasicHeaderProcessor.java:93)
	at hudson.security.ChainedServletFilter$1.doFilter(ChainedServletFilter.java:87)
	at org.acegisecurity.context.HttpSessionContextIntegrationFilter.doFilter(HttpSessionContextIntegrationFilter.java:249)
	at hudson.security.HttpSessionContextIntegrationFilter2.doFilter(HttpSessionContextIntegrationFilter2.java:67)
	at hudson.security.ChainedServletFilter$1.doFilter(ChainedServletFilter.java:87)
	at hudson.security.ChainedServletFilter.doFilter(ChainedServletFilter.java:76)
	at hudson.security.HudsonFilter.doFilter(HudsonFilter.java:171)
	at org.eclipse.jetty.servlet.ServletHandler$CachedChain.doFilter(ServletHandler.java:1652)
	at org.kohsuke.stapler.compression.CompressionFilter.doFilter(CompressionFilter.java:49)
	at org.eclipse.jetty.servlet.ServletHandler$CachedChain.doFilter(ServletHandler.java:1652)
	at hudson.util.CharacterEncodingFilter.doFilter(CharacterEncodingFilter.java:82)
	at org.eclipse.jetty.servlet.ServletHandler$CachedChain.doFilter(ServletHandler.java:1652)
	at org.kohsuke.stapler.DiagnosticThreadNameFilter.doFilter(DiagnosticThreadNameFilter.java:30)
	at org.eclipse.jetty.servlet.ServletHandler$CachedChain.doFilter(ServletHandler.java:1652)
	at org.eclipse.jetty.servlet.ServletHandler.doHandle(ServletHandler.java:585)
	at org.eclipse.jetty.server.handler.ScopedHandler.handle(ScopedHandler.java:143)
	at org.eclipse.jetty.security.SecurityHandler.handle(SecurityHandler.java:553)
	at org.eclipse.jetty.server.session.SessionHandler.doHandle(SessionHandler.java:223)
	at org.eclipse.jetty.server.handler.ContextHandler.doHandle(ContextHandler.java:1127)
	at org.eclipse.jetty.servlet.ServletHandler.doScope(ServletHandler.java:515)
	at org.eclipse.jetty.server.session.SessionHandler.doScope(SessionHandler.java:185)
	at org.eclipse.jetty.server.handler.ContextHandler.doScope(ContextHandler.java:1061)
	at org.eclipse.jetty.server.handler.ScopedHandler.handle(ScopedHandler.java:141)
	at org.eclipse.jetty.server.handler.HandlerWrapper.handle(HandlerWrapper.java:97)
	at org.eclipse.jetty.server.Server.handle(Server.java:499)
	at org.eclipse.jetty.server.HttpChannel.handle(HttpChannel.java:311)
	at org.eclipse.jetty.server.HttpConnection.onFillable(HttpConnection.java:257)
	at org.eclipse.jetty.io.AbstractConnection$2.run(AbstractConnection.java:544)
	at winstone.BoundedExecutorService$1.run(BoundedExecutorService.java:77)
	at java.util.concurrent.ThreadPoolExecutor.runWorker(ThreadPoolExecutor.java:1142)
	at java.util.concurrent.ThreadPoolExecutor$Worker.run(ThreadPoolExecutor.java:617)
	at java.lang.Thread.run(Thread.java:745)

Feb 15, 2017 12:06:08 PM winstone.Logger logInternal
INFO: JVM is terminating. Shutting down Winstone
