INFO] BUILD SUCCESSFUL
[INFO] ------------------------------------------------------------------------
[INFO] Total time: 16 minutes 32 seconds
[INFO] Finished at: Wed Oct 19 22:24:16 GMT-08:00 2011
[INFO] Final Memory: 64M/154M
[INFO] ------------------------------------------------------------------------
Performing Post build task...
Match found for :. : True
Logical operation result is TRUE
Running script  : jenkins-post-build.sh
[envfile] Reading environment variables from file.
[envfile] Path to file: /shares/monkeyshare/output/jenkins/env/terracotta-ehcache_tc-3.5_publisher.properties
[envfile] BLESSED_REVISION=30043
[terracotta-ehcache_tc-3.5_tests_jboss-4.2.3_JDK_1.6_3.5.x] $ bash -xe C:\tmp\hudson5253702911720152568.sh
+ jenkins-post-build.sh
WORKSPACE=C:\jenkins\workspace\terracotta-ehcache_tc-3.5_tests_jboss-4.2.3_JDK_1.6_3.5.x
JOB_NAME=terracotta-ehcache_tc-3.5_tests_jboss-4.2.3_JDK_1.6_3.5.x
Started at Wed Oct 19 22:24:22 -0800 2011
workspace: C:\jenkins\workspace\terracotta-ehcache_tc-3.5_tests_jboss-4.2.3_JDK_1.6_3.5.x/..
job_name: terracotta-ehcache_tc-3.5_tests_jboss-4.2.3_JDK_1.6_3.5.x
User home: C:/DOCUME~1/cruise
clean tmp dir: C:\tmp
POST BUILD TASK : SUCCESS
END OF POST BUILD TASK : 0
Recording test results
[envfile] Reading environment variables from file.
[envfile] Path to file: /shares/monkeyshare/output/jenkins/env/terracotta-ehcache_tc-3.5_publisher.properties
[envfile] BLESSED_REVISION=30043
Archiving artifacts
[envfile] Reading environment variables from file.
[envfile] Path to file: /shares/monkeyshare/output/jenkins/env/terracotta-ehcache_tc-3.5_publisher.properties
[envfile] BLESSED_REVISION=30043