2018-05-10 14:03:20
Full thread dump Java HotSpot(TM) 64-Bit Server VM (25.172-b31 mixed mode):

"Attach Listener" #181 daemon prio=9 os_prio=64 tid=0x0000000102e2a800 nid=0xe0 waiting on condition [0x0000000000000000]
   java.lang.Thread.State: RUNNABLE

   Locked ownable synchronizers:
	- None

"JmDNS(ac0hxznap05d-03-usarec-army-mil.local.).State.Timer" #167 prio=5 os_prio=64 tid=0x000000010049b000 nid=0xd2 in Object.wait() [0xffffffff062fe000]
   java.lang.Thread.State: TIMED_WAITING (on object monitor)
	at java.lang.Object.wait(Native Method)
	- waiting on <0xfffffffce8dac158> (a java.util.TaskQueue)
	at java.util.TimerThread.mainLoop(Timer.java:552)
	- locked <0xfffffffce8dac158> (a java.util.TaskQueue)
	at java.util.TimerThread.run(Timer.java:505)

   Locked ownable synchronizers:
	- None

"JmDNS(ac0hxznap05d-03-usarec-army-mil.local.).Timer" #166 daemon prio=5 os_prio=64 tid=0x000000010095b000 nid=0xd1 in Object.wait() [0xfffffff87b1fe000]
   java.lang.Thread.State: TIMED_WAITING (on object monitor)
	at java.lang.Object.wait(Native Method)
	- waiting on <0xfffffffce8dab978> (a java.util.TaskQueue)
	at java.util.TimerThread.mainLoop(Timer.java:552)
	- locked <0xfffffffce8dab978> (a java.util.TaskQueue)
	at java.util.TimerThread.run(Timer.java:505)

   Locked ownable synchronizers:
	- None

"SocketListener(ac0hxznap05d-03-usarec-army-mil.local.)" #165 daemon prio=5 os_prio=64 tid=0x00000001015dd000 nid=0xd0 runnable [0xffffffff012fe000]
   java.lang.Thread.State: RUNNABLE
	at java.net.PlainDatagramSocketImpl.receive0(Native Method)
	- locked <0xfffffffce8d74e48> (a java.net.PlainDatagramSocketImpl)
	at java.net.AbstractPlainDatagramSocketImpl.receive(AbstractPlainDatagramSocketImpl.java:143)
	- locked <0xfffffffce8d74e48> (a java.net.PlainDatagramSocketImpl)
	at java.net.DatagramSocket.receive(DatagramSocket.java:812)
	- locked <0xfffffffce8dece38> (a java.net.DatagramPacket)
	- locked <0xfffffffce8d5c580> (a java.net.MulticastSocket)
	at javax.jmdns.impl.SocketListener.run(SocketListener.java:41)

   Locked ownable synchronizers:
	- None

"Jenkins UDP 33848 monitoring thread" #161 prio=5 os_prio=64 tid=0x0000000102458800 nid=0xcc runnable [0xfffffff87f0ff000]
   java.lang.Thread.State: RUNNABLE
	at java.net.PlainDatagramSocketImpl.receive0(Native Method)
	- locked <0xfffffffce423df98> (a java.net.PlainDatagramSocketImpl)
	at java.net.AbstractPlainDatagramSocketImpl.receive(AbstractPlainDatagramSocketImpl.java:143)
	- locked <0xfffffffce423df98> (a java.net.PlainDatagramSocketImpl)
	at java.net.DatagramSocket.receive(DatagramSocket.java:812)
	- locked <0xfffffffce88d4ec8> (a java.net.DatagramPacket)
	- locked <0xfffffffce423d0e8> (a java.net.MulticastSocket)
	at hudson.UDPBroadcastThread.run(UDPBroadcastThread.java:84)

   Locked ownable synchronizers:
	- None

"jenkins.util.Timer [#10]" #157 daemon prio=5 os_prio=64 tid=0x00000001026e9800 nid=0xc8 waiting on condition [0xfffffff8797fe000]
   java.lang.Thread.State: WAITING (parking)
	at sun.misc.Unsafe.park(Native Method)
	- parking to wait for  <0xfffffff880436928> (a java.util.concurrent.locks.AbstractQueuedSynchronizer$ConditionObject)
	at java.util.concurrent.locks.LockSupport.park(LockSupport.java:175)
	at java.util.concurrent.locks.AbstractQueuedSynchronizer$ConditionObject.await(AbstractQueuedSynchronizer.java:2039)
	at java.util.concurrent.ScheduledThreadPoolExecutor$DelayedWorkQueue.take(ScheduledThreadPoolExecutor.java:1088)
	at java.util.concurrent.ScheduledThreadPoolExecutor$DelayedWorkQueue.take(ScheduledThreadPoolExecutor.java:809)
	at java.util.concurrent.ThreadPoolExecutor.getTask(ThreadPoolExecutor.java:1074)
	at java.util.concurrent.ThreadPoolExecutor.runWorker(ThreadPoolExecutor.java:1134)
	at java.util.concurrent.ThreadPoolExecutor$Worker.run(ThreadPoolExecutor.java:624)
	at java.lang.Thread.run(Thread.java:748)

   Locked ownable synchronizers:
	- None

"jenkins.util.Timer [#9]" #155 daemon prio=5 os_prio=64 tid=0x00000001022ca000 nid=0xc6 waiting on condition [0xfffffff879bfe000]
   java.lang.Thread.State: TIMED_WAITING (parking)
	at sun.misc.Unsafe.park(Native Method)
	- parking to wait for  <0xfffffff880436928> (a java.util.concurrent.locks.AbstractQueuedSynchronizer$ConditionObject)
	at java.util.concurrent.locks.LockSupport.parkNanos(LockSupport.java:215)
	at java.util.concurrent.locks.AbstractQueuedSynchronizer$ConditionObject.awaitNanos(AbstractQueuedSynchronizer.java:2078)
	at java.util.concurrent.ScheduledThreadPoolExecutor$DelayedWorkQueue.take(ScheduledThreadPoolExecutor.java:1093)
	at java.util.concurrent.ScheduledThreadPoolExecutor$DelayedWorkQueue.take(ScheduledThreadPoolExecutor.java:809)
	at java.util.concurrent.ThreadPoolExecutor.getTask(ThreadPoolExecutor.java:1074)
	at java.util.concurrent.ThreadPoolExecutor.runWorker(ThreadPoolExecutor.java:1134)
	at java.util.concurrent.ThreadPoolExecutor$Worker.run(ThreadPoolExecutor.java:624)
	at java.lang.Thread.run(Thread.java:748)

   Locked ownable synchronizers:
	- None

"jenkins.util.Timer [#8]" #134 daemon prio=5 os_prio=64 tid=0x0000000104806800 nid=0xb3 waiting on condition [0xfffffff87dffe000]
   java.lang.Thread.State: WAITING (parking)
	at sun.misc.Unsafe.park(Native Method)
	- parking to wait for  <0xfffffff880436928> (a java.util.concurrent.locks.AbstractQueuedSynchronizer$ConditionObject)
	at java.util.concurrent.locks.LockSupport.park(LockSupport.java:175)
	at java.util.concurrent.locks.AbstractQueuedSynchronizer$ConditionObject.await(AbstractQueuedSynchronizer.java:2039)
	at java.util.concurrent.ScheduledThreadPoolExecutor$DelayedWorkQueue.take(ScheduledThreadPoolExecutor.java:1088)
	at java.util.concurrent.ScheduledThreadPoolExecutor$DelayedWorkQueue.take(ScheduledThreadPoolExecutor.java:809)
	at java.util.concurrent.ThreadPoolExecutor.getTask(ThreadPoolExecutor.java:1074)
	at java.util.concurrent.ThreadPoolExecutor.runWorker(ThreadPoolExecutor.java:1134)
	at java.util.concurrent.ThreadPoolExecutor$Worker.run(ThreadPoolExecutor.java:624)
	at java.lang.Thread.run(Thread.java:748)

   Locked ownable synchronizers:
	- None

"jenkins.util.Timer [#7]" #133 daemon prio=5 os_prio=64 tid=0x0000000100d8e800 nid=0xb2 waiting on condition [0xfffffff87e1fe000]
   java.lang.Thread.State: WAITING (parking)
	at sun.misc.Unsafe.park(Native Method)
	- parking to wait for  <0xfffffff880436928> (a java.util.concurrent.locks.AbstractQueuedSynchronizer$ConditionObject)
	at java.util.concurrent.locks.LockSupport.park(LockSupport.java:175)
	at java.util.concurrent.locks.AbstractQueuedSynchronizer$ConditionObject.await(AbstractQueuedSynchronizer.java:2039)
	at java.util.concurrent.ScheduledThreadPoolExecutor$DelayedWorkQueue.take(ScheduledThreadPoolExecutor.java:1088)
	at java.util.concurrent.ScheduledThreadPoolExecutor$DelayedWorkQueue.take(ScheduledThreadPoolExecutor.java:809)
	at java.util.concurrent.ThreadPoolExecutor.getTask(ThreadPoolExecutor.java:1074)
	at java.util.concurrent.ThreadPoolExecutor.runWorker(ThreadPoolExecutor.java:1134)
	at java.util.concurrent.ThreadPoolExecutor$Worker.run(ThreadPoolExecutor.java:624)
	at java.lang.Thread.run(Thread.java:748)

   Locked ownable synchronizers:
	- None

"jenkins.util.Timer [#6]" #132 daemon prio=5 os_prio=64 tid=0x0000000100d8d800 nid=0xb1 waiting on condition [0xfffffff87e3fe000]
   java.lang.Thread.State: WAITING (parking)
	at sun.misc.Unsafe.park(Native Method)
	- parking to wait for  <0xfffffff880436928> (a java.util.concurrent.locks.AbstractQueuedSynchronizer$ConditionObject)
	at java.util.concurrent.locks.LockSupport.park(LockSupport.java:175)
	at java.util.concurrent.locks.AbstractQueuedSynchronizer$ConditionObject.await(AbstractQueuedSynchronizer.java:2039)
	at java.util.concurrent.ScheduledThreadPoolExecutor$DelayedWorkQueue.take(ScheduledThreadPoolExecutor.java:1088)
	at java.util.concurrent.ScheduledThreadPoolExecutor$DelayedWorkQueue.take(ScheduledThreadPoolExecutor.java:809)
	at java.util.concurrent.ThreadPoolExecutor.getTask(ThreadPoolExecutor.java:1074)
	at java.util.concurrent.ThreadPoolExecutor.runWorker(ThreadPoolExecutor.java:1134)
	at java.util.concurrent.ThreadPoolExecutor$Worker.run(ThreadPoolExecutor.java:624)
	at java.lang.Thread.run(Thread.java:748)

   Locked ownable synchronizers:
	- None

"jenkins.util.Timer [#5]" #131 daemon prio=5 os_prio=64 tid=0x00000001047c6800 nid=0xb0 waiting on condition [0xfffffff87e5fe000]
   java.lang.Thread.State: WAITING (parking)
	at sun.misc.Unsafe.park(Native Method)
	- parking to wait for  <0xfffffff880436928> (a java.util.concurrent.locks.AbstractQueuedSynchronizer$ConditionObject)
	at java.util.concurrent.locks.LockSupport.park(LockSupport.java:175)
	at java.util.concurrent.locks.AbstractQueuedSynchronizer$ConditionObject.await(AbstractQueuedSynchronizer.java:2039)
	at java.util.concurrent.ScheduledThreadPoolExecutor$DelayedWorkQueue.take(ScheduledThreadPoolExecutor.java:1088)
	at java.util.concurrent.ScheduledThreadPoolExecutor$DelayedWorkQueue.take(ScheduledThreadPoolExecutor.java:809)
	at java.util.concurrent.ThreadPoolExecutor.getTask(ThreadPoolExecutor.java:1074)
	at java.util.concurrent.ThreadPoolExecutor.runWorker(ThreadPoolExecutor.java:1134)
	at java.util.concurrent.ThreadPoolExecutor$Worker.run(ThreadPoolExecutor.java:624)
	at java.lang.Thread.run(Thread.java:748)

   Locked ownable synchronizers:
	- None

"jenkins.util.Timer [#4]" #130 daemon prio=5 os_prio=64 tid=0x00000001028fc800 nid=0xaf waiting on condition [0xfffffff87eafe000]
   java.lang.Thread.State: WAITING (parking)
	at sun.misc.Unsafe.park(Native Method)
	- parking to wait for  <0xfffffff880436928> (a java.util.concurrent.locks.AbstractQueuedSynchronizer$ConditionObject)
	at java.util.concurrent.locks.LockSupport.park(LockSupport.java:175)
	at java.util.concurrent.locks.AbstractQueuedSynchronizer$ConditionObject.await(AbstractQueuedSynchronizer.java:2039)
	at java.util.concurrent.ScheduledThreadPoolExecutor$DelayedWorkQueue.take(ScheduledThreadPoolExecutor.java:1088)
	at java.util.concurrent.ScheduledThreadPoolExecutor$DelayedWorkQueue.take(ScheduledThreadPoolExecutor.java:809)
	at java.util.concurrent.ThreadPoolExecutor.getTask(ThreadPoolExecutor.java:1074)
	at java.util.concurrent.ThreadPoolExecutor.runWorker(ThreadPoolExecutor.java:1134)
	at java.util.concurrent.ThreadPoolExecutor$Worker.run(ThreadPoolExecutor.java:624)
	at java.lang.Thread.run(Thread.java:748)

   Locked ownable synchronizers:
	- None

"jenkins.util.Timer [#3]" #129 daemon prio=5 os_prio=64 tid=0x0000000102088000 nid=0xae waiting on condition [0xfffffff87ecfe000]
   java.lang.Thread.State: WAITING (parking)
	at sun.misc.Unsafe.park(Native Method)
	- parking to wait for  <0xfffffff880436928> (a java.util.concurrent.locks.AbstractQueuedSynchronizer$ConditionObject)
	at java.util.concurrent.locks.LockSupport.park(LockSupport.java:175)
	at java.util.concurrent.locks.AbstractQueuedSynchronizer$ConditionObject.await(AbstractQueuedSynchronizer.java:2039)
	at java.util.concurrent.ScheduledThreadPoolExecutor$DelayedWorkQueue.take(ScheduledThreadPoolExecutor.java:1088)
	at java.util.concurrent.ScheduledThreadPoolExecutor$DelayedWorkQueue.take(ScheduledThreadPoolExecutor.java:809)
	at java.util.concurrent.ThreadPoolExecutor.getTask(ThreadPoolExecutor.java:1074)
	at java.util.concurrent.ThreadPoolExecutor.runWorker(ThreadPoolExecutor.java:1134)
	at java.util.concurrent.ThreadPoolExecutor$Worker.run(ThreadPoolExecutor.java:624)
	at java.lang.Thread.run(Thread.java:748)

   Locked ownable synchronizers:
	- None

"jenkins.util.Timer [#2]" #106 daemon prio=5 os_prio=64 tid=0x000000010059a000 nid=0x97 waiting on condition [0xffffffff02ffe000]
   java.lang.Thread.State: WAITING (parking)
	at sun.misc.Unsafe.park(Native Method)
	- parking to wait for  <0xfffffff880436928> (a java.util.concurrent.locks.AbstractQueuedSynchronizer$ConditionObject)
	at java.util.concurrent.locks.LockSupport.park(LockSupport.java:175)
	at java.util.concurrent.locks.AbstractQueuedSynchronizer$ConditionObject.await(AbstractQueuedSynchronizer.java:2039)
	at java.util.concurrent.ScheduledThreadPoolExecutor$DelayedWorkQueue.take(ScheduledThreadPoolExecutor.java:1088)
	at java.util.concurrent.ScheduledThreadPoolExecutor$DelayedWorkQueue.take(ScheduledThreadPoolExecutor.java:809)
	at java.util.concurrent.ThreadPoolExecutor.getTask(ThreadPoolExecutor.java:1074)
	at java.util.concurrent.ThreadPoolExecutor.runWorker(ThreadPoolExecutor.java:1134)
	at java.util.concurrent.ThreadPoolExecutor$Worker.run(ThreadPoolExecutor.java:624)
	at java.lang.Thread.run(Thread.java:748)

   Locked ownable synchronizers:
	- None

"jenkins.util.Timer [#1]" #75 daemon prio=5 os_prio=64 tid=0x0000000101b65800 nid=0x78 waiting on condition [0xffffffff073fe000]
   java.lang.Thread.State: WAITING (parking)
	at sun.misc.Unsafe.park(Native Method)
	- parking to wait for  <0xfffffff880436928> (a java.util.concurrent.locks.AbstractQueuedSynchronizer$ConditionObject)
	at java.util.concurrent.locks.LockSupport.park(LockSupport.java:175)
	at java.util.concurrent.locks.AbstractQueuedSynchronizer$ConditionObject.await(AbstractQueuedSynchronizer.java:2039)
	at java.util.concurrent.ScheduledThreadPoolExecutor$DelayedWorkQueue.take(ScheduledThreadPoolExecutor.java:1088)
	at java.util.concurrent.ScheduledThreadPoolExecutor$DelayedWorkQueue.take(ScheduledThreadPoolExecutor.java:809)
	at java.util.concurrent.ThreadPoolExecutor.getTask(ThreadPoolExecutor.java:1074)
	at java.util.concurrent.ThreadPoolExecutor.runWorker(ThreadPoolExecutor.java:1134)
	at java.util.concurrent.ThreadPoolExecutor$Worker.run(ThreadPoolExecutor.java:624)
	at java.lang.Thread.run(Thread.java:748)

   Locked ownable synchronizers:
	- None

"Jenkins cron thread" #74 prio=5 os_prio=64 tid=0x0000000101b71000 nid=0x77 in Object.wait() [0xffffffff075fe000]
   java.lang.Thread.State: WAITING (on object monitor)
	at java.lang.Object.wait(Native Method)
	- waiting on <0xfffffff88043e8b8> (a java.util.TaskQueue)
	at java.lang.Object.wait(Object.java:502)
	at java.util.TimerThread.mainLoop(Timer.java:526)
	- locked <0xfffffff88043e8b8> (a java.util.TaskQueue)
	at java.util.TimerThread.run(Timer.java:505)

   Locked ownable synchronizers:
	- None

"DestroyJavaVM" #73 prio=5 os_prio=64 tid=0x000000010010f000 nid=0x2 waiting on condition [0x0000000000000000]
   java.lang.Thread.State: RUNNABLE

   Locked ownable synchronizers:
	- None

"LauncherControlThread[ControlPort=-1]" #71 prio=5 os_prio=64 tid=0x0000000101aca800 nid=0x76 waiting on condition [0xffffffff077ff000]
   java.lang.Thread.State: TIMED_WAITING (sleeping)
	at java.lang.Thread.sleep(Native Method)
	at winstone.Launcher.run(Launcher.java:245)
	at java.lang.Thread.run(Thread.java:748)

   Locked ownable synchronizers:
	- None

"RequestHandlerThread[#40]" #70 daemon prio=5 os_prio=64 tid=0x000000010192b800 nid=0x75 runnable [0xffffffff079fe000]
   java.lang.Thread.State: RUNNABLE
	at sun.nio.ch.DevPollArrayWrapper.poll0(Native Method)
	at sun.nio.ch.DevPollArrayWrapper.poll(DevPollArrayWrapper.java:223)
	at sun.nio.ch.DevPollSelectorImpl.doSelect(DevPollSelectorImpl.java:98)
	at sun.nio.ch.SelectorImpl.lockAndDoSelect(SelectorImpl.java:86)
	- locked <0xfffffff8804568b8> (a sun.nio.ch.Util$3)
	- locked <0xfffffff8804568c8> (a java.util.Collections$UnmodifiableSet)
	- locked <0xfffffff880456870> (a sun.nio.ch.DevPollSelectorImpl)
	at sun.nio.ch.SelectorImpl.select(SelectorImpl.java:97)
	at sun.nio.ch.SelectorImpl.select(SelectorImpl.java:101)
	at org.eclipse.jetty.io.ManagedSelector$SelectorProducer.select(ManagedSelector.java:375)
	at org.eclipse.jetty.io.ManagedSelector$SelectorProducer.produce(ManagedSelector.java:304)
	at org.eclipse.jetty.util.thread.strategy.EatWhatYouKill.doProduce(EatWhatYouKill.java:179)
	at org.eclipse.jetty.util.thread.strategy.EatWhatYouKill.produce(EatWhatYouKill.java:140)
	at org.eclipse.jetty.io.ManagedSelector$$Lambda$13/1871612052.run(Unknown Source)
	at winstone.BoundedExecutorService$1.run(BoundedExecutorService.java:77)
	at java.util.concurrent.ThreadPoolExecutor.runWorker(ThreadPoolExecutor.java:1149)
	at java.util.concurrent.ThreadPoolExecutor$Worker.run(ThreadPoolExecutor.java:624)
	at java.lang.Thread.run(Thread.java:748)

   Locked ownable synchronizers:
	- <0xfffffff880456978> (a java.util.concurrent.ThreadPoolExecutor$Worker)

"RequestHandlerThread[#39]" #69 daemon prio=5 os_prio=64 tid=0x00000001018d1800 nid=0x74 runnable [0xffffffff07bfe000]
   java.lang.Thread.State: RUNNABLE
	at sun.nio.ch.DevPollArrayWrapper.poll0(Native Method)
	at sun.nio.ch.DevPollArrayWrapper.poll(DevPollArrayWrapper.java:223)
	at sun.nio.ch.DevPollSelectorImpl.doSelect(DevPollSelectorImpl.java:98)
	at sun.nio.ch.SelectorImpl.lockAndDoSelect(SelectorImpl.java:86)
	- locked <0xfffffff88045e8a8> (a sun.nio.ch.Util$3)
	- locked <0xfffffff88045e8b8> (a java.util.Collections$UnmodifiableSet)
	- locked <0xfffffff88045e860> (a sun.nio.ch.DevPollSelectorImpl)
	at sun.nio.ch.SelectorImpl.select(SelectorImpl.java:97)
	at sun.nio.ch.SelectorImpl.select(SelectorImpl.java:101)
	at org.eclipse.jetty.io.ManagedSelector$SelectorProducer.select(ManagedSelector.java:375)
	at org.eclipse.jetty.io.ManagedSelector$SelectorProducer.produce(ManagedSelector.java:304)
	at org.eclipse.jetty.util.thread.strategy.EatWhatYouKill.doProduce(EatWhatYouKill.java:179)
	at org.eclipse.jetty.util.thread.strategy.EatWhatYouKill.produce(EatWhatYouKill.java:140)
	at org.eclipse.jetty.io.ManagedSelector$$Lambda$13/1871612052.run(Unknown Source)
	at winstone.BoundedExecutorService$1.run(BoundedExecutorService.java:77)
	at java.util.concurrent.ThreadPoolExecutor.runWorker(ThreadPoolExecutor.java:1149)
	at java.util.concurrent.ThreadPoolExecutor$Worker.run(ThreadPoolExecutor.java:624)
	at java.lang.Thread.run(Thread.java:748)

   Locked ownable synchronizers:
	- <0xfffffff88045e968> (a java.util.concurrent.ThreadPoolExecutor$Worker)

"RequestHandlerThread[#38]" #68 daemon prio=5 os_prio=64 tid=0x0000000101926000 nid=0x73 runnable [0xffffffff07dfe000]
   java.lang.Thread.State: RUNNABLE
	at sun.nio.ch.DevPollArrayWrapper.poll0(Native Method)
	at sun.nio.ch.DevPollArrayWrapper.poll(DevPollArrayWrapper.java:223)
	at sun.nio.ch.DevPollSelectorImpl.doSelect(DevPollSelectorImpl.java:98)
	at sun.nio.ch.SelectorImpl.lockAndDoSelect(SelectorImpl.java:86)
	- locked <0xfffffff880466870> (a sun.nio.ch.Util$3)
	- locked <0xfffffff880466880> (a java.util.Collections$UnmodifiableSet)
	- locked <0xfffffff880466828> (a sun.nio.ch.DevPollSelectorImpl)
	at sun.nio.ch.SelectorImpl.select(SelectorImpl.java:97)
	at sun.nio.ch.SelectorImpl.select(SelectorImpl.java:101)
	at org.eclipse.jetty.io.ManagedSelector$SelectorProducer.select(ManagedSelector.java:375)
	at org.eclipse.jetty.io.ManagedSelector$SelectorProducer.produce(ManagedSelector.java:304)
	at org.eclipse.jetty.util.thread.strategy.EatWhatYouKill.doProduce(EatWhatYouKill.java:179)
	at org.eclipse.jetty.util.thread.strategy.EatWhatYouKill.produce(EatWhatYouKill.java:140)
	at org.eclipse.jetty.io.ManagedSelector$$Lambda$13/1871612052.run(Unknown Source)
	at winstone.BoundedExecutorService$1.run(BoundedExecutorService.java:77)
	at java.util.concurrent.ThreadPoolExecutor.runWorker(ThreadPoolExecutor.java:1149)
	at java.util.concurrent.ThreadPoolExecutor$Worker.run(ThreadPoolExecutor.java:624)
	at java.lang.Thread.run(Thread.java:748)

   Locked ownable synchronizers:
	- <0xfffffff880466930> (a java.util.concurrent.ThreadPoolExecutor$Worker)

"RequestHandlerThread[#37]" #67 daemon prio=5 os_prio=64 tid=0x00000001018cf800 nid=0x72 runnable [0xffffffff07ffe000]
   java.lang.Thread.State: RUNNABLE
	at sun.nio.ch.DevPollArrayWrapper.poll0(Native Method)
	at sun.nio.ch.DevPollArrayWrapper.poll(DevPollArrayWrapper.java:223)
	at sun.nio.ch.DevPollSelectorImpl.doSelect(DevPollSelectorImpl.java:98)
	at sun.nio.ch.SelectorImpl.lockAndDoSelect(SelectorImpl.java:86)
	- locked <0xfffffff88046e860> (a sun.nio.ch.Util$3)
	- locked <0xfffffff88046e870> (a java.util.Collections$UnmodifiableSet)
	- locked <0xfffffff88046e818> (a sun.nio.ch.DevPollSelectorImpl)
	at sun.nio.ch.SelectorImpl.select(SelectorImpl.java:97)
	at sun.nio.ch.SelectorImpl.select(SelectorImpl.java:101)
	at org.eclipse.jetty.io.ManagedSelector$SelectorProducer.select(ManagedSelector.java:375)
	at org.eclipse.jetty.io.ManagedSelector$SelectorProducer.produce(ManagedSelector.java:304)
	at org.eclipse.jetty.util.thread.strategy.EatWhatYouKill.doProduce(EatWhatYouKill.java:179)
	at org.eclipse.jetty.util.thread.strategy.EatWhatYouKill.produce(EatWhatYouKill.java:140)
	at org.eclipse.jetty.io.ManagedSelector$$Lambda$13/1871612052.run(Unknown Source)
	at winstone.BoundedExecutorService$1.run(BoundedExecutorService.java:77)
	at java.util.concurrent.ThreadPoolExecutor.runWorker(ThreadPoolExecutor.java:1149)
	at java.util.concurrent.ThreadPoolExecutor$Worker.run(ThreadPoolExecutor.java:624)
	at java.lang.Thread.run(Thread.java:748)

   Locked ownable synchronizers:
	- <0xfffffff88046e920> (a java.util.concurrent.ThreadPoolExecutor$Worker)

"RequestHandlerThread[#36]" #66 daemon prio=5 os_prio=64 tid=0x00000001018d2800 nid=0x71 runnable [0xffffffff081fe000]
   java.lang.Thread.State: RUNNABLE
	at sun.nio.ch.DevPollArrayWrapper.poll0(Native Method)
	at sun.nio.ch.DevPollArrayWrapper.poll(DevPollArrayWrapper.java:223)
	at sun.nio.ch.DevPollSelectorImpl.doSelect(DevPollSelectorImpl.java:98)
	at sun.nio.ch.SelectorImpl.lockAndDoSelect(SelectorImpl.java:86)
	- locked <0xfffffff880476840> (a sun.nio.ch.Util$3)
	- locked <0xfffffff880476850> (a java.util.Collections$UnmodifiableSet)
	- locked <0xfffffff8804767f8> (a sun.nio.ch.DevPollSelectorImpl)
	at sun.nio.ch.SelectorImpl.select(SelectorImpl.java:97)
	at sun.nio.ch.SelectorImpl.select(SelectorImpl.java:101)
	at org.eclipse.jetty.io.ManagedSelector$SelectorProducer.select(ManagedSelector.java:375)
	at org.eclipse.jetty.io.ManagedSelector$SelectorProducer.produce(ManagedSelector.java:304)
	at org.eclipse.jetty.util.thread.strategy.EatWhatYouKill.doProduce(EatWhatYouKill.java:179)
	at org.eclipse.jetty.util.thread.strategy.EatWhatYouKill.produce(EatWhatYouKill.java:140)
	at org.eclipse.jetty.io.ManagedSelector$$Lambda$13/1871612052.run(Unknown Source)
	at winstone.BoundedExecutorService$1.run(BoundedExecutorService.java:77)
	at java.util.concurrent.ThreadPoolExecutor.runWorker(ThreadPoolExecutor.java:1149)
	at java.util.concurrent.ThreadPoolExecutor$Worker.run(ThreadPoolExecutor.java:624)
	at java.lang.Thread.run(Thread.java:748)

   Locked ownable synchronizers:
	- <0xfffffff880476900> (a java.util.concurrent.ThreadPoolExecutor$Worker)

"RequestHandlerThread[#35]" #65 daemon prio=5 os_prio=64 tid=0x00000001018e6800 nid=0x70 runnable [0xffffffff083fe000]
   java.lang.Thread.State: RUNNABLE
	at sun.nio.ch.DevPollArrayWrapper.poll0(Native Method)
	at sun.nio.ch.DevPollArrayWrapper.poll(DevPollArrayWrapper.java:223)
	at sun.nio.ch.DevPollSelectorImpl.doSelect(DevPollSelectorImpl.java:98)
	at sun.nio.ch.SelectorImpl.lockAndDoSelect(SelectorImpl.java:86)
	- locked <0xfffffff88047e830> (a sun.nio.ch.Util$3)
	- locked <0xfffffff88047e840> (a java.util.Collections$UnmodifiableSet)
	- locked <0xfffffff88047e7e8> (a sun.nio.ch.DevPollSelectorImpl)
	at sun.nio.ch.SelectorImpl.select(SelectorImpl.java:97)
	at sun.nio.ch.SelectorImpl.select(SelectorImpl.java:101)
	at org.eclipse.jetty.io.ManagedSelector$SelectorProducer.select(ManagedSelector.java:375)
	at org.eclipse.jetty.io.ManagedSelector$SelectorProducer.produce(ManagedSelector.java:304)
	at org.eclipse.jetty.util.thread.strategy.EatWhatYouKill.doProduce(EatWhatYouKill.java:179)
	at org.eclipse.jetty.util.thread.strategy.EatWhatYouKill.produce(EatWhatYouKill.java:140)
	at org.eclipse.jetty.io.ManagedSelector$$Lambda$13/1871612052.run(Unknown Source)
	at winstone.BoundedExecutorService$1.run(BoundedExecutorService.java:77)
	at java.util.concurrent.ThreadPoolExecutor.runWorker(ThreadPoolExecutor.java:1149)
	at java.util.concurrent.ThreadPoolExecutor$Worker.run(ThreadPoolExecutor.java:624)
	at java.lang.Thread.run(Thread.java:748)

   Locked ownable synchronizers:
	- <0xfffffff88047e8f0> (a java.util.concurrent.ThreadPoolExecutor$Worker)

"RequestHandlerThread[#34]" #64 daemon prio=5 os_prio=64 tid=0x00000001018cd000 nid=0x6f runnable [0xffffffff085fe000]
   java.lang.Thread.State: RUNNABLE
	at sun.nio.ch.DevPollArrayWrapper.poll0(Native Method)
	at sun.nio.ch.DevPollArrayWrapper.poll(DevPollArrayWrapper.java:223)
	at sun.nio.ch.DevPollSelectorImpl.doSelect(DevPollSelectorImpl.java:98)
	at sun.nio.ch.SelectorImpl.lockAndDoSelect(SelectorImpl.java:86)
	- locked <0xfffffff8806cd538> (a sun.nio.ch.Util$3)
	- locked <0xfffffff8806cd528> (a java.util.Collections$UnmodifiableSet)
	- locked <0xfffffff8806cd400> (a sun.nio.ch.DevPollSelectorImpl)
	at sun.nio.ch.SelectorImpl.select(SelectorImpl.java:97)
	at sun.nio.ch.SelectorImpl.select(SelectorImpl.java:101)
	at org.eclipse.jetty.io.ManagedSelector$SelectorProducer.select(ManagedSelector.java:375)
	at org.eclipse.jetty.io.ManagedSelector$SelectorProducer.produce(ManagedSelector.java:304)
	at org.eclipse.jetty.util.thread.strategy.EatWhatYouKill.doProduce(EatWhatYouKill.java:179)
	at org.eclipse.jetty.util.thread.strategy.EatWhatYouKill.produce(EatWhatYouKill.java:140)
	at org.eclipse.jetty.io.ManagedSelector$$Lambda$13/1871612052.run(Unknown Source)
	at winstone.BoundedExecutorService$1.run(BoundedExecutorService.java:77)
	at java.util.concurrent.ThreadPoolExecutor.runWorker(ThreadPoolExecutor.java:1149)
	at java.util.concurrent.ThreadPoolExecutor$Worker.run(ThreadPoolExecutor.java:624)
	at java.lang.Thread.run(Thread.java:748)

   Locked ownable synchronizers:
	- <0xfffffff88041f118> (a java.util.concurrent.ThreadPoolExecutor$Worker)

"RequestHandlerThread[#33]" #63 daemon prio=5 os_prio=64 tid=0x00000001018b8800 nid=0x6e runnable [0xffffffff087fe000]
   java.lang.Thread.State: RUNNABLE
	at sun.nio.ch.DevPollArrayWrapper.poll0(Native Method)
	at sun.nio.ch.DevPollArrayWrapper.poll(DevPollArrayWrapper.java:223)
	at sun.nio.ch.DevPollSelectorImpl.doSelect(DevPollSelectorImpl.java:98)
	at sun.nio.ch.SelectorImpl.lockAndDoSelect(SelectorImpl.java:86)
	- locked <0xfffffff8806cdd60> (a sun.nio.ch.Util$3)
	- locked <0xfffffff8806cdd50> (a java.util.Collections$UnmodifiableSet)
	- locked <0xfffffff8806cdc28> (a sun.nio.ch.DevPollSelectorImpl)
	at sun.nio.ch.SelectorImpl.select(SelectorImpl.java:97)
	at sun.nio.ch.SelectorImpl.select(SelectorImpl.java:101)
	at org.eclipse.jetty.io.ManagedSelector$SelectorProducer.select(ManagedSelector.java:375)
	at org.eclipse.jetty.io.ManagedSelector$SelectorProducer.produce(ManagedSelector.java:304)
	at org.eclipse.jetty.util.thread.strategy.EatWhatYouKill.doProduce(EatWhatYouKill.java:179)
	at org.eclipse.jetty.util.thread.strategy.EatWhatYouKill.produce(EatWhatYouKill.java:140)
	at org.eclipse.jetty.io.ManagedSelector$$Lambda$13/1871612052.run(Unknown Source)
	at winstone.BoundedExecutorService$1.run(BoundedExecutorService.java:77)
	at java.util.concurrent.ThreadPoolExecutor.runWorker(ThreadPoolExecutor.java:1149)
	at java.util.concurrent.ThreadPoolExecutor$Worker.run(ThreadPoolExecutor.java:624)
	at java.lang.Thread.run(Thread.java:748)

   Locked ownable synchronizers:
	- <0xfffffff88048e6a8> (a java.util.concurrent.ThreadPoolExecutor$Worker)

"RequestHandlerThread[#32]" #62 daemon prio=5 os_prio=64 tid=0x00000001018a5000 nid=0x6d runnable [0xffffffff089fe000]
   java.lang.Thread.State: RUNNABLE
	at sun.nio.ch.DevPollArrayWrapper.poll0(Native Method)
	at sun.nio.ch.DevPollArrayWrapper.poll(DevPollArrayWrapper.java:223)
	at sun.nio.ch.DevPollSelectorImpl.doSelect(DevPollSelectorImpl.java:98)
	at sun.nio.ch.SelectorImpl.lockAndDoSelect(SelectorImpl.java:86)
	- locked <0xfffffff8806ce588> (a sun.nio.ch.Util$3)
	- locked <0xfffffff8806ce578> (a java.util.Collections$UnmodifiableSet)
	- locked <0xfffffff8806ce450> (a sun.nio.ch.DevPollSelectorImpl)
	at sun.nio.ch.SelectorImpl.select(SelectorImpl.java:97)
	at sun.nio.ch.SelectorImpl.select(SelectorImpl.java:101)
	at org.eclipse.jetty.io.ManagedSelector$SelectorProducer.select(ManagedSelector.java:375)
	at org.eclipse.jetty.io.ManagedSelector$SelectorProducer.produce(ManagedSelector.java:304)
	at org.eclipse.jetty.util.thread.strategy.EatWhatYouKill.doProduce(EatWhatYouKill.java:179)
	at org.eclipse.jetty.util.thread.strategy.EatWhatYouKill.produce(EatWhatYouKill.java:140)
	at org.eclipse.jetty.io.ManagedSelector$$Lambda$13/1871612052.run(Unknown Source)
	at winstone.BoundedExecutorService$1.run(BoundedExecutorService.java:77)
	at java.util.concurrent.ThreadPoolExecutor.runWorker(ThreadPoolExecutor.java:1149)
	at java.util.concurrent.ThreadPoolExecutor$Worker.run(ThreadPoolExecutor.java:624)
	at java.lang.Thread.run(Thread.java:748)

   Locked ownable synchronizers:
	- <0xfffffff880496690> (a java.util.concurrent.ThreadPoolExecutor$Worker)

"RequestHandlerThread[#31]" #61 daemon prio=5 os_prio=64 tid=0x0000000101891800 nid=0x6c runnable [0xffffffff08bfe000]
   java.lang.Thread.State: RUNNABLE
	at sun.nio.ch.DevPollArrayWrapper.poll0(Native Method)
	at sun.nio.ch.DevPollArrayWrapper.poll(DevPollArrayWrapper.java:223)
	at sun.nio.ch.DevPollSelectorImpl.doSelect(DevPollSelectorImpl.java:98)
	at sun.nio.ch.SelectorImpl.lockAndDoSelect(SelectorImpl.java:86)
	- locked <0xfffffff8806cedb0> (a sun.nio.ch.Util$3)
	- locked <0xfffffff8806ceda0> (a java.util.Collections$UnmodifiableSet)
	- locked <0xfffffff8806cec78> (a sun.nio.ch.DevPollSelectorImpl)
	at sun.nio.ch.SelectorImpl.select(SelectorImpl.java:97)
	at sun.nio.ch.SelectorImpl.select(SelectorImpl.java:101)
	at org.eclipse.jetty.io.ManagedSelector$SelectorProducer.select(ManagedSelector.java:375)
	at org.eclipse.jetty.io.ManagedSelector$SelectorProducer.produce(ManagedSelector.java:304)
	at org.eclipse.jetty.util.thread.strategy.EatWhatYouKill.doProduce(EatWhatYouKill.java:179)
	at org.eclipse.jetty.util.thread.strategy.EatWhatYouKill.produce(EatWhatYouKill.java:140)
	at org.eclipse.jetty.io.ManagedSelector$$Lambda$13/1871612052.run(Unknown Source)
	at winstone.BoundedExecutorService$1.run(BoundedExecutorService.java:77)
	at java.util.concurrent.ThreadPoolExecutor.runWorker(ThreadPoolExecutor.java:1149)
	at java.util.concurrent.ThreadPoolExecutor$Worker.run(ThreadPoolExecutor.java:624)
	at java.lang.Thread.run(Thread.java:748)

   Locked ownable synchronizers:
	- <0xfffffff88049e678> (a java.util.concurrent.ThreadPoolExecutor$Worker)

"RequestHandlerThread[#30]" #60 daemon prio=5 os_prio=64 tid=0x000000010186a000 nid=0x6b runnable [0xffffffff08dfe000]
   java.lang.Thread.State: RUNNABLE
	at sun.nio.ch.DevPollArrayWrapper.poll0(Native Method)
	at sun.nio.ch.DevPollArrayWrapper.poll(DevPollArrayWrapper.java:223)
	at sun.nio.ch.DevPollSelectorImpl.doSelect(DevPollSelectorImpl.java:98)
	at sun.nio.ch.SelectorImpl.lockAndDoSelect(SelectorImpl.java:86)
	- locked <0xfffffff8806cf5d8> (a sun.nio.ch.Util$3)
	- locked <0xfffffff8806cf5c8> (a java.util.Collections$UnmodifiableSet)
	- locked <0xfffffff8806cf4a0> (a sun.nio.ch.DevPollSelectorImpl)
	at sun.nio.ch.SelectorImpl.select(SelectorImpl.java:97)
	at sun.nio.ch.SelectorImpl.select(SelectorImpl.java:101)
	at org.eclipse.jetty.io.ManagedSelector$SelectorProducer.select(ManagedSelector.java:375)
	at org.eclipse.jetty.io.ManagedSelector$SelectorProducer.produce(ManagedSelector.java:304)
	at org.eclipse.jetty.util.thread.strategy.EatWhatYouKill.doProduce(EatWhatYouKill.java:179)
	at org.eclipse.jetty.util.thread.strategy.EatWhatYouKill.produce(EatWhatYouKill.java:140)
	at org.eclipse.jetty.io.ManagedSelector$$Lambda$13/1871612052.run(Unknown Source)
	at winstone.BoundedExecutorService$1.run(BoundedExecutorService.java:77)
	at java.util.concurrent.ThreadPoolExecutor.runWorker(ThreadPoolExecutor.java:1149)
	at java.util.concurrent.ThreadPoolExecutor$Worker.run(ThreadPoolExecutor.java:624)
	at java.lang.Thread.run(Thread.java:748)

   Locked ownable synchronizers:
	- <0xfffffff880a845b0> (a java.util.concurrent.ThreadPoolExecutor$Worker)

"RequestHandlerThread[#29]" #59 daemon prio=5 os_prio=64 tid=0x0000000101856000 nid=0x6a runnable [0xffffffff08ffe000]
   java.lang.Thread.State: RUNNABLE
	at sun.nio.ch.DevPollArrayWrapper.poll0(Native Method)
	at sun.nio.ch.DevPollArrayWrapper.poll(DevPollArrayWrapper.java:223)
	at sun.nio.ch.DevPollSelectorImpl.doSelect(DevPollSelectorImpl.java:98)
	at sun.nio.ch.SelectorImpl.lockAndDoSelect(SelectorImpl.java:86)
	- locked <0xfffffff8806cfe00> (a sun.nio.ch.Util$3)
	- locked <0xfffffff8806cfdf0> (a java.util.Collections$UnmodifiableSet)
	- locked <0xfffffff8806cfcc8> (a sun.nio.ch.DevPollSelectorImpl)
	at sun.nio.ch.SelectorImpl.select(SelectorImpl.java:97)
	at sun.nio.ch.SelectorImpl.select(SelectorImpl.java:101)
	at org.eclipse.jetty.io.ManagedSelector$SelectorProducer.select(ManagedSelector.java:375)
	at org.eclipse.jetty.io.ManagedSelector$SelectorProducer.produce(ManagedSelector.java:304)
	at org.eclipse.jetty.util.thread.strategy.EatWhatYouKill.doProduce(EatWhatYouKill.java:179)
	at org.eclipse.jetty.util.thread.strategy.EatWhatYouKill.produce(EatWhatYouKill.java:140)
	at org.eclipse.jetty.io.ManagedSelector$$Lambda$13/1871612052.run(Unknown Source)
	at winstone.BoundedExecutorService$1.run(BoundedExecutorService.java:77)
	at java.util.concurrent.ThreadPoolExecutor.runWorker(ThreadPoolExecutor.java:1149)
	at java.util.concurrent.ThreadPoolExecutor$Worker.run(ThreadPoolExecutor.java:624)
	at java.lang.Thread.run(Thread.java:748)

   Locked ownable synchronizers:
	- <0xfffffff880a84870> (a java.util.concurrent.ThreadPoolExecutor$Worker)

"RequestHandlerThread[#28]" #58 daemon prio=5 os_prio=64 tid=0x0000000101843800 nid=0x69 runnable [0xffffffff091fe000]
   java.lang.Thread.State: RUNNABLE
	at sun.nio.ch.DevPollArrayWrapper.poll0(Native Method)
	at sun.nio.ch.DevPollArrayWrapper.poll(DevPollArrayWrapper.java:223)
	at sun.nio.ch.DevPollSelectorImpl.doSelect(DevPollSelectorImpl.java:98)
	at sun.nio.ch.SelectorImpl.lockAndDoSelect(SelectorImpl.java:86)
	- locked <0xfffffff880870598> (a sun.nio.ch.Util$3)
	- locked <0xfffffff880870588> (a java.util.Collections$UnmodifiableSet)
	- locked <0xfffffff880870460> (a sun.nio.ch.DevPollSelectorImpl)
	at sun.nio.ch.SelectorImpl.select(SelectorImpl.java:97)
	at sun.nio.ch.SelectorImpl.select(SelectorImpl.java:101)
	at org.eclipse.jetty.io.ManagedSelector$SelectorProducer.select(ManagedSelector.java:375)
	at org.eclipse.jetty.io.ManagedSelector$SelectorProducer.produce(ManagedSelector.java:304)
	at org.eclipse.jetty.util.thread.strategy.EatWhatYouKill.doProduce(EatWhatYouKill.java:179)
	at org.eclipse.jetty.util.thread.strategy.EatWhatYouKill.produce(EatWhatYouKill.java:140)
	at org.eclipse.jetty.io.ManagedSelector$$Lambda$13/1871612052.run(Unknown Source)
	at winstone.BoundedExecutorService$1.run(BoundedExecutorService.java:77)
	at java.util.concurrent.ThreadPoolExecutor.runWorker(ThreadPoolExecutor.java:1149)
	at java.util.concurrent.ThreadPoolExecutor$Worker.run(ThreadPoolExecutor.java:624)
	at java.lang.Thread.run(Thread.java:748)

   Locked ownable synchronizers:
	- <0xfffffff880a84b30> (a java.util.concurrent.ThreadPoolExecutor$Worker)

"RequestHandlerThread[#27]" #57 daemon prio=5 os_prio=64 tid=0x000000010182e800 nid=0x68 runnable [0xffffffff093fe000]
   java.lang.Thread.State: RUNNABLE
	at sun.nio.ch.DevPollArrayWrapper.poll0(Native Method)
	at sun.nio.ch.DevPollArrayWrapper.poll(DevPollArrayWrapper.java:223)
	at sun.nio.ch.DevPollSelectorImpl.doSelect(DevPollSelectorImpl.java:98)
	at sun.nio.ch.SelectorImpl.lockAndDoSelect(SelectorImpl.java:86)
	- locked <0xfffffff880870dc0> (a sun.nio.ch.Util$3)
	- locked <0xfffffff880870db0> (a java.util.Collections$UnmodifiableSet)
	- locked <0xfffffff880870c88> (a sun.nio.ch.DevPollSelectorImpl)
	at sun.nio.ch.SelectorImpl.select(SelectorImpl.java:97)
	at sun.nio.ch.SelectorImpl.select(SelectorImpl.java:101)
	at org.eclipse.jetty.io.ManagedSelector$SelectorProducer.select(ManagedSelector.java:375)
	at org.eclipse.jetty.io.ManagedSelector$SelectorProducer.produce(ManagedSelector.java:304)
	at org.eclipse.jetty.util.thread.strategy.EatWhatYouKill.doProduce(EatWhatYouKill.java:179)
	at org.eclipse.jetty.util.thread.strategy.EatWhatYouKill.produce(EatWhatYouKill.java:140)
	at org.eclipse.jetty.io.ManagedSelector$$Lambda$13/1871612052.run(Unknown Source)
	at winstone.BoundedExecutorService$1.run(BoundedExecutorService.java:77)
	at java.util.concurrent.ThreadPoolExecutor.runWorker(ThreadPoolExecutor.java:1149)
	at java.util.concurrent.ThreadPoolExecutor$Worker.run(ThreadPoolExecutor.java:624)
	at java.lang.Thread.run(Thread.java:748)

   Locked ownable synchronizers:
	- <0xfffffff880a84df0> (a java.util.concurrent.ThreadPoolExecutor$Worker)

"RequestHandlerThread[#26]" #56 daemon prio=5 os_prio=64 tid=0x000000010181b800 nid=0x67 runnable [0xffffffff095fe000]
   java.lang.Thread.State: RUNNABLE
	at sun.nio.ch.DevPollArrayWrapper.poll0(Native Method)
	at sun.nio.ch.DevPollArrayWrapper.poll(DevPollArrayWrapper.java:223)
	at sun.nio.ch.DevPollSelectorImpl.doSelect(DevPollSelectorImpl.java:98)
	at sun.nio.ch.SelectorImpl.lockAndDoSelect(SelectorImpl.java:86)
	- locked <0xfffffff8808715e8> (a sun.nio.ch.Util$3)
	- locked <0xfffffff8808715d8> (a java.util.Collections$UnmodifiableSet)
	- locked <0xfffffff8808714b0> (a sun.nio.ch.DevPollSelectorImpl)
	at sun.nio.ch.SelectorImpl.select(SelectorImpl.java:97)
	at sun.nio.ch.SelectorImpl.select(SelectorImpl.java:101)
	at org.eclipse.jetty.io.ManagedSelector$SelectorProducer.select(ManagedSelector.java:375)
	at org.eclipse.jetty.io.ManagedSelector$SelectorProducer.produce(ManagedSelector.java:304)
	at org.eclipse.jetty.util.thread.strategy.EatWhatYouKill.doProduce(EatWhatYouKill.java:179)
	at org.eclipse.jetty.util.thread.strategy.EatWhatYouKill.produce(EatWhatYouKill.java:140)
	at org.eclipse.jetty.io.ManagedSelector$$Lambda$13/1871612052.run(Unknown Source)
	at winstone.BoundedExecutorService$1.run(BoundedExecutorService.java:77)
	at java.util.concurrent.ThreadPoolExecutor.runWorker(ThreadPoolExecutor.java:1149)
	at java.util.concurrent.ThreadPoolExecutor$Worker.run(ThreadPoolExecutor.java:624)
	at java.lang.Thread.run(Thread.java:748)

   Locked ownable synchronizers:
	- <0xfffffff880a850b0> (a java.util.concurrent.ThreadPoolExecutor$Worker)

"RequestHandlerThread[#25]" #55 daemon prio=5 os_prio=64 tid=0x0000000101807800 nid=0x66 runnable [0xffffffff097fe000]
   java.lang.Thread.State: RUNNABLE
	at sun.nio.ch.DevPollArrayWrapper.poll0(Native Method)
	at sun.nio.ch.DevPollArrayWrapper.poll(DevPollArrayWrapper.java:223)
	at sun.nio.ch.DevPollSelectorImpl.doSelect(DevPollSelectorImpl.java:98)
	at sun.nio.ch.SelectorImpl.lockAndDoSelect(SelectorImpl.java:86)
	- locked <0xfffffff880871e10> (a sun.nio.ch.Util$3)
	- locked <0xfffffff880871e00> (a java.util.Collections$UnmodifiableSet)
	- locked <0xfffffff880871cd8> (a sun.nio.ch.DevPollSelectorImpl)
	at sun.nio.ch.SelectorImpl.select(SelectorImpl.java:97)
	at sun.nio.ch.SelectorImpl.select(SelectorImpl.java:101)
	at org.eclipse.jetty.io.ManagedSelector$SelectorProducer.select(ManagedSelector.java:375)
	at org.eclipse.jetty.io.ManagedSelector$SelectorProducer.produce(ManagedSelector.java:304)
	at org.eclipse.jetty.util.thread.strategy.EatWhatYouKill.doProduce(EatWhatYouKill.java:179)
	at org.eclipse.jetty.util.thread.strategy.EatWhatYouKill.produce(EatWhatYouKill.java:140)
	at org.eclipse.jetty.io.ManagedSelector$$Lambda$13/1871612052.run(Unknown Source)
	at winstone.BoundedExecutorService$1.run(BoundedExecutorService.java:77)
	at java.util.concurrent.ThreadPoolExecutor.runWorker(ThreadPoolExecutor.java:1149)
	at java.util.concurrent.ThreadPoolExecutor$Worker.run(ThreadPoolExecutor.java:624)
	at java.lang.Thread.run(Thread.java:748)

   Locked ownable synchronizers:
	- <0xfffffff880a85370> (a java.util.concurrent.ThreadPoolExecutor$Worker)

"RequestHandlerThread[#24]" #54 daemon prio=5 os_prio=64 tid=0x00000001017f4800 nid=0x65 runnable [0xffffffff099fe000]
   java.lang.Thread.State: RUNNABLE
	at sun.nio.ch.DevPollArrayWrapper.poll0(Native Method)
	at sun.nio.ch.DevPollArrayWrapper.poll(DevPollArrayWrapper.java:223)
	at sun.nio.ch.DevPollSelectorImpl.doSelect(DevPollSelectorImpl.java:98)
	at sun.nio.ch.SelectorImpl.lockAndDoSelect(SelectorImpl.java:86)
	- locked <0xfffffff880872638> (a sun.nio.ch.Util$3)
	- locked <0xfffffff880872628> (a java.util.Collections$UnmodifiableSet)
	- locked <0xfffffff880872500> (a sun.nio.ch.DevPollSelectorImpl)
	at sun.nio.ch.SelectorImpl.select(SelectorImpl.java:97)
	at sun.nio.ch.SelectorImpl.select(SelectorImpl.java:101)
	at org.eclipse.jetty.io.ManagedSelector$SelectorProducer.select(ManagedSelector.java:375)
	at org.eclipse.jetty.io.ManagedSelector$SelectorProducer.produce(ManagedSelector.java:304)
	at org.eclipse.jetty.util.thread.strategy.EatWhatYouKill.doProduce(EatWhatYouKill.java:179)
	at org.eclipse.jetty.util.thread.strategy.EatWhatYouKill.produce(EatWhatYouKill.java:140)
	at org.eclipse.jetty.io.ManagedSelector$$Lambda$13/1871612052.run(Unknown Source)
	at winstone.BoundedExecutorService$1.run(BoundedExecutorService.java:77)
	at java.util.concurrent.ThreadPoolExecutor.runWorker(ThreadPoolExecutor.java:1149)
	at java.util.concurrent.ThreadPoolExecutor$Worker.run(ThreadPoolExecutor.java:624)
	at java.lang.Thread.run(Thread.java:748)

   Locked ownable synchronizers:
	- <0xfffffff880a85630> (a java.util.concurrent.ThreadPoolExecutor$Worker)

"RequestHandlerThread[#23]" #53 daemon prio=5 os_prio=64 tid=0x00000001017ca000 nid=0x64 runnable [0xffffffff09bfe000]
   java.lang.Thread.State: RUNNABLE
	at sun.nio.ch.DevPollArrayWrapper.poll0(Native Method)
	at sun.nio.ch.DevPollArrayWrapper.poll(DevPollArrayWrapper.java:223)
	at sun.nio.ch.DevPollSelectorImpl.doSelect(DevPollSelectorImpl.java:98)
	at sun.nio.ch.SelectorImpl.lockAndDoSelect(SelectorImpl.java:86)
	- locked <0xfffffff880872e60> (a sun.nio.ch.Util$3)
	- locked <0xfffffff880872e50> (a java.util.Collections$UnmodifiableSet)
	- locked <0xfffffff880872d28> (a sun.nio.ch.DevPollSelectorImpl)
	at sun.nio.ch.SelectorImpl.select(SelectorImpl.java:97)
	at sun.nio.ch.SelectorImpl.select(SelectorImpl.java:101)
	at org.eclipse.jetty.io.ManagedSelector$SelectorProducer.select(ManagedSelector.java:375)
	at org.eclipse.jetty.io.ManagedSelector$SelectorProducer.produce(ManagedSelector.java:304)
	at org.eclipse.jetty.util.thread.strategy.EatWhatYouKill.doProduce(EatWhatYouKill.java:179)
	at org.eclipse.jetty.util.thread.strategy.EatWhatYouKill.produce(EatWhatYouKill.java:140)
	at org.eclipse.jetty.io.ManagedSelector$$Lambda$13/1871612052.run(Unknown Source)
	at winstone.BoundedExecutorService$1.run(BoundedExecutorService.java:77)
	at java.util.concurrent.ThreadPoolExecutor.runWorker(ThreadPoolExecutor.java:1149)
	at java.util.concurrent.ThreadPoolExecutor$Worker.run(ThreadPoolExecutor.java:624)
	at java.lang.Thread.run(Thread.java:748)

   Locked ownable synchronizers:
	- <0xfffffff880a858f0> (a java.util.concurrent.ThreadPoolExecutor$Worker)

"RequestHandlerThread[#22]" #52 daemon prio=5 os_prio=64 tid=0x00000001017c8000 nid=0x63 runnable [0xffffffff09dfe000]
   java.lang.Thread.State: RUNNABLE
	at sun.nio.ch.DevPollArrayWrapper.poll0(Native Method)
	at sun.nio.ch.DevPollArrayWrapper.poll(DevPollArrayWrapper.java:223)
	at sun.nio.ch.DevPollSelectorImpl.doSelect(DevPollSelectorImpl.java:98)
	at sun.nio.ch.SelectorImpl.lockAndDoSelect(SelectorImpl.java:86)
	- locked <0xfffffff880873688> (a sun.nio.ch.Util$3)
	- locked <0xfffffff880873678> (a java.util.Collections$UnmodifiableSet)
	- locked <0xfffffff880873550> (a sun.nio.ch.DevPollSelectorImpl)
	at sun.nio.ch.SelectorImpl.select(SelectorImpl.java:97)
	at sun.nio.ch.SelectorImpl.select(SelectorImpl.java:101)
	at org.eclipse.jetty.io.ManagedSelector$SelectorProducer.select(ManagedSelector.java:375)
	at org.eclipse.jetty.io.ManagedSelector$SelectorProducer.produce(ManagedSelector.java:304)
	at org.eclipse.jetty.util.thread.strategy.EatWhatYouKill.doProduce(EatWhatYouKill.java:179)
	at org.eclipse.jetty.util.thread.strategy.EatWhatYouKill.produce(EatWhatYouKill.java:140)
	at org.eclipse.jetty.io.ManagedSelector$$Lambda$13/1871612052.run(Unknown Source)
	at winstone.BoundedExecutorService$1.run(BoundedExecutorService.java:77)
	at java.util.concurrent.ThreadPoolExecutor.runWorker(ThreadPoolExecutor.java:1149)
	at java.util.concurrent.ThreadPoolExecutor$Worker.run(ThreadPoolExecutor.java:624)
	at java.lang.Thread.run(Thread.java:748)

   Locked ownable synchronizers:
	- <0xfffffff880a85bb0> (a java.util.concurrent.ThreadPoolExecutor$Worker)

"RequestHandlerThread[#21]" #51 daemon prio=5 os_prio=64 tid=0x00000001017b4800 nid=0x62 runnable [0xffffffff09ffe000]
   java.lang.Thread.State: RUNNABLE
	at sun.nio.ch.DevPollArrayWrapper.poll0(Native Method)
	at sun.nio.ch.DevPollArrayWrapper.poll(DevPollArrayWrapper.java:223)
	at sun.nio.ch.DevPollSelectorImpl.doSelect(DevPollSelectorImpl.java:98)
	at sun.nio.ch.SelectorImpl.lockAndDoSelect(SelectorImpl.java:86)
	- locked <0xfffffff880873eb0> (a sun.nio.ch.Util$3)
	- locked <0xfffffff880873ea0> (a java.util.Collections$UnmodifiableSet)
	- locked <0xfffffff880873d78> (a sun.nio.ch.DevPollSelectorImpl)
	at sun.nio.ch.SelectorImpl.select(SelectorImpl.java:97)
	at sun.nio.ch.SelectorImpl.select(SelectorImpl.java:101)
	at org.eclipse.jetty.io.ManagedSelector$SelectorProducer.select(ManagedSelector.java:375)
	at org.eclipse.jetty.io.ManagedSelector$SelectorProducer.produce(ManagedSelector.java:304)
	at org.eclipse.jetty.util.thread.strategy.EatWhatYouKill.doProduce(EatWhatYouKill.java:179)
	at org.eclipse.jetty.util.thread.strategy.EatWhatYouKill.produce(EatWhatYouKill.java:140)
	at org.eclipse.jetty.io.ManagedSelector$$Lambda$13/1871612052.run(Unknown Source)
	at winstone.BoundedExecutorService$1.run(BoundedExecutorService.java:77)
	at java.util.concurrent.ThreadPoolExecutor.runWorker(ThreadPoolExecutor.java:1149)
	at java.util.concurrent.ThreadPoolExecutor$Worker.run(ThreadPoolExecutor.java:624)
	at java.lang.Thread.run(Thread.java:748)

   Locked ownable synchronizers:
	- <0xfffffff880a85e70> (a java.util.concurrent.ThreadPoolExecutor$Worker)

"RequestHandlerThread[#20]" #50 daemon prio=5 os_prio=64 tid=0x00000001017a0800 nid=0x61 runnable [0xffffffff0a1fe000]
   java.lang.Thread.State: RUNNABLE
	at sun.nio.ch.DevPollArrayWrapper.poll0(Native Method)
	at sun.nio.ch.DevPollArrayWrapper.poll(DevPollArrayWrapper.java:223)
	at sun.nio.ch.DevPollSelectorImpl.doSelect(DevPollSelectorImpl.java:98)
	at sun.nio.ch.SelectorImpl.lockAndDoSelect(SelectorImpl.java:86)
	- locked <0xfffffff8808746d8> (a sun.nio.ch.Util$3)
	- locked <0xfffffff8808746c8> (a java.util.Collections$UnmodifiableSet)
	- locked <0xfffffff8808745a0> (a sun.nio.ch.DevPollSelectorImpl)
	at sun.nio.ch.SelectorImpl.select(SelectorImpl.java:97)
	at sun.nio.ch.SelectorImpl.select(SelectorImpl.java:101)
	at org.eclipse.jetty.io.ManagedSelector$SelectorProducer.select(ManagedSelector.java:375)
	at org.eclipse.jetty.io.ManagedSelector$SelectorProducer.produce(ManagedSelector.java:304)
	at org.eclipse.jetty.util.thread.strategy.EatWhatYouKill.doProduce(EatWhatYouKill.java:179)
	at org.eclipse.jetty.util.thread.strategy.EatWhatYouKill.produce(EatWhatYouKill.java:140)
	at org.eclipse.jetty.io.ManagedSelector$$Lambda$13/1871612052.run(Unknown Source)
	at winstone.BoundedExecutorService$1.run(BoundedExecutorService.java:77)
	at java.util.concurrent.ThreadPoolExecutor.runWorker(ThreadPoolExecutor.java:1149)
	at java.util.concurrent.ThreadPoolExecutor$Worker.run(ThreadPoolExecutor.java:624)
	at java.lang.Thread.run(Thread.java:748)

   Locked ownable synchronizers:
	- <0xfffffff880a86130> (a java.util.concurrent.ThreadPoolExecutor$Worker)

"RequestHandlerThread[#19]" #49 daemon prio=5 os_prio=64 tid=0x000000010178d800 nid=0x60 runnable [0xffffffff0a3fe000]
   java.lang.Thread.State: RUNNABLE
	at sun.nio.ch.DevPollArrayWrapper.poll0(Native Method)
	at sun.nio.ch.DevPollArrayWrapper.poll(DevPollArrayWrapper.java:223)
	at sun.nio.ch.DevPollSelectorImpl.doSelect(DevPollSelectorImpl.java:98)
	at sun.nio.ch.SelectorImpl.lockAndDoSelect(SelectorImpl.java:86)
	- locked <0xfffffff880874f00> (a sun.nio.ch.Util$3)
	- locked <0xfffffff880874ef0> (a java.util.Collections$UnmodifiableSet)
	- locked <0xfffffff880874dc8> (a sun.nio.ch.DevPollSelectorImpl)
	at sun.nio.ch.SelectorImpl.select(SelectorImpl.java:97)
	at sun.nio.ch.SelectorImpl.select(SelectorImpl.java:101)
	at org.eclipse.jetty.io.ManagedSelector$SelectorProducer.select(ManagedSelector.java:375)
	at org.eclipse.jetty.io.ManagedSelector$SelectorProducer.produce(ManagedSelector.java:304)
	at org.eclipse.jetty.util.thread.strategy.EatWhatYouKill.doProduce(EatWhatYouKill.java:179)
	at org.eclipse.jetty.util.thread.strategy.EatWhatYouKill.produce(EatWhatYouKill.java:140)
	at org.eclipse.jetty.io.ManagedSelector$$Lambda$13/1871612052.run(Unknown Source)
	at winstone.BoundedExecutorService$1.run(BoundedExecutorService.java:77)
	at java.util.concurrent.ThreadPoolExecutor.runWorker(ThreadPoolExecutor.java:1149)
	at java.util.concurrent.ThreadPoolExecutor$Worker.run(ThreadPoolExecutor.java:624)
	at java.lang.Thread.run(Thread.java:748)

   Locked ownable synchronizers:
	- <0xfffffff880a863f0> (a java.util.concurrent.ThreadPoolExecutor$Worker)

"RequestHandlerThread[#18]" #48 daemon prio=5 os_prio=64 tid=0x0000000101750800 nid=0x5f runnable [0xffffffff0a5fe000]
   java.lang.Thread.State: RUNNABLE
	at sun.nio.ch.DevPollArrayWrapper.poll0(Native Method)
	at sun.nio.ch.DevPollArrayWrapper.poll(DevPollArrayWrapper.java:223)
	at sun.nio.ch.DevPollSelectorImpl.doSelect(DevPollSelectorImpl.java:98)
	at sun.nio.ch.SelectorImpl.lockAndDoSelect(SelectorImpl.java:86)
	- locked <0xfffffff880875728> (a sun.nio.ch.Util$3)
	- locked <0xfffffff880875718> (a java.util.Collections$UnmodifiableSet)
	- locked <0xfffffff8808755f0> (a sun.nio.ch.DevPollSelectorImpl)
	at sun.nio.ch.SelectorImpl.select(SelectorImpl.java:97)
	at sun.nio.ch.SelectorImpl.select(SelectorImpl.java:101)
	at org.eclipse.jetty.io.ManagedSelector$SelectorProducer.select(ManagedSelector.java:375)
	at org.eclipse.jetty.io.ManagedSelector$SelectorProducer.produce(ManagedSelector.java:304)
	at org.eclipse.jetty.util.thread.strategy.EatWhatYouKill.doProduce(EatWhatYouKill.java:179)
	at org.eclipse.jetty.util.thread.strategy.EatWhatYouKill.produce(EatWhatYouKill.java:140)
	at org.eclipse.jetty.io.ManagedSelector$$Lambda$13/1871612052.run(Unknown Source)
	at winstone.BoundedExecutorService$1.run(BoundedExecutorService.java:77)
	at java.util.concurrent.ThreadPoolExecutor.runWorker(ThreadPoolExecutor.java:1149)
	at java.util.concurrent.ThreadPoolExecutor$Worker.run(ThreadPoolExecutor.java:624)
	at java.lang.Thread.run(Thread.java:748)

   Locked ownable synchronizers:
	- <0xfffffff880a866b0> (a java.util.concurrent.ThreadPoolExecutor$Worker)

"RequestHandlerThread[#17]" #47 daemon prio=5 os_prio=64 tid=0x0000000101763800 nid=0x5e runnable [0xffffffff0a7fe000]
   java.lang.Thread.State: RUNNABLE
	at sun.nio.ch.DevPollArrayWrapper.poll0(Native Method)
	at sun.nio.ch.DevPollArrayWrapper.poll(DevPollArrayWrapper.java:223)
	at sun.nio.ch.DevPollSelectorImpl.doSelect(DevPollSelectorImpl.java:98)
	at sun.nio.ch.SelectorImpl.lockAndDoSelect(SelectorImpl.java:86)
	- locked <0xfffffff880875f50> (a sun.nio.ch.Util$3)
	- locked <0xfffffff880875f40> (a java.util.Collections$UnmodifiableSet)
	- locked <0xfffffff880875e18> (a sun.nio.ch.DevPollSelectorImpl)
	at sun.nio.ch.SelectorImpl.select(SelectorImpl.java:97)
	at sun.nio.ch.SelectorImpl.select(SelectorImpl.java:101)
	at org.eclipse.jetty.io.ManagedSelector$SelectorProducer.select(ManagedSelector.java:375)
	at org.eclipse.jetty.io.ManagedSelector$SelectorProducer.produce(ManagedSelector.java:304)
	at org.eclipse.jetty.util.thread.strategy.EatWhatYouKill.doProduce(EatWhatYouKill.java:179)
	at org.eclipse.jetty.util.thread.strategy.EatWhatYouKill.produce(EatWhatYouKill.java:140)
	at org.eclipse.jetty.io.ManagedSelector$$Lambda$13/1871612052.run(Unknown Source)
	at winstone.BoundedExecutorService$1.run(BoundedExecutorService.java:77)
	at java.util.concurrent.ThreadPoolExecutor.runWorker(ThreadPoolExecutor.java:1149)
	at java.util.concurrent.ThreadPoolExecutor$Worker.run(ThreadPoolExecutor.java:624)
	at java.lang.Thread.run(Thread.java:748)

   Locked ownable synchronizers:
	- <0xfffffff880a86970> (a java.util.concurrent.ThreadPoolExecutor$Worker)

"RequestHandlerThread[#16]" #46 daemon prio=5 os_prio=64 tid=0x000000010174f000 nid=0x5d runnable [0xffffffff0a9fe000]
   java.lang.Thread.State: RUNNABLE
	at sun.nio.ch.DevPollArrayWrapper.poll0(Native Method)
	at sun.nio.ch.DevPollArrayWrapper.poll(DevPollArrayWrapper.java:223)
	at sun.nio.ch.DevPollSelectorImpl.doSelect(DevPollSelectorImpl.java:98)
	at sun.nio.ch.SelectorImpl.lockAndDoSelect(SelectorImpl.java:86)
	- locked <0xfffffff880876778> (a sun.nio.ch.Util$3)
	- locked <0xfffffff880876768> (a java.util.Collections$UnmodifiableSet)
	- locked <0xfffffff880876640> (a sun.nio.ch.DevPollSelectorImpl)
	at sun.nio.ch.SelectorImpl.select(SelectorImpl.java:97)
	at sun.nio.ch.SelectorImpl.select(SelectorImpl.java:101)
	at org.eclipse.jetty.io.ManagedSelector$SelectorProducer.select(ManagedSelector.java:375)
	at org.eclipse.jetty.io.ManagedSelector$SelectorProducer.produce(ManagedSelector.java:304)
	at org.eclipse.jetty.util.thread.strategy.EatWhatYouKill.doProduce(EatWhatYouKill.java:179)
	at org.eclipse.jetty.util.thread.strategy.EatWhatYouKill.produce(EatWhatYouKill.java:140)
	at org.eclipse.jetty.io.ManagedSelector$$Lambda$13/1871612052.run(Unknown Source)
	at winstone.BoundedExecutorService$1.run(BoundedExecutorService.java:77)
	at java.util.concurrent.ThreadPoolExecutor.runWorker(ThreadPoolExecutor.java:1149)
	at java.util.concurrent.ThreadPoolExecutor$Worker.run(ThreadPoolExecutor.java:624)
	at java.lang.Thread.run(Thread.java:748)

   Locked ownable synchronizers:
	- <0xfffffff880a86c30> (a java.util.concurrent.ThreadPoolExecutor$Worker)

"RequestHandlerThread[#15]" #45 daemon prio=5 os_prio=64 tid=0x0000000101729800 nid=0x5c runnable [0xffffffff0abfe000]
   java.lang.Thread.State: RUNNABLE
	at sun.nio.ch.DevPollArrayWrapper.poll0(Native Method)
	at sun.nio.ch.DevPollArrayWrapper.poll(DevPollArrayWrapper.java:223)
	at sun.nio.ch.DevPollSelectorImpl.doSelect(DevPollSelectorImpl.java:98)
	at sun.nio.ch.SelectorImpl.lockAndDoSelect(SelectorImpl.java:86)
	- locked <0xfffffff880876fa0> (a sun.nio.ch.Util$3)
	- locked <0xfffffff880876f90> (a java.util.Collections$UnmodifiableSet)
	- locked <0xfffffff880876e68> (a sun.nio.ch.DevPollSelectorImpl)
	at sun.nio.ch.SelectorImpl.select(SelectorImpl.java:97)
	at sun.nio.ch.SelectorImpl.select(SelectorImpl.java:101)
	at org.eclipse.jetty.io.ManagedSelector$SelectorProducer.select(ManagedSelector.java:375)
	at org.eclipse.jetty.io.ManagedSelector$SelectorProducer.produce(ManagedSelector.java:304)
	at org.eclipse.jetty.util.thread.strategy.EatWhatYouKill.doProduce(EatWhatYouKill.java:179)
	at org.eclipse.jetty.util.thread.strategy.EatWhatYouKill.produce(EatWhatYouKill.java:140)
	at org.eclipse.jetty.io.ManagedSelector$$Lambda$13/1871612052.run(Unknown Source)
	at winstone.BoundedExecutorService$1.run(BoundedExecutorService.java:77)
	at java.util.concurrent.ThreadPoolExecutor.runWorker(ThreadPoolExecutor.java:1149)
	at java.util.concurrent.ThreadPoolExecutor$Worker.run(ThreadPoolExecutor.java:624)
	at java.lang.Thread.run(Thread.java:748)

   Locked ownable synchronizers:
	- <0xfffffff880a86ef0> (a java.util.concurrent.ThreadPoolExecutor$Worker)

"RequestHandlerThread[#14]" #44 daemon prio=5 os_prio=64 tid=0x0000000101728000 nid=0x5b runnable [0xffffffff0adfe000]
   java.lang.Thread.State: RUNNABLE
	at sun.nio.ch.DevPollArrayWrapper.poll0(Native Method)
	at sun.nio.ch.DevPollArrayWrapper.poll(DevPollArrayWrapper.java:223)
	at sun.nio.ch.DevPollSelectorImpl.doSelect(DevPollSelectorImpl.java:98)
	at sun.nio.ch.SelectorImpl.lockAndDoSelect(SelectorImpl.java:86)
	- locked <0xfffffff8808777c8> (a sun.nio.ch.Util$3)
	- locked <0xfffffff8808777b8> (a java.util.Collections$UnmodifiableSet)
	- locked <0xfffffff880877690> (a sun.nio.ch.DevPollSelectorImpl)
	at sun.nio.ch.SelectorImpl.select(SelectorImpl.java:97)
	at sun.nio.ch.SelectorImpl.select(SelectorImpl.java:101)
	at org.eclipse.jetty.io.ManagedSelector$SelectorProducer.select(ManagedSelector.java:375)
	at org.eclipse.jetty.io.ManagedSelector$SelectorProducer.produce(ManagedSelector.java:304)
	at org.eclipse.jetty.util.thread.strategy.EatWhatYouKill.doProduce(EatWhatYouKill.java:179)
	at org.eclipse.jetty.util.thread.strategy.EatWhatYouKill.produce(EatWhatYouKill.java:140)
	at org.eclipse.jetty.io.ManagedSelector$$Lambda$13/1871612052.run(Unknown Source)
	at winstone.BoundedExecutorService$1.run(BoundedExecutorService.java:77)
	at java.util.concurrent.ThreadPoolExecutor.runWorker(ThreadPoolExecutor.java:1149)
	at java.util.concurrent.ThreadPoolExecutor$Worker.run(ThreadPoolExecutor.java:624)
	at java.lang.Thread.run(Thread.java:748)

   Locked ownable synchronizers:
	- <0xfffffff880a871b0> (a java.util.concurrent.ThreadPoolExecutor$Worker)

"RequestHandlerThread[#13]" #43 daemon prio=5 os_prio=64 tid=0x00000001016da800 nid=0x5a runnable [0xffffffff0affe000]
   java.lang.Thread.State: RUNNABLE
	at sun.nio.ch.DevPollArrayWrapper.poll0(Native Method)
	at sun.nio.ch.DevPollArrayWrapper.poll(DevPollArrayWrapper.java:223)
	at sun.nio.ch.DevPollSelectorImpl.doSelect(DevPollSelectorImpl.java:98)
	at sun.nio.ch.SelectorImpl.lockAndDoSelect(SelectorImpl.java:86)
	- locked <0xfffffff88099ff48> (a sun.nio.ch.Util$3)
	- locked <0xfffffff88099ff38> (a java.util.Collections$UnmodifiableSet)
	- locked <0xfffffff880877eb8> (a sun.nio.ch.DevPollSelectorImpl)
	at sun.nio.ch.SelectorImpl.select(SelectorImpl.java:97)
	at sun.nio.ch.SelectorImpl.select(SelectorImpl.java:101)
	at org.eclipse.jetty.io.ManagedSelector$SelectorProducer.select(ManagedSelector.java:375)
	at org.eclipse.jetty.io.ManagedSelector$SelectorProducer.produce(ManagedSelector.java:304)
	at org.eclipse.jetty.util.thread.strategy.EatWhatYouKill.doProduce(EatWhatYouKill.java:179)
	at org.eclipse.jetty.util.thread.strategy.EatWhatYouKill.produce(EatWhatYouKill.java:140)
	at org.eclipse.jetty.io.ManagedSelector$$Lambda$13/1871612052.run(Unknown Source)
	at winstone.BoundedExecutorService$1.run(BoundedExecutorService.java:77)
	at java.util.concurrent.ThreadPoolExecutor.runWorker(ThreadPoolExecutor.java:1149)
	at java.util.concurrent.ThreadPoolExecutor$Worker.run(ThreadPoolExecutor.java:624)
	at java.lang.Thread.run(Thread.java:748)

   Locked ownable synchronizers:
	- <0xfffffff880a87470> (a java.util.concurrent.ThreadPoolExecutor$Worker)

"RequestHandlerThread[#12]" #42 daemon prio=5 os_prio=64 tid=0x00000001016f0800 nid=0x59 runnable [0xffffffff0b1fe000]
   java.lang.Thread.State: RUNNABLE
	at sun.nio.ch.DevPollArrayWrapper.poll0(Native Method)
	at sun.nio.ch.DevPollArrayWrapper.poll(DevPollArrayWrapper.java:223)
	at sun.nio.ch.DevPollSelectorImpl.doSelect(DevPollSelectorImpl.java:98)
	at sun.nio.ch.SelectorImpl.lockAndDoSelect(SelectorImpl.java:86)
	- locked <0xfffffff8809a0770> (a sun.nio.ch.Util$3)
	- locked <0xfffffff8809a0760> (a java.util.Collections$UnmodifiableSet)
	- locked <0xfffffff8809a0638> (a sun.nio.ch.DevPollSelectorImpl)
	at sun.nio.ch.SelectorImpl.select(SelectorImpl.java:97)
	at sun.nio.ch.SelectorImpl.select(SelectorImpl.java:101)
	at org.eclipse.jetty.io.ManagedSelector$SelectorProducer.select(ManagedSelector.java:375)
	at org.eclipse.jetty.io.ManagedSelector$SelectorProducer.produce(ManagedSelector.java:304)
	at org.eclipse.jetty.util.thread.strategy.EatWhatYouKill.doProduce(EatWhatYouKill.java:179)
	at org.eclipse.jetty.util.thread.strategy.EatWhatYouKill.produce(EatWhatYouKill.java:140)
	at org.eclipse.jetty.io.ManagedSelector$$Lambda$13/1871612052.run(Unknown Source)
	at winstone.BoundedExecutorService$1.run(BoundedExecutorService.java:77)
	at java.util.concurrent.ThreadPoolExecutor.runWorker(ThreadPoolExecutor.java:1149)
	at java.util.concurrent.ThreadPoolExecutor$Worker.run(ThreadPoolExecutor.java:624)
	at java.lang.Thread.run(Thread.java:748)

   Locked ownable synchronizers:
	- <0xfffffff880a87730> (a java.util.concurrent.ThreadPoolExecutor$Worker)

"RequestHandlerThread[#11]" #41 daemon prio=5 os_prio=64 tid=0x00000001016ee800 nid=0x58 runnable [0xffffffff0b3fe000]
   java.lang.Thread.State: RUNNABLE
	at sun.nio.ch.DevPollArrayWrapper.poll0(Native Method)
	at sun.nio.ch.DevPollArrayWrapper.poll(DevPollArrayWrapper.java:223)
	at sun.nio.ch.DevPollSelectorImpl.doSelect(DevPollSelectorImpl.java:98)
	at sun.nio.ch.SelectorImpl.lockAndDoSelect(SelectorImpl.java:86)
	- locked <0xfffffff8809a0f98> (a sun.nio.ch.Util$3)
	- locked <0xfffffff8809a0f88> (a java.util.Collections$UnmodifiableSet)
	- locked <0xfffffff8809a0e60> (a sun.nio.ch.DevPollSelectorImpl)
	at sun.nio.ch.SelectorImpl.select(SelectorImpl.java:97)
	at sun.nio.ch.SelectorImpl.select(SelectorImpl.java:101)
	at org.eclipse.jetty.io.ManagedSelector$SelectorProducer.select(ManagedSelector.java:375)
	at org.eclipse.jetty.io.ManagedSelector$SelectorProducer.produce(ManagedSelector.java:304)
	at org.eclipse.jetty.util.thread.strategy.EatWhatYouKill.doProduce(EatWhatYouKill.java:179)
	at org.eclipse.jetty.util.thread.strategy.EatWhatYouKill.produce(EatWhatYouKill.java:140)
	at org.eclipse.jetty.io.ManagedSelector$$Lambda$13/1871612052.run(Unknown Source)
	at winstone.BoundedExecutorService$1.run(BoundedExecutorService.java:77)
	at java.util.concurrent.ThreadPoolExecutor.runWorker(ThreadPoolExecutor.java:1149)
	at java.util.concurrent.ThreadPoolExecutor$Worker.run(ThreadPoolExecutor.java:624)
	at java.lang.Thread.run(Thread.java:748)

   Locked ownable synchronizers:
	- <0xfffffff880a55e98> (a java.util.concurrent.ThreadPoolExecutor$Worker)

"RequestHandlerThread[#10]" #40 daemon prio=5 os_prio=64 tid=0x00000001016d6800 nid=0x57 runnable [0xffffffff0b5fe000]
   java.lang.Thread.State: RUNNABLE
	at sun.nio.ch.DevPollArrayWrapper.poll0(Native Method)
	at sun.nio.ch.DevPollArrayWrapper.poll(DevPollArrayWrapper.java:223)
	at sun.nio.ch.DevPollSelectorImpl.doSelect(DevPollSelectorImpl.java:98)
	at sun.nio.ch.SelectorImpl.lockAndDoSelect(SelectorImpl.java:86)
	- locked <0xfffffff8809a17c0> (a sun.nio.ch.Util$3)
	- locked <0xfffffff8809a17b0> (a java.util.Collections$UnmodifiableSet)
	- locked <0xfffffff8809a1688> (a sun.nio.ch.DevPollSelectorImpl)
	at sun.nio.ch.SelectorImpl.select(SelectorImpl.java:97)
	at sun.nio.ch.SelectorImpl.select(SelectorImpl.java:101)
	at org.eclipse.jetty.io.ManagedSelector$SelectorProducer.select(ManagedSelector.java:375)
	at org.eclipse.jetty.io.ManagedSelector$SelectorProducer.produce(ManagedSelector.java:304)
	at org.eclipse.jetty.util.thread.strategy.EatWhatYouKill.doProduce(EatWhatYouKill.java:179)
	at org.eclipse.jetty.util.thread.strategy.EatWhatYouKill.produce(EatWhatYouKill.java:140)
	at org.eclipse.jetty.io.ManagedSelector$$Lambda$13/1871612052.run(Unknown Source)
	at winstone.BoundedExecutorService$1.run(BoundedExecutorService.java:77)
	at java.util.concurrent.ThreadPoolExecutor.runWorker(ThreadPoolExecutor.java:1149)
	at java.util.concurrent.ThreadPoolExecutor$Worker.run(ThreadPoolExecutor.java:624)
	at java.lang.Thread.run(Thread.java:748)

   Locked ownable synchronizers:
	- <0xfffffff8809a67d0> (a java.util.concurrent.ThreadPoolExecutor$Worker)

"RequestHandlerThread[#9]" #39 daemon prio=5 os_prio=64 tid=0x00000001016c3800 nid=0x56 runnable [0xffffffff0b7fe000]
   java.lang.Thread.State: RUNNABLE
	at sun.nio.ch.DevPollArrayWrapper.poll0(Native Method)
	at sun.nio.ch.DevPollArrayWrapper.poll(DevPollArrayWrapper.java:223)
	at sun.nio.ch.DevPollSelectorImpl.doSelect(DevPollSelectorImpl.java:98)
	at sun.nio.ch.SelectorImpl.lockAndDoSelect(SelectorImpl.java:86)
	- locked <0xfffffff8809a1fe8> (a sun.nio.ch.Util$3)
	- locked <0xfffffff8809a1fd8> (a java.util.Collections$UnmodifiableSet)
	- locked <0xfffffff8809a1eb0> (a sun.nio.ch.DevPollSelectorImpl)
	at sun.nio.ch.SelectorImpl.select(SelectorImpl.java:97)
	at sun.nio.ch.SelectorImpl.select(SelectorImpl.java:101)
	at org.eclipse.jetty.io.ManagedSelector$SelectorProducer.select(ManagedSelector.java:375)
	at org.eclipse.jetty.io.ManagedSelector$SelectorProducer.produce(ManagedSelector.java:304)
	at org.eclipse.jetty.util.thread.strategy.EatWhatYouKill.doProduce(EatWhatYouKill.java:179)
	at org.eclipse.jetty.util.thread.strategy.EatWhatYouKill.produce(EatWhatYouKill.java:140)
	at org.eclipse.jetty.io.ManagedSelector$$Lambda$13/1871612052.run(Unknown Source)
	at winstone.BoundedExecutorService$1.run(BoundedExecutorService.java:77)
	at java.util.concurrent.ThreadPoolExecutor.runWorker(ThreadPoolExecutor.java:1149)
	at java.util.concurrent.ThreadPoolExecutor$Worker.run(ThreadPoolExecutor.java:624)
	at java.lang.Thread.run(Thread.java:748)

   Locked ownable synchronizers:
	- <0xfffffff8809a63c8> (a java.util.concurrent.ThreadPoolExecutor$Worker)

"RequestHandlerThread[#8]" #38 daemon prio=5 os_prio=64 tid=0x000000010168a800 nid=0x55 runnable [0xffffffff0b9fe000]
   java.lang.Thread.State: RUNNABLE
	at sun.nio.ch.DevPollArrayWrapper.poll0(Native Method)
	at sun.nio.ch.DevPollArrayWrapper.poll(DevPollArrayWrapper.java:223)
	at sun.nio.ch.DevPollSelectorImpl.doSelect(DevPollSelectorImpl.java:98)
	at sun.nio.ch.SelectorImpl.lockAndDoSelect(SelectorImpl.java:86)
	- locked <0xfffffff8809a2810> (a sun.nio.ch.Util$3)
	- locked <0xfffffff8809a2800> (a java.util.Collections$UnmodifiableSet)
	- locked <0xfffffff8809a26d8> (a sun.nio.ch.DevPollSelectorImpl)
	at sun.nio.ch.SelectorImpl.select(SelectorImpl.java:97)
	at sun.nio.ch.SelectorImpl.select(SelectorImpl.java:101)
	at org.eclipse.jetty.io.ManagedSelector$SelectorProducer.select(ManagedSelector.java:375)
	at org.eclipse.jetty.io.ManagedSelector$SelectorProducer.produce(ManagedSelector.java:304)
	at org.eclipse.jetty.util.thread.strategy.EatWhatYouKill.doProduce(EatWhatYouKill.java:179)
	at org.eclipse.jetty.util.thread.strategy.EatWhatYouKill.produce(EatWhatYouKill.java:140)
	at org.eclipse.jetty.io.ManagedSelector$$Lambda$13/1871612052.run(Unknown Source)
	at winstone.BoundedExecutorService$1.run(BoundedExecutorService.java:77)
	at java.util.concurrent.ThreadPoolExecutor.runWorker(ThreadPoolExecutor.java:1149)
	at java.util.concurrent.ThreadPoolExecutor$Worker.run(ThreadPoolExecutor.java:624)
	at java.lang.Thread.run(Thread.java:748)

   Locked ownable synchronizers:
	- <0xfffffff880a554a8> (a java.util.concurrent.ThreadPoolExecutor$Worker)

"RequestHandlerThread[#7]" #37 daemon prio=5 os_prio=64 tid=0x0000000101689000 nid=0x54 runnable [0xffffffff0bbfe000]
   java.lang.Thread.State: RUNNABLE
	at sun.nio.ch.DevPollArrayWrapper.poll0(Native Method)
	at sun.nio.ch.DevPollArrayWrapper.poll(DevPollArrayWrapper.java:223)
	at sun.nio.ch.DevPollSelectorImpl.doSelect(DevPollSelectorImpl.java:98)
	at sun.nio.ch.SelectorImpl.lockAndDoSelect(SelectorImpl.java:86)
	- locked <0xfffffff8809a3038> (a sun.nio.ch.Util$3)
	- locked <0xfffffff8809a3028> (a java.util.Collections$UnmodifiableSet)
	- locked <0xfffffff8809a2f00> (a sun.nio.ch.DevPollSelectorImpl)
	at sun.nio.ch.SelectorImpl.select(SelectorImpl.java:97)
	at sun.nio.ch.SelectorImpl.select(SelectorImpl.java:101)
	at org.eclipse.jetty.io.ManagedSelector$SelectorProducer.select(ManagedSelector.java:375)
	at org.eclipse.jetty.io.ManagedSelector$SelectorProducer.produce(ManagedSelector.java:304)
	at org.eclipse.jetty.util.thread.strategy.EatWhatYouKill.doProduce(EatWhatYouKill.java:179)
	at org.eclipse.jetty.util.thread.strategy.EatWhatYouKill.produce(EatWhatYouKill.java:140)
	at org.eclipse.jetty.io.ManagedSelector$$Lambda$13/1871612052.run(Unknown Source)
	at winstone.BoundedExecutorService$1.run(BoundedExecutorService.java:77)
	at java.util.concurrent.ThreadPoolExecutor.runWorker(ThreadPoolExecutor.java:1149)
	at java.util.concurrent.ThreadPoolExecutor$Worker.run(ThreadPoolExecutor.java:624)
	at java.lang.Thread.run(Thread.java:748)

   Locked ownable synchronizers:
	- <0xfffffff880a54ff0> (a java.util.concurrent.ThreadPoolExecutor$Worker)

"RequestHandlerThread[#6]" #36 daemon prio=5 os_prio=64 tid=0x0000000101686800 nid=0x53 runnable [0xffffffff0bdfe000]
   java.lang.Thread.State: RUNNABLE
	at sun.nio.ch.DevPollArrayWrapper.poll0(Native Method)
	at sun.nio.ch.DevPollArrayWrapper.poll(DevPollArrayWrapper.java:223)
	at sun.nio.ch.DevPollSelectorImpl.doSelect(DevPollSelectorImpl.java:98)
	at sun.nio.ch.SelectorImpl.lockAndDoSelect(SelectorImpl.java:86)
	- locked <0xfffffff8809a3860> (a sun.nio.ch.Util$3)
	- locked <0xfffffff8809a3850> (a java.util.Collections$UnmodifiableSet)
	- locked <0xfffffff8809a3728> (a sun.nio.ch.DevPollSelectorImpl)
	at sun.nio.ch.SelectorImpl.select(SelectorImpl.java:97)
	at sun.nio.ch.SelectorImpl.select(SelectorImpl.java:101)
	at org.eclipse.jetty.io.ManagedSelector$SelectorProducer.select(ManagedSelector.java:375)
	at org.eclipse.jetty.io.ManagedSelector$SelectorProducer.produce(ManagedSelector.java:304)
	at org.eclipse.jetty.util.thread.strategy.EatWhatYouKill.doProduce(EatWhatYouKill.java:179)
	at org.eclipse.jetty.util.thread.strategy.EatWhatYouKill.produce(EatWhatYouKill.java:140)
	at org.eclipse.jetty.io.ManagedSelector$$Lambda$13/1871612052.run(Unknown Source)
	at winstone.BoundedExecutorService$1.run(BoundedExecutorService.java:77)
	at java.util.concurrent.ThreadPoolExecutor.runWorker(ThreadPoolExecutor.java:1149)
	at java.util.concurrent.ThreadPoolExecutor$Worker.run(ThreadPoolExecutor.java:624)
	at java.lang.Thread.run(Thread.java:748)

   Locked ownable synchronizers:
	- <0xfffffff880a54d38> (a java.util.concurrent.ThreadPoolExecutor$Worker)

"RequestHandlerThread[#5]" #35 daemon prio=5 os_prio=64 tid=0x000000010165d800 nid=0x52 runnable [0xffffffff0bffe000]
   java.lang.Thread.State: RUNNABLE
	at sun.nio.ch.DevPollArrayWrapper.poll0(Native Method)
	at sun.nio.ch.DevPollArrayWrapper.poll(DevPollArrayWrapper.java:223)
	at sun.nio.ch.DevPollSelectorImpl.doSelect(DevPollSelectorImpl.java:98)
	at sun.nio.ch.SelectorImpl.lockAndDoSelect(SelectorImpl.java:86)
	- locked <0xfffffff8809a4088> (a sun.nio.ch.Util$3)
	- locked <0xfffffff8809a4078> (a java.util.Collections$UnmodifiableSet)
	- locked <0xfffffff8809a3f50> (a sun.nio.ch.DevPollSelectorImpl)
	at sun.nio.ch.SelectorImpl.select(SelectorImpl.java:97)
	at sun.nio.ch.SelectorImpl.select(SelectorImpl.java:101)
	at org.eclipse.jetty.io.ManagedSelector$SelectorProducer.select(ManagedSelector.java:375)
	at org.eclipse.jetty.io.ManagedSelector$SelectorProducer.produce(ManagedSelector.java:304)
	at org.eclipse.jetty.util.thread.strategy.EatWhatYouKill.doProduce(EatWhatYouKill.java:179)
	at org.eclipse.jetty.util.thread.strategy.EatWhatYouKill.produce(EatWhatYouKill.java:140)
	at org.eclipse.jetty.io.ManagedSelector$$Lambda$13/1871612052.run(Unknown Source)
	at winstone.BoundedExecutorService$1.run(BoundedExecutorService.java:77)
	at java.util.concurrent.ThreadPoolExecutor.runWorker(ThreadPoolExecutor.java:1149)
	at java.util.concurrent.ThreadPoolExecutor$Worker.run(ThreadPoolExecutor.java:624)
	at java.lang.Thread.run(Thread.java:748)

   Locked ownable synchronizers:
	- <0xfffffff880acf198> (a java.util.concurrent.ThreadPoolExecutor$Worker)

"RequestHandlerThread[#4]" #34 daemon prio=5 os_prio=64 tid=0x00000001015be000 nid=0x51 runnable [0xffffffff0c1fe000]
   java.lang.Thread.State: RUNNABLE
	at sun.nio.ch.DevPollArrayWrapper.poll0(Native Method)
	at sun.nio.ch.DevPollArrayWrapper.poll(DevPollArrayWrapper.java:223)
	at sun.nio.ch.DevPollSelectorImpl.doSelect(DevPollSelectorImpl.java:98)
	at sun.nio.ch.SelectorImpl.lockAndDoSelect(SelectorImpl.java:86)
	- locked <0xfffffff8809a48b0> (a sun.nio.ch.Util$3)
	- locked <0xfffffff8809a48a0> (a java.util.Collections$UnmodifiableSet)
	- locked <0xfffffff8809a4778> (a sun.nio.ch.DevPollSelectorImpl)
	at sun.nio.ch.SelectorImpl.select(SelectorImpl.java:97)
	at sun.nio.ch.SelectorImpl.select(SelectorImpl.java:101)
	at org.eclipse.jetty.io.ManagedSelector$SelectorProducer.select(ManagedSelector.java:375)
	at org.eclipse.jetty.io.ManagedSelector$SelectorProducer.produce(ManagedSelector.java:304)
	at org.eclipse.jetty.util.thread.strategy.EatWhatYouKill.doProduce(EatWhatYouKill.java:179)
	at org.eclipse.jetty.util.thread.strategy.EatWhatYouKill.produce(EatWhatYouKill.java:140)
	at org.eclipse.jetty.io.ManagedSelector$$Lambda$13/1871612052.run(Unknown Source)
	at winstone.BoundedExecutorService$1.run(BoundedExecutorService.java:77)
	at java.util.concurrent.ThreadPoolExecutor.runWorker(ThreadPoolExecutor.java:1149)
	at java.util.concurrent.ThreadPoolExecutor$Worker.run(ThreadPoolExecutor.java:624)
	at java.lang.Thread.run(Thread.java:748)

   Locked ownable synchronizers:
	- <0xfffffff880a549c8> (a java.util.concurrent.ThreadPoolExecutor$Worker)

"RequestHandlerThread[#3]" #33 daemon prio=5 os_prio=64 tid=0x00000001015bc800 nid=0x50 runnable [0xffffffff0c3fe000]
   java.lang.Thread.State: RUNNABLE
	at sun.nio.ch.DevPollArrayWrapper.poll0(Native Method)
	at sun.nio.ch.DevPollArrayWrapper.poll(DevPollArrayWrapper.java:223)
	at sun.nio.ch.DevPollSelectorImpl.doSelect(DevPollSelectorImpl.java:98)
	at sun.nio.ch.SelectorImpl.lockAndDoSelect(SelectorImpl.java:86)
	- locked <0xfffffff88041edf8> (a sun.nio.ch.Util$3)
	- locked <0xfffffff88041ee08> (a java.util.Collections$UnmodifiableSet)
	- locked <0xfffffff88041edb0> (a sun.nio.ch.DevPollSelectorImpl)
	at sun.nio.ch.SelectorImpl.select(SelectorImpl.java:97)
	at sun.nio.ch.SelectorImpl.select(SelectorImpl.java:101)
	at org.eclipse.jetty.io.ManagedSelector$SelectorProducer.select(ManagedSelector.java:375)
	at org.eclipse.jetty.io.ManagedSelector$SelectorProducer.produce(ManagedSelector.java:304)
	at org.eclipse.jetty.util.thread.strategy.EatWhatYouKill.doProduce(EatWhatYouKill.java:179)
	at org.eclipse.jetty.util.thread.strategy.EatWhatYouKill.produce(EatWhatYouKill.java:140)
	at org.eclipse.jetty.io.ManagedSelector$$Lambda$13/1871612052.run(Unknown Source)
	at winstone.BoundedExecutorService$1.run(BoundedExecutorService.java:77)
	at java.util.concurrent.ThreadPoolExecutor.runWorker(ThreadPoolExecutor.java:1149)
	at java.util.concurrent.ThreadPoolExecutor$Worker.run(ThreadPoolExecutor.java:624)
	at java.lang.Thread.run(Thread.java:748)

   Locked ownable synchronizers:
	- <0xfffffff88041ef08> (a java.util.concurrent.ThreadPoolExecutor$Worker)

"RequestHandlerThread[#2]" #32 daemon prio=5 os_prio=64 tid=0x00000001015ba800 nid=0x4f runnable [0xffffffff0c5fe000]
   java.lang.Thread.State: RUNNABLE
	at sun.nio.ch.DevPollArrayWrapper.poll0(Native Method)
	at sun.nio.ch.DevPollArrayWrapper.poll(DevPollArrayWrapper.java:223)
	at sun.nio.ch.DevPollSelectorImpl.doSelect(DevPollSelectorImpl.java:98)
	at sun.nio.ch.SelectorImpl.lockAndDoSelect(SelectorImpl.java:86)
	- locked <0xfffffff880427168> (a sun.nio.ch.Util$3)
	- locked <0xfffffff880427178> (a java.util.Collections$UnmodifiableSet)
	- locked <0xfffffff880427120> (a sun.nio.ch.DevPollSelectorImpl)
	at sun.nio.ch.SelectorImpl.select(SelectorImpl.java:97)
	at sun.nio.ch.SelectorImpl.select(SelectorImpl.java:101)
	at org.eclipse.jetty.io.ManagedSelector$SelectorProducer.select(ManagedSelector.java:375)
	at org.eclipse.jetty.io.ManagedSelector$SelectorProducer.produce(ManagedSelector.java:304)
	at org.eclipse.jetty.util.thread.strategy.EatWhatYouKill.doProduce(EatWhatYouKill.java:179)
	at org.eclipse.jetty.util.thread.strategy.EatWhatYouKill.produce(EatWhatYouKill.java:140)
	at org.eclipse.jetty.io.ManagedSelector$$Lambda$13/1871612052.run(Unknown Source)
	at winstone.BoundedExecutorService$1.run(BoundedExecutorService.java:77)
	at java.util.concurrent.ThreadPoolExecutor.runWorker(ThreadPoolExecutor.java:1149)
	at java.util.concurrent.ThreadPoolExecutor$Worker.run(ThreadPoolExecutor.java:624)
	at java.lang.Thread.run(Thread.java:748)

   Locked ownable synchronizers:
	- <0xfffffff880427228> (a java.util.concurrent.ThreadPoolExecutor$Worker)

"RequestHandlerThread[#1]" #31 daemon prio=5 os_prio=64 tid=0x00000001015ba000 nid=0x4e runnable [0xffffffff0c7fe000]
   java.lang.Thread.State: RUNNABLE
	at sun.nio.ch.DevPollArrayWrapper.poll0(Native Method)
	at sun.nio.ch.DevPollArrayWrapper.poll(DevPollArrayWrapper.java:223)
	at sun.nio.ch.DevPollSelectorImpl.doSelect(DevPollSelectorImpl.java:98)
	at sun.nio.ch.SelectorImpl.lockAndDoSelect(SelectorImpl.java:86)
	- locked <0xfffffff880436c18> (a sun.nio.ch.Util$3)
	- locked <0xfffffff880436c28> (a java.util.Collections$UnmodifiableSet)
	- locked <0xfffffff880436bd0> (a sun.nio.ch.DevPollSelectorImpl)
	at sun.nio.ch.SelectorImpl.select(SelectorImpl.java:97)
	at sun.nio.ch.SelectorImpl.select(SelectorImpl.java:101)
	at org.eclipse.jetty.io.ManagedSelector$SelectorProducer.select(ManagedSelector.java:375)
	at org.eclipse.jetty.io.ManagedSelector$SelectorProducer.produce(ManagedSelector.java:304)
	at org.eclipse.jetty.util.thread.strategy.EatWhatYouKill.doProduce(EatWhatYouKill.java:179)
	at org.eclipse.jetty.util.thread.strategy.EatWhatYouKill.produce(EatWhatYouKill.java:140)
	at org.eclipse.jetty.io.ManagedSelector$$Lambda$13/1871612052.run(Unknown Source)
	at winstone.BoundedExecutorService$1.run(BoundedExecutorService.java:77)
	at java.util.concurrent.ThreadPoolExecutor.runWorker(ThreadPoolExecutor.java:1149)
	at java.util.concurrent.ThreadPoolExecutor$Worker.run(ThreadPoolExecutor.java:624)
	at java.lang.Thread.run(Thread.java:748)

   Locked ownable synchronizers:
	- <0xfffffff880436cd8> (a java.util.concurrent.ThreadPoolExecutor$Worker)

"Java2D Disposer" #29 daemon prio=10 os_prio=64 tid=0x00000001015aa000 nid=0x4c in Object.wait() [0xffffffff0ceff000]
   java.lang.Thread.State: WAITING (on object monitor)
	at java.lang.Object.wait(Native Method)
	- waiting on <0xfffffff88043ea48> (a java.lang.ref.ReferenceQueue$Lock)
	at java.lang.ref.ReferenceQueue.remove(ReferenceQueue.java:144)
	- locked <0xfffffff88043ea48> (a java.lang.ref.ReferenceQueue$Lock)
	at java.lang.ref.ReferenceQueue.remove(ReferenceQueue.java:165)
	at sun.java2d.Disposer.run(Disposer.java:148)
	at java.lang.Thread.run(Thread.java:748)

   Locked ownable synchronizers:
	- None

"Scheduler-477289012" #28 prio=5 os_prio=64 tid=0x000000010135d000 nid=0x4b waiting on condition [0xffffffff0e0fe000]
   java.lang.Thread.State: TIMED_WAITING (parking)
	at sun.misc.Unsafe.park(Native Method)
	- parking to wait for  <0xfffffff88043ec00> (a java.util.concurrent.locks.AbstractQueuedSynchronizer$ConditionObject)
	at java.util.concurrent.locks.LockSupport.parkNanos(LockSupport.java:215)
	at java.util.concurrent.locks.AbstractQueuedSynchronizer$ConditionObject.awaitNanos(AbstractQueuedSynchronizer.java:2078)
	at java.util.concurrent.ScheduledThreadPoolExecutor$DelayedWorkQueue.take(ScheduledThreadPoolExecutor.java:1093)
	at java.util.concurrent.ScheduledThreadPoolExecutor$DelayedWorkQueue.take(ScheduledThreadPoolExecutor.java:809)
	at java.util.concurrent.ThreadPoolExecutor.getTask(ThreadPoolExecutor.java:1074)
	at java.util.concurrent.ThreadPoolExecutor.runWorker(ThreadPoolExecutor.java:1134)
	at java.util.concurrent.ThreadPoolExecutor$Worker.run(ThreadPoolExecutor.java:624)
	at java.lang.Thread.run(Thread.java:748)

   Locked ownable synchronizers:
	- None

"Service Thread" #26 daemon prio=9 os_prio=64 tid=0x000000010045f000 nid=0x49 runnable [0x0000000000000000]
   java.lang.Thread.State: RUNNABLE

   Locked ownable synchronizers:
	- None

"C1 CompilerThread20" #25 daemon prio=9 os_prio=64 tid=0x000000010045c800 nid=0x48 waiting on condition [0x0000000000000000]
   java.lang.Thread.State: RUNNABLE

   Locked ownable synchronizers:
	- None

"C1 CompilerThread19" #24 daemon prio=9 os_prio=64 tid=0x000000010045b000 nid=0x47 waiting on condition [0x0000000000000000]
   java.lang.Thread.State: RUNNABLE

   Locked ownable synchronizers:
	- None

"C1 CompilerThread18" #23 daemon prio=9 os_prio=64 tid=0x0000000100458800 nid=0x46 waiting on condition [0x0000000000000000]
   java.lang.Thread.State: RUNNABLE

   Locked ownable synchronizers:
	- None

"C1 CompilerThread17" #22 daemon prio=9 os_prio=64 tid=0x0000000100446800 nid=0x45 waiting on condition [0x0000000000000000]
   java.lang.Thread.State: RUNNABLE

   Locked ownable synchronizers:
	- None

"C1 CompilerThread16" #21 daemon prio=9 os_prio=64 tid=0x000000010043b800 nid=0x44 waiting on condition [0x0000000000000000]
   java.lang.Thread.State: RUNNABLE

   Locked ownable synchronizers:
	- None

"C1 CompilerThread15" #20 daemon prio=9 os_prio=64 tid=0x0000000100439000 nid=0x43 waiting on condition [0x0000000000000000]
   java.lang.Thread.State: RUNNABLE

   Locked ownable synchronizers:
	- None

"C1 CompilerThread14" #19 daemon prio=9 os_prio=64 tid=0x0000000100427000 nid=0x42 waiting on condition [0x0000000000000000]
   java.lang.Thread.State: RUNNABLE

   Locked ownable synchronizers:
	- None

"C2 CompilerThread13" #18 daemon prio=9 os_prio=64 tid=0x000000010041d000 nid=0x41 waiting on condition [0x0000000000000000]
   java.lang.Thread.State: RUNNABLE

   Locked ownable synchronizers:
	- None

"C2 CompilerThread12" #17 daemon prio=9 os_prio=64 tid=0x000000010041a800 nid=0x40 waiting on condition [0x0000000000000000]
   java.lang.Thread.State: RUNNABLE

   Locked ownable synchronizers:
	- None

"C2 CompilerThread11" #16 daemon prio=9 os_prio=64 tid=0x0000000100408800 nid=0x3f waiting on condition [0x0000000000000000]
   java.lang.Thread.State: RUNNABLE

   Locked ownable synchronizers:
	- None

"C2 CompilerThread10" #15 daemon prio=9 os_prio=64 tid=0x00000001003f6000 nid=0x3e waiting on condition [0x0000000000000000]
   java.lang.Thread.State: RUNNABLE

   Locked ownable synchronizers:
	- None

"C2 CompilerThread9" #14 daemon prio=9 os_prio=64 tid=0x00000001003ec000 nid=0x3d waiting on condition [0x0000000000000000]
   java.lang.Thread.State: RUNNABLE

   Locked ownable synchronizers:
	- None

"C2 CompilerThread8" #13 daemon prio=9 os_prio=64 tid=0x00000001003e1800 nid=0x3c waiting on condition [0x0000000000000000]
   java.lang.Thread.State: RUNNABLE

   Locked ownable synchronizers:
	- None

"C2 CompilerThread7" #12 daemon prio=9 os_prio=64 tid=0x00000001003de000 nid=0x3b waiting on condition [0x0000000000000000]
   java.lang.Thread.State: RUNNABLE

   Locked ownable synchronizers:
	- None

"C2 CompilerThread6" #11 daemon prio=9 os_prio=64 tid=0x00000001003c3800 nid=0x3a waiting on condition [0x0000000000000000]
   java.lang.Thread.State: RUNNABLE

   Locked ownable synchronizers:
	- None

"C2 CompilerThread5" #10 daemon prio=9 os_prio=64 tid=0x00000001003b3800 nid=0x39 waiting on condition [0x0000000000000000]
   java.lang.Thread.State: RUNNABLE

   Locked ownable synchronizers:
	- None

"C2 CompilerThread4" #9 daemon prio=9 os_prio=64 tid=0x0000000100378800 nid=0x38 waiting on condition [0x0000000000000000]
   java.lang.Thread.State: RUNNABLE

   Locked ownable synchronizers:
	- None

"C2 CompilerThread3" #8 daemon prio=9 os_prio=64 tid=0x000000010035d800 nid=0x37 waiting on condition [0x0000000000000000]
   java.lang.Thread.State: RUNNABLE

   Locked ownable synchronizers:
	- None

"C2 CompilerThread2" #7 daemon prio=9 os_prio=64 tid=0x000000010035b800 nid=0x36 waiting on condition [0x0000000000000000]
   java.lang.Thread.State: RUNNABLE

   Locked ownable synchronizers:
	- None

"C2 CompilerThread1" #6 daemon prio=9 os_prio=64 tid=0x0000000100359800 nid=0x35 waiting on condition [0x0000000000000000]
   java.lang.Thread.State: RUNNABLE

   Locked ownable synchronizers:
	- None

"C2 CompilerThread0" #5 daemon prio=9 os_prio=64 tid=0x0000000100357000 nid=0x34 waiting on condition [0x0000000000000000]
   java.lang.Thread.State: RUNNABLE

   Locked ownable synchronizers:
	- None

"Signal Dispatcher" #4 daemon prio=9 os_prio=64 tid=0x0000000100355800 nid=0x33 runnable [0x0000000000000000]
   java.lang.Thread.State: RUNNABLE

   Locked ownable synchronizers:
	- None

"Finalizer" #3 daemon prio=8 os_prio=64 tid=0x000000010031f000 nid=0x32 in Object.wait() [0xffffffff140ff000]
   java.lang.Thread.State: WAITING (on object monitor)
	at java.lang.Object.wait(Native Method)
	- waiting on <0xfffffff880441720> (a java.lang.ref.ReferenceQueue$Lock)
	at java.lang.ref.ReferenceQueue.remove(ReferenceQueue.java:144)
	- locked <0xfffffff880441720> (a java.lang.ref.ReferenceQueue$Lock)
	at java.lang.ref.ReferenceQueue.remove(ReferenceQueue.java:165)
	at java.lang.ref.Finalizer$FinalizerThread.run(Finalizer.java:216)

   Locked ownable synchronizers:
	- None

"Reference Handler" #2 daemon prio=10 os_prio=64 tid=0x0000000100317000 nid=0x31 in Object.wait() [0xffffffff142fe000]
   java.lang.Thread.State: WAITING (on object monitor)
	at java.lang.Object.wait(Native Method)
	- waiting on <0xfffffff8804419a8> (a java.lang.ref.Reference$Lock)
	at java.lang.Object.wait(Object.java:502)
	at java.lang.ref.Reference.tryHandlePending(Reference.java:191)
	- locked <0xfffffff8804419a8> (a java.lang.ref.Reference$Lock)
	at java.lang.ref.Reference$ReferenceHandler.run(Reference.java:153)

   Locked ownable synchronizers:
	- None

"VM Thread" os_prio=64 tid=0x000000010030c000 nid=0x30 runnable 

"GC task thread#0 (ParallelGC)" os_prio=64 tid=0x0000000100121800 nid=0x3 runnable 

"GC task thread#1 (ParallelGC)" os_prio=64 tid=0x0000000100123000 nid=0x4 runnable 

"GC task thread#2 (ParallelGC)" os_prio=64 tid=0x0000000100124800 nid=0x5 runnable 

"GC task thread#3 (ParallelGC)" os_prio=64 tid=0x0000000100126000 nid=0x6 runnable 

"GC task thread#4 (ParallelGC)" os_prio=64 tid=0x0000000100127800 nid=0x7 runnable 

"GC task thread#5 (ParallelGC)" os_prio=64 tid=0x0000000100129000 nid=0x8 runnable 

"GC task thread#6 (ParallelGC)" os_prio=64 tid=0x000000010012a800 nid=0x9 runnable 

"GC task thread#7 (ParallelGC)" os_prio=64 tid=0x000000010012c800 nid=0xa runnable 

"GC task thread#8 (ParallelGC)" os_prio=64 tid=0x000000010012e000 nid=0xb runnable 

"GC task thread#9 (ParallelGC)" os_prio=64 tid=0x000000010012f800 nid=0xc runnable 

"GC task thread#10 (ParallelGC)" os_prio=64 tid=0x0000000100131000 nid=0xd runnable 

"GC task thread#11 (ParallelGC)" os_prio=64 tid=0x0000000100132800 nid=0xe runnable 

"GC task thread#12 (ParallelGC)" os_prio=64 tid=0x0000000100134000 nid=0xf runnable 

"GC task thread#13 (ParallelGC)" os_prio=64 tid=0x0000000100135800 nid=0x10 runnable 

"GC task thread#14 (ParallelGC)" os_prio=64 tid=0x0000000100137000 nid=0x11 runnable 

"GC task thread#15 (ParallelGC)" os_prio=64 tid=0x0000000100138800 nid=0x12 runnable 

"GC task thread#16 (ParallelGC)" os_prio=64 tid=0x000000010013a000 nid=0x13 runnable 

"GC task thread#17 (ParallelGC)" os_prio=64 tid=0x000000010013b800 nid=0x14 runnable 

"GC task thread#18 (ParallelGC)" os_prio=64 tid=0x000000010013d000 nid=0x15 runnable 

"GC task thread#19 (ParallelGC)" os_prio=64 tid=0x000000010013e800 nid=0x16 runnable 

"GC task thread#20 (ParallelGC)" os_prio=64 tid=0x0000000100140000 nid=0x17 runnable 

"GC task thread#21 (ParallelGC)" os_prio=64 tid=0x0000000100141800 nid=0x18 runnable 

"GC task thread#22 (ParallelGC)" os_prio=64 tid=0x0000000100143000 nid=0x19 runnable 

"GC task thread#23 (ParallelGC)" os_prio=64 tid=0x0000000100144800 nid=0x1a runnable 

"GC task thread#24 (ParallelGC)" os_prio=64 tid=0x0000000100146000 nid=0x1b runnable 

"GC task thread#25 (ParallelGC)" os_prio=64 tid=0x0000000100147800 nid=0x1c runnable 

"GC task thread#26 (ParallelGC)" os_prio=64 tid=0x000000010014b000 nid=0x1d runnable 

"GC task thread#27 (ParallelGC)" os_prio=64 tid=0x000000010014c800 nid=0x1e runnable 

"GC task thread#28 (ParallelGC)" os_prio=64 tid=0x000000010014e000 nid=0x1f runnable 

"GC task thread#29 (ParallelGC)" os_prio=64 tid=0x000000010014f800 nid=0x20 runnable 

"GC task thread#30 (ParallelGC)" os_prio=64 tid=0x0000000100151000 nid=0x21 runnable 

"GC task thread#31 (ParallelGC)" os_prio=64 tid=0x0000000100156800 nid=0x22 runnable 

"GC task thread#32 (ParallelGC)" os_prio=64 tid=0x0000000100158000 nid=0x23 runnable 

"GC task thread#33 (ParallelGC)" os_prio=64 tid=0x0000000100159800 nid=0x24 runnable 

"GC task thread#34 (ParallelGC)" os_prio=64 tid=0x000000010015b000 nid=0x25 runnable 

"GC task thread#35 (ParallelGC)" os_prio=64 tid=0x000000010015c800 nid=0x26 runnable 

"GC task thread#36 (ParallelGC)" os_prio=64 tid=0x000000010015e000 nid=0x27 runnable 

"GC task thread#37 (ParallelGC)" os_prio=64 tid=0x000000010015f800 nid=0x28 runnable 

"GC task thread#38 (ParallelGC)" os_prio=64 tid=0x0000000100161800 nid=0x29 runnable 

"GC task thread#39 (ParallelGC)" os_prio=64 tid=0x0000000100163000 nid=0x2a runnable 

"GC task thread#40 (ParallelGC)" os_prio=64 tid=0x0000000100164800 nid=0x2b runnable 

"GC task thread#41 (ParallelGC)" os_prio=64 tid=0x0000000100166000 nid=0x2c runnable 

"GC task thread#42 (ParallelGC)" os_prio=64 tid=0x0000000100167800 nid=0x2d runnable 

"GC task thread#43 (ParallelGC)" os_prio=64 tid=0x0000000100169000 nid=0x2e runnable 

"GC task thread#44 (ParallelGC)" os_prio=64 tid=0x000000010016a800 nid=0x2f runnable 

"VM Periodic Task Thread" os_prio=64 tid=0x00000001004a1000 nid=0x4a waiting on condition 

JNI global references: 366

