Attempt #1 to do the action check updates server
Sep 17, 2020 11:32:47 AM SEVERE org.apache.catalina.core.ApplicationContext log
Error while serving http://loki.mdeggers.org/jenkins/pluginManager/checkUpdatesServer
java.lang.NoClassDefFoundError: Could not initialize class sun.security.ssl.SignatureScheme
	at java.base/sun.security.ssl.SignatureAlgorithmsExtension$CHSignatureSchemesProducer.produce(Unknown Source)
	at java.base/sun.security.ssl.SSLExtension.produce(Unknown Source)
	at java.base/sun.security.ssl.SSLExtensions.produce(Unknown Source)
	at java.base/sun.security.ssl.ClientHello$ClientHelloKickstartProducer.produce(Unknown Source)
	at java.base/sun.security.ssl.SSLHandshake.kickstart(Unknown Source)
	at java.base/sun.security.ssl.ClientHandshakeContext.kickstart(Unknown Source)
	at java.base/sun.security.ssl.TransportContext.kickstart(Unknown Source)
	at java.base/sun.security.ssl.SSLSocketImpl.startHandshake(Unknown Source)
	at java.base/sun.security.ssl.SSLSocketImpl.startHandshake(Unknown Source)
	at java.base/sun.net.www.protocol.https.HttpsClient.afterConnect(Unknown Source)
	at java.base/sun.net.www.protocol.https.AbstractDelegateHttpsURLConnection.connect(Unknown Source)
	at java.base/sun.net.www.protocol.http.HttpURLConnection.getInputStream0(Unknown Source)
	at java.base/sun.net.www.protocol.http.HttpURLConnection.getInputStream(Unknown Source)
	at java.base/sun.net.www.protocol.https.HttpsURLConnectionImpl.getInputStream(Unknown Source)
	at hudson.model.DownloadService.loadJSON(DownloadService.java:116)
	at hudson.model.UpdateSite.updateDirectlyNow(UpdateSite.java:216)
	at hudson.model.UpdateSite.updateDirectlyNow(UpdateSite.java:211)
	at hudson.PluginManager.checkUpdatesServer(PluginManager.java:1768)
	at hudson.util.Retrier.start(Retrier.java:63)
	at hudson.PluginManager.doCheckUpdatesServer(PluginManager.java:1739)
	at java.base/java.lang.invoke.MethodHandle.invokeWithArguments(Unknown Source)
	at org.kohsuke.stapler.Function$MethodFunction.invoke(Function.java:396)
Caused: java.lang.reflect.InvocationTargetException
	at org.kohsuke.stapler.Function$MethodFunction.invoke(Function.java:400)
	at org.kohsuke.stapler.Function$InstanceFunction.invoke(Function.java:408)
	at org.kohsuke.stapler.interceptor.RequirePOST$Processor.invoke(RequirePOST.java:77)
	at org.kohsuke.stapler.PreInvokeInterceptedFunction.invoke(PreInvokeInterceptedFunction.java:26)
	at org.kohsuke.stapler.Function.bindAndInvoke(Function.java:212)
	at org.kohsuke.stapler.Function.bindAndInvokeAndServeResponse(Function.java:145)
	at org.kohsuke.stapler.MetaClass$11.doDispatch(MetaClass.java:536)
	at org.kohsuke.stapler.NameBasedDispatcher.dispatch(NameBasedDispatcher.java:58)
	at org.kohsuke.stapler.Stapler.tryInvoke(Stapler.java:766)
	at org.kohsuke.stapler.Stapler.invoke(Stapler.java:898)
	at org.kohsuke.stapler.MetaClass$1.doDispatch(MetaClass.java:170)
	at org.kohsuke.stapler.NameBasedDispatcher.dispatch(NameBasedDispatcher.java:58)
	at org.kohsuke.stapler.Stapler.tryInvoke(Stapler.java:766)
	at org.kohsuke.stapler.Stapler.invoke(Stapler.java:898)
	at org.kohsuke.stapler.Stapler.invoke(Stapler.java:694)
	at org.kohsuke.stapler.Stapler.service(Stapler.java:240)
	at javax.servlet.http.HttpServlet.service(HttpServlet.java:733)
	at org.apache.catalina.core.ApplicationFilterChain.internalDoFilter(ApplicationFilterChain.java:231)
	at org.apache.catalina.core.ApplicationFilterChain.doFilter(ApplicationFilterChain.java:166)
	at org.apache.tomcat.websocket.server.WsFilter.doFilter(WsFilter.java:53)
	at org.apache.catalina.core.ApplicationFilterChain.internalDoFilter(ApplicationFilterChain.java:193)
	at org.apache.catalina.core.ApplicationFilterChain.doFilter(ApplicationFilterChain.java:166)
	at hudson.util.PluginServletFilter$1.doFilter(PluginServletFilter.java:154)
	at org.jenkinsci.plugins.ssegateway.Endpoint$SSEListenChannelFilter.doFilter(Endpoint.java:248)
	at hudson.util.PluginServletFilter$1.doFilter(PluginServletFilter.java:151)
	at jenkins.security.ResourceDomainFilter.doFilter(ResourceDomainFilter.java:76)
	at hudson.util.PluginServletFilter$1.doFilter(PluginServletFilter.java:151)
	at hudson.plugins.audit_trail.AuditTrailFilter.doFilter(AuditTrailFilter.java:113)
	at hudson.util.PluginServletFilter$1.doFilter(PluginServletFilter.java:151)
	at jenkins.telemetry.impl.UserLanguages$AcceptLanguageFilter.doFilter(UserLanguages.java:129)
	at hudson.util.PluginServletFilter$1.doFilter(PluginServletFilter.java:151)
	at io.jenkins.blueocean.ResourceCacheControl.doFilter(ResourceCacheControl.java:134)
	at hudson.util.PluginServletFilter$1.doFilter(PluginServletFilter.java:151)
	at io.jenkins.blueocean.auth.jwt.impl.JwtAuthenticationFilter.doFilter(JwtAuthenticationFilter.java:61)
	at hudson.util.PluginServletFilter$1.doFilter(PluginServletFilter.java:151)
	at hudson.util.PluginServletFilter.doFilter(PluginServletFilter.java:157)
	at org.apache.catalina.core.ApplicationFilterChain.internalDoFilter(ApplicationFilterChain.java:193)
	at org.apache.catalina.core.ApplicationFilterChain.doFilter(ApplicationFilterChain.java:166)
	at hudson.security.csrf.CrumbFilter.doFilter(CrumbFilter.java:153)
	at org.apache.catalina.core.ApplicationFilterChain.internalDoFilter(ApplicationFilterChain.java:193)
	at org.apache.catalina.core.ApplicationFilterChain.doFilter(ApplicationFilterChain.java:166)
	at hudson.security.ChainedServletFilter$1.doFilter(ChainedServletFilter.java:84)
	at hudson.security.UnwrapSecurityExceptionFilter.doFilter(UnwrapSecurityExceptionFilter.java:51)
	at hudson.security.ChainedServletFilter$1.doFilter(ChainedServletFilter.java:87)
	at jenkins.security.ExceptionTranslationFilter.doFilter(ExceptionTranslationFilter.java:119)
	at hudson.security.ChainedServletFilter$1.doFilter(ChainedServletFilter.java:87)
	at org.acegisecurity.providers.anonymous.AnonymousProcessingFilter.doFilter(AnonymousProcessingFilter.java:125)
	at hudson.security.ChainedServletFilter$1.doFilter(ChainedServletFilter.java:87)
	at org.acegisecurity.ui.rememberme.RememberMeProcessingFilter.doFilter(RememberMeProcessingFilter.java:142)
	at hudson.security.ChainedServletFilter$1.doFilter(ChainedServletFilter.java:87)
	at org.acegisecurity.ui.AbstractProcessingFilter.doFilter(AbstractProcessingFilter.java:271)
	at hudson.security.ChainedServletFilter$1.doFilter(ChainedServletFilter.java:87)
	at jenkins.security.BasicHeaderProcessor.doFilter(BasicHeaderProcessor.java:93)
	at hudson.security.ChainedServletFilter$1.doFilter(ChainedServletFilter.java:87)
	at org.acegisecurity.context.HttpSessionContextIntegrationFilter.doFilter(HttpSessionContextIntegrationFilter.java:249)
	at hudson.security.HttpSessionContextIntegrationFilter2.doFilter(HttpSessionContextIntegrationFilter2.java:67)
	at hudson.security.ChainedServletFilter$1.doFilter(ChainedServletFilter.java:87)
	at hudson.security.ChainedServletFilter.doFilter(ChainedServletFilter.java:90)
	at hudson.security.HudsonFilter.doFilter(HudsonFilter.java:171)
	at org.apache.catalina.core.ApplicationFilterChain.internalDoFilter(ApplicationFilterChain.java:193)
	at org.apache.catalina.core.ApplicationFilterChain.doFilter(ApplicationFilterChain.java:166)
	at org.kohsuke.stapler.compression.CompressionFilter.doFilter(CompressionFilter.java:51)
	at org.apache.catalina.core.ApplicationFilterChain.internalDoFilter(ApplicationFilterChain.java:193)
	at org.apache.catalina.core.ApplicationFilterChain.doFilter(ApplicationFilterChain.java:166)
	at hudson.util.CharacterEncodingFilter.doFilter(CharacterEncodingFilter.java:82)
	at org.apache.catalina.core.ApplicationFilterChain.internalDoFilter(ApplicationFilterChain.java:193)
	at org.apache.catalina.core.ApplicationFilterChain.doFilter(ApplicationFilterChain.java:166)
	at org.kohsuke.stapler.DiagnosticThreadNameFilter.doFilter(DiagnosticThreadNameFilter.java:30)
	at org.apache.catalina.core.ApplicationFilterChain.internalDoFilter(ApplicationFilterChain.java:193)
	at org.apache.catalina.core.ApplicationFilterChain.doFilter(ApplicationFilterChain.java:166)
	at jenkins.security.SuspiciousRequestFilter.doFilter(SuspiciousRequestFilter.java:36)
	at org.apache.catalina.core.ApplicationFilterChain.internalDoFilter(ApplicationFilterChain.java:193)
	at org.apache.catalina.core.ApplicationFilterChain.doFilter(ApplicationFilterChain.java:166)
	at org.apache.catalina.core.StandardWrapperValve.invoke(StandardWrapperValve.java:202)
	at org.apache.catalina.core.StandardContextValve.invoke(StandardContextValve.java:96)
	at org.apache.catalina.authenticator.AuthenticatorBase.invoke(AuthenticatorBase.java:666)
	at org.apache.catalina.core.StandardHostValve.invoke(StandardHostValve.java:139)
	at org.apache.catalina.valves.ErrorReportValve.invoke(ErrorReportValve.java:92)
	at org.apache.catalina.valves.AbstractAccessLogValve.invoke(AbstractAccessLogValve.java:690)
	at org.apache.catalina.core.StandardEngineValve.invoke(StandardEngineValve.java:74)
	at org.apache.catalina.connector.CoyoteAdapter.service(CoyoteAdapter.java:343)
	at org.apache.coyote.ajp.AjpProcessor.service(AjpProcessor.java:431)
	at org.apache.coyote.AbstractProcessorLight.process(AbstractProcessorLight.java:65)
	at org.apache.coyote.AbstractProtocol$ConnectionHandler.process(AbstractProtocol.java:868)
	at org.apache.tomcat.util.net.NioEndpoint$SocketProcessor.doRun(NioEndpoint.java:1589)
	at org.apache.tomcat.util.net.SocketProcessorBase.run(SocketProcessorBase.java:49)
	at java.base/java.util.concurrent.ThreadPoolExecutor.runWorker(Unknown Source)
	at java.base/java.util.concurrent.ThreadPoolExecutor$Worker.run(Unknown Source)
	at org.apache.tomcat.util.threads.TaskThread$WrappingRunnable.run(TaskThread.java:61)
	at java.base/java.lang.Thread.run(Unknown Source)