
Running from: /usr/share/jenkins/jenkins.war
webroot: EnvVars.masterEnvVars.get("JENKINS_HOME")
Jul 31, 2018 8:34:41 PM org.eclipse.jetty.util.log.Log initialized
INFO: Logging initialized @485ms to org.eclipse.jetty.util.log.JavaUtilLog
Jul 31, 2018 8:34:41 PM winstone.Logger logInternal
INFO: Beginning extraction from war file
Jul 31, 2018 8:34:43 PM org.eclipse.jetty.server.handler.ContextHandler setContextPath
WARNING: Empty contextPath
Jul 31, 2018 8:34:43 PM org.eclipse.jetty.server.Server doStart
INFO: jetty-9.4.z-SNAPSHOT; built: 2018-06-05T18:24:03.829Z; git: d5fc0523cfa96bfebfbda19606cad384d772f04c; jvm 1.8.0_171-8u171-b11-1~deb9u1-b11
Jul 31, 2018 8:34:44 PM org.eclipse.jetty.webapp.StandardDescriptorProcessor visitServlet
INFO: NO JSP Support for /, did not find org.eclipse.jetty.jsp.JettyJspServlet
Jul 31, 2018 8:34:44 PM org.eclipse.jetty.server.session.DefaultSessionIdManager doStart
INFO: DefaultSessionIdManager workerName=node0
Jul 31, 2018 8:34:44 PM org.eclipse.jetty.server.session.DefaultSessionIdManager doStart
INFO: No SessionScavenger set, using defaults
Jul 31, 2018 8:34:44 PM org.eclipse.jetty.server.session.HouseKeeper startScavenging
INFO: node0 Scavenging every 660000ms
Jenkins home directory: /var/jenkins_home found at: EnvVars.masterEnvVars.get("JENKINS_HOME")
Jul 31, 2018 8:34:44 PM org.eclipse.jetty.server.handler.ContextHandler doStart
INFO: Started w.@1eef9aef{Jenkins v2.135,/,file:///var/jenkins_home/war/,AVAILABLE}{/var/jenkins_home/war}
Jul 31, 2018 8:34:44 PM org.eclipse.jetty.server.AbstractConnector doStart
INFO: Started ServerConnector@10d65db0{HTTP/1.1,[http/1.1]}{0.0.0.0:8080}
Jul 31, 2018 8:34:44 PM org.eclipse.jetty.server.Server doStart
INFO: Started @3721ms
Jul 31, 2018 8:34:44 PM winstone.Logger logInternal
INFO: Winstone Servlet Engine v4.0 running: controlPort=disabled
Jul 31, 2018 8:34:46 PM jenkins.InitReactorRunner$1 onAttained
INFO: Started initialization
Jul 31, 2018 8:34:46 PM jenkins.InitReactorRunner$1 onAttained
INFO: Listed all plugins
Jul 31, 2018 8:34:48 PM jenkins.InitReactorRunner$1 onAttained
INFO: Prepared all plugins
Jul 31, 2018 8:34:48 PM jenkins.InitReactorRunner$1 onAttained
INFO: Started all plugins
Jul 31, 2018 8:34:48 PM jenkins.InitReactorRunner$1 onAttained
INFO: Augmented all extensions
Jul 31, 2018 8:34:48 PM jenkins.InitReactorRunner$1 onAttained
INFO: Loaded all jobs
Jul 31, 2018 8:34:48 PM hudson.model.AsyncPeriodicWork$1 run
INFO: Started Download metadata
Jul 31, 2018 8:34:49 PM jenkins.util.groovy.GroovyHookScript execute
INFO: Executing /var/jenkins_home/init.groovy.d/tcp-slave-agent-port.groovy
Jul 31, 2018 8:34:49 PM org.springframework.context.support.AbstractApplicationContext prepareRefresh
INFO: Refreshing org.springframework.web.context.support.StaticWebApplicationContext@719fe4e1: display name [Root WebApplicationContext]; startup date [Tue Jul 31 20:34:49 UTC 2018]; root of context hierarchy
Jul 31, 2018 8:34:49 PM org.springframework.context.support.AbstractApplicationContext obtainFreshBeanFactory
INFO: Bean factory for application context [org.springframework.web.context.support.StaticWebApplicationContext@719fe4e1]: org.springframework.beans.factory.support.DefaultListableBeanFactory@1b6abbfb
Jul 31, 2018 8:34:49 PM org.springframework.beans.factory.support.DefaultListableBeanFactory preInstantiateSingletons
INFO: Pre-instantiating singletons in org.springframework.beans.factory.support.DefaultListableBeanFactory@1b6abbfb: defining beans [authenticationManager]; root of factory hierarchy
Jul 31, 2018 8:34:50 PM org.springframework.context.support.AbstractApplicationContext prepareRefresh
INFO: Refreshing org.springframework.web.context.support.StaticWebApplicationContext@5646df00: display name [Root WebApplicationContext]; startup date [Tue Jul 31 20:34:50 UTC 2018]; root of context hierarchy
Jul 31, 2018 8:34:50 PM org.springframework.context.support.AbstractApplicationContext obtainFreshBeanFactory
INFO: Bean factory for application context [org.springframework.web.context.support.StaticWebApplicationContext@5646df00]: org.springframework.beans.factory.support.DefaultListableBeanFactory@4d80d57a
Jul 31, 2018 8:34:50 PM org.springframework.beans.factory.support.DefaultListableBeanFactory preInstantiateSingletons
INFO: Pre-instantiating singletons in org.springframework.beans.factory.support.DefaultListableBeanFactory@4d80d57a: defining beans [filter,legacy]; root of factory hierarchy
Jul 31, 2018 8:34:50 PM jenkins.install.SetupWizard init
INFO: 

*************************************************************
*************************************************************
*************************************************************

Jenkins initial setup is required. An admin user has been created and a password generated.
Please use the following password to proceed to installation:

e5344f492d0a422a83aac47926d6909b

This may also be found at: /var/jenkins_home/secrets/initialAdminPassword

*************************************************************
*************************************************************
*************************************************************

Jul 31, 2018 8:34:55 PM hudson.model.UpdateSite updateData
INFO: Obtained the latest update center data file for UpdateSource default
Jul 31, 2018 8:34:56 PM hudson.model.DownloadService$Downloadable load
INFO: Obtained the updated data file for hudson.tasks.Maven.MavenInstaller
Jul 31, 2018 8:34:56 PM hudson.model.AsyncPeriodicWork$1 run
INFO: Finished Download metadata. 7,172 ms
Jul 31, 2018 8:34:56 PM hudson.model.UpdateSite updateData
INFO: Obtained the latest update center data file for UpdateSource default
Jul 31, 2018 8:34:56 PM jenkins.InitReactorRunner$1 onAttained
INFO: Completed initialization
Jul 31, 2018 8:34:56 PM hudson.WebAppMain$3 run
INFO: Jenkins is fully up and running
--> setting agent port for jnlp
--> setting agent port for jnlp... done
docker run --cpuset-cpus=0-64 -p 8080:8080 -p 50000:50000 jenkins/jenkins:2.135
Running from: /usr/share/jenkins/jenkins.war
webroot: EnvVars.masterEnvVars.get("JENKINS_HOME")
Jul 31, 2018 8:37:08 PM org.eclipse.jetty.util.log.Log initialized
INFO: Logging initialized @486ms to org.eclipse.jetty.util.log.JavaUtilLog
Jul 31, 2018 8:37:08 PM winstone.Logger logInternal
INFO: Beginning extraction from war file
Jul 31, 2018 8:37:10 PM org.eclipse.jetty.server.handler.ContextHandler setContextPath
WARNING: Empty contextPath
Jul 31, 2018 8:37:10 PM org.eclipse.jetty.server.Server doStart
INFO: jetty-9.4.z-SNAPSHOT; built: 2018-06-05T18:24:03.829Z; git: d5fc0523cfa96bfebfbda19606cad384d772f04c; jvm 1.8.0_171-8u171-b11-1~deb9u1-b11
Jul 31, 2018 8:37:10 PM org.eclipse.jetty.webapp.StandardDescriptorProcessor visitServlet
INFO: NO JSP Support for /, did not find org.eclipse.jetty.jsp.JettyJspServlet
Jul 31, 2018 8:37:10 PM org.eclipse.jetty.server.session.DefaultSessionIdManager doStart
INFO: DefaultSessionIdManager workerName=node0
Jul 31, 2018 8:37:10 PM org.eclipse.jetty.server.session.DefaultSessionIdManager doStart
INFO: No SessionScavenger set, using defaults
Jul 31, 2018 8:37:10 PM org.eclipse.jetty.server.session.HouseKeeper startScavenging
INFO: node0 Scavenging every 600000ms
Jenkins home directory: /var/jenkins_home found at: EnvVars.masterEnvVars.get("JENKINS_HOME")
Jul 31, 2018 8:37:11 PM org.eclipse.jetty.server.handler.ContextHandler doStart
INFO: Started w.@1eef9aef{Jenkins v2.135,/,file:///var/jenkins_home/war/,AVAILABLE}{/var/jenkins_home/war}
Jul 31, 2018 8:37:11 PM org.eclipse.jetty.server.AbstractConnector doStart
INFO: Started ServerConnector@ad93fa2{HTTP/1.1,[http/1.1]}{0.0.0.0:8080}
Jul 31, 2018 8:37:11 PM org.eclipse.jetty.server.Server doStart
INFO: Started @3410ms
Jul 31, 2018 8:37:11 PM winstone.Logger logInternal
INFO: Winstone Servlet Engine v4.0 running: controlPort=disabled
Jul 31, 2018 8:37:13 PM jenkins.InitReactorRunner$1 onAttained
INFO: Started initialization
Jul 31, 2018 8:37:13 PM jenkins.InitReactorRunner$1 onAttained
INFO: Listed all plugins
Jul 31, 2018 8:37:14 PM jenkins.InitReactorRunner$1 onAttained
INFO: Prepared all plugins
Jul 31, 2018 8:37:14 PM jenkins.InitReactorRunner$1 onAttained
INFO: Started all plugins
Jul 31, 2018 8:37:14 PM jenkins.InitReactorRunner$1 onAttained
INFO: Augmented all extensions
Jul 31, 2018 8:37:15 PM jenkins.InitReactorRunner$1 onAttained
INFO: Loaded all jobs
Jul 31, 2018 8:37:15 PM hudson.model.AsyncPeriodicWork$1 run
INFO: Started Download metadata
Jul 31, 2018 8:37:15 PM jenkins.util.groovy.GroovyHookScript execute
INFO: Executing /var/jenkins_home/init.groovy.d/tcp-slave-agent-port.groovy
Jul 31, 2018 8:37:16 PM org.springframework.context.support.AbstractApplicationContext prepareRefresh
INFO: Refreshing org.springframework.web.context.support.StaticWebApplicationContext@1525df4d: display name [Root WebApplicationContext]; startup date [Tue Jul 31 20:37:16 UTC 2018]; root of context hierarchy
Jul 31, 2018 8:37:16 PM org.springframework.context.support.AbstractApplicationContext obtainFreshBeanFactory
INFO: Bean factory for application context [org.springframework.web.context.support.StaticWebApplicationContext@1525df4d]: org.springframework.beans.factory.support.DefaultListableBeanFactory@171eb5fc
Jul 31, 2018 8:37:16 PM org.springframework.beans.factory.support.DefaultListableBeanFactory preInstantiateSingletons
INFO: Pre-instantiating singletons in org.springframework.beans.factory.support.DefaultListableBeanFactory@171eb5fc: defining beans [authenticationManager]; root of factory hierarchy
Jul 31, 2018 8:37:16 PM org.springframework.context.support.AbstractApplicationContext prepareRefresh
INFO: Refreshing org.springframework.web.context.support.StaticWebApplicationContext@190d7332: display name [Root WebApplicationContext]; startup date [Tue Jul 31 20:37:16 UTC 2018]; root of context hierarchy
Jul 31, 2018 8:37:16 PM org.springframework.context.support.AbstractApplicationContext obtainFreshBeanFactory
INFO: Bean factory for application context [org.springframework.web.context.support.StaticWebApplicationContext@190d7332]: org.springframework.beans.factory.support.DefaultListableBeanFactory@7a64440d
Jul 31, 2018 8:37:16 PM org.springframework.beans.factory.support.DefaultListableBeanFactory preInstantiateSingletons
INFO: Pre-instantiating singletons in org.springframework.beans.factory.support.DefaultListableBeanFactory@7a64440d: defining beans [filter,legacy]; root of factory hierarchy
Jul 31, 2018 8:37:16 PM jenkins.install.SetupWizard init
INFO: 

*************************************************************
*************************************************************
*************************************************************

Jenkins initial setup is required. An admin user has been created and a password generated.
Please use the following password to proceed to installation:

a275b0ffaa90479bb408923d379abe0d

This may also be found at: /var/jenkins_home/secrets/initialAdminPassword

*************************************************************
*************************************************************
*************************************************************

Jul 31, 2018 8:37:21 PM hudson.model.UpdateSite updateData
INFO: Obtained the latest update center data file for UpdateSource default
Jul 31, 2018 8:37:22 PM hudson.model.DownloadService$Downloadable load
INFO: Obtained the updated data file for hudson.tasks.Maven.MavenInstaller
Jul 31, 2018 8:37:22 PM hudson.model.AsyncPeriodicWork$1 run
INFO: Finished Download metadata. 6,650 ms
Jul 31, 2018 8:37:22 PM hudson.model.UpdateSite updateData
INFO: Obtained the latest update center data file for UpdateSource default
Jul 31, 2018 8:37:22 PM jenkins.InitReactorRunner$1 onAttained
INFO: Completed initialization
Jul 31, 2018 8:37:22 PM hudson.WebAppMain$3 run
INFO: Jenkins is fully up and running
--> setting agent port for jnlp
--> setting agent port for jnlp... done
