Running from: /usr/lib/jenkins/jenkins.war
2021-09-27 15:41:19.080+0000 [id=1]	WARNING	winstone.Logger#logInternal: Parameter handlerCountMax is now deprecated
2021-09-27 15:41:19.139+0000 [id=1]	WARNING	winstone.Logger#logInternal: Parameter handlerCountMaxIdle is now deprecated
2021-09-27 15:41:19.172+0000 [id=1]	INFO	org.eclipse.jetty.util.log.Log#initialized: Logging initialized @954ms to org.eclipse.jetty.util.log.JavaUtilLog
2021-09-27 15:41:19.266+0000 [id=1]	INFO	winstone.Logger#logInternal: Beginning extraction from war file
2021-09-27 15:41:21.393+0000 [id=1]	WARNING	o.e.j.s.handler.ContextHandler#setContextPath: Empty contextPath
2021-09-27 15:41:21.467+0000 [id=1]	INFO	org.eclipse.jetty.server.Server#doStart: jetty-9.4.42.v20210604; built: 2021-06-04T17:33:38.939Z; git: 5cd5e6d2375eeab146813b0de9f19eda6ab6e6cb; jvm 11.0.11+9
2021-09-27 15:41:21.860+0000 [id=1]	INFO	o.e.j.w.StandardDescriptorProcessor#visitServlet: NO JSP Support for /, did not find org.eclipse.jetty.jsp.JettyJspServlet
2021-09-27 15:41:21.913+0000 [id=1]	INFO	o.e.j.s.s.DefaultSessionIdManager#doStart: DefaultSessionIdManager workerName=node0
2021-09-27 15:41:21.913+0000 [id=1]	INFO	o.e.j.s.s.DefaultSessionIdManager#doStart: No SessionScavenger set, using defaults
2021-09-27 15:41:21.915+0000 [id=1]	INFO	o.e.j.server.session.HouseKeeper#startScavenging: node0 Scavenging every 660000ms
2021-09-27 15:41:22.543+0000 [id=1]	INFO	hudson.WebAppMain#contextInitialized: Jenkins home directory: /var/lib/jenkins found at: SystemProperties.getProperty("JENKINS_HOME")
2021-09-27 15:41:22.818+0000 [id=1]	INFO	o.e.j.s.handler.ContextHandler#doStart: Started w.@17b6d426{Jenkins v2.303.1,/,file:///var/cache/jenkins/war/,AVAILABLE}{/var/cache/jenkins/war}
2021-09-27 15:41:22.865+0000 [id=1]	INFO	o.e.j.server.AbstractConnector#doStart: Started ServerConnector@48a12036{HTTP/1.1, (http/1.1)}{0.0.0.0:8080}
2021-09-27 15:41:22.865+0000 [id=1]	INFO	org.eclipse.jetty.server.Server#doStart: Started @4648ms
2021-09-27 15:41:22.866+0000 [id=23]	INFO	winstone.Logger#logInternal: Winstone Servlet Engine running: controlPort=disabled
2021-09-27 15:41:23.187+0000 [id=30]	INFO	jenkins.InitReactorRunner$1#onAttained: Started initialization
2021-09-27 15:41:23.211+0000 [id=29]	INFO	jenkins.InitReactorRunner$1#onAttained: Listed all plugins
2021-09-27 15:41:24.630+0000 [id=30]	INFO	jenkins.InitReactorRunner$1#onAttained: Prepared all plugins
2021-09-27 15:41:24.635+0000 [id=30]	INFO	jenkins.InitReactorRunner$1#onAttained: Started all plugins
2021-09-27 15:41:24.649+0000 [id=29]	INFO	jenkins.InitReactorRunner$1#onAttained: Augmented all extensions
2021-09-27 15:41:25.485+0000 [id=31]	INFO	jenkins.InitReactorRunner$1#onAttained: System config loaded
2021-09-27 15:41:25.486+0000 [id=31]	INFO	jenkins.InitReactorRunner$1#onAttained: System config adapted
2021-09-27 15:41:25.486+0000 [id=31]	INFO	jenkins.InitReactorRunner$1#onAttained: Loaded all jobs
2021-09-27 15:41:25.487+0000 [id=31]	INFO	jenkins.InitReactorRunner$1#onAttained: Configuration for all jobs updated
2021-09-27 15:41:25.629+0000 [id=44]	INFO	hudson.model.AsyncPeriodicWork#lambda$doRun$0: Started Download metadata
2021-09-27 15:41:25.676+0000 [id=44]	INFO	hudson.util.Retrier#start: Attempt #1 to do the action check updates server
2021-09-27 15:41:26.160+0000 [id=29]	INFO	jenkins.install.SetupWizard#init:

*************************************************************
*************************************************************
*************************************************************

Jenkins initial setup is required. An admin user has been created and a password generated.
Please use the following password to proceed to installation:

5ab8ba7583534d81852e27bc9323410f

This may also be found at: /var/lib/jenkins/secrets/initialAdminPassword

*************************************************************
*************************************************************
*************************************************************

2021-09-27 15:41:46.056+0000 [id=29]	INFO	jenkins.InitReactorRunner$1#onAttained: Completed initialization
2021-09-27 15:41:46.109+0000 [id=22]	INFO	hudson.WebAppMain$3#run: Jenkins is fully up and running
2021-09-27 15:41:46.398+0000 [id=44]	INFO	h.m.DownloadService$Downloadable#load: Obtained the updated data file for hudson.tasks.Maven.MavenInstaller
2021-09-27 15:41:46.398+0000 [id=44]	INFO	hudson.util.Retrier#start: Performed the action check updates server successfully at the attempt #1
2021-09-27 15:41:46.401+0000 [id=44]	INFO	hudson.model.AsyncPeriodicWork#lambda$doRun$0: Finished Download metadata. 20,771 ms
2021-09-27 15:47:40.519+0000 [id=65]	INFO	hudson.PluginManager#install: Starting installation of a batch of 19 plugins plus their dependencies
2021-09-27 15:47:40.520+0000 [id=65]	INFO	hudson.model.UpdateSite$Plugin#deploy: Adding dependent install of sshd for plugin cloudbees-folder
2021-09-27 15:47:40.521+0000 [id=65]	INFO	hudson.model.UpdateSite$Plugin#deploy: Adding dependent install of trilead-api for plugin antisamy-markup-formatter
2021-09-27 15:47:40.523+0000 [id=65]	INFO	hudson.model.UpdateSite$Plugin#deploy: Adding dependent install of token-macro for plugin build-timeout
2021-09-27 15:47:40.523+0000 [id=65]	INFO	hudson.model.UpdateSite$Plugin#deploy: Adding dependent install of structs for plugin token-macro
2021-09-27 15:47:40.523+0000 [id=65]	INFO	hudson.model.UpdateSite$Plugin#deploy: Adding dependent install of workflow-step-api for plugin token-macro
2021-09-27 15:47:40.524+0000 [id=65]	INFO	hudson.model.UpdateSite$Plugin#deploy: Adding dependent install of plain-credentials for plugin credentials-binding
2021-09-27 15:47:40.524+0000 [id=65]	INFO	hudson.model.UpdateSite$Plugin#deploy: Adding dependent install of jaxb for plugin plain-credentials
2021-09-27 15:47:40.524+0000 [id=65]	INFO	hudson.model.UpdateSite$Plugin#deploy: Adding dependent install of credentials for plugin plain-credentials
2021-09-27 15:47:40.525+0000 [id=65]	INFO	hudson.model.UpdateSite$Plugin#deploy: Adding dependent install of ssh-credentials for plugin credentials-binding
2021-09-27 15:47:40.526+0000 [id=65]	INFO	hudson.model.UpdateSite$Plugin#deploy: Adding dependent install of workflow-api for plugin timestamper
2021-09-27 15:47:40.526+0000 [id=65]	INFO	hudson.model.UpdateSite$Plugin#deploy: Adding dependent install of scm-api for plugin workflow-api
2021-09-27 15:47:40.527+0000 [id=65]	INFO	hudson.model.UpdateSite$Plugin#deploy: Adding dependent install of matrix-project for plugin ws-cleanup
2021-09-27 15:47:40.527+0000 [id=65]	INFO	hudson.model.UpdateSite$Plugin#deploy: Adding dependent install of script-security for plugin matrix-project
2021-09-27 15:47:40.527+0000 [id=65]	INFO	hudson.model.UpdateSite$Plugin#deploy: Adding dependent install of caffeine-api for plugin script-security
2021-09-27 15:47:40.528+0000 [id=65]	INFO	hudson.model.UpdateSite$Plugin#deploy: Adding dependent install of junit for plugin matrix-project
2021-09-27 15:47:40.528+0000 [id=65]	INFO	hudson.model.UpdateSite$Plugin#deploy: Adding dependent install of bootstrap4-api for plugin junit
2021-09-27 15:47:40.528+0000 [id=65]	INFO	hudson.model.UpdateSite$Plugin#deploy: Adding dependent install of font-awesome-api for plugin bootstrap4-api
2021-09-27 15:47:40.528+0000 [id=65]	INFO	hudson.model.UpdateSite$Plugin#deploy: Adding dependent install of plugin-util-api for plugin font-awesome-api
2021-09-27 15:47:40.529+0000 [id=65]	INFO	hudson.model.UpdateSite$Plugin#deploy: Adding dependent install of popper-api for plugin bootstrap4-api
2021-09-27 15:47:40.529+0000 [id=65]	INFO	hudson.model.UpdateSite$Plugin#deploy: Adding dependent install of jquery3-api for plugin bootstrap4-api
2021-09-27 15:47:40.529+0000 [id=65]	INFO	hudson.model.UpdateSite$Plugin#deploy: Adding dependent install of jackson2-api for plugin junit
2021-09-27 15:47:40.530+0000 [id=65]	INFO	hudson.model.UpdateSite$Plugin#deploy: Adding dependent install of snakeyaml-api for plugin jackson2-api
2021-09-27 15:47:40.530+0000 [id=65]	INFO	hudson.model.UpdateSite$Plugin#deploy: Adding dependent install of echarts-api for plugin junit
2021-09-27 15:47:40.531+0000 [id=65]	INFO	hudson.model.UpdateSite$Plugin#deploy: Adding dependent install of bootstrap5-api for plugin echarts-api
2021-09-27 15:47:40.531+0000 [id=65]	INFO	hudson.model.UpdateSite$Plugin#deploy: Adding dependent install of popper2-api for plugin bootstrap5-api
2021-09-27 15:47:40.531+0000 [id=65]	INFO	hudson.model.UpdateSite$Plugin#deploy: Adding dependent install of display-url-api for plugin junit
2021-09-27 15:47:40.532+0000 [id=65]	INFO	hudson.model.UpdateSite$Plugin#deploy: Adding dependent install of checks-api for plugin junit
2021-09-27 15:47:40.532+0000 [id=65]	INFO	hudson.model.UpdateSite$Plugin#deploy: Adding dependent install of workflow-support for plugin checks-api
2021-09-27 15:47:40.532+0000 [id=65]	INFO	hudson.model.UpdateSite$Plugin#deploy: Adding dependent install of resource-disposer for plugin ws-cleanup
2021-09-27 15:47:40.533+0000 [id=65]	INFO	hudson.model.UpdateSite$Plugin#deploy: Adding dependent install of workflow-durable-task-step for plugin gradle
2021-09-27 15:47:40.533+0000 [id=65]	INFO	hudson.model.UpdateSite$Plugin#deploy: Adding dependent install of durable-task for plugin workflow-durable-task-step
2021-09-27 15:47:40.533+0000 [id=65]	INFO	hudson.model.UpdateSite$Plugin#deploy: Adding dependent install of workflow-cps for plugin gradle
2021-09-27 15:47:40.534+0000 [id=65]	INFO	hudson.model.UpdateSite$Plugin#deploy: Adding dependent install of ace-editor for plugin workflow-cps
2021-09-27 15:47:40.534+0000 [id=65]	INFO	hudson.model.UpdateSite$Plugin#deploy: Adding dependent install of command-launcher for plugin ace-editor
2021-09-27 15:47:40.534+0000 [id=65]	INFO	hudson.model.UpdateSite$Plugin#deploy: Adding dependent install of jdk-tool for plugin ace-editor
2021-09-27 15:47:40.534+0000 [id=65]	INFO	hudson.model.UpdateSite$Plugin#deploy: Adding dependent install of bouncycastle-api for plugin ace-editor
2021-09-27 15:47:40.535+0000 [id=65]	INFO	hudson.model.UpdateSite$Plugin#deploy: Adding dependent install of workflow-scm-step for plugin workflow-cps
2021-09-27 15:47:40.535+0000 [id=65]	INFO	hudson.model.UpdateSite$Plugin#deploy: Adding dependent install of workflow-job for plugin gradle
2021-09-27 15:47:40.528+0000 [id=72]	INFO	h.model.UpdateCenter$DownloadJob#run: Starting the installation of sshd on behalf of admin
2021-09-27 15:47:40.537+0000 [id=65]	INFO	hudson.model.UpdateSite$Plugin#deploy: Adding dependent install of workflow-basic-steps for plugin gradle
2021-09-27 15:47:40.537+0000 [id=65]	INFO	hudson.model.UpdateSite$Plugin#deploy: Adding dependent install of apache-httpcomponents-client-4-api for plugin workflow-basic-steps
2021-09-27 15:47:40.538+0000 [id=65]	INFO	hudson.model.UpdateSite$Plugin#deploy: Adding dependent install of mailer for plugin workflow-basic-steps
2021-09-27 15:47:40.538+0000 [id=65]	INFO	hudson.model.UpdateSite$Plugin#deploy: Adding dependent install of pipeline-milestone-step for plugin workflow-aggregator
2021-09-27 15:47:40.539+0000 [id=65]	INFO	hudson.model.UpdateSite$Plugin#deploy: Adding dependent install of pipeline-stage-view for plugin workflow-aggregator
2021-09-27 15:47:40.539+0000 [id=65]	INFO	hudson.model.UpdateSite$Plugin#deploy: Adding dependent install of pipeline-rest-api for plugin pipeline-stage-view
2021-09-27 15:47:40.539+0000 [id=65]	INFO	hudson.model.UpdateSite$Plugin#deploy: Adding dependent install of pipeline-graph-analysis for plugin pipeline-rest-api
2021-09-27 15:47:40.540+0000 [id=65]	INFO	hudson.model.UpdateSite$Plugin#deploy: Adding dependent install of pipeline-input-step for plugin pipeline-graph-analysis
2021-09-27 15:47:40.540+0000 [id=65]	INFO	hudson.model.UpdateSite$Plugin#deploy: Adding dependent install of pipeline-stage-step for plugin pipeline-graph-analysis
2021-09-27 15:47:40.540+0000 [id=65]	INFO	hudson.model.UpdateSite$Plugin#deploy: Adding dependent install of handlebars for plugin pipeline-stage-view
2021-09-27 15:47:40.541+0000 [id=65]	INFO	hudson.model.UpdateSite$Plugin#deploy: Adding dependent install of momentjs for plugin pipeline-stage-view
2021-09-27 15:47:40.541+0000 [id=65]	INFO	hudson.model.UpdateSite$Plugin#deploy: Adding dependent install of pipeline-build-step for plugin workflow-aggregator
2021-09-27 15:47:40.542+0000 [id=65]	INFO	hudson.model.UpdateSite$Plugin#deploy: Adding dependent install of pipeline-model-definition for plugin workflow-aggregator
2021-09-27 15:47:40.542+0000 [id=65]	INFO	hudson.model.UpdateSite$Plugin#deploy: Adding dependent install of pipeline-model-extensions for plugin pipeline-model-definition
2021-09-27 15:47:40.543+0000 [id=65]	INFO	hudson.model.UpdateSite$Plugin#deploy: Adding dependent install of pipeline-model-api for plugin pipeline-model-extensions
2021-09-27 15:47:40.543+0000 [id=65]	INFO	hudson.model.UpdateSite$Plugin#deploy: Adding dependent install of workflow-cps-global-lib for plugin pipeline-model-definition
2021-09-27 15:47:40.543+0000 [id=65]	INFO	hudson.model.UpdateSite$Plugin#deploy: Adding dependent install of git-server for plugin workflow-cps-global-lib
2021-09-27 15:47:40.544+0000 [id=65]	INFO	hudson.model.UpdateSite$Plugin#deploy: Adding dependent install of git-client for plugin git-server
2021-09-27 15:47:40.544+0000 [id=65]	INFO	hudson.model.UpdateSite$Plugin#deploy: Adding dependent install of jsch for plugin git-client
2021-09-27 15:47:40.544+0000 [id=65]	INFO	hudson.model.UpdateSite$Plugin#deploy: Adding dependent install of workflow-multibranch for plugin pipeline-model-definition
2021-09-27 15:47:40.545+0000 [id=65]	INFO	hudson.model.UpdateSite$Plugin#deploy: Adding dependent install of branch-api for plugin workflow-multibranch
2021-09-27 15:47:40.545+0000 [id=65]	INFO	hudson.model.UpdateSite$Plugin#deploy: Adding dependent install of pipeline-stage-tags-metadata for plugin pipeline-model-definition
2021-09-27 15:47:40.553+0000 [id=65]	INFO	hudson.model.UpdateSite$Plugin#deploy: Adding dependent install of lockable-resources for plugin workflow-aggregator
2021-09-27 15:47:40.554+0000 [id=65]	INFO	hudson.model.UpdateSite$Plugin#deploy: Adding dependent install of jjwt-api for plugin github-branch-source
2021-09-27 15:47:40.555+0000 [id=65]	INFO	hudson.model.UpdateSite$Plugin#deploy: Adding dependent install of github-api for plugin github-branch-source
2021-09-27 15:47:40.555+0000 [id=65]	INFO	hudson.model.UpdateSite$Plugin#deploy: Adding dependent install of okhttp-api for plugin github-api
2021-09-27 15:47:40.555+0000 [id=65]	INFO	hudson.model.UpdateSite$Plugin#deploy: Adding dependent install of github for plugin github-branch-source
2021-09-27 15:47:40.556+0000 [id=65]	INFO	hudson.model.UpdateSite$Plugin#deploy: Adding dependent install of git for plugin github
2021-09-27 15:47:41.130+0000 [id=72]	INFO	h.m.UpdateCenter$UpdateCenterConfiguration#download: Downloading sshd
2021-09-27 15:47:42.538+0000 [id=72]	INFO	h.model.UpdateCenter$DownloadJob#run: Installation successful: sshd
2021-09-27 15:47:42.538+0000 [id=72]	INFO	h.model.UpdateCenter$DownloadJob#run: Starting the installation of cloudbees-folder on behalf of admin
2021-09-27 15:47:42.942+0000 [id=72]	INFO	h.m.UpdateCenter$UpdateCenterConfiguration#download: Downloading cloudbees-folder
2021-09-27 15:47:43.144+0000 [id=72]	INFO	h.model.UpdateCenter$DownloadJob#run: Installation successful: cloudbees-folder
2021-09-27 15:47:43.144+0000 [id=72]	INFO	h.model.UpdateCenter$DownloadJob#run: Starting the installation of trilead-api on behalf of admin
2021-09-27 15:47:43.420+0000 [id=72]	INFO	h.m.UpdateCenter$UpdateCenterConfiguration#download: Downloading trilead-api
2021-09-27 15:47:45.012+0000 [id=72]	INFO	h.model.UpdateCenter$DownloadJob#run: Installation successful: trilead-api
2021-09-27 15:47:45.013+0000 [id=72]	INFO	h.model.UpdateCenter$DownloadJob#run: Starting the installation of antisamy-markup-formatter on behalf of admin
2021-09-27 15:47:45.430+0000 [id=72]	INFO	h.m.UpdateCenter$UpdateCenterConfiguration#download: Downloading antisamy-markup-formatter
2021-09-27 15:47:46.793+0000 [id=72]	INFO	h.model.UpdateCenter$DownloadJob#run: Installation successful: antisamy-markup-formatter
2021-09-27 15:47:46.794+0000 [id=72]	INFO	h.model.UpdateCenter$DownloadJob#run: Starting the installation of structs on behalf of admin
2021-09-27 15:47:47.095+0000 [id=72]	INFO	h.m.UpdateCenter$UpdateCenterConfiguration#download: Downloading structs
2021-09-27 15:47:47.115+0000 [id=72]	INFO	h.model.UpdateCenter$DownloadJob#run: Installation successful: structs
2021-09-27 15:47:47.116+0000 [id=72]	INFO	h.model.UpdateCenter$DownloadJob#run: Starting the installation of workflow-step-api on behalf of admin
2021-09-27 15:47:47.440+0000 [id=72]	INFO	h.m.UpdateCenter$UpdateCenterConfiguration#download: Downloading workflow-step-api
2021-09-27 15:47:47.486+0000 [id=72]	INFO	h.model.UpdateCenter$DownloadJob#run: Installation successful: workflow-step-api
2021-09-27 15:47:47.486+0000 [id=72]	INFO	h.model.UpdateCenter$DownloadJob#run: Starting the installation of token-macro on behalf of admin
2021-09-27 15:47:47.795+0000 [id=72]	INFO	h.m.UpdateCenter$UpdateCenterConfiguration#download: Downloading token-macro
2021-09-27 15:47:48.127+0000 [id=72]	INFO	h.model.UpdateCenter$DownloadJob#run: Installation successful: token-macro
2021-09-27 15:47:48.128+0000 [id=72]	INFO	h.model.UpdateCenter$DownloadJob#run: Starting the installation of build-timeout on behalf of admin
2021-09-27 15:47:48.446+0000 [id=72]	INFO	h.m.UpdateCenter$UpdateCenterConfiguration#download: Downloading build-timeout
2021-09-27 15:47:48.566+0000 [id=72]	INFO	h.model.UpdateCenter$DownloadJob#run: Installation successful: build-timeout
2021-09-27 15:47:48.566+0000 [id=72]	INFO	h.model.UpdateCenter$DownloadJob#run: Starting the installation of jaxb on behalf of admin
2021-09-27 15:47:48.859+0000 [id=72]	INFO	h.m.UpdateCenter$UpdateCenterConfiguration#download: Downloading jaxb
2021-09-27 15:47:49.462+0000 [id=72]	INFO	h.model.UpdateCenter$DownloadJob#run: Installation successful: jaxb
2021-09-27 15:47:49.463+0000 [id=72]	INFO	h.model.UpdateCenter$DownloadJob#run: Starting the installation of credentials on behalf of admin
2021-09-27 15:47:49.761+0000 [id=72]	INFO	h.m.UpdateCenter$UpdateCenterConfiguration#download: Downloading credentials
2021-09-27 15:47:50.264+0000 [id=72]	INFO	h.model.UpdateCenter$DownloadJob#run: Installation successful: credentials
2021-09-27 15:47:50.264+0000 [id=72]	INFO	h.model.UpdateCenter$DownloadJob#run: Starting the installation of plain-credentials on behalf of admin
2021-09-27 15:47:50.575+0000 [id=72]	INFO	h.m.UpdateCenter$UpdateCenterConfiguration#download: Downloading plain-credentials
2021-09-27 15:47:50.584+0000 [id=72]	INFO	h.model.UpdateCenter$DownloadJob#run: Installation successful: plain-credentials
2021-09-27 15:47:50.584+0000 [id=72]	INFO	h.model.UpdateCenter$DownloadJob#run: Starting the installation of ssh-credentials on behalf of admin
2021-09-27 15:47:50.942+0000 [id=72]	INFO	h.m.UpdateCenter$UpdateCenterConfiguration#download: Downloading ssh-credentials
2021-09-27 15:47:51.035+0000 [id=72]	INFO	h.model.UpdateCenter$DownloadJob#run: Installation successful: ssh-credentials
2021-09-27 15:47:51.035+0000 [id=72]	INFO	h.model.UpdateCenter$DownloadJob#run: Starting the installation of credentials-binding on behalf of admin
2021-09-27 15:47:51.348+0000 [id=72]	INFO	h.m.UpdateCenter$UpdateCenterConfiguration#download: Downloading credentials-binding
2021-09-27 15:47:51.456+0000 [id=72]	INFO	h.model.UpdateCenter$DownloadJob#run: Installation successful: credentials-binding
2021-09-27 15:47:51.456+0000 [id=72]	INFO	h.model.UpdateCenter$DownloadJob#run: Starting the installation of scm-api on behalf of admin
2021-09-27 15:47:51.772+0000 [id=72]	INFO	h.m.UpdateCenter$UpdateCenterConfiguration#download: Downloading scm-api
2021-09-27 15:47:51.961+0000 [id=72]	INFO	h.model.UpdateCenter$DownloadJob#run: Installation successful: scm-api
2021-09-27 15:47:51.962+0000 [id=72]	INFO	h.model.UpdateCenter$DownloadJob#run: Starting the installation of workflow-api on behalf of admin
2021-09-27 15:47:52.270+0000 [id=72]	INFO	h.m.UpdateCenter$UpdateCenterConfiguration#download: Downloading workflow-api
2021-09-27 15:47:52.405+0000 [id=72]	INFO	h.model.UpdateCenter$DownloadJob#run: Installation successful: workflow-api
2021-09-27 15:47:52.405+0000 [id=72]	INFO	h.model.UpdateCenter$DownloadJob#run: Starting the installation of timestamper on behalf of admin
2021-09-27 15:47:52.728+0000 [id=72]	INFO	h.m.UpdateCenter$UpdateCenterConfiguration#download: Downloading timestamper
2021-09-27 15:47:53.215+0000 [id=72]	INFO	h.model.UpdateCenter$DownloadJob#run: Installation successful: timestamper
2021-09-27 15:47:53.216+0000 [id=72]	INFO	h.model.UpdateCenter$DownloadJob#run: Starting the installation of caffeine-api on behalf of admin
2021-09-27 15:47:53.518+0000 [id=72]	INFO	h.m.UpdateCenter$UpdateCenterConfiguration#download: Downloading caffeine-api
2021-09-27 15:47:53.957+0000 [id=72]	INFO	h.model.UpdateCenter$DownloadJob#run: Installation successful: caffeine-api
2021-09-27 15:47:53.957+0000 [id=72]	INFO	h.model.UpdateCenter$DownloadJob#run: Starting the installation of script-security on behalf of admin
2021-09-27 15:47:54.260+0000 [id=72]	INFO	h.m.UpdateCenter$UpdateCenterConfiguration#download: Downloading script-security
2021-09-27 15:47:54.343+0000 [id=72]	INFO	h.model.UpdateCenter$DownloadJob#run: Installation successful: script-security
2021-09-27 15:47:54.343+0000 [id=72]	INFO	h.model.UpdateCenter$DownloadJob#run: Starting the installation of plugin-util-api on behalf of admin
2021-09-27 15:47:54.641+0000 [id=72]	INFO	h.m.UpdateCenter$UpdateCenterConfiguration#download: Downloading plugin-util-api
2021-09-27 15:47:55.108+0000 [id=72]	INFO	h.model.UpdateCenter$DownloadJob#run: Installation successful: plugin-util-api
2021-09-27 15:47:55.108+0000 [id=72]	INFO	h.model.UpdateCenter$DownloadJob#run: Starting the installation of font-awesome-api on behalf of admin
2021-09-27 15:47:55.414+0000 [id=72]	INFO	h.m.UpdateCenter$UpdateCenterConfiguration#download: Downloading font-awesome-api
2021-09-27 15:47:55.634+0000 [id=72]	INFO	h.model.UpdateCenter$DownloadJob#run: Installation successful: font-awesome-api
2021-09-27 15:47:55.634+0000 [id=72]	INFO	h.model.UpdateCenter$DownloadJob#run: Starting the installation of popper-api on behalf of admin
2021-09-27 15:47:55.963+0000 [id=72]	INFO	h.m.UpdateCenter$UpdateCenterConfiguration#download: Downloading popper-api
2021-09-27 15:47:56.254+0000 [id=72]	INFO	h.model.UpdateCenter$DownloadJob#run: Installation successful: popper-api
2021-09-27 15:47:56.255+0000 [id=72]	INFO	h.model.UpdateCenter$DownloadJob#run: Starting the installation of jquery3-api on behalf of admin
2021-09-27 15:47:56.570+0000 [id=72]	INFO	h.m.UpdateCenter$UpdateCenterConfiguration#download: Downloading jquery3-api
2021-09-27 15:47:56.709+0000 [id=72]	INFO	h.model.UpdateCenter$DownloadJob#run: Installation successful: jquery3-api
2021-09-27 15:47:56.709+0000 [id=72]	INFO	h.model.UpdateCenter$DownloadJob#run: Starting the installation of bootstrap4-api on behalf of admin
2021-09-27 15:47:57.012+0000 [id=72]	INFO	h.m.UpdateCenter$UpdateCenterConfiguration#download: Downloading bootstrap4-api
2021-09-27 15:47:57.247+0000 [id=72]	INFO	h.model.UpdateCenter$DownloadJob#run: Installation successful: bootstrap4-api
2021-09-27 15:47:57.248+0000 [id=72]	INFO	h.model.UpdateCenter$DownloadJob#run: Starting the installation of snakeyaml-api on behalf of admin
2021-09-27 15:47:58.694+0000 [id=72]	INFO	h.m.UpdateCenter$UpdateCenterConfiguration#download: Downloading snakeyaml-api
2021-09-27 15:47:58.913+0000 [id=72]	INFO	h.model.UpdateCenter$DownloadJob#run: Installation successful: snakeyaml-api
2021-09-27 15:47:58.914+0000 [id=72]	INFO	h.model.UpdateCenter$DownloadJob#run: Starting the installation of jackson2-api on behalf of admin
2021-09-27 15:47:59.208+0000 [id=72]	INFO	h.m.UpdateCenter$UpdateCenterConfiguration#download: Downloading jackson2-api
2021-09-27 15:48:01.173+0000 [id=72]	INFO	h.model.UpdateCenter$DownloadJob#run: Installation successful: jackson2-api
2021-09-27 15:48:01.174+0000 [id=72]	INFO	h.model.UpdateCenter$DownloadJob#run: Starting the installation of popper2-api on behalf of admin
2021-09-27 15:48:01.928+0000 [id=72]	INFO	h.m.UpdateCenter$UpdateCenterConfiguration#download: Downloading popper2-api
2021-09-27 15:48:02.201+0000 [id=72]	INFO	h.model.UpdateCenter$DownloadJob#run: Installation successful: popper2-api
2021-09-27 15:48:02.202+0000 [id=72]	INFO	h.model.UpdateCenter$DownloadJob#run: Starting the installation of bootstrap5-api on behalf of admin
2021-09-27 15:48:02.503+0000 [id=72]	INFO	h.m.UpdateCenter$UpdateCenterConfiguration#download: Downloading bootstrap5-api
2021-09-27 15:48:02.818+0000 [id=72]	INFO	h.model.UpdateCenter$DownloadJob#run: Installation successful: bootstrap5-api
2021-09-27 15:48:02.818+0000 [id=72]	INFO	h.model.UpdateCenter$DownloadJob#run: Starting the installation of echarts-api on behalf of admin
2021-09-27 15:48:03.150+0000 [id=72]	INFO	h.m.UpdateCenter$UpdateCenterConfiguration#download: Downloading echarts-api
2021-09-27 15:48:07.214+0000 [id=72]	INFO	h.model.UpdateCenter$DownloadJob#run: Installation successful: echarts-api
2021-09-27 15:48:07.214+0000 [id=72]	INFO	h.model.UpdateCenter$DownloadJob#run: Starting the installation of display-url-api on behalf of admin
2021-09-27 15:48:27.343+0000 [id=72]	INFO	h.m.UpdateCenter$UpdateCenterConfiguration#download: Downloading display-url-api
2021-09-27 15:48:27.345+0000 [id=72]	SEVERE	h.model.UpdateCenter$DownloadJob#run: Failed to install display-url-api
java.net.SocketTimeoutException: connect timed out
	at java.base/java.net.PlainSocketImpl.socketConnect(Native Method)
	at java.base/java.net.AbstractPlainSocketImpl.doConnect(AbstractPlainSocketImpl.java:399)
	at java.base/java.net.AbstractPlainSocketImpl.connectToAddress(AbstractPlainSocketImpl.java:242)
	at java.base/java.net.AbstractPlainSocketImpl.connect(AbstractPlainSocketImpl.java:224)
	at java.base/java.net.SocksSocketImpl.connect(SocksSocketImpl.java:392)
	at java.base/java.net.Socket.connect(Socket.java:609)
	at java.base/sun.security.ssl.SSLSocketImpl.connect(SSLSocketImpl.java:289)
	at java.base/sun.net.NetworkClient.doConnect(NetworkClient.java:177)
	at java.base/sun.net.www.http.HttpClient.openServer(HttpClient.java:474)
	at java.base/sun.net.www.http.HttpClient.openServer(HttpClient.java:569)
	at java.base/sun.net.www.protocol.https.HttpsClient.<init>(HttpsClient.java:265)
	at java.base/sun.net.www.protocol.https.HttpsClient.New(HttpsClient.java:372)
	at java.base/sun.net.www.protocol.https.AbstractDelegateHttpsURLConnection.getNewHttpClient(AbstractDelegateHttpsURLConnection.java:203)
	at java.base/sun.net.www.protocol.http.HttpURLConnection.plainConnect0(HttpURLConnection.java:1187)
	at java.base/sun.net.www.protocol.http.HttpURLConnection.plainConnect(HttpURLConnection.java:1081)
	at java.base/sun.net.www.protocol.https.AbstractDelegateHttpsURLConnection.connect(AbstractDelegateHttpsURLConnection.java:189)
	at java.base/sun.net.www.protocol.http.HttpURLConnection.followRedirect0(HttpURLConnection.java:2783)
	at java.base/sun.net.www.protocol.http.HttpURLConnection.followRedirect(HttpURLConnection.java:2695)
	at java.base/sun.net.www.protocol.http.HttpURLConnection.getInputStream0(HttpURLConnection.java:1854)
	at java.base/sun.net.www.protocol.http.HttpURLConnection.getInputStream(HttpURLConnection.java:1520)
	at java.base/sun.net.www.protocol.http.HttpURLConnection.getHeaderField(HttpURLConnection.java:3099)
	at java.base/java.net.URLConnection.getHeaderFieldLong(URLConnection.java:636)
	at java.base/java.net.URLConnection.getContentLengthLong(URLConnection.java:508)
	at java.base/java.net.URLConnection.getContentLength(URLConnection.java:492)
	at java.base/sun.net.www.protocol.https.HttpsURLConnectionImpl.getContentLength(HttpsURLConnectionImpl.java:394)
	at hudson.model.UpdateCenter$UpdateCenterConfiguration.download(UpdateCenter.java:1265)
Caused: java.net.SocketTimeoutException: connect timed out
	at java.base/jdk.internal.reflect.NativeConstructorAccessorImpl.newInstance0(Native Method)
	at java.base/jdk.internal.reflect.NativeConstructorAccessorImpl.newInstance(NativeConstructorAccessorImpl.java:62)
	at java.base/jdk.internal.reflect.DelegatingConstructorAccessorImpl.newInstance(DelegatingConstructorAccessorImpl.java:45)
	at java.base/java.lang.reflect.Constructor.newInstance(Constructor.java:490)
	at java.base/sun.net.www.protocol.http.HttpURLConnection$10.run(HttpURLConnection.java:1974)
	at java.base/sun.net.www.protocol.http.HttpURLConnection$10.run(HttpURLConnection.java:1969)
	at java.base/java.security.AccessController.doPrivileged(Native Method)
	at java.base/sun.net.www.protocol.http.HttpURLConnection.getChainedException(HttpURLConnection.java:1968)
	at java.base/sun.net.www.protocol.http.HttpURLConnection.getInputStream0(HttpURLConnection.java:1536)
	at java.base/sun.net.www.protocol.http.HttpURLConnection.getInputStream(HttpURLConnection.java:1520)
	at java.base/sun.net.www.protocol.https.HttpsURLConnectionImpl.getInputStream(HttpsURLConnectionImpl.java:250)
	at hudson.model.UpdateCenter$UpdateCenterConfiguration.download(UpdateCenter.java:1281)
Caused: java.io.IOException: Failed to load https://updates.jenkins.io/download/plugins/display-url-api/2.3.5/display-url-api.hpi to /var/lib/jenkins/plugins/display-url-api.jpi.tmp
	at hudson.model.UpdateCenter$UpdateCenterConfiguration.download(UpdateCenter.java:1288)
Caused: java.io.IOException: Failed to download from https://updates.jenkins.io/download/plugins/display-url-api/2.3.5/display-url-api.hpi (redirected to: https://get.jenkins.io/plugins/display-url-api/2.3.5/display-url-api.hpi)
	at hudson.model.UpdateCenter$UpdateCenterConfiguration.download(UpdateCenter.java:1322)
	at hudson.model.UpdateCenter$DownloadJob._run(UpdateCenter.java:1876)
	at hudson.model.UpdateCenter$InstallationJob._run(UpdateCenter.java:2171)
	at hudson.model.UpdateCenter$DownloadJob.run(UpdateCenter.java:1850)
	at java.base/java.util.concurrent.Executors$RunnableAdapter.call(Executors.java:515)
	at java.base/java.util.concurrent.FutureTask.run(FutureTask.java:264)
	at hudson.remoting.AtmostOneThreadExecutor$Worker.run(AtmostOneThreadExecutor.java:121)
	at java.base/java.lang.Thread.run(Thread.java:829)
2021-09-27 15:48:27.347+0000 [id=72]	INFO	h.model.UpdateCenter$DownloadJob#run: Starting the installation of workflow-support on behalf of admin
2021-09-27 15:48:27.908+0000 [id=72]	INFO	h.m.UpdateCenter$UpdateCenterConfiguration#download: Downloading workflow-support
2021-09-27 15:48:28.181+0000 [id=72]	INFO	h.model.UpdateCenter$DownloadJob#run: Installation successful: workflow-support
2021-09-27 15:48:28.181+0000 [id=72]	INFO	h.model.UpdateCenter$DownloadJob#run: Starting the installation of checks-api on behalf of admin
2021-09-27 15:48:28.490+0000 [id=72]	INFO	h.m.UpdateCenter$UpdateCenterConfiguration#download: Downloading checks-api
2021-09-27 15:48:28.502+0000 [id=72]	SEVERE	h.model.UpdateCenter$DownloadJob#run: Failed to install checks-api
java.io.IOException: Failed to load: Checks API plugin (1.7.2)
 - Plugin is missing: display-url-api (2.3.5)
	at hudson.PluginWrapper.resolvePluginDependencies(PluginWrapper.java:962)
	at hudson.PluginManager.dynamicLoad(PluginManager.java:921)
Caused: java.io.IOException: Failed to install checks-api plugin
	at hudson.PluginManager.dynamicLoad(PluginManager.java:934)
	at hudson.model.UpdateCenter$InstallationJob._run(UpdateCenter.java:2183)
Caused: java.io.IOException: Failed to dynamically deploy this plugin
	at hudson.model.UpdateCenter$InstallationJob._run(UpdateCenter.java:2187)
	at hudson.model.UpdateCenter$DownloadJob.run(UpdateCenter.java:1850)
	at java.base/java.util.concurrent.Executors$RunnableAdapter.call(Executors.java:515)
	at java.base/java.util.concurrent.FutureTask.run(FutureTask.java:264)
	at hudson.remoting.AtmostOneThreadExecutor$Worker.run(AtmostOneThreadExecutor.java:121)
	at java.base/java.lang.Thread.run(Thread.java:829)
2021-09-27 15:48:28.502+0000 [id=72]	INFO	h.model.UpdateCenter$DownloadJob#run: Starting the installation of junit on behalf of admin
2021-09-27 15:48:28.786+0000 [id=72]	INFO	h.m.UpdateCenter$UpdateCenterConfiguration#download: Downloading junit
2021-09-27 15:48:28.981+0000 [id=72]	SEVERE	h.model.UpdateCenter$DownloadJob#run: Failed to install junit
java.io.IOException: Failed to load: JUnit Plugin (1.53)
 - Failed to load: Checks API plugin (1.7.2)
	at hudson.PluginWrapper.resolvePluginDependencies(PluginWrapper.java:962)
	at hudson.PluginManager.dynamicLoad(PluginManager.java:921)
Caused: java.io.IOException: Failed to install junit plugin
	at hudson.PluginManager.dynamicLoad(PluginManager.java:934)
	at hudson.model.UpdateCenter$InstallationJob._run(UpdateCenter.java:2183)
Caused: java.io.IOException: Failed to dynamically deploy this plugin
	at hudson.model.UpdateCenter$InstallationJob._run(UpdateCenter.java:2187)
	at hudson.model.UpdateCenter$DownloadJob.run(UpdateCenter.java:1850)
	at java.base/java.util.concurrent.Executors$RunnableAdapter.call(Executors.java:515)
	at java.base/java.util.concurrent.FutureTask.run(FutureTask.java:264)
	at hudson.remoting.AtmostOneThreadExecutor$Worker.run(AtmostOneThreadExecutor.java:121)
	at java.base/java.lang.Thread.run(Thread.java:829)
2021-09-27 15:48:28.981+0000 [id=72]	INFO	h.model.UpdateCenter$DownloadJob#run: Starting the installation of matrix-project on behalf of admin
2021-09-27 15:48:29.287+0000 [id=72]	INFO	h.m.UpdateCenter$UpdateCenterConfiguration#download: Downloading matrix-project
2021-09-27 15:48:29.414+0000 [id=72]	SEVERE	h.model.UpdateCenter$DownloadJob#run: Failed to install matrix-project
java.io.IOException: Failed to load: Matrix Project Plugin (1.19)
 - Failed to load: JUnit Plugin (1.53)
	at hudson.PluginWrapper.resolvePluginDependencies(PluginWrapper.java:962)
	at hudson.PluginManager.dynamicLoad(PluginManager.java:921)
Caused: java.io.IOException: Failed to install matrix-project plugin
	at hudson.PluginManager.dynamicLoad(PluginManager.java:934)
	at hudson.model.UpdateCenter$InstallationJob._run(UpdateCenter.java:2183)
Caused: java.io.IOException: Failed to dynamically deploy this plugin
	at hudson.model.UpdateCenter$InstallationJob._run(UpdateCenter.java:2187)
	at hudson.model.UpdateCenter$DownloadJob.run(UpdateCenter.java:1850)
	at java.base/java.util.concurrent.Executors$RunnableAdapter.call(Executors.java:515)
	at java.base/java.util.concurrent.FutureTask.run(FutureTask.java:264)
	at hudson.remoting.AtmostOneThreadExecutor$Worker.run(AtmostOneThreadExecutor.java:121)
	at java.base/java.lang.Thread.run(Thread.java:829)
2021-09-27 15:48:29.414+0000 [id=72]	INFO	h.model.UpdateCenter$DownloadJob#run: Starting the installation of resource-disposer on behalf of admin
2021-09-27 15:48:30.063+0000 [id=72]	INFO	h.m.UpdateCenter$UpdateCenterConfiguration#download: Downloading resource-disposer
2021-09-27 15:48:30.079+0000 [id=72]	INFO	h.model.UpdateCenter$DownloadJob#run: Installation successful: resource-disposer
2021-09-27 15:48:30.080+0000 [id=72]	INFO	h.model.UpdateCenter$DownloadJob#run: Starting the installation of ws-cleanup on behalf of admin
2021-09-27 15:48:50.261+0000 [id=72]	INFO	h.m.UpdateCenter$UpdateCenterConfiguration#download: Downloading ws-cleanup
2021-09-27 15:48:50.262+0000 [id=72]	SEVERE	h.model.UpdateCenter$DownloadJob#run: Failed to install ws-cleanup
java.net.SocketTimeoutException: connect timed out
	at java.base/java.net.PlainSocketImpl.socketConnect(Native Method)
	at java.base/java.net.AbstractPlainSocketImpl.doConnect(AbstractPlainSocketImpl.java:399)
	at java.base/java.net.AbstractPlainSocketImpl.connectToAddress(AbstractPlainSocketImpl.java:242)
	at java.base/java.net.AbstractPlainSocketImpl.connect(AbstractPlainSocketImpl.java:224)
	at java.base/java.net.SocksSocketImpl.connect(SocksSocketImpl.java:392)
	at java.base/java.net.Socket.connect(Socket.java:609)
	at java.base/sun.security.ssl.SSLSocketImpl.connect(SSLSocketImpl.java:289)
	at java.base/sun.net.NetworkClient.doConnect(NetworkClient.java:177)
	at java.base/sun.net.www.http.HttpClient.openServer(HttpClient.java:474)
	at java.base/sun.net.www.http.HttpClient.openServer(HttpClient.java:569)
	at java.base/sun.net.www.protocol.https.HttpsClient.<init>(HttpsClient.java:265)
	at java.base/sun.net.www.protocol.https.HttpsClient.New(HttpsClient.java:372)
	at java.base/sun.net.www.protocol.https.AbstractDelegateHttpsURLConnection.getNewHttpClient(AbstractDelegateHttpsURLConnection.java:203)
	at java.base/sun.net.www.protocol.http.HttpURLConnection.plainConnect0(HttpURLConnection.java:1187)
	at java.base/sun.net.www.protocol.http.HttpURLConnection.plainConnect(HttpURLConnection.java:1081)
	at java.base/sun.net.www.protocol.https.AbstractDelegateHttpsURLConnection.connect(AbstractDelegateHttpsURLConnection.java:189)
	at java.base/sun.net.www.protocol.http.HttpURLConnection.followRedirect0(HttpURLConnection.java:2783)
	at java.base/sun.net.www.protocol.http.HttpURLConnection.followRedirect(HttpURLConnection.java:2695)
	at java.base/sun.net.www.protocol.http.HttpURLConnection.getInputStream0(HttpURLConnection.java:1854)
	at java.base/sun.net.www.protocol.http.HttpURLConnection.getInputStream(HttpURLConnection.java:1520)
	at java.base/sun.net.www.protocol.http.HttpURLConnection.getHeaderField(HttpURLConnection.java:3099)
	at java.base/java.net.URLConnection.getHeaderFieldLong(URLConnection.java:636)
	at java.base/java.net.URLConnection.getContentLengthLong(URLConnection.java:508)
	at java.base/java.net.URLConnection.getContentLength(URLConnection.java:492)
	at java.base/sun.net.www.protocol.https.HttpsURLConnectionImpl.getContentLength(HttpsURLConnectionImpl.java:394)
	at hudson.model.UpdateCenter$UpdateCenterConfiguration.download(UpdateCenter.java:1265)
Caused: java.net.SocketTimeoutException: connect timed out
	at java.base/jdk.internal.reflect.NativeConstructorAccessorImpl.newInstance0(Native Method)
	at java.base/jdk.internal.reflect.NativeConstructorAccessorImpl.newInstance(NativeConstructorAccessorImpl.java:62)
	at java.base/jdk.internal.reflect.DelegatingConstructorAccessorImpl.newInstance(DelegatingConstructorAccessorImpl.java:45)
	at java.base/java.lang.reflect.Constructor.newInstance(Constructor.java:490)
	at java.base/sun.net.www.protocol.http.HttpURLConnection$10.run(HttpURLConnection.java:1974)
	at java.base/sun.net.www.protocol.http.HttpURLConnection$10.run(HttpURLConnection.java:1969)
	at java.base/java.security.AccessController.doPrivileged(Native Method)
	at java.base/sun.net.www.protocol.http.HttpURLConnection.getChainedException(HttpURLConnection.java:1968)
	at java.base/sun.net.www.protocol.http.HttpURLConnection.getInputStream0(HttpURLConnection.java:1536)
	at java.base/sun.net.www.protocol.http.HttpURLConnection.getInputStream(HttpURLConnection.java:1520)
	at java.base/sun.net.www.protocol.https.HttpsURLConnectionImpl.getInputStream(HttpsURLConnectionImpl.java:250)
	at hudson.model.UpdateCenter$UpdateCenterConfiguration.download(UpdateCenter.java:1281)
Caused: java.io.IOException: Failed to load https://updates.jenkins.io/download/plugins/ws-cleanup/0.39/ws-cleanup.hpi to /var/lib/jenkins/plugins/ws-cleanup.jpi.tmp
	at hudson.model.UpdateCenter$UpdateCenterConfiguration.download(UpdateCenter.java:1288)
Caused: java.io.IOException: Failed to download from https://updates.jenkins.io/download/plugins/ws-cleanup/0.39/ws-cleanup.hpi (redirected to: https://get.jenkins.io/plugins/ws-cleanup/0.39/ws-cleanup.hpi)
	at hudson.model.UpdateCenter$UpdateCenterConfiguration.download(UpdateCenter.java:1322)
	at hudson.model.UpdateCenter$DownloadJob._run(UpdateCenter.java:1876)
	at hudson.model.UpdateCenter$InstallationJob._run(UpdateCenter.java:2171)
	at hudson.model.UpdateCenter$DownloadJob.run(UpdateCenter.java:1850)
	at java.base/java.util.concurrent.Executors$RunnableAdapter.call(Executors.java:515)
	at java.base/java.util.concurrent.FutureTask.run(FutureTask.java:264)
	at hudson.remoting.AtmostOneThreadExecutor$Worker.run(AtmostOneThreadExecutor.java:121)
	at java.base/java.lang.Thread.run(Thread.java:829)
2021-09-27 15:48:50.263+0000 [id=72]	INFO	h.model.UpdateCenter$DownloadJob#run: Starting the installation of ant on behalf of admin
2021-09-27 15:49:09.974+0000 [id=72]	INFO	h.m.UpdateCenter$UpdateCenterConfiguration#download: Downloading ant
2021-09-27 15:49:10.055+0000 [id=72]	INFO	h.model.UpdateCenter$DownloadJob#run: Installation successful: ant
2021-09-27 15:49:10.055+0000 [id=72]	INFO	h.model.UpdateCenter$DownloadJob#run: Starting the installation of durable-task on behalf of admin
2021-09-27 15:49:11.390+0000 [id=72]	INFO	h.m.UpdateCenter$UpdateCenterConfiguration#download: Downloading durable-task
2021-09-27 15:49:15.503+0000 [id=72]	INFO	h.model.UpdateCenter$DownloadJob#run: Installation successful: durable-task
2021-09-27 15:49:15.503+0000 [id=72]	INFO	h.model.UpdateCenter$DownloadJob#run: Starting the installation of workflow-durable-task-step on behalf of admin
2021-09-27 15:49:15.785+0000 [id=72]	INFO	h.m.UpdateCenter$UpdateCenterConfiguration#download: Downloading workflow-durable-task-step
2021-09-27 15:49:15.826+0000 [id=72]	INFO	h.model.UpdateCenter$DownloadJob#run: Installation successful: workflow-durable-task-step
2021-09-27 15:49:15.826+0000 [id=72]	INFO	h.model.UpdateCenter$DownloadJob#run: Starting the installation of command-launcher on behalf of admin
2021-09-27 15:49:16.279+0000 [id=72]	INFO	h.m.UpdateCenter$UpdateCenterConfiguration#download: Downloading command-launcher
2021-09-27 15:49:16.323+0000 [id=72]	INFO	h.model.UpdateCenter$DownloadJob#run: Installation successful: command-launcher
2021-09-27 15:49:16.324+0000 [id=72]	INFO	h.model.UpdateCenter$DownloadJob#run: Starting the installation of jdk-tool on behalf of admin
2021-09-27 15:49:16.669+0000 [id=72]	INFO	h.m.UpdateCenter$UpdateCenterConfiguration#download: Downloading jdk-tool
2021-09-27 15:49:16.736+0000 [id=72]	INFO	h.model.UpdateCenter$DownloadJob#run: Installation successful: jdk-tool
2021-09-27 15:49:16.737+0000 [id=72]	INFO	h.model.UpdateCenter$DownloadJob#run: Starting the installation of bouncycastle-api on behalf of admin
2021-09-27 15:49:17.065+0000 [id=72]	INFO	h.m.UpdateCenter$UpdateCenterConfiguration#download: Downloading bouncycastle-api
2021-09-27 15:49:19.969+0000 [id=72]	INFO	h.model.UpdateCenter$DownloadJob#run: Installation successful: bouncycastle-api
2021-09-27 15:49:19.969+0000 [id=72]	INFO	h.model.UpdateCenter$DownloadJob#run: Starting the installation of ace-editor on behalf of admin
2021-09-27 15:49:20.333+0000 [id=72]	INFO	h.m.UpdateCenter$UpdateCenterConfiguration#download: Downloading ace-editor
2021-09-27 15:49:22.782+0000 [id=72]	INFO	h.model.UpdateCenter$DownloadJob#run: Installation successful: ace-editor
2021-09-27 15:49:22.782+0000 [id=72]	INFO	h.model.UpdateCenter$DownloadJob#run: Starting the installation of workflow-scm-step on behalf of admin
2021-09-27 15:49:23.147+0000 [id=72]	INFO	h.m.UpdateCenter$UpdateCenterConfiguration#download: Downloading workflow-scm-step
2021-09-27 15:49:23.153+0000 [id=72]	INFO	h.model.UpdateCenter$DownloadJob#run: Installation successful: workflow-scm-step
2021-09-27 15:49:23.153+0000 [id=72]	INFO	h.model.UpdateCenter$DownloadJob#run: Starting the installation of workflow-cps on behalf of admin
2021-09-27 15:49:23.491+0000 [id=72]	INFO	h.m.UpdateCenter$UpdateCenterConfiguration#download: Downloading workflow-cps
2021-09-27 15:49:23.821+0000 [id=72]	INFO	h.model.UpdateCenter$DownloadJob#run: Installation successful: workflow-cps
2021-09-27 15:49:23.822+0000 [id=72]	INFO	h.model.UpdateCenter$DownloadJob#run: Starting the installation of workflow-job on behalf of admin
2021-09-27 15:49:24.586+0000 [id=72]	INFO	h.m.UpdateCenter$UpdateCenterConfiguration#download: Downloading workflow-job
2021-09-27 15:49:24.773+0000 [id=72]	INFO	h.model.UpdateCenter$DownloadJob#run: Installation successful: workflow-job
2021-09-27 15:49:24.773+0000 [id=72]	INFO	h.model.UpdateCenter$DownloadJob#run: Starting the installation of apache-httpcomponents-client-4-api on behalf of admin
2021-09-27 15:49:25.370+0000 [id=72]	INFO	h.m.UpdateCenter$UpdateCenterConfiguration#download: Downloading apache-httpcomponents-client-4-api
2021-09-27 15:49:26.207+0000 [id=72]	INFO	h.model.UpdateCenter$DownloadJob#run: Installation successful: apache-httpcomponents-client-4-api
2021-09-27 15:49:26.207+0000 [id=72]	INFO	h.model.UpdateCenter$DownloadJob#run: Starting the installation of mailer on behalf of admin
2021-09-27 15:49:26.505+0000 [id=72]	INFO	h.m.UpdateCenter$UpdateCenterConfiguration#download: Downloading mailer
2021-09-27 15:49:26.542+0000 [id=72]	SEVERE	h.model.UpdateCenter$DownloadJob#run: Failed to install mailer
java.io.IOException: Failed to load: Jenkins Mailer Plugin (1.34)
 - Plugin is missing: display-url-api (2.3.4)
	at hudson.PluginWrapper.resolvePluginDependencies(PluginWrapper.java:962)
	at hudson.PluginManager.dynamicLoad(PluginManager.java:921)
Caused: java.io.IOException: Failed to install mailer plugin
	at hudson.PluginManager.dynamicLoad(PluginManager.java:934)
	at hudson.model.UpdateCenter$InstallationJob._run(UpdateCenter.java:2183)
Caused: java.io.IOException: Failed to dynamically deploy this plugin
	at hudson.model.UpdateCenter$InstallationJob._run(UpdateCenter.java:2187)
	at hudson.model.UpdateCenter$DownloadJob.run(UpdateCenter.java:1850)
	at java.base/java.util.concurrent.Executors$RunnableAdapter.call(Executors.java:515)
	at java.base/java.util.concurrent.FutureTask.run(FutureTask.java:264)
	at hudson.remoting.AtmostOneThreadExecutor$Worker.run(AtmostOneThreadExecutor.java:121)
	at java.base/java.lang.Thread.run(Thread.java:829)
2021-09-27 15:49:26.542+0000 [id=72]	INFO	h.model.UpdateCenter$DownloadJob#run: Starting the installation of workflow-basic-steps on behalf of admin
2021-09-27 15:49:26.834+0000 [id=72]	INFO	h.m.UpdateCenter$UpdateCenterConfiguration#download: Downloading workflow-basic-steps
2021-09-27 15:49:26.996+0000 [id=72]	SEVERE	h.model.UpdateCenter$DownloadJob#run: Failed to install workflow-basic-steps
java.io.IOException: Failed to load: Pipeline: Basic Steps (2.24)
 - Failed to load: Jenkins Mailer Plugin (1.34)
	at hudson.PluginWrapper.resolvePluginDependencies(PluginWrapper.java:962)
	at hudson.PluginManager.dynamicLoad(PluginManager.java:921)
Caused: java.io.IOException: Failed to install workflow-basic-steps plugin
	at hudson.PluginManager.dynamicLoad(PluginManager.java:934)
	at hudson.model.UpdateCenter$InstallationJob._run(UpdateCenter.java:2183)
Caused: java.io.IOException: Failed to dynamically deploy this plugin
	at hudson.model.UpdateCenter$InstallationJob._run(UpdateCenter.java:2187)
	at hudson.model.UpdateCenter$DownloadJob.run(UpdateCenter.java:1850)
	at java.base/java.util.concurrent.Executors$RunnableAdapter.call(Executors.java:515)
	at java.base/java.util.concurrent.FutureTask.run(FutureTask.java:264)
	at hudson.remoting.AtmostOneThreadExecutor$Worker.run(AtmostOneThreadExecutor.java:121)
	at java.base/java.lang.Thread.run(Thread.java:829)
2021-09-27 15:49:26.997+0000 [id=72]	INFO	h.model.UpdateCenter$DownloadJob#run: Starting the installation of gradle on behalf of admin
2021-09-27 15:49:27.269+0000 [id=72]	INFO	h.m.UpdateCenter$UpdateCenterConfiguration#download: Downloading gradle
2021-09-27 15:49:27.338+0000 [id=72]	SEVERE	h.model.UpdateCenter$DownloadJob#run: Failed to install gradle
java.io.IOException: Failed to load: Gradle Plugin (1.37.1)
 - Failed to load: Pipeline: Basic Steps (2.24)
	at hudson.PluginWrapper.resolvePluginDependencies(PluginWrapper.java:962)
	at hudson.PluginManager.dynamicLoad(PluginManager.java:921)
Caused: java.io.IOException: Failed to install gradle plugin
	at hudson.PluginManager.dynamicLoad(PluginManager.java:934)
	at hudson.model.UpdateCenter$InstallationJob._run(UpdateCenter.java:2183)
Caused: java.io.IOException: Failed to dynamically deploy this plugin
	at hudson.model.UpdateCenter$InstallationJob._run(UpdateCenter.java:2187)
	at hudson.model.UpdateCenter$DownloadJob.run(UpdateCenter.java:1850)
	at java.base/java.util.concurrent.Executors$RunnableAdapter.call(Executors.java:515)
	at java.base/java.util.concurrent.FutureTask.run(FutureTask.java:264)
	at hudson.remoting.AtmostOneThreadExecutor$Worker.run(AtmostOneThreadExecutor.java:121)
	at java.base/java.lang.Thread.run(Thread.java:829)
2021-09-27 15:49:27.339+0000 [id=72]	INFO	h.model.UpdateCenter$DownloadJob#run: Starting the installation of pipeline-milestone-step on behalf of admin
2021-09-27 15:49:27.649+0000 [id=72]	INFO	h.m.UpdateCenter$UpdateCenterConfiguration#download: Downloading pipeline-milestone-step
2021-09-27 15:49:27.656+0000 [id=72]	INFO	h.model.UpdateCenter$DownloadJob#run: Installation successful: pipeline-milestone-step
2021-09-27 15:49:27.656+0000 [id=72]	INFO	h.model.UpdateCenter$DownloadJob#run: Starting the installation of pipeline-input-step on behalf of admin
2021-09-27 15:49:27.940+0000 [id=72]	INFO	h.m.UpdateCenter$UpdateCenterConfiguration#download: Downloading pipeline-input-step
2021-09-27 15:49:27.982+0000 [id=72]	INFO	h.model.UpdateCenter$DownloadJob#run: Installation successful: pipeline-input-step
2021-09-27 15:49:27.983+0000 [id=72]	INFO	h.model.UpdateCenter$DownloadJob#run: Starting the installation of pipeline-stage-step on behalf of admin
2021-09-27 15:49:28.298+0000 [id=72]	INFO	h.m.UpdateCenter$UpdateCenterConfiguration#download: Downloading pipeline-stage-step
2021-09-27 15:49:28.306+0000 [id=72]	INFO	h.model.UpdateCenter$DownloadJob#run: Installation successful: pipeline-stage-step
2021-09-27 15:49:28.306+0000 [id=72]	INFO	h.model.UpdateCenter$DownloadJob#run: Starting the installation of pipeline-graph-analysis on behalf of admin
2021-09-27 15:49:28.664+0000 [id=72]	INFO	h.m.UpdateCenter$UpdateCenterConfiguration#download: Downloading pipeline-graph-analysis
2021-09-27 15:49:28.672+0000 [id=72]	INFO	h.model.UpdateCenter$DownloadJob#run: Installation successful: pipeline-graph-analysis
2021-09-27 15:49:28.672+0000 [id=72]	INFO	h.model.UpdateCenter$DownloadJob#run: Starting the installation of pipeline-rest-api on behalf of admin
2021-09-27 15:49:29.172+0000 [id=72]	INFO	h.m.UpdateCenter$UpdateCenterConfiguration#download: Downloading pipeline-rest-api
2021-09-27 15:49:29.272+0000 [id=72]	INFO	h.model.UpdateCenter$DownloadJob#run: Installation successful: pipeline-rest-api
2021-09-27 15:49:29.272+0000 [id=72]	INFO	h.model.UpdateCenter$DownloadJob#run: Starting the installation of handlebars on behalf of admin
2021-09-27 15:49:29.596+0000 [id=72]	INFO	h.m.UpdateCenter$UpdateCenterConfiguration#download: Downloading handlebars
2021-09-27 15:49:29.700+0000 [id=72]	INFO	h.model.UpdateCenter$DownloadJob#run: Installation successful: handlebars
2021-09-27 15:49:29.700+0000 [id=72]	INFO	h.model.UpdateCenter$DownloadJob#run: Starting the installation of momentjs on behalf of admin
2021-09-27 15:49:30.087+0000 [id=72]	INFO	h.m.UpdateCenter$UpdateCenterConfiguration#download: Downloading momentjs
2021-09-27 15:49:30.178+0000 [id=72]	INFO	h.model.UpdateCenter$DownloadJob#run: Installation successful: momentjs
2021-09-27 15:49:30.178+0000 [id=72]	INFO	h.model.UpdateCenter$DownloadJob#run: Starting the installation of pipeline-stage-view on behalf of admin
2021-09-27 15:49:30.470+0000 [id=72]	INFO	h.m.UpdateCenter$UpdateCenterConfiguration#download: Downloading pipeline-stage-view
2021-09-27 15:49:30.645+0000 [id=72]	INFO	h.model.UpdateCenter$DownloadJob#run: Installation successful: pipeline-stage-view
2021-09-27 15:49:30.646+0000 [id=72]	INFO	h.model.UpdateCenter$DownloadJob#run: Starting the installation of pipeline-build-step on behalf of admin
2021-09-27 15:49:30.939+0000 [id=72]	INFO	h.m.UpdateCenter$UpdateCenterConfiguration#download: Downloading pipeline-build-step
2021-09-27 15:49:31.010+0000 [id=72]	INFO	h.model.UpdateCenter$DownloadJob#run: Installation successful: pipeline-build-step
2021-09-27 15:49:31.010+0000 [id=72]	INFO	h.model.UpdateCenter$DownloadJob#run: Starting the installation of pipeline-model-api on behalf of admin
2021-09-27 15:49:31.319+0000 [id=72]	INFO	h.m.UpdateCenter$UpdateCenterConfiguration#download: Downloading pipeline-model-api
2021-09-27 15:49:32.544+0000 [id=72]	INFO	h.model.UpdateCenter$DownloadJob#run: Installation successful: pipeline-model-api
2021-09-27 15:49:32.544+0000 [id=72]	INFO	h.model.UpdateCenter$DownloadJob#run: Starting the installation of pipeline-model-extensions on behalf of admin
2021-09-27 15:49:32.972+0000 [id=72]	INFO	h.m.UpdateCenter$UpdateCenterConfiguration#download: Downloading pipeline-model-extensions
2021-09-27 15:49:32.981+0000 [id=72]	INFO	h.model.UpdateCenter$DownloadJob#run: Installation successful: pipeline-model-extensions
2021-09-27 15:49:32.982+0000 [id=72]	INFO	h.model.UpdateCenter$DownloadJob#run: Starting the installation of jsch on behalf of admin
2021-09-27 15:49:33.263+0000 [id=72]	INFO	h.m.UpdateCenter$UpdateCenterConfiguration#download: Downloading jsch
2021-09-27 15:49:33.464+0000 [id=72]	INFO	h.model.UpdateCenter$DownloadJob#run: Installation successful: jsch
2021-09-27 15:49:33.465+0000 [id=72]	INFO	h.model.UpdateCenter$DownloadJob#run: Starting the installation of git-client on behalf of admin
2021-09-27 15:49:33.752+0000 [id=72]	INFO	h.m.UpdateCenter$UpdateCenterConfiguration#download: Downloading git-client
2021-09-27 15:49:35.546+0000 [id=72]	INFO	h.model.UpdateCenter$DownloadJob#run: Installation successful: git-client
2021-09-27 15:49:35.546+0000 [id=72]	INFO	h.model.UpdateCenter$DownloadJob#run: Starting the installation of git-server on behalf of admin
2021-09-27 15:49:35.852+0000 [id=72]	INFO	h.m.UpdateCenter$UpdateCenterConfiguration#download: Downloading git-server
2021-09-27 15:49:35.897+0000 [id=72]	INFO	h.model.UpdateCenter$DownloadJob#run: Installation successful: git-server
2021-09-27 15:49:35.897+0000 [id=72]	INFO	h.model.UpdateCenter$DownloadJob#run: Starting the installation of workflow-cps-global-lib on behalf of admin
2021-09-27 15:49:36.197+0000 [id=72]	INFO	h.m.UpdateCenter$UpdateCenterConfiguration#download: Downloading workflow-cps-global-lib
2021-09-27 15:49:36.878+0000 [id=72]	INFO	h.model.UpdateCenter$DownloadJob#run: Installation successful: workflow-cps-global-lib
2021-09-27 15:49:36.878+0000 [id=72]	INFO	h.model.UpdateCenter$DownloadJob#run: Starting the installation of branch-api on behalf of admin
2021-09-27 15:49:37.332+0000 [id=72]	INFO	h.m.UpdateCenter$UpdateCenterConfiguration#download: Downloading branch-api
2021-09-27 15:49:37.550+0000 [id=72]	INFO	h.model.UpdateCenter$DownloadJob#run: Installation successful: branch-api
2021-09-27 15:49:37.550+0000 [id=72]	INFO	h.model.UpdateCenter$DownloadJob#run: Starting the installation of workflow-multibranch on behalf of admin
2021-09-27 15:49:37.858+0000 [id=72]	INFO	h.m.UpdateCenter$UpdateCenterConfiguration#download: Downloading workflow-multibranch
2021-09-27 15:49:37.967+0000 [id=72]	INFO	h.model.UpdateCenter$DownloadJob#run: Installation successful: workflow-multibranch
2021-09-27 15:49:37.967+0000 [id=72]	INFO	h.model.UpdateCenter$DownloadJob#run: Starting the installation of pipeline-stage-tags-metadata on behalf of admin
2021-09-27 15:49:38.266+0000 [id=72]	INFO	h.m.UpdateCenter$UpdateCenterConfiguration#download: Downloading pipeline-stage-tags-metadata
2021-09-27 15:49:38.273+0000 [id=72]	INFO	h.model.UpdateCenter$DownloadJob#run: Installation successful: pipeline-stage-tags-metadata
2021-09-27 15:49:38.273+0000 [id=72]	INFO	h.model.UpdateCenter$DownloadJob#run: Starting the installation of pipeline-model-definition on behalf of admin
2021-09-27 15:49:38.567+0000 [id=72]	INFO	h.m.UpdateCenter$UpdateCenterConfiguration#download: Downloading pipeline-model-definition
2021-09-27 15:49:39.054+0000 [id=72]	SEVERE	h.model.UpdateCenter$DownloadJob#run: Failed to install pipeline-model-definition
java.io.IOException: Failed to load: Pipeline: Declarative (1.9.2)
 - Failed to load: Pipeline: Basic Steps (2.24)
	at hudson.PluginWrapper.resolvePluginDependencies(PluginWrapper.java:962)
	at hudson.PluginManager.dynamicLoad(PluginManager.java:921)
Caused: java.io.IOException: Failed to install pipeline-model-definition plugin
	at hudson.PluginManager.dynamicLoad(PluginManager.java:934)
	at hudson.model.UpdateCenter$InstallationJob._run(UpdateCenter.java:2183)
Caused: java.io.IOException: Failed to dynamically deploy this plugin
	at hudson.model.UpdateCenter$InstallationJob._run(UpdateCenter.java:2187)
	at hudson.model.UpdateCenter$DownloadJob.run(UpdateCenter.java:1850)
	at java.base/java.util.concurrent.Executors$RunnableAdapter.call(Executors.java:515)
	at java.base/java.util.concurrent.FutureTask.run(FutureTask.java:264)
	at hudson.remoting.AtmostOneThreadExecutor$Worker.run(AtmostOneThreadExecutor.java:121)
	at java.base/java.lang.Thread.run(Thread.java:829)
2021-09-27 15:49:39.054+0000 [id=72]	INFO	h.model.UpdateCenter$DownloadJob#run: Starting the installation of lockable-resources on behalf of admin
2021-09-27 15:49:39.371+0000 [id=72]	INFO	h.m.UpdateCenter$UpdateCenterConfiguration#download: Downloading lockable-resources
2021-09-27 15:49:39.454+0000 [id=72]	SEVERE	h.model.UpdateCenter$DownloadJob#run: Failed to install lockable-resources
java.io.IOException: Failed to load: Lockable Resources plugin (2.11)
 - Failed to load: Jenkins Mailer Plugin (1.34)
	at hudson.PluginWrapper.resolvePluginDependencies(PluginWrapper.java:962)
	at hudson.PluginManager.dynamicLoad(PluginManager.java:921)
Caused: java.io.IOException: Failed to install lockable-resources plugin
	at hudson.PluginManager.dynamicLoad(PluginManager.java:934)
	at hudson.model.UpdateCenter$InstallationJob._run(UpdateCenter.java:2183)
Caused: java.io.IOException: Failed to dynamically deploy this plugin
	at hudson.model.UpdateCenter$InstallationJob._run(UpdateCenter.java:2187)
	at hudson.model.UpdateCenter$DownloadJob.run(UpdateCenter.java:1850)
	at java.base/java.util.concurrent.Executors$RunnableAdapter.call(Executors.java:515)
	at java.base/java.util.concurrent.FutureTask.run(FutureTask.java:264)
	at hudson.remoting.AtmostOneThreadExecutor$Worker.run(AtmostOneThreadExecutor.java:121)
	at java.base/java.lang.Thread.run(Thread.java:829)
2021-09-27 15:49:39.454+0000 [id=72]	INFO	h.model.UpdateCenter$DownloadJob#run: Starting the installation of workflow-aggregator on behalf of admin
2021-09-27 15:49:39.761+0000 [id=72]	INFO	h.m.UpdateCenter$UpdateCenterConfiguration#download: Downloading workflow-aggregator
2021-09-27 15:49:39.770+0000 [id=72]	SEVERE	h.model.UpdateCenter$DownloadJob#run: Failed to install workflow-aggregator
java.io.IOException: Failed to load: Pipeline (2.6)
 - Failed to load: Lockable Resources plugin (2.11)
	at hudson.PluginWrapper.resolvePluginDependencies(PluginWrapper.java:962)
	at hudson.PluginManager.dynamicLoad(PluginManager.java:921)
Caused: java.io.IOException: Failed to install workflow-aggregator plugin
	at hudson.PluginManager.dynamicLoad(PluginManager.java:934)
	at hudson.model.UpdateCenter$InstallationJob._run(UpdateCenter.java:2183)
Caused: java.io.IOException: Failed to dynamically deploy this plugin
	at hudson.model.UpdateCenter$InstallationJob._run(UpdateCenter.java:2187)
	at hudson.model.UpdateCenter$DownloadJob.run(UpdateCenter.java:1850)
	at java.base/java.util.concurrent.Executors$RunnableAdapter.call(Executors.java:515)
	at java.base/java.util.concurrent.FutureTask.run(FutureTask.java:264)
	at hudson.remoting.AtmostOneThreadExecutor$Worker.run(AtmostOneThreadExecutor.java:121)
	at java.base/java.lang.Thread.run(Thread.java:829)
2021-09-27 15:49:39.770+0000 [id=72]	INFO	h.model.UpdateCenter$DownloadJob#run: Starting the installation of jjwt-api on behalf of admin
2021-09-27 15:49:40.064+0000 [id=72]	INFO	h.m.UpdateCenter$UpdateCenterConfiguration#download: Downloading jjwt-api
2021-09-27 15:49:40.190+0000 [id=72]	INFO	h.model.UpdateCenter$DownloadJob#run: Installation successful: jjwt-api
2021-09-27 15:49:40.190+0000 [id=72]	INFO	h.model.UpdateCenter$DownloadJob#run: Starting the installation of okhttp-api on behalf of admin
2021-09-27 15:49:40.532+0000 [id=72]	INFO	h.m.UpdateCenter$UpdateCenterConfiguration#download: Downloading okhttp-api
2021-09-27 15:49:40.820+0000 [id=72]	INFO	h.model.UpdateCenter$DownloadJob#run: Installation successful: okhttp-api
2021-09-27 15:49:40.820+0000 [id=72]	INFO	h.model.UpdateCenter$DownloadJob#run: Starting the installation of github-api on behalf of admin
2021-09-27 15:49:42.174+0000 [id=72]	INFO	h.m.UpdateCenter$UpdateCenterConfiguration#download: Downloading github-api
2021-09-27 15:49:42.872+0000 [id=72]	INFO	h.model.UpdateCenter$DownloadJob#run: Installation successful: github-api
2021-09-27 15:49:42.873+0000 [id=72]	INFO	h.model.UpdateCenter$DownloadJob#run: Starting the installation of git on behalf of admin
2021-09-27 15:49:43.165+0000 [id=72]	INFO	h.m.UpdateCenter$UpdateCenterConfiguration#download: Downloading git
2021-09-27 15:49:43.473+0000 [id=72]	SEVERE	h.model.UpdateCenter$DownloadJob#run: Failed to install git
java.io.IOException: Failed to load: Jenkins Git plugin (4.8.2)
 - Failed to load: Jenkins Mailer Plugin (1.34)
	at hudson.PluginWrapper.resolvePluginDependencies(PluginWrapper.java:962)
	at hudson.PluginManager.dynamicLoad(PluginManager.java:921)
Caused: java.io.IOException: Failed to install git plugin
	at hudson.PluginManager.dynamicLoad(PluginManager.java:934)
	at hudson.model.UpdateCenter$InstallationJob._run(UpdateCenter.java:2183)
Caused: java.io.IOException: Failed to dynamically deploy this plugin
	at hudson.model.UpdateCenter$InstallationJob._run(UpdateCenter.java:2187)
	at hudson.model.UpdateCenter$DownloadJob.run(UpdateCenter.java:1850)
	at java.base/java.util.concurrent.Executors$RunnableAdapter.call(Executors.java:515)
	at java.base/java.util.concurrent.FutureTask.run(FutureTask.java:264)
	at hudson.remoting.AtmostOneThreadExecutor$Worker.run(AtmostOneThreadExecutor.java:121)
	at java.base/java.lang.Thread.run(Thread.java:829)
2021-09-27 15:49:43.473+0000 [id=72]	INFO	h.model.UpdateCenter$DownloadJob#run: Starting the installation of github on behalf of admin
2021-09-27 15:49:43.954+0000 [id=72]	INFO	h.m.UpdateCenter$UpdateCenterConfiguration#download: Downloading github
2021-09-27 15:49:44.394+0000 [id=72]	SEVERE	h.model.UpdateCenter$DownloadJob#run: Failed to install github
java.io.IOException: Failed to load: GitHub plugin (1.34.1)
 - Failed to load: Jenkins Git plugin (4.8.2)
 - Plugin is missing: display-url-api (2.3.4)
	at hudson.PluginWrapper.resolvePluginDependencies(PluginWrapper.java:962)
	at hudson.PluginManager.dynamicLoad(PluginManager.java:921)
Caused: java.io.IOException: Failed to install github plugin
	at hudson.PluginManager.dynamicLoad(PluginManager.java:934)
	at hudson.model.UpdateCenter$InstallationJob._run(UpdateCenter.java:2183)
Caused: java.io.IOException: Failed to dynamically deploy this plugin
	at hudson.model.UpdateCenter$InstallationJob._run(UpdateCenter.java:2187)
	at hudson.model.UpdateCenter$DownloadJob.run(UpdateCenter.java:1850)
	at java.base/java.util.concurrent.Executors$RunnableAdapter.call(Executors.java:515)
	at java.base/java.util.concurrent.FutureTask.run(FutureTask.java:264)
	at hudson.remoting.AtmostOneThreadExecutor$Worker.run(AtmostOneThreadExecutor.java:121)
	at java.base/java.lang.Thread.run(Thread.java:829)
2021-09-27 15:49:44.395+0000 [id=72]	INFO	h.model.UpdateCenter$DownloadJob#run: Starting the installation of github-branch-source on behalf of admin
2021-09-27 15:49:44.704+0000 [id=72]	INFO	h.m.UpdateCenter$UpdateCenterConfiguration#download: Downloading github-branch-source
2021-09-27 15:49:44.832+0000 [id=72]	SEVERE	h.model.UpdateCenter$DownloadJob#run: Failed to install github-branch-source
java.io.IOException: Failed to load: GitHub Branch Source Plugin (2.11.2)
 - Failed to load: GitHub plugin (1.34.1)
	at hudson.PluginWrapper.resolvePluginDependencies(PluginWrapper.java:962)
	at hudson.PluginManager.dynamicLoad(PluginManager.java:921)
Caused: java.io.IOException: Failed to install github-branch-source plugin
	at hudson.PluginManager.dynamicLoad(PluginManager.java:934)
	at hudson.model.UpdateCenter$InstallationJob._run(UpdateCenter.java:2183)
Caused: java.io.IOException: Failed to dynamically deploy this plugin
	at hudson.model.UpdateCenter$InstallationJob._run(UpdateCenter.java:2187)
	at hudson.model.UpdateCenter$DownloadJob.run(UpdateCenter.java:1850)
	at java.base/java.util.concurrent.Executors$RunnableAdapter.call(Executors.java:515)
	at java.base/java.util.concurrent.FutureTask.run(FutureTask.java:264)
	at hudson.remoting.AtmostOneThreadExecutor$Worker.run(AtmostOneThreadExecutor.java:121)
	at java.base/java.lang.Thread.run(Thread.java:829)
2021-09-27 15:49:44.832+0000 [id=72]	INFO	h.model.UpdateCenter$DownloadJob#run: Starting the installation of pipeline-github-lib on behalf of admin
2021-09-27 15:49:45.134+0000 [id=72]	INFO	h.m.UpdateCenter$UpdateCenterConfiguration#download: Downloading pipeline-github-lib
2021-09-27 15:49:45.145+0000 [id=72]	SEVERE	h.model.UpdateCenter$DownloadJob#run: Failed to install pipeline-github-lib
java.io.IOException: Failed to load: Pipeline: GitHub Groovy Libraries (1.0)
 - Failed to load: Jenkins Git plugin (4.8.2)
	at hudson.PluginWrapper.resolvePluginDependencies(PluginWrapper.java:962)
	at hudson.PluginManager.dynamicLoad(PluginManager.java:921)
Caused: java.io.IOException: Failed to install pipeline-github-lib plugin
	at hudson.PluginManager.dynamicLoad(PluginManager.java:934)
	at hudson.model.UpdateCenter$InstallationJob._run(UpdateCenter.java:2183)
Caused: java.io.IOException: Failed to dynamically deploy this plugin
	at hudson.model.UpdateCenter$InstallationJob._run(UpdateCenter.java:2187)
	at hudson.model.UpdateCenter$DownloadJob.run(UpdateCenter.java:1850)
	at java.base/java.util.concurrent.Executors$RunnableAdapter.call(Executors.java:515)
	at java.base/java.util.concurrent.FutureTask.run(FutureTask.java:264)
	at hudson.remoting.AtmostOneThreadExecutor$Worker.run(AtmostOneThreadExecutor.java:121)
	at java.base/java.lang.Thread.run(Thread.java:829)
2021-09-27 15:49:45.148+0000 [id=72]	INFO	h.model.UpdateCenter$DownloadJob#run: Starting the installation of pipeline-stage-view on behalf of admin
2021-09-27 15:49:45.148+0000 [id=72]	INFO	h.m.UpdateCenter$InstallationJob#_run: Skipping duplicate install of: Pipeline: Stage View@2.19
2021-09-27 15:49:45.148+0000 [id=72]	INFO	h.model.UpdateCenter$DownloadJob#run: Installation successful: pipeline-stage-view
2021-09-27 15:49:45.149+0000 [id=72]	INFO	h.model.UpdateCenter$DownloadJob#run: Starting the installation of git on behalf of admin
2021-09-27 15:49:45.440+0000 [id=72]	INFO	h.m.UpdateCenter$UpdateCenterConfiguration#download: Downloading git
2021-09-27 15:49:45.763+0000 [id=72]	SEVERE	h.model.UpdateCenter$DownloadJob#run: Failed to install git
java.io.IOException: Failed to load: Jenkins Git plugin (4.8.2)
 - Failed to load: Jenkins Mailer Plugin (1.34)
	at hudson.PluginWrapper.resolvePluginDependencies(PluginWrapper.java:962)
	at hudson.PluginManager.dynamicLoad(PluginManager.java:921)
Caused: java.io.IOException: Failed to install git plugin
	at hudson.PluginManager.dynamicLoad(PluginManager.java:934)
	at hudson.model.UpdateCenter$InstallationJob._run(UpdateCenter.java:2183)
Caused: java.io.IOException: Failed to dynamically deploy this plugin
	at hudson.model.UpdateCenter$InstallationJob._run(UpdateCenter.java:2187)
	at hudson.model.UpdateCenter$DownloadJob.run(UpdateCenter.java:1850)
	at java.base/java.util.concurrent.Executors$RunnableAdapter.call(Executors.java:515)
	at java.base/java.util.concurrent.FutureTask.run(FutureTask.java:264)
	at hudson.remoting.AtmostOneThreadExecutor$Worker.run(AtmostOneThreadExecutor.java:121)
	at java.base/java.lang.Thread.run(Thread.java:829)
2021-09-27 15:49:45.764+0000 [id=72]	INFO	h.model.UpdateCenter$DownloadJob#run: Starting the installation of ssh-slaves on behalf of admin
2021-09-27 15:49:46.059+0000 [id=72]	INFO	h.m.UpdateCenter$UpdateCenterConfiguration#download: Downloading ssh-slaves
2021-09-27 15:49:46.172+0000 [id=72]	INFO	h.model.UpdateCenter$DownloadJob#run: Installation successful: ssh-slaves
2021-09-27 15:49:46.172+0000 [id=72]	INFO	h.model.UpdateCenter$DownloadJob#run: Starting the installation of matrix-auth on behalf of admin
2021-09-27 15:49:46.492+0000 [id=72]	INFO	h.m.UpdateCenter$UpdateCenterConfiguration#download: Downloading matrix-auth
2021-09-27 15:49:46.573+0000 [id=72]	INFO	h.model.UpdateCenter$DownloadJob#run: Installation successful: matrix-auth
2021-09-27 15:49:46.573+0000 [id=72]	INFO	h.model.UpdateCenter$DownloadJob#run: Starting the installation of pam-auth on behalf of admin
2021-09-27 15:49:46.857+0000 [id=72]	INFO	h.m.UpdateCenter$UpdateCenterConfiguration#download: Downloading pam-auth
2021-09-27 15:49:47.544+0000 [id=72]	INFO	h.model.UpdateCenter$DownloadJob#run: Installation successful: pam-auth
2021-09-27 15:49:47.544+0000 [id=72]	INFO	h.model.UpdateCenter$DownloadJob#run: Starting the installation of ldap on behalf of admin
2021-09-27 15:49:48.277+0000 [id=72]	INFO	h.m.UpdateCenter$UpdateCenterConfiguration#download: Downloading ldap
2021-09-27 15:49:49.527+0000 [id=72]	SEVERE	h.model.UpdateCenter$DownloadJob#run: Failed to install ldap
java.io.IOException: Failed to load: LDAP Plugin (2.7)
 - Failed to load: Jenkins Mailer Plugin (1.34)
	at hudson.PluginWrapper.resolvePluginDependencies(PluginWrapper.java:962)
	at hudson.PluginManager.dynamicLoad(PluginManager.java:921)
Caused: java.io.IOException: Failed to install ldap plugin
	at hudson.PluginManager.dynamicLoad(PluginManager.java:934)
	at hudson.model.UpdateCenter$InstallationJob._run(UpdateCenter.java:2183)
Caused: java.io.IOException: Failed to dynamically deploy this plugin
	at hudson.model.UpdateCenter$InstallationJob._run(UpdateCenter.java:2187)
	at hudson.model.UpdateCenter$DownloadJob.run(UpdateCenter.java:1850)
	at java.base/java.util.concurrent.Executors$RunnableAdapter.call(Executors.java:515)
	at java.base/java.util.concurrent.FutureTask.run(FutureTask.java:264)
	at hudson.remoting.AtmostOneThreadExecutor$Worker.run(AtmostOneThreadExecutor.java:121)
	at java.base/java.lang.Thread.run(Thread.java:829)
2021-09-27 15:49:49.528+0000 [id=72]	INFO	h.model.UpdateCenter$DownloadJob#run: Starting the installation of email-ext on behalf of admin
2021-09-27 15:49:49.929+0000 [id=72]	INFO	h.m.UpdateCenter$UpdateCenterConfiguration#download: Downloading email-ext
2021-09-27 15:49:50.235+0000 [id=72]	SEVERE	h.model.UpdateCenter$DownloadJob#run: Failed to install email-ext
java.io.IOException: Failed to load: Email Extension Plugin (2.83)
 - Failed to load: JUnit Plugin (1.53)
	at hudson.PluginWrapper.resolvePluginDependencies(PluginWrapper.java:962)
	at hudson.PluginManager.dynamicLoad(PluginManager.java:921)
Caused: java.io.IOException: Failed to install email-ext plugin
	at hudson.PluginManager.dynamicLoad(PluginManager.java:934)
	at hudson.model.UpdateCenter$InstallationJob._run(UpdateCenter.java:2183)
Caused: java.io.IOException: Failed to dynamically deploy this plugin
	at hudson.model.UpdateCenter$InstallationJob._run(UpdateCenter.java:2187)
	at hudson.model.UpdateCenter$DownloadJob.run(UpdateCenter.java:1850)
	at java.base/java.util.concurrent.Executors$RunnableAdapter.call(Executors.java:515)
	at java.base/java.util.concurrent.FutureTask.run(FutureTask.java:264)
	at hudson.remoting.AtmostOneThreadExecutor$Worker.run(AtmostOneThreadExecutor.java:121)
	at java.base/java.lang.Thread.run(Thread.java:829)
2021-09-27 15:49:50.235+0000 [id=72]	INFO	h.model.UpdateCenter$DownloadJob#run: Starting the installation of mailer on behalf of admin
2021-09-27 15:49:50.549+0000 [id=72]	INFO	h.m.UpdateCenter$UpdateCenterConfiguration#download: Downloading mailer
2021-09-27 15:49:50.666+0000 [id=72]	SEVERE	h.model.UpdateCenter$DownloadJob#run: Failed to install mailer
java.io.IOException: Failed to load: Jenkins Mailer Plugin (1.34)
 - Plugin is missing: display-url-api (2.3.4)
	at hudson.PluginWrapper.resolvePluginDependencies(PluginWrapper.java:962)
	at hudson.PluginManager.dynamicLoad(PluginManager.java:921)
Caused: java.io.IOException: Failed to install mailer plugin
	at hudson.PluginManager.dynamicLoad(PluginManager.java:934)
	at hudson.model.UpdateCenter$InstallationJob._run(UpdateCenter.java:2183)
Caused: java.io.IOException: Failed to dynamically deploy this plugin
	at hudson.model.UpdateCenter$InstallationJob._run(UpdateCenter.java:2187)
	at hudson.model.UpdateCenter$DownloadJob.run(UpdateCenter.java:1850)
	at java.base/java.util.concurrent.Executors$RunnableAdapter.call(Executors.java:515)
	at java.base/java.util.concurrent.FutureTask.run(FutureTask.java:264)
	at hudson.remoting.AtmostOneThreadExecutor$Worker.run(AtmostOneThreadExecutor.java:121)
	at java.base/java.lang.Thread.run(Thread.java:829)
2021-09-27 15:49:50.666+0000 [id=72]	INFO	h.m.UpdateCenter$CompleteBatchJob#run: Completing installing of plugin batch
2021-09-27 15:49:52.537+0000 [id=72]	INFO	h.m.DownloadService$Downloadable#load: Obtained the updated data file for hudson.tasks.Ant.AntInstaller
2021-09-27 15:49:53.257+0000 [id=72]	INFO	h.m.DownloadService$Downloadable#load: Obtained the updated data file for hudson.tools.JDKInstaller
2021-09-27 15:49:53.290+0000 [id=254]	INFO	jenkins.InitReactorRunner$1#onAttained: Started initialization
2021-09-27 15:49:53.304+0000 [id=257]	INFO	jenkins.InitReactorRunner$1#onAttained: Listed all plugins
2021-09-27 15:49:53.304+0000 [id=257]	INFO	jenkins.InitReactorRunner$1#onAttained: Prepared all plugins
2021-09-27 15:49:53.305+0000 [id=255]	INFO	jenkins.InitReactorRunner$1#onAttained: Started all plugins
2021-09-27 15:49:53.332+0000 [id=255]	INFO	jenkins.InitReactorRunner$1#onAttained: Augmented all extensions
2021-09-27 15:49:53.334+0000 [id=254]	INFO	jenkins.InitReactorRunner$1#onAttained: System config loaded
2021-09-27 15:49:53.334+0000 [id=254]	INFO	jenkins.InitReactorRunner$1#onAttained: System config adapted
2021-09-27 15:49:53.334+0000 [id=254]	INFO	jenkins.InitReactorRunner$1#onAttained: Loaded all jobs
2021-09-27 15:49:53.343+0000 [id=254]	INFO	jenkins.InitReactorRunner$1#onAttained: Configuration for all jobs updated
2021-09-27 15:49:53.740+0000 [id=257]	INFO	jenkins.InitReactorRunner$1#onAttained: Completed initialization
2021-09-27 15:49:53.742+0000 [id=72]	INFO	h.m.UpdateCenter$CompleteBatchJob#run: Completed installation of 65 plugins in 2 min 13 sec