Jun 26, 2017 11:15:46 AM Main deleteWinstoneTempContents
WARNING: Failed to delete the temporary Winstone file C:\Windows\TEMP\winstone\jenkins.war
Jun 26, 2017 11:15:46 AM org.eclipse.jetty.util.log.JavaUtilLog info
INFO: Logging initialized @409ms
Jun 26, 2017 11:15:46 AM winstone.Logger logInternal
INFO: Beginning extraction from war file
Jun 26, 2017 11:15:46 AM org.eclipse.jetty.util.log.JavaUtilLog warn
WARNING: Empty contextPath
Jun 26, 2017 11:15:46 AM org.eclipse.jetty.util.log.JavaUtilLog info
INFO: jetty-9.2.z-SNAPSHOT
Jun 26, 2017 11:15:48 AM org.eclipse.jetty.util.log.JavaUtilLog info
INFO: NO JSP Support for /, did not find org.eclipse.jetty.jsp.JettyJspServlet
Jun 26, 2017 11:15:48 AM org.eclipse.jetty.util.log.JavaUtilLog warn
WARNING: Failed startup of context w.@1e5a42c{/,file:/C:/Program%20Files%20(x86)/Jenkins/war/,STARTING}{C:\Program Files (x86)\Jenkins\war}
java.lang.reflect.InvocationTargetException
	at sun.reflect.NativeMethodAccessorImpl.invoke0(Native Method)
	at sun.reflect.NativeMethodAccessorImpl.invoke(Unknown Source)
	at sun.reflect.DelegatingMethodAccessorImpl.invoke(Unknown Source)
	at java.lang.reflect.Method.invoke(Unknown Source)
	at org.eclipse.jetty.webapp.IterativeDescriptorProcessor.visit(IterativeDescriptorProcessor.java:85)
	at org.eclipse.jetty.webapp.IterativeDescriptorProcessor.process(IterativeDescriptorProcessor.java:72)
	at org.eclipse.jetty.webapp.MetaData.resolve(MetaData.java:408)
	at org.eclipse.jetty.webapp.WebAppContext.startContext(WebAppContext.java:1340)
	at org.eclipse.jetty.server.handler.ContextHandler.doStart(ContextHandler.java:741)
	at org.eclipse.jetty.webapp.WebAppContext.doStart(WebAppContext.java:505)
	at org.eclipse.jetty.util.component.AbstractLifeCycle.start(AbstractLifeCycle.java:68)
	at org.eclipse.jetty.util.component.ContainerLifeCycle.start(ContainerLifeCycle.java:132)
	at org.eclipse.jetty.server.Server.start(Server.java:387)
	at org.eclipse.jetty.util.component.ContainerLifeCycle.doStart(ContainerLifeCycle.java:114)
	at org.eclipse.jetty.server.handler.AbstractHandler.doStart(AbstractHandler.java:61)
	at org.eclipse.jetty.server.Server.doStart(Server.java:354)
	at org.eclipse.jetty.util.component.AbstractLifeCycle.start(AbstractLifeCycle.java:68)
	at winstone.Launcher.<init>(Launcher.java:152)
	at winstone.Launcher.main(Launcher.java:352)
	at sun.reflect.NativeMethodAccessorImpl.invoke0(Native Method)
	at sun.reflect.NativeMethodAccessorImpl.invoke(Unknown Source)
	at sun.reflect.DelegatingMethodAccessorImpl.invoke(Unknown Source)
	at java.lang.reflect.Method.invoke(Unknown Source)
	at Main._main(Main.java:264)
	at Main.main(Main.java:112)
Caused by: java.lang.UnsupportedClassVersionError: jenkins/util/SystemProperties : Unsupported major.minor version 52.0
	at java.lang.ClassLoader.defineClass1(Native Method)
	at java.lang.ClassLoader.defineClass(Unknown Source)
	at java.security.SecureClassLoader.defineClass(Unknown Source)
	at java.net.URLClassLoader.defineClass(Unknown Source)
	at java.net.URLClassLoader.access$100(Unknown Source)
	at java.net.URLClassLoader$1.run(Unknown Source)
	at java.net.URLClassLoader$1.run(Unknown Source)
	at java.security.AccessController.doPrivileged(Native Method)
	at java.net.URLClassLoader.findClass(Unknown Source)
	at org.eclipse.jetty.webapp.WebAppClassLoader.findClass(WebAppClassLoader.java:510)
	at org.eclipse.jetty.webapp.WebAppClassLoader.loadClass(WebAppClassLoader.java:441)
	at org.eclipse.jetty.webapp.WebAppClassLoader.loadClass(WebAppClassLoader.java:403)
	at org.eclipse.jetty.server.handler.ContextHandler.loadClass(ContextHandler.java:1583)
	at org.eclipse.jetty.webapp.StandardDescriptorProcessor.visitListener(StandardDescriptorProcessor.java:1956)
	... 25 more

Jun 26, 2017 11:15:48 AM org.eclipse.jetty.util.log.JavaUtilLog info
INFO: Started ServerConnector@1afb02d{HTTP/1.1}{0.0.0.0:8080}
Jun 26, 2017 11:15:48 AM org.eclipse.jetty.util.log.JavaUtilLog info
INFO: Started @2598ms
Jun 26, 2017 11:15:48 AM winstone.Logger logInternal
INFO: Winstone Servlet Engine v2.0 running: controlPort=disabled
Jun 26, 2017 11:25:54 AM Main deleteWinstoneTempContents
WARNING: Failed to delete the temporary Winstone file C:\Windows\TEMP\winstone\jenkins.war
Jun 26, 2017 11:25:54 AM org.eclipse.jetty.util.log.JavaUtilLog info
INFO: Logging initialized @692ms
Jun 26, 2017 11:25:54 AM winstone.Logger logInternal
INFO: Beginning extraction from war file
Jun 26, 2017 11:26:08 AM org.eclipse.jetty.util.log.JavaUtilLog warn
WARNING: Empty contextPath
Jun 26, 2017 11:26:08 AM org.eclipse.jetty.util.log.JavaUtilLog info
INFO: jetty-9.2.z-SNAPSHOT
Jun 26, 2017 11:26:18 AM org.eclipse.jetty.util.log.JavaUtilLog info
INFO: NO JSP Support for /, did not find org.eclipse.jetty.jsp.JettyJspServlet
Jun 26, 2017 11:26:20 AM org.eclipse.jetty.util.log.JavaUtilLog info
INFO: Started w.@b889fb{/,file:/C:/Program%20Files%20(x86)/Jenkins/war/,AVAILABLE}{C:\Program Files (x86)\Jenkins\war}
Jun 26, 2017 11:26:20 AM org.eclipse.jetty.util.log.JavaUtilLog info
INFO: Started ServerConnector@1f50338{HTTP/1.1}{0.0.0.0:8080}
Jun 26, 2017 11:26:20 AM org.eclipse.jetty.util.log.JavaUtilLog info
INFO: Started @27013ms
Jun 26, 2017 11:26:21 AM winstone.Logger logInternal
INFO: Winstone Servlet Engine v2.0 running: controlPort=disabled
Jun 26, 2017 11:26:25 AM jenkins.InitReactorRunner$1 onAttained
INFO: Started initialization
Jun 26, 2017 11:26:26 AM hudson.ClassicPluginStrategy createPluginWrapper
INFO: Plugin xfpanel.jpi is disabled
Jun 26, 2017 11:26:26 AM jenkins.InitReactorRunner$1 onAttained
INFO: Listed all plugins
Jun 26, 2017 11:26:27 AM jenkins.bouncycastle.api.SecurityProviderInitializer addSecurityProvider
INFO: Initializing Bouncy Castle security provider.
Jun 26, 2017 11:26:29 AM jenkins.bouncycastle.api.SecurityProviderInitializer addSecurityProvider
INFO: Bouncy Castle security provider initialized.
Jun 26, 2017 11:26:48 AM jenkins.InitReactorRunner$1 onAttained
INFO: Prepared all plugins
Jun 26, 2017 11:26:58 AM jenkins.InitReactorRunner$1 onAttained
INFO: Started all plugins
Jun 26, 2017 11:26:58 AM jenkins.InitReactorRunner$1 onAttained
INFO: Augmented all extensions
Jun 26, 2017 11:26:58 AM jenkins.advancedqueue.PrioritySorterPlugin init1
INFO: Configuring the Priority Sorter ...
Jun 26, 2017 11:27:02 AM jenkins.InitReactorRunner$1 onAttained
INFO: Loaded all jobs
Jun 26, 2017 11:27:02 AM jenkins.advancedqueue.PrioritySorterPlugin init2
INFO: Sorting existing Queue ...
Jun 26, 2017 11:27:02 AM jenkins.advancedqueue.sorter.AdvancedQueueSorter init
INFO: Initialized the QueueSorter with 0 Buildable Items
Jun 26, 2017 11:27:02 AM hudson.model.AsyncPeriodicWork$1 run
INFO: Started Download metadata
Jun 26, 2017 11:27:02 AM jenkins.advancedqueue.sorter.AdvancedQueueSorterQueueListener onEnterBuildable
WARNING: onEnterBuilding() called without prior call to onEnterWaiting() for 'Results'
Jun 26, 2017 11:27:02 AM hudson.model.AsyncPeriodicWork$1 run
INFO: Finished Download metadata. 4 ms
Jun 26, 2017 11:27:02 AM jenkins.InitReactorRunner$1 onAttained
INFO: Completed initialization
Jun 26, 2017 11:27:03 AM org.springframework.context.support.AbstractApplicationContext prepareRefresh
INFO: Refreshing org.springframework.web.context.support.StaticWebApplicationContext@9501dc: display name [Root WebApplicationContext]; startup date [Mon Jun 26 11:27:03 EDT 2017]; root of context hierarchy
Jun 26, 2017 11:27:03 AM org.springframework.context.support.AbstractApplicationContext obtainFreshBeanFactory
INFO: Bean factory for application context [org.springframework.web.context.support.StaticWebApplicationContext@9501dc]: org.springframework.beans.factory.support.DefaultListableBeanFactory@28ba44
Jun 26, 2017 11:27:03 AM org.springframework.beans.factory.support.DefaultListableBeanFactory preInstantiateSingletons
INFO: Pre-instantiating singletons in org.springframework.beans.factory.support.DefaultListableBeanFactory@28ba44: defining beans [authenticationManager]; root of factory hierarchy
Jun 26, 2017 11:27:03 AM org.springframework.context.support.AbstractApplicationContext prepareRefresh
INFO: Refreshing org.springframework.web.context.support.StaticWebApplicationContext@c5a826: display name [Root WebApplicationContext]; startup date [Mon Jun 26 11:27:03 EDT 2017]; root of context hierarchy
Jun 26, 2017 11:27:03 AM org.springframework.context.support.AbstractApplicationContext obtainFreshBeanFactory
INFO: Bean factory for application context [org.springframework.web.context.support.StaticWebApplicationContext@c5a826]: org.springframework.beans.factory.support.DefaultListableBeanFactory@6b20c
Jun 26, 2017 11:27:03 AM org.springframework.beans.factory.support.DefaultListableBeanFactory preInstantiateSingletons
INFO: Pre-instantiating singletons in org.springframework.beans.factory.support.DefaultListableBeanFactory@6b20c: defining beans [filter,legacy]; root of factory hierarchy
Jun 26, 2017 11:27:56 AM hudson.WebAppMain$3 run
INFO: Jenkins is fully up and running
Jun 26, 2017 11:27:58 AM hudson.TcpSlaveAgentListener$ConnectionHandler run
INFO: Accepted connection #1 from /172.16.8.58:51345
Jun 26, 2017 11:28:01 AM hudson.TcpSlaveAgentListener$ConnectionHandler run
INFO: Accepted connection #2 from /172.16.8.33:63160
Jun 26, 2017 11:28:01 AM hudson.TcpSlaveAgentListener$ConnectionHandler run
INFO: Accepted connection #3 from /172.16.8.30:58863
Jun 26, 2017 11:28:02 AM hudson.TcpSlaveAgentListener$ConnectionHandler run
INFO: Accepted connection #4 from /172.16.8.31:62601
Jun 26, 2017 11:28:24 AM hudson.model.Run execute
INFO: Results #63931 main build action completed: SUCCESS
