INFO: Started Calculation of workspace usage
Jun 14, 2016 6:00:21 PM hudson.model.AsyncAperiodicWork$1 run
INFO: Finished Calculation of job directories (without builds). 51 ms
Jun 14, 2016 6:00:22 PM hudson.model.AsyncAperiodicWork$1 run
INFO: Finished Calculation of builds disk usage. 298 ms
Jun 14, 2016 6:00:25 PM hudson.model.AsyncAperiodicWork$1 run
INFO: Finished Calculation of workspace usage. 3938 ms
Jun 14, 2016 6:01:21 PM hudson.model.AsyncAperiodicWork$1 run
INFO: Started Calculation of job directories (without builds)
Jun 14, 2016 6:01:21 PM hudson.model.AsyncAperiodicWork$1 run
INFO: Started Calculation of builds disk usage
Jun 14, 2016 6:01:21 PM hudson.model.AsyncAperiodicWork$1 run
INFO: Started Calculation of workspace usage
Jun 14, 2016 6:01:21 PM hudson.model.AsyncAperiodicWork$1 run
INFO: Finished Calculation of job directories (without builds). 50 ms
Jun 14, 2016 6:01:22 PM hudson.model.AsyncAperiodicWork$1 run
INFO: Finished Calculation of builds disk usage. 297 ms
Jun 14, 2016 6:01:25 PM hudson.model.AsyncAperiodicWork$1 run
INFO: Finished Calculation of workspace usage. 3889 ms
Jun 14, 2016 6:38:32 PM jenkins.model.Jenkins$23 run
INFO: Restart in 10 seconds
Jun 14, 2016 6:38:42 PM jenkins.model.Jenkins$23 run
SEVERE: Restarting VM as requested by ldecloed
Running from: /jenkins/jenkins/lib/jenkins_1.596.3.war
Jun 14, 2016 6:38:42 PM winstone.Logger logInternal
INFO: Beginning extraction from war file
Jun 14, 2016 6:38:42 PM org.eclipse.jetty.util.log.JavaUtilLog info
INFO: jetty-winstone-2.8
Jun 14, 2016 6:38:44 PM org.eclipse.jetty.util.log.JavaUtilLog info
INFO: NO JSP Support for , did not find org.apache.jasper.servlet.JspServlet
Jenkins home directory: /jenkins/jenkins/home found at: System.getProperty("JENKINS_HOME")
Jun 14, 2016 6:38:45 PM org.eclipse.jetty.util.log.JavaUtilLog info
INFO: Started SelectChannelConnector@0.0.0.0:8080
Jun 14, 2016 6:38:45 PM org.eclipse.jetty.util.log.JavaUtilLog info
INFO: Started Ajp13SocketConnector@0.0.0.0:8009
Jun 14, 2016 6:38:45 PM org.eclipse.jetty.util.log.JavaUtilLog info
INFO: AJP13 is not a secure protocol. Please protect port 8009
Jun 14, 2016 6:38:45 PM winstone.Logger logInternal
INFO: Winstone Servlet Engine v2.0 running: controlPort=disabled
Jun 14, 2016 6:38:45 PM jenkins.InitReactorRunner$1 onAttained
INFO: Started initialization
Jun 14, 2016 6:38:45 PM hudson.ClassicPluginStrategy createPluginWrapper
INFO: Plugin disk-usage.jpi is disabled
Jun 14, 2016 6:38:45 PM jenkins.InitReactorRunner$1 onAttained
INFO: Listed all plugins
Jun 14, 2016 6:38:45 PM hudson.plugins.greenballs.PluginImpl start
INFO: Green Balls!
Jun 14, 2016 6:38:45 PM jenkins.InitReactorRunner$1 onAttained
INFO: Prepared all plugins
Jun 14, 2016 6:38:45 PM jenkins.InitReactorRunner$1 onAttained
INFO: Started all plugins
Jun 14, 2016 6:38:45 PM jenkins.InitReactorRunner$1 onAttained
INFO: Augmented all extensions
Jun 14, 2016 6:38:45 PM hudson.security.GlobalMatrixAuthorizationStrategy$ConverterImpl unmarshal
WARNING: Skipping a non-existent permission
java.lang.IllegalArgumentException: Failed to parse 'hudson.model.Item.Move:ldecloed' --- no such permission
        at hudson.security.GlobalMatrixAuthorizationStrategy.add(GlobalMatrixAuthorizationStrategy.java:110)
        at hudson.security.GlobalMatrixAuthorizationStrategy.access$200(GlobalMatrixAuthorizationStrategy.java:74)
        at hudson.security.GlobalMatrixAuthorizationStrategy$ConverterImpl.unmarshal(GlobalMatrixAuthorizationStrategy.java:228)
        at hudson.util.XStream2$AssociatedConverterImpl.unmarshal(XStream2.java:362)
        at com.thoughtworks.xstream.core.TreeUnmarshaller.convert(TreeUnmarshaller.java:72)
        at com.thoughtworks.xstream.core.AbstractReferenceUnmarshaller.convert(AbstractReferenceUnmarshaller.java:65)
        at com.thoughtworks.xstream.core.TreeUnmarshaller.convertAnother(TreeUnmarshaller.java:66)
        at hudson.util.RobustReflectionConverter.unmarshalField(RobustReflectionConverter.java:349)
        at hudson.util.RobustReflectionConverter.doUnmarshal(RobustReflectionConverter.java:289)
        at hudson.util.RobustReflectionConverter.unmarshal(RobustReflectionConverter.java:228)
        at com.thoughtworks.xstream.core.TreeUnmarshaller.convert(TreeUnmarshaller.java:72)
        at com.thoughtworks.xstream.core.AbstractReferenceUnmarshaller.convert(AbstractReferenceUnmarshaller.java:65)
        at com.thoughtworks.xstream.core.TreeUnmarshaller.convertAnother(TreeUnmarshaller.java:66)
        at com.thoughtworks.xstream.core.TreeUnmarshaller.convertAnother(TreeUnmarshaller.java:50)
        at com.thoughtworks.xstream.core.TreeUnmarshaller.start(TreeUnmarshaller.java:134)
        at com.thoughtworks.xstream.core.AbstractTreeMarshallingStrategy.unmarshal(AbstractTreeMarshallingStrategy.java:32)
        at com.thoughtworks.xstream.XStream.unmarshal(XStream.java:1189)
        at hudson.util.XStream2.unmarshal(XStream2.java:113)
        at com.thoughtworks.xstream.XStream.unmarshal(XStream.java:1173)
        at hudson.XmlFile.unmarshal(XmlFile.java:163)
        at jenkins.model.Jenkins$16.run(Jenkins.java:2642)
        at org.jvnet.hudson.reactor.TaskGraphBuilder$TaskImpl.run(TaskGraphBuilder.java:169)
        at org.jvnet.hudson.reactor.Reactor.runTask(Reactor.java:282)
        at jenkins.model.Jenkins$7.runTask(Jenkins.java:903)
        at org.jvnet.hudson.reactor.Reactor$2.run(Reactor.java:210)
        at org.jvnet.hudson.reactor.Reactor$2.run(Reactor.java:210)
        at org.jvnet.hudson.reactor.Reactor$Node.run(Reactor.java:117)
        at java.util.concurrent.ThreadPoolExecutor.runWorker(ThreadPoolExecutor.java:1145)
        at java.util.concurrent.ThreadPoolExecutor$Worker.run(ThreadPoolExecutor.java:615)
        at java.lang.Thread.run(Thread.java:745)

Jun 14, 2016 6:38:47 PM jenkins.InitReactorRunner$1 onTaskFailed
SEVERE: Failed Metrics.afterExtensionsAugmented
java.lang.Error: java.lang.reflect.InvocationTargetException
        at hudson.init.TaskMethodFinder.invoke(TaskMethodFinder.java:109)
        at hudson.init.TaskMethodFinder$TaskImpl.run(TaskMethodFinder.java:169)
        at org.jvnet.hudson.reactor.Reactor.runTask(Reactor.java:282)
        at jenkins.model.Jenkins$7.runTask(Jenkins.java:903)
        at org.jvnet.hudson.reactor.Reactor$2.run(Reactor.java:210)
        at org.jvnet.hudson.reactor.Reactor$Node.run(Reactor.java:117)
        at java.util.concurrent.ThreadPoolExecutor.runWorker(ThreadPoolExecutor.java:1145)
        at java.util.concurrent.ThreadPoolExecutor$Worker.run(ThreadPoolExecutor.java:615)
        at java.lang.Thread.run(Thread.java:745)
Caused by: java.lang.reflect.InvocationTargetException
        at sun.reflect.NativeMethodAccessorImpl.invoke0(Native Method)
        at sun.reflect.NativeMethodAccessorImpl.invoke(NativeMethodAccessorImpl.java:57)
        at sun.reflect.DelegatingMethodAccessorImpl.invoke(DelegatingMethodAccessorImpl.java:43)
        at java.lang.reflect.Method.invoke(Method.java:606)
        at hudson.init.TaskMethodFinder.invoke(TaskMethodFinder.java:105)
        ... 8 more
Caused by: java.lang.NoClassDefFoundError: hudson/plugins/disk_usage/DiskUsagePlugin
        at jenkins.metrics.impl.diskusage.DiskUsageMetricProviderImpl.getMetricSet(DiskUsageMetricProviderImpl.java:21)
        at jenkins.metrics.api.Metrics.afterExtensionsAugmented(Metrics.java:307)
        ... 13 more
Caused by: java.lang.ClassNotFoundException: hudson.plugins.disk_usage.DiskUsagePlugin
        at jenkins.util.AntClassLoader.findClassInComponents(AntClassLoader.java:1375)
        at jenkins.util.AntClassLoader.findClass(AntClassLoader.java:1325)
        at jenkins.util.AntClassLoader.loadClass(AntClassLoader.java:1078)
        at java.lang.ClassLoader.loadClass(ClassLoader.java:358)
        ... 15 more

Jun 14, 2016 6:38:47 PM hudson.util.BootFailure publish
SEVERE: Failed to initialize Jenkins
hudson.util.HudsonFailedToLoad: org.jvnet.hudson.reactor.ReactorException: java.lang.Error: java.lang.reflect.InvocationTargetException
        at hudson.WebAppMain$3.run(WebAppMain.java:237)
Caused by: org.jvnet.hudson.reactor.ReactorException: java.lang.Error: java.lang.reflect.InvocationTargetException
        at org.jvnet.hudson.reactor.Reactor.execute(Reactor.java:269)
        at jenkins.InitReactorRunner.run(InitReactorRunner.java:44)
        at jenkins.model.Jenkins.executeReactor(Jenkins.java:914)
        at jenkins.model.Jenkins.<init>(Jenkins.java:813)
        at hudson.model.Hudson.<init>(Hudson.java:83)
        at hudson.model.Hudson.<init>(Hudson.java:79)
        at hudson.WebAppMain$3.run(WebAppMain.java:225)
Caused by: java.lang.Error: java.lang.reflect.InvocationTargetException
        at hudson.init.TaskMethodFinder.invoke(TaskMethodFinder.java:109)
        at hudson.init.TaskMethodFinder$TaskImpl.run(TaskMethodFinder.java:169)
        at org.jvnet.hudson.reactor.Reactor.runTask(Reactor.java:282)
        at jenkins.model.Jenkins$7.runTask(Jenkins.java:903)
        at org.jvnet.hudson.reactor.Reactor$2.run(Reactor.java:210)
        at org.jvnet.hudson.reactor.Reactor$Node.run(Reactor.java:117)
        at java.util.concurrent.ThreadPoolExecutor.runWorker(ThreadPoolExecutor.java:1145)
        at java.util.concurrent.ThreadPoolExecutor$Worker.run(ThreadPoolExecutor.java:615)
        at java.lang.Thread.run(Thread.java:745)
Caused by: java.lang.reflect.InvocationTargetException
        at sun.reflect.NativeMethodAccessorImpl.invoke0(Native Method)
        at sun.reflect.NativeMethodAccessorImpl.invoke(NativeMethodAccessorImpl.java:57)
        at sun.reflect.DelegatingMethodAccessorImpl.invoke(DelegatingMethodAccessorImpl.java:43)
        at java.lang.reflect.Method.invoke(Method.java:606)
       at hudson.init.TaskMethodFinder.invoke(TaskMethodFinder.java:105)
        ... 8 more
Caused by: java.lang.NoClassDefFoundError: hudson/plugins/disk_usage/DiskUsagePlugin
        at jenkins.metrics.impl.diskusage.DiskUsageMetricProviderImpl.getMetricSet(DiskUsageMetricProviderImpl.java:21)
        at jenkins.metrics.api.Metrics.afterExtensionsAugmented(Metrics.java:307)
        ... 13 more
Caused by: java.lang.ClassNotFoundException: hudson.plugins.disk_usage.DiskUsagePlugin
        at jenkins.util.AntClassLoader.findClassInComponents(AntClassLoader.java:1375)
        at jenkins.util.AntClassLoader.findClass(AntClassLoader.java:1325)
        at jenkins.util.AntClassLoader.loadClass(AntClassLoader.java:1078)
        at java.lang.ClassLoader.loadClass(ClassLoader.java:358)
        ... 15 more

