#
# A fatal error has been detected by the Java Runtime Environment:
#
#  EXCEPTION_ACCESS_VIOLATION (0xc0000005) at pc=0x01d58282, pid=4408, tid=5712
#
# JRE version: 6.0_24-b07
# Java VM: Java HotSpot(TM) Client VM (19.1-b02 mixed mode windows-x86 )
# Problematic frame:
# J  org.kohsuke.stapler.jelly.groovy.GroovyFacet$1.dispatch(Lorg/kohsuke/stapler/RequestImpl;Lorg/kohsuke/stapler/ResponseImpl;Ljava/lang/Object;)Z
#
# If you would like to submit a bug report, please visit:
#   http://java.sun.com/webapps/bugreport/crash.jsp
#

---------------  T H R E A D  ---------------

Current thread (0x19744800):  JavaThread "Handling POST /extensionList/hudson.console.ConsoleAnnotatorFactory/hudson.plugins.timestamper.annotator.TimestampAnnotatorFactory/usersettings : RequestHandlerThread[#96]" daemon [_thread_in_Java, id=5712, stack(0x1a670000,0x1a6c0000)]

siginfo: ExceptionCode=0xc0000005, reading address 0x88a791e7

Registers:
EAX=0x08a791e8, EBX=0x00000001, ECX=0x178298c8, EDX=0x08a791e8
ESP=0x1a6bdda0, EBP=0x1a6bfd28, ESI=0x08a791e8, EDI=0x19744800
EIP=0x01d58282, EFLAGS=0x00010212

Register to memory mapping:

EAX=0x08a791e8
org.kohsuke.stapler.jelly.JellyFacet 
 - klass: 'org/kohsuke/stapler/jelly/JellyFacet'

EBX=0x00000001
0x00000001 is pointing to unknown location

ECX=0x178298c8
0x178298c8 is pointing to unknown location

EDX=0x08a791e8
org.kohsuke.stapler.jelly.JellyFacet 
 - klass: 'org/kohsuke/stapler/jelly/JellyFacet'

ESP=0x1a6bdda0
0x1a6bdda0 is pointing into the stack for thread: 0x19744800
"Handling POST /extensionList/hudson.console.ConsoleAnnotatorFactory/hudson.plugins.timestamper.annotator.TimestampAnnotatorFactory/usersettings : RequestHandlerThread[#96]" daemon prio=6 tid=0x19744800 nid=0x1650 runnable [0x00000000]
   java.lang.Thread.State: RUNNABLE

EBP=0x1a6bfd28
0x1a6bfd28 is pointing into the stack for thread: 0x19744800
"Handling POST /extensionList/hudson.console.ConsoleAnnotatorFactory/hudson.plugins.timestamper.annotator.TimestampAnnotatorFactory/usersettings : RequestHandlerThread[#96]" daemon prio=6 tid=0x19744800 nid=0x1650 runnable [0x00000000]
   java.lang.Thread.State: RUNNABLE

ESI=0x08a791e8
org.kohsuke.stapler.jelly.JellyFacet 
 - klass: 'org/kohsuke/stapler/jelly/JellyFacet'

EDI=0x19744800
"Handling POST /extensionList/hudson.console.ConsoleAnnotatorFactory/hudson.plugins.timestamper.annotator.TimestampAnnotatorFactory/usersettings : RequestHandlerThread[#96]" daemon prio=6 tid=0x19744800 nid=0x1650 runnable [0x00000000]
   java.lang.Thread.State: RUNNABLE


Top of Stack: (sp=0x1a6bdda0)
0x1a6bdda0:   00000000 00000013 08a12188 00000003
0x1a6bddb0:   049a8be8 00000002 14037488 049a8bc0
0x1a6bddc0:   04a3b728 1a6bddf0 1a6bfd28 01410e40
0x1a6bddd0:   049b5908 04a3ac50 04a3ab08 04a3b750
0x1a6bdde0:   049b5990 04a3b7e0 04a956e0 049a8be8
0x1a6bddf0:   04a3b738 08a12188 04a3ab08 049b57a8
0x1a6bde00:   00000002 018c2cef 1a6bfd28 018c37cc
0x1a6bde10:   04a3ac78 04453ec0 6d90cdf7 19744800 

Instructions: (pc=0x01d58282)
0x01d58272:   78 04 70 79 d1 13 0f 85 83 02 00 00 8b d0 3b 02
0x01d58282:   8b b2 ff ff ff 7f 83 fe 00 0f 84 10 00 00 00 8b 


Stack: [0x1a670000,0x1a6c0000],  sp=0x1a6bdda0,  free space=311k
Native frames: (J=compiled Java code, j=interpreted, Vv=VM code, C=native code)
J  org.kohsuke.stapler.jelly.groovy.GroovyFacet$1.dispatch(Lorg/kohsuke/stapler/RequestImpl;Lorg/kohsuke/stapler/ResponseImpl;Ljava/lang/Object;)Z
v  ~StubRoutines::call_stub
V  [jvm.dll+0xf0ab9]
V  [jvm.dll+0x1837d1]
V  [jvm.dll+0xf0c61]
V  [jvm.dll+0xf0cbb]
V  [jvm.dll+0x11b4b9]
V  [jvm.dll+0x1e4624]
V  [jvm.dll+0x18317c]
C  [msvcr71.dll+0x9565]
C  [kernel32.dll+0x8f299]
C  [ntdll.dll+0x7d819]
C  [ntdll.dll+0x7da2b]


---------------  P R O C E S S  ---------------

Java Threads: ( => current thread )
  0x198a9800 JavaThread "RequestHandlerThread[#110] : reading request #2 from /10.100.71.183:53818" daemon [_thread_in_native, id=4496, stack(0x1bf30000,0x1bf80000)]
  0x195c9800 JavaThread "RequestHandlerThread[#109] : reading request #2 from /10.100.71.183:53819" daemon [_thread_in_native, id=3716, stack(0x1bea0000,0x1bef0000)]
  0x195ca400 JavaThread "RequestHandlerThread[#108]" daemon [_thread_blocked, id=5224, stack(0x1b6a0000,0x1b6f0000)]
  0x198a9400 JavaThread "Executor #-1 for master : executing Profiles_Homer_FullTestRun_00_Master #171" [_thread_blocked, id=2800, stack(0x1bc10000,0x1bc60000)]
  0x19745400 JavaThread "Pipe writer thread: vesuvius" daemon [_thread_blocked, id=6104, stack(0x1c050000,0x1c0a0000)]
  0x1862f000 JavaThread "Executor #-1 for master : executing XpressMimicBDT #39" [_thread_blocked, id=3904, stack(0x1bfc0000,0x1c010000)]
  0x19744000 JavaThread "RequestHandlerThread[#107]" daemon [_thread_blocked, id=3668, stack(0x18ca0000,0x18cf0000)]
  0x19746400 JavaThread "RequestHandlerThread[#106] : reading request #1 from /10.100.71.159:55540" daemon [_thread_in_native, id=468, stack(0x1a8b0000,0x1a900000)]
  0x19753400 JavaThread "RequestHandlerThread[#105] : reading request #1 from /10.100.71.161:53830" daemon [_thread_in_native, id=2120, stack(0x192d0000,0x19320000)]
  0x19743400 JavaThread "RequestHandlerThread[#103]" daemon [_thread_blocked, id=3508, stack(0x1b460000,0x1b4b0000)]
=>0x19744800 JavaThread "Handling POST /extensionList/hudson.console.ConsoleAnnotatorFactory/hudson.plugins.timestamper.annotator.TimestampAnnotatorFactory/usersettings : RequestHandlerThread[#96]" daemon [_thread_in_Java, id=5712, stack(0x1a670000,0x1a6c0000)]
  0x19746000 JavaThread "Pipe writer thread: qamac01" daemon [_thread_blocked, id=5796, stack(0x1a790000,0x1a7e0000)]
  0x19745800 JavaThread "Pipe writer thread: devbuild01" daemon [_thread_blocked, id=4476, stack(0x1b730000,0x1b780000)]
  0x19753000 JavaThread "Pipe writer thread: everest" daemon [_thread_blocked, id=4076, stack(0x1b4f0000,0x1b540000)]
  0x198a8c00 JavaThread "AWT-Windows" daemon [_thread_in_native, id=4376, stack(0x1b580000,0x1b5d0000)]
  0x19755400 JavaThread "Ping thread for channel hudson.remoting.Channel@1e6a078:vesuvius" daemon [_thread_blocked, id=2324, stack(0x1bb80000,0x1bbd0000)]
  0x19755800 JavaThread "Channel reader thread: vesuvius" daemon [_thread_in_native, id=2736, stack(0x1baf0000,0x1bb40000)]
  0x19756000 JavaThread "Ping thread for channel hudson.remoting.Channel@1413a14:everest" daemon [_thread_blocked, id=5232, stack(0x1ba60000,0x1bab0000)]
  0x19756400 JavaThread "Channel reader thread: everest" daemon [_thread_in_native, id=3616, stack(0x17c60000,0x17cb0000)]
  0x19754000 JavaThread "pool-4-thread-1" daemon [_thread_blocked, id=4864, stack(0x1b970000,0x1b9c0000)]
  0x19754c00 JavaThread "Ping thread for channel hudson.remoting.Channel@be99f8:devbuild01" daemon [_thread_blocked, id=5512, stack(0x1b8e0000,0x1b930000)]
  0x19754800 JavaThread "Channel reader thread: devbuild01" daemon [_thread_blocked, id=2720, stack(0x1b850000,0x1b8a0000)]
  0x19753c00 JavaThread "Ping thread for channel hudson.remoting.Channel@af28ad:qamac01" daemon [_thread_blocked, id=3172, stack(0x1b7c0000,0x1b810000)]
  0x198aa000 JavaThread "Channel reader thread: qamac01" daemon [_thread_blocked, id=1784, stack(0x1b610000,0x1b660000)]
  0x198a8800 JavaThread "stderr copier for remote agent on devbuild01" daemon [_thread_blocked, id=1700, stack(0x1b3d0000,0x1b420000)]
  0x198a8000 JavaThread "Thread-14" daemon [_thread_blocked, id=1680, stack(0x1b340000,0x1b390000)]
  0x198a7c00 JavaThread "Thread-13" daemon [_thread_blocked, id=1776, stack(0x1b2b0000,0x1b300000)]
  0x198a7400 JavaThread "stderr copier for remote agent on qamac01" daemon [_thread_blocked, id=1648, stack(0x1b220000,0x1b270000)]
  0x198a7000 JavaThread "Thread-12" daemon [_thread_blocked, id=1756, stack(0x1b190000,0x1b1e0000)]
  0x198a6800 JavaThread "Thread-11" daemon [_thread_blocked, id=1820, stack(0x1b100000,0x1b150000)]
  0x19607800 JavaThread "Thread-10" daemon [_thread_in_native, id=4544, stack(0x1b070000,0x1b0c0000)]
  0x19607400 JavaThread "Thread-9" daemon [_thread_in_native, id=4656, stack(0x1afe0000,0x1b030000)]
  0x19606c00 JavaThread "jI_OxidResolver" daemon [_thread_in_native, id=4628, stack(0x1af50000,0x1afa0000)]
  0x19606800 JavaThread "JmDNS(TOPHAT.local.).State.Timer" [_thread_blocked, id=4520, stack(0x1aec0000,0x1af10000)]
  0x19606000 JavaThread "JmDNS(TOPHAT.local.).Timer" daemon [_thread_blocked, id=4560, stack(0x1ae30000,0x1ae80000)]
  0x195cc800 JavaThread "Timer-2" daemon [_thread_blocked, id=4556, stack(0x1ada0000,0x1adf0000)]
  0x195cc000 JavaThread "Timer-1" daemon [_thread_blocked, id=4552, stack(0x1ad10000,0x1ad60000)]
  0x195cbc00 JavaThread "SocketListener(TOPHAT.local.)" daemon [_thread_in_native, id=4548, stack(0x1ac80000,0x1acd0000)]
  0x195cb400 JavaThread "jI_GarbageCollector" daemon [_thread_blocked, id=4512, stack(0x1abf0000,0x1ac40000)]
  0x195cb000 JavaThread "Timer-0" daemon [_thread_blocked, id=4504, stack(0x1aa60000,0x1aab0000)]
  0x195ca800 JavaThread "pool-10-thread-1" daemon [_thread_blocked, id=4424, stack(0x1a940000,0x1a990000)]
  0x195c9c00 JavaThread "Executor #0 for qamac01" [_thread_blocked, id=4488, stack(0x1a820000,0x1a870000)]
  0x195c9000 JavaThread "Executor #0 for devbuild01" [_thread_blocked, id=4524, stack(0x1a700000,0x1a750000)]
  0x1862e800 JavaThread "Executor #1 for vesuvius" [_thread_blocked, id=4516, stack(0x193f0000,0x19440000)]
  0x1862e400 JavaThread "Executor #0 for vesuvius : executing zzXpressBranchTest #176 / waiting for hudson.remoting.Channel@1e6a078:vesuvius" [_thread_blocked, id=4508, stack(0x19360000,0x193b0000)]
  0x1862d800 JavaThread "Executor #1 for everest" [_thread_blocked, id=4420, stack(0x19240000,0x19290000)]
  0x1862c400 JavaThread "Executor #0 for everest : executing Profiles_FullTestRun_04_Test #145 / waiting for hudson.remoting.Channel@1413a14:everest" [_thread_blocked, id=4356, stack(0x191b0000,0x19200000)]
  0x1862cc00 JavaThread "Executor #7 for master" [_thread_blocked, id=4440, stack(0x19120000,0x19170000)]
  0x18627800 JavaThread "Executor #6 for master" [_thread_blocked, id=4400, stack(0x19090000,0x190e0000)]
  0x18629000 JavaThread "Executor #5 for master" [_thread_blocked, id=4464, stack(0x19000000,0x19050000)]
  0x18628800 JavaThread "Executor #4 for master" [_thread_blocked, id=4444, stack(0x18f70000,0x18fc0000)]
  0x1862a000 JavaThread "Executor #3 for master" [_thread_blocked, id=4428, stack(0x18ee0000,0x18f30000)]
  0x18628400 JavaThread "Executor #2 for master" [_thread_blocked, id=4456, stack(0x18e50000,0x18ea0000)]
  0x1862a800 JavaThread "Executor #1 for master" [_thread_blocked, id=4436, stack(0x18dc0000,0x18e10000)]
  0x1862ac00 JavaThread "Executor #0 for master" [_thread_blocked, id=4460, stack(0x18d30000,0x18d80000)]
  0x18627c00 JavaThread "Jenkins UDP 33848 monitoring thread" [_thread_in_native, id=4452, stack(0x18c10000,0x18c60000)]
  0x18629c00 JavaThread "TCP slave agent listener port=0" [_thread_in_native, id=4480, stack(0x18b80000,0x18bd0000)]
  0x1862d000 JavaThread "NioSocketAcceptor-1" [_thread_in_native, id=3252, stack(0x1a5e0000,0x1a630000)]
  0x1862c000 JavaThread "ViewJob reload thread" daemon [_thread_blocked, id=6084, stack(0x1a450000,0x1a4a0000)]
  0x1857d000 JavaThread "Jenkins cron thread" [_thread_blocked, id=3768, stack(0x17ee0000,0x17f30000)]
  0x00dd9000 JavaThread "DestroyJavaVM" [_thread_blocked, id=3084, stack(0x00360000,0x003b0000)]
  0x183a5000 JavaThread "LauncherControlThread[ControlPort=-1]" [_thread_blocked, id=3672, stack(0x17e50000,0x17ea0000)]
  0x1852d800 JavaThread "ConnectorThread:[http-8080]" daemon [_thread_in_native, id=5908, stack(0x17dc0000,0x17e10000)]
  0x1852ec00 JavaThread "WinstoneHostConfigurationMgmt:default" daemon [_thread_blocked, id=5784, stack(0x17cf0000,0x17d40000)]
  0x17811400 JavaThread "Java2D Disposer" daemon [_thread_blocked, id=5948, stack(0x17a40000,0x17a90000)]
  0x012ac800 JavaThread "Low Memory Detector" daemon [_thread_blocked, id=4892, stack(0x175f0000,0x17640000)]
  0x012a5c00 JavaThread "CompilerThread0" daemon [_thread_blocked, id=4388, stack(0x17560000,0x175b0000)]
  0x012a0c00 JavaThread "Attach Listener" daemon [_thread_blocked, id=5904, stack(0x174d0000,0x17520000)]
  0x01273800 JavaThread "Finalizer" daemon [_thread_blocked, id=4912, stack(0x17440000,0x17490000)]
  0x01272400 JavaThread "Reference Handler" daemon [_thread_blocked, id=472, stack(0x173b0000,0x17400000)]

Other Threads:
  0x0126d400 VMThread [stack: 0x00c30000,0x00c80000] [id=5352]
  0x012ae800 WatcherThread [stack: 0x17680000,0x176d0000] [id=3132]

VM state:not at safepoint (normal execution)

VM Mutex/Monitor currently owned by a thread: None

Heap
 def new generation   total 40448K, used 28013K [0x032c0000, 0x05ea0000, 0x08810000)
  eden space 35968K,  77% used [0x032c0000, 0x04e1b6a8, 0x055e0000)
  from space 4480K,   0% used [0x055e0000, 0x055e0000, 0x05a40000)
  to   space 4480K,   0% used [0x05a40000, 0x05a40000, 0x05ea0000)
 tenured generation   total 89632K, used 53778K [0x08810000, 0x0df98000, 0x132c0000)
   the space 89632K,  59% used [0x08810000, 0x0bc948d0, 0x0bc94a00, 0x0df98000)
 compacting perm gen  total 60672K, used 60600K [0x132c0000, 0x16e00000, 0x172c0000)
   the space 60672K,  99% used [0x132c0000, 0x16dee248, 0x16dee400, 0x16e00000)
No shared spaces configured.

Dynamic libraries:
0x00400000 - 0x00424000 	c:\jenkins\jre\bin\java.exe
0x772f0000 - 0x77450000 	C:\Windows\SysWOW64\ntdll.dll
0x75a80000 - 0x75b90000 	C:\Windows\syswow64\kernel32.dll
0x75670000 - 0x75736000 	C:\Windows\syswow64\ADVAPI32.dll
0x76cd0000 - 0x76dc0000 	C:\Windows\syswow64\RPCRT4.dll
0x752b0000 - 0x75310000 	C:\Windows\syswow64\Secur32.dll
0x7c340000 - 0x7c396000 	c:\jenkins\jre\bin\msvcr71.dll
0x6d7f0000 - 0x6da96000 	c:\jenkins\jre\bin\client\jvm.dll
0x76a30000 - 0x76b00000 	C:\Windows\syswow64\USER32.dll
0x76c40000 - 0x76cd0000 	C:\Windows\syswow64\GDI32.dll
0x74710000 - 0x74742000 	C:\Windows\system32\WINMM.dll
0x75bb0000 - 0x75c5a000 	C:\Windows\syswow64\msvcrt.dll
0x75930000 - 0x75a75000 	C:\Windows\syswow64\ole32.dll
0x757d0000 - 0x7585d000 	C:\Windows\syswow64\OLEAUT32.dll
0x74750000 - 0x7478e000 	C:\Windows\system32\OLEACC.dll
0x75770000 - 0x757d0000 	C:\Windows\system32\IMM32.DLL
0x75860000 - 0x75928000 	C:\Windows\syswow64\MSCTF.dll
0x74ab0000 - 0x74adc000 	C:\Windows\system32\apphelp.dll
0x75ba0000 - 0x75ba9000 	C:\Windows\syswow64\LPK.DLL
0x75e00000 - 0x75e7d000 	C:\Windows\syswow64\USP10.dll
0x6d7a0000 - 0x6d7ac000 	c:\jenkins\jre\bin\verify.dll
0x6d320000 - 0x6d33f000 	c:\jenkins\jre\bin\java.dll
0x6d280000 - 0x6d288000 	c:\jenkins\jre\bin\hpi.dll
0x75c60000 - 0x75c67000 	C:\Windows\syswow64\PSAPI.DLL
0x6d7e0000 - 0x6d7ef000 	c:\jenkins\jre\bin\zip.dll
0x75f10000 - 0x76a21000 	C:\Windows\syswow64\SHELL32.DLL
0x76ed0000 - 0x76f29000 	C:\Windows\syswow64\SHLWAPI.dll
0x74dc0000 - 0x74f5e000 	C:\Windows\WinSxS\x86_microsoft.windows.common-controls_6595b64144ccf1df_6.0.6002.18305_none_5cb72f2a088b0ed3\comctl32.dll
0x737e0000 - 0x7381b000 	C:\Windows\system32\rsaenh.dll
0x74970000 - 0x7498e000 	C:\Windows\system32\USERENV.dll
0x6d600000 - 0x6d613000 	C:\jenkins\jre\bin\net.dll
0x75740000 - 0x7576d000 	C:\Windows\syswow64\WS2_32.dll
0x772c0000 - 0x772c6000 	C:\Windows\syswow64\NSI.dll
0x75110000 - 0x7514b000 	C:\Windows\system32\mswsock.dll
0x74670000 - 0x74675000 	C:\Windows\System32\wship6.dll
0x74f80000 - 0x74f8f000 	C:\Windows\system32\NLAapi.dll
0x74f60000 - 0x74f79000 	C:\Windows\system32\IPHLPAPI.DLL
0x74ba0000 - 0x74bd5000 	C:\Windows\system32\dhcpcsvc.DLL
0x74b70000 - 0x74b9c000 	C:\Windows\system32\DNSAPI.dll
0x74f90000 - 0x74f97000 	C:\Windows\system32\WINNSI.DLL
0x74b40000 - 0x74b62000 	C:\Windows\system32\dhcpcsvc6.DLL
0x74b20000 - 0x74b2f000 	C:\Windows\system32\napinsp.dll
0x74b10000 - 0x74b18000 	C:\Windows\System32\winrnr.dll
0x75530000 - 0x75579000 	C:\Windows\syswow64\WLDAP32.dll
0x74fa0000 - 0x74fa5000 	C:\Windows\System32\wshtcpip.dll
0x74b30000 - 0x74b36000 	C:\Windows\system32\rasadhlp.dll
0x6d780000 - 0x6d788000 	C:\jenkins\jre\bin\sunmscapi.dll
0x749b0000 - 0x74aa3000 	C:\Windows\system32\CRYPT32.dll
0x74990000 - 0x749a2000 	C:\Windows\system32\MSASN1.dll
0x6d000000 - 0x6d14a000 	C:\jenkins\jre\bin\awt.dll
0x72ee0000 - 0x72f22000 	C:\Windows\system32\WINSPOOL.DRV
0x6d230000 - 0x6d27f000 	C:\jenkins\jre\bin\fontmanager.dll
0x74640000 - 0x7464c000 	C:\Windows\system32\DWMAPI.DLL
0x6d550000 - 0x6d559000 	C:\jenkins\jre\bin\management.dll
0x6d620000 - 0x6d629000 	C:\jenkins\jre\bin\nio.dll
0x1b9c0000 - 0x1ba15000 	C:\Windows\Temp\jna\jna6144976123512209150.dll
0x6d1a0000 - 0x6d1c3000 	C:\jenkins\jre\bin\dcpr.dll
0x75010000 - 0x75013000 	C:\Windows\system32\Security.dll

VM Arguments:
jvm_args: -Xrs -Xmx256m -Dhudson.lifecycle=hudson.lifecycle.WindowsServiceLifecycle 
java_command: c:\jenkins\jenkins.war --httpPort=8080
Launcher Type: SUN_STANDARD

Environment Variables:
JAVA_HOME=C:\Program Files\Java\jdk1.6.0_35
PATH=C:\Program Files\Java\jdk1.6.0_35\bin;C:\Windows\system32;C:\Windows;C:\Windows\System32\Wbem;C:\Windows\System32\WindowsPowerShell\v1.0\;C:\Program Files (x86)\Microsoft SQL Server\100\Tools\Binn\;C:\Program Files\Microsoft SQL Server\100\Tools\Binn\;C:\Program Files\Microsoft SQL Server\100\DTS\Binn\;C:\Program Files (x86)\Microsoft SQL Server\100\Tools\Binn\VSShell\Common7\IDE\;C:\Program Files (x86)\Microsoft SQL Server\100\DTS\Binn\;C:\Program Files\HP\NCU;C:\Program Files\TortoiseSVN\bin;C:\Program Files\SlikSvn\bin\;C:\Program Files (x86)\Git\cmd;C:\Perl\site\bin;C:\Perl\bin;C:\PHP\;C:\SysinternalsSuite;C:\QATools;C:\apache-ant-1.8.4\bin;C:\Windows\System32\WindowsPowerShell\v1.0\
USERNAME=TOPHAT$
OS=Windows_NT
PROCESSOR_IDENTIFIER=Intel64 Family 6 Model 44 Stepping 2, GenuineIntel



---------------  S Y S T E M  ---------------

OS: Windows Server 2008 Build 6002 Service Pack 2

CPU:total 8 (4 cores per cpu, 2 threads per core) family 6 model 44 stepping 2, cmov, cx8, fxsr, mmx, sse, sse2, sse3, ssse3, sse4.1, sse4.2, popcnt, ht

Memory: 4k page, physical 6280076k(1108692k free), swap 12675920k(7458596k free)

vm_info: Java HotSpot(TM) Client VM (19.1-b02) for windows-x86 JRE (1.6.0_24-b07), built on Feb  2 2011 17:44:41 by "java_re" with MS VC++ 7.1 (VS2003)

time: Wed Feb 20 09:02:06 2013
elapsed time: 70372 seconds

