Running from: /usr/share/jenkins/jenkins.war
Feb 14, 2017 11:08:38 AM Main deleteWinstoneTempContents
WARNING: Failed to delete the temporary Winstone file /tmp/winstone/jenkins.war
Feb 14, 2017 11:08:38 AM org.eclipse.jetty.util.log.JavaUtilLog info
INFO: Logging initialized @2646ms
Feb 14, 2017 11:08:38 AM winstone.Logger logInternal
INFO: Beginning extraction from war file
Feb 14, 2017 11:08:38 AM org.eclipse.jetty.util.log.JavaUtilLog warn
WARNING: Empty contextPath
Feb 14, 2017 11:08:38 AM org.eclipse.jetty.util.log.JavaUtilLog info
INFO: jetty-9.2.z-SNAPSHOT
Feb 14, 2017 11:08:42 AM org.eclipse.jetty.util.log.JavaUtilLog info
INFO: NO JSP Support for /, did not find org.eclipse.jetty.jsp.JettyJspServlet
Jenkins home directory: /var/lib/jenkins found at: EnvVars.masterEnvVars.get("JENKINS_HOME")
Feb 14, 2017 11:08:43 AM org.eclipse.jetty.util.log.JavaUtilLog info
INFO: Started w.@6e6f2380{/,file:/var/cache/jenkins/war/,AVAILABLE}{/var/cache/jenkins/war}
Feb 14, 2017 11:08:43 AM org.eclipse.jetty.util.log.JavaUtilLog info
INFO: Started ServerConnector@75d3a5e0{HTTP/1.1}{0.0.0.0:8080}
Feb 14, 2017 11:08:43 AM org.eclipse.jetty.util.log.JavaUtilLog info
INFO: Started @7289ms
Feb 14, 2017 11:08:43 AM winstone.Logger logInternal
INFO: Winstone Servlet Engine v2.0 running: controlPort=disabled
Feb 14, 2017 11:08:43 AM jenkins.InitReactorRunner$1 onAttained
INFO: Started initialization
Feb 14, 2017 11:08:47 AM jenkins.InitReactorRunner$1 onAttained
INFO: Listed all plugins
Feb 14, 2017 11:08:47 AM jenkins.bouncycastle.api.SecurityProviderInitializer addSecurityProvider
INFO: Initializing Bouncy Castle security provider.
Feb 14, 2017 11:08:47 AM jenkins.bouncycastle.api.SecurityProviderInitializer addSecurityProvider
INFO: Bouncy Castle security provider initialized.
Feb 14, 2017 11:08:52 AM jenkins.InitReactorRunner$1 onAttained
INFO: Prepared all plugins
Feb 14, 2017 11:08:53 AM jenkins.InitReactorRunner$1 onAttained
INFO: Started all plugins
Feb 14, 2017 11:08:53 AM jenkins.InitReactorRunner$1 onAttained
INFO: Augmented all extensions
Feb 14, 2017 11:08:53 AM jenkins.InitReactorRunner$1 onAttained
INFO: Loaded all jobs
Feb 14, 2017 11:08:53 AM hudson.model.AsyncPeriodicWork$1 run
INFO: Started Download metadata
Feb 14, 2017 11:08:53 AM hudson.model.AsyncPeriodicWork$1 run
INFO: Finished Download metadata. 13 ms
Feb 14, 2017 11:08:54 AM jenkins.InitReactorRunner$1 onAttained
INFO: Completed initialization
Feb 14, 2017 11:08:54 AM org.springframework.context.support.AbstractApplicationContext prepareRefresh
INFO: Refreshing org.springframework.web.context.support.StaticWebApplicationContext@5fd05ac5: display name [Root WebApplicationContext]; startup date [Tue Feb 14 11:08:54 PST 2017]; root of context hierarchy
Feb 14, 2017 11:08:54 AM org.springframework.context.support.AbstractApplicationContext obtainFreshBeanFactory
INFO: Bean factory for application context [org.springframework.web.context.support.StaticWebApplicationContext@5fd05ac5]: org.springframework.beans.factory.support.DefaultListableBeanFactory@798734e2
Feb 14, 2017 11:08:54 AM org.springframework.beans.factory.support.DefaultListableBeanFactory preInstantiateSingletons
INFO: Pre-instantiating singletons in org.springframework.beans.factory.support.DefaultListableBeanFactory@798734e2: defining beans [ldapUserSearch,authenticationManager,bindAuthenticator,authoritiesPopulator,initialDirContextFactory]; root of factory hierarchy
Feb 14, 2017 11:08:54 AM org.acegisecurity.ldap.DefaultInitialDirContextFactory setProviderUrl
INFO:  URL <<<REDACTED>>>, root DN is <<<REDACTED>>>
Feb 14, 2017 11:08:54 AM org.acegisecurity.ldap.search.FilterBasedLdapUserSearch <init>
INFO: SearchBase not set. Searches will be performed from the root: <<<REDACTED>>>
Feb 14, 2017 11:08:54 AM org.springframework.context.support.AbstractApplicationContext prepareRefresh
INFO: Refreshing org.springframework.web.context.support.StaticWebApplicationContext@654ddba4: display name [Root WebApplicationContext]; startup date [Tue Feb 14 11:08:54 PST 2017]; root of context hierarchy
Feb 14, 2017 11:08:54 AM org.springframework.context.support.AbstractApplicationContext obtainFreshBeanFactory
INFO: Bean factory for application context [org.springframework.web.context.support.StaticWebApplicationContext@654ddba4]: org.springframework.beans.factory.support.DefaultListableBeanFactory@7afb348b
Feb 14, 2017 11:08:54 AM org.springframework.beans.factory.support.DefaultListableBeanFactory preInstantiateSingletons
INFO: Pre-instantiating singletons in org.springframework.beans.factory.support.DefaultListableBeanFactory@7afb348b: defining beans [filter,legacy]; root of factory hierarchy
Feb 14, 2017 11:08:55 AM hudson.WebAppMain$3 run
INFO: Jenkins is fully up and running
