2020-05-08 00:06:13.153+0000 [id=15]	WARNING	h.ExtensionFinder$GuiceFinder$FaultTolerantScope$1#error: Failed to instantiate Key[type=jenkins.security.QueueItemAuthenticatorConfiguration, annotation=[none]]; skipping this component
java.lang.IllegalStateException: Singleton is called recursively returning different results
	at com.google.common.base.Preconditions.checkState(Preconditions.java:145)
	at com.google.inject.internal.SingletonScope$1.get(SingletonScope.java:165)
	at hudson.ExtensionFinder$GuiceFinder$FaultTolerantScope$1.get(ExtensionFinder.java:440)
	at com.google.inject.internal.InternalFactoryToProviderAdapter.get(InternalFactoryToProviderAdapter.java:41)
	at com.google.inject.internal.InjectorImpl$2$1.call(InjectorImpl.java:1016)
	at com.google.inject.internal.InjectorImpl.callInContext(InjectorImpl.java:1103)
	at com.google.inject.internal.InjectorImpl$2.get(InjectorImpl.java:1012)
	at hudson.ExtensionFinder$GuiceFinder._find(ExtensionFinder.java:402)
	at hudson.ExtensionFinder$GuiceFinder.find(ExtensionFinder.java:393)
	at hudson.ClassicPluginStrategy.findComponents(ClassicPluginStrategy.java:344)
	at hudson.ExtensionList.load(ExtensionList.java:381)
	at hudson.ExtensionList.ensureLoaded(ExtensionList.java:317)
	at hudson.ExtensionList.getComponents(ExtensionList.java:183)
	at hudson.DescriptorExtensionList.load(DescriptorExtensionList.java:194)
	at hudson.ExtensionList.ensureLoaded(ExtensionList.java:317)
	at hudson.ExtensionList.iterator(ExtensionList.java:172)
	at hudson.ExtensionList.getInstance(ExtensionList.java:162)
	at jenkins.security.QueueItemAuthenticatorConfiguration.get(QueueItemAuthenticatorConfiguration.java:61)
	at org.jenkinsci.plugins.authorizeproject.ProjectQueueItemAuthenticator.getConfigured(ProjectQueueItemAuthenticator.java:178)
	at org.jenkinsci.plugins.authorizeproject.ProjectQueueItemAuthenticator.isConfigured(ProjectQueueItemAuthenticator.java:190)
	at org.jenkinsci.plugins.authorizeproject.AuthorizeProjectStrategy.checkUnsecuredConfiguration(AuthorizeProjectStrategy.java:186)
	at org.jenkinsci.plugins.authorizeproject.AuthorizeProjectStrategy.readResolve(AuthorizeProjectStrategy.java:176)
	at sun.reflect.GeneratedMethodAccessor28.invoke(Unknown Source)
	at sun.reflect.DelegatingMethodAccessorImpl.invoke(Unknown Source)
	at java.lang.reflect.Method.invoke(Unknown Source)
	at com.thoughtworks.xstream.converters.reflection.SerializationMethodInvoker.callReadResolve(SerializationMethodInvoker.java:66)
	at hudson.util.RobustReflectionConverter.unmarshal(RobustReflectionConverter.java:268)
	at com.thoughtworks.xstream.core.TreeUnmarshaller.convert(TreeUnmarshaller.java:72)
	at com.thoughtworks.xstream.core.AbstractReferenceUnmarshaller.convert(AbstractReferenceUnmarshaller.java:65)
	at com.thoughtworks.xstream.core.TreeUnmarshaller.convertAnother(TreeUnmarshaller.java:66)
	at hudson.util.RobustReflectionConverter.unmarshalField(RobustReflectionConverter.java:390)
	at hudson.util.RobustReflectionConverter.doUnmarshal(RobustReflectionConverter.java:328)
	at hudson.util.RobustReflectionConverter.unmarshal(RobustReflectionConverter.java:267)
	at com.thoughtworks.xstream.core.TreeUnmarshaller.convert(TreeUnmarshaller.java:72)
	at com.thoughtworks.xstream.core.AbstractReferenceUnmarshaller.convert(AbstractReferenceUnmarshaller.java:65)
	at com.thoughtworks.xstream.core.TreeUnmarshaller.convertAnother(TreeUnmarshaller.java:66)
	at com.thoughtworks.xstream.core.TreeUnmarshaller.convertAnother(TreeUnmarshaller.java:50)
	at com.thoughtworks.xstream.converters.collections.AbstractCollectionConverter.readItem(AbstractCollectionConverter.java:71)
	at hudson.util.CopyOnWriteList$ConverterImpl.unmarshal(CopyOnWriteList.java:197)
	at hudson.util.DescribableList$ConverterImpl.unmarshal(DescribableList.java:275)
	at com.thoughtworks.xstream.core.TreeUnmarshaller.convert(TreeUnmarshaller.java:72)
	at com.thoughtworks.xstream.core.AbstractReferenceUnmarshaller.convert(AbstractReferenceUnmarshaller.java:65)
	at com.thoughtworks.xstream.core.TreeUnmarshaller.convertAnother(TreeUnmarshaller.java:66)
	at hudson.util.RobustReflectionConverter.unmarshalField(RobustReflectionConverter.java:390)
	at hudson.util.RobustReflectionConverter.doUnmarshal(RobustReflectionConverter.java:328)
	at hudson.util.RobustReflectionConverter.unmarshal(RobustReflectionConverter.java:267)
	at com.thoughtworks.xstream.core.TreeUnmarshaller.convert(TreeUnmarshaller.java:72)
	at com.thoughtworks.xstream.core.AbstractReferenceUnmarshaller.convert(AbstractReferenceUnmarshaller.java:65)
	at com.thoughtworks.xstream.core.TreeUnmarshaller.convertAnother(TreeUnmarshaller.java:66)
	at com.thoughtworks.xstream.core.TreeUnmarshaller.convertAnother(TreeUnmarshaller.java:50)
	at com.thoughtworks.xstream.core.TreeUnmarshaller.start(TreeUnmarshaller.java:134)
	at com.thoughtworks.xstream.core.AbstractTreeMarshallingStrategy.unmarshal(AbstractTreeMarshallingStrategy.java:32)
	at com.thoughtworks.xstream.XStream.unmarshal(XStream.java:1189)
	at hudson.util.XStream2.unmarshal(XStream2.java:161)
	at hudson.util.XStream2.unmarshal(XStream2.java:132)
	at com.thoughtworks.xstream.XStream.unmarshal(XStream.java:1173)
	at hudson.XmlFile.unmarshal(XmlFile.java:180)
	at hudson.XmlFile.unmarshal(XmlFile.java:163)
	at hudson.model.Descriptor.load(Descriptor.java:914)
	at sun.reflect.GeneratedMethodAccessor27.invoke(Unknown Source)
	at sun.reflect.DelegatingMethodAccessorImpl.invoke(Unknown Source)
	at java.lang.reflect.Method.invoke(Unknown Source)
	at hudson.ExtensionFinder$GuiceFinder$SezpozModule.onProvision(ExtensionFinder.java:601)
	at com.google.inject.internal.ProvisionListenerStackCallback$Provision.provision(ProvisionListenerStackCallback.java:126)
	at com.google.inject.internal.ProvisionListenerStackCallback.provision(ProvisionListenerStackCallback.java:68)
	at com.google.inject.internal.ConstructorInjector.construct(ConstructorInjector.java:87)
	at com.google.inject.internal.ConstructorBindingImpl$Factory.get(ConstructorBindingImpl.java:267)
	at com.google.inject.internal.ProviderToInternalFactoryAdapter$1.call(ProviderToInternalFactoryAdapter.java:46)
	at com.google.inject.internal.InjectorImpl.callInContext(InjectorImpl.java:1103)
	at com.google.inject.internal.ProviderToInternalFactoryAdapter.get(ProviderToInternalFactoryAdapter.java:40)
	at com.google.inject.internal.SingletonScope$1.get(SingletonScope.java:145)
	at hudson.ExtensionFinder$GuiceFinder$FaultTolerantScope$1.get(ExtensionFinder.java:440)
	at com.google.inject.internal.InternalFactoryToProviderAdapter.get(InternalFactoryToProviderAdapter.java:41)
	at com.google.inject.internal.InjectorImpl$2$1.call(InjectorImpl.java:1016)
	at com.google.inject.internal.InjectorImpl.callInContext(InjectorImpl.java:1103)
	at com.google.inject.internal.InjectorImpl$2.get(InjectorImpl.java:1012)
	at hudson.ExtensionFinder$GuiceFinder._find(ExtensionFinder.java:402)
	at hudson.ExtensionFinder$GuiceFinder.find(ExtensionFinder.java:393)
	at hudson.ClassicPluginStrategy.findComponents(ClassicPluginStrategy.java:344)
	at hudson.ExtensionList.load(ExtensionList.java:381)
	at hudson.ExtensionList.ensureLoaded(ExtensionList.java:317)
	at hudson.ExtensionList.getComponents(ExtensionList.java:183)
	at hudson.DescriptorExtensionList.load(DescriptorExtensionList.java:194)
	at hudson.ExtensionList.ensureLoaded(ExtensionList.java:317)
	at hudson.ExtensionList.iterator(ExtensionList.java:172)
	at hudson.ExtensionList.getInstance(ExtensionList.java:162)
	at jenkins.security.QueueItemAuthenticatorConfiguration.get(QueueItemAuthenticatorConfiguration.java:61)
	at org.jenkinsci.plugins.authorizeproject.ProjectQueueItemAuthenticator.getConfigured(ProjectQueueItemAuthenticator.java:178)
	at org.jenkinsci.plugins.authorizeproject.ProjectQueueItemAuthenticator.isConfigured(ProjectQueueItemAuthenticator.java:190)
	at org.jenkinsci.plugins.authorizeproject.AuthorizeProjectStrategy.checkUnsecuredConfiguration(AuthorizeProjectStrategy.java:186)
	at org.jenkinsci.plugins.authorizeproject.AuthorizeProjectStrategy.readResolve(AuthorizeProjectStrategy.java:176)
	at sun.reflect.GeneratedMethodAccessor28.invoke(Unknown Source)
	at sun.reflect.DelegatingMethodAccessorImpl.invoke(Unknown Source)
	at java.lang.reflect.Method.invoke(Unknown Source)
	at com.thoughtworks.xstream.converters.reflection.SerializationMethodInvoker.callReadResolve(SerializationMethodInvoker.java:66)
	at hudson.util.RobustReflectionConverter.unmarshal(RobustReflectionConverter.java:268)
	at com.thoughtworks.xstream.core.TreeUnmarshaller.convert(TreeUnmarshaller.java:72)
	at com.thoughtworks.xstream.core.AbstractReferenceUnmarshaller.convert(AbstractReferenceUnmarshaller.java:65)
	at com.thoughtworks.xstream.core.TreeUnmarshaller.convertAnother(TreeUnmarshaller.java:66)
	at hudson.util.RobustReflectionConverter.unmarshalField(RobustReflectionConverter.java:390)
	at hudson.util.RobustReflectionConverter.doUnmarshal(RobustReflectionConverter.java:328)
	at hudson.util.RobustReflectionConverter.unmarshal(RobustReflectionConverter.java:267)
	at com.thoughtworks.xstream.core.TreeUnmarshaller.convert(TreeUnmarshaller.java:72)
	at com.thoughtworks.xstream.core.AbstractReferenceUnmarshaller.convert(AbstractReferenceUnmarshaller.java:65)
	at com.thoughtworks.xstream.core.TreeUnmarshaller.convertAnother(TreeUnmarshaller.java:66)
	at com.thoughtworks.xstream.core.TreeUnmarshaller.convertAnother(TreeUnmarshaller.java:50)
	at com.thoughtworks.xstream.converters.collections.AbstractCollectionConverter.readItem(AbstractCollectionConverter.java:71)
	at hudson.util.CopyOnWriteList$ConverterImpl.unmarshal(CopyOnWriteList.java:197)
	at hudson.util.DescribableList$ConverterImpl.unmarshal(DescribableList.java:275)
	at com.thoughtworks.xstream.core.TreeUnmarshaller.convert(TreeUnmarshaller.java:72)
	at com.thoughtworks.xstream.core.AbstractReferenceUnmarshaller.convert(AbstractReferenceUnmarshaller.java:65)
	at com.thoughtworks.xstream.core.TreeUnmarshaller.convertAnother(TreeUnmarshaller.java:66)
	at hudson.util.RobustReflectionConverter.unmarshalField(RobustReflectionConverter.java:390)
	at hudson.util.RobustReflectionConverter.doUnmarshal(RobustReflectionConverter.java:328)
	at hudson.util.RobustReflectionConverter.unmarshal(RobustReflectionConverter.java:267)
	at com.thoughtworks.xstream.core.TreeUnmarshaller.convert(TreeUnmarshaller.java:72)
	at com.thoughtworks.xstream.core.AbstractReferenceUnmarshaller.convert(AbstractReferenceUnmarshaller.java:65)
	at com.thoughtworks.xstream.core.TreeUnmarshaller.convertAnother(TreeUnmarshaller.java:66)
	at com.thoughtworks.xstream.core.TreeUnmarshaller.convertAnother(TreeUnmarshaller.java:50)
	at com.thoughtworks.xstream.core.TreeUnmarshaller.start(TreeUnmarshaller.java:134)
	at com.thoughtworks.xstream.core.AbstractTreeMarshallingStrategy.unmarshal(AbstractTreeMarshallingStrategy.java:32)
	at com.thoughtworks.xstream.XStream.unmarshal(XStream.java:1189)
	at hudson.util.XStream2.unmarshal(XStream2.java:161)
	at hudson.util.XStream2.unmarshal(XStream2.java:132)
	at com.thoughtworks.xstream.XStream.unmarshal(XStream.java:1173)
	at hudson.XmlFile.unmarshal(XmlFile.java:180)
	at hudson.XmlFile.unmarshal(XmlFile.java:163)
	at hudson.model.Descriptor.load(Descriptor.java:914)
	at sun.reflect.GeneratedMethodAccessor27.invoke(Unknown Source)
	at sun.reflect.DelegatingMethodAccessorImpl.invoke(Unknown Source)
	at java.lang.reflect.Method.invoke(Unknown Source)
	at hudson.ExtensionFinder$GuiceFinder$SezpozModule.onProvision(ExtensionFinder.java:601)
	at com.google.inject.internal.ProvisionListenerStackCallback$Provision.provision(ProvisionListenerStackCallback.java:126)
	at com.google.inject.internal.ProvisionListenerStackCallback.provision(ProvisionListenerStackCallback.java:68)
	at com.google.inject.internal.ConstructorInjector.construct(ConstructorInjector.java:87)
	at com.google.inject.internal.ConstructorBindingImpl$Factory.get(ConstructorBindingImpl.java:267)
	at com.google.inject.internal.ProviderToInternalFactoryAdapter$1.call(ProviderToInternalFactoryAdapter.java:46)
	at com.google.inject.internal.InjectorImpl.callInContext(InjectorImpl.java:1103)
	at com.google.inject.internal.ProviderToInternalFactoryAdapter.get(ProviderToInternalFactoryAdapter.java:40)
	at com.google.inject.internal.SingletonScope$1.get(SingletonScope.java:145)
	at hudson.ExtensionFinder$GuiceFinder$FaultTolerantScope$1.get(ExtensionFinder.java:440)
	at com.google.inject.internal.InternalFactoryToProviderAdapter.get(InternalFactoryToProviderAdapter.java:41)
	at com.google.inject.internal.InjectorImpl$2$1.call(InjectorImpl.java:1016)
	at com.google.inject.internal.InjectorImpl.callInContext(InjectorImpl.java:1103)
	at com.google.inject.internal.InjectorImpl$2.get(InjectorImpl.java:1012)
	at hudson.ExtensionFinder$GuiceFinder._find(ExtensionFinder.java:402)
	at hudson.ExtensionFinder$GuiceFinder.find(ExtensionFinder.java:393)
	at hudson.ClassicPluginStrategy.findComponents(ClassicPluginStrategy.java:344)
	at hudson.ExtensionList.load(ExtensionList.java:381)
	at hudson.ExtensionList.ensureLoaded(ExtensionList.java:317)
	at hudson.ExtensionList.getComponents(ExtensionList.java:183)
	at hudson.DescriptorExtensionList.load(DescriptorExtensionList.java:194)
	at hudson.ExtensionList.ensureLoaded(ExtensionList.java:317)
	at hudson.ExtensionList.iterator(ExtensionList.java:172)
	at hudson.ExtensionList.getInstance(ExtensionList.java:162)
	at jenkins.security.QueueItemAuthenticatorConfiguration.get(QueueItemAuthenticatorConfiguration.java:61)
	at org.jenkinsci.plugins.authorizeproject.ProjectQueueItemAuthenticator.getConfigured(ProjectQueueItemAuthenticator.java:178)
	at org.jenkinsci.plugins.authorizeproject.ProjectQueueItemAuthenticator.isConfigured(ProjectQueueItemAuthenticator.java:190)
	at org.jenkinsci.plugins.authorizeproject.AuthorizeProjectStrategy.checkUnsecuredConfiguration(AuthorizeProjectStrategy.java:186)
	at org.jenkinsci.plugins.authorizeproject.AuthorizeProjectStrategy.readResolve(AuthorizeProjectStrategy.java:176)
	at sun.reflect.GeneratedMethodAccessor28.invoke(Unknown Source)
	at sun.reflect.DelegatingMethodAccessorImpl.invoke(Unknown Source)
	at java.lang.reflect.Method.invoke(Unknown Source)
	at com.thoughtworks.xstream.converters.reflection.SerializationMethodInvoker.callReadResolve(SerializationMethodInvoker.java:66)
	at hudson.util.RobustReflectionConverter.unmarshal(RobustReflectionConverter.java:268)
	at com.thoughtworks.xstream.core.TreeUnmarshaller.convert(TreeUnmarshaller.java:72)
	at com.thoughtworks.xstream.core.AbstractReferenceUnmarshaller.convert(AbstractReferenceUnmarshaller.java:65)
	at com.thoughtworks.xstream.core.TreeUnmarshaller.convertAnother(TreeUnmarshaller.java:66)
	at hudson.util.RobustReflectionConverter.unmarshalField(RobustReflectionConverter.java:390)
	at hudson.util.RobustReflectionConverter.doUnmarshal(RobustReflectionConverter.java:328)
	at hudson.util.RobustReflectionConverter.unmarshal(RobustReflectionConverter.java:267)
	at com.thoughtworks.xstream.core.TreeUnmarshaller.convert(TreeUnmarshaller.java:72)
	at com.thoughtworks.xstream.core.AbstractReferenceUnmarshaller.convert(AbstractReferenceUnmarshaller.java:65)
	at com.thoughtworks.xstream.core.TreeUnmarshaller.convertAnother(TreeUnmarshaller.java:66)
	at com.thoughtworks.xstream.core.TreeUnmarshaller.convertAnother(TreeUnmarshaller.java:50)
	at com.thoughtworks.xstream.converters.collections.AbstractCollectionConverter.readItem(AbstractCollectionConverter.java:71)
	at hudson.util.CopyOnWriteList$ConverterImpl.unmarshal(CopyOnWriteList.java:197)
	at hudson.util.DescribableList$ConverterImpl.unmarshal(DescribableList.java:275)
	at com.thoughtworks.xstream.core.TreeUnmarshaller.convert(TreeUnmarshaller.java:72)
	at com.thoughtworks.xstream.core.AbstractReferenceUnmarshaller.convert(AbstractReferenceUnmarshaller.java:65)
	at com.thoughtworks.xstream.core.TreeUnmarshaller.convertAnother(TreeUnmarshaller.java:66)
	at hudson.util.RobustReflectionConverter.unmarshalField(RobustReflectionConverter.java:390)
	at hudson.util.RobustReflectionConverter.doUnmarshal(RobustReflectionConverter.java:328)
	at hudson.util.RobustReflectionConverter.unmarshal(RobustReflectionConverter.java:267)
	at com.thoughtworks.xstream.core.TreeUnmarshaller.convert(TreeUnmarshaller.java:72)
	at com.thoughtworks.xstream.core.AbstractReferenceUnmarshaller.convert(AbstractReferenceUnmarshaller.java:65)
	at com.thoughtworks.xstream.core.TreeUnmarshaller.convertAnother(TreeUnmarshaller.java:66)
	at com.thoughtworks.xstream.core.TreeUnmarshaller.convertAnother(TreeUnmarshaller.java:50)
	at com.thoughtworks.xstream.core.TreeUnmarshaller.start(TreeUnmarshaller.java:134)
	at com.thoughtworks.xstream.core.AbstractTreeMarshallingStrategy.unmarshal(AbstractTreeMarshallingStrategy.java:32)
	at com.thoughtworks.xstream.XStream.unmarshal(XStream.java:1189)
	at hudson.util.XStream2.unmarshal(XStream2.java:161)
	at hudson.util.XStream2.unmarshal(XStream2.java:132)
	at com.thoughtworks.xstream.XStream.unmarshal(XStream.java:1173)
	at hudson.XmlFile.unmarshal(XmlFile.java:180)
	at hudson.XmlFile.unmarshal(XmlFile.java:163)
	at hudson.model.Descriptor.load(Descriptor.java:914)
	at sun.reflect.GeneratedMethodAccessor27.invoke(Unknown Source)
	at sun.reflect.DelegatingMethodAccessorImpl.invoke(Unknown Source)
	at java.lang.reflect.Method.invoke(Unknown Source)
	at hudson.ExtensionFinder$GuiceFinder$SezpozModule.onProvision(ExtensionFinder.java:601)
	at com.google.inject.internal.ProvisionListenerStackCallback$Provision.provision(ProvisionListenerStackCallback.java:126)
	at com.google.inject.internal.ProvisionListenerStackCallback.provision(ProvisionListenerStackCallback.java:68)
	at com.google.inject.internal.ConstructorInjector.construct(ConstructorInjector.java:87)
	at com.google.inject.internal.ConstructorBindingImpl$Factory.get(ConstructorBindingImpl.java:267)
	at com.google.inject.internal.ProviderToInternalFactoryAdapter$1.call(ProviderToInternalFactoryAdapter.java:46)
	at com.google.inject.internal.InjectorImpl.callInContext(InjectorImpl.java:1103)
	at com.google.inject.internal.ProviderToInternalFactoryAdapter.get(ProviderToInternalFactoryAdapter.java:40)
	at com.google.inject.internal.SingletonScope$1.get(SingletonScope.java:145)
	at hudson.ExtensionFinder$GuiceFinder$FaultTolerantScope$1.get(ExtensionFinder.java:440)
	at com.google.inject.internal.InternalFactoryToProviderAdapter.get(InternalFactoryToProviderAdapter.java:41)
	at com.google.inject.internal.InjectorImpl$2$1.call(InjectorImpl.java:1016)
	at com.google.inject.internal.InjectorImpl.callInContext(InjectorImpl.java:1103)
	at com.google.inject.internal.InjectorImpl$2.get(InjectorImpl.java:1012)
	at hudson.ExtensionFinder$GuiceFinder._find(ExtensionFinder.java:402)
	at hudson.ExtensionFinder$GuiceFinder.find(ExtensionFinder.java:393)
	at hudson.ClassicPluginStrategy.findComponents(ClassicPluginStrategy.java:344)
	at hudson.ExtensionList.load(ExtensionList.java:381)
	at hudson.ExtensionList.ensureLoaded(ExtensionList.java:317)
	at hudson.ExtensionList.getComponents(ExtensionList.java:183)
	at hudson.DescriptorExtensionList.load(DescriptorExtensionList.java:194)
	at hudson.ExtensionList.ensureLoaded(ExtensionList.java:317)
	at hudson.ExtensionList.iterator(ExtensionList.java:172)
	at hudson.ExtensionList.getInstance(ExtensionList.java:162)
	at jenkins.security.QueueItemAuthenticatorConfiguration.get(QueueItemAuthenticatorConfiguration.java:61)
	at org.jenkinsci.plugins.authorizeproject.ProjectQueueItemAuthenticator.getConfigured(ProjectQueueItemAuthenticator.java:178)
	at org.jenkinsci.plugins.authorizeproject.ProjectQueueItemAuthenticator.isConfigured(ProjectQueueItemAuthenticator.java:190)
	at org.jenkinsci.plugins.authorizeproject.AuthorizeProjectStrategy.checkUnsecuredConfiguration(AuthorizeProjectStrategy.java:186)
	at org.jenkinsci.plugins.authorizeproject.AuthorizeProjectStrategy.readResolve(AuthorizeProjectStrategy.java:176)
	at sun.reflect.GeneratedMethodAccessor28.invoke(Unknown Source)
	at sun.reflect.DelegatingMethodAccessorImpl.invoke(Unknown Source)
	at java.lang.reflect.Method.invoke(Unknown Source)
	at com.thoughtworks.xstream.converters.reflection.SerializationMethodInvoker.callReadResolve(SerializationMethodInvoker.java:66)
	at hudson.util.RobustReflectionConverter.unmarshal(RobustReflectionConverter.java:268)
	at com.thoughtworks.xstream.core.TreeUnmarshaller.convert(TreeUnmarshaller.java:72)
	at com.thoughtworks.xstream.core.AbstractReferenceUnmarshaller.convert(AbstractReferenceUnmarshaller.java:65)
	at com.thoughtworks.xstream.core.TreeUnmarshaller.convertAnother(TreeUnmarshaller.java:66)
	at hudson.util.RobustReflectionConverter.unmarshalField(RobustReflectionConverter.java:390)
	at hudson.util.RobustReflectionConverter.doUnmarshal(RobustReflectionConverter.java:328)
	at hudson.util.RobustReflectionConverter.unmarshal(RobustReflectionConverter.java:267)
	at com.thoughtworks.xstream.core.TreeUnmarshaller.convert(TreeUnmarshaller.java:72)
	at com.thoughtworks.xstream.core.AbstractReferenceUnmarshaller.convert(AbstractReferenceUnmarshaller.java:65)
	at com.thoughtworks.xstream.core.TreeUnmarshaller.convertAnother(TreeUnmarshaller.java:66)
	at com.thoughtworks.xstream.core.TreeUnmarshaller.convertAnother(TreeUnmarshaller.java:50)
	at com.thoughtworks.xstream.converters.collections.AbstractCollectionConverter.readItem(AbstractCollectionConverter.java:71)
	at hudson.util.CopyOnWriteList$ConverterImpl.unmarshal(CopyOnWriteList.java:197)
	at hudson.util.DescribableList$ConverterImpl.unmarshal(DescribableList.java:275)
	at com.thoughtworks.xstream.core.TreeUnmarshaller.convert(TreeUnmarshaller.java:72)
	at com.thoughtworks.xstream.core.AbstractReferenceUnmarshaller.convert(AbstractReferenceUnmarshaller.java:65)
	at com.thoughtworks.xstream.core.TreeUnmarshaller.convertAnother(TreeUnmarshaller.java:66)
	at hudson.util.RobustReflectionConverter.unmarshalField(RobustReflectionConverter.java:390)
	at hudson.util.RobustReflectionConverter.doUnmarshal(RobustReflectionConverter.java:328)
	at hudson.util.RobustReflectionConverter.unmarshal(RobustReflectionConverter.java:267)
	at com.thoughtworks.xstream.core.TreeUnmarshaller.convert(TreeUnmarshaller.java:72)
	at com.thoughtworks.xstream.core.AbstractReferenceUnmarshaller.convert(AbstractReferenceUnmarshaller.java:65)
	at com.thoughtworks.xstream.core.TreeUnmarshaller.convertAnother(TreeUnmarshaller.java:66)
	at com.thoughtworks.xstream.core.TreeUnmarshaller.convertAnother(TreeUnmarshaller.java:50)
	at com.thoughtworks.xstream.core.TreeUnmarshaller.start(TreeUnmarshaller.java:134)
	at com.thoughtworks.xstream.core.AbstractTreeMarshallingStrategy.unmarshal(AbstractTreeMarshallingStrategy.java:32)
	at com.thoughtworks.xstream.XStream.unmarshal(XStream.java:1189)
	at hudson.util.XStream2.unmarshal(XStream2.java:161)
	at hudson.util.XStream2.unmarshal(XStream2.java:132)
	at com.thoughtworks.xstream.XStream.unmarshal(XStream.java:1173)
	at hudson.XmlFile.unmarshal(XmlFile.java:180)
	at hudson.XmlFile.unmarshal(XmlFile.java:163)
	at hudson.model.Descriptor.load(Descriptor.java:914)
	at sun.reflect.GeneratedMethodAccessor27.invoke(Unknown Source)
	at sun.reflect.DelegatingMethodAccessorImpl.invoke(Unknown Source)
	at java.lang.reflect.Method.invoke(Unknown Source)
	at hudson.ExtensionFinder$GuiceFinder$SezpozModule.onProvision(ExtensionFinder.java:601)
	at com.google.inject.internal.ProvisionListenerStackCallback$Provision.provision(ProvisionListenerStackCallback.java:126)
	at com.google.inject.internal.ProvisionListenerStackCallback.provision(ProvisionListenerStackCallback.java:68)
	at com.google.inject.internal.ConstructorInjector.construct(ConstructorInjector.java:87)
	at com.google.inject.internal.ConstructorBindingImpl$Factory.get(ConstructorBindingImpl.java:267)
	at com.google.inject.internal.ProviderToInternalFactoryAdapter$1.call(ProviderToInternalFactoryAdapter.java:46)
	at com.google.inject.internal.InjectorImpl.callInContext(InjectorImpl.java:1103)
	at com.google.inject.internal.ProviderToInternalFactoryAdapter.get(ProviderToInternalFactoryAdapter.java:40)
	at com.google.inject.internal.SingletonScope$1.get(SingletonScope.java:145)
	at hudson.ExtensionFinder$GuiceFinder$FaultTolerantScope$1.get(ExtensionFinder.java:440)
	at com.google.inject.internal.InternalFactoryToProviderAdapter.get(InternalFactoryToProviderAdapter.java:41)
	at com.google.inject.internal.InjectorImpl$2$1.call(InjectorImpl.java:1016)
	at com.google.inject.internal.InjectorImpl.callInContext(InjectorImpl.java:1103)
	at com.google.inject.internal.InjectorImpl$2.get(InjectorImpl.java:1012)
	at hudson.ExtensionFinder$GuiceFinder._find(ExtensionFinder.java:402)
	at hudson.ExtensionFinder$GuiceFinder.find(ExtensionFinder.java:393)
	at hudson.ClassicPluginStrategy.findComponents(ClassicPluginStrategy.java:344)
	at hudson.ExtensionList.load(ExtensionList.java:381)
	at hudson.ExtensionList.ensureLoaded(ExtensionList.java:317)
	at hudson.ExtensionList.getComponents(ExtensionList.java:183)
	at hudson.DescriptorExtensionList.load(DescriptorExtensionList.java:194)
	at hudson.ExtensionList.ensureLoaded(ExtensionList.java:317)
	at hudson.ExtensionList.iterator(ExtensionList.java:172)
	at hudson.ExtensionList.getInstance(ExtensionList.java:162)
	at jenkins.security.QueueItemAuthenticatorConfiguration.get(QueueItemAuthenticatorConfiguration.java:61)
	at org.jenkinsci.plugins.authorizeproject.ProjectQueueItemAuthenticator.getConfigured(ProjectQueueItemAuthenticator.java:178)
	at org.jenkinsci.plugins.authorizeproject.ProjectQueueItemAuthenticator.isConfigured(ProjectQueueItemAuthenticator.java:190)
	at org.jenkinsci.plugins.authorizeproject.AuthorizeProjectStrategy.checkUnsecuredConfiguration(AuthorizeProjectStrategy.java:186)
	at org.jenkinsci.plugins.authorizeproject.AuthorizeProjectStrategy.readResolve(AuthorizeProjectStrategy.java:176)
	at sun.reflect.GeneratedMethodAccessor28.invoke(Unknown Source)
	at sun.reflect.DelegatingMethodAccessorImpl.invoke(Unknown Source)
	at java.lang.reflect.Method.invoke(Unknown Source)
	at com.thoughtworks.xstream.converters.reflection.SerializationMethodInvoker.callReadResolve(SerializationMethodInvoker.java:66)
	at hudson.util.RobustReflectionConverter.unmarshal(RobustReflectionConverter.java:268)
	at com.thoughtworks.xstream.core.TreeUnmarshaller.convert(TreeUnmarshaller.java:72)
	at com.thoughtworks.xstream.core.AbstractReferenceUnmarshaller.convert(AbstractReferenceUnmarshaller.java:65)
	at com.thoughtworks.xstream.core.TreeUnmarshaller.convertAnother(TreeUnmarshaller.java:66)
	at hudson.util.RobustReflectionConverter.unmarshalField(RobustReflectionConverter.java:390)
	at hudson.util.RobustReflectionConverter.doUnmarshal(RobustReflectionConverter.java:328)
	at hudson.util.RobustReflectionConverter.unmarshal(RobustReflectionConverter.java:267)
	at com.thoughtworks.xstream.core.TreeUnmarshaller.convert(TreeUnmarshaller.java:72)
	at com.thoughtworks.xstream.core.AbstractReferenceUnmarshaller.convert(AbstractReferenceUnmarshaller.java:65)
	at com.thoughtworks.xstream.core.TreeUnmarshaller.convertAnother(TreeUnmarshaller.java:66)
	at com.thoughtworks.xstream.core.TreeUnmarshaller.convertAnother(TreeUnmarshaller.java:50)
	at com.thoughtworks.xstream.converters.collections.AbstractCollectionConverter.readItem(AbstractCollectionConverter.java:71)
	at hudson.util.CopyOnWriteList$ConverterImpl.unmarshal(CopyOnWriteList.java:197)
	at hudson.util.DescribableList$ConverterImpl.unmarshal(DescribableList.java:275)
	at com.thoughtworks.xstream.core.TreeUnmarshaller.convert(TreeUnmarshaller.java:72)
	at com.thoughtworks.xstream.core.AbstractReferenceUnmarshaller.convert(AbstractReferenceUnmarshaller.java:65)
	at com.thoughtworks.xstream.core.TreeUnmarshaller.convertAnother(TreeUnmarshaller.java:66)
	at hudson.util.RobustReflectionConverter.unmarshalField(RobustReflectionConverter.java:390)
	at hudson.util.RobustReflectionConverter.doUnmarshal(RobustReflectionConverter.java:328)
	at hudson.util.RobustReflectionConverter.unmarshal(RobustReflectionConverter.java:267)
	at com.thoughtworks.xstream.core.TreeUnmarshaller.convert(TreeUnmarshaller.java:72)
	at com.thoughtworks.xstream.core.AbstractReferenceUnmarshaller.convert(AbstractReferenceUnmarshaller.java:65)
	at com.thoughtworks.xstream.core.TreeUnmarshaller.convertAnother(TreeUnmarshaller.java:66)
	at com.thoughtworks.xstream.core.TreeUnmarshaller.convertAnother(TreeUnmarshaller.java:50)
	at com.thoughtworks.xstream.core.TreeUnmarshaller.start(TreeUnmarshaller.java:134)
	at com.thoughtworks.xstream.core.AbstractTreeMarshallingStrategy.unmarshal(AbstractTreeMarshallingStrategy.java:32)
	at com.thoughtworks.xstream.XStream.unmarshal(XStream.java:1189)
	at hudson.util.XStream2.unmarshal(XStream2.java:161)
	at hudson.util.XStream2.unmarshal(XStream2.java:132)
	at com.thoughtworks.xstream.XStream.unmarshal(XStream.java:1173)
	at hudson.XmlFile.unmarshal(XmlFile.java:180)
	at hudson.XmlFile.unmarshal(XmlFile.java:163)
	at hudson.model.Descriptor.load(Descriptor.java:914)
	at sun.reflect.GeneratedMethodAccessor27.invoke(Unknown Source)
	at sun.reflect.DelegatingMethodAccessorImpl.invoke(Unknown Source)
	at java.lang.reflect.Method.invoke(Unknown Source)
	at hudson.ExtensionFinder$GuiceFinder$SezpozModule.onProvision(ExtensionFinder.java:601)
	at com.google.inject.internal.ProvisionListenerStackCallback$Provision.provision(ProvisionListenerStackCallback.java:126)
	at com.google.inject.internal.ProvisionListenerStackCallback.provision(ProvisionListenerStackCallback.java:68)
	at com.google.inject.internal.ConstructorInjector.construct(ConstructorInjector.java:87)
	at com.google.inject.internal.ConstructorBindingImpl$Factory.get(ConstructorBindingImpl.java:267)
	at com.google.inject.internal.ProviderToInternalFactoryAdapter$1.call(ProviderToInternalFactoryAdapter.java:46)
	at com.google.inject.internal.InjectorImpl.callInContext(InjectorImpl.java:1103)
	at com.google.inject.internal.ProviderToInternalFactoryAdapter.get(ProviderToInternalFactoryAdapter.java:40)
	at com.google.inject.internal.SingletonScope$1.get(SingletonScope.java:145)
	at hudson.ExtensionFinder$GuiceFinder$FaultTolerantScope$1.get(ExtensionFinder.java:440)
	at com.google.inject.internal.InternalFactoryToProviderAdapter.get(InternalFactoryToProviderAdapter.java:41)
	at com.google.inject.internal.InjectorImpl$2$1.call(InjectorImpl.java:1016)
	at com.google.inject.internal.InjectorImpl.callInContext(InjectorImpl.java:1103)
	at com.google.inject.internal.InjectorImpl$2.get(InjectorImpl.java:1012)
	at hudson.ExtensionFinder$GuiceFinder._find(ExtensionFinder.java:402)
	at hudson.ExtensionFinder$GuiceFinder.find(ExtensionFinder.java:393)
	at hudson.ClassicPluginStrategy.findComponents(ClassicPluginStrategy.java:344)
	at hudson.ExtensionList.load(ExtensionList.java:381)
	at hudson.ExtensionList.ensureLoaded(ExtensionList.java:317)
	at hudson.ExtensionList.getComponents(ExtensionList.java:183)
	at hudson.DescriptorExtensionList.load(DescriptorExtensionList.java:194)
	at hudson.ExtensionList.ensureLoaded(ExtensionList.java:317)
	at hudson.ExtensionList.iterator(ExtensionList.java:172)
	at hudson.ExtensionList.getInstance(ExtensionList.java:162)
	at jenkins.security.QueueItemAuthenticatorConfiguration.get(QueueItemAuthenticatorConfiguration.java:61)
	at org.jenkinsci.plugins.authorizeproject.ProjectQueueItemAuthenticator.getConfigured(ProjectQueueItemAuthenticator.java:178)
	at org.jenkinsci.plugins.authorizeproject.ProjectQueueItemAuthenticator.isConfigured(ProjectQueueItemAuthenticator.java:190)
	at org.jenkinsci.plugins.authorizeproject.AuthorizeProjectStrategy.checkUnsecuredConfiguration(AuthorizeProjectStrategy.java:186)
	at org.jenkinsci.plugins.authorizeproject.AuthorizeProjectStrategy.readResolve(AuthorizeProjectStrategy.java:176)
	at sun.reflect.GeneratedMethodAccessor28.invoke(Unknown Source)
	at sun.reflect.DelegatingMethodAccessorImpl.invoke(Unknown Source)
	at java.lang.reflect.Method.invoke(Unknown Source)
	at com.thoughtworks.xstream.converters.reflection.SerializationMethodInvoker.callReadResolve(SerializationMethodInvoker.java:66)
	at hudson.util.RobustReflectionConverter.unmarshal(RobustReflectionConverter.java:268)
	at com.thoughtworks.xstream.core.TreeUnmarshaller.convert(TreeUnmarshaller.java:72)
	at com.thoughtworks.xstream.core.AbstractReferenceUnmarshaller.convert(AbstractReferenceUnmarshaller.java:65)
	at com.thoughtworks.xstream.core.TreeUnmarshaller.convertAnother(TreeUnmarshaller.java:66)
	at hudson.util.RobustReflectionConverter.unmarshalField(RobustReflectionConverter.java:390)
	at hudson.util.RobustReflectionConverter.doUnmarshal(RobustReflectionConverter.java:328)
	at hudson.util.RobustReflectionConverter.unmarshal(RobustReflectionConverter.java:267)
	at com.thoughtworks.xstream.core.TreeUnmarshaller.convert(TreeUnmarshaller.java:72)
	at com.thoughtworks.xstream.core.AbstractReferenceUnmarshaller.convert(AbstractReferenceUnmarshaller.java:65)
	at com.thoughtworks.xstream.core.TreeUnmarshaller.convertAnother(TreeUnmarshaller.java:66)
	at com.thoughtworks.xstream.core.TreeUnmarshaller.convertAnother(TreeUnmarshaller.java:50)
	at com.thoughtworks.xstream.converters.collections.AbstractCollectionConverter.readItem(AbstractCollectionConverter.java:71)
	at hudson.util.CopyOnWriteList$ConverterImpl.unmarshal(CopyOnWriteList.java:197)
	at hudson.util.DescribableList$ConverterImpl.unmarshal(DescribableList.java:275)
	at com.thoughtworks.xstream.core.TreeUnmarshaller.convert(TreeUnmarshaller.java:72)
	at com.thoughtworks.xstream.core.AbstractReferenceUnmarshaller.convert(AbstractReferenceUnmarshaller.java:65)
	at com.thoughtworks.xstream.core.TreeUnmarshaller.convertAnother(TreeUnmarshaller.java:66)
	at hudson.util.RobustReflectionConverter.unmarshalField(RobustReflectionConverter.java:390)
	at hudson.util.RobustReflectionConverter.doUnmarshal(RobustReflectionConverter.java:328)
	at hudson.util.RobustReflectionConverter.unmarshal(RobustReflectionConverter.java:267)
	at com.thoughtworks.xstream.core.TreeUnmarshaller.convert(TreeUnmarshaller.java:72)
	at com.thoughtworks.xstream.core.AbstractReferenceUnmarshaller.convert(AbstractReferenceUnmarshaller.java:65)
	at com.thoughtworks.xstream.core.TreeUnmarshaller.convertAnother(TreeUnmarshaller.java:66)
	at com.thoughtworks.xstream.core.TreeUnmarshaller.convertAnother(TreeUnmarshaller.java:50)
	at com.thoughtworks.xstream.core.TreeUnmarshaller.start(TreeUnmarshaller.java:134)
	at com.thoughtworks.xstream.core.AbstractTreeMarshallingStrategy.unmarshal(AbstractTreeMarshallingStrategy.java:32)
	at com.thoughtworks.xstream.XStream.unmarshal(XStream.java:1189)
	at hudson.util.XStream2.unmarshal(XStream2.java:161)
	at hudson.util.XStream2.unmarshal(XStream2.java:132)
	at com.thoughtworks.xstream.XStream.unmarshal(XStream.java:1173)
	at hudson.XmlFile.unmarshal(XmlFile.java:180)
	at hudson.XmlFile.unmarshal(XmlFile.java:163)
	at hudson.model.Descriptor.load(Descriptor.java:914)
	at sun.reflect.GeneratedMethodAccessor27.invoke(Unknown Source)
	at sun.reflect.DelegatingMethodAccessorImpl.invoke(Unknown Source)
	at java.lang.reflect.Method.invoke(Unknown Source)
	at hudson.ExtensionFinder$GuiceFinder$SezpozModule.onProvision(ExtensionFinder.java:601)
	at com.google.inject.internal.ProvisionListenerStackCallback$Provision.provision(ProvisionListenerStackCallback.java:126)
	at com.google.inject.internal.ProvisionListenerStackCallback.provision(ProvisionListenerStackCallback.java:68)
	at com.google.inject.internal.ConstructorInjector.construct(ConstructorInjector.java:87)
	at com.google.inject.internal.ConstructorBindingImpl$Factory.get(ConstructorBindingImpl.java:267)
	at com.google.inject.internal.ProviderToInternalFactoryAdapter$1.call(ProviderToInternalFactoryAdapter.java:46)
	at com.google.inject.internal.InjectorImpl.callInContext(InjectorImpl.java:1103)
	at com.google.inject.internal.ProviderToInternalFactoryAdapter.get(ProviderToInternalFactoryAdapter.java:40)
	at com.google.inject.internal.SingletonScope$1.get(SingletonScope.java:145)
	at hudson.ExtensionFinder$GuiceFinder$FaultTolerantScope$1.get(ExtensionFinder.java:440)
	at com.google.inject.internal.InternalFactoryToProviderAdapter.get(InternalFactoryToProviderAdapter.java:41)
	at com.google.inject.internal.InjectorImpl$2$1.call(InjectorImpl.java:1016)
	at com.google.inject.internal.InjectorImpl.callInContext(InjectorImpl.java:1103)
	at com.google.inject.internal.InjectorImpl$2.get(InjectorImpl.java:1012)
	at hudson.ExtensionFinder$GuiceFinder._find(ExtensionFinder.java:402)
	at hudson.ExtensionFinder$GuiceFinder.find(ExtensionFinder.java:393)
	at hudson.ClassicPluginStrategy.findComponents(ClassicPluginStrategy.java:344)
	at hudson.ExtensionList.load(ExtensionList.java:381)
	at hudson.ExtensionList.ensureLoaded(ExtensionList.java:317)
	at hudson.ExtensionList.getComponents(ExtensionList.java:183)
	at hudson.DescriptorExtensionList.load(DescriptorExtensionList.java:194)
	at hudson.ExtensionList.ensureLoaded(ExtensionList.java:317)
	at hudson.ExtensionList.iterator(ExtensionList.java:172)
	at hudson.ExtensionList.getInstance(ExtensionList.java:162)
	at jenkins.security.QueueItemAuthenticatorConfiguration.get(QueueItemAuthenticatorConfiguration.java:61)
	at org.jenkinsci.plugins.authorizeproject.ProjectQueueItemAuthenticator.getConfigured(ProjectQueueItemAuthenticator.java:178)
	at org.jenkinsci.plugins.authorizeproject.ProjectQueueItemAuthenticator.isConfigured(ProjectQueueItemAuthenticator.java:190)
	at org.jenkinsci.plugins.authorizeproject.AuthorizeProjectStrategy.checkUnsecuredConfiguration(AuthorizeProjectStrategy.java:186)
	at org.jenkinsci.plugins.authorizeproject.AuthorizeProjectStrategy.readResolve(AuthorizeProjectStrategy.java:176)
	at sun.reflect.GeneratedMethodAccessor28.invoke(Unknown Source)
	at sun.reflect.DelegatingMethodAccessorImpl.invoke(Unknown Source)
	at java.lang.reflect.Method.invoke(Unknown Source)
	at com.thoughtworks.xstream.converters.reflection.SerializationMethodInvoker.callReadResolve(SerializationMethodInvoker.java:66)
	at hudson.util.RobustReflectionConverter.unmarshal(RobustReflectionConverter.java:268)
	at com.thoughtworks.xstream.core.TreeUnmarshaller.convert(TreeUnmarshaller.java:72)
	at com.thoughtworks.xstream.core.AbstractReferenceUnmarshaller.convert(AbstractReferenceUnmarshaller.java:65)
	at com.thoughtworks.xstream.core.TreeUnmarshaller.convertAnother(TreeUnmarshaller.java:66)
	at hudson.util.RobustReflectionConverter.unmarshalField(RobustReflectionConverter.java:390)
	at hudson.util.RobustReflectionConverter.doUnmarshal(RobustReflectionConverter.java:328)
	at hudson.util.RobustReflectionConverter.unmarshal(RobustReflectionConverter.java:267)
	at com.thoughtworks.xstream.core.TreeUnmarshaller.convert(TreeUnmarshaller.java:72)
	at com.thoughtworks.xstream.core.AbstractReferenceUnmarshaller.convert(AbstractReferenceUnmarshaller.java:65)
	at com.thoughtworks.xstream.core.TreeUnmarshaller.convertAnother(TreeUnmarshaller.java:66)
	at com.thoughtworks.xstream.core.TreeUnmarshaller.convertAnother(TreeUnmarshaller.java:50)
	at com.thoughtworks.xstream.converters.collections.AbstractCollectionConverter.readItem(AbstractCollectionConverter.java:71)
	at hudson.util.CopyOnWriteList$ConverterImpl.unmarshal(CopyOnWriteList.java:197)
	at hudson.util.DescribableList$ConverterImpl.unmarshal(DescribableList.java:275)
	at com.thoughtworks.xstream.core.TreeUnmarshaller.convert(TreeUnmarshaller.java:72)
	at com.thoughtworks.xstream.core.AbstractReferenceUnmarshaller.convert(AbstractReferenceUnmarshaller.java:65)
	at com.thoughtworks.xstream.core.TreeUnmarshaller.convertAnother(TreeUnmarshaller.java:66)
	at hudson.util.RobustReflectionConverter.unmarshalField(RobustReflectionConverter.java:390)
	at hudson.util.RobustReflectionConverter.doUnmarshal(RobustReflectionConverter.java:328)
	at hudson.util.RobustReflectionConverter.unmarshal(RobustReflectionConverter.java:267)
	at com.thoughtworks.xstream.core.TreeUnmarshaller.convert(TreeUnmarshaller.java:72)
	at com.thoughtworks.xstream.core.AbstractReferenceUnmarshaller.convert(AbstractReferenceUnmarshaller.java:65)
	at com.thoughtworks.xstream.core.TreeUnmarshaller.convertAnother(TreeUnmarshaller.java:66)
	at com.thoughtworks.xstream.core.TreeUnmarshaller.convertAnother(TreeUnmarshaller.java:50)
	at com.thoughtworks.xstream.core.TreeUnmarshaller.start(TreeUnmarshaller.java:134)
	at com.thoughtworks.xstream.core.AbstractTreeMarshallingStrategy.unmarshal(AbstractTreeMarshallingStrategy.java:32)
	at com.thoughtworks.xstream.XStream.unmarshal(XStream.java:1189)
	at hudson.util.XStream2.unmarshal(XStream2.java:161)
	at hudson.util.XStream2.unmarshal(XStream2.java:132)
	at com.thoughtworks.xstream.XStream.unmarshal(XStream.java:1173)
	at hudson.XmlFile.unmarshal(XmlFile.java:180)
	at hudson.XmlFile.unmarshal(XmlFile.java:163)
	at hudson.model.Descriptor.load(Descriptor.java:914)
	at sun.reflect.GeneratedMethodAccessor27.invoke(Unknown Source)
	at sun.reflect.DelegatingMethodAccessorImpl.invoke(Unknown Source)
	at java.lang.reflect.Method.invoke(Unknown Source)
	at hudson.ExtensionFinder$GuiceFinder$SezpozModule.onProvision(ExtensionFinder.java:601)
	at com.google.inject.internal.ProvisionListenerStackCallback$Provision.provision(ProvisionListenerStackCallback.java:126)
	at com.google.inject.internal.ProvisionListenerStackCallback.provision(ProvisionListenerStackCallback.java:68)
	at com.google.inject.internal.ConstructorInjector.construct(ConstructorInjector.java:87)
	at com.google.inject.internal.ConstructorBindingImpl$Factory.get(ConstructorBindingImpl.java:267)
	at com.google.inject.internal.ProviderToInternalFactoryAdapter$1.call(ProviderToInternalFactoryAdapter.java:46)
	at com.google.inject.internal.InjectorImpl.callInContext(InjectorImpl.java:1103)
	at com.google.inject.internal.ProviderToInternalFactoryAdapter.get(ProviderToInternalFactoryAdapter.java:40)
	at com.google.inject.internal.SingletonScope$1.get(SingletonScope.java:145)
	at hudson.ExtensionFinder$GuiceFinder$FaultTolerantScope$1.get(ExtensionFinder.java:440)
	at com.google.inject.internal.InternalFactoryToProviderAdapter.get(InternalFactoryToProviderAdapter.java:41)
	at com.google.inject.internal.InjectorImpl$2$1.call(InjectorImpl.java:1016)
	at com.google.inject.internal.InjectorImpl.callInContext(InjectorImpl.java:1103)
	at com.google.inject.internal.InjectorImpl$2.get(InjectorImpl.java:1012)
	at hudson.ExtensionFinder$GuiceFinder._find(ExtensionFinder.java:402)
	at hudson.ExtensionFinder$GuiceFinder.find(ExtensionFinder.java:393)
	at hudson.ClassicPluginStrategy.findComponents(ClassicPluginStrategy.java:344)
	at hudson.ExtensionList.load(ExtensionList.java:381)
	at hudson.ExtensionList.ensureLoaded(ExtensionList.java:317)
	at hudson.ExtensionList.getComponents(ExtensionList.java:183)
	at hudson.DescriptorExtensionList.load(DescriptorExtensionList.java:194)
	at hudson.ExtensionList.ensureLoaded(ExtensionList.java:317)
	at hudson.ExtensionList.iterator(ExtensionList.java:172)
	at hudson.ExtensionList.getInstance(ExtensionList.java:162)
	at jenkins.security.QueueItemAuthenticatorConfiguration.get(QueueItemAuthenticatorConfiguration.java:61)
	at org.jenkinsci.plugins.authorizeproject.ProjectQueueItemAuthenticator.getConfigured(ProjectQueueItemAuthenticator.java:178)
	at org.jenkinsci.plugins.authorizeproject.ProjectQueueItemAuthenticator.isConfigured(ProjectQueueItemAuthenticator.java:190)
	at org.jenkinsci.plugins.authorizeproject.AuthorizeProjectStrategy.checkUnsecuredConfiguration(AuthorizeProjectStrategy.java:186)
	at org.jenkinsci.plugins.authorizeproject.AuthorizeProjectStrategy.readResolve(AuthorizeProjectStrategy.java:176)
	at sun.reflect.GeneratedMethodAccessor28.invoke(Unknown Source)
	at sun.reflect.DelegatingMethodAccessorImpl.invoke(Unknown Source)
	at java.lang.reflect.Method.invoke(Unknown Source)
	at com.thoughtworks.xstream.converters.reflection.SerializationMethodInvoker.callReadResolve(SerializationMethodInvoker.java:66)
	at hudson.util.RobustReflectionConverter.unmarshal(RobustReflectionConverter.java:268)
	at com.thoughtworks.xstream.core.TreeUnmarshaller.convert(TreeUnmarshaller.java:72)
	at com.thoughtworks.xstream.core.AbstractReferenceUnmarshaller.convert(AbstractReferenceUnmarshaller.java:65)
	at com.thoughtworks.xstream.core.TreeUnmarshaller.convertAnother(TreeUnmarshaller.java:66)
	at hudson.util.RobustReflectionConverter.unmarshalField(RobustReflectionConverter.java:390)
	at hudson.util.RobustReflectionConverter.doUnmarshal(RobustReflectionConverter.java:328)
	at hudson.util.RobustReflectionConverter.unmarshal(RobustReflectionConverter.java:267)
	at com.thoughtworks.xstream.core.TreeUnmarshaller.convert(TreeUnmarshaller.java:72)
	at com.thoughtworks.xstream.core.AbstractReferenceUnmarshaller.convert(AbstractReferenceUnmarshaller.java:65)
	at com.thoughtworks.xstream.core.TreeUnmarshaller.convertAnother(TreeUnmarshaller.java:66)
	at com.thoughtworks.xstream.core.TreeUnmarshaller.convertAnother(TreeUnmarshaller.java:50)
	at com.thoughtworks.xstream.converters.collections.AbstractCollectionConverter.readItem(AbstractCollectionConverter.java:71)
	at hudson.util.CopyOnWriteList$ConverterImpl.unmarshal(CopyOnWriteList.java:197)
	at hudson.util.DescribableList$ConverterImpl.unmarshal(DescribableList.java:275)
	at com.thoughtworks.xstream.core.TreeUnmarshaller.convert(TreeUnmarshaller.java:72)
	at com.thoughtworks.xstream.core.AbstractReferenceUnmarshaller.convert(AbstractReferenceUnmarshaller.java:65)
	at com.thoughtworks.xstream.core.TreeUnmarshaller.convertAnother(TreeUnmarshaller.java:66)
	at hudson.util.RobustReflectionConverter.unmarshalField(RobustReflectionConverter.java:390)
	at hudson.util.RobustReflectionConverter.doUnmarshal(RobustReflectionConverter.java:328)
	at hudson.util.RobustReflectionConverter.unmarshal(RobustReflectionConverter.java:267)
	at com.thoughtworks.xstream.core.TreeUnmarshaller.convert(TreeUnmarshaller.java:72)
	at com.thoughtworks.xstream.core.AbstractReferenceUnmarshaller.convert(AbstractReferenceUnmarshaller.java:65)
	at com.thoughtworks.xstream.core.TreeUnmarshaller.convertAnother(TreeUnmarshaller.java:66)
	at com.thoughtworks.xstream.core.TreeUnmarshaller.convertAnother(TreeUnmarshaller.java:50)
	at com.thoughtworks.xstream.core.TreeUnmarshaller.start(TreeUnmarshaller.java:134)
	at com.thoughtworks.xstream.core.AbstractTreeMarshallingStrategy.unmarshal(AbstractTreeMarshallingStrategy.java:32)
	at com.thoughtworks.xstream.XStream.unmarshal(XStream.java:1189)
	at hudson.util.XStream2.unmarshal(XStream2.java:161)
	at hudson.util.XStream2.unmarshal(XStream2.java:132)
	at com.thoughtworks.xstream.XStream.unmarshal(XStream.java:1173)
	at hudson.XmlFile.unmarshal(XmlFile.java:180)
	at hudson.XmlFile.unmarshal(XmlFile.java:163)
	at hudson.model.Descriptor.load(Descriptor.java:914)
	at sun.reflect.GeneratedMethodAccessor27.invoke(Unknown Source)
	at sun.reflect.DelegatingMethodAccessorImpl.invoke(Unknown Source)
	at java.lang.reflect.Method.invoke(Unknown Source)
	at hudson.ExtensionFinder$GuiceFinder$SezpozModule.onProvision(ExtensionFinder.java:601)
	at com.google.inject.internal.ProvisionListenerStackCallback$Provision.provision(ProvisionListenerStackCallback.java:126)
	at com.google.inject.internal.ProvisionListenerStackCallback.provision(ProvisionListenerStackCallback.java:68)
	at com.google.inject.internal.ConstructorInjector.construct(ConstructorInjector.java:87)
	at com.google.inject.internal.ConstructorBindingImpl$Factory.get(ConstructorBindingImpl.java:267)
	at com.google.inject.internal.ProviderToInternalFactoryAdapter$1.call(ProviderToInternalFactoryAdapter.java:46)
	at com.google.inject.internal.InjectorImpl.callInContext(InjectorImpl.java:1103)
	at com.google.inject.internal.ProviderToInternalFactoryAdapter.get(ProviderToInternalFactoryAdapter.java:40)
	at com.google.inject.internal.SingletonScope$1.get(SingletonScope.java:145)
	at hudson.ExtensionFinder$GuiceFinder$FaultTolerantScope$1.get(ExtensionFinder.java:440)
	at com.google.inject.internal.InternalFactoryToProviderAdapter.get(InternalFactoryToProviderAdapter.java:41)
	at com.google.inject.internal.InjectorImpl$2$1.call(InjectorImpl.java:1016)
	at com.google.inject.internal.InjectorImpl.callInContext(InjectorImpl.java:1103)
	at com.google.inject.internal.InjectorImpl$2.get(InjectorImpl.java:1012)
	at hudson.ExtensionFinder$GuiceFinder._find(ExtensionFinder.java:402)
	at hudson.ExtensionFinder$GuiceFinder.find(ExtensionFinder.java:393)
	at hudson.ClassicPluginStrategy.findComponents(ClassicPluginStrategy.java:344)
	at hudson.ExtensionList.load(ExtensionList.java:381)
	at hudson.ExtensionList.ensureLoaded(ExtensionList.java:317)
	at hudson.ExtensionList.getComponents(ExtensionList.java:183)
	at hudson.DescriptorExtensionList.load(DescriptorExtensionList.java:194)
	at hudson.ExtensionList.ensureLoaded(ExtensionList.java:317)
	at hudson.ExtensionList.iterator(ExtensionList.java:172)
	at hudson.ExtensionList.getInstance(ExtensionList.java:162)
	at jenkins.security.QueueItemAuthenticatorConfiguration.get(QueueItemAuthenticatorConfiguration.java:61)
	at org.jenkinsci.plugins.authorizeproject.ProjectQueueItemAuthenticator.getConfigured(ProjectQueueItemAuthenticator.java:178)
	at org.jenkinsci.plugins.authorizeproject.ProjectQueueItemAuthenticator.isConfigured(ProjectQueueItemAuthenticator.java:190)
	at org.jenkinsci.plugins.authorizeproject.AuthorizeProjectStrategy.checkUnsecuredConfiguration(AuthorizeProjectStrategy.java:186)
	at org.jenkinsci.plugins.authorizeproject.AuthorizeProjectStrategy.readResolve(AuthorizeProjectStrategy.java:176)
	at sun.reflect.GeneratedMethodAccessor28.invoke(Unknown Source)
	at sun.reflect.DelegatingMethodAccessorImpl.invoke(Unknown Source)
	at java.lang.reflect.Method.invoke(Unknown Source)
	at com.thoughtworks.xstream.converters.reflection.SerializationMethodInvoker.callReadResolve(SerializationMethodInvoker.java:66)
	at hudson.util.RobustReflectionConverter.unmarshal(RobustReflectionConverter.java:268)
	at com.thoughtworks.xstream.core.TreeUnmarshaller.convert(TreeUnmarshaller.java:72)
	at com.thoughtworks.xstream.core.AbstractReferenceUnmarshaller.convert(AbstractReferenceUnmarshaller.java:65)
	at com.thoughtworks.xstream.core.TreeUnmarshaller.convertAnother(TreeUnmarshaller.java:66)
	at hudson.util.RobustReflectionConverter.unmarshalField(RobustReflectionConverter.java:390)
	at hudson.util.RobustReflectionConverter.doUnmarshal(RobustReflectionConverter.java:328)
	at hudson.util.RobustReflectionConverter.unmarshal(RobustReflectionConverter.java:267)
	at com.thoughtworks.xstream.core.TreeUnmarshaller.convert(TreeUnmarshaller.java:72)
	at com.thoughtworks.xstream.core.AbstractReferenceUnmarshaller.convert(AbstractReferenceUnmarshaller.java:65)
	at com.thoughtworks.xstream.core.TreeUnmarshaller.convertAnother(TreeUnmarshaller.java:66)
	at com.thoughtworks.xstream.core.TreeUnmarshaller.convertAnother(TreeUnmarshaller.java:50)
	at com.thoughtworks.xstream.converters.collections.AbstractCollectionConverter.readItem(AbstractCollectionConverter.java:71)
	at hudson.util.CopyOnWriteList$ConverterImpl.unmarshal(CopyOnWriteList.java:197)
	at hudson.util.DescribableList$ConverterImpl.unmarshal(DescribableList.java:275)
	at com.thoughtworks.xstream.core.TreeUnmarshaller.convert(TreeUnmarshaller.java:72)
	at com.thoughtworks.xstream.core.AbstractReferenceUnmarshaller.convert(AbstractReferenceUnmarshaller.java:65)
	at com.thoughtworks.xstream.core.TreeUnmarshaller.convertAnother(TreeUnmarshaller.java:66)
	at hudson.util.RobustReflectionConverter.unmarshalField(RobustReflectionConverter.java:390)
	at hudson.util.RobustReflectionConverter.doUnmarshal(RobustReflectionConverter.java:328)
	at hudson.util.RobustReflectionConverter.unmarshal(RobustReflectionConverter.java:267)
	at com.thoughtworks.xstream.core.TreeUnmarshaller.convert(TreeUnmarshaller.java:72)
	at com.thoughtworks.xstream.core.AbstractReferenceUnmarshaller.convert(AbstractReferenceUnmarshaller.java:65)
	at com.thoughtworks.xstream.core.TreeUnmarshaller.convertAnother(TreeUnmarshaller.java:66)
	at com.thoughtworks.xstream.core.TreeUnmarshaller.convertAnother(TreeUnmarshaller.java:50)
	at com.thoughtworks.xstream.core.TreeUnmarshaller.start(TreeUnmarshaller.java:134)
	at com.thoughtworks.xstream.core.AbstractTreeMarshallingStrategy.unmarshal(AbstractTreeMarshallingStrategy.java:32)
	at com.thoughtworks.xstream.XStream.unmarshal(XStream.java:1189)
	at hudson.util.XStream2.unmarshal(XStream2.java:161)
	at hudson.util.XStream2.unmarshal(XStream2.java:132)
	at com.thoughtworks.xstream.XStream.unmarshal(XStream.java:1173)
	at hudson.XmlFile.unmarshal(XmlFile.java:180)
	at hudson.XmlFile.unmarshal(XmlFile.java:163)
	at hudson.model.Descriptor.load(Descriptor.java:914)
	at sun.reflect.GeneratedMethodAccessor27.invoke(Unknown Source)
	at sun.reflect.DelegatingMethodAccessorImpl.invoke(Unknown Source)
	at java.lang.reflect.Method.invoke(Unknown Source)
	at hudson.ExtensionFinder$GuiceFinder$SezpozModule.onProvision(ExtensionFinder.java:601)
	at com.google.inject.internal.ProvisionListenerStackCallback$Provision.provision(ProvisionListenerStackCallback.java:126)
	at com.google.inject.internal.ProvisionListenerStackCallback.provision(ProvisionListenerStackCallback.java:68)
	at com.google.inject.internal.ConstructorInjector.construct(ConstructorInjector.java:87)
	at com.google.inject.internal.ConstructorBindingImpl$Factory.get(ConstructorBindingImpl.java:267)
	at com.google.inject.internal.ProviderToInternalFactoryAdapter$1.call(ProviderToInternalFactoryAdapter.java:46)
	at com.google.inject.internal.InjectorImpl.callInContext(InjectorImpl.java:1103)
	at com.google.inject.internal.ProviderToInternalFactoryAdapter.get(ProviderToInternalFactoryAdapter.java:40)
	at com.google.inject.internal.SingletonScope$1.get(SingletonScope.java:145)
	at hudson.ExtensionFinder$GuiceFinder$FaultTolerantScope$1.get(ExtensionFinder.java:440)
	at com.google.inject.internal.InternalFactoryToProviderAdapter.get(InternalFactoryToProviderAdapter.java:41)
	at com.google.inject.internal.InjectorImpl$2$1.call(InjectorImpl.java:1016)
	at com.google.inject.internal.InjectorImpl.callInContext(InjectorImpl.java:1103)
	at com.google.inject.internal.InjectorImpl$2.get(InjectorImpl.java:1012)
	at hudson.ExtensionFinder$GuiceFinder._find(ExtensionFinder.java:402)
	at hudson.ExtensionFinder$GuiceFinder.find(ExtensionFinder.java:393)
	at hudson.ClassicPluginStrategy.findComponents(ClassicPluginStrategy.java:344)
	at hudson.ExtensionList.load(ExtensionList.java:381)
	at hudson.ExtensionList.ensureLoaded(ExtensionList.java:317)
	at hudson.ExtensionList.getComponents(ExtensionList.java:183)
	at hudson.DescriptorExtensionList.load(DescriptorExtensionList.java:194)
	at hudson.ExtensionList.ensureLoaded(ExtensionList.java:317)
	at hudson.ExtensionList.iterator(ExtensionList.java:172)
	at hudson.ExtensionList.getInstance(ExtensionList.java:162)
	at jenkins.security.QueueItemAuthenticatorConfiguration.get(QueueItemAuthenticatorConfiguration.java:61)
	at org.jenkinsci.plugins.authorizeproject.ProjectQueueItemAuthenticator.getConfigured(ProjectQueueItemAuthenticator.java:178)
	at org.jenkinsci.plugins.authorizeproject.ProjectQueueItemAuthenticator.isConfigured(ProjectQueueItemAuthenticator.java:190)
	at org.jenkinsci.plugins.authorizeproject.AuthorizeProjectStrategy.checkUnsecuredConfiguration(AuthorizeProjectStrategy.java:186)
	at org.jenkinsci.plugins.authorizeproject.AuthorizeProjectStrategy.readResolve(AuthorizeProjectStrategy.java:176)
	at sun.reflect.GeneratedMethodAccessor28.invoke(Unknown Source)
	at sun.reflect.DelegatingMethodAccessorImpl.invoke(Unknown Source)
	at java.lang.reflect.Method.invoke(Unknown Source)
	at com.thoughtworks.xstream.converters.reflection.SerializationMethodInvoker.callReadResolve(SerializationMethodInvoker.java:66)
	at hudson.util.RobustReflectionConverter.unmarshal(RobustReflectionConverter.java:268)
	at com.thoughtworks.xstream.core.TreeUnmarshaller.convert(TreeUnmarshaller.java:72)
	at com.thoughtworks.xstream.core.AbstractReferenceUnmarshaller.convert(AbstractReferenceUnmarshaller.java:65)
	at com.thoughtworks.xstream.core.TreeUnmarshaller.convertAnother(TreeUnmarshaller.java:66)
	at hudson.util.RobustReflectionConverter.unmarshalField(RobustReflectionConverter.java:390)
	at hudson.util.RobustReflectionConverter.doUnmarshal(RobustReflectionConverter.java:328)
	at hudson.util.RobustReflectionConverter.unmarshal(RobustReflectionConverter.java:267)
	at com.thoughtworks.xstream.core.TreeUnmarshaller.convert(TreeUnmarshaller.java:72)
	at com.thoughtworks.xstream.core.AbstractReferenceUnmarshaller.convert(AbstractReferenceUnmarshaller.java:65)
	at com.thoughtworks.xstream.core.TreeUnmarshaller.convertAnother(TreeUnmarshaller.java:66)
	at com.thoughtworks.xstream.core.TreeUnmarshaller.convertAnother(TreeUnmarshaller.java:50)
	at com.thoughtworks.xstream.converters.collections.AbstractCollectionConverter.readItem(AbstractCollectionConverter.java:71)
	at hudson.util.CopyOnWriteList$ConverterImpl.unmarshal(CopyOnWriteList.java:197)
	at hudson.util.DescribableList$ConverterImpl.unmarshal(DescribableList.java:275)
	at com.thoughtworks.xstream.core.TreeUnmarshaller.convert(TreeUnmarshaller.java:72)
	at com.thoughtworks.xstream.core.AbstractReferenceUnmarshaller.convert(AbstractReferenceUnmarshaller.java:65)
	at com.thoughtworks.xstream.core.TreeUnmarshaller.convertAnother(TreeUnmarshaller.java:66)
	at hudson.util.RobustReflectionConverter.unmarshalField(RobustReflectionConverter.java:390)
	at hudson.util.RobustReflectionConverter.doUnmarshal(RobustReflectionConverter.java:328)
	at hudson.util.RobustReflectionConverter.unmarshal(RobustReflectionConverter.java:267)
	at com.thoughtworks.xstream.core.TreeUnmarshaller.convert(TreeUnmarshaller.java:72)
	at com.thoughtworks.xstream.core.AbstractReferenceUnmarshaller.convert(AbstractReferenceUnmarshaller.java:65)
	at com.thoughtworks.xstream.core.TreeUnmarshaller.convertAnother(TreeUnmarshaller.java:66)
	at com.thoughtworks.xstream.core.TreeUnmarshaller.convertAnother(TreeUnmarshaller.java:50)
	at com.thoughtworks.xstream.core.TreeUnmarshaller.start(TreeUnmarshaller.java:134)
	at com.thoughtworks.xstream.core.AbstractTreeMarshallingStrategy.unmarshal(AbstractTreeMarshallingStrategy.java:32)
	at com.thoughtworks.xstream.XStream.unmarshal(XStream.java:1189)
	at hudson.util.XStream2.unmarshal(XStream2.java:161)
	at hudson.util.XStream2.unmarshal(XStream2.java:132)
	at com.thoughtworks.xstream.XStream.unmarshal(XStream.java:1173)
	at hudson.XmlFile.unmarshal(XmlFile.java:180)
	at hudson.XmlFile.unmarshal(XmlFile.java:163)
	at hudson.model.Descriptor.load(Descriptor.java:914)
	at sun.reflect.GeneratedMethodAccessor27.invoke(Unknown Source)
	at sun.reflect.DelegatingMethodAccessorImpl.invoke(Unknown Source)
	at java.lang.reflect.Method.invoke(Unknown Source)
	at hudson.ExtensionFinder$GuiceFinder$SezpozModule.onProvision(ExtensionFinder.java:601)
	at com.google.inject.internal.ProvisionListenerStackCallback$Provision.provision(ProvisionListenerStackCallback.java:126)
	at com.google.inject.internal.ProvisionListenerStackCallback.provision(ProvisionListenerStackCallback.java:68)
	at com.google.inject.internal.ConstructorInjector.construct(ConstructorInjector.java:87)
	at com.google.inject.internal.ConstructorBindingImpl$Factory.get(ConstructorBindingImpl.java:267)
	at com.google.inject.internal.ProviderToInternalFactoryAdapter$1.call(ProviderToInternalFactoryAdapter.java:46)
	at com.google.inject.internal.InjectorImpl.callInContext(InjectorImpl.java:1103)
	at com.google.inject.internal.ProviderToInternalFactoryAdapter.get(ProviderToInternalFactoryAdapter.java:40)
	at com.google.inject.internal.SingletonScope$1.get(SingletonScope.java:145)
	at hudson.ExtensionFinder$GuiceFinder$FaultTolerantScope$1.get(ExtensionFinder.java:440)
	at com.google.inject.internal.InternalFactoryToProviderAdapter.get(InternalFactoryToProviderAdapter.java:41)
	at com.google.inject.internal.InjectorImpl$2$1.call(InjectorImpl.java:1016)
	at com.google.inject.internal.InjectorImpl.callInContext(InjectorImpl.java:1103)
	at com.google.inject.internal.InjectorImpl$2.get(InjectorImpl.java:1012)
	at hudson.ExtensionFinder$GuiceFinder._find(ExtensionFinder.java:402)
	at hudson.ExtensionFinder$GuiceFinder.find(ExtensionFinder.java:393)
	at hudson.ClassicPluginStrategy.findComponents(ClassicPluginStrategy.java:344)
	at hudson.ExtensionList.load(ExtensionList.java:381)
	at hudson.ExtensionList.ensureLoaded(ExtensionList.java:317)
	at hudson.ExtensionList.getComponents(ExtensionList.java:183)
	at hudson.DescriptorExtensionList.load(DescriptorExtensionList.java:194)
	at hudson.ExtensionList.ensureLoaded(ExtensionList.java:317)
	at hudson.ExtensionList.iterator(ExtensionList.java:172)
	at hudson.ExtensionList.getInstance(ExtensionList.java:162)
	at jenkins.security.QueueItemAuthenticatorConfiguration.get(QueueItemAuthenticatorConfiguration.java:61)
	at org.jenkinsci.plugins.authorizeproject.ProjectQueueItemAuthenticator.getConfigured(ProjectQueueItemAuthenticator.java:178)
	at org.jenkinsci.plugins.authorizeproject.ProjectQueueItemAuthenticator.isConfigured(ProjectQueueItemAuthenticator.java:190)
	at org.jenkinsci.plugins.authorizeproject.AuthorizeProjectStrategy.checkUnsecuredConfiguration(AuthorizeProjectStrategy.java:186)
	at org.jenkinsci.plugins.authorizeproject.AuthorizeProjectStrategy.readResolve(AuthorizeProjectStrategy.java:176)
	at sun.reflect.GeneratedMethodAccessor28.invoke(Unknown Source)
	at sun.reflect.DelegatingMethodAccessorImpl.invoke(Unknown Source)
	at java.lang.reflect.Method.invoke(Unknown Source)
	at com.thoughtworks.xstream.converters.reflection.SerializationMethodInvoker.callReadResolve(SerializationMethodInvoker.java:66)
	at hudson.util.RobustReflectionConverter.unmarshal(RobustReflectionConverter.java:268)
	at com.thoughtworks.xstream.core.TreeUnmarshaller.convert(TreeUnmarshaller.java:72)
	at com.thoughtworks.xstream.core.AbstractReferenceUnmarshaller.convert(AbstractReferenceUnmarshaller.java:65)
	at com.thoughtworks.xstream.core.TreeUnmarshaller.convertAnother(TreeUnmarshaller.java:66)
	at hudson.util.RobustReflectionConverter.unmarshalField(RobustReflectionConverter.java:390)
	at hudson.util.RobustReflectionConverter.doUnmarshal(RobustReflectionConverter.java:328)
	at hudson.util.RobustReflectionConverter.unmarshal(RobustReflectionConverter.java:267)