WARNING: could not load /var/lib/jenkins/jobs/HCS-10.0-IE-SCC/builds/49
java.io.FileNotFoundException: /var/lib/jenkins/jobs/HCS-10.0-IE-SCC/builds/2014-06-18_12-20-00/build.xml (Too many open files)
	at java.io.FileInputStream.open(Native Method)
	at java.io.FileInputStream.<init>(FileInputStream.java:120)
	at hudson.XmlFile.unmarshal(XmlFile.java:160)
	at hudson.model.Run.reload(Run.java:323)
	at hudson.model.Run.<init>(Run.java:311)
	at hudson.model.AbstractBuild.<init>(AbstractBuild.java:177)
	at hudson.model.Build.<init>(Build.java:103)
	at hudson.model.FreeStyleBuild.<init>(FreeStyleBuild.java:38)
	at sun.reflect.GeneratedConstructorAccessor76.newInstance(Unknown Source)
	at sun.reflect.DelegatingConstructorAccessorImpl.newInstance(DelegatingConstructorAccessorImpl.java:27)
	at java.lang.reflect.Constructor.newInstance(Constructor.java:513)
	at jenkins.model.lazy.LazyBuildMixIn.loadBuild(LazyBuildMixIn.java:153)
	at jenkins.model.lazy.LazyBuildMixIn$1.create(LazyBuildMixIn.java:134)
	at hudson.model.RunMap.retrieve(RunMap.java:218)
	at hudson.model.RunMap.retrieve(RunMap.java:56)
	at jenkins.model.lazy.AbstractLazyLoadRunMap.load(AbstractLazyLoadRunMap.java:687)
	at jenkins.model.lazy.AbstractLazyLoadRunMap.load(AbstractLazyLoadRunMap.java:649)
	at jenkins.model.lazy.AbstractLazyLoadRunMap.search(AbstractLazyLoadRunMap.java:381)
	at jenkins.model.lazy.AbstractLazyLoadRunMap.getByNumber(AbstractLazyLoadRunMap.java:546)
	at jenkins.model.lazy.AbstractLazyLoadRunMap.search(AbstractLazyLoadRunMap.java:392)
	at jenkins.model.lazy.AbstractLazyLoadRunMap.newestBuild(AbstractLazyLoadRunMap.java:334)
	at jenkins.model.lazy.LazyBuildMixIn.getLastBuild(LazyBuildMixIn.java:247)
	at hudson.model.AbstractProject.getLastBuild(AbstractProject.java:969)
	at hudson.model.AbstractProject.getLastBuild(AbstractProject.java:144)
	at hudson.model.Job.getBuildHealthReports(Job.java:1030)
	at hudson.model.Job.getBuildHealth(Job.java:1023)
	at sun.reflect.GeneratedMethodAccessor122.invoke(Unknown Source)
	at sun.reflect.DelegatingMethodAccessorImpl.invoke(DelegatingMethodAccessorImpl.java:25)
	at java.lang.reflect.Method.invoke(Method.java:597)
	at org.apache.commons.jexl.util.PropertyExecutor.execute(PropertyExecutor.java:125)
	at org.apache.commons.jexl.util.introspection.UberspectImpl$VelGetterImpl.invoke(UberspectImpl.java:314)
	at org.apache.commons.jexl.parser.ASTArrayAccess.evaluateExpr(ASTArrayAccess.java:185)
	at org.apache.commons.jexl.parser.ASTIdentifier.execute(ASTIdentifier.java:75)
	at org.apache.commons.jexl.parser.ASTReference.execute(ASTReference.java:83)
	at org.apache.commons.jexl.parser.ASTReference.value(ASTReference.java:57)
	at org.apache.commons.jexl.parser.ASTReferenceExpression.value(ASTReferenceExpression.java:51)
	at org.apache.commons.jexl.ExpressionImpl.evaluate(ExpressionImpl.java:80)
	at hudson.ExpressionFactory2$JexlExpression.evaluate(ExpressionFactory2.java:74)
	at org.apache.commons.jelly.tags.core.CoreTagLibrary$3.run(CoreTagLibrary.java:134)
	at org.apache.commons.jelly.impl.ScriptBlock.run(ScriptBlock.java:95)
	at org.apache.commons.jelly.tags.core.CoreTagLibrary$2.run(CoreTagLibrary.java:105)
	at org.kohsuke.stapler.jelly.CallTagLibScript.run(CallTagLibScript.java:120)
	at org.apache.commons.jelly.tags.core.CoreTagLibrary$2.run(CoreTagLibrary.java:105)
	at org.kohsuke.stapler.jelly.JellyViewScript.run(JellyViewScript.java:81)
	at org.kohsuke.stapler.jelly.IncludeTag.doTag(IncludeTag.java:147)
	at org.apache.commons.jelly.impl.TagScript.run(TagScript.java:269)
	at org.apache.commons.jelly.TagSupport.invokeBody(TagSupport.java:161)
	at org.apache.commons.jelly.tags.core.ForEachTag.doTag(ForEachTag.java:150)
	at org.apache.commons.jelly.impl.TagScript.run(TagScript.java:269)
	at org.apache.commons.jelly.impl.ScriptBlock.run(ScriptBlock.java:95)
	at org.kohsuke.stapler.jelly.ReallyStaticTagLibrary$1.run(ReallyStaticTagLibrary.java:99)
	at org.apache.commons.jelly.tags.core.CoreTagLibrary$2.run(CoreTagLibrary.java:105)
	at org.kohsuke.stapler.jelly.CallTagLibScript.run(CallTagLibScript.java:120)
	at org.apache.commons.jelly.impl.ScriptBlock.run(ScriptBlock.java:95)
	at org.apache.commons.jelly.TagSupport.invokeBody(TagSupport.java:161)
	at org.apache.commons.jelly.tags.core.ForEachTag.doTag(ForEachTag.java:150)
	at org.apache.commons.jelly.impl.TagScript.run(TagScript.java:269)
	at org.apache.commons.jelly.impl.ScriptBlock.run(ScriptBlock.java:95)
	at org.kohsuke.stapler.jelly.ReallyStaticTagLibrary$1.run(ReallyStaticTagLibrary.java:99)
	at org.apache.commons.jelly.impl.ScriptBlock.run(ScriptBlock.java:95)
	at org.apache.commons.jelly.tags.core.CoreTagLibrary$1.run(CoreTagLibrary.java:98)
	at org.apache.commons.jelly.impl.ScriptBlock.run(ScriptBlock.java:95)
	at org.kohsuke.stapler.jelly.ReallyStaticTagLibrary$1.run(ReallyStaticTagLibrary.java:99)
	at org.apache.commons.jelly.impl.ScriptBlock.run(ScriptBlock.java:95)
	at org.apache.commons.jelly.tags.core.CoreTagLibrary$2.run(CoreTagLibrary.java:105)
	at org.kohsuke.stapler.jelly.CallTagLibScript.run(CallTagLibScript.java:120)
	at org.kohsuke.stapler.jelly.groovy.JellyBuilder.doInvokeMethod(JellyBuilder.java:276)
	at org.kohsuke.stapler.jelly.groovy.Namespace$ProxyImpl.invoke(Namespace.java:92)
	at com.sun.proxy.$Proxy40.projectView(Unknown Source)
	at lib.JenkinsTagLib$projectView.call(Unknown Source)
	at hudson.model.View.main.run(main.groovy:14)
	at org.kohsuke.stapler.jelly.groovy.GroovierJellyScript.run(GroovierJellyScript.java:74)
	at org.kohsuke.stapler.jelly.groovy.GroovierJellyScript.run(GroovierJellyScript.java:62)
	at org.kohsuke.stapler.jelly.IncludeTag.doTag(IncludeTag.java:147)
	at org.apache.commons.jelly.impl.TagScript.run(TagScript.java:269)
	at org.apache.commons.jelly.impl.ScriptBlock.run(ScriptBlock.java:95)
	at org.kohsuke.stapler.jelly.CallTagLibScript$1.run(CallTagLibScript.java:99)
	at org.apache.commons.jelly.tags.define.InvokeBodyTag.doTag(InvokeBodyTag.java:91)
	at org.apache.commons.jelly.impl.TagScript.run(TagScript.java:269)
	at org.apache.commons.jelly.impl.ScriptBlock.run(ScriptBlock.java:95)
	at org.apache.commons.jelly.tags.core.CoreTagLibrary$1.run(CoreTagLibrary.java:98)
	at org.apache.commons.jelly.impl.ScriptBlock.run(ScriptBlock.java:95)
	at org.apache.commons.jelly.tags.core.CoreTagLibrary$2.run(CoreTagLibrary.java:105)
	at org.kohsuke.stapler.jelly.CallTagLibScript.run(CallTagLibScript.java:120)
	at org.apache.commons.jelly.impl.ScriptBlock.run(ScriptBlock.java:95)
	at org.kohsuke.stapler.jelly.CallTagLibScript$1.run(CallTagLibScript.java:99)
	at org.apache.commons.jelly.tags.define.InvokeBodyTag.doTag(InvokeBodyTag.java:91)
	at org.apache.commons.jelly.impl.TagScript.run(TagScript.java:269)
	at org.apache.commons.jelly.impl.ScriptBlock.run(ScriptBlock.java:95)
	at org.kohsuke.stapler.jelly.ReallyStaticTagLibrary$1.run(ReallyStaticTagLibrary.java:99)
	at org.apache.commons.jelly.impl.ScriptBlock.run(ScriptBlock.java:95)
	at org.kohsuke.stapler.jelly.ReallyStaticTagLibrary$1.run(ReallyStaticTagLibrary.java:99)
	at org.kohsuke.stapler.jelly.ReallyStaticTagLibrary$1.run(ReallyStaticTagLibrary.java:99)
	at org.apache.commons.jelly.impl.ScriptBlock.run(ScriptBlock.java:95)
	at org.kohsuke.stapler.jelly.ReallyStaticTagLibrary$1.run(ReallyStaticTagLibrary.java:99)
	at org.apache.commons.jelly.impl.ScriptBlock.run(ScriptBlock.java:95)
	at org.kohsuke.stapler.jelly.ReallyStaticTagLibrary$1.run(ReallyStaticTagLibrary.java:99)
	at org.apache.commons.jelly.impl.ScriptBlock.run(ScriptBlock.java:95)
	at org.apache.commons.jelly.tags.core.CoreTagLibrary$2.run(CoreTagLibrary.java:105)
	at org.kohsuke.stapler.jelly.CallTagLibScript.run(CallTagLibScript.java:120)
	at org.kohsuke.stapler.jelly.CompressTag.doTag(CompressTag.java:44)
	at org.apache.commons.jelly.impl.TagScript.run(TagScript.java:269)
	at org.kohsuke.stapler.jelly.JellyViewScript.run(JellyViewScript.java:81)
	at org.kohsuke.stapler.jelly.DefaultScriptInvoker.invokeScript(DefaultScriptInvoker.java:63)
	at org.kohsuke.stapler.jelly.DefaultScriptInvoker.invokeScript(DefaultScriptInvoker.java:53)
	at org.kohsuke.stapler.jelly.JellyClassTearOff.serveIndexJelly(JellyClassTearOff.java:112)
	at org.kohsuke.stapler.jelly.JellyFacet.handleIndexRequest(JellyFacet.java:127)
	at org.kohsuke.stapler.Stapler.tryInvoke(Stapler.java:717)
	at org.kohsuke.stapler.Stapler.invoke(Stapler.java:858)
	at org.kohsuke.stapler.MetaClass$6.doDispatch(MetaClass.java:248)
	at org.kohsuke.stapler.NameBasedDispatcher.dispatch(NameBasedDispatcher.java:53)
	at org.kohsuke.stapler.Stapler.tryInvoke(Stapler.java:728)
	at org.kohsuke.stapler.Stapler.invoke(Stapler.java:858)
	at org.kohsuke.stapler.Stapler.invoke(Stapler.java:631)
	at org.kohsuke.stapler.Stapler.service(Stapler.java:225)
	at javax.servlet.http.HttpServlet.service(HttpServlet.java:848)
	at org.eclipse.jetty.servlet.ServletHolder.handle(ServletHolder.java:686)
	at org.eclipse.jetty.servlet.ServletHandler$CachedChain.doFilter(ServletHandler.java:1494)
	at hudson.util.PluginServletFilter$1.doFilter(PluginServletFilter.java:96)
	at hudson.plugins.greenballs.GreenBallFilter.doFilter(GreenBallFilter.java:58)
	at hudson.util.PluginServletFilter$1.doFilter(PluginServletFilter.java:99)
	at net.bull.javamelody.MonitoringFilter.doFilter(MonitoringFilter.java:202)
	at net.bull.javamelody.MonitoringFilter.doFilter(MonitoringFilter.java:180)
	at net.bull.javamelody.PluginMonitoringFilter.doFilter(PluginMonitoringFilter.java:85)
	at org.jvnet.hudson.plugins.monitoring.HudsonMonitoringFilter.doFilter(HudsonMonitoringFilter.java:90)
	at hudson.util.PluginServletFilter$1.doFilter(PluginServletFilter.java:99)
	at hudson.util.PluginServletFilter.doFilter(PluginServletFilter.java:88)
	at org.eclipse.jetty.servlet.ServletHandler$CachedChain.doFilter(ServletHandler.java:1482)
	at hudson.security.csrf.CrumbFilter.doFilter(CrumbFilter.java:48)
	at org.eclipse.jetty.servlet.ServletHandler$CachedChain.doFilter(ServletHandler.java:1482)
	at hudson.security.ChainedServletFilter$1.doFilter(ChainedServletFilter.java:84)
	at hudson.security.UnwrapSecurityExceptionFilter.doFilter(UnwrapSecurityExceptionFilter.java:51)
	at hudson.security.ChainedServletFilter$1.doFilter(ChainedServletFilter.java:87)
	at jenkins.security.ExceptionTranslationFilter.doFilter(ExceptionTranslationFilter.java:117)
	at hudson.security.ChainedServletFilter$1.doFilter(ChainedServletFilter.java:87)
	at org.acegisecurity.providers.anonymous.AnonymousProcessingFilter.doFilter(AnonymousProcessingFilter.java:125)
	at hudson.security.ChainedServletFilter$1.doFilter(ChainedServletFilter.java:87)
	at org.acegisecurity.ui.rememberme.RememberMeProcessingFilter.doFilter(RememberMeProcessingFilter.java:142)
	at hudson.security.ChainedServletFilter$1.doFilter(ChainedServletFilter.java:87)
	at org.acegisecurity.ui.AbstractProcessingFilter.doFilter(AbstractProcessingFilter.java:271)
	at hudson.security.ChainedServletFilter$1.doFilter(ChainedServletFilter.java:87)
	at org.acegisecurity.ui.basicauth.BasicProcessingFilter.doFilter(BasicProcessingFilter.java:174)
	at hudson.security.ChainedServletFilter$1.doFilter(ChainedServletFilter.java:87)
	at jenkins.security.ApiTokenFilter.doFilter(ApiTokenFilter.java:74)
	at hudson.security.ChainedServletFilter$1.doFilter(ChainedServletFilter.java:87)
	at org.acegisecurity.context.HttpSessionContextIntegrationFilter.doFilter(HttpSessionContextIntegrationFilter.java:249)
	at hudson.security.HttpSessionContextIntegrationFilter2.doFilter(HttpSessionContextIntegrationFilter2.java:67)
	at hudson.security.ChainedServletFilter$1.doFilter(ChainedServletFilter.java:87)
	at hudson.security.ChainedServletFilter.doFilter(ChainedServletFilter.java:76)
	at hudson.security.HudsonFilter.doFilter(HudsonFilter.java:164)
	at org.eclipse.jetty.servlet.ServletHandler$CachedChain.doFilter(ServletHandler.java:1482)
	at org.kohsuke.stapler.compression.CompressionFilter.doFilter(CompressionFilter.java:46)
	at org.eclipse.jetty.servlet.ServletHandler$CachedChain.doFilter(ServletHandler.java:1482)
	at hudson.util.CharacterEncodingFilter.doFilter(CharacterEncodingFilter.java:81)
	at org.eclipse.jetty.servlet.ServletHandler$CachedChain.doFilter(ServletHandler.java:1474)
	at org.eclipse.jetty.servlet.ServletHandler.doHandle(ServletHandler.java:499)
	at org.eclipse.jetty.server.handler.ScopedHandler.handle(ScopedHandler.java:137)
	at org.eclipse.jetty.security.SecurityHandler.handle(SecurityHandler.java:533)
	at org.eclipse.jetty.server.session.SessionHandler.doHandle(SessionHandler.java:231)
	at org.eclipse.jetty.server.handler.ContextHandler.doHandle(ContextHandler.java:1086)
	at org.eclipse.jetty.servlet.ServletHandler.doScope(ServletHandler.java:428)
	at org.eclipse.jetty.server.session.SessionHandler.doScope(SessionHandler.java:193)
	at org.eclipse.jetty.server.handler.ContextHandler.doScope(ContextHandler.java:1020)
	at org.eclipse.jetty.server.handler.ScopedHandler.handle(ScopedHandler.java:135)
	at org.eclipse.jetty.server.handler.HandlerWrapper.handle(HandlerWrapper.java:116)
	at org.eclipse.jetty.server.Server.handle(Server.java:370)
	at org.eclipse.jetty.server.AbstractHttpConnection.handleRequest(AbstractHttpConnection.java:489)
	at org.eclipse.jetty.server.AbstractHttpConnection.headerComplete(AbstractHttpConnection.java:949)
	at org.eclipse.jetty.server.AbstractHttpConnection$RequestHandler.headerComplete(AbstractHttpConnection.java:1011)
	at org.eclipse.jetty.http.HttpParser.parseNext(HttpParser.java:644)
	at org.eclipse.jetty.http.HttpParser.parseAvailable(HttpParser.java:235)
	at org.eclipse.jetty.server.AsyncHttpConnection.handle(AsyncHttpConnection.java:82)
	at org.eclipse.jetty.io.nio.SelectChannelEndPoint.handle(SelectChannelEndPoint.java:668)
	at org.eclipse.jetty.io.nio.SelectChannelEndPoint$1.run(SelectChannelEndPoint.java:52)
	at winstone.BoundedExecutorService$1.run(BoundedExecutorService.java:77)
	at java.util.concurrent.ThreadPoolExecutor$Worker.runTask(ThreadPoolExecutor.java:895)
	at java.util.concurrent.ThreadPoolExecutor$Worker.run(ThreadPoolExecutor.java:918)
	at java.lang.Thread.run(Thread.java:662)
Jun 25, 2014 8:03:29 AM hudson.model.RunMap retrieve
WARNING: could not load /var/lib/jenkins/jobs/HCS-10.0-IE-SCC/builds/2014-06-18_12-20-00
java.io.FileNotFoundException: /var/lib/jenkins/jobs/HCS-10.0-IE-SCC/builds/2014-06-18_12-20-00/build.xml (Too many open files)
	at java.io.FileInputStream.open(Native Method)
	at java.io.FileInputStream.<init>(FileInputStream.java:120)
	at hudson.XmlFile.unmarshal(XmlFile.java:160)
	at hudson.model.Run.reload(Run.java:323)
	at hudson.model.Run.<init>(Run.java:311)
	at hudson.model.AbstractBuild.<init>(AbstractBuild.java:177)
	at hudson.model.Build.<init>(Build.java:103)
	at hudson.model.FreeStyleBuild.<init>(FreeStyleBuild.java:38)
	at sun.reflect.GeneratedConstructorAccessor76.newInstance(Unknown Source)
	at sun.reflect.DelegatingConstructorAccessorImpl.newInstance(DelegatingConstructorAccessorImpl.java:27)
	at java.lang.reflect.Constructor.newInstance(Constructor.java:513)
	at jenkins.model.lazy.LazyBuildMixIn.loadBuild(LazyBuildMixIn.java:153)
	at jenkins.model.lazy.LazyBuildMixIn$1.create(LazyBuildMixIn.java:134)
	at hudson.model.RunMap.retrieve(RunMap.java:218)
	at hudson.model.RunMap.retrieve(RunMap.java:56)
	at jenkins.model.lazy.AbstractLazyLoadRunMap.load(AbstractLazyLoadRunMap.java:687)
	at jenkins.model.lazy.AbstractLazyLoadRunMap.load(AbstractLazyLoadRunMap.java:670)
	at jenkins.model.lazy.AbstractLazyLoadRunMap.getById(AbstractLazyLoadRunMap.java:542)
	at jenkins.model.lazy.AbstractLazyLoadRunMap.search(AbstractLazyLoadRunMap.java:512)
	at jenkins.model.lazy.AbstractLazyLoadRunMap.getByNumber(AbstractLazyLoadRunMap.java:546)
	at jenkins.model.lazy.AbstractLazyLoadRunMap.search(AbstractLazyLoadRunMap.java:392)
	at jenkins.model.lazy.AbstractLazyLoadRunMap.newestBuild(AbstractLazyLoadRunMap.java:334)
	at jenkins.model.lazy.LazyBuildMixIn.getLastBuild(LazyBuildMixIn.java:247)
	at hudson.model.AbstractProject.getLastBuild(AbstractProject.java:969)
	at hudson.model.AbstractProject.getLastBuild(AbstractProject.java:144)
	at hudson.model.Job.getBuildHealthReports(Job.java:1030)
	at hudson.model.Job.getBuildHealth(Job.java:1023)
	at sun.reflect.GeneratedMethodAccessor122.invoke(Unknown Source)
	at sun.reflect.DelegatingMethodAccessorImpl.invoke(DelegatingMethodAccessorImpl.java:25)
	at java.lang.reflect.Method.invoke(Method.java:597)
	at org.apache.commons.jexl.util.PropertyExecutor.execute(PropertyExecutor.java:125)
	at org.apache.commons.jexl.util.introspection.UberspectImpl$VelGetterImpl.invoke(UberspectImpl.java:314)
	at org.apache.commons.jexl.parser.ASTArrayAccess.evaluateExpr(ASTArrayAccess.java:185)
	at org.apache.commons.jexl.parser.ASTIdentifier.execute(ASTIdentifier.java:75)
	at org.apache.commons.jexl.parser.ASTReference.execute(ASTReference.java:83)
	at org.apache.commons.jexl.parser.ASTReference.value(ASTReference.java:57)
	at org.apache.commons.jexl.parser.ASTReferenceExpression.value(ASTReferenceExpression.java:51)
	at org.apache.commons.jexl.ExpressionImpl.evaluate(ExpressionImpl.java:80)
	at hudson.ExpressionFactory2$JexlExpression.evaluate(ExpressionFactory2.java:74)
	at org.apache.commons.jelly.tags.core.CoreTagLibrary$3.run(CoreTagLibrary.java:134)
	at org.apache.commons.jelly.impl.ScriptBlock.run(ScriptBlock.java:95)
	at org.apache.commons.jelly.tags.core.CoreTagLibrary$2.run(CoreTagLibrary.java:105)
	at org.kohsuke.stapler.jelly.CallTagLibScript.run(CallTagLibScript.java:120)
	at org.apache.commons.jelly.tags.core.CoreTagLibrary$2.run(CoreTagLibrary.java:105)
	at org.kohsuke.stapler.jelly.JellyViewScript.run(JellyViewScript.java:81)
	at org.kohsuke.stapler.jelly.IncludeTag.doTag(IncludeTag.java:147)
	at org.apache.commons.jelly.impl.TagScript.run(TagScript.java:269)
	at org.apache.commons.jelly.TagSupport.invokeBody(TagSupport.java:161)
	at org.apache.commons.jelly.tags.core.ForEachTag.doTag(ForEachTag.java:150)
	at org.apache.commons.jelly.impl.TagScript.run(TagScript.java:269)
	at org.apache.commons.jelly.impl.ScriptBlock.run(ScriptBlock.java:95)
	at org.kohsuke.stapler.jelly.ReallyStaticTagLibrary$1.run(ReallyStaticTagLibrary.java:99)
	at org.apache.commons.jelly.tags.core.CoreTagLibrary$2.run(CoreTagLibrary.java:105)
	at org.kohsuke.stapler.jelly.CallTagLibScript.run(CallTagLibScript.java:120)
	at org.apache.commons.jelly.impl.ScriptBlock.run(ScriptBlock.java:95)
	at org.apache.commons.jelly.TagSupport.invokeBody(TagSupport.java:161)
	at org.apache.commons.jelly.tags.core.ForEachTag.doTag(ForEachTag.java:150)
	at org.apache.commons.jelly.impl.TagScript.run(TagScript.java:269)
	at org.apache.commons.jelly.impl.ScriptBlock.run(ScriptBlock.java:95)
	at org.kohsuke.stapler.jelly.ReallyStaticTagLibrary$1.run(ReallyStaticTagLibrary.java:99)
	at org.apache.commons.jelly.impl.ScriptBlock.run(ScriptBlock.java:95)
	at org.apache.commons.jelly.tags.core.CoreTagLibrary$1.run(CoreTagLibrary.java:98)
	at org.apache.commons.jelly.impl.ScriptBlock.run(ScriptBlock.java:95)
	at org.kohsuke.stapler.jelly.ReallyStaticTagLibrary$1.run(ReallyStaticTagLibrary.java:99)
	at org.apache.commons.jelly.impl.ScriptBlock.run(ScriptBlock.java:95)
	at org.apache.commons.jelly.tags.core.CoreTagLibrary$2.run(CoreTagLibrary.java:105)
	at org.kohsuke.stapler.jelly.CallTagLibScript.run(CallTagLibScript.java:120)
	at org.kohsuke.stapler.jelly.groovy.JellyBuilder.doInvokeMethod(JellyBuilder.java:276)
	at org.kohsuke.stapler.jelly.groovy.Namespace$ProxyImpl.invoke(Namespace.java:92)
	at com.sun.proxy.$Proxy40.projectView(Unknown Source)
	at lib.JenkinsTagLib$projectView.call(Unknown Source)
	at hudson.model.View.main.run(main.groovy:14)
	at org.kohsuke.stapler.jelly.groovy.GroovierJellyScript.run(GroovierJellyScript.java:74)
	at org.kohsuke.stapler.jelly.groovy.GroovierJellyScript.run(GroovierJellyScript.java:62)
	at org.kohsuke.stapler.jelly.IncludeTag.doTag(IncludeTag.java:147)
	at org.apache.commons.jelly.impl.TagScript.run(TagScript.java:269)
	at org.apache.commons.jelly.impl.ScriptBlock.run(ScriptBlock.java:95)
	at org.kohsuke.stapler.jelly.CallTagLibScript$1.run(CallTagLibScript.java:99)
	at org.apache.commons.jelly.tags.define.InvokeBodyTag.doTag(InvokeBodyTag.java:91)
	at org.apache.commons.jelly.impl.TagScript.run(TagScript.java:269)
	at org.apache.commons.jelly.impl.ScriptBlock.run(ScriptBlock.java:95)
	at org.apache.commons.jelly.tags.core.CoreTagLibrary$1.run(CoreTagLibrary.java:98)
	at org.apache.commons.jelly.impl.ScriptBlock.run(ScriptBlock.java:95)
	at org.apache.commons.jelly.tags.core.CoreTagLibrary$2.run(CoreTagLibrary.java:105)
	at org.kohsuke.stapler.jelly.CallTagLibScript.run(CallTagLibScript.java:120)
	at org.apache.commons.jelly.impl.ScriptBlock.run(ScriptBlock.java:95)
	at org.kohsuke.stapler.jelly.CallTagLibScript$1.run(CallTagLibScript.java:99)
	at org.apache.commons.jelly.tags.define.InvokeBodyTag.doTag(InvokeBodyTag.java:91)
	at org.apache.commons.jelly.impl.TagScript.run(TagScript.java:269)
	at org.apache.commons.jelly.impl.ScriptBlock.run(ScriptBlock.java:95)
	at org.kohsuke.stapler.jelly.ReallyStaticTagLibrary$1.run(ReallyStaticTagLibrary.java:99)
	at org.apache.commons.jelly.impl.ScriptBlock.run(ScriptBlock.java:95)
	at org.kohsuke.stapler.jelly.ReallyStaticTagLibrary$1.run(ReallyStaticTagLibrary.java:99)
	at org.kohsuke.stapler.jelly.ReallyStaticTagLibrary$1.run(ReallyStaticTagLibrary.java:99)
	at org.apache.commons.jelly.impl.ScriptBlock.run(ScriptBlock.java:95)
	at org.kohsuke.stapler.jelly.ReallyStaticTagLibrary$1.run(ReallyStaticTagLibrary.java:99)
	at org.apache.commons.jelly.impl.ScriptBlock.run(ScriptBlock.java:95)
	at org.kohsuke.stapler.jelly.ReallyStaticTagLibrary$1.run(ReallyStaticTagLibrary.java:99)
	at org.apache.commons.jelly.impl.ScriptBlock.run(ScriptBlock.java:95)
	at org.apache.commons.jelly.tags.core.CoreTagLibrary$2.run(CoreTagLibrary.java:105)
	at org.kohsuke.stapler.jelly.CallTagLibScript.run(CallTagLibScript.java:120)
	at org.kohsuke.stapler.jelly.CompressTag.doTag(CompressTag.java:44)
	at org.apache.commons.jelly.impl.TagScript.run(TagScript.java:269)
	at org.kohsuke.stapler.jelly.JellyViewScript.run(JellyViewScript.java:81)
	at org.kohsuke.stapler.jelly.DefaultScriptInvoker.invokeScript(DefaultScriptInvoker.java:63)
	at org.kohsuke.stapler.jelly.DefaultScriptInvoker.invokeScript(DefaultScriptInvoker.java:53)
	at org.kohsuke.stapler.jelly.JellyClassTearOff.serveIndexJelly(JellyClassTearOff.java:112)
	at org.kohsuke.stapler.jelly.JellyFacet.handleIndexRequest(JellyFacet.java:127)
	at org.kohsuke.stapler.Stapler.tryInvoke(Stapler.java:717)
	at org.kohsuke.stapler.Stapler.invoke(Stapler.java:858)
	at org.kohsuke.stapler.MetaClass$6.doDispatch(MetaClass.java:248)
	at org.kohsuke.stapler.NameBasedDispatcher.dispatch(NameBasedDispatcher.java:53)
	at org.kohsuke.stapler.Stapler.tryInvoke(Stapler.java:728)
	at org.kohsuke.stapler.Stapler.invoke(Stapler.java:858)
	at org.kohsuke.stapler.Stapler.invoke(Stapler.java:631)
	at org.kohsuke.stapler.Stapler.service(Stapler.java:225)
	at javax.servlet.http.HttpServlet.service(HttpServlet.java:848)
	at org.eclipse.jetty.servlet.ServletHolder.handle(ServletHolder.java:686)
	at org.eclipse.jetty.servlet.ServletHandler$CachedChain.doFilter(ServletHandler.java:1494)
	at hudson.util.PluginServletFilter$1.doFilter(PluginServletFilter.java:96)
	at hudson.plugins.greenballs.GreenBallFilter.doFilter(GreenBallFilter.java:58)
	at hudson.util.PluginServletFilter$1.doFilter(PluginServletFilter.java:99)
	at net.bull.javamelody.MonitoringFilter.doFilter(MonitoringFilter.java:202)
	at net.bull.javamelody.MonitoringFilter.doFilter(MonitoringFilter.java:180)
	at net.bull.javamelody.PluginMonitoringFilter.doFilter(PluginMonitoringFilter.java:85)
	at org.jvnet.hudson.plugins.monitoring.HudsonMonitoringFilter.doFilter(HudsonMonitoringFilter.java:90)
	at hudson.util.PluginServletFilter$1.doFilter(PluginServletFilter.java:99)
	at hudson.util.PluginServletFilter.doFilter(PluginServletFilter.java:88)
	at org.eclipse.jetty.servlet.ServletHandler$CachedChain.doFilter(ServletHandler.java:1482)
	at hudson.security.csrf.CrumbFilter.doFilter(CrumbFilter.java:48)
	at org.eclipse.jetty.servlet.ServletHandler$CachedChain.doFilter(ServletHandler.java:1482)
	at hudson.security.ChainedServletFilter$1.doFilter(ChainedServletFilter.java:84)
	at hudson.security.UnwrapSecurityExceptionFilter.doFilter(UnwrapSecurityExceptionFilter.java:51)
	at hudson.security.ChainedServletFilter$1.doFilter(ChainedServletFilter.java:87)
	at jenkins.security.ExceptionTranslationFilter.doFilter(ExceptionTranslationFilter.java:117)
	at hudson.security.ChainedServletFilter$1.doFilter(ChainedServletFilter.java:87)
	at org.acegisecurity.providers.anonymous.AnonymousProcessingFilter.doFilter(AnonymousProcessingFilter.java:125)
	at hudson.security.ChainedServletFilter$1.doFilter(ChainedServletFilter.java:87)
	at org.acegisecurity.ui.rememberme.RememberMeProcessingFilter.doFilter(RememberMeProcessingFilter.java:142)
	at hudson.security.ChainedServletFilter$1.doFilter(ChainedServletFilter.java:87)
	at org.acegisecurity.ui.AbstractProcessingFilter.doFilter(AbstractProcessingFilter.java:271)
	at hudson.security.ChainedServletFilter$1.doFilter(ChainedServletFilter.java:87)
	at org.acegisecurity.ui.basicauth.BasicProcessingFilter.doFilter(BasicProcessingFilter.java:174)
	at hudson.security.ChainedServletFilter$1.doFilter(ChainedServletFilter.java:87)
	at jenkins.security.ApiTokenFilter.doFilter(ApiTokenFilter.java:74)
	at hudson.security.ChainedServletFilter$1.doFilter(ChainedServletFilter.java:87)
	at org.acegisecurity.context.HttpSessionContextIntegrationFilter.doFilter(HttpSessionContextIntegrationFilter.java:249)
	at hudson.security.HttpSessionContextIntegrationFilter2.doFilter(HttpSessionContextIntegrationFilter2.java:67)
	at hudson.security.ChainedServletFilter$1.doFilter(ChainedServletFilter.java:87)
	at hudson.security.ChainedServletFilter.doFilter(ChainedServletFilter.java:76)
	at hudson.security.HudsonFilter.doFilter(HudsonFilter.java:164)
	at org.eclipse.jetty.servlet.ServletHandler$CachedChain.doFilter(ServletHandler.java:1482)
	at org.kohsuke.stapler.compression.CompressionFilter.doFilter(CompressionFilter.java:46)
	at org.eclipse.jetty.servlet.ServletHandler$CachedChain.doFilter(ServletHandler.java:1482)
	at hudson.util.CharacterEncodingFilter.doFilter(CharacterEncodingFilter.java:81)
	at org.eclipse.jetty.servlet.ServletHandler$CachedChain.doFilter(ServletHandler.java:1474)
	at org.eclipse.jetty.servlet.ServletHandler.doHandle(ServletHandler.java:499)
	at org.eclipse.jetty.server.handler.ScopedHandler.handle(ScopedHandler.java:137)
	at org.eclipse.jetty.security.SecurityHandler.handle(SecurityHandler.java:533)
	at org.eclipse.jetty.server.session.SessionHandler.doHandle(SessionHandler.java:231)
	at org.eclipse.jetty.server.handler.ContextHandler.doHandle(ContextHandler.java:1086)
	at org.eclipse.jetty.servlet.ServletHandler.doScope(ServletHandler.java:428)
	at org.eclipse.jetty.server.session.SessionHandler.doScope(SessionHandler.java:193)
	at org.eclipse.jetty.server.handler.ContextHandler.doScope(ContextHandler.java:1020)
	at org.eclipse.jetty.server.handler.ScopedHandler.handle(ScopedHandler.java:135)
	at org.eclipse.jetty.server.handler.HandlerWrapper.handle(HandlerWrapper.java:116)
	at org.eclipse.jetty.server.Server.handle(Server.java:370)
	at org.eclipse.jetty.server.AbstractHttpConnection.handleRequest(AbstractHttpConnection.java:489)
	at org.eclipse.jetty.server.AbstractHttpConnection.headerComplete(AbstractHttpConnection.java:949)
	at org.eclipse.jetty.server.AbstractHttpConnection$RequestHandler.headerComplete(AbstractHttpConnection.java:1011)
	at org.eclipse.jetty.http.HttpParser.parseNext(HttpParser.java:644)
	at org.eclipse.jetty.http.HttpParser.parseAvailable(HttpParser.java:235)
	at org.eclipse.jetty.server.AsyncHttpConnection.handle(AsyncHttpConnection.java:82)
	at org.eclipse.jetty.io.nio.SelectChannelEndPoint.handle(SelectChannelEndPoint.java:668)
	at org.eclipse.jetty.io.nio.SelectChannelEndPoint$1.run(SelectChannelEndPoint.java:52)
	at winstone.BoundedExecutorService$1.run(BoundedExecutorService.java:77)
	at java.util.concurrent.ThreadPoolExecutor$Worker.runTask(ThreadPoolExecutor.java:895)
	at java.util.concurrent.ThreadPoolExecutor$Worker.run(ThreadPoolExecutor.java:918)
	at java.lang.Thread.run(Thread.java:662)
Jun 25, 2014 8:03:29 AM hudson.model.RunMap retrieve
WARNING: could not load /var/lib/jenkins/jobs/HCS-10.0-IE-SCC/builds/2014-06-19_12-20-00
java.io.FileNotFoundException: /var/lib/jenkins/jobs/HCS-10.0-IE-SCC/builds/2014-06-19_12-20-00/build.xml (Too many open files)