Running from: /opt/jenkins/jenkins.war
webroot: EnvVars.masterEnvVars.get("JENKINS_HOME")
Nov 01, 2014 8:45:32 PM winstone.Logger logInternal
INFO: Beginning extraction from war file
Nov 01, 2014 8:45:32 PM org.eclipse.jetty.util.log.JavaUtilLog info
INFO: jetty-winstone-2.8
Nov 01, 2014 8:45:47 PM org.eclipse.jetty.util.log.JavaUtilLog info
INFO: NO JSP Support for , did not find org.apache.jasper.servlet.JspServlet
Jenkins home directory: /var/lib/jenkins/data found at: EnvVars.masterEnvVars.get("JENKINS_HOME")
Nov 01, 2014 8:45:52 PM org.eclipse.jetty.util.log.JavaUtilLog info
INFO: Started SelectChannelConnector@0.0.0.0:8080
Nov 01, 2014 8:45:52 PM winstone.Logger logInternal
INFO: Winstone Servlet Engine v2.0 running: controlPort=disabled
Nov 01, 2014 8:45:55 PM jenkins.InitReactorRunner$1 onAttained
INFO: Started initialization
Nov 01, 2014 8:45:57 PM jenkins.InitReactorRunner$1 onAttained
INFO: Listed all plugins
Nov 01, 2014 8:45:58 PM jenkins.InitReactorRunner$1 onAttained
INFO: Prepared all plugins
Nov 01, 2014 8:45:59 PM jenkins.InitReactorRunner$1 onAttained
INFO: Started all plugins
Nov 01, 2014 8:46:13 PM jenkins.InitReactorRunner$1 onAttained
INFO: Augmented all extensions
#
# A fatal error has been detected by the Java Runtime Environment:
#
#  SIGILL (0x4) at pc=0x4dcef744, pid=14179, tid=1306850416
#
# JRE version: Java(TM) SE Embedded Runtime Environment (7.0_71-b14) (build 1.7.0_71-b14)
# Java VM: Java HotSpot(TM) Embedded Client VM (24.71-b01 mixed mode linux-arm )
# Problematic frame:
# C  [jna2987138414235790802.tmp+0x12744]  ffi_prep_cif_machdep+0x16c
#
# Core dump written. Default location: //core or core.14179
#
# An error report file with more information is saved as:
# /tmp/hs_err_pid14179.log
