Running from: /data/apps/jenkins/app/jenkins-2.128.war
webroot: EnvVars.masterEnvVars.get("JENKINS_HOME")
Aug 16, 2018 5:18:28 PM org.eclipse.jetty.util.log.Log initialized
INFORMATION: Logging initialized @2366ms to org.eclipse.jetty.util.log.JavaUtilLog
Aug 16, 2018 5:18:28 PM winstone.Logger logInternal
INFORMATION: Beginning extraction from war file
Aug 16, 2018 5:18:31 PM org.eclipse.jetty.server.Server doStart
INFORMATION: jetty-9.4.z-SNAPSHOT; built: 2018-06-05T18:24:03.829Z; git: d5fc0523cfa96bfebfbda19606cad384d772f04c; jvm 1.8.0_121-b13
Aug 16, 2018 5:18:32 PM org.eclipse.jetty.webapp.StandardDescriptorProcessor visitServlet
INFORMATION: NO JSP Support for /ci, did not find org.eclipse.jetty.jsp.JettyJspServlet
Aug 16, 2018 5:18:32 PM org.eclipse.jetty.server.session.DefaultSessionIdManager doStart
INFORMATION: DefaultSessionIdManager workerName=node0
Aug 16, 2018 5:18:32 PM org.eclipse.jetty.server.session.DefaultSessionIdManager doStart
INFORMATION: No SessionScavenger set, using defaults
Aug 16, 2018 5:18:32 PM org.eclipse.jetty.server.session.HouseKeeper startScavenging
INFORMATION: node0 Scavenging every 660000ms
Jenkins home directory: /data/apps/jenkins-home found at: EnvVars.masterEnvVars.get("JENKINS_HOME")
Aug 16, 2018 5:18:34 PM org.eclipse.jetty.server.handler.ContextHandler doStart
INFORMATION: Started w.@726a17c4{Jenkins v2.128,/ci,file:///data/apps/jenkins-home/war/,AVAILABLE}{/data/apps/jenkins-home/war}
Aug 16, 2018 5:18:34 PM org.eclipse.jetty.server.AbstractConnector doStart
INFORMATION: Started ServerConnector@3013909b{HTTP/1.1,[http/1.1]}{0.0.0.0:8080}
Aug 16, 2018 5:18:34 PM org.eclipse.jetty.server.Server doStart
INFORMATION: Started @8701ms
Aug 16, 2018 5:18:34 PM winstone.Logger logInternal
INFORMATION: Winstone Servlet Engine v4.0 running: controlPort=disabled
Aug 16, 2018 5:18:40 PM jenkins.InitReactorRunner$1 onAttained
INFORMATION: Started initialization
Aug 16, 2018 5:18:40 PM hudson.PluginManager loadDetachedPlugins
INFORMATION: Upgrading Jenkins. The last running version was 2.107.3. This Jenkins is version 2.128.
Aug 16, 2018 5:18:40 PM hudson.PluginManager loadDetachedPlugins
INFORMATION: Upgraded Jenkins from version 2.107.3 to version 2.128. Loaded detached plugins (and dependencies): [jdk-tool.hpi]
Aug 16, 2018 5:18:42 PM jenkins.InitReactorRunner$1 onAttained
INFORMATION: Listed all plugins
Aug 16, 2018 5:19:35 PM org.jenkinsci.remoting.util.AnonymousClassWarnings warn
WARNUNG: Attempt to (de-)serialize anonymous class hudson.plugins.disk_usage.DiskUsageProjectActionFactory$DescriptorImpl$1 in file:/data/apps/jenkins-home/plugins/disk-usage/WEB-INF/lib/disk-usage.jar; see: https://jenkins.io/redirect/serialization-of-anonymous-classes/
Aug 16, 2018 5:19:35 PM org.jenkinsci.remoting.util.AnonymousClassWarnings warn
WARNUNG: Attempt to (de-)serialize anonymous class hudson.plugins.disk_usage.DiskUsageOvearallGraphGenerator$DiskUsageRecord$1 in file:/data/apps/jenkins-home/plugins/disk-usage/WEB-INF/lib/disk-usage.jar; see: https://jenkins.io/redirect/serialization-of-anonymous-classes/
Aug 16, 2018 5:19:40 PM jenkins.InitReactorRunner$1 onAttained
INFORMATION: Prepared all plugins
Aug 16, 2018 5:19:40 PM jenkins.InitReactorRunner$1 onAttained
INFORMATION: Started all plugins
Aug 16, 2018 5:19:46 PM jenkins.plugins.livingdoc.LivingDocReportsPublisher$LivingDocDescriptor <init>
INFORMATION: Loading LivingDoc-Descriptor...
Aug 16, 2018 5:19:52 PM jenkins.InitReactorRunner$1 onAttained
INFORMATION: Augmented all extensions
Aug 16, 2018 5:19:52 PM org.jenkinsci.remoting.util.AnonymousClassWarnings warn
WARNUNG: Attempt to (de-)serialize anonymous class jenkins.install.InstallState$6 in file:/data/apps/jenkins-home/war/WEB-INF/lib/jenkins-core-2.128.jar; see: https://jenkins.io/redirect/serialization-of-anonymous-classes/
Aug 16, 2018 5:19:55 PM jenkins.security.ClassFilterImpl notifyRejected
WARNUNG: org.apache.maven.artifact.versioning.DefaultArtifactVersion in file:/data/apps/jenkins-home/plugins/maven-plugin/WEB-INF/lib/maven-artifact-3.1.0.jar might be dangerous, so rejecting; see https://jenkins.io/redirect/class-filter/
Aug 16, 2018 5:20:10 PM jenkins.InitReactorRunner$1 onAttained
INFORMATION: Loaded all jobs
Aug 16, 2018 5:20:11 PM hudson.model.AsyncPeriodicWork$1 run
INFORMATION: Started Download metadata
Aug 16, 2018 5:20:11 PM com.cloudbees.jenkins.plugins.sshcredentials.impl.BasicSSHUserPrivateKey$UsersPrivateKeySource readResolve
INFORMATION: SECURITY-440: Migrating UsersPrivateKeySource to DirectEntryPrivateKeySource
Aug 16, 2018 5:20:12 PM hudson.model.DownloadService$Downloadable updateNow
WARNUNG: No tool installer metadata found for hudson.tasks.Maven.MavenInstaller
Aug 16, 2018 5:20:14 PM hudson.model.DownloadService$Downloadable updateNow
WARNUNG: No tool installer metadata found for hudson.tasks.Ant.AntInstaller
Aug 16, 2018 5:20:16 PM hudson.model.DownloadService$Downloadable updateNow
WARNUNG: No tool installer metadata found for hudson.plugins.sonar.MsBuildSonarQubeRunnerInstaller
Aug 16, 2018 5:20:16 PM org.springframework.context.support.AbstractApplicationContext prepareRefresh
INFORMATION: Refreshing org.springframework.web.context.support.StaticWebApplicationContext@566c81a0: display name [Root WebApplicationContext]; startup date [Thu Aug 16 17:20:16 CEST 2018]; root of context hierarchy
Aug 16, 2018 5:20:16 PM org.springframework.context.support.AbstractApplicationContext obtainFreshBeanFactory
INFORMATION: Bean factory for application context [org.springframework.web.context.support.StaticWebApplicationContext@566c81a0]: org.springframework.beans.factory.support.DefaultListableBeanFactory@1e1e2fec
Aug 16, 2018 5:20:16 PM org.springframework.beans.factory.support.DefaultListableBeanFactory preInstantiateSingletons
INFORMATION: Pre-instantiating singletons in org.springframework.beans.factory.support.DefaultListableBeanFactory@1e1e2fec: defining beans [ldapUserSearch,authenticationManager,bindAuthenticator,authoritiesPopulator,initialDirContextFactory]; root of factory hierarchy
Aug 16, 2018 5:20:16 PM org.acegisecurity.ldap.DefaultInitialDirContextFactory setProviderUrl
INFORMATION:  URL 'ldap://IVVDSA12:389/o=ivv-verbund,c=DE', root DN is 'o=ivv-verbund,c=DE'
Aug 16, 2018 5:20:16 PM org.acegisecurity.ldap.search.FilterBasedLdapUserSearch <init>
INFORMATION: SearchBase not set. Searches will be performed from the root: o=ivv-verbund,c=DE
Aug 16, 2018 5:20:17 PM hudson.model.DownloadService$Downloadable updateNow
WARNUNG: No tool installer metadata found for hudson.plugins.sonar.SonarRunnerInstaller
Aug 16, 2018 5:20:17 PM org.springframework.context.support.AbstractApplicationContext prepareRefresh
INFORMATION: Refreshing org.springframework.web.context.support.StaticWebApplicationContext@55272016: display name [Root WebApplicationContext]; startup date [Thu Aug 16 17:20:17 CEST 2018]; root of context hierarchy
Aug 16, 2018 5:20:17 PM org.springframework.context.support.AbstractApplicationContext obtainFreshBeanFactory
INFORMATION: Bean factory for application context [org.springframework.web.context.support.StaticWebApplicationContext@55272016]: org.springframework.beans.factory.support.DefaultListableBeanFactory@49655ac4
Aug 16, 2018 5:20:17 PM org.springframework.beans.factory.support.DefaultListableBeanFactory preInstantiateSingletons
INFORMATION: Pre-instantiating singletons in org.springframework.beans.factory.support.DefaultListableBeanFactory@49655ac4: defining beans [filter,legacy]; root of factory hierarchy
Aug 16, 2018 5:20:18 PM jenkins.InitReactorRunner$1 onAttained
INFORMATION: Completed initialization
Aug 16, 2018 5:20:18 PM hudson.model.DownloadService$Downloadable updateNow
WARNUNG: No tool installer metadata found for hudson.plugins.nodejs.tools.NodeJSInstaller
Aug 16, 2018 5:20:20 PM hudson.model.DownloadService$Downloadable updateNow
WARNUNG: No tool installer metadata found for hudson.tools.JDKInstaller
Aug 16, 2018 5:20:20 PM hudson.model.AsyncPeriodicWork$1 run
INFORMATION: Finished Download metadata. 8.868 ms
Aug 16, 2018 5:20:30 PM hudson.WebAppMain$3 run
INFORMATION: Jenkins is fully up and running
