Oct 30, 2017 10:17:06 AM Main deleteWinstoneTempContents
WARNING: Failed to delete the temporary Winstone file /tmp/winstone/jenkins.war
Oct 30, 2017 10:17:06 AM org.eclipse.jetty.util.log.JavaUtilLog info
INFO: Logging initialized @603ms
Oct 30, 2017 10:17:06 AM winstone.Logger logInternal
INFO: Beginning extraction from war file
Oct 30, 2017 10:17:06 AM org.eclipse.jetty.util.log.JavaUtilLog warn
WARNING: Empty contextPath
Oct 30, 2017 10:17:06 AM org.eclipse.jetty.util.log.JavaUtilLog info
INFO: jetty-9.2.z-SNAPSHOT
Oct 30, 2017 10:17:07 AM org.eclipse.jetty.util.log.JavaUtilLog info
INFO: NO JSP Support for /, did not find org.eclipse.jetty.jsp.JettyJspServlet
Jenkins home directory: /u01/jenkins found at: EnvVars.masterEnvVars.get("JENKINS_HOME")
Oct 30, 2017 10:17:08 AM org.eclipse.jetty.util.log.JavaUtilLog info
INFO: Started w.@4145bad8{/,file:/u01/jenkins/war/,AVAILABLE}{/u01/jenkins/war}
Oct 30, 2017 10:17:08 AM org.eclipse.jetty.util.log.JavaUtilLog info
INFO: Started ServerConnector@7674f035{HTTP/1.1}{0.0.0.0:8080}
Oct 30, 2017 10:17:08 AM org.eclipse.jetty.util.log.JavaUtilLog info
INFO: Started @2770ms
Oct 30, 2017 10:17:08 AM winstone.Logger logInternal
INFO: Winstone Servlet Engine v2.0 running: controlPort=disabled
Oct 30, 2017 10:17:09 AM jenkins.InitReactorRunner$1 onAttained
INFO: Started initialization
Oct 30, 2017 10:17:09 AM jenkins.InitReactorRunner$1 onAttained
INFO: Listed all plugins
Oct 30, 2017 10:17:11 AM jenkins.InitReactorRunner$1 onAttained
INFO: Prepared all plugins
Oct 30, 2017 10:17:11 AM jenkins.InitReactorRunner$1 onAttained
INFO: Started all plugins
Oct 30, 2017 10:17:11 AM jenkins.InitReactorRunner$1 onAttained
INFO: Augmented all extensions
Oct 30, 2017 10:17:11 AM jenkins.InitReactorRunner$1 onAttained
INFO: Loaded all jobs
Oct 30, 2017 10:17:12 AM hudson.model.AsyncPeriodicWork$1 run
INFO: Started Download metadata
Oct 30, 2017 10:17:12 AM hudson.model.AsyncPeriodicWork$1 run
INFO: Finished Download metadata. 5 ms
Oct 30, 2017 10:17:13 AM jenkins.InitReactorRunner$1 onAttained
INFO: Completed initialization
Oct 30, 2017 10:17:14 AM org.springframework.context.support.AbstractApplicationContext prepareRefresh
INFO: Refreshing org.springframework.web.context.support.StaticWebApplicationContext@4fa52bb2: display name [Root WebApplicationContext]; startup date [Mon Oct 30 10:17:14 EDT 2017]; root of context hierarchy
Oct 30, 2017 10:17:14 AM org.springframework.context.support.AbstractApplicationContext obtainFreshBeanFactory
INFO: Bean factory for application context [org.springframework.web.context.support.StaticWebApplicationContext@4fa52bb2]: org.springframework.beans.factory.support.DefaultListableBeanFactory@604d2a94
Oct 30, 2017 10:17:14 AM org.springframework.beans.factory.support.DefaultListableBeanFactory preInstantiateSingletons
INFO: Pre-instantiating singletons in org.springframework.beans.factory.support.DefaultListableBeanFactory@604d2a94: defining beans [authenticationManager]; root of factory hierarchy
Oct 30, 2017 10:17:14 AM org.springframework.context.support.AbstractApplicationContext prepareRefresh
INFO: Refreshing org.springframework.web.context.support.StaticWebApplicationContext@7f4e305d: display name [Root WebApplicationContext]; startup date [Mon Oct 30 10:17:14 EDT 2017]; root of context hierarchy
Oct 30, 2017 10:17:14 AM org.springframework.context.support.AbstractApplicationContext obtainFreshBeanFactory
INFO: Bean factory for application context [org.springframework.web.context.support.StaticWebApplicationContext@7f4e305d]: org.springframework.beans.factory.support.DefaultListableBeanFactory@7ab5b3e7
Oct 30, 2017 10:17:14 AM org.springframework.beans.factory.support.DefaultListableBeanFactory preInstantiateSingletons
INFO: Pre-instantiating singletons in org.springframework.beans.factory.support.DefaultListableBeanFactory@7ab5b3e7: defining beans [filter,legacy]; root of factory hierarchy
Oct 30, 2017 10:17:14 AM jenkins.install.SetupWizard init
INFO:

*************************************************************
*************************************************************
*************************************************************

Jenkins initial setup is required. An admin user has been created and a password generated.
Please use the following password to proceed to installation:

01aeaf99a11d47598c3337a7f3c66f9c

This may also be found at: /u01/jenkins/secrets/initialAdminPassword

*************************************************************
*************************************************************
*************************************************************

Oct 30, 2017 10:17:19 AM hudson.model.UpdateSite updateData
INFO: Obtained the latest update center data file for UpdateSource default
Oct 30, 2017 10:17:19 AM hudson.WebAppMain$3 run
INFO: Jenkins is fully up and running
                                                              

