hudson-behavior.js:49 TypeError: e.getAttribute is not a function
    at findFormParent (hudson-behavior.js:2589)
    at findNearBy (hudson-behavior.js:275)
    at hudson-behavior.js:1451
    at hudson-behavior.js:47
    at prototype.js:853
    at Array.forEach (<anonymous>)
    at Array.each (prototype.js:852)
    at refillOnChange (hudson-behavior.js:1450)
    at select.js:88
    at Array.forEach (<anonymous>)
(anonymous) @ hudson-behavior.js:49
select.js:17 Couldn't find the expected status element <div class=​"setting-main">​…​</div>​
updateListBox @ select.js:17
hudson-behavior.js:49 TypeError: e.getAttribute is not a function
    at findFormParent (hudson-behavior.js:2589)
    at findNearBy (hudson-behavior.js:275)
    at hudson-behavior.js:1451
    at hudson-behavior.js:47
    at prototype.js:853
    at Array.forEach (<anonymous>)
    at Array.each (prototype.js:852)
    at refillOnChange (hudson-behavior.js:1450)
    at select.js:88
    at Array.forEach (<anonymous>)
(anonymous) @ hudson-behavior.js:49
behavior.js:119 TypeError: Cannot read property 'next' of undefined
    at radioBlock.js:59
    at radioBlock.js:66
    at Array.forEach (<anonymous>)
    at behavior.js:116
    at Array.forEach (<anonymous>)
    at behavior.js:111
    at Array.forEach (<anonymous>)
    at Object.applySubtree (behavior.js:93)
    at Object.apply (behavior.js:76)
    at behavior.js:71
(anonymous) @ behavior.js:119
behavior.js:119 TypeError: Cannot read property 'hasClassName' of undefined
    at repeatable.js:159
    at Array.forEach (<anonymous>)
    at behavior.js:116
    at Array.forEach (<anonymous>)
    at behavior.js:111
    at Array.forEach (<anonymous>)
    at Object.applySubtree (behavior.js:93)
    at Object.apply (behavior.js:76)
    at behavior.js:71
    at window.onload (behavior.js:133)
(anonymous) @ behavior.js:119
behavior.js:105 TypeError: Cannot read property 'getElementsBySelector' of undefined
    at bap_get_configName_from_publisher (pos.js:8)
    at bap_is_exec_disabled_for_publisher (pos.js:12)
    at bap_is_exec_disabled_for_transfer (pos.js:31)
    at TABLE.ssh-transfer (pos.js:89)
    at Array.forEach (<anonymous>)
    at behavior.js:102
    at Array.forEach (<anonymous>)
    at behavior.js:97
    at Array.forEach (<anonymous>)
    at behavior.js:95
(anonymous) @ behavior.js:105
hudson-behavior.js:518 Legacy checkUrl ''/descriptorByName/jenkins.plugins.publish_over_ssh.BapSshTransfer/checkSourceFiles'+qs(this).nearBy('sourceFiles').nearBy('execCommand').toString()+bap_get_configName_qs(this)' is not valid Javascript: TypeError: Cannot read property 'getElementsBySelector' of undefined
e.targetUrl @ hudson-behavior.js:518
hudson-behavior.js:518 Legacy checkUrl ''/descriptorByName/jenkins.plugins.publish_over_ssh.BapSshTransfer/checkSourceFiles'+qs(this).nearBy('sourceFiles').nearBy('execCommand').toString()+bap_get_configName_qs(this)' is not valid Javascript: TypeError: Cannot read property 'getElementsBySelector' of undefined
e.targetUrl @ hudson-behavior.js:518
hudson-behavior.js:518 Legacy checkUrl ''descriptorByName/AndroidEmulator/checkScreenResolution?value='+ escape(this.value)                       +'&density='+ escape(Form.findMatchingInput(this,'android-emulator.screenDensity').value)                       +'&osVersion='+ escape(document.getElementById('android-emulator.osVersion').value)' is not valid Javascript: TypeError: Cannot read property 'tagName' of null
e.targetUrl @ hudson-behavior.js:518
hudson-behavior.js:49 TypeError: e.getAttribute is not a function
    at findFormParent (hudson-behavior.js:2589)
    at findNearBy (hudson-behavior.js:275)
    at Object.nearBy (hudson-behavior.js:327)
    at hudson-behavior.js:526
    at hudson-behavior.js:47
    at prototype.js:853
    at Array.forEach (<anonymous>)
    at Array.each (prototype.js:852)
    at HTMLInputElement.e.targetUrl (hudson-behavior.js:525)
    at registerValidator (hudson-behavior.js:533)
(anonymous) @ hudson-behavior.js:49
hudson-behavior.js:49 TypeError: e.getAttribute is not a function
    at findFormParent (hudson-behavior.js:2589)
    at findNearBy (hudson-behavior.js:275)
    at hudson-behavior.js:562
    at hudson-behavior.js:47
    at prototype.js:853
    at Array.forEach (<anonymous>)
    at Array.each (prototype.js:852)
    at registerValidator (hudson-behavior.js:561)
    at Array.forEach (<anonymous>)
    at behavior.js:116
(anonymous) @ hudson-behavior.js:49
hudson-behavior.js:518 Legacy checkUrl ''/descriptorByName/jenkins.plugins.publish_over_ssh.BapSshTransfer/checkSourceFiles'+qs(this).nearBy('sourceFiles').nearBy('execCommand').toString()+bap_get_configName_qs(this)' is not valid Javascript: TypeError: Cannot read property 'getElementsBySelector' of undefined
e.targetUrl @ hudson-behavior.js:518
hudson-behavior.js:518 Legacy checkUrl ''/descriptorByName/jenkins.plugins.publish_over_ssh.BapSshTransfer/checkSourceFiles'+qs(this).nearBy('sourceFiles').nearBy('execCommand').toString()+bap_get_configName_qs(this)' is not valid Javascript: TypeError: Cannot read property 'getElementsBySelector' of undefined
e.targetUrl @ hudson-behavior.js:518
hudson-behavior.js:49 TypeError: e.getAttribute is not a function
    at findFormParent (hudson-behavior.js:2589)
    at findNearBy (hudson-behavior.js:275)
    at Object.nearBy (hudson-behavior.js:327)
    at hudson-behavior.js:526
    at hudson-behavior.js:47
    at prototype.js:853
    at Array.forEach (<anonymous>)
    at Array.each (prototype.js:852)
    at HTMLInputElement.e.targetUrl (hudson-behavior.js:525)
    at registerValidator (hudson-behavior.js:533)
(anonymous) @ hudson-behavior.js:49
hudson-behavior.js:49 TypeError: e.getAttribute is not a function
    at findFormParent (hudson-behavior.js:2589)
    at findNearBy (hudson-behavior.js:275)
    at hudson-behavior.js:562
    at hudson-behavior.js:47
    at prototype.js:853
    at Array.forEach (<anonymous>)
    at Array.each (prototype.js:852)
    at registerValidator (hudson-behavior.js:561)
    at Array.forEach (<anonymous>)
    at behavior.js:116
(anonymous) @ hudson-behavior.js:49
hudson-behavior.js:49 TypeError: e.getAttribute is not a function
    at findFormParent (hudson-behavior.js:2589)
    at findNearBy (hudson-behavior.js:275)
    at Object.nearBy (hudson-behavior.js:327)
    at hudson-behavior.js:526
    at hudson-behavior.js:47
    at prototype.js:853
    at Array.forEach (<anonymous>)
    at Array.each (prototype.js:852)
    at HTMLInputElement.e.targetUrl (hudson-behavior.js:525)
    at registerValidator (hudson-behavior.js:533)
(anonymous) @ hudson-behavior.js:49
hudson-behavior.js:49 TypeError: e.getAttribute is not a function
    at findFormParent (hudson-behavior.js:2589)
    at findNearBy (hudson-behavior.js:275)
    at hudson-behavior.js:562
    at hudson-behavior.js:47
    at prototype.js:853
    at Array.forEach (<anonymous>)
    at Array.each (prototype.js:852)
    at registerValidator (hudson-behavior.js:561)
    at Array.forEach (<anonymous>)
    at behavior.js:116
(anonymous) @ hudson-behavior.js:49
hudson-behavior.js:49 TypeError: e.getAttribute is not a function
    at findFormParent (hudson-behavior.js:2589)
    at findNearBy (hudson-behavior.js:275)
    at Object.nearBy (hudson-behavior.js:327)
    at hudson-behavior.js:526
    at hudson-behavior.js:47
    at prototype.js:853
    at Array.forEach (<anonymous>)
    at Array.each (prototype.js:852)
    at HTMLTextAreaElement.e.targetUrl (hudson-behavior.js:525)
    at registerValidator (hudson-behavior.js:533)
(anonymous) @ hudson-behavior.js:49
hudson-behavior.js:49 TypeError: e.getAttribute is not a function
    at findFormParent (hudson-behavior.js:2589)
    at findNearBy (hudson-behavior.js:275)
    at hudson-behavior.js:562
    at hudson-behavior.js:47
    at prototype.js:853
    at Array.forEach (<anonymous>)
    at Array.each (prototype.js:852)
    at registerValidator (hudson-behavior.js:561)
    at Array.forEach (<anonymous>)
    at behavior.js:116
(anonymous) @ hudson-behavior.js:49
hudson-behavior.js:49 TypeError: e.getAttribute is not a function
    at findFormParent (hudson-behavior.js:2589)
    at findNearBy (hudson-behavior.js:275)
    at Object.nearBy (hudson-behavior.js:327)
    at hudson-behavior.js:526
    at hudson-behavior.js:47
    at prototype.js:853
    at Array.forEach (<anonymous>)
    at Array.each (prototype.js:852)
    at HTMLTextAreaElement.e.targetUrl (hudson-behavior.js:525)
    at registerValidator (hudson-behavior.js:533)
(anonymous) @ hudson-behavior.js:49
hudson-behavior.js:49 TypeError: e.getAttribute is not a function
    at findFormParent (hudson-behavior.js:2589)
    at findNearBy (hudson-behavior.js:275)
    at hudson-behavior.js:562
    at hudson-behavior.js:47
    at prototype.js:853
    at Array.forEach (<anonymous>)
    at Array.each (prototype.js:852)
    at registerValidator (hudson-behavior.js:561)
    at Array.forEach (<anonymous>)
    at behavior.js:116
(anonymous) @ hudson-behavior.js:49
behavior.js:119 TypeError: Cannot read property 'next' of undefined
    at findEnd (hudson-behavior.js:808)
    at hudson-behavior.js:1109
    at Array.forEach (<anonymous>)
    at behavior.js:116
    at Array.forEach (<anonymous>)
    at behavior.js:111
    at Array.forEach (<anonymous>)
    at Object.applySubtree (behavior.js:93)
    at Object.apply (behavior.js:76)
    at behavior.js:71
(anonymous) @ behavior.js:119
behavior.js:119 TypeError: Cannot read property 'hasClassName' of undefined
    at hudson-behavior.js:1146
    at Array.forEach (<anonymous>)
    at behavior.js:116
    at Array.forEach (<anonymous>)
    at behavior.js:111
    at Array.forEach (<anonymous>)
    at Object.applySubtree (behavior.js:93)
    at Object.apply (behavior.js:76)
    at behavior.js:71
    at window.onload (behavior.js:133)
(anonymous) @ behavior.js:119
behavior.js:119 TypeError: Cannot read property 'makeInnerVisible' of undefined
    at updateOptionalBlock (hudson-behavior.js:1528)
    at hudson-behavior.js:1167
    at Array.forEach (<anonymous>)
    at behavior.js:116
    at Array.forEach (<anonymous>)
    at behavior.js:111
    at Array.forEach (<anonymous>)
    at Object.applySubtree (behavior.js:93)
    at Object.apply (behavior.js:76)
    at behavior.js:71
(anonymous) @ behavior.js:119
behavior.js:119 TypeError: Cannot read property 'makeInnerVisible' of undefined
    at updateDropDownList (hudson-behavior.js:1236)
    at hudson-behavior.js:1250
    at Array.forEach (<anonymous>)
    at behavior.js:116
    at Array.forEach (<anonymous>)
    at behavior.js:111
    at Array.forEach (<anonymous>)
    at Object.applySubtree (behavior.js:93)
    at Object.apply (behavior.js:76)
    at behavior.js:71
(anonymous) @ behavior.js:119
hudson-behavior.js:49 TypeError: e.getAttribute is not a function
    at findFormParent (hudson-behavior.js:2589)
    at findNearBy (hudson-behavior.js:275)
    at hudson-behavior.js:1451
    at hudson-behavior.js:47
    at prototype.js:853
    at Array.forEach (<anonymous>)
    at Array.each (prototype.js:852)
    at refillOnChange (hudson-behavior.js:1450)
    at select.js:88
    at Array.forEach (<anonymous>)
(anonymous) @ hudson-behavior.js:49
hudson-behavior.js:2983 Uncaught SyntaxError: Unexpected token ')'
    at onSuccess (combobox.js:19)
    at klass.respondToReadyState (prototype.js:1657)
    at klass.onStateChange (prototype.js:1600)
    at XMLHttpRequest.<anonymous> (prototype.js:414)
'/descriptorByName/jenkins.plugins.publish_over_ssh.BapSshTransfer/checkSourceFiles'+qs(this).nearBy('sourceFiles').nearBy('execCommand').toString()+bap_get_configName_qs(this):1 Failed to load resource: the server responded with a status of 404 (Not Found)
'/descriptorByName/jenkins.plugins.publish_over_ssh.BapSshTransfer/checkSourceFiles'+qs(this).nearBy('sourceFiles').nearBy('execCommand').toString()+bap_get_configName_qs(this):1 Failed to load resource: the server responded with a status of 404 (Not Found)
'descriptorByName/AndroidEmulator/checkScreenResolution?value=%27+%20escape(this.value)%20%20%20%20%20%20%20%20%20%20%20%20%20%20%20%20%20%20%20%20%20%20%20+%27&density=%27+%20escape(Form.findMatchingInput(this,%27android-emulator.screenDensity%27).value)%20%20%20%20%20%20%20%20%20%20%20%20%20%20%20%20%20%20%20%20%20%20%20+%27&osVersion=%27+%20escape(document.getElementById(%27android-emulator.osVersion%27).value):1 Failed to load resource: the server responded with a status of 404 (Not Found)
descriptorByName/hudson.plugins.jira.JiraCreateIssueNotifier/checkProjectKey?value=:1 Failed to load resource: the server responded with a status of 403 (Forbidden)
descriptorByName/jenkins.plugins.publish_over_ssh.BapSshCredentials/checkUsername?value=:1 Failed to load resource: the server responded with a status of 403 (Forbidden)
descriptorByName/jenkins.plugins.publish_over_ssh.BapSshCredentials/checkKeyPath?value=:1 Failed to load resource: the server responded with a status of 403 (Forbidden)
descriptorByName/jenkins.plugins.publish_over_ssh.BapSshRetry/checkRetries?value=0:1 Failed to load resource: the server responded with a status of 403 (Forbidden)
descriptorByName/jenkins.plugins.publish_over_ssh.BapSshRetry/checkRetryDelay?value=10000:1 Failed to load resource: the server responded with a status of 403 (Forbidden)
:8080/descriptorByName/jenkins.plugins.publish_over_ssh.BapSshTransfer/checkSourceFiles?sourceFiles=&execCommand=&configName=:1 Failed to load resource: the server responded with a status of 403 (Forbidden)
descriptorByName/jenkins.plugins.publish_over_ssh.BapSshTransfer/checkPatternSeparator?value=%5B%2C%20%5D%2B:1 Failed to load resource: the server responded with a status of 403 (Forbidden)
descriptorByName/jenkins.plugins.publish_over_ssh.BapSshTransfer/checkExecTimeout?value=120000:1 Failed to load resource: the server responded with a status of 403 (Forbidden)
:8080/descriptorByName/jenkins.plugins.publish_over_ssh.BapSshTransfer/checkSourceFiles?sourceFiles=&execCommand=&configName=:1 Failed to load resource: the server responded with a status of 403 (Forbidden)
descriptorByName/jenkins.plugins.publish_over_ssh.BapSshTransfer/checkPatternSeparator?value=%5B%2C%20%5D%2B:1 Failed to load resource: the server responded with a status of 403 (Forbidden)
descriptorByName/jenkins.plugins.publish_over_ssh.BapSshTransfer/checkExecTimeout?value=120000:1 Failed to load resource: the server responded with a status of 403 (Forbidden)
descriptorByName/jenkins.plugins.publish_over_ssh.BapSshCredentials/checkUsername?value=:1 Failed to load resource: the server responded with a status of 403 (Forbidden)
descriptorByName/jenkins.plugins.publish_over_ssh.BapSshCredentials/checkKeyPath?value=:1 Failed to load resource: the server responded with a status of 403 (Forbidden)
descriptorByName/jenkins.plugins.publish_over_ssh.BapSshRetry/checkRetries?value=0:1 Failed to load resource: the server responded with a status of 403 (Forbidden)
descriptorByName/jenkins.plugins.publish_over_ssh.BapSshRetry/checkRetryDelay?value=10000:1 Failed to load resource: the server responded with a status of 403 (Forbidden)
'/descriptorByName/jenkins.plugins.publish_over_ssh.BapSshTransfer/checkSourceFiles'+qs(this).nearBy('sourceFiles').nearBy('execCommand').toString()+bap_get_configName_qs(this):1 Failed to load resource: the server responded with a status of 403 (Forbidden)
descriptorByName/jenkins.plugins.publish_over_ssh.BapSshTransfer/checkPatternSeparator?value=%5B%2C%20%5D%2B:1 Failed to load resource: the server responded with a status of 403 (Forbidden)
descriptorByName/jenkins.plugins.publish_over_ssh.BapSshTransfer/checkExecTimeout?value=120000:1 Failed to load resource: the server responded with a status of 403 (Forbidden)
'/descriptorByName/jenkins.plugins.publish_over_ssh.BapSshTransfer/checkSourceFiles'+qs(this).nearBy('sourceFiles').nearBy('execCommand').toString()+bap_get_configName_qs(this):1 Failed to load resource: the server responded with a status of 403 (Forbidden)
descriptorByName/jenkins.plugins.publish_over_ssh.BapSshTransfer/checkPatternSeparator?value=%5B%2C%20%5D%2B:1 Failed to load resource: the server responded with a status of 403 (Forbidden)
descriptorByName/jenkins.plugins.publish_over_ssh.BapSshTransfer/checkExecTimeout?value=120000:1 Failed to load resource: the server responded with a status of 403 (Forbidden)
descriptorByName/jenkins.plugins.slack.SlackNotifier/checkTeamDomain?value=:1 Failed to load resource: the server responded with a status of 403 (Forbidden)
descriptorByName/jenkins.plugins.slack.SlackNotifier/checkBaseUrl?value=:1 Failed to load resource: the server responded with a status of 403 (Forbidden)
descriptorByName/hudson.plugins.parameterizedtrigger.BuildTriggerConfig/checkProjects?value=:1 Failed to load resource: the server responded with a status of 403 (Forbidden)
descriptorByName/hudson.plugins.parameterizedtrigger.BuildTriggerConfig/checkProjects?value=:1 Failed to load resource: the server responded with a status of 403 (Forbidden)
descriptorByName/com.joelj.jenkins.eztemplates.TemplateImplementationProperty/checkTemplateJobName?value=:1 Failed to load resource: the server responded with a status of 403 (Forbidden)
:8080/defaultJDKCheck?value=(System):1 Failed to load resource: the server responded with a status of 403 (Forbidden)
descriptorByName/hudson.plugins.git.UserRemoteConfig/checkCredentialsId?value=&url=:1 Failed to load resource: the server responded with a status of 403 (Forbidden)
descriptorByName/hudson.scm.SubversionSCM$ModuleLocation/checkCredentialsId:1 Failed to load resource: the server responded with a status of 403 (Forbidden)
descriptorByName/org.jenkinsci.plugins.configfiles.buildwrapper.ManagedFile/checkFileId?value=&fileId=:1 Failed to load resource: the server responded with a status of 403 (Forbidden)
descriptorByName/org.jenkinsci.plugins.googleplayandroidpublisher.ApkPublisher/checkGoogleCredentialsId?value=:1 Failed to load resource: the server responded with a status of 403 (Forbidden)
descriptorByName/org.jenkinsci.plugins.scriptsecurity.sandbox.groovy.SecureGroovyScript/checkScript:1 Failed to load resource: the server responded with a status of 403 (Forbidden)
descriptorByName/org.jenkinsci.plugins.scriptsecurity.sandbox.groovy.SecureGroovyScript/checkScript:1 Failed to load resource: the server responded with a status of 403 (Forbidden)
descriptorByName/hudson.scm.SubversionSCM/checkExcludedRegions?value=:1 Failed to load resource: the server responded with a status of 403 (Forbidden)
descriptorByName/hudson.scm.SubversionSCM/checkIncludedRegions?value=:1 Failed to load resource: the server responded with a status of 403 (Forbidden)
descriptorByName/hudson.scm.SubversionSCM/checkExcludedUsers?value=:1 Failed to load resource: the server responded with a status of 403 (Forbidden)
descriptorByName/hudson.scm.SubversionSCM/checkExcludedCommitMessages?value=:1 Failed to load resource: the server responded with a status of 403 (Forbidden)
descriptorByName/hudson.triggers.TimerTrigger/checkSpec?value=:1 Failed to load resource: the server responded with a status of 403 (Forbidden)
descriptorByName/hudson.triggers.SCMTrigger/checkScmpoll_spec?value=:1 Failed to load resource: the server responded with a status of 403 (Forbidden)
:8080/descriptorByName/jenkins.plugins.publish_over_ssh.BapSshTransfer/checkExecCommand?sourceFiles=&execCommand=:1 Failed to load resource: the server responded with a status of 403 (Forbidden)
:8080/descriptorByName/jenkins.plugins.publish_over_ssh.BapSshTransfer/checkExecCommand?sourceFiles=&execCommand=:1 Failed to load resource: the server responded with a status of 403 (Forbidden)
:8080/descriptorByName/jenkins.plugins.publish_over_ssh.BapSshTransfer/checkExecCommand?sourceFiles=&execCommand=:1 Failed to load resource: the server responded with a status of 403 (Forbidden)
:8080/descriptorByName/jenkins.plugins.publish_over_ssh.BapSshTransfer/checkExecCommand?sourceFiles=&execCommand=:1 Failed to load resource: the server responded with a status of 403 (Forbidden)
:8080/descriptorByName/jenkins.plugins.publish_over_ssh.BapSshTransfer/checkExecCommand?sourceFiles=&execCommand=:1 Failed to load resource: the server responded with a status of 403 (Forbidden)
:8080/descriptorByName/jenkins.plugins.publish_over_ssh.BapSshTransfer/checkExecCommand?sourceFiles=&execCommand=:1 Failed to load resource: the server responded with a status of 403 (Forbidden)
:8080/descriptorByName/jenkins.plugins.publish_over_ssh.BapSshTransfer/checkExecCommand?sourceFiles=&execCommand=:1 Failed to load resource: the server responded with a status of 403 (Forbidden)
descriptorByName/org.jenkinsci.plugins.scriptsecurity.sandbox.groovy.SecureGroovyScript/checkScript:1 Failed to load resource: the server responded with a status of 403 (Forbidden)
descriptorByName/org.jenkinsci.plugins.googleplayandroidpublisher.ApkPublisher$RecentChanges/checkText?value=:1 Failed to load resource: the server responded with a status of 403 (Forbidden)
descriptorByName/GitPublisher/checkNoteMsg?value=:1 Failed to load resource: the server responded with a status of 403 (Forbidden)
:8080/publisher/ExtendedEmailPublisher/recipientListRecipientsCheck?value=%24DEFAULT_RECIPIENTS:1 Failed to load resource: the server responded with a status of 403 (Forbidden)
:8080/publisher/ExtendedEmailPublisher/recipientListRecipientsCheck?value=%24DEFAULT_REPLYTO:1 Failed to load resource: the server responded with a status of 403 (Forbidden)
:8080/descriptorByName/jenkins.plugins.publish_over_ssh.BapSshTransfer/checkExecCommand?sourceFiles=&execCommand=:1 Failed to load resource: the server responded with a status of 403 (Forbidden)
:8080/descriptorByName/jenkins.plugins.publish_over_ssh.BapSshTransfer/checkExecCommand?sourceFiles=&execCommand=:1 Failed to load resource: the server responded with a status of 403 (Forbidden)
:8080/descriptorByName/jenkins.plugins.publish_over_ssh.BapSshTransfer/checkExecCommand?sourceFiles=&execCommand=:1 Failed to load resource: the server responded with a status of 403 (Forbidden)
:8080/descriptorByName/jenkins.plugins.publish_over_ssh.BapSshTransfer/checkExecCommand?sourceFiles=&execCommand=:1 Failed to load resource: the server responded with a status of 403 (Forbidden)
