Running from: /usr/share/jenkins/jenkins.war
Apr 15, 2016 1:45:40 PM winstone.Logger logInternal
INFO: Beginning extraction from war file
Apr 15, 2016 1:45:40 PM org.eclipse.jetty.util.log.JavaUtilLog info
INFO: jetty-winstone-2.9
Apr 15, 2016 1:45:43 PM org.eclipse.jetty.util.log.JavaUtilLog info
INFO: NO JSP Support for /jenkins, did not find org.apache.jasper.servlet.JspServlet
Jenkins home directory: /var/lib/jenkins found at: EnvVars.masterEnvVars.get("JENKINS_HOME")
Apr 15, 2016 1:45:44 PM org.eclipse.jetty.util.log.JavaUtilLog info
INFO: Started SelectChannelConnector@0.0.0.0:8080
Apr 15, 2016 1:45:44 PM winstone.Logger logInternal
INFO: Winstone Servlet Engine v2.0 running: controlPort=disabled
Apr 15, 2016 1:45:44 PM jenkins.InitReactorRunner$1 onAttained
INFO: Started initialization
Apr 15, 2016 1:45:45 PM jenkins.InitReactorRunner$1 onAttained
INFO: Listed all plugins
Apr 15, 2016 1:45:45 PM ruby.RubyRuntimePlugin start
INFO: Injecting JRuby into XStream
Trying to load models from /var/lib/jenkins/plugins/rbenv/WEB-INF/classes/models
Loading /var/lib/jenkins/plugins/rbenv/WEB-INF/classes/models/rbenv_wrapper.rb
Trying to load models from /var/lib/jenkins/plugins/cucumber/WEB-INF/classes/models
Loading /var/lib/jenkins/plugins/cucumber/WEB-INF/classes/models/cucumber-builder.rb
Apr 15, 2016 1:46:00 PM jenkins.InitReactorRunner$1 onAttained
INFO: Prepared all plugins
hudson.plugins.rake.Rvm@49084a54
Apr 15, 2016 1:46:02 PM jenkins.InitReactorRunner$1 onAttained
INFO: Started all plugins
Apr 15, 2016 1:46:02 PM jenkins.InitReactorRunner$1 onAttained
INFO: Augmented all extensions
Apr 15, 2016 1:46:02 PM jenkins.InitReactorRunner$1 onAttained
INFO: Loaded all jobs
Apr 15, 2016 1:46:02 PM hudson.model.AsyncPeriodicWork$1 run
INFO: Started Download metadata
Apr 15, 2016 1:46:02 PM hudson.model.AsyncPeriodicWork$1 run
INFO: Finished Download metadata. 6 ms
Apr 15, 2016 1:46:03 PM org.jenkinsci.main.modules.sshd.SSHD start
INFO: Started SSHD at port 56504
Apr 15, 2016 1:46:03 PM jenkins.InitReactorRunner$1 onAttained
INFO: Completed initialization
Apr 15, 2016 1:46:04 PM org.springframework.context.support.AbstractApplicationContext prepareRefresh
INFO: Refreshing org.springframework.web.context.support.StaticWebApplicationContext@3ebee277: display name [Root WebApplicationContext]; startup date [Fri Apr 15 13:46:04 EDT 2016]; root of context hierarchy
Apr 15, 2016 1:46:04 PM org.springframework.context.support.AbstractApplicationContext obtainFreshBeanFactory
INFO: Bean factory for application context [org.springframework.web.context.support.StaticWebApplicationContext@3ebee277]: org.springframework.beans.factory.support.DefaultListableBeanFactory@71bb8afd
Apr 15, 2016 1:46:04 PM org.springframework.beans.factory.support.DefaultListableBeanFactory preInstantiateSingletons
INFO: Pre-instantiating singletons in org.springframework.beans.factory.support.DefaultListableBeanFactory@71bb8afd: defining beans [authenticationManager]; root of factory hierarchy
Apr 15, 2016 1:46:04 PM org.springframework.context.support.AbstractApplicationContext prepareRefresh
INFO: Refreshing org.springframework.web.context.support.StaticWebApplicationContext@41905b5b: display name [Root WebApplicationContext]; startup date [Fri Apr 15 13:46:04 EDT 2016]; root of context hierarchy
Apr 15, 2016 1:46:04 PM org.springframework.context.support.AbstractApplicationContext obtainFreshBeanFactory
INFO: Bean factory for application context [org.springframework.web.context.support.StaticWebApplicationContext@41905b5b]: org.springframework.beans.factory.support.DefaultListableBeanFactory@5c435bf9
Apr 15, 2016 1:46:04 PM org.springframework.beans.factory.support.DefaultListableBeanFactory preInstantiateSingletons
INFO: Pre-instantiating singletons in org.springframework.beans.factory.support.DefaultListableBeanFactory@5c435bf9: defining beans [filter,legacy]; root of factory hierarchy
Apr 15, 2016 1:46:04 PM jenkins.InitReactorRunner$1 onAttained
INFO: Started initialization
Apr 15, 2016 1:46:04 PM jenkins.InitReactorRunner$1 onAttained
INFO: Listed all plugins
Apr 15, 2016 1:46:04 PM jenkins.InitReactorRunner$1 onAttained
INFO: Prepared all plugins
Apr 15, 2016 1:46:04 PM jenkins.InitReactorRunner$1 onAttained
INFO: Started all plugins
Apr 15, 2016 1:46:04 PM jenkins.InitReactorRunner$1 onAttained
INFO: Augmented all extensions
Apr 15, 2016 1:46:04 PM jenkins.InitReactorRunner$1 onAttained
INFO: Loaded all jobs
Apr 15, 2016 1:46:04 PM jenkins.InitReactorRunner$1 onAttained
INFO: Completed initialization
Apr 15, 2016 1:46:04 PM hudson.WebAppMain$3 run
INFO: Jenkins is fully up and running
Apr 15, 2016 1:55:24 PM winstone.Logger logInternal
INFO: JVM is terminating. Shutting down Winstone
Running from: /usr/share/jenkins/jenkins.war
Apr 15, 2016 1:56:09 PM winstone.Logger logInternal
INFO: Beginning extraction from war file
Apr 15, 2016 1:56:11 PM org.eclipse.jetty.util.log.JavaUtilLog info
INFO: jetty-winstone-2.9
Apr 15, 2016 1:56:13 PM org.eclipse.jetty.util.log.JavaUtilLog info
INFO: NO JSP Support for /jenkins, did not find org.apache.jasper.servlet.JspServlet
Jenkins home directory: /var/lib/jenkins found at: EnvVars.masterEnvVars.get("JENKINS_HOME")
Apr 15, 2016 1:56:14 PM org.eclipse.jetty.util.log.JavaUtilLog info
INFO: Started SelectChannelConnector@0.0.0.0:8080
Apr 15, 2016 1:56:14 PM winstone.Logger logInternal
INFO: Winstone Servlet Engine v2.0 running: controlPort=disabled
Apr 15, 2016 1:56:15 PM jenkins.InitReactorRunner$1 onAttained
INFO: Started initialization
Apr 15, 2016 1:56:17 PM jenkins.InitReactorRunner$1 onAttained
INFO: Listed all plugins
Apr 15, 2016 1:56:17 PM ruby.RubyRuntimePlugin start
INFO: Injecting JRuby into XStream
Trying to load models from /var/lib/jenkins/plugins/rbenv/WEB-INF/classes/models
Loading /var/lib/jenkins/plugins/rbenv/WEB-INF/classes/models/rbenv_wrapper.rb
Trying to load models from /var/lib/jenkins/plugins/cucumber/WEB-INF/classes/models
Loading /var/lib/jenkins/plugins/cucumber/WEB-INF/classes/models/cucumber-builder.rb
Apr 15, 2016 1:56:34 PM jenkins.InitReactorRunner$1 onAttained
INFO: Prepared all plugins
hudson.plugins.rake.Rvm@4b4b5b2d
Apr 15, 2016 1:56:36 PM jenkins.InitReactorRunner$1 onAttained
INFO: Started all plugins
Apr 15, 2016 1:56:36 PM jenkins.InitReactorRunner$1 onAttained
INFO: Augmented all extensions
Apr 15, 2016 1:56:36 PM jenkins.InitReactorRunner$1 onAttained
INFO: Loaded all jobs
Apr 15, 2016 1:56:36 PM hudson.model.AsyncPeriodicWork$1 run
INFO: Started Download metadata
Apr 15, 2016 1:56:36 PM hudson.model.AsyncPeriodicWork$1 run
INFO: Finished Download metadata. 1 ms
Apr 15, 2016 1:56:37 PM org.jenkinsci.main.modules.sshd.SSHD start
INFO: Started SSHD at port 54335
Apr 15, 2016 1:56:37 PM jenkins.InitReactorRunner$1 onAttained
INFO: Completed initialization
Apr 15, 2016 1:56:38 PM org.springframework.context.support.AbstractApplicationContext prepareRefresh
INFO: Refreshing org.springframework.web.context.support.StaticWebApplicationContext@50e75dd9: display name [Root WebApplicationContext]; startup date [Fri Apr 15 13:56:38 EDT 2016]; root of context hierarchy
Apr 15, 2016 1:56:38 PM org.springframework.context.support.AbstractApplicationContext obtainFreshBeanFactory
INFO: Bean factory for application context [org.springframework.web.context.support.StaticWebApplicationContext@50e75dd9]: org.springframework.beans.factory.support.DefaultListableBeanFactory@e95405b
Apr 15, 2016 1:56:38 PM org.springframework.beans.factory.support.DefaultListableBeanFactory preInstantiateSingletons
INFO: Pre-instantiating singletons in org.springframework.beans.factory.support.DefaultListableBeanFactory@e95405b: defining beans [authenticationManager]; root of factory hierarchy
Apr 15, 2016 1:56:38 PM org.springframework.context.support.AbstractApplicationContext prepareRefresh
INFO: Refreshing org.springframework.web.context.support.StaticWebApplicationContext@5aa7aa6a: display name [Root WebApplicationContext]; startup date [Fri Apr 15 13:56:38 EDT 2016]; root of context hierarchy
Apr 15, 2016 1:56:38 PM org.springframework.context.support.AbstractApplicationContext obtainFreshBeanFactory
INFO: Bean factory for application context [org.springframework.web.context.support.StaticWebApplicationContext@5aa7aa6a]: org.springframework.beans.factory.support.DefaultListableBeanFactory@34003ba6
Apr 15, 2016 1:56:38 PM org.springframework.beans.factory.support.DefaultListableBeanFactory preInstantiateSingletons
INFO: Pre-instantiating singletons in org.springframework.beans.factory.support.DefaultListableBeanFactory@34003ba6: defining beans [filter,legacy]; root of factory hierarchy
Apr 15, 2016 1:56:38 PM jenkins.InitReactorRunner$1 onAttained
INFO: Started initialization
Apr 15, 2016 1:56:38 PM jenkins.InitReactorRunner$1 onAttained
INFO: Listed all plugins
Apr 15, 2016 1:56:38 PM jenkins.InitReactorRunner$1 onAttained
INFO: Prepared all plugins
Apr 15, 2016 1:56:38 PM jenkins.InitReactorRunner$1 onAttained
INFO: Started all plugins
Apr 15, 2016 1:56:38 PM jenkins.InitReactorRunner$1 onAttained
INFO: Augmented all extensions
Apr 15, 2016 1:56:38 PM jenkins.InitReactorRunner$1 onAttained
INFO: Loaded all jobs
Apr 15, 2016 1:56:38 PM jenkins.InitReactorRunner$1 onAttained
INFO: Completed initialization
Apr 15, 2016 1:56:38 PM hudson.WebAppMain$3 run
INFO: Jenkins is fully up and running
Running from: /usr/share/jenkins/jenkins.war
Apr 15, 2016 1:58:10 PM winstone.Logger logInternal
INFO: Beginning extraction from war file
Apr 15, 2016 1:58:10 PM org.eclipse.jetty.util.log.JavaUtilLog info
INFO: jetty-winstone-2.9
Apr 15, 2016 1:58:13 PM org.eclipse.jetty.util.log.JavaUtilLog info
INFO: NO JSP Support for /jenkins, did not find org.apache.jasper.servlet.JspServlet
Jenkins home directory: /var/lib/jenkins found at: EnvVars.masterEnvVars.get("JENKINS_HOME")
Apr 15, 2016 1:58:13 PM org.eclipse.jetty.util.log.JavaUtilLog info
INFO: Started SelectChannelConnector@0.0.0.0:8080
Apr 15, 2016 1:58:13 PM winstone.Logger logInternal
INFO: Winstone Servlet Engine v2.0 running: controlPort=disabled
Apr 15, 2016 1:58:14 PM jenkins.InitReactorRunner$1 onAttained
INFO: Started initialization
Apr 15, 2016 1:58:14 PM jenkins.InitReactorRunner$1 onAttained
INFO: Listed all plugins
Apr 15, 2016 1:58:14 PM ruby.RubyRuntimePlugin start
INFO: Injecting JRuby into XStream
Trying to load models from /var/lib/jenkins/plugins/rbenv/WEB-INF/classes/models
Loading /var/lib/jenkins/plugins/rbenv/WEB-INF/classes/models/rbenv_wrapper.rb
Trying to load models from /var/lib/jenkins/plugins/cucumber/WEB-INF/classes/models
Loading /var/lib/jenkins/plugins/cucumber/WEB-INF/classes/models/cucumber-builder.rb
Apr 15, 2016 1:58:29 PM jenkins.InitReactorRunner$1 onAttained
INFO: Prepared all plugins
hudson.plugins.rake.Rvm@71804105
Apr 15, 2016 1:58:30 PM jenkins.InitReactorRunner$1 onAttained
INFO: Started all plugins
Apr 15, 2016 1:58:30 PM jenkins.InitReactorRunner$1 onAttained
INFO: Augmented all extensions
Apr 15, 2016 1:58:31 PM jenkins.InitReactorRunner$1 onAttained
INFO: Loaded all jobs
Apr 15, 2016 1:58:31 PM hudson.model.AsyncPeriodicWork$1 run
INFO: Started Download metadata
Apr 15, 2016 1:58:31 PM hudson.model.AsyncPeriodicWork$1 run
INFO: Finished Download metadata. 4 ms
Apr 15, 2016 1:58:32 PM org.jenkinsci.main.modules.sshd.SSHD start
INFO: Started SSHD at port 57693
Apr 15, 2016 1:58:32 PM jenkins.InitReactorRunner$1 onAttained
INFO: Completed initialization
Apr 15, 2016 1:58:32 PM org.springframework.context.support.AbstractApplicationContext prepareRefresh
INFO: Refreshing org.springframework.web.context.support.StaticWebApplicationContext@5fcd35fb: display name [Root WebApplicationContext]; startup date [Fri Apr 15 13:58:32 EDT 2016]; root of context hierarchy
Apr 15, 2016 1:58:32 PM org.springframework.context.support.AbstractApplicationContext obtainFreshBeanFactory
INFO: Bean factory for application context [org.springframework.web.context.support.StaticWebApplicationContext@5fcd35fb]: org.springframework.beans.factory.support.DefaultListableBeanFactory@236c07b0
Apr 15, 2016 1:58:32 PM org.springframework.beans.factory.support.DefaultListableBeanFactory preInstantiateSingletons
INFO: Pre-instantiating singletons in org.springframework.beans.factory.support.DefaultListableBeanFactory@236c07b0: defining beans [authenticationManager]; root of factory hierarchy
Apr 15, 2016 1:58:32 PM org.springframework.context.support.AbstractApplicationContext prepareRefresh
INFO: Refreshing org.springframework.web.context.support.StaticWebApplicationContext@3c8cd47a: display name [Root WebApplicationContext]; startup date [Fri Apr 15 13:58:32 EDT 2016]; root of context hierarchy
Apr 15, 2016 1:58:32 PM org.springframework.context.support.AbstractApplicationContext obtainFreshBeanFactory
INFO: Bean factory for application context [org.springframework.web.context.support.StaticWebApplicationContext@3c8cd47a]: org.springframework.beans.factory.support.DefaultListableBeanFactory@94cea6e
Apr 15, 2016 1:58:32 PM org.springframework.beans.factory.support.DefaultListableBeanFactory preInstantiateSingletons
INFO: Pre-instantiating singletons in org.springframework.beans.factory.support.DefaultListableBeanFactory@94cea6e: defining beans [filter,legacy]; root of factory hierarchy
Apr 15, 2016 1:58:33 PM jenkins.InitReactorRunner$1 onAttained
INFO: Started initialization
Apr 15, 2016 1:58:33 PM jenkins.InitReactorRunner$1 onAttained
INFO: Listed all plugins
Apr 15, 2016 1:58:33 PM jenkins.InitReactorRunner$1 onAttained
INFO: Prepared all plugins
Apr 15, 2016 1:58:33 PM jenkins.InitReactorRunner$1 onAttained
INFO: Started all plugins
Apr 15, 2016 1:58:33 PM jenkins.InitReactorRunner$1 onAttained
INFO: Augmented all extensions
Apr 15, 2016 1:58:33 PM jenkins.InitReactorRunner$1 onAttained
INFO: Loaded all jobs
Apr 15, 2016 1:58:33 PM jenkins.InitReactorRunner$1 onAttained
INFO: Completed initialization
Apr 15, 2016 1:58:33 PM hudson.WebAppMain$3 run
INFO: Jenkins is fully up and running
Apr 15, 2016 2:00:38 PM winstone.Logger logInternal
INFO: JVM is terminating. Shutting down Winstone
Running from: /usr/share/jenkins/jenkins.war
Apr 15, 2016 2:00:41 PM winstone.Logger logInternal
INFO: Beginning extraction from war file
Apr 15, 2016 2:00:41 PM org.eclipse.jetty.util.log.JavaUtilLog info
INFO: jetty-winstone-2.9
Apr 15, 2016 2:00:44 PM org.eclipse.jetty.util.log.JavaUtilLog info
INFO: NO JSP Support for /jenkins, did not find org.apache.jasper.servlet.JspServlet
Jenkins home directory: /var/lib/jenkins found at: EnvVars.masterEnvVars.get("JENKINS_HOME")
Apr 15, 2016 2:00:45 PM org.eclipse.jetty.util.log.JavaUtilLog info
INFO: Started SelectChannelConnector@0.0.0.0:8080
Apr 15, 2016 2:00:45 PM winstone.Logger logInternal
INFO: Winstone Servlet Engine v2.0 running: controlPort=disabled
Apr 15, 2016 2:00:45 PM jenkins.InitReactorRunner$1 onAttained
INFO: Started initialization
Apr 15, 2016 2:00:45 PM jenkins.InitReactorRunner$1 onAttained
INFO: Listed all plugins
Apr 15, 2016 2:00:45 PM ruby.RubyRuntimePlugin start
INFO: Injecting JRuby into XStream
Trying to load models from /var/lib/jenkins/plugins/rbenv/WEB-INF/classes/models
Loading /var/lib/jenkins/plugins/rbenv/WEB-INF/classes/models/rbenv_wrapper.rb
Trying to load models from /var/lib/jenkins/plugins/cucumber/WEB-INF/classes/models
Loading /var/lib/jenkins/plugins/cucumber/WEB-INF/classes/models/cucumber-builder.rb
Apr 15, 2016 2:01:01 PM jenkins.InitReactorRunner$1 onAttained
INFO: Prepared all plugins
hudson.plugins.rake.Rvm@6af885c9
Apr 15, 2016 2:01:03 PM jenkins.InitReactorRunner$1 onAttained
INFO: Started all plugins
Apr 15, 2016 2:01:03 PM jenkins.InitReactorRunner$1 onAttained
INFO: Augmented all extensions
Apr 15, 2016 2:01:04 PM jenkins.InitReactorRunner$1 onAttained
INFO: Loaded all jobs
Apr 15, 2016 2:01:04 PM hudson.model.AsyncPeriodicWork$1 run
INFO: Started Download metadata
Apr 15, 2016 2:01:04 PM hudson.model.AsyncPeriodicWork$1 run
INFO: Finished Download metadata. 2 ms
Apr 15, 2016 2:01:05 PM org.jenkinsci.main.modules.sshd.SSHD start
INFO: Started SSHD at port 33377
Apr 15, 2016 2:01:05 PM jenkins.InitReactorRunner$1 onAttained
INFO: Completed initialization
Apr 15, 2016 2:01:05 PM org.springframework.context.support.AbstractApplicationContext prepareRefresh
INFO: Refreshing org.springframework.web.context.support.StaticWebApplicationContext@245c44be: display name [Root WebApplicationContext]; startup date [Fri Apr 15 14:01:05 EDT 2016]; root of context hierarchy
Apr 15, 2016 2:01:05 PM org.springframework.context.support.AbstractApplicationContext obtainFreshBeanFactory
INFO: Bean factory for application context [org.springframework.web.context.support.StaticWebApplicationContext@245c44be]: org.springframework.beans.factory.support.DefaultListableBeanFactory@44bfa2eb
Apr 15, 2016 2:01:05 PM org.springframework.beans.factory.support.DefaultListableBeanFactory preInstantiateSingletons
INFO: Pre-instantiating singletons in org.springframework.beans.factory.support.DefaultListableBeanFactory@44bfa2eb: defining beans [authenticationManager]; root of factory hierarchy
Apr 15, 2016 2:01:05 PM org.springframework.context.support.AbstractApplicationContext prepareRefresh
INFO: Refreshing org.springframework.web.context.support.StaticWebApplicationContext@2960dad: display name [Root WebApplicationContext]; startup date [Fri Apr 15 14:01:05 EDT 2016]; root of context hierarchy
Apr 15, 2016 2:01:05 PM org.springframework.context.support.AbstractApplicationContext obtainFreshBeanFactory
INFO: Bean factory for application context [org.springframework.web.context.support.StaticWebApplicationContext@2960dad]: org.springframework.beans.factory.support.DefaultListableBeanFactory@aebfa48
Apr 15, 2016 2:01:05 PM org.springframework.beans.factory.support.DefaultListableBeanFactory preInstantiateSingletons
INFO: Pre-instantiating singletons in org.springframework.beans.factory.support.DefaultListableBeanFactory@aebfa48: defining beans [filter,legacy]; root of factory hierarchy
Apr 15, 2016 2:01:06 PM jenkins.InitReactorRunner$1 onAttained
INFO: Started initialization
Apr 15, 2016 2:01:06 PM jenkins.InitReactorRunner$1 onAttained
INFO: Listed all plugins
Apr 15, 2016 2:01:06 PM jenkins.InitReactorRunner$1 onAttained
INFO: Prepared all plugins
Apr 15, 2016 2:01:06 PM jenkins.InitReactorRunner$1 onAttained
INFO: Started all plugins
Apr 15, 2016 2:01:06 PM jenkins.InitReactorRunner$1 onAttained
INFO: Augmented all extensions
Apr 15, 2016 2:01:06 PM jenkins.InitReactorRunner$1 onAttained
INFO: Loaded all jobs
Apr 15, 2016 2:01:06 PM jenkins.InitReactorRunner$1 onAttained
INFO: Completed initialization
Apr 15, 2016 2:01:06 PM hudson.WebAppMain$3 run
INFO: Jenkins is fully up and running
Apr 15, 2016 2:02:00 PM hudson.triggers.SCMTrigger$Runner run
INFO: SCM changes detected in ctrp_build_unit_test. Triggering  #2422
Apr 15, 2016 2:04:50 PM winstone.Logger logInternal
INFO: JVM is terminating. Shutting down Winstone
Running from: /usr/share/jenkins/jenkins.war
Apr 15, 2016 2:04:52 PM winstone.Logger logInternal
INFO: Beginning extraction from war file
Apr 15, 2016 2:04:52 PM org.eclipse.jetty.util.log.JavaUtilLog info
INFO: jetty-winstone-2.9
Apr 15, 2016 2:04:54 PM org.eclipse.jetty.util.log.JavaUtilLog info
INFO: NO JSP Support for /jenkins, did not find org.apache.jasper.servlet.JspServlet
Jenkins home directory: /var/lib/jenkins found at: EnvVars.masterEnvVars.get("JENKINS_HOME")
Apr 15, 2016 2:04:55 PM org.eclipse.jetty.util.log.JavaUtilLog info
INFO: Started SelectChannelConnector@0.0.0.0:8080
Apr 15, 2016 2:04:55 PM winstone.Logger logInternal
INFO: Winstone Servlet Engine v2.0 running: controlPort=disabled
Apr 15, 2016 2:04:55 PM jenkins.InitReactorRunner$1 onAttained
INFO: Started initialization
Apr 15, 2016 2:04:56 PM jenkins.InitReactorRunner$1 onAttained
INFO: Listed all plugins
Apr 15, 2016 2:04:56 PM ruby.RubyRuntimePlugin start
INFO: Injecting JRuby into XStream
Trying to load models from /var/lib/jenkins/plugins/rbenv/WEB-INF/classes/models
Loading /var/lib/jenkins/plugins/rbenv/WEB-INF/classes/models/rbenv_wrapper.rb
Trying to load models from /var/lib/jenkins/plugins/cucumber/WEB-INF/classes/models
Loading /var/lib/jenkins/plugins/cucumber/WEB-INF/classes/models/cucumber-builder.rb
Apr 15, 2016 2:05:11 PM jenkins.InitReactorRunner$1 onAttained
INFO: Prepared all plugins
hudson.plugins.rake.Rvm@22ebecb2
Apr 15, 2016 2:05:13 PM jenkins.InitReactorRunner$1 onAttained
INFO: Started all plugins
Apr 15, 2016 2:05:13 PM jenkins.InitReactorRunner$1 onAttained
INFO: Augmented all extensions
Apr 15, 2016 2:05:13 PM jenkins.InitReactorRunner$1 onAttained
INFO: Loaded all jobs
Apr 15, 2016 2:05:13 PM hudson.model.AsyncPeriodicWork$1 run
INFO: Started Download metadata
Apr 15, 2016 2:05:13 PM hudson.model.AsyncPeriodicWork$1 run
INFO: Finished Download metadata. 3 ms
Apr 15, 2016 2:05:14 PM org.jenkinsci.main.modules.sshd.SSHD start
INFO: Started SSHD at port 39000
Apr 15, 2016 2:05:14 PM jenkins.InitReactorRunner$1 onAttained
INFO: Completed initialization
Apr 15, 2016 2:05:14 PM org.springframework.context.support.AbstractApplicationContext prepareRefresh
INFO: Refreshing org.springframework.web.context.support.StaticWebApplicationContext@56d4ea45: display name [Root WebApplicationContext]; startup date [Fri Apr 15 14:05:14 EDT 2016]; root of context hierarchy
Apr 15, 2016 2:05:14 PM org.springframework.context.support.AbstractApplicationContext obtainFreshBeanFactory
INFO: Bean factory for application context [org.springframework.web.context.support.StaticWebApplicationContext@56d4ea45]: org.springframework.beans.factory.support.DefaultListableBeanFactory@2c6dd5b7
Apr 15, 2016 2:05:14 PM org.springframework.beans.factory.support.DefaultListableBeanFactory preInstantiateSingletons
INFO: Pre-instantiating singletons in org.springframework.beans.factory.support.DefaultListableBeanFactory@2c6dd5b7: defining beans [authenticationManager]; root of factory hierarchy
Apr 15, 2016 2:05:15 PM org.springframework.context.support.AbstractApplicationContext prepareRefresh
INFO: Refreshing org.springframework.web.context.support.StaticWebApplicationContext@2c1c46c7: display name [Root WebApplicationContext]; startup date [Fri Apr 15 14:05:15 EDT 2016]; root of context hierarchy
Apr 15, 2016 2:05:15 PM org.springframework.context.support.AbstractApplicationContext obtainFreshBeanFactory
INFO: Bean factory for application context [org.springframework.web.context.support.StaticWebApplicationContext@2c1c46c7]: org.springframework.beans.factory.support.DefaultListableBeanFactory@76a341db
Apr 15, 2016 2:05:15 PM org.springframework.beans.factory.support.DefaultListableBeanFactory preInstantiateSingletons
INFO: Pre-instantiating singletons in org.springframework.beans.factory.support.DefaultListableBeanFactory@76a341db: defining beans [filter,legacy]; root of factory hierarchy
Apr 15, 2016 2:05:15 PM jenkins.InitReactorRunner$1 onAttained
INFO: Started initialization
Apr 15, 2016 2:05:15 PM jenkins.InitReactorRunner$1 onAttained
INFO: Listed all plugins
Apr 15, 2016 2:05:15 PM jenkins.InitReactorRunner$1 onAttained
INFO: Prepared all plugins
Apr 15, 2016 2:05:15 PM jenkins.InitReactorRunner$1 onAttained
INFO: Started all plugins
Apr 15, 2016 2:05:15 PM jenkins.InitReactorRunner$1 onAttained
INFO: Augmented all extensions
Apr 15, 2016 2:05:15 PM jenkins.InitReactorRunner$1 onAttained
INFO: Loaded all jobs
Apr 15, 2016 2:05:15 PM jenkins.InitReactorRunner$1 onAttained
INFO: Completed initialization
Apr 15, 2016 2:05:15 PM hudson.WebAppMain$3 run
INFO: Jenkins is fully up and running
hudson.plugins.rake.Rvm@31bc6c26
getConfigPage -> /rbenv_wrapper/config
getConfigPage -> /rbenv_wrapper/config
hudson.plugins.rake.Rvm@56f3d0b
Apr 15, 2016 2:18:39 PM winstone.Logger logInternal
INFO: JVM is terminating. Shutting down Winstone
Running from: /usr/share/jenkins/jenkins.war
Apr 15, 2016 2:18:42 PM winstone.Logger logInternal
INFO: Beginning extraction from war file
Apr 15, 2016 2:18:42 PM org.eclipse.jetty.util.log.JavaUtilLog info
INFO: jetty-winstone-2.9
Apr 15, 2016 2:18:45 PM org.eclipse.jetty.util.log.JavaUtilLog info
INFO: NO JSP Support for /jenkins, did not find org.apache.jasper.servlet.JspServlet
Jenkins home directory: /var/lib/jenkins found at: EnvVars.masterEnvVars.get("JENKINS_HOME")
Apr 15, 2016 2:18:46 PM org.eclipse.jetty.util.log.JavaUtilLog info
INFO: Started SelectChannelConnector@0.0.0.0:8080
Apr 15, 2016 2:18:46 PM winstone.Logger logInternal
INFO: Winstone Servlet Engine v2.0 running: controlPort=disabled
Apr 15, 2016 2:18:46 PM jenkins.InitReactorRunner$1 onAttained
INFO: Started initialization
Apr 15, 2016 2:18:47 PM jenkins.InitReactorRunner$1 onAttained
INFO: Listed all plugins
Apr 15, 2016 2:18:47 PM ruby.RubyRuntimePlugin start
INFO: Injecting JRuby into XStream
Trying to load models from /var/lib/jenkins/plugins/rbenv/WEB-INF/classes/models
Loading /var/lib/jenkins/plugins/rbenv/WEB-INF/classes/models/rbenv_wrapper.rb
Trying to load models from /var/lib/jenkins/plugins/cucumber/WEB-INF/classes/models
Loading /var/lib/jenkins/plugins/cucumber/WEB-INF/classes/models/cucumber-builder.rb
Apr 15, 2016 2:19:02 PM jenkins.InitReactorRunner$1 onAttained
INFO: Prepared all plugins
hudson.plugins.rake.Rvm@f5ca640
Apr 15, 2016 2:19:04 PM jenkins.InitReactorRunner$1 onAttained
INFO: Started all plugins
Apr 15, 2016 2:19:04 PM jenkins.InitReactorRunner$1 onAttained
INFO: Augmented all extensions
Apr 15, 2016 2:19:04 PM jenkins.InitReactorRunner$1 onAttained
INFO: Loaded all jobs
Apr 15, 2016 2:19:04 PM hudson.model.AsyncPeriodicWork$1 run
INFO: Started Download metadata
Apr 15, 2016 2:19:04 PM hudson.model.AsyncPeriodicWork$1 run
INFO: Finished Download metadata. 1 ms
Apr 15, 2016 2:19:05 PM org.jenkinsci.main.modules.sshd.SSHD start
INFO: Started SSHD at port 51278
Apr 15, 2016 2:19:05 PM jenkins.InitReactorRunner$1 onAttained
INFO: Completed initialization
Apr 15, 2016 2:19:05 PM org.springframework.context.support.AbstractApplicationContext prepareRefresh
INFO: Refreshing org.springframework.web.context.support.StaticWebApplicationContext@213b8439: display name [Root WebApplicationContext]; startup date [Fri Apr 15 14:19:05 EDT 2016]; root of context hierarchy
Apr 15, 2016 2:19:05 PM org.springframework.context.support.AbstractApplicationContext obtainFreshBeanFactory
INFO: Bean factory for application context [org.springframework.web.context.support.StaticWebApplicationContext@213b8439]: org.springframework.beans.factory.support.DefaultListableBeanFactory@33a2d9e3
Apr 15, 2016 2:19:06 PM org.springframework.beans.factory.support.DefaultListableBeanFactory preInstantiateSingletons
INFO: Pre-instantiating singletons in org.springframework.beans.factory.support.DefaultListableBeanFactory@33a2d9e3: defining beans [authenticationManager]; root of factory hierarchy
Apr 15, 2016 2:19:06 PM org.springframework.context.support.AbstractApplicationContext prepareRefresh
INFO: Refreshing org.springframework.web.context.support.StaticWebApplicationContext@50750d28: display name [Root WebApplicationContext]; startup date [Fri Apr 15 14:19:06 EDT 2016]; root of context hierarchy
Apr 15, 2016 2:19:06 PM org.springframework.context.support.AbstractApplicationContext obtainFreshBeanFactory
INFO: Bean factory for application context [org.springframework.web.context.support.StaticWebApplicationContext@50750d28]: org.springframework.beans.factory.support.DefaultListableBeanFactory@5d6374f
Apr 15, 2016 2:19:06 PM org.springframework.beans.factory.support.DefaultListableBeanFactory preInstantiateSingletons
INFO: Pre-instantiating singletons in org.springframework.beans.factory.support.DefaultListableBeanFactory@5d6374f: defining beans [filter,legacy]; root of factory hierarchy
Apr 15, 2016 2:19:06 PM jenkins.InitReactorRunner$1 onAttained
INFO: Started initialization
Apr 15, 2016 2:19:06 PM jenkins.InitReactorRunner$1 onAttained
INFO: Listed all plugins
Apr 15, 2016 2:19:06 PM jenkins.InitReactorRunner$1 onAttained
INFO: Prepared all plugins
Apr 15, 2016 2:19:06 PM jenkins.InitReactorRunner$1 onAttained
INFO: Started all plugins
Apr 15, 2016 2:19:06 PM jenkins.InitReactorRunner$1 onAttained
INFO: Augmented all extensions
Apr 15, 2016 2:19:06 PM jenkins.InitReactorRunner$1 onAttained
INFO: Loaded all jobs
Apr 15, 2016 2:19:06 PM jenkins.InitReactorRunner$1 onAttained
INFO: Completed initialization
Apr 15, 2016 2:19:06 PM hudson.WebAppMain$3 run
INFO: Jenkins is fully up and running
Apr 15, 2016 2:21:01 PM hudson.triggers.SCMTrigger$Runner run
INFO: SCM changes detected in ctrp_build_unit_test. Triggering  #2422
Apr 15, 2016 2:41:01 PM hudson.triggers.SCMTrigger$Runner run
INFO: SCM changes detected in ctrp_build_unit_test. Triggering  #2422
Apr 15, 2016 3:01:01 PM hudson.triggers.SCMTrigger$Runner run
INFO: SCM changes detected in ctrp_build_unit_test. Triggering  #2422
Apr 15, 2016 3:15:18 PM hudson.plugins.tmpcleaner.TmpCleanWork doRun
INFO: run TmpCleanTask days 7, extraDirectories null
Apr 15, 2016 3:15:18 PM hudson.plugins.tmpcleaner.TmpCleanWork scheduleCleanup
WARNING: start run TmpCleanTask on computer master
Apr 15, 2016 3:15:18 PM hudson.plugins.tmpcleaner.TmpCleanWork scheduleCleanup
WARNING: end run TmpCleanTask on computer master
Successfully loaded native POSIX impl.
Apr 15, 2016 3:15:18 PM hudson.plugins.tmpcleaner.TmpCleanTask visit
INFO: Deleting empty directory /tmp/jetty-0.0.0.0-8080-war-_jenkins-any-
Apr 15, 2016 3:15:18 PM hudson.plugins.tmpcleaner.TmpCleanTask visit
INFO: Deleting empty directory /tmp/jna--1712433994
Apr 15, 2016 3:15:20 PM hudson.plugins.tmpcleaner.TmpCleanTask call
INFO:  end TmpCleanTask 
Apr 15, 2016 3:21:01 PM hudson.triggers.SCMTrigger$Runner run
INFO: SCM changes detected in ctrp_build_unit_test. Triggering  #2422
Apr 15, 2016 3:41:01 PM hudson.triggers.SCMTrigger$Runner run
INFO: SCM changes detected in ctrp_build_unit_test. Triggering  #2422
Apr 15, 2016 4:01:01 PM hudson.triggers.SCMTrigger$Runner run
INFO: SCM changes detected in ctrp_build_unit_test. Triggering  #2422
Apr 15, 2016 4:21:01 PM hudson.triggers.SCMTrigger$Runner run
INFO: SCM changes detected in ctrp_build_unit_test. Triggering  #2422
Apr 15, 2016 4:41:01 PM hudson.triggers.SCMTrigger$Runner run
INFO: SCM changes detected in ctrp_build_unit_test. Triggering  #2422
Apr 15, 2016 5:01:01 PM hudson.triggers.SCMTrigger$Runner run
INFO: SCM changes detected in ctrp_build_unit_test. Triggering  #2422
Apr 15, 2016 5:21:01 PM hudson.triggers.SCMTrigger$Runner run
INFO: SCM changes detected in ctrp_build_unit_test. Triggering  #2422
Apr 15, 2016 5:41:01 PM hudson.triggers.SCMTrigger$Runner run
INFO: SCM changes detected in ctrp_build_unit_test. Triggering  #2422
Apr 15, 2016 6:01:01 PM hudson.triggers.SCMTrigger$Runner run
INFO: SCM changes detected in ctrp_build_unit_test. Triggering  #2422
Apr 15, 2016 6:21:01 PM hudson.triggers.SCMTrigger$Runner run
INFO: SCM changes detected in ctrp_build_unit_test. Triggering  #2422
Apr 15, 2016 6:41:01 PM hudson.triggers.SCMTrigger$Runner run
INFO: SCM changes detected in ctrp_build_unit_test. Triggering  #2422
Apr 15, 2016 7:01:01 PM hudson.triggers.SCMTrigger$Runner run
INFO: SCM changes detected in ctrp_build_unit_test. Triggering  #2422
Apr 15, 2016 7:21:01 PM hudson.triggers.SCMTrigger$Runner run
INFO: SCM changes detected in ctrp_build_unit_test. Triggering  #2422
Apr 15, 2016 7:41:01 PM hudson.triggers.SCMTrigger$Runner run
INFO: SCM changes detected in ctrp_build_unit_test. Triggering  #2422
Apr 15, 2016 8:01:01 PM hudson.triggers.SCMTrigger$Runner run
INFO: SCM changes detected in ctrp_build_unit_test. Triggering  #2422
Apr 15, 2016 8:21:01 PM hudson.triggers.SCMTrigger$Runner run
INFO: SCM changes detected in ctrp_build_unit_test. Triggering  #2422
Apr 15, 2016 8:41:01 PM hudson.triggers.SCMTrigger$Runner run
INFO: SCM changes detected in ctrp_build_unit_test. Triggering  #2422
Apr 15, 2016 9:01:01 PM hudson.triggers.SCMTrigger$Runner run
INFO: SCM changes detected in ctrp_build_unit_test. Triggering  #2422
Apr 15, 2016 9:15:18 PM hudson.plugins.tmpcleaner.TmpCleanWork doRun
INFO: run TmpCleanTask days 7, extraDirectories null
Apr 15, 2016 9:15:18 PM hudson.plugins.tmpcleaner.TmpCleanWork scheduleCleanup
WARNING: start run TmpCleanTask on computer master
Apr 15, 2016 9:15:18 PM hudson.plugins.tmpcleaner.TmpCleanWork scheduleCleanup
WARNING: end run TmpCleanTask on computer master
Apr 15, 2016 9:15:22 PM hudson.plugins.tmpcleaner.TmpCleanTask call
INFO:  end TmpCleanTask 
Apr 15, 2016 9:21:01 PM hudson.triggers.SCMTrigger$Runner run
INFO: SCM changes detected in ctrp_build_unit_test. Triggering  #2422
Apr 15, 2016 9:41:01 PM hudson.triggers.SCMTrigger$Runner run
INFO: SCM changes detected in ctrp_build_unit_test. Triggering  #2422
Apr 15, 2016 10:01:01 PM hudson.triggers.SCMTrigger$Runner run
INFO: SCM changes detected in ctrp_build_unit_test. Triggering  #2422
Apr 15, 2016 10:21:01 PM hudson.triggers.SCMTrigger$Runner run
INFO: SCM changes detected in ctrp_build_unit_test. Triggering  #2422
Apr 15, 2016 10:41:01 PM hudson.triggers.SCMTrigger$Runner run
INFO: SCM changes detected in ctrp_build_unit_test. Triggering  #2422
Apr 15, 2016 11:01:01 PM hudson.triggers.SCMTrigger$Runner run
INFO: SCM changes detected in ctrp_build_unit_test. Triggering  #2422
Apr 15, 2016 11:21:01 PM hudson.triggers.SCMTrigger$Runner run
INFO: SCM changes detected in ctrp_build_unit_test. Triggering  #2422
Apr 15, 2016 11:41:01 PM hudson.triggers.SCMTrigger$Runner run
INFO: SCM changes detected in ctrp_build_unit_test. Triggering  #2422
Apr 16, 2016 12:01:01 AM hudson.triggers.SCMTrigger$Runner run
INFO: SCM changes detected in ctrp_build_unit_test. Triggering  #2422
Apr 16, 2016 12:21:01 AM hudson.triggers.SCMTrigger$Runner run
INFO: SCM changes detected in ctrp_build_unit_test. Triggering  #2422
Apr 16, 2016 1:01:01 AM hudson.triggers.SCMTrigger$Runner run
INFO: SCM changes detected in ctrp_build_unit_test. Triggering  #2422
Apr 16, 2016 1:21:01 AM hudson.triggers.SCMTrigger$Runner run
INFO: SCM changes detected in ctrp_build_unit_test. Triggering  #2422
Apr 16, 2016 1:41:01 AM hudson.triggers.SCMTrigger$Runner run
INFO: SCM changes detected in ctrp_build_unit_test. Triggering  #2422
Apr 16, 2016 2:01:01 AM hudson.triggers.SCMTrigger$Runner run
INFO: SCM changes detected in ctrp_build_unit_test. Triggering  #2422
Apr 16, 2016 2:21:01 AM hudson.triggers.SCMTrigger$Runner run
INFO: SCM changes detected in ctrp_build_unit_test. Triggering  #2422
Apr 16, 2016 2:41:01 AM hudson.triggers.SCMTrigger$Runner run
INFO: SCM changes detected in ctrp_build_unit_test. Triggering  #2422
Apr 16, 2016 3:01:01 AM hudson.triggers.SCMTrigger$Runner run
INFO: SCM changes detected in ctrp_build_unit_test. Triggering  #2422
Apr 16, 2016 3:15:18 AM hudson.plugins.tmpcleaner.TmpCleanWork doRun
INFO: run TmpCleanTask days 7, extraDirectories null
Apr 16, 2016 3:15:18 AM hudson.plugins.tmpcleaner.TmpCleanWork scheduleCleanup
WARNING: start run TmpCleanTask on computer master
Apr 16, 2016 3:15:18 AM hudson.plugins.tmpcleaner.TmpCleanWork scheduleCleanup
WARNING: end run TmpCleanTask on computer master
Apr 16, 2016 3:15:19 AM hudson.plugins.tmpcleaner.TmpCleanTask call
INFO:  end TmpCleanTask 
Apr 16, 2016 3:21:01 AM hudson.triggers.SCMTrigger$Runner run
INFO: SCM changes detected in ctrp_build_unit_test. Triggering  #2422
Apr 16, 2016 3:41:01 AM hudson.triggers.SCMTrigger$Runner run
INFO: SCM changes detected in ctrp_build_unit_test. Triggering  #2422
Apr 16, 2016 4:01:01 AM hudson.triggers.SCMTrigger$Runner run
INFO: SCM changes detected in ctrp_build_unit_test. Triggering  #2422
Apr 16, 2016 4:21:01 AM hudson.triggers.SCMTrigger$Runner run
INFO: SCM changes detected in ctrp_build_unit_test. Triggering  #2422
Apr 16, 2016 4:41:01 AM hudson.triggers.SCMTrigger$Runner run
INFO: SCM changes detected in ctrp_build_unit_test. Triggering  #2422
Apr 16, 2016 5:01:01 AM hudson.triggers.SCMTrigger$Runner run
INFO: SCM changes detected in ctrp_build_unit_test. Triggering  #2422
Apr 16, 2016 5:21:01 AM hudson.triggers.SCMTrigger$Runner run
INFO: SCM changes detected in ctrp_build_unit_test. Triggering  #2422
Apr 16, 2016 5:41:01 AM hudson.triggers.SCMTrigger$Runner run
INFO: SCM changes detected in ctrp_build_unit_test. Triggering  #2422
Apr 16, 2016 6:01:01 AM hudson.triggers.SCMTrigger$Runner run
INFO: SCM changes detected in ctrp_build_unit_test. Triggering  #2422
Apr 16, 2016 6:21:01 AM hudson.triggers.SCMTrigger$Runner run
INFO: SCM changes detected in ctrp_build_unit_test. Triggering  #2422
Apr 16, 2016 6:41:01 AM hudson.triggers.SCMTrigger$Runner run
INFO: SCM changes detected in ctrp_build_unit_test. Triggering  #2422
Apr 16, 2016 7:01:01 AM hudson.triggers.SCMTrigger$Runner run
INFO: SCM changes detected in ctrp_build_unit_test. Triggering  #2422
Apr 16, 2016 7:21:01 AM hudson.triggers.SCMTrigger$Runner run
INFO: SCM changes detected in ctrp_build_unit_test. Triggering  #2422
Apr 16, 2016 7:41:01 AM hudson.triggers.SCMTrigger$Runner run
INFO: SCM changes detected in ctrp_build_unit_test. Triggering  #2422
Apr 16, 2016 8:01:01 AM hudson.triggers.SCMTrigger$Runner run
INFO: SCM changes detected in ctrp_build_unit_test. Triggering  #2422
Apr 16, 2016 8:21:01 AM hudson.triggers.SCMTrigger$Runner run
INFO: SCM changes detected in ctrp_build_unit_test. Triggering  #2422
Apr 16, 2016 8:41:01 AM hudson.triggers.SCMTrigger$Runner run
INFO: SCM changes detected in ctrp_build_unit_test. Triggering  #2422
Apr 16, 2016 9:01:01 AM hudson.triggers.SCMTrigger$Runner run
INFO: SCM changes detected in ctrp_build_unit_test. Triggering  #2422
Apr 16, 2016 9:15:18 AM hudson.plugins.tmpcleaner.TmpCleanWork doRun
INFO: run TmpCleanTask days 7, extraDirectories null
Apr 16, 2016 9:15:18 AM hudson.plugins.tmpcleaner.TmpCleanWork scheduleCleanup
WARNING: start run TmpCleanTask on computer master
Apr 16, 2016 9:15:18 AM hudson.plugins.tmpcleaner.TmpCleanWork scheduleCleanup
WARNING: end run TmpCleanTask on computer master
Apr 16, 2016 9:15:19 AM hudson.plugins.tmpcleaner.TmpCleanTask call
INFO:  end TmpCleanTask 
Apr 16, 2016 9:21:01 AM hudson.triggers.SCMTrigger$Runner run
INFO: SCM changes detected in ctrp_build_unit_test. Triggering  #2422
Apr 16, 2016 9:41:01 AM hudson.triggers.SCMTrigger$Runner run
INFO: SCM changes detected in ctrp_build_unit_test. Triggering  #2422
Apr 16, 2016 10:01:01 AM hudson.triggers.SCMTrigger$Runner run
INFO: SCM changes detected in ctrp_build_unit_test. Triggering  #2422
Apr 16, 2016 10:21:01 AM hudson.triggers.SCMTrigger$Runner run
INFO: SCM changes detected in ctrp_build_unit_test. Triggering  #2422
Apr 16, 2016 10:41:01 AM hudson.triggers.SCMTrigger$Runner run
INFO: SCM changes detected in ctrp_build_unit_test. Triggering  #2422
Apr 16, 2016 11:01:01 AM hudson.triggers.SCMTrigger$Runner run
INFO: SCM changes detected in ctrp_build_unit_test. Triggering  #2422
Apr 16, 2016 11:21:01 AM hudson.triggers.SCMTrigger$Runner run
INFO: SCM changes detected in ctrp_build_unit_test. Triggering  #2422
Apr 16, 2016 11:41:01 AM hudson.triggers.SCMTrigger$Runner run
INFO: SCM changes detected in ctrp_build_unit_test. Triggering  #2422
Apr 16, 2016 11:55:51 AM hudson.model.AsyncPeriodicWork$1 run
INFO: Started Fingerprint cleanup
Apr 16, 2016 11:55:51 AM hudson.model.AsyncPeriodicWork createListener
INFO: Moved /var/lib/jenkins/Fingerprint cleanup.log to /var/lib/jenkins/logs/tasks/Fingerprint cleanup.log.1
Apr 16, 2016 11:55:51 AM hudson.model.AsyncPeriodicWork$1 run
INFO: Finished Fingerprint cleanup. 6 ms
Apr 16, 2016 12:01:01 PM hudson.triggers.SCMTrigger$Runner run
INFO: SCM changes detected in ctrp_build_unit_test. Triggering  #2422
Apr 16, 2016 12:21:01 PM hudson.triggers.SCMTrigger$Runner run
INFO: SCM changes detected in ctrp_build_unit_test. Triggering  #2422
Apr 16, 2016 12:41:01 PM hudson.triggers.SCMTrigger$Runner run
INFO: SCM changes detected in ctrp_build_unit_test. Triggering  #2422
Apr 16, 2016 1:01:01 PM hudson.triggers.SCMTrigger$Runner run
INFO: SCM changes detected in ctrp_build_unit_test. Triggering  #2422
Apr 16, 2016 1:21:01 PM hudson.triggers.SCMTrigger$Runner run
INFO: SCM changes detected in ctrp_build_unit_test. Triggering  #2422
