#
# A fatal error has been detected by the Java Runtime Environment:
#
#  EXCEPTION_ACCESS_VIOLATION (0xc0000005) at pc=0x01c8ffe3, pid=4676, tid=3896
#
# JRE version: 6.0_26-b03
# Java VM: Java HotSpot(TM) Client VM (20.1-b02 mixed mode windows-x86 )
# Problematic frame:
# J  org.kohsuke.stapler.jelly.groovy.GroovyFacet$1.dispatch(Lorg/kohsuke/stapler/RequestImpl;Lorg/kohsuke/stapler/ResponseImpl;Ljava/lang/Object;)Z
#
# If you would like to submit a bug report, please visit:
#   http://java.sun.com/webapps/bugreport/crash.jsp
#

---------------  T H R E A D  ---------------

Current thread (0x1784ac00):  JavaThread "Handling POST /extensionList/hudson.console.ConsoleAnnotatorFactory/hudson.plugins.timestamper.annotator.TimestampAnnotatorFactory/usersettings : RequestHandlerThread[#56]" daemon [_thread_in_Java, id=3896, stack(0x1a990000,0x1a9e0000)]

siginfo: ExceptionCode=0xc0000005, reading address 0x88a3b777

Registers:
EAX=0x08a3b778, EBX=0x00000001, ECX=0x184a0448, EDX=0x08a3b778
ESP=0x1a9ddca0, EBP=0x1a9ddf40, ESI=0x08a3b778, EDI=0x1784ac00
EIP=0x01c8ffe3, EFLAGS=0x00010206

Top of Stack: (sp=0x1a9ddca0)
0x1a9ddca0:   00000000 00000013 09dc39d8 00000004
0x1a9ddcb0:   0378a718 00000002 1a9ddcd0 1a9ddf40
0x1a9ddcc0:   0185d4c0 0378a6e0 1a9ddf40 0130e750
0x1a9ddcd0:   03790450 037699b8 03769870 037915f0
0x1a9ddce0:   037904d8 03791680 037990b0 0378a718
0x1a9ddcf0:   037915d8 08a28f70 03769870 037902f0
0x1a9ddd00:   00000002 016d14f7 1a9ddf40 016d1ff0
0x1a9ddd10:   037699e0 0994a498 1784ac00 1a9ddd5c 

Instructions: (pc=0x01c8ffe3)
0x01c8ffc3:   00 83 f8 00 0f 84 12 00 00 00 81 78 04 b0 d1 c9
0x01c8ffd3:   13 0f 85 8f 02 00 00 e9 00 00 00 00 8b d0 3b 02
0x01c8ffe3:   8b b2 ff ff ff 7f 83 fe 00 0f 84 15 00 00 00 8b
0x01c8fff3:   4e 04 81 79 20 50 89 e5 13 0f 85 79 02 00 00 e9 


Register to memory mapping:

EAX=0x08a3b778 is an oop
org.kohsuke.stapler.jelly.JellyFacet 
 - klass: 'org/kohsuke/stapler/jelly/JellyFacet'
EBX=0x00000001 is an unknown value
ECX=0x184a0448 is an unknown value
EDX=0x08a3b778 is an oop
org.kohsuke.stapler.jelly.JellyFacet 
 - klass: 'org/kohsuke/stapler/jelly/JellyFacet'
ESP=0x1a9ddca0 is pointing into the stack for thread: 0x1784ac00
EBP=0x1a9ddf40 is pointing into the stack for thread: 0x1784ac00
ESI=0x08a3b778 is an oop
org.kohsuke.stapler.jelly.JellyFacet 
 - klass: 'org/kohsuke/stapler/jelly/JellyFacet'
EDI=0x1784ac00 is a thread


Stack: [0x1a990000,0x1a9e0000],  sp=0x1a9ddca0,  free space=311k
Native frames: (J=compiled Java code, j=interpreted, Vv=VM code, C=native code)
J  org.kohsuke.stapler.jelly.groovy.GroovyFacet$1.dispatch(Lorg/kohsuke/stapler/RequestImpl;Lorg/kohsuke/stapler/ResponseImpl;Ljava/lang/Object;)Z
J  org.kohsuke.stapler.Stapler.tryInvoke(Lorg/kohsuke/stapler/RequestImpl;Lorg/kohsuke/stapler/ResponseImpl;Ljava/lang/Object;)Z
J  org.kohsuke.stapler.NameBasedDispatcher.dispatch(Lorg/kohsuke/stapler/RequestImpl;Lorg/kohsuke/stapler/ResponseImpl;Ljava/lang/Object;)Z
J  org.kohsuke.stapler.Stapler.service(Ljavax/servlet/http/HttpServletRequest;Ljavax/servlet/http/HttpServletResponse;)V
J  java.util.concurrent.ThreadPoolExecutor$Worker.runTask(Ljava/lang/Runnable;)V
v  ~StubRoutines::call_stub
V  [jvm.dll+0xfae4b]
V  [jvm.dll+0x18c531]
V  [jvm.dll+0xfaff1]
V  [jvm.dll+0xfb04b]
V  [jvm.dll+0xb56b9]
V  [jvm.dll+0x1190d4]
V  [jvm.dll+0x1411ac]
C  [msvcr71.dll+0x9565]  endthreadex+0xa0
C  [kernel32.dll+0x133aa]  BaseThreadInitThunk+0x12
C  [ntdll.dll+0x39ef2]  RtlInitializeExceptionChain+0x63
C  [ntdll.dll+0x39ec5]  RtlInitializeExceptionChain+0x36


---------------  P R O C E S S  ---------------

Java Threads: ( => current thread )
  0x1850d800 JavaThread "RequestHandlerThread[#78] : reading request #0 from /10.0.2.133:63409" daemon [_thread_in_native, id=2932, stack(0x1bec0000,0x1bf10000)]
  0x1850fc00 JavaThread "RequestHandlerThread[#77] : reading request #0 from /10.0.2.133:63407" daemon [_thread_in_native, id=4588, stack(0x1bbf0000,0x1bc40000)]
  0x19749000 JavaThread "RequestHandlerThread[#76]" daemon [_thread_blocked, id=3660, stack(0x1b920000,0x1b970000)]
  0x19749400 JavaThread "RequestHandlerThread[#75] : reading request #0 from /10.0.2.133:63410" daemon [_thread_in_native, id=4744, stack(0x1b890000,0x1b8e0000)]
  0x1784c800 JavaThread "RequestHandlerThread[#74]" daemon [_thread_blocked, id=4432, stack(0x1a900000,0x1a950000)]
  0x1784bc00 JavaThread "RequestHandlerThread[#73]" daemon [_thread_blocked, id=4036, stack(0x1a2e0000,0x1a330000)]
  0x1784b800 JavaThread "pool-3-thread-86" daemon [_thread_blocked, id=5048, stack(0x17c50000,0x17ca0000)]
  0x1974a800 JavaThread "RequestHandlerThread[#71]" daemon [_thread_blocked, id=4428, stack(0x1bf50000,0x1bfa0000)]
  0x19748000 JavaThread "RequestHandlerThread[#70]" daemon [_thread_blocked, id=892, stack(0x1bda0000,0x1bdf0000)]
  0x1974a000 JavaThread "RequestHandlerThread[#69] : reading request #0 from /10.0.2.133:63411" daemon [_thread_in_native, id=2120, stack(0x1bfe0000,0x1c030000)]
  0x1850f000 JavaThread "RequestHandlerThread[#66] : reading request #1 from /10.0.2.68:49777" daemon [_thread_in_native, id=4864, stack(0x1bc80000,0x1bcd0000)]
  0x19748800 JavaThread "RequestHandlerThread[#59] : reading request #0 from /10.0.2.133:63408" daemon [_thread_in_native, id=4844, stack(0x1be30000,0x1be80000)]
=>0x1784ac00 JavaThread "Handling POST /extensionList/hudson.console.ConsoleAnnotatorFactory/hudson.plugins.timestamper.annotator.TimestampAnnotatorFactory/usersettings : RequestHandlerThread[#56]" daemon [_thread_in_Java, id=3896, stack(0x1a990000,0x1a9e0000)]
  0x1784c400 JavaThread "RequestHandlerThread[#55] : reading request #1 from /10.0.2.64:56490" daemon [_thread_in_native, id=4752, stack(0x1a520000,0x1a570000)]
  0x17849000 JavaThread "RequestHandlerThread[#54] : reading request #1 from /10.0.2.93:54898" daemon [_thread_in_native, id=4408, stack(0x1a400000,0x1a450000)]
  0x1850e400 JavaThread "RequestHandlerThread[#52]" daemon [_thread_blocked, id=2668, stack(0x1b9b0000,0x1ba00000)]
  0x18510400 JavaThread "Handling POST /contextMenu : RequestHandlerThread[#51]" daemon [_thread_in_vm, id=4896, stack(0x1b800000,0x1b850000)]
  0x1850f800 JavaThread "Ping thread for channel hudson.remoting.Channel@b60da0:Core Nightly" daemon [_thread_blocked, id=3420, stack(0x1a130000,0x1a180000)]
  0x1850ec00 JavaThread "Channel reader thread: Core Nightly" [_thread_in_native, id=3368, stack(0x18e00000,0x18e50000)]
  0x17849c00 JavaThread "RequestHandlerThread[#49]" daemon [_thread_blocked, id=3080, stack(0x1a370000,0x1a3c0000)]
  0x1784b000 JavaThread "Pipe writer thread: Core 3.6.4 CI" [_thread_blocked, id=3880, stack(0x1bd10000,0x1bd60000)]
  0x1784a400 JavaThread "Ping thread for channel hudson.remoting.Channel@1e8701a:Core Master Release" daemon [_thread_blocked, id=4612, stack(0x1a490000,0x1a4e0000)]
  0x17849800 JavaThread "Channel reader thread: Core Master Release" [_thread_in_native, id=3820, stack(0x1a1c0000,0x1a210000)]
  0x196e3800 JavaThread "Ping thread for channel hudson.remoting.Channel@165ed11:Core 3.6.4 CI" daemon [_thread_blocked, id=4540, stack(0x1bb60000,0x1bbb0000)]
  0x1974ac00 JavaThread "Channel reader thread: Core 3.6.4 CI" [_thread_in_native, id=656, stack(0x1bad0000,0x1bb20000)]
  0x18511800 JavaThread "Pipe writer thread: Core CI" [_thread_blocked, id=3944, stack(0x1a250000,0x1a2a0000)]
  0x19749c00 JavaThread "Ping thread for channel hudson.remoting.Channel@4ada6e:Core CI" daemon [_thread_blocked, id=3112, stack(0x1acf0000,0x1ad40000)]
  0x1850dc00 JavaThread "Channel reader thread: Core CI" [_thread_in_native, id=4140, stack(0x1a7a0000,0x1a7f0000)]
  0x19389c00 JavaThread "Thread-11" daemon [_thread_in_native, id=4116, stack(0x1b5c0000,0x1b610000)]
  0x19747400 JavaThread "AWT-Windows" daemon [_thread_in_native, id=3240, stack(0x1b770000,0x1b7c0000)]
  0x19389400 JavaThread "Ping thread for channel hudson.remoting.Channel@1e5d16d:3.6.4 HotFix Release" daemon [_thread_blocked, id=5108, stack(0x1b6e0000,0x1b730000)]
  0x19389000 JavaThread "Channel reader thread: 3.6.4 HotFix Release" [_thread_in_native, id=5112, stack(0x1b650000,0x1b6a0000)]
  0x19388800 JavaThread "jI_OxidResolver" daemon [_thread_in_native, id=4284, stack(0x1b4d0000,0x1b520000)]
  0x19388400 JavaThread "Timer-2" daemon [_thread_blocked, id=4296, stack(0x1b440000,0x1b490000)]
  0x19387c00 JavaThread "Timer-1" daemon [_thread_blocked, id=4888, stack(0x1b3b0000,0x1b400000)]
  0x19387800 JavaThread "jI_GarbageCollector" daemon [_thread_blocked, id=4872, stack(0x1b320000,0x1b370000)]
  0x19387000 JavaThread "JmDNS(DB2M0452.local.).State.Timer" [_thread_blocked, id=4108, stack(0x1b290000,0x1b2e0000)]
  0x19386800 JavaThread "JmDNS(DB2M0452.local.).Timer" daemon [_thread_blocked, id=4328, stack(0x1b200000,0x1b250000)]
  0x19386400 JavaThread "SocketListener(DB2M0452.local.)" daemon [_thread_in_native, id=4320, stack(0x1b170000,0x1b1c0000)]
  0x196e6400 JavaThread "Timer-0" daemon [_thread_blocked, id=4280, stack(0x1b0e0000,0x1b130000)]
  0x196e5c00 JavaThread "pool-9-thread-1" daemon [_thread_blocked, id=3780, stack(0x1b050000,0x1b0a0000)]
  0x196e5400 JavaThread "Executor #0 for Core 3.6.4 CI" [_thread_blocked, id=4292, stack(0x1afc0000,0x1b010000)]
  0x196e5000 JavaThread "Executor #0 for Build Template" [_thread_blocked, id=4800, stack(0x1af30000,0x1af80000)]
  0x196e4800 JavaThread "Executor #0 for 3.6.4 HotFix Release" [_thread_blocked, id=2860, stack(0x1aea0000,0x1aef0000)]
  0x196e4400 JavaThread "Executor #0 for Core Master Release" [_thread_blocked, id=4868, stack(0x1ae10000,0x1ae60000)]
  0x196e3c00 JavaThread "Executor #0 for iPad Release" [_thread_blocked, id=5036, stack(0x1ad80000,0x1add0000)]
  0x196e3000 JavaThread "Executor #0 for iPad CI" [_thread_blocked, id=5028, stack(0x1ac60000,0x1acb0000)]
  0x196e2800 JavaThread "Executor #3 for Core Nightly" [_thread_blocked, id=5032, stack(0x1abd0000,0x1ac20000)]
  0x18514400 JavaThread "Executor #2 for Core Nightly" [_thread_blocked, id=5012, stack(0x1ab40000,0x1ab90000)]
  0x18513c00 JavaThread "Executor #1 for Core Nightly" [_thread_blocked, id=5016, stack(0x1aab0000,0x1ab00000)]
  0x18513400 JavaThread "Executor #0 for Core Nightly" [_thread_blocked, id=5020, stack(0x190d0000,0x19120000)]
  0x18513000 JavaThread "Executor #0 for Core CI" [_thread_blocked, id=5116, stack(0x19040000,0x19090000)]
  0x18512800 JavaThread "Executor #2 for master" [_thread_blocked, id=4820, stack(0x18fb0000,0x19000000)]
  0x18512400 JavaThread "Executor #1 for master" [_thread_blocked, id=5000, stack(0x18f20000,0x18f70000)]
  0x18511000 JavaThread "Executor #0 for master" [_thread_blocked, id=5072, stack(0x18e90000,0x18ee0000)]
  0x1850cc00 JavaThread "Jenkins UDP 33848 monitoring thread" [_thread_in_native, id=4812, stack(0x18d70000,0x18dc0000)]
  0x1850d000 JavaThread "TCP slave agent listener port=0" [_thread_in_native, id=4808, stack(0x18ce0000,0x18d30000)]
  0x18511c00 JavaThread "NioSocketAcceptor-1" [_thread_in_native, id=4996, stack(0x1aa20000,0x1aa70000)]
  0x18510800 JavaThread "ComThread for Finalizing set up" daemon [_thread_in_native, id=4572, stack(0x1a750000,0x1a7a0000)]
  0x17ea6400 JavaThread "Jenkins cron thread" [_thread_blocked, id=4592, stack(0x18c50000,0x18ca0000)]
  0x00959000 JavaThread "DestroyJavaVM" [_thread_blocked, id=4712, stack(0x004f0000,0x00540000)]
  0x184a1800 JavaThread "LauncherControlThread[ControlPort=-1]" [_thread_blocked, id=3996, stack(0x18b90000,0x18be0000)]
  0x184a2000 JavaThread "ConnectorThread:[http-8080]" daemon [_thread_in_native, id=4576, stack(0x18b00000,0x18b50000)]
  0x184a1400 JavaThread "WinstoneHostConfigurationMgmt:default" daemon [_thread_blocked, id=2392, stack(0x18a60000,0x18ab0000)]
  0x183ea000 JavaThread "Java2D Disposer" daemon [_thread_blocked, id=4564, stack(0x17b70000,0x17bc0000)]
  0x0071e400 JavaThread "Low Memory Detector" daemon [_thread_blocked, id=4824, stack(0x17620000,0x17670000)]
  0x00718000 JavaThread "C1 CompilerThread0" daemon [_thread_blocked, id=4728, stack(0x17590000,0x175e0000)]
  0x00715000 JavaThread "Attach Listener" daemon [_thread_blocked, id=4724, stack(0x17500000,0x17550000)]
  0x006ecc00 JavaThread "Finalizer" daemon [_thread_blocked, id=4720, stack(0x17470000,0x174c0000)]
  0x006e8000 JavaThread "Reference Handler" daemon [_thread_blocked, id=2660, stack(0x173e0000,0x17430000)]

Other Threads:
  0x006e3c00 VMThread [stack: 0x17350000,0x173a0000] [id=4716]
  0x00729400 WatcherThread [stack: 0x176b0000,0x17700000] [id=4740]

VM state:synchronizing (normal execution)

VM Mutex/Monitor currently owned by a thread:  ([mutex/lock_event])
[0x009575b0] Safepoint_lock - owner thread: 0x006e3c00
[0x00957618] Threads_lock - owner thread: 0x006e3c00

Heap
 def new generation   total 34240K, used 10354K [0x03240000, 0x05760000, 0x08790000)
  eden space 30464K,  28% used [0x03240000, 0x03ae0238, 0x05000000)
  from space 3776K,  40% used [0x053b0000, 0x0552c5f0, 0x05760000)
  to   space 3776K,   0% used [0x05000000, 0x05000000, 0x053b0000)
 tenured generation   total 75760K, used 70924K [0x08790000, 0x0d18c000, 0x13240000)
   the space 75760K,  93% used [0x08790000, 0x0ccd3338, 0x0ccd3400, 0x0d18c000)
 compacting perm gen  total 50944K, used 50747K [0x13240000, 0x16400000, 0x17240000)
   the space 50944K,  99% used [0x13240000, 0x163cee20, 0x163cf000, 0x16400000)
No shared spaces configured.

Code Cache  [0x011c0000, 0x01d10000, 0x031c0000)
 total_blobs=5296 nmethods=4807 adapters=423 free_code_cache=21720128 largest_free_block=384

Dynamic libraries:
0x00400000 - 0x00424000 	C:\Program Files (x86)\Jenkins\jre\bin\java.exe
0x773e0000 - 0x77560000 	C:\Windows\SysWOW64\ntdll.dll
0x75a30000 - 0x75b40000 	C:\Windows\syswow64\kernel32.dll
0x76ec0000 - 0x76f07000 	C:\Windows\syswow64\KERNELBASE.dll
0x75b40000 - 0x75be0000 	C:\Windows\syswow64\ADVAPI32.dll
0x76060000 - 0x7610c000 	C:\Windows\syswow64\msvcrt.dll
0x756f0000 - 0x75709000 	C:\Windows\SysWOW64\sechost.dll
0x75360000 - 0x75450000 	C:\Windows\syswow64\RPCRT4.dll
0x74f40000 - 0x74fa0000 	C:\Windows\syswow64\SspiCli.dll
0x74f30000 - 0x74f3c000 	C:\Windows\syswow64\CRYPTBASE.dll
0x7c340000 - 0x7c396000 	C:\Program Files (x86)\Jenkins\jre\bin\msvcr71.dll
0x6d7f0000 - 0x6da9f000 	C:\Program Files (x86)\Jenkins\jre\bin\client\jvm.dll
0x75260000 - 0x75360000 	C:\Windows\syswow64\USER32.dll
0x76d90000 - 0x76e20000 	C:\Windows\syswow64\GDI32.dll
0x76050000 - 0x7605a000 	C:\Windows\syswow64\LPK.dll
0x76e20000 - 0x76ebd000 	C:\Windows\syswow64\USP10.dll
0x71060000 - 0x71092000 	C:\Windows\system32\WINMM.dll
0x75140000 - 0x751a0000 	C:\Windows\system32\IMM32.DLL
0x76f10000 - 0x76fdc000 	C:\Windows\syswow64\MSCTF.dll
0x738c0000 - 0x7390c000 	C:\Windows\system32\apphelp.dll
0x6d7a0000 - 0x6d7ac000 	C:\Program Files (x86)\Jenkins\jre\bin\verify.dll
0x6d320000 - 0x6d33f000 	C:\Program Files (x86)\Jenkins\jre\bin\java.dll
0x773b0000 - 0x773b5000 	C:\Windows\system32\PSAPI.DLL
0x6d7e0000 - 0x6d7ef000 	C:\Program Files (x86)\Jenkins\jre\bin\zip.dll
0x72b20000 - 0x72b36000 	C:\Windows\system32\CRYPTSP.dll
0x72a40000 - 0x72a7b000 	C:\Windows\system32\rsaenh.dll
0x71ac0000 - 0x71ad7000 	C:\Windows\system32\USERENV.dll
0x72c00000 - 0x72c0b000 	C:\Windows\system32\profapi.dll
0x6d600000 - 0x6d613000 	C:\Program Files (x86)\Jenkins\jre\bin\net.dll
0x756b0000 - 0x756e5000 	C:\Windows\syswow64\WS2_32.dll
0x75640000 - 0x75646000 	C:\Windows\syswow64\NSI.dll
0x72a00000 - 0x72a3c000 	C:\Windows\system32\mswsock.dll
0x728a0000 - 0x728a6000 	C:\Windows\System32\wship6.dll
0x72b90000 - 0x72ba0000 	C:\Windows\system32\NLAapi.dll
0x72b00000 - 0x72b10000 	C:\Windows\system32\napinsp.dll
0x72a80000 - 0x72ac4000 	C:\Windows\system32\DNSAPI.dll
0x729d0000 - 0x729d8000 	C:\Windows\System32\winrnr.dll
0x729c0000 - 0x729c5000 	C:\Windows\System32\wshtcpip.dll
0x729e0000 - 0x729fc000 	C:\Windows\system32\IPHLPAPI.DLL
0x729b0000 - 0x729b7000 	C:\Windows\system32\WINNSI.DLL
0x72b80000 - 0x72b86000 	C:\Windows\system32\rasadhlp.dll
0x72820000 - 0x72858000 	C:\Windows\System32\fwpuclnt.dll
0x6d780000 - 0x6d788000 	C:\Program Files (x86)\Jenkins\jre\bin\sunmscapi.dll
0x75910000 - 0x75a2e000 	C:\Windows\syswow64\CRYPT32.dll
0x75500000 - 0x7550c000 	C:\Windows\syswow64\MSASN1.dll
0x6d000000 - 0x6d14b000 	C:\Program Files (x86)\Jenkins\jre\bin\awt.dll
0x708c0000 - 0x70911000 	C:\Windows\system32\WINSPOOL.DRV
0x75d80000 - 0x75edc000 	C:\Windows\syswow64\ole32.dll
0x72c50000 - 0x72dee000 	C:\Windows\WinSxS\x86_microsoft.windows.common-controls_6595b64144ccf1df_6.0.7601.17514_none_41e6975e2bd6f2b2\COMCTL32.dll
0x75650000 - 0x756a7000 	C:\Windows\syswow64\SHLWAPI.dll
0x70950000 - 0x709d4000 	C:\Windows\WinSxS\x86_microsoft.windows.common-controls_6595b64144ccf1df_5.82.7601.17514_none_ec83dffa859149af\comctl32.dll
0x6d230000 - 0x6d27f000 	C:\Program Files (x86)\Jenkins\jre\bin\fontmanager.dll
0x71de0000 - 0x71df3000 	C:\Windows\system32\DWMAPI.DLL
0x6d550000 - 0x6d559000 	C:\Program Files (x86)\Jenkins\jre\bin\management.dll
0x1a570000 - 0x1a5b6000 	C:\Program Files (x86)\Jenkins\plugins\active-directory\WEB-INF\lib\com4j-x86.dll
0x750b0000 - 0x7513f000 	C:\Windows\syswow64\OLEAUT32.dll
0x74fa0000 - 0x75023000 	C:\Windows\syswow64\CLBCatQ.DLL
0x6fe80000 - 0x6ff79000 	C:\Program Files (x86)\Common Files\System\ado\msado15.dll
0x708a0000 - 0x708bf000 	C:\Windows\system32\MSDART.DLL
0x72b10000 - 0x72b1e000 	C:\Windows\system32\RpcRtRemote.dll
0x6d620000 - 0x6d629000 	C:\Program Files (x86)\Jenkins\jre\bin\nio.dll
0x72750000 - 0x7275d000 	C:\Windows\system32\dhcpcsvc6.DLL
0x72760000 - 0x72772000 	C:\Windows\system32\dhcpcsvc.DLL
0x1b520000 - 0x1b575000 	C:\Users\bb2service\AppData\Local\Temp\jna\jna6243582487386551116.dll
0x76110000 - 0x76d5a000 	C:\Windows\system32\shell32.dll
0x6d1a0000 - 0x6d1c3000 	C:\Program Files (x86)\Jenkins\jre\bin\dcpr.dll
0x700b0000 - 0x700b6000 	C:\Program Files (x86)\Jenkins\war\WEB-INF\lib\winp.dll

VM Arguments:
jvm_args: -Xrs -Xmx256m -Dhudson.lifecycle=hudson.lifecycle.WindowsServiceLifecycle 
java_command: C:\Program Files (x86)\Jenkins\jenkins.war --httpPort=8080 -XX:ErrorFile=c:/temp/hs_err.log
Launcher Type: SUN_STANDARD

Environment Variables:
PATH=C:\Windows\system32;C:\Windows;C:\Windows\System32\Wbem;C:\Windows\System32\WindowsPowerShell\v1.0\
USERNAME=bb2service
OS=Windows_NT
PROCESSOR_IDENTIFIER=Intel64 Family 6 Model 26 Stepping 5, GenuineIntel



---------------  S Y S T E M  ---------------

OS: Windows NT 6.1 Build 7601 Service Pack 1

CPU:total 4 (4 cores per cpu, 1 threads per core) family 6 model 26 stepping 5, cmov, cx8, fxsr, mmx, sse, sse2, sse3, ssse3, sse4.1, sse4.2, popcnt

Memory: 4k page, physical 8388152k(6007092k free), swap 16774448k(14345408k free)

vm_info: Java HotSpot(TM) Client VM (20.1-b02) for windows-x86 JRE (1.6.0_26-b03), built on May  4 2011 00:50:59 by "java_re" with MS VC++ 7.1 (VS2003)

time: Wed Feb 20 10:49:46 2013
elapsed time: 19610 seconds

