Full thread dump Java HotSpot(TM) Server VM (1.5.0_08-b03 mixed mode):

"svn co -q --non-interactive --username xxxxx http://xxxxx/repos/crm/trunk: stderr copier" prio=1 tid=0x87b008e0 nid=0x60e runnable [0x8947f000..0x8947f4c0]
	at java.io.FileInputStream.readBytes(Native Method)
	at java.io.FileInputStream.read(FileInputStream.java:177)
	at hudson.Util.copyStream(Util.java:145)
	at hudson.Proc$Copier.run(Proc.java:77)

"svn co -q --non-interactive --username xxxxx http://xxxxx/repos/crm/trunk: stdout copier" prio=1 tid=0x87b00480 nid=0x60d runnable [0x88a7f000..0x88a7f540]
	at java.io.FileInputStream.readBytes(Native Method)
	at java.io.FileInputStream.read(FileInputStream.java:194)
	at java.io.BufferedInputStream.read1(BufferedInputStream.java:254)
	at java.io.BufferedInputStream.read(BufferedInputStream.java:313)
	- locked <0xabd110d0> (a java.io.BufferedInputStream)
	at java.io.FilterInputStream.read(FilterInputStream.java:90)
	at hudson.Util.copyStream(Util.java:145)
	at hudson.Proc$Copier.run(Proc.java:77)

"process reaper" daemon prio=1 tid=0x87b01ef8 nid=0x60a runnable [0x88cff000..0x88cff7c0]
	at java.lang.UNIXProcess.waitForProcessExit(Native Method)
	at java.lang.UNIXProcess.access$900(UNIXProcess.java:20)
	at java.lang.UNIXProcess$1$1.run(UNIXProcess.java:132)

"Thread-39" daemon prio=1 tid=0x08ac3750 nid=0x3351 in Object.wait() [0x899ff000..0x899ff840]
	at java.lang.Object.wait(Native Method)
	- waiting on <0x93eb8fc8> (a java.util.LinkedHashSet)
	at java.lang.Object.wait(Object.java:474)
	at hudson.model.ViewJob$ReloadThread.getNext(ViewJob.java:119)
	- locked <0x93eb8fc8> (a java.util.LinkedHashSet)
	at hudson.model.ViewJob$ReloadThread.run(ViewJob.java:129)

"http-8080-Processor24" daemon prio=1 tid=0x887eec18 nid=0x899 in Object.wait() [0x8a2e3000..0x8a2e3840]
	at java.lang.Object.wait(Native Method)
	- waiting on <0x9235fe18> (a org.apache.tomcat.util.threads.ThreadPool$ControlRunnable)
	at java.lang.Object.wait(Object.java:474)
	at org.apache.tomcat.util.threads.ThreadPool$ControlRunnable.run(ThreadPool.java:656)
	- locked <0x9235fe18> (a org.apache.tomcat.util.threads.ThreadPool$ControlRunnable)
	at java.lang.Thread.run(Thread.java:595)

"http-8080-Processor23" daemon prio=1 tid=0x89386460 nid=0x898 runnable [0x8a3ec000..0x8a3ed6c0]
	at java.net.SocketOutputStream.socketWrite0(Native Method)
	at java.net.SocketOutputStream.socketWrite(SocketOutputStream.java:92)
	at java.net.SocketOutputStream.write(SocketOutputStream.java:136)
	at org.apache.coyote.http11.InternalOutputBuffer.realWriteBytes(InternalOutputBuffer.java:746)
	at org.apache.tomcat.util.buf.ByteChunk.flushBuffer(ByteChunk.java:433)
	at org.apache.tomcat.util.buf.ByteChunk.append(ByteChunk.java:348)
	at org.apache.coyote.http11.InternalOutputBuffer$OutputStreamOutputBuffer.doWrite(InternalOutputBuffer.java:769)
	at org.apache.coyote.http11.filters.IdentityOutputFilter.doWrite(IdentityOutputFilter.java:117)
	at org.apache.coyote.http11.InternalOutputBuffer.doWrite(InternalOutputBuffer.java:579)
	at org.apache.coyote.Response.doWrite(Response.java:559)
	at org.apache.catalina.connector.OutputBuffer.realWriteBytes(OutputBuffer.java:361)
	at org.apache.tomcat.util.buf.ByteChunk.flushBuffer(ByteChunk.java:433)
	at org.apache.tomcat.util.buf.ByteChunk.append(ByteChunk.java:348)
	at org.apache.catalina.connector.OutputBuffer.writeBytes(OutputBuffer.java:392)
	at org.apache.catalina.connector.OutputBuffer.write(OutputBuffer.java:381)
	at org.apache.catalina.connector.CoyoteOutputStream.write(CoyoteOutputStream.java:88)
	at org.kohsuke.stapler.Stapler.serveStaticResource(Stapler.java:140)
	at org.kohsuke.stapler.ResponseImpl.serveFile(ResponseImpl.java:41)
	at hudson.model.DirectoryHolder.serveFile(DirectoryHolder.java:102)
	at hudson.model.Run.doArtifact(Run.java:608)
	- locked <0xab127e90> (a hudson.model.Build)
	at sun.reflect.GeneratedMethodAccessor159.invoke(Unknown Source)
	at sun.reflect.DelegatingMethodAccessorImpl.invoke(DelegatingMethodAccessorImpl.java:25)
	at java.lang.reflect.Method.invoke(Method.java:585)
	at org.kohsuke.stapler.Function$InstanceFunction.invoke(Function.java:50)
	at org.kohsuke.stapler.MetaClass$6.doDispatch(MetaClass.java:122)
	at org.kohsuke.stapler.NameBasedDispatcher.dispatch(NameBasedDispatcher.java:30)
	at org.kohsuke.stapler.Stapler.invoke(Stapler.java:212)
	at org.kohsuke.stapler.MetaClass$2.doDispatch(MetaClass.java:75)
	at org.kohsuke.stapler.NameBasedDispatcher.dispatch(NameBasedDispatcher.java:30)
	at org.kohsuke.stapler.Stapler.invoke(Stapler.java:212)
	at org.kohsuke.stapler.MetaClass$4.doDispatch(MetaClass.java:99)
	at org.kohsuke.stapler.NameBasedDispatcher.dispatch(NameBasedDispatcher.java:30)
	at org.kohsuke.stapler.Stapler.invoke(Stapler.java:212)
	at org.kohsuke.stapler.Stapler.invoke(Stapler.java:161)
	at org.kohsuke.stapler.Stapler.service(Stapler.java:77)
	at javax.servlet.http.HttpServlet.service(HttpServlet.java:802)
	at sun.reflect.GeneratedMethodAccessor54.invoke(Unknown Source)
	at sun.reflect.DelegatingMethodAccessorImpl.invoke(DelegatingMethodAccessorImpl.java:25)
	at java.lang.reflect.Method.invoke(Method.java:585)
	at org.apache.catalina.security.SecurityUtil$1.run(SecurityUtil.java:243)
	at java.security.AccessController.doPrivileged(Native Method)
	at javax.security.auth.Subject.doAsPrivileged(Subject.java:517)
	at org.apache.catalina.security.SecurityUtil.execute(SecurityUtil.java:275)
	at org.apache.catalina.security.SecurityUtil.doAsPrivilege(SecurityUtil.java:161)
	at org.apache.catalina.core.ApplicationFilterChain.internalDoFilter(ApplicationFilterChain.java:245)
	at org.apache.catalina.core.ApplicationFilterChain.access$000(ApplicationFilterChain.java:50)
	at org.apache.catalina.core.ApplicationFilterChain$1.run(ApplicationFilterChain.java:156)
	at java.security.AccessController.doPrivileged(Native Method)
	at org.apache.catalina.core.ApplicationFilterChain.doFilter(ApplicationFilterChain.java:152)
	at org.apache.catalina.core.StandardWrapperValve.invoke(StandardWrapperValve.java:213)
	at org.apache.catalina.core.StandardContextValve.invoke(StandardContextValve.java:178)
	at org.apache.catalina.authenticator.AuthenticatorBase.invoke(AuthenticatorBase.java:432)
	at org.apache.catalina.core.StandardHostValve.invoke(StandardHostValve.java:126)
	at org.apache.catalina.valves.ErrorReportValve.invoke(ErrorReportValve.java:105)
	at org.apache.catalina.core.StandardEngineValve.invoke(StandardEngineValve.java:107)
	at org.apache.catalina.connector.CoyoteAdapter.service(CoyoteAdapter.java:148)
	at org.apache.coyote.http11.Http11Processor.process(Http11Processor.java:869)
	at org.apache.coyote.http11.Http11BaseProtocol$Http11ConnectionHandler.processConnection(Http11BaseProtocol.java:664)
	at org.apache.tomcat.util.net.PoolTcpEndpoint.processSocket(PoolTcpEndpoint.java:527)
	at org.apache.tomcat.util.net.LeaderFollowerWorkerThread.runIt(LeaderFollowerWorkerThread.java:80)
	at org.apache.tomcat.util.threads.ThreadPool$ControlRunnable.run(ThreadPool.java:684)
	at java.lang.Thread.run(Thread.java:595)

"http-8080-Processor22" daemon prio=1 tid=0x893af0a0 nid=0x897 waiting for monitor entry [0x8a46b000..0x8a46d740]
	at hudson.model.Actionable.getActions(Actionable.java:27)
	- waiting to lock <0xab127e90> (a hudson.model.Build)
	at hudson.model.Actionable.getAction(Actionable.java:38)
	at hudson.model.Build.getTestResultAction(Build.java:126)
	at sun.reflect.GeneratedMethodAccessor131.invoke(Unknown Source)
	at sun.reflect.DelegatingMethodAccessorImpl.invoke(DelegatingMethodAccessorImpl.java:25)
	at java.lang.reflect.Method.invoke(Method.java:585)
	at org.apache.commons.jexl.util.PropertyExecutor.execute(PropertyExecutor.java:123)
	at org.apache.commons.jexl.util.introspection.UberspectImpl$VelGetterImpl.invoke(UberspectImpl.java:287)
	at org.apache.commons.jexl.parser.ASTArrayAccess.evaluateExpr(ASTArrayAccess.java:183)
	at org.apache.commons.jexl.parser.ASTIdentifier.execute(ASTIdentifier.java:73)
	at org.apache.commons.jexl.parser.ASTReference.execute(ASTReference.java:82)
	at org.apache.commons.jexl.parser.ASTReference.value(ASTReference.java:56)
	at org.apache.commons.jexl.parser.ASTReferenceExpression.value(ASTReferenceExpression.java:50)
	at org.apache.commons.jexl.ExpressionImpl.evaluate(ExpressionImpl.java:79)
	at org.apache.commons.jelly.expression.jexl.JexlExpression.evaluate(JexlExpression.java:69)
	at org.apache.commons.jelly.expression.jexl.JexlExpressionFactory$ExpressionSupportLocal.evaluate(JexlExpressionFactory.java:122)
	at org.apache.commons.jelly.tags.core.SetTag.doTag(SetTag.java:84)
	at org.apache.commons.jelly.impl.TagScript.run(TagScript.java:262)
	at org.apache.commons.jelly.impl.ScriptBlock.run(ScriptBlock.java:95)
	at org.apache.commons.jelly.TagSupport.invokeBody(TagSupport.java:186)
	at org.apache.commons.jelly.impl.StaticTag.doTag(StaticTag.java:65)
	at org.apache.commons.jelly.impl.StaticTagScript.run(StaticTagScript.java:112)
	at org.apache.commons.jelly.impl.ScriptBlock.run(ScriptBlock.java:95)
	at org.apache.commons.jelly.TagSupport.invokeBody(TagSupport.java:186)
	at org.apache.commons.jelly.tags.core.JellyTag.doTag(JellyTag.java:45)
	at org.apache.commons.jelly.impl.TagScript.run(TagScript.java:262)
	at org.kohsuke.stapler.jelly.IncludeTag.doTag(IncludeTag.java:73)
	at org.apache.commons.jelly.impl.TagScript.run(TagScript.java:262)
	at org.apache.commons.jelly.impl.ScriptBlock.run(ScriptBlock.java:95)
	at org.apache.commons.jelly.tags.define.InvokeBodyTag.doTag(InvokeBodyTag.java:91)
	at org.apache.commons.jelly.impl.TagScript.run(TagScript.java:262)
	at org.apache.commons.jelly.impl.ScriptBlock.run(ScriptBlock.java:95)
	at org.apache.commons.jelly.TagSupport.invokeBody(TagSupport.java:186)
	at org.apache.commons.jelly.tags.core.IfTag.doTag(IfTag.java:42)
	at org.apache.commons.jelly.impl.TagScript.run(TagScript.java:262)
	at org.apache.commons.jelly.impl.ScriptBlock.run(ScriptBlock.java:95)
	at org.apache.commons.jelly.TagSupport.invokeBody(TagSupport.java:186)
	at org.apache.commons.jelly.tags.core.JellyTag.doTag(JellyTag.java:45)
	at org.apache.commons.jelly.impl.TagScript.run(TagScript.java:262)
	at org.apache.commons.jelly.impl.DynamicTag.doTag(DynamicTag.java:80)
	at org.apache.commons.jelly.impl.TagScript.run(TagScript.java:262)
	at org.apache.commons.jelly.impl.ScriptBlock.run(ScriptBlock.java:95)
	at org.apache.commons.jelly.tags.define.InvokeBodyTag.doTag(InvokeBodyTag.java:91)
	at org.apache.commons.jelly.impl.TagScript.run(TagScript.java:262)
	at org.apache.commons.jelly.impl.ScriptBlock.run(ScriptBlock.java:95)
	at org.apache.commons.jelly.TagSupport.invokeBody(TagSupport.java:186)
	at org.apache.commons.jelly.impl.StaticTag.doTag(StaticTag.java:65)
	at org.apache.commons.jelly.impl.StaticTagScript.run(StaticTagScript.java:112)
	at org.apache.commons.jelly.impl.ScriptBlock.run(ScriptBlock.java:95)
	at org.apache.commons.jelly.TagSupport.invokeBody(TagSupport.java:186)
	at org.apache.commons.jelly.impl.StaticTag.doTag(StaticTag.java:65)
	at org.apache.commons.jelly.impl.StaticTagScript.run(StaticTagScript.java:112)
	at org.apache.commons.jelly.impl.ScriptBlock.run(ScriptBlock.java:95)
	at org.apache.commons.jelly.TagSupport.invokeBody(TagSupport.java:186)
	at org.apache.commons.jelly.impl.StaticTag.doTag(StaticTag.java:65)
	at org.apache.commons.jelly.impl.StaticTagScript.run(StaticTagScript.java:112)
	at org.apache.commons.jelly.impl.ScriptBlock.run(ScriptBlock.java:95)
	at org.apache.commons.jelly.TagSupport.invokeBody(TagSupport.java:186)
	at org.apache.commons.jelly.impl.StaticTag.doTag(StaticTag.java:65)
	at org.apache.commons.jelly.impl.StaticTagScript.run(StaticTagScript.java:112)
	at org.apache.commons.jelly.impl.ScriptBlock.run(ScriptBlock.java:95)
	at org.apache.commons.jelly.TagSupport.invokeBody(TagSupport.java:186)
	at org.apache.commons.jelly.impl.StaticTag.doTag(StaticTag.java:65)
	at org.apache.commons.jelly.impl.StaticTagScript.run(StaticTagScript.java:112)
	at org.apache.commons.jelly.impl.ScriptBlock.run(ScriptBlock.java:95)
	at org.apache.commons.jelly.TagSupport.invokeBody(TagSupport.java:186)
	at org.apache.commons.jelly.tags.core.JellyTag.doTag(JellyTag.java:45)
	at org.apache.commons.jelly.impl.TagScript.run(TagScript.java:262)
	at org.apache.commons.jelly.impl.DynamicTag.doTag(DynamicTag.java:80)
	at org.apache.commons.jelly.impl.TagScript.run(TagScript.java:262)
	at org.apache.commons.jelly.impl.ScriptBlock.run(ScriptBlock.java:95)
	at org.apache.commons.jelly.TagSupport.invokeBody(TagSupport.java:186)
	at org.apache.commons.jelly.tags.core.JellyTag.doTag(JellyTag.java:45)
	at org.apache.commons.jelly.impl.TagScript.run(TagScript.java:262)
	at org.kohsuke.stapler.jelly.JellyClassTearOff.invokeScript(JellyClassTearOff.java:146)
	at org.kohsuke.stapler.jelly.JellyClassTearOff.serveIndexJelly(JellyClassTearOff.java:159)
	at org.kohsuke.stapler.Stapler.invoke(Stapler.java:199)
	at org.kohsuke.stapler.MetaClass$4.doDispatch(MetaClass.java:99)
	at org.kohsuke.stapler.NameBasedDispatcher.dispatch(NameBasedDispatcher.java:30)
	at org.kohsuke.stapler.Stapler.invoke(Stapler.java:212)
	at org.kohsuke.stapler.Stapler.invoke(Stapler.java:161)
	at org.kohsuke.stapler.Stapler.service(Stapler.java:77)
	at javax.servlet.http.HttpServlet.service(HttpServlet.java:802)
	at sun.reflect.GeneratedMethodAccessor54.invoke(Unknown Source)
	at sun.reflect.DelegatingMethodAccessorImpl.invoke(DelegatingMethodAccessorImpl.java:25)
	at java.lang.reflect.Method.invoke(Method.java:585)
	at org.apache.catalina.security.SecurityUtil$1.run(SecurityUtil.java:243)
	at java.security.AccessController.doPrivileged(Native Method)
	at javax.security.auth.Subject.doAsPrivileged(Subject.java:517)
	at org.apache.catalina.security.SecurityUtil.execute(SecurityUtil.java:275)
	at org.apache.catalina.security.SecurityUtil.doAsPrivilege(SecurityUtil.java:161)
	at org.apache.catalina.core.ApplicationFilterChain.internalDoFilter(ApplicationFilterChain.java:245)
	at org.apache.catalina.core.ApplicationFilterChain.access$000(ApplicationFilterChain.java:50)
	at org.apache.catalina.core.ApplicationFilterChain$1.run(ApplicationFilterChain.java:156)
	at java.security.AccessController.doPrivileged(Native Method)
	at org.apache.catalina.core.ApplicationFilterChain.doFilter(ApplicationFilterChain.java:152)
	at org.apache.catalina.core.StandardWrapperValve.invoke(StandardWrapperValve.java:213)
	at org.apache.catalina.core.StandardContextValve.invoke(StandardContextValve.java:178)
	at org.apache.catalina.authenticator.AuthenticatorBase.invoke(AuthenticatorBase.java:432)
	at org.apache.catalina.core.StandardHostValve.invoke(StandardHostValve.java:126)
	at org.apache.catalina.valves.ErrorReportValve.invoke(ErrorReportValve.java:105)
	at org.apache.catalina.core.StandardEngineValve.invoke(StandardEngineValve.java:107)
	at org.apache.catalina.connector.CoyoteAdapter.service(CoyoteAdapter.java:148)
	at org.apache.coyote.http11.Http11Processor.process(Http11Processor.java:869)
	at org.apache.coyote.http11.Http11BaseProtocol$Http11ConnectionHandler.processConnection(Http11BaseProtocol.java:664)
	at org.apache.tomcat.util.net.PoolTcpEndpoint.processSocket(PoolTcpEndpoint.java:527)
	at org.apache.tomcat.util.net.LeaderFollowerWorkerThread.runIt(LeaderFollowerWorkerThread.java:80)
	at org.apache.tomcat.util.threads.ThreadPool$ControlRunnable.run(ThreadPool.java:684)
	at java.lang.Thread.run(Thread.java:595)

"http-8080-Processor21" daemon prio=1 tid=0x891367e8 nid=0x896 in Object.wait() [0x8a4ed000..0x8a4ed5c0]
	at java.lang.Object.wait(Native Method)
	- waiting on <0x9235f6b8> (a org.apache.tomcat.util.threads.ThreadPool$ControlRunnable)
	at java.lang.Object.wait(Object.java:474)
	at org.apache.tomcat.util.threads.ThreadPool$ControlRunnable.run(ThreadPool.java:656)
	- locked <0x9235f6b8> (a org.apache.tomcat.util.threads.ThreadPool$ControlRunnable)
	at java.lang.Thread.run(Thread.java:595)

"http-8080-Processor20" daemon prio=1 tid=0x8b32cdf0 nid=0x7526 runnable [0x8827f000..0x8827f540]
	at java.net.SocketInputStream.socketRead0(Native Method)
	at java.net.SocketInputStream.read(SocketInputStream.java:129)
	at org.apache.coyote.http11.InternalInputBuffer.fill(InternalInputBuffer.java:737)
	at org.apache.coyote.http11.InternalInputBuffer.parseRequestLine(InternalInputBuffer.java:398)
	at org.apache.coyote.http11.Http11Processor.process(Http11Processor.java:827)
	at org.apache.coyote.http11.Http11BaseProtocol$Http11ConnectionHandler.processConnection(Http11BaseProtocol.java:664)
	at org.apache.tomcat.util.net.PoolTcpEndpoint.processSocket(PoolTcpEndpoint.java:527)
	at org.apache.tomcat.util.net.LeaderFollowerWorkerThread.runIt(LeaderFollowerWorkerThread.java:80)
	at org.apache.tomcat.util.threads.ThreadPool$ControlRunnable.run(ThreadPool.java:684)
	at java.lang.Thread.run(Thread.java:595)

"http-8080-Processor19" daemon prio=1 tid=0x8b0c2448 nid=0x7525 in Object.wait() [0x882ff000..0x882ff7c0]
	at java.lang.Object.wait(Native Method)
	- waiting on <0x922a3c60> (a org.apache.tomcat.util.threads.ThreadPool$ControlRunnable)
	at java.lang.Object.wait(Object.java:474)
	at org.apache.tomcat.util.threads.ThreadPool$ControlRunnable.run(ThreadPool.java:656)
	- locked <0x922a3c60> (a org.apache.tomcat.util.threads.ThreadPool$ControlRunnable)
	at java.lang.Thread.run(Thread.java:595)

"http-8080-Processor18" daemon prio=1 tid=0x8b0c20d8 nid=0x7524 in Object.wait() [0x8927f000..0x8927f840]
	at java.lang.Object.wait(Native Method)
	- waiting on <0x922a3c40> (a org.apache.tomcat.util.threads.ThreadPool$ControlRunnable)
	at java.lang.Object.wait(Object.java:474)
	at org.apache.tomcat.util.threads.ThreadPool$ControlRunnable.run(ThreadPool.java:656)
	- locked <0x922a3c40> (a org.apache.tomcat.util.threads.ThreadPool$ControlRunnable)
	at java.lang.Thread.run(Thread.java:595)

"http-8080-Processor17" daemon prio=1 tid=0x89b968d0 nid=0x7523 in Object.wait() [0x892ff000..0x892ff6c0]
	at java.lang.Object.wait(Native Method)
	- waiting on <0x922a3c20> (a org.apache.tomcat.util.threads.ThreadPool$ControlRunnable)
	at java.lang.Object.wait(Object.java:474)
	at org.apache.tomcat.util.threads.ThreadPool$ControlRunnable.run(ThreadPool.java:656)
	- locked <0x922a3c20> (a org.apache.tomcat.util.threads.ThreadPool$ControlRunnable)
	at java.lang.Thread.run(Thread.java:595)

"Java2D Disposer" daemon prio=1 tid=0x08a27f08 nid=0x13e3 in Object.wait() [0x88c7f000..0x88c7f4c0]
	at java.lang.Object.wait(Native Method)
	- waiting on <0x921437c0> (a java.lang.ref.ReferenceQueue$Lock)
	at java.lang.ref.ReferenceQueue.remove(ReferenceQueue.java:116)
	- locked <0x921437c0> (a java.lang.ref.ReferenceQueue$Lock)
	at java.lang.ref.ReferenceQueue.remove(ReferenceQueue.java:132)
	at sun.java2d.Disposer.run(Disposer.java:107)
	at java.lang.Thread.run(Thread.java:595)

"http-8080-Processor16" daemon prio=1 tid=0x89525de0 nid=0x2877 in Object.wait() [0x88e7f000..0x88e7f540]
	at java.lang.Object.wait(Native Method)
	- waiting on <0x90a35010> (a org.apache.tomcat.util.threads.ThreadPool$ControlRunnable)
	at java.lang.Object.wait(Object.java:474)
	at org.apache.tomcat.util.threads.ThreadPool$ControlRunnable.run(ThreadPool.java:656)
	- locked <0x90a35010> (a org.apache.tomcat.util.threads.ThreadPool$ControlRunnable)
	at java.lang.Thread.run(Thread.java:595)

"http-8080-Processor15" daemon prio=1 tid=0x0842bd30 nid=0x2876 in Object.wait() [0x88eff000..0x88eff7c0]
	at java.lang.Object.wait(Native Method)
	- waiting on <0x90a33f48> (a org.apache.tomcat.util.threads.ThreadPool$ControlRunnable)
	at java.lang.Object.wait(Object.java:474)
	at org.apache.tomcat.util.threads.ThreadPool$ControlRunnable.run(ThreadPool.java:656)
	- locked <0x90a33f48> (a org.apache.tomcat.util.threads.ThreadPool$ControlRunnable)
	at java.lang.Thread.run(Thread.java:595)

"http-8080-Processor14" daemon prio=1 tid=0x08375c98 nid=0x2875 runnable [0x8907e000..0x8907f840]
	at java.net.SocketOutputStream.socketWrite0(Native Method)
	at java.net.SocketOutputStream.socketWrite(SocketOutputStream.java:92)
	at java.net.SocketOutputStream.write(SocketOutputStream.java:136)
	at org.apache.coyote.http11.InternalOutputBuffer.realWriteBytes(InternalOutputBuffer.java:746)
	at org.apache.tomcat.util.buf.ByteChunk.flushBuffer(ByteChunk.java:433)
	at org.apache.tomcat.util.buf.ByteChunk.append(ByteChunk.java:348)
	at org.apache.coyote.http11.InternalOutputBuffer$OutputStreamOutputBuffer.doWrite(InternalOutputBuffer.java:769)
	at org.apache.coyote.http11.filters.IdentityOutputFilter.doWrite(IdentityOutputFilter.java:117)
	at org.apache.coyote.http11.InternalOutputBuffer.doWrite(InternalOutputBuffer.java:579)
	at org.apache.coyote.Response.doWrite(Response.java:559)
	at org.apache.catalina.connector.OutputBuffer.realWriteBytes(OutputBuffer.java:361)
	at org.apache.tomcat.util.buf.ByteChunk.flushBuffer(ByteChunk.java:433)
	at org.apache.tomcat.util.buf.ByteChunk.append(ByteChunk.java:348)
	at org.apache.catalina.connector.OutputBuffer.writeBytes(OutputBuffer.java:392)
	at org.apache.catalina.connector.OutputBuffer.write(OutputBuffer.java:381)
	at org.apache.catalina.connector.CoyoteOutputStream.write(CoyoteOutputStream.java:88)
	at org.kohsuke.stapler.Stapler.serveStaticResource(Stapler.java:140)
	at org.kohsuke.stapler.ResponseImpl.serveFile(ResponseImpl.java:41)
	at hudson.model.DirectoryHolder.serveFile(DirectoryHolder.java:102)
	at hudson.model.Run.doArtifact(Run.java:608)
	- locked <0xab99a1f0> (a hudson.model.Build)
	at sun.reflect.GeneratedMethodAccessor159.invoke(Unknown Source)
	at sun.reflect.DelegatingMethodAccessorImpl.invoke(DelegatingMethodAccessorImpl.java:25)
	at java.lang.reflect.Method.invoke(Method.java:585)
	at org.kohsuke.stapler.Function$InstanceFunction.invoke(Function.java:50)
	at org.kohsuke.stapler.MetaClass$6.doDispatch(MetaClass.java:122)
	at org.kohsuke.stapler.NameBasedDispatcher.dispatch(NameBasedDispatcher.java:30)
	at org.kohsuke.stapler.Stapler.invoke(Stapler.java:212)
	at org.kohsuke.stapler.MetaClass$2.doDispatch(MetaClass.java:75)
	at org.kohsuke.stapler.NameBasedDispatcher.dispatch(NameBasedDispatcher.java:30)
	at org.kohsuke.stapler.Stapler.invoke(Stapler.java:212)
	at org.kohsuke.stapler.MetaClass$4.doDispatch(MetaClass.java:99)
	at org.kohsuke.stapler.NameBasedDispatcher.dispatch(NameBasedDispatcher.java:30)
	at org.kohsuke.stapler.Stapler.invoke(Stapler.java:212)
	at org.kohsuke.stapler.Stapler.invoke(Stapler.java:161)
	at org.kohsuke.stapler.Stapler.service(Stapler.java:77)
	at javax.servlet.http.HttpServlet.service(HttpServlet.java:802)
	at sun.reflect.GeneratedMethodAccessor54.invoke(Unknown Source)
	at sun.reflect.DelegatingMethodAccessorImpl.invoke(DelegatingMethodAccessorImpl.java:25)
	at java.lang.reflect.Method.invoke(Method.java:585)
	at org.apache.catalina.security.SecurityUtil$1.run(SecurityUtil.java:243)
	at java.security.AccessController.doPrivileged(Native Method)
	at javax.security.auth.Subject.doAsPrivileged(Subject.java:517)
	at org.apache.catalina.security.SecurityUtil.execute(SecurityUtil.java:275)
	at org.apache.catalina.security.SecurityUtil.doAsPrivilege(SecurityUtil.java:161)
	at org.apache.catalina.core.ApplicationFilterChain.internalDoFilter(ApplicationFilterChain.java:245)
	at org.apache.catalina.core.ApplicationFilterChain.access$000(ApplicationFilterChain.java:50)
	at org.apache.catalina.core.ApplicationFilterChain$1.run(ApplicationFilterChain.java:156)
	at java.security.AccessController.doPrivileged(Native Method)
	at org.apache.catalina.core.ApplicationFilterChain.doFilter(ApplicationFilterChain.java:152)
	at org.apache.catalina.core.StandardWrapperValve.invoke(StandardWrapperValve.java:213)
	at org.apache.catalina.core.StandardContextValve.invoke(StandardContextValve.java:178)
	at org.apache.catalina.authenticator.AuthenticatorBase.invoke(AuthenticatorBase.java:432)
	at org.apache.catalina.core.StandardHostValve.invoke(StandardHostValve.java:126)
	at org.apache.catalina.valves.ErrorReportValve.invoke(ErrorReportValve.java:105)
	at org.apache.catalina.core.StandardEngineValve.invoke(StandardEngineValve.java:107)
	at org.apache.catalina.connector.CoyoteAdapter.service(CoyoteAdapter.java:148)
	at org.apache.coyote.http11.Http11Processor.process(Http11Processor.java:869)
	at org.apache.coyote.http11.Http11BaseProtocol$Http11ConnectionHandler.processConnection(Http11BaseProtocol.java:664)
	at org.apache.tomcat.util.net.PoolTcpEndpoint.processSocket(PoolTcpEndpoint.java:527)
	at org.apache.tomcat.util.net.LeaderFollowerWorkerThread.runIt(LeaderFollowerWorkerThread.java:80)
	at org.apache.tomcat.util.threads.ThreadPool$ControlRunnable.run(ThreadPool.java:684)
	at java.lang.Thread.run(Thread.java:595)

"http-8080-Processor13" daemon prio=1 tid=0x08375700 nid=0x2874 in Object.wait() [0x890ff000..0x890ff6c0]
	at java.lang.Object.wait(Native Method)
	- waiting on <0x90a33f08> (a org.apache.tomcat.util.threads.ThreadPool$ControlRunnable)
	at java.lang.Object.wait(Object.java:474)
	at org.apache.tomcat.util.threads.ThreadPool$ControlRunnable.run(ThreadPool.java:656)
	- locked <0x90a33f08> (a org.apache.tomcat.util.threads.ThreadPool$ControlRunnable)
	at java.lang.Thread.run(Thread.java:595)

"http-8080-Processor12" daemon prio=1 tid=0x08241b78 nid=0x2741 in Object.wait() [0x894ff000..0x894ff4c0]
	at java.lang.Object.wait(Native Method)
	- waiting on <0x907a4e50> (a org.apache.tomcat.util.threads.ThreadPool$ControlRunnable)
	at java.lang.Object.wait(Object.java:474)
	at org.apache.tomcat.util.threads.ThreadPool$ControlRunnable.run(ThreadPool.java:656)
	- locked <0x907a4e50> (a org.apache.tomcat.util.threads.ThreadPool$ControlRunnable)
	at java.lang.Thread.run(Thread.java:595)

"http-8080-Processor11" daemon prio=1 tid=0x094a6ff0 nid=0x2740 in Object.wait() [0x896bd000..0x896bd540]
	at java.lang.Object.wait(Native Method)
	- waiting on <0x907e4eb8> (a org.apache.tomcat.util.threads.ThreadPool$ControlRunnable)
	at java.lang.Object.wait(Object.java:474)
	at org.apache.tomcat.util.threads.ThreadPool$ControlRunnable.run(ThreadPool.java:656)
	- locked <0x907e4eb8> (a org.apache.tomcat.util.threads.ThreadPool$ControlRunnable)
	at java.lang.Thread.run(Thread.java:595)

"http-8080-Processor10" daemon prio=1 tid=0x081f2c48 nid=0x273f runnable [0x8973d000..0x8973d7c0]
	at java.net.SocketInputStream.socketRead0(Native Method)
	at java.net.SocketInputStream.read(SocketInputStream.java:129)
	at org.apache.coyote.http11.InternalInputBuffer.fill(InternalInputBuffer.java:737)
	at org.apache.coyote.http11.InternalInputBuffer.parseRequestLine(InternalInputBuffer.java:398)
	at org.apache.coyote.http11.Http11Processor.process(Http11Processor.java:827)
	at org.apache.coyote.http11.Http11BaseProtocol$Http11ConnectionHandler.processConnection(Http11BaseProtocol.java:664)
	at org.apache.tomcat.util.net.PoolTcpEndpoint.processSocket(PoolTcpEndpoint.java:527)
	at org.apache.tomcat.util.net.LeaderFollowerWorkerThread.runIt(LeaderFollowerWorkerThread.java:80)
	at org.apache.tomcat.util.threads.ThreadPool$ControlRunnable.run(ThreadPool.java:684)
	at java.lang.Thread.run(Thread.java:595)

"http-8080-Processor9" daemon prio=1 tid=0x09114680 nid=0x273e in Object.wait() [0x897bd000..0x897bd840]
	at java.lang.Object.wait(Native Method)
	- waiting on <0x907edf80> (a org.apache.tomcat.util.threads.ThreadPool$ControlRunnable)
	at java.lang.Object.wait(Object.java:474)
	at org.apache.tomcat.util.threads.ThreadPool$ControlRunnable.run(ThreadPool.java:656)
	- locked <0x907edf80> (a org.apache.tomcat.util.threads.ThreadPool$ControlRunnable)
	at java.lang.Thread.run(Thread.java:595)

"http-8080-Processor8" daemon prio=1 tid=0x090ff820 nid=0x273d runnable [0x8983d000..0x8983d6c0]
	at java.net.PlainSocketImpl.socketAccept(Native Method)
	at java.net.PlainSocketImpl.accept(PlainSocketImpl.java:384)
	- locked <0x90300620> (a java.net.SocksSocketImpl)
	at java.net.ServerSocket.implAccept(ServerSocket.java:450)
	at java.net.ServerSocket.accept(ServerSocket.java:421)
	at org.apache.tomcat.util.net.DefaultServerSocketFactory.acceptSocket(DefaultServerSocketFactory.java:60)
	at org.apache.tomcat.util.net.PoolTcpEndpoint.acceptSocket(PoolTcpEndpoint.java:407)
	at org.apache.tomcat.util.net.LeaderFollowerWorkerThread.runIt(LeaderFollowerWorkerThread.java:70)
	at org.apache.tomcat.util.threads.ThreadPool$ControlRunnable.run(ThreadPool.java:684)
	at java.lang.Thread.run(Thread.java:595)

"http-8080-Processor7" daemon prio=1 tid=0x081b6af8 nid=0x273c runnable [0x898bd000..0x898bd740]
	at java.net.SocketInputStream.socketRead0(Native Method)
	at java.net.SocketInputStream.read(SocketInputStream.java:129)
	at org.apache.coyote.http11.InternalInputBuffer.fill(InternalInputBuffer.java:737)
	at org.apache.coyote.http11.InternalInputBuffer.parseRequestLine(InternalInputBuffer.java:398)
	at org.apache.coyote.http11.Http11Processor.process(Http11Processor.java:827)
	at org.apache.coyote.http11.Http11BaseProtocol$Http11ConnectionHandler.processConnection(Http11BaseProtocol.java:664)
	at org.apache.tomcat.util.net.PoolTcpEndpoint.processSocket(PoolTcpEndpoint.java:527)
	at org.apache.tomcat.util.net.LeaderFollowerWorkerThread.runIt(LeaderFollowerWorkerThread.java:80)
	at org.apache.tomcat.util.threads.ThreadPool$ControlRunnable.run(ThreadPool.java:684)
	at java.lang.Thread.run(Thread.java:595)

"http-8080-Processor6" daemon prio=1 tid=0x08c12300 nid=0x273b in Object.wait() [0x89c83000..0x89c835c0]
	at java.lang.Object.wait(Native Method)
	- waiting on <0x908e7c08> (a org.apache.tomcat.util.threads.ThreadPool$ControlRunnable)
	at java.lang.Object.wait(Object.java:474)
	at org.apache.tomcat.util.threads.ThreadPool$ControlRunnable.run(ThreadPool.java:656)
	- locked <0x908e7c08> (a org.apache.tomcat.util.threads.ThreadPool$ControlRunnable)
	at java.lang.Thread.run(Thread.java:595)

"http-8080-Processor5" daemon prio=1 tid=0x0846ffa0 nid=0x273a in Object.wait() [0x89d03000..0x89d03640]
	at java.lang.Object.wait(Native Method)
	- waiting on <0x908edf20> (a org.apache.tomcat.util.threads.ThreadPool$ControlRunnable)
	at java.lang.Object.wait(Object.java:474)
	at org.apache.tomcat.util.threads.ThreadPool$ControlRunnable.run(ThreadPool.java:656)
	- locked <0x908edf20> (a org.apache.tomcat.util.threads.ThreadPool$ControlRunnable)
	at java.lang.Thread.run(Thread.java:595)

"TP-Monitor" daemon prio=1 tid=0x08382d80 nid=0x2737 in Object.wait() [0x8a56d000..0x8a56d4c0]
	at java.lang.Object.wait(Native Method)
	- waiting on <0x906d0970> (a org.apache.tomcat.util.threads.ThreadPool$MonitorRunnable)
	at org.apache.tomcat.util.threads.ThreadPool$MonitorRunnable.run(ThreadPool.java:559)
	- locked <0x906d0970> (a org.apache.tomcat.util.threads.ThreadPool$MonitorRunnable)
	at java.lang.Thread.run(Thread.java:595)

"TP-Processor4" daemon prio=1 tid=0x09dda9a8 nid=0x2736 runnable [0x8a87f000..0x8a87f540]
	at java.net.PlainSocketImpl.socketAccept(Native Method)
	at java.net.PlainSocketImpl.accept(PlainSocketImpl.java:384)
	- locked <0x906d0550> (a java.net.SocksSocketImpl)
	at java.net.ServerSocket.implAccept(ServerSocket.java:450)
	at java.net.ServerSocket.accept(ServerSocket.java:421)
	at org.apache.jk.common.ChannelSocket.accept(ChannelSocket.java:293)
	at org.apache.jk.common.ChannelSocket.acceptConnections(ChannelSocket.java:647)
	at org.apache.jk.common.ChannelSocket$SocketAcceptor.runIt(ChannelSocket.java:857)
	at org.apache.tomcat.util.threads.ThreadPool$ControlRunnable.run(ThreadPool.java:684)
	at java.lang.Thread.run(Thread.java:595)

"TP-Processor3" daemon prio=1 tid=0x09e8bae0 nid=0x2735 in Object.wait() [0x8a8ff000..0x8a8ff7c0]
	at java.lang.Object.wait(Native Method)
	- waiting on <0x906d0a28> (a org.apache.tomcat.util.threads.ThreadPool$ControlRunnable)
	at java.lang.Object.wait(Object.java:474)
	at org.apache.tomcat.util.threads.ThreadPool$ControlRunnable.run(ThreadPool.java:656)
	- locked <0x906d0a28> (a org.apache.tomcat.util.threads.ThreadPool$ControlRunnable)
	at java.lang.Thread.run(Thread.java:595)

"TP-Processor2" daemon prio=1 tid=0x08384100 nid=0x2734 in Object.wait() [0x8ab7f000..0x8ab7f840]
	at java.lang.Object.wait(Native Method)
	- waiting on <0x906d0a08> (a org.apache.tomcat.util.threads.ThreadPool$ControlRunnable)
	at java.lang.Object.wait(Object.java:474)
	at org.apache.tomcat.util.threads.ThreadPool$ControlRunnable.run(ThreadPool.java:656)
	- locked <0x906d0a08> (a org.apache.tomcat.util.threads.ThreadPool$ControlRunnable)
	at java.lang.Thread.run(Thread.java:595)

"TP-Processor1" daemon prio=1 tid=0x09566600 nid=0x2733 in Object.wait() [0x8abff000..0x8abff6c0]
	at java.lang.Object.wait(Native Method)
	- waiting on <0x906d09e8> (a org.apache.tomcat.util.threads.ThreadPool$ControlRunnable)
	at java.lang.Object.wait(Object.java:474)
	at org.apache.tomcat.util.threads.ThreadPool$ControlRunnable.run(ThreadPool.java:656)
	- locked <0x906d09e8> (a org.apache.tomcat.util.threads.ThreadPool$ControlRunnable)
	at java.lang.Thread.run(Thread.java:595)

"http-8080-Monitor" prio=1 tid=0x089ff2d8 nid=0x271f in Object.wait() [0x8a5ed000..0x8a5ed740]
	at java.lang.Object.wait(Native Method)
	- waiting on <0x9065c490> (a org.apache.tomcat.util.threads.ThreadPool$MonitorRunnable)
	at org.apache.tomcat.util.threads.ThreadPool$MonitorRunnable.run(ThreadPool.java:559)
	- locked <0x9065c490> (a org.apache.tomcat.util.threads.ThreadPool$MonitorRunnable)
	at java.lang.Thread.run(Thread.java:595)

"http-8080-Processor4" daemon prio=1 tid=0x089e6438 nid=0x271e in Object.wait() [0x8a66d000..0x8a66d5c0]
	at java.lang.Object.wait(Native Method)
	- waiting on <0x908eaec8> (a org.apache.tomcat.util.threads.ThreadPool$ControlRunnable)
	at java.lang.Object.wait(Object.java:474)
	at org.apache.tomcat.util.threads.ThreadPool$ControlRunnable.run(ThreadPool.java:656)
	- locked <0x908eaec8> (a org.apache.tomcat.util.threads.ThreadPool$ControlRunnable)
	at java.lang.Thread.run(Thread.java:595)

"http-8080-Processor3" daemon prio=1 tid=0x089e5608 nid=0x271d waiting for monitor entry [0x8a6eb000..0x8a6ed640]
	at hudson.model.Actionable.getActions(Actionable.java:27)
	- waiting to lock <0xab127e90> (a hudson.model.Build)
	at hudson.model.Actionable.getAction(Actionable.java:38)
	at hudson.model.Build.getTestResultAction(Build.java:126)
	at sun.reflect.GeneratedMethodAccessor131.invoke(Unknown Source)
	at sun.reflect.DelegatingMethodAccessorImpl.invoke(DelegatingMethodAccessorImpl.java:25)
	at java.lang.reflect.Method.invoke(Method.java:585)
	at org.apache.commons.jexl.util.PropertyExecutor.execute(PropertyExecutor.java:123)
	at org.apache.commons.jexl.util.introspection.UberspectImpl$VelGetterImpl.invoke(UberspectImpl.java:287)
	at org.apache.commons.jexl.parser.ASTArrayAccess.evaluateExpr(ASTArrayAccess.java:183)
	at org.apache.commons.jexl.parser.ASTIdentifier.execute(ASTIdentifier.java:73)
	at org.apache.commons.jexl.parser.ASTReference.execute(ASTReference.java:82)
	at org.apache.commons.jexl.parser.ASTReference.value(ASTReference.java:56)
	at org.apache.commons.jexl.parser.ASTReferenceExpression.value(ASTReferenceExpression.java:50)
	at org.apache.commons.jexl.ExpressionImpl.evaluate(ExpressionImpl.java:79)
	at org.apache.commons.jelly.expression.jexl.JexlExpression.evaluate(JexlExpression.java:69)
	at org.apache.commons.jelly.expression.jexl.JexlExpressionFactory$ExpressionSupportLocal.evaluate(JexlExpressionFactory.java:122)
	at org.apache.commons.jelly.tags.core.SetTag.doTag(SetTag.java:84)
	at org.apache.commons.jelly.impl.TagScript.run(TagScript.java:262)
	at org.apache.commons.jelly.impl.ScriptBlock.run(ScriptBlock.java:95)
	at org.apache.commons.jelly.TagSupport.invokeBody(TagSupport.java:186)
	at org.apache.commons.jelly.impl.StaticTag.doTag(StaticTag.java:65)
	at org.apache.commons.jelly.impl.StaticTagScript.run(StaticTagScript.java:112)
	at org.apache.commons.jelly.impl.ScriptBlock.run(ScriptBlock.java:95)
	at org.apache.commons.jelly.TagSupport.invokeBody(TagSupport.java:186)
	at org.apache.commons.jelly.tags.core.JellyTag.doTag(JellyTag.java:45)
	at org.apache.commons.jelly.impl.TagScript.run(TagScript.java:262)
	at org.kohsuke.stapler.jelly.IncludeTag.doTag(IncludeTag.java:73)
	at org.apache.commons.jelly.impl.TagScript.run(TagScript.java:262)
	at org.apache.commons.jelly.impl.ScriptBlock.run(ScriptBlock.java:95)
	at org.apache.commons.jelly.tags.define.InvokeBodyTag.doTag(InvokeBodyTag.java:91)
	at org.apache.commons.jelly.impl.TagScript.run(TagScript.java:262)
	at org.apache.commons.jelly.impl.ScriptBlock.run(ScriptBlock.java:95)
	at org.apache.commons.jelly.TagSupport.invokeBody(TagSupport.java:186)
	at org.apache.commons.jelly.tags.core.IfTag.doTag(IfTag.java:42)
	at org.apache.commons.jelly.impl.TagScript.run(TagScript.java:262)
	at org.apache.commons.jelly.impl.ScriptBlock.run(ScriptBlock.java:95)
	at org.apache.commons.jelly.TagSupport.invokeBody(TagSupport.java:186)
	at org.apache.commons.jelly.tags.core.JellyTag.doTag(JellyTag.java:45)
	at org.apache.commons.jelly.impl.TagScript.run(TagScript.java:262)
	at org.apache.commons.jelly.impl.DynamicTag.doTag(DynamicTag.java:80)
	at org.apache.commons.jelly.impl.TagScript.run(TagScript.java:262)
	at org.apache.commons.jelly.impl.ScriptBlock.run(ScriptBlock.java:95)
	at org.apache.commons.jelly.tags.define.InvokeBodyTag.doTag(InvokeBodyTag.java:91)
	at org.apache.commons.jelly.impl.TagScript.run(TagScript.java:262)
	at org.apache.commons.jelly.impl.ScriptBlock.run(ScriptBlock.java:95)
	at org.apache.commons.jelly.TagSupport.invokeBody(TagSupport.java:186)
	at org.apache.commons.jelly.impl.StaticTag.doTag(StaticTag.java:65)
	at org.apache.commons.jelly.impl.StaticTagScript.run(StaticTagScript.java:112)
	at org.apache.commons.jelly.impl.ScriptBlock.run(ScriptBlock.java:95)
	at org.apache.commons.jelly.TagSupport.invokeBody(TagSupport.java:186)
	at org.apache.commons.jelly.impl.StaticTag.doTag(StaticTag.java:65)
	at org.apache.commons.jelly.impl.StaticTagScript.run(StaticTagScript.java:112)
	at org.apache.commons.jelly.impl.ScriptBlock.run(ScriptBlock.java:95)
	at org.apache.commons.jelly.TagSupport.invokeBody(TagSupport.java:186)
	at org.apache.commons.jelly.impl.StaticTag.doTag(StaticTag.java:65)
	at org.apache.commons.jelly.impl.StaticTagScript.run(StaticTagScript.java:112)
	at org.apache.commons.jelly.impl.ScriptBlock.run(ScriptBlock.java:95)
	at org.apache.commons.jelly.TagSupport.invokeBody(TagSupport.java:186)
	at org.apache.commons.jelly.impl.StaticTag.doTag(StaticTag.java:65)
	at org.apache.commons.jelly.impl.StaticTagScript.run(StaticTagScript.java:112)
	at org.apache.commons.jelly.impl.ScriptBlock.run(ScriptBlock.java:95)
	at org.apache.commons.jelly.TagSupport.invokeBody(TagSupport.java:186)
	at org.apache.commons.jelly.impl.StaticTag.doTag(StaticTag.java:65)
	at org.apache.commons.jelly.impl.StaticTagScript.run(StaticTagScript.java:112)
	at org.apache.commons.jelly.impl.ScriptBlock.run(ScriptBlock.java:95)
	at org.apache.commons.jelly.TagSupport.invokeBody(TagSupport.java:186)
	at org.apache.commons.jelly.tags.core.JellyTag.doTag(JellyTag.java:45)
	at org.apache.commons.jelly.impl.TagScript.run(TagScript.java:262)
	at org.apache.commons.jelly.impl.DynamicTag.doTag(DynamicTag.java:80)
	at org.apache.commons.jelly.impl.TagScript.run(TagScript.java:262)
	at org.apache.commons.jelly.impl.ScriptBlock.run(ScriptBlock.java:95)
	at org.apache.commons.jelly.TagSupport.invokeBody(TagSupport.java:186)
	at org.apache.commons.jelly.tags.core.JellyTag.doTag(JellyTag.java:45)
	at org.apache.commons.jelly.impl.TagScript.run(TagScript.java:262)
	at org.kohsuke.stapler.jelly.JellyClassTearOff.invokeScript(JellyClassTearOff.java:146)
	at org.kohsuke.stapler.jelly.JellyClassTearOff.serveIndexJelly(JellyClassTearOff.java:159)
	at org.kohsuke.stapler.Stapler.invoke(Stapler.java:199)
	at org.kohsuke.stapler.MetaClass$4.doDispatch(MetaClass.java:99)
	at org.kohsuke.stapler.NameBasedDispatcher.dispatch(NameBasedDispatcher.java:30)
	at org.kohsuke.stapler.Stapler.invoke(Stapler.java:212)
	at org.kohsuke.stapler.Stapler.invoke(Stapler.java:161)
	at org.kohsuke.stapler.Stapler.service(Stapler.java:77)
	at javax.servlet.http.HttpServlet.service(HttpServlet.java:802)
	at sun.reflect.GeneratedMethodAccessor54.invoke(Unknown Source)
	at sun.reflect.DelegatingMethodAccessorImpl.invoke(DelegatingMethodAccessorImpl.java:25)
	at java.lang.reflect.Method.invoke(Method.java:585)
	at org.apache.catalina.security.SecurityUtil$1.run(SecurityUtil.java:243)
	at java.security.AccessController.doPrivileged(Native Method)
	at javax.security.auth.Subject.doAsPrivileged(Subject.java:517)
	at org.apache.catalina.security.SecurityUtil.execute(SecurityUtil.java:275)
	at org.apache.catalina.security.SecurityUtil.doAsPrivilege(SecurityUtil.java:161)
	at org.apache.catalina.core.ApplicationFilterChain.internalDoFilter(ApplicationFilterChain.java:245)
	at org.apache.catalina.core.ApplicationFilterChain.access$000(ApplicationFilterChain.java:50)
	at org.apache.catalina.core.ApplicationFilterChain$1.run(ApplicationFilterChain.java:156)
	at java.security.AccessController.doPrivileged(Native Method)
	at org.apache.catalina.core.ApplicationFilterChain.doFilter(ApplicationFilterChain.java:152)
	at org.apache.catalina.core.StandardWrapperValve.invoke(StandardWrapperValve.java:213)
	at org.apache.catalina.core.StandardContextValve.invoke(StandardContextValve.java:178)
	at org.apache.catalina.authenticator.AuthenticatorBase.invoke(AuthenticatorBase.java:432)
	at org.apache.catalina.core.StandardHostValve.invoke(StandardHostValve.java:126)
	at org.apache.catalina.valves.ErrorReportValve.invoke(ErrorReportValve.java:105)
	at org.apache.catalina.core.StandardEngineValve.invoke(StandardEngineValve.java:107)
	at org.apache.catalina.connector.CoyoteAdapter.service(CoyoteAdapter.java:148)
	at org.apache.coyote.http11.Http11Processor.process(Http11Processor.java:869)
	at org.apache.coyote.http11.Http11BaseProtocol$Http11ConnectionHandler.processConnection(Http11BaseProtocol.java:664)
	at org.apache.tomcat.util.net.PoolTcpEndpoint.processSocket(PoolTcpEndpoint.java:527)
	at org.apache.tomcat.util.net.LeaderFollowerWorkerThread.runIt(LeaderFollowerWorkerThread.java:80)
	at org.apache.tomcat.util.threads.ThreadPool$ControlRunnable.run(ThreadPool.java:684)
	at java.lang.Thread.run(Thread.java:595)

"http-8080-Processor2" daemon prio=1 tid=0x09595d00 nid=0x271c in Object.wait() [0x8a76d000..0x8a76d4c0]
	at java.lang.Object.wait(Native Method)
	- waiting on <0x908e7cb8> (a org.apache.tomcat.util.threads.ThreadPool$ControlRunnable)
	at java.lang.Object.wait(Object.java:474)
	at org.apache.tomcat.util.threads.ThreadPool$ControlRunnable.run(ThreadPool.java:656)
	- locked <0x908e7cb8> (a org.apache.tomcat.util.threads.ThreadPool$ControlRunnable)
	at java.lang.Thread.run(Thread.java:595)

"http-8080-Processor1" daemon prio=1 tid=0x08a6f930 nid=0x271b waiting for monitor entry [0x8ad7d000..0x8ad7f540]
	at hudson.model.Actionable.getActions(Actionable.java:27)
	- waiting to lock <0xab127e90> (a hudson.model.Build)
	at hudson.model.Actionable.getAction(Actionable.java:38)
	at hudson.model.Build.getTestResultAction(Build.java:126)
	at sun.reflect.GeneratedMethodAccessor131.invoke(Unknown Source)
	at sun.reflect.DelegatingMethodAccessorImpl.invoke(DelegatingMethodAccessorImpl.java:25)
	at java.lang.reflect.Method.invoke(Method.java:585)
	at org.apache.commons.jexl.util.PropertyExecutor.execute(PropertyExecutor.java:123)
	at org.apache.commons.jexl.util.introspection.UberspectImpl$VelGetterImpl.invoke(UberspectImpl.java:287)
	at org.apache.commons.jexl.parser.ASTArrayAccess.evaluateExpr(ASTArrayAccess.java:183)
	at org.apache.commons.jexl.parser.ASTIdentifier.execute(ASTIdentifier.java:73)
	at org.apache.commons.jexl.parser.ASTReference.execute(ASTReference.java:82)
	at org.apache.commons.jexl.parser.ASTReference.value(ASTReference.java:56)
	at org.apache.commons.jexl.parser.ASTReferenceExpression.value(ASTReferenceExpression.java:50)
	at org.apache.commons.jexl.ExpressionImpl.evaluate(ExpressionImpl.java:79)
	at org.apache.commons.jelly.expression.jexl.JexlExpression.evaluate(JexlExpression.java:69)
	at org.apache.commons.jelly.expression.jexl.JexlExpressionFactory$ExpressionSupportLocal.evaluate(JexlExpressionFactory.java:122)
	at org.apache.commons.jelly.tags.core.SetTag.doTag(SetTag.java:84)
	at org.apache.commons.jelly.impl.TagScript.run(TagScript.java:262)
	at org.apache.commons.jelly.impl.ScriptBlock.run(ScriptBlock.java:95)
	at org.apache.commons.jelly.TagSupport.invokeBody(TagSupport.java:186)
	at org.apache.commons.jelly.impl.StaticTag.doTag(StaticTag.java:65)
	at org.apache.commons.jelly.impl.StaticTagScript.run(StaticTagScript.java:112)
	at org.apache.commons.jelly.impl.ScriptBlock.run(ScriptBlock.java:95)
	at org.apache.commons.jelly.TagSupport.invokeBody(TagSupport.java:186)
	at org.apache.commons.jelly.tags.core.JellyTag.doTag(JellyTag.java:45)
	at org.apache.commons.jelly.impl.TagScript.run(TagScript.java:262)
	at org.kohsuke.stapler.jelly.IncludeTag.doTag(IncludeTag.java:73)
	at org.apache.commons.jelly.impl.TagScript.run(TagScript.java:262)
	at org.apache.commons.jelly.impl.ScriptBlock.run(ScriptBlock.java:95)
	at org.apache.commons.jelly.tags.define.InvokeBodyTag.doTag(InvokeBodyTag.java:91)
	at org.apache.commons.jelly.impl.TagScript.run(TagScript.java:262)
	at org.apache.commons.jelly.impl.ScriptBlock.run(ScriptBlock.java:95)
	at org.apache.commons.jelly.TagSupport.invokeBody(TagSupport.java:186)
	at org.apache.commons.jelly.tags.core.IfTag.doTag(IfTag.java:42)
	at org.apache.commons.jelly.impl.TagScript.run(TagScript.java:262)
	at org.apache.commons.jelly.impl.ScriptBlock.run(ScriptBlock.java:95)
	at org.apache.commons.jelly.TagSupport.invokeBody(TagSupport.java:186)
	at org.apache.commons.jelly.tags.core.JellyTag.doTag(JellyTag.java:45)
	at org.apache.commons.jelly.impl.TagScript.run(TagScript.java:262)
	at org.apache.commons.jelly.impl.DynamicTag.doTag(DynamicTag.java:80)
	at org.apache.commons.jelly.impl.TagScript.run(TagScript.java:262)
	at org.apache.commons.jelly.impl.ScriptBlock.run(ScriptBlock.java:95)
	at org.apache.commons.jelly.tags.define.InvokeBodyTag.doTag(InvokeBodyTag.java:91)
	at org.apache.commons.jelly.impl.TagScript.run(TagScript.java:262)
	at org.apache.commons.jelly.impl.ScriptBlock.run(ScriptBlock.java:95)
	at org.apache.commons.jelly.TagSupport.invokeBody(TagSupport.java:186)
	at org.apache.commons.jelly.impl.StaticTag.doTag(StaticTag.java:65)
	at org.apache.commons.jelly.impl.StaticTagScript.run(StaticTagScript.java:112)
	at org.apache.commons.jelly.impl.ScriptBlock.run(ScriptBlock.java:95)
	at org.apache.commons.jelly.TagSupport.invokeBody(TagSupport.java:186)
	at org.apache.commons.jelly.impl.StaticTag.doTag(StaticTag.java:65)
	at org.apache.commons.jelly.impl.StaticTagScript.run(StaticTagScript.java:112)
	at org.apache.commons.jelly.impl.ScriptBlock.run(ScriptBlock.java:95)
	at org.apache.commons.jelly.TagSupport.invokeBody(TagSupport.java:186)
	at org.apache.commons.jelly.impl.StaticTag.doTag(StaticTag.java:65)
	at org.apache.commons.jelly.impl.StaticTagScript.run(StaticTagScript.java:112)
	at org.apache.commons.jelly.impl.ScriptBlock.run(ScriptBlock.java:95)
	at org.apache.commons.jelly.TagSupport.invokeBody(TagSupport.java:186)
	at org.apache.commons.jelly.impl.StaticTag.doTag(StaticTag.java:65)
	at org.apache.commons.jelly.impl.StaticTagScript.run(StaticTagScript.java:112)
	at org.apache.commons.jelly.impl.ScriptBlock.run(ScriptBlock.java:95)
	at org.apache.commons.jelly.TagSupport.invokeBody(TagSupport.java:186)
	at org.apache.commons.jelly.impl.StaticTag.doTag(StaticTag.java:65)
	at org.apache.commons.jelly.impl.StaticTagScript.run(StaticTagScript.java:112)
	at org.apache.commons.jelly.impl.ScriptBlock.run(ScriptBlock.java:95)
	at org.apache.commons.jelly.TagSupport.invokeBody(TagSupport.java:186)
	at org.apache.commons.jelly.tags.core.JellyTag.doTag(JellyTag.java:45)
	at org.apache.commons.jelly.impl.TagScript.run(TagScript.java:262)
	at org.apache.commons.jelly.impl.DynamicTag.doTag(DynamicTag.java:80)
	at org.apache.commons.jelly.impl.TagScript.run(TagScript.java:262)
	at org.apache.commons.jelly.impl.ScriptBlock.run(ScriptBlock.java:95)
	at org.apache.commons.jelly.TagSupport.invokeBody(TagSupport.java:186)
	at org.apache.commons.jelly.tags.core.JellyTag.doTag(JellyTag.java:45)
	at org.apache.commons.jelly.impl.TagScript.run(TagScript.java:262)
	at org.kohsuke.stapler.jelly.JellyClassTearOff.invokeScript(JellyClassTearOff.java:146)
	at org.kohsuke.stapler.jelly.JellyClassTearOff.serveIndexJelly(JellyClassTearOff.java:159)
	at org.kohsuke.stapler.Stapler.invoke(Stapler.java:199)
	at org.kohsuke.stapler.MetaClass$4.doDispatch(MetaClass.java:99)
	at org.kohsuke.stapler.NameBasedDispatcher.dispatch(NameBasedDispatcher.java:30)
	at org.kohsuke.stapler.Stapler.invoke(Stapler.java:212)
	at org.kohsuke.stapler.Stapler.invoke(Stapler.java:161)
	at org.kohsuke.stapler.Stapler.service(Stapler.java:77)
	at javax.servlet.http.HttpServlet.service(HttpServlet.java:802)
	at sun.reflect.GeneratedMethodAccessor54.invoke(Unknown Source)
	at sun.reflect.DelegatingMethodAccessorImpl.invoke(DelegatingMethodAccessorImpl.java:25)
	at java.lang.reflect.Method.invoke(Method.java:585)
	at org.apache.catalina.security.SecurityUtil$1.run(SecurityUtil.java:243)
	at java.security.AccessController.doPrivileged(Native Method)
	at javax.security.auth.Subject.doAsPrivileged(Subject.java:517)
	at org.apache.catalina.security.SecurityUtil.execute(SecurityUtil.java:275)
	at org.apache.catalina.security.SecurityUtil.doAsPrivilege(SecurityUtil.java:161)
	at org.apache.catalina.core.ApplicationFilterChain.internalDoFilter(ApplicationFilterChain.java:245)
	at org.apache.catalina.core.ApplicationFilterChain.access$000(ApplicationFilterChain.java:50)
	at org.apache.catalina.core.ApplicationFilterChain$1.run(ApplicationFilterChain.java:156)
	at java.security.AccessController.doPrivileged(Native Method)
	at org.apache.catalina.core.ApplicationFilterChain.doFilter(ApplicationFilterChain.java:152)
	at org.apache.catalina.core.StandardWrapperValve.invoke(StandardWrapperValve.java:213)
	at org.apache.catalina.core.StandardContextValve.invoke(StandardContextValve.java:178)
	at org.apache.catalina.authenticator.AuthenticatorBase.invoke(AuthenticatorBase.java:432)
	at org.apache.catalina.core.StandardHostValve.invoke(StandardHostValve.java:126)
	at org.apache.catalina.valves.ErrorReportValve.invoke(ErrorReportValve.java:105)
	at org.apache.catalina.core.StandardEngineValve.invoke(StandardEngineValve.java:107)
	at org.apache.catalina.connector.CoyoteAdapter.service(CoyoteAdapter.java:148)
	at org.apache.coyote.http11.Http11Processor.process(Http11Processor.java:869)
	at org.apache.coyote.http11.Http11BaseProtocol$Http11ConnectionHandler.processConnection(Http11BaseProtocol.java:664)
	at org.apache.tomcat.util.net.PoolTcpEndpoint.processSocket(PoolTcpEndpoint.java:527)
	at org.apache.tomcat.util.net.LeaderFollowerWorkerThread.runIt(LeaderFollowerWorkerThread.java:80)
	at org.apache.tomcat.util.threads.ThreadPool$ControlRunnable.run(ThreadPool.java:684)
	at java.lang.Thread.run(Thread.java:595)

"ContainerBackgroundProcessor[StandardEngine[Catalina]]" daemon prio=1 tid=0x8acf37a0 nid=0x2718 waiting on condition [0x8aad4000..0x8aad47c0]
	at java.lang.Thread.sleep(Native Method)
	at org.apache.catalina.core.ContainerBase$ContainerBackgroundProcessor.run(ContainerBase.java:1547)
	at java.lang.Thread.run(Thread.java:595)

"Executor #1 for " prio=1 tid=0x08a28880 nid=0x2717 in Object.wait() [0x8a0ff000..0x8a0ff840]
	at java.lang.Object.wait(Native Method)
	- waiting on <0xa61298f8> (a hudson.util.OneShotEvent)
	at java.lang.Object.wait(Object.java:474)
	at hudson.util.OneShotEvent.block(OneShotEvent.java:28)
	- locked <0xa61298f8> (a hudson.util.OneShotEvent)
	at hudson.model.Queue.pop(Queue.java:226)
	at hudson.model.Executor.run(Executor.java:44)

"Executor #0 for " prio=1 tid=0x087761e8 nid=0x2716 in Object.wait() [0x8a7ed000..0x8a7ed6c0]
	at java.lang.Object.wait(Native Method)
	- waiting on <0xa61a0dd8> (a hudson.util.OneShotEvent)
	at java.lang.Object.wait(Object.java:474)
	at hudson.util.OneShotEvent.block(OneShotEvent.java:28)
	- locked <0xa61a0dd8> (a hudson.util.OneShotEvent)
	at hudson.model.Queue.pop(Queue.java:226)
	at hudson.model.Executor.run(Executor.java:44)

"Timer-1" prio=1 tid=0x8acf3450 nid=0x2713 in Object.wait() [0x89aff000..0x89aff740]
	at java.lang.Object.wait(Native Method)
	- waiting on <0x90418878> (a java.util.TaskQueue)
	at java.util.TimerThread.mainLoop(Timer.java:509)
	- locked <0x90418878> (a java.util.TaskQueue)
	at java.util.TimerThread.run(Timer.java:462)

"Executor #1 for " prio=1 tid=0x8ace75a0 nid=0x2703 in Object.wait() [0x8afca000..0x8afca7c0]
	at java.lang.Object.wait(Native Method)
	- waiting on <0xabd975f8> (a hudson.util.OneShotEvent)
	at java.lang.Object.wait(Object.java:474)
	at hudson.util.OneShotEvent.block(OneShotEvent.java:28)
	- locked <0xabd975f8> (a hudson.util.OneShotEvent)
	at hudson.model.Queue.pop(Queue.java:226)
	at hudson.model.Executor.run(Executor.java:44)

"Executor #0 for " prio=1 tid=0x8acd2308 nid=0x2702 in Object.wait() [0x8a363000..0x8a363840]
	at java.lang.Object.wait(Native Method)
	- waiting on <0xabd23e08> (a hudson.Proc$Copier)
	at java.lang.Thread.join(Thread.java:1095)
	- locked <0xabd23e08> (a hudson.Proc$Copier)
	at java.lang.Thread.join(Thread.java:1148)
	at hudson.Proc.join(Proc.java:55)
	at hudson.scm.AbstractCVSFamilySCM.run(AbstractCVSFamilySCM.java:35)
	at hudson.scm.AbstractCVSFamilySCM.run(AbstractCVSFamilySCM.java:43)
	at hudson.scm.SubversionSCM.checkout(SubversionSCM.java:196)
	at hudson.model.Project.checkout(Project.java:318)
	at hudson.model.Build$1.run(Build.java:230)
	at hudson.model.Run.run(Run.java:506)
	at hudson.model.Build.run(Build.java:212)
	at hudson.model.Executor.run(Executor.java:54)

"Timer-0" prio=1 tid=0x8ac65688 nid=0x2701 in Object.wait() [0x8adff000..0x8adff6c0]
	at java.lang.Object.wait(Native Method)
	- waiting on <0x90419878> (a java.util.TaskQueue)
	at java.util.TimerThread.mainLoop(Timer.java:509)
	- locked <0x90419878> (a java.util.TaskQueue)
	at java.util.TimerThread.run(Timer.java:462)

"Low Memory Detector" daemon prio=1 tid=0x8bda8f50 nid=0x26f6 runnable [0x00000000..0x00000000]

"CompilerThread1" daemon prio=1 tid=0x8bda7b68 nid=0x26f5 waiting on condition [0x00000000..0x8ba7ea68]

"CompilerThread0" daemon prio=1 tid=0x8bda6be0 nid=0x26f4 waiting on condition [0x00000000..0x8bafe8e8]

"AdapterThread" daemon prio=1 tid=0x8bda5c18 nid=0x26f3 waiting on condition [0x00000000..0x00000000]

"Signal Dispatcher" daemon prio=1 tid=0x8bda4e38 nid=0x26f2 waiting on condition [0x00000000..0x00000000]

"Finalizer" daemon prio=1 tid=0x8bd9a600 nid=0x26f1 in Object.wait() [0x8bc7f000..0x8bc7f640]
	at java.lang.Object.wait(Native Method)
	- waiting on <0x90419fe8> (a java.lang.ref.ReferenceQueue$Lock)
	at java.lang.ref.ReferenceQueue.remove(ReferenceQueue.java:116)
	- locked <0x90419fe8> (a java.lang.ref.ReferenceQueue$Lock)
	at java.lang.ref.ReferenceQueue.remove(ReferenceQueue.java:132)
	at java.lang.ref.Finalizer$FinalizerThread.run(Finalizer.java:159)

"Reference Handler" daemon prio=1 tid=0x8bd9a180 nid=0x26f0 in Object.wait() [0x8bcff000..0x8bcff4c0]
	at java.lang.Object.wait(Native Method)
	- waiting on <0x90301318> (a java.lang.ref.Reference$Lock)
	at java.lang.Object.wait(Object.java:474)
	at java.lang.ref.Reference$ReferenceHandler.run(Reference.java:116)
	- locked <0x90301318> (a java.lang.ref.Reference$Lock)

"main" prio=1 tid=0x0805d268 nid=0x26ea runnable [0xbfb4b000..0xbfb4c4a8]
	at java.net.PlainSocketImpl.socketAccept(Native Method)
	at java.net.PlainSocketImpl.accept(PlainSocketImpl.java:384)
	- locked <0x9072ac48> (a java.net.SocksSocketImpl)
	at java.net.ServerSocket.implAccept(ServerSocket.java:450)
	at java.net.ServerSocket.accept(ServerSocket.java:421)
	at org.apache.catalina.core.StandardServer.await(StandardServer.java:388)
	at org.apache.catalina.startup.Catalina.await(Catalina.java:615)
	at org.apache.catalina.startup.Catalina.start(Catalina.java:575)
	at sun.reflect.NativeMethodAccessorImpl.invoke0(Native Method)
	at sun.reflect.NativeMethodAccessorImpl.invoke(NativeMethodAccessorImpl.java:39)
	at sun.reflect.DelegatingMethodAccessorImpl.invoke(DelegatingMethodAccessorImpl.java:25)
	at java.lang.reflect.Method.invoke(Method.java:585)
	at org.apache.catalina.startup.Bootstrap.start(Bootstrap.java:294)
	at org.apache.catalina.startup.Bootstrap.main(Bootstrap.java:432)

"VM Thread" prio=1 tid=0x8bd97d88 nid=0x26ef runnable 

"GC task thread#0 (ParallelGC)" prio=1 tid=0x08076990 nid=0x26eb runnable 

"GC task thread#1 (ParallelGC)" prio=1 tid=0x08077570 nid=0x26ec runnable 

"GC task thread#2 (ParallelGC)" prio=1 tid=0x08078150 nid=0x26ed runnable 

"GC task thread#3 (ParallelGC)" prio=1 tid=0x08078d30 nid=0x26ee runnable 

"VM Periodic Task Thread" prio=1 tid=0x8bdaa4b8 nid=0x26f7 waiting on condition 

Nov 3, 2006 3:10:00 PM hudson.model.Run run
INFO: crm-HEAD #968 main build action completed: SUCCESS
