Dec 12, 2014 11:59:00 PM FINE hudson.triggers.Trigger
cron checking 12/12/14 11:59 PM
Dec 12, 2014 11:59:00 PM FINE hudson.triggers.Trigger
cron checking hudson.maven.MavenModuleSet@4044cc57[50kDeployment] with spec ‘00 01 * * *’
Dec 12, 2014 11:59:00 PM FINER hudson.triggers.Trigger
did not trigger hudson.maven.MavenModuleSet@4044cc57[50kDeployment]
Dec 12, 2014 11:59:00 PM FINE hudson.triggers.Trigger
cron checking com.tikal.jenkins.plugins.multijob.MultiJobProject@52ebd006[Adv. Git Trigger] with spec ‘# Removed schedule because a post-commit hook will cause the job to run whenever there is a commit in any case.
# To use the below schedule instead, uncomment and check "Ignore post-commit hooks" below.
# H/5 * * * *’
Dec 12, 2014 11:59:00 PM FINER hudson.triggers.Trigger
did not trigger com.tikal.jenkins.plugins.multijob.MultiJobProject@52ebd006[Adv. Git Trigger]
Dec 12, 2014 11:59:00 PM FINE hudson.triggers.Trigger
cron checking com.tikal.jenkins.plugins.multijob.MultiJobProject@793c73e9[Adv. ReviewBot Trigger] with spec ‘H/5 * * * *’
Dec 12, 2014 11:59:00 PM FINER hudson.triggers.Trigger
did not trigger com.tikal.jenkins.plugins.multijob.MultiJobProject@793c73e9[Adv. ReviewBot Trigger]
Dec 12, 2014 11:59:00 PM FINE hudson.triggers.Trigger
cron checking com.tikal.jenkins.plugins.multijob.MultiJobProject@3cf20ed2[Adv. Update Machine Trigger] with spec ‘H 0 * * *’
Dec 12, 2014 11:59:00 PM FINER hudson.triggers.Trigger
did not trigger com.tikal.jenkins.plugins.multijob.MultiJobProject@3cf20ed2[Adv. Update Machine Trigger]
Dec 12, 2014 11:59:00 PM FINE hudson.triggers.Trigger
cron checking hudson.model.FreeStyleProject@4fce3ba7[Benchmarking] with spec ‘# Removed schedule because a post-commit hook will cause the job to run whenever there is a commit in any case.
# To use the below schedule instead, uncomment and check "Ignore post-commit hooks" below.
# H/5 * * * *’
Dec 12, 2014 11:59:00 PM FINER hudson.triggers.Trigger
did not trigger hudson.model.FreeStyleProject@4fce3ba7[Benchmarking]
Dec 12, 2014 11:59:00 PM FINE hudson.triggers.Trigger
cron checking hudson.maven.MavenModuleSet@51acde04[Build proj2 Beta] with spec ‘# Removed schedule because a post-commit hook will cause the job to run whenever there is a commit in any case.
# To use the below schedule instead, uncomment and check "Ignore post-commit hooks" below.
# H/2 * * * *’
Dec 12, 2014 11:59:00 PM FINER hudson.triggers.Trigger
did not trigger hudson.maven.MavenModuleSet@51acde04[Build proj2 Beta]
Dec 12, 2014 11:59:00 PM FINE hudson.triggers.Trigger
cron checking hudson.maven.MavenModuleSet@63b595c0[Build proj2 DevOps tests] with spec ‘0 12 * * *’
Dec 12, 2014 11:59:00 PM FINER hudson.triggers.Trigger
did not trigger hudson.maven.MavenModuleSet@63b595c0[Build proj2 DevOps tests]
Dec 12, 2014 11:59:00 PM FINE hudson.triggers.Trigger
cron checking hudson.maven.MavenModuleSet@1fb78db2[Build proj2 RC] with spec ‘# Removed schedule because a post-commit hook will cause the job to run whenever there is a commit in any case.
# To use the below schedule instead, uncomment and check "Ignore post-commit hooks" below.
# */2 * * * *’
Dec 12, 2014 11:59:00 PM FINER hudson.triggers.Trigger
did not trigger hudson.maven.MavenModuleSet@1fb78db2[Build proj2 RC]
Dec 12, 2014 11:59:00 PM FINE hudson.triggers.Trigger
cron checking hudson.maven.MavenModuleSet@165c7c26[proj3 branches] with spec ‘# Removed schedule because a post-commit hook will cause the job to run whenever there is a commit in any case.
# To use the below schedule instead, uncomment and check "Ignore post-commit hooks" below.
# H/2 * * * *’
Dec 12, 2014 11:59:00 PM FINER hudson.triggers.Trigger
did not trigger hudson.maven.MavenModuleSet@165c7c26[proj3 branches]
Dec 12, 2014 11:59:00 PM FINE hudson.triggers.Trigger
cron checking hudson.maven.MavenModuleSet@602000c1[proj3 coverage] with spec ‘@midnight’
Dec 12, 2014 11:59:00 PM FINER hudson.triggers.Trigger
did not trigger hudson.maven.MavenModuleSet@602000c1[proj3 coverage]
Dec 12, 2014 11:59:00 PM FINE hudson.triggers.Trigger
cron checking hudson.maven.MavenModuleSet@598189b0[proj3 1.0] with spec ‘# Removed schedule because a post-commit hook will cause the job to run whenever there is a commit in any case.
# To use the below schedule instead, uncomment and check "Ignore post-commit hooks" below.
# H/2 * * * *’
Dec 12, 2014 11:59:00 PM FINER hudson.triggers.Trigger
did not trigger hudson.maven.MavenModuleSet@598189b0[proj3 1.0]
Dec 12, 2014 11:59:00 PM FINE hudson.triggers.Trigger
cron checking hudson.model.FreeStyleProject@3451c1e6[jenkins-configuration-backup] with spec ‘@midnight’
Dec 12, 2014 11:59:00 PM FINER hudson.triggers.Trigger
did not trigger hudson.model.FreeStyleProject@3451c1e6[jenkins-configuration-backup]
Dec 12, 2014 11:59:00 PM FINE hudson.triggers.Trigger
cron checking hudson.model.FreeStyleProject@11daae42[Jenkins-server-maintenance] with spec ‘@midnight’
Dec 12, 2014 11:59:00 PM FINER hudson.triggers.Trigger
did not trigger hudson.model.FreeStyleProject@11daae42[Jenkins-server-maintenance]
Dec 12, 2014 11:59:00 PM FINE hudson.triggers.Trigger
cron checking hudson.model.FreeStyleProject@5ac989f1[Next Generation] with spec ‘H/5 * * * *’
Dec 12, 2014 11:59:00 PM FINER hudson.triggers.Trigger
did not trigger hudson.model.FreeStyleProject@5ac989f1[Next Generation]
Dec 12, 2014 11:59:00 PM FINE hudson.triggers.Trigger
cron checking hudson.maven.MavenModuleSet@593a9498[Nightly Data Validation] with spec ‘00 01 * * *’
Dec 12, 2014 11:59:00 PM FINER hudson.triggers.Trigger
did not trigger hudson.maven.MavenModuleSet@593a9498[Nightly Data Validation]
Dec 12, 2014 11:59:00 PM FINE hudson.triggers.Trigger
cron checking hudson.maven.MavenModuleSet@17c810ea[Nightly Dev] with spec ‘H 23 * * *’
Dec 12, 2014 11:59:00 PM FINER hudson.triggers.Trigger
did not trigger hudson.maven.MavenModuleSet@17c810ea[Nightly Dev]
Dec 12, 2014 11:59:00 PM FINE hudson.triggers.Trigger
cron checking hudson.maven.MavenModuleSet@14f1b4ec[Nightly QE 1.0 typeA] with spec ‘’
Dec 12, 2014 11:59:00 PM FINER hudson.triggers.Trigger
did not trigger hudson.maven.MavenModuleSet@14f1b4ec[Nightly QE 1.0 typeA]
Dec 12, 2014 11:59:00 PM FINE hudson.triggers.Trigger
cron checking hudson.maven.MavenModuleSet@3969ac8[Nightly QE] with spec ‘30 01 * * *’
Dec 12, 2014 11:59:00 PM FINER hudson.triggers.Trigger
did not trigger hudson.maven.MavenModuleSet@3969ac8[Nightly QE]
Dec 12, 2014 11:59:00 PM FINE hudson.triggers.Trigger
cron checking hudson.maven.MavenModuleSet@2be67836[Nightly_50K_Static] with spec ‘00 01 * * *’
Dec 12, 2014 11:59:00 PM FINER hudson.triggers.Trigger
did not trigger hudson.maven.MavenModuleSet@2be67836[Nightly_50K_Static]
Dec 12, 2014 11:59:00 PM FINE hudson.triggers.Trigger
cron checking hudson.maven.MavenModuleSet@51705171[Nightly_Bat] with spec ‘00 22 * * *’
Dec 12, 2014 11:59:00 PM FINER hudson.triggers.Trigger
did not trigger hudson.maven.MavenModuleSet@51705171[Nightly_Bat]
Dec 12, 2014 11:59:00 PM FINE hudson.triggers.Trigger
cron checking hudson.maven.MavenModuleSet@4fce7ed8[Nightly_Data_Verification_Master] with spec ‘H 21 * * *’
Dec 12, 2014 11:59:00 PM FINER hudson.triggers.Trigger
did not trigger hudson.maven.MavenModuleSet@4fce7ed8[Nightly_Data_Verification_Master]
Dec 12, 2014 11:59:00 PM FINE hudson.triggers.Trigger
cron checking hudson.maven.MavenModuleSet@6b456f66[Nightly_QE_Deploy_proj3_proj4_Upgrade_Master] with spec ‘10 22 * * *’
Dec 12, 2014 11:59:00 PM FINER hudson.triggers.Trigger
did not trigger hudson.maven.MavenModuleSet@6b456f66[Nightly_QE_Deploy_proj3_proj4_Upgrade_Master]
Dec 12, 2014 11:59:00 PM FINE hudson.triggers.Trigger
cron checking hudson.maven.MavenModuleSet@47abf723[Nightly_QE_Upgrade] with spec ‘00 03 * * *’
Dec 12, 2014 11:59:00 PM FINER hudson.triggers.Trigger
did not trigger hudson.maven.MavenModuleSet@47abf723[Nightly_QE_Upgrade]
Dec 12, 2014 11:59:00 PM FINE hudson.triggers.Trigger
cron checking hudson.maven.MavenModuleSet@12dfb6a6[Nightly_QE_Upgrade_master] with spec ‘00 04 * * *’
Dec 12, 2014 11:59:00 PM FINER hudson.triggers.Trigger
did not trigger hudson.maven.MavenModuleSet@12dfb6a6[Nightly_QE_Upgrade_master]
Dec 12, 2014 11:59:00 PM FINE hudson.triggers.Trigger
cron checking com.tikal.jenkins.plugins.multijob.MultiJobProject@344468a0[proj1 - Daily] with spec ‘H 01 * * *’
Dec 12, 2014 11:59:00 PM FINER hudson.triggers.Trigger
did not trigger com.tikal.jenkins.plugins.multijob.MultiJobProject@344468a0[proj1 - Daily]
Dec 12, 2014 11:59:00 PM FINE hudson.triggers.Trigger
cron checking hudson.model.FreeStyleProject@396de48d[proj1 Reviewbot Poller] with spec ‘H/5 * * * *’
Dec 12, 2014 11:59:00 PM FINER hudson.triggers.Trigger
did not trigger hudson.model.FreeStyleProject@396de48d[proj1 Reviewbot Poller]
Dec 12, 2014 11:59:00 PM FINE hudson.triggers.Trigger
cron checking hudson.model.FreeStyleProject@6be44c17[proj1-backend-generate-jobs] with spec ‘# no schedule -- will run when proj1.git post-commit hook triggers Jenkins’
Dec 12, 2014 11:59:00 PM FINER hudson.triggers.Trigger
did not trigger hudson.model.FreeStyleProject@6be44c17[proj1-backend-generate-jobs]
Dec 12, 2014 11:59:00 PM FINE hudson.triggers.Trigger
cron checking hudson.model.FreeStyleProject@328167dc[proj1-backend-poll] with spec ‘* * * * *’
Dec 12, 2014 11:59:00 PM CONFIG hudson.triggers.Trigger
cron triggered hudson.model.FreeStyleProject@328167dc[proj1-backend-poll]
Dec 12, 2014 11:59:00 PM FINE hudson.triggers.SCMTrigger
Scheduling a polling for hudson.model.FreeStyleProject@328167dc[proj1-backend-poll]
Dec 12, 2014 11:59:00 PM FINE hudson.triggers.SCMTrigger
scheduling the trigger to (asynchronously) run
Dec 12, 2014 11:59:00 PM FINE hudson.triggers.Trigger
cron checking hudson.model.FreeStyleProject@4cf4e50f[proj1-Branches] with spec ‘# Removed schedule because a post-commit hook will cause the job to run whenever there is a commit in any case.
# To use the below schedule instead, uncomment and check "Ignore post-commit hooks" below.
# H/5 * * * *’
Dec 12, 2014 11:59:00 PM FINER hudson.triggers.Trigger
did not trigger hudson.model.FreeStyleProject@4cf4e50f[proj1-Branches]
Dec 12, 2014 11:59:00 PM FINE hudson.triggers.Trigger
cron checking hudson.model.FreeStyleProject@34f627a9[proj1-frontend-poll] with spec ‘# Removed schedule because a post-commit hook will cause the job to run whenever there is a commit in any case.
# To use the below schedule instead, uncomment and check "Ignore post-commit hooks" below.
# * * * * *’
Dec 12, 2014 11:59:00 PM FINER hudson.triggers.Trigger
did not trigger hudson.model.FreeStyleProject@34f627a9[proj1-frontend-poll]
Dec 12, 2014 11:59:00 PM FINE hudson.triggers.Trigger
cron checking hudson.model.FreeStyleProject@62d8e5bf[Reviewbot2] with spec ‘H/5 * * * *’
Dec 12, 2014 11:59:00 PM FINER hudson.triggers.Trigger
did not trigger hudson.model.FreeStyleProject@62d8e5bf[Reviewbot2]
Dec 12, 2014 11:59:00 PM FINE hudson.triggers.Trigger
cron checking hudson.maven.MavenModuleSet@6e1daf64[Sonar] with spec ‘H H * * *’
Dec 12, 2014 11:59:00 PM FINER hudson.triggers.Trigger
did not trigger hudson.maven.MavenModuleSet@6e1daf64[Sonar]
Dec 12, 2014 11:59:00 PM FINE hudson.triggers.Trigger
cron checking hudson.maven.MavenModuleSet@28b9867f[proj3 2.0] with spec ‘# Removed schedule because a post-commit hook will cause the job to run whenever there is a commit in any case.
# To use the below schedule instead, uncomment and check "Ignore post-commit hooks" below.
# */2 * * * *’
Dec 12, 2014 11:59:00 PM FINER hudson.triggers.Trigger
did not trigger hudson.maven.MavenModuleSet@28b9867f[proj3 2.0]
Dec 12, 2014 11:59:00 PM FINE hudson.triggers.Trigger
cron checking hudson.maven.MavenModuleSet@48176699[Standard-sync_refactor] with spec ‘*/2 * * * *’
Dec 12, 2014 11:59:00 PM FINER hudson.triggers.Trigger
did not trigger hudson.maven.MavenModuleSet@48176699[Standard-sync_refactor]
Dec 12, 2014 11:59:00 PM FINE hudson.triggers.Trigger
cron checking hudson.maven.MavenModuleSet@42a5bd4c[Standard] with spec ‘# Removed schedule because a post-commit hook will cause the job to run whenever there is a commit in any case.
# To use the below schedule instead, uncomment and check "Ignore post-commit hooks" below.
# */2 * * * *’
Dec 12, 2014 11:59:00 PM FINER hudson.triggers.Trigger
did not trigger hudson.maven.MavenModuleSet@42a5bd4c[Standard]
Dec 12, 2014 11:59:00 PM FINE hudson.triggers.Trigger
cron checking hudson.maven.MavenModuleSet@4fc2c766[SystemTestBats_master] with spec ‘00 01 * * *’
Dec 12, 2014 11:59:00 PM FINER hudson.triggers.Trigger
did not trigger hudson.maven.MavenModuleSet@4fc2c766[SystemTestBats_master]
Dec 12, 2014 11:59:00 PM FINE hudson.triggers.Trigger
cron checking hudson.maven.MavenModuleSet@7cb12272[SystemTestBats_sync_refactor] with spec ‘H 8,20 * * *’
Dec 12, 2014 11:59:00 PM FINER hudson.triggers.Trigger
did not trigger hudson.maven.MavenModuleSet@7cb12272[SystemTestBats_sync_refactor]
Dec 12, 2014 11:59:00 PM FINE hudson.triggers.Trigger
cron checking hudson.maven.MavenModuleSet@514caa52[SysTestBats_RC1] with spec ‘00 01 * * *’
Dec 12, 2014 11:59:00 PM FINER hudson.triggers.Trigger
did not trigger hudson.maven.MavenModuleSet@514caa52[SysTestBats_RC1]
Dec 12, 2014 11:59:00 PM FINE hudson.triggers.Trigger
cron checking hudson.maven.MavenModuleSet@925627f[proj4_Deploy_60] with spec ‘’
Dec 12, 2014 11:59:00 PM FINER hudson.triggers.Trigger
did not trigger hudson.maven.MavenModuleSet@925627f[proj4_Deploy_60]
Dec 12, 2014 11:59:00 PM FINE hudson.triggers.Trigger
cron checking hudson.maven.MavenModuleSet@61896427[Weekly static upgrade] with spec ‘0 22 * * 3’
Dec 12, 2014 11:59:00 PM FINER hudson.triggers.Trigger
did not trigger hudson.maven.MavenModuleSet@61896427[Weekly static upgrade]
Dec 13, 2014 12:00:00 AM FINE hudson.triggers.Trigger
cron checking 12/13/14 12:00 AM
Dec 13, 2014 12:00:00 AM FINE hudson.triggers.Trigger
cron checking hudson.maven.MavenModuleSet@4044cc57[50kDeployment] with spec ‘00 01 * * *’
Dec 13, 2014 12:00:00 AM FINER hudson.triggers.Trigger
did not trigger hudson.maven.MavenModuleSet@4044cc57[50kDeployment]
Dec 13, 2014 12:00:00 AM FINE hudson.triggers.Trigger
cron checking com.tikal.jenkins.plugins.multijob.MultiJobProject@52ebd006[Adv. Git Trigger] with spec ‘# Removed schedule because a post-commit hook will cause the job to run whenever there is a commit in any case.
# To use the below schedule instead, uncomment and check "Ignore post-commit hooks" below.
# H/5 * * * *’
Dec 13, 2014 12:00:00 AM FINER hudson.triggers.Trigger
did not trigger com.tikal.jenkins.plugins.multijob.MultiJobProject@52ebd006[Adv. Git Trigger]
Dec 13, 2014 12:00:00 AM FINE hudson.triggers.Trigger
cron checking com.tikal.jenkins.plugins.multijob.MultiJobProject@793c73e9[Adv. ReviewBot Trigger] with spec ‘H/5 * * * *’
Dec 13, 2014 12:00:00 AM FINER hudson.triggers.Trigger
did not trigger com.tikal.jenkins.plugins.multijob.MultiJobProject@793c73e9[Adv. ReviewBot Trigger]
Dec 13, 2014 12:00:00 AM FINE hudson.triggers.Trigger
cron checking com.tikal.jenkins.plugins.multijob.MultiJobProject@3cf20ed2[Adv. Update Machine Trigger] with spec ‘H 0 * * *’
Dec 13, 2014 12:00:00 AM FINER hudson.triggers.Trigger
did not trigger com.tikal.jenkins.plugins.multijob.MultiJobProject@3cf20ed2[Adv. Update Machine Trigger]
Dec 13, 2014 12:00:00 AM FINE hudson.triggers.Trigger
cron checking hudson.model.FreeStyleProject@4fce3ba7[Benchmarking] with spec ‘# Removed schedule because a post-commit hook will cause the job to run whenever there is a commit in any case.
# To use the below schedule instead, uncomment and check "Ignore post-commit hooks" below.
# H/5 * * * *’
Dec 13, 2014 12:00:00 AM FINER hudson.triggers.Trigger
did not trigger hudson.model.FreeStyleProject@4fce3ba7[Benchmarking]
Dec 13, 2014 12:00:00 AM FINE hudson.triggers.Trigger
cron checking hudson.maven.MavenModuleSet@51acde04[Build proj2 Beta] with spec ‘# Removed schedule because a post-commit hook will cause the job to run whenever there is a commit in any case.
# To use the below schedule instead, uncomment and check "Ignore post-commit hooks" below.
# H/2 * * * *’
Dec 13, 2014 12:00:00 AM FINER hudson.triggers.Trigger
did not trigger hudson.maven.MavenModuleSet@51acde04[Build proj2 Beta]
Dec 13, 2014 12:00:00 AM FINE hudson.triggers.Trigger
cron checking hudson.maven.MavenModuleSet@63b595c0[Build proj2 DevOps tests] with spec ‘0 12 * * *’
Dec 13, 2014 12:00:00 AM FINER hudson.triggers.Trigger
did not trigger hudson.maven.MavenModuleSet@63b595c0[Build proj2 DevOps tests]
Dec 13, 2014 12:00:00 AM FINE hudson.triggers.Trigger
cron checking hudson.maven.MavenModuleSet@1fb78db2[Build proj2 RC] with spec ‘# Removed schedule because a post-commit hook will cause the job to run whenever there is a commit in any case.
# To use the below schedule instead, uncomment and check "Ignore post-commit hooks" below.
# */2 * * * *’
Dec 13, 2014 12:00:00 AM FINER hudson.triggers.Trigger
did not trigger hudson.maven.MavenModuleSet@1fb78db2[Build proj2 RC]
Dec 13, 2014 12:00:00 AM FINE hudson.triggers.Trigger
cron checking hudson.maven.MavenModuleSet@165c7c26[proj3 branches] with spec ‘# Removed schedule because a post-commit hook will cause the job to run whenever there is a commit in any case.
# To use the below schedule instead, uncomment and check "Ignore post-commit hooks" below.
# H/2 * * * *’
Dec 13, 2014 12:00:00 AM FINER hudson.triggers.Trigger
did not trigger hudson.maven.MavenModuleSet@165c7c26[proj3 branches]
Dec 13, 2014 12:00:00 AM FINE hudson.triggers.Trigger
cron checking hudson.maven.MavenModuleSet@602000c1[proj3 coverage] with spec ‘@midnight’
Dec 13, 2014 12:00:00 AM FINER hudson.triggers.Trigger
did not trigger hudson.maven.MavenModuleSet@602000c1[proj3 coverage]
Dec 13, 2014 12:00:00 AM FINE hudson.triggers.Trigger
cron checking hudson.maven.MavenModuleSet@598189b0[proj3 1.0] with spec ‘# Removed schedule because a post-commit hook will cause the job to run whenever there is a commit in any case.
# To use the below schedule instead, uncomment and check "Ignore post-commit hooks" below.
# H/2 * * * *’
Dec 13, 2014 12:00:00 AM FINER hudson.triggers.Trigger
did not trigger hudson.maven.MavenModuleSet@598189b0[proj3 1.0]
Dec 13, 2014 12:00:00 AM FINE hudson.triggers.Trigger
cron checking hudson.model.FreeStyleProject@3451c1e6[jenkins-configuration-backup] with spec ‘@midnight’
Dec 13, 2014 12:00:00 AM FINER hudson.triggers.Trigger
did not trigger hudson.model.FreeStyleProject@3451c1e6[jenkins-configuration-backup]
Dec 13, 2014 12:00:00 AM FINE hudson.triggers.Trigger
cron checking hudson.model.FreeStyleProject@11daae42[Jenkins-server-maintenance] with spec ‘@midnight’
Dec 13, 2014 12:00:00 AM FINER hudson.triggers.Trigger
did not trigger hudson.model.FreeStyleProject@11daae42[Jenkins-server-maintenance]
Dec 13, 2014 12:00:00 AM FINE hudson.triggers.Trigger
cron checking hudson.model.FreeStyleProject@5ac989f1[Next Generation] with spec ‘H/5 * * * *’
Dec 13, 2014 12:00:00 AM FINER hudson.triggers.Trigger
did not trigger hudson.model.FreeStyleProject@5ac989f1[Next Generation]
Dec 13, 2014 12:00:00 AM FINE hudson.triggers.Trigger
cron checking hudson.maven.MavenModuleSet@593a9498[Nightly Data Validation] with spec ‘00 01 * * *’
Dec 13, 2014 12:00:00 AM FINER hudson.triggers.Trigger
did not trigger hudson.maven.MavenModuleSet@593a9498[Nightly Data Validation]
Dec 13, 2014 12:00:00 AM FINE hudson.triggers.Trigger
cron checking hudson.maven.MavenModuleSet@17c810ea[Nightly Dev] with spec ‘H 23 * * *’
Dec 13, 2014 12:00:00 AM FINER hudson.triggers.Trigger
did not trigger hudson.maven.MavenModuleSet@17c810ea[Nightly Dev]
Dec 13, 2014 12:00:00 AM FINE hudson.triggers.Trigger
cron checking hudson.maven.MavenModuleSet@14f1b4ec[Nightly QE 1.0 typeA] with spec ‘’
Dec 13, 2014 12:00:00 AM FINER hudson.triggers.Trigger
did not trigger hudson.maven.MavenModuleSet@14f1b4ec[Nightly QE 1.0 typeA]
Dec 13, 2014 12:00:00 AM FINE hudson.triggers.Trigger
cron checking hudson.maven.MavenModuleSet@3969ac8[Nightly QE] with spec ‘30 01 * * *’
Dec 13, 2014 12:00:00 AM FINER hudson.triggers.Trigger
did not trigger hudson.maven.MavenModuleSet@3969ac8[Nightly QE]
Dec 13, 2014 12:00:00 AM FINE hudson.triggers.Trigger
cron checking hudson.maven.MavenModuleSet@2be67836[Nightly_50K_Static] with spec ‘00 01 * * *’
Dec 13, 2014 12:00:00 AM FINER hudson.triggers.Trigger
did not trigger hudson.maven.MavenModuleSet@2be67836[Nightly_50K_Static]
Dec 13, 2014 12:00:00 AM FINE hudson.triggers.Trigger
cron checking hudson.maven.MavenModuleSet@51705171[Nightly_Bat] with spec ‘00 22 * * *’
Dec 13, 2014 12:00:00 AM FINER hudson.triggers.Trigger
did not trigger hudson.maven.MavenModuleSet@51705171[Nightly_Bat]
Dec 13, 2014 12:00:00 AM FINE hudson.triggers.Trigger
cron checking hudson.maven.MavenModuleSet@4fce7ed8[Nightly_Data_Verification_Master] with spec ‘H 21 * * *’
Dec 13, 2014 12:00:00 AM FINER hudson.triggers.Trigger
did not trigger hudson.maven.MavenModuleSet@4fce7ed8[Nightly_Data_Verification_Master]
Dec 13, 2014 12:00:00 AM FINE hudson.triggers.Trigger
cron checking hudson.maven.MavenModuleSet@6b456f66[Nightly_QE_Deploy_proj3_proj4_Upgrade_Master] with spec ‘10 22 * * *’
Dec 13, 2014 12:00:00 AM FINER hudson.triggers.Trigger
did not trigger hudson.maven.MavenModuleSet@6b456f66[Nightly_QE_Deploy_proj3_proj4_Upgrade_Master]
Dec 13, 2014 12:00:00 AM FINE hudson.triggers.Trigger
cron checking hudson.maven.MavenModuleSet@47abf723[Nightly_QE_Upgrade] with spec ‘00 03 * * *’
Dec 13, 2014 12:00:00 AM FINER hudson.triggers.Trigger
did not trigger hudson.maven.MavenModuleSet@47abf723[Nightly_QE_Upgrade]
Dec 13, 2014 12:00:00 AM FINE hudson.triggers.Trigger
cron checking hudson.maven.MavenModuleSet@12dfb6a6[Nightly_QE_Upgrade_master] with spec ‘00 04 * * *’
Dec 13, 2014 12:00:00 AM FINER hudson.triggers.Trigger
did not trigger hudson.maven.MavenModuleSet@12dfb6a6[Nightly_QE_Upgrade_master]
Dec 13, 2014 12:00:00 AM FINE hudson.triggers.Trigger
cron checking com.tikal.jenkins.plugins.multijob.MultiJobProject@344468a0[proj1 - Daily] with spec ‘H 01 * * *’
Dec 13, 2014 12:00:00 AM FINER hudson.triggers.Trigger
did not trigger com.tikal.jenkins.plugins.multijob.MultiJobProject@344468a0[proj1 - Daily]
Dec 13, 2014 12:00:00 AM FINE hudson.triggers.Trigger
cron checking hudson.model.FreeStyleProject@396de48d[proj1 Reviewbot Poller] with spec ‘H/5 * * * *’
Dec 13, 2014 12:00:00 AM FINER hudson.triggers.Trigger
did not trigger hudson.model.FreeStyleProject@396de48d[proj1 Reviewbot Poller]
Dec 13, 2014 12:00:00 AM FINE hudson.triggers.Trigger
cron checking hudson.model.FreeStyleProject@6be44c17[proj1-backend-generate-jobs] with spec ‘# no schedule -- will run when proj1.git post-commit hook triggers Jenkins’
Dec 13, 2014 12:00:00 AM FINER hudson.triggers.Trigger
did not trigger hudson.model.FreeStyleProject@6be44c17[proj1-backend-generate-jobs]
Dec 13, 2014 12:00:00 AM FINE hudson.triggers.Trigger
cron checking hudson.model.FreeStyleProject@328167dc[proj1-backend-poll] with spec ‘* * * * *’
Dec 13, 2014 12:00:00 AM CONFIG hudson.triggers.Trigger
cron triggered hudson.model.FreeStyleProject@328167dc[proj1-backend-poll]
Dec 13, 2014 12:00:00 AM FINE hudson.triggers.SCMTrigger
Scheduling a polling for hudson.model.FreeStyleProject@328167dc[proj1-backend-poll]
Dec 13, 2014 12:00:00 AM FINE hudson.triggers.SCMTrigger
scheduling the trigger to (asynchronously) run
Dec 13, 2014 12:00:00 AM FINE hudson.triggers.Trigger
cron checking hudson.model.FreeStyleProject@4cf4e50f[proj1-Branches] with spec ‘# Removed schedule because a post-commit hook will cause the job to run whenever there is a commit in any case.
# To use the below schedule instead, uncomment and check "Ignore post-commit hooks" below.
# H/5 * * * *’
Dec 13, 2014 12:00:00 AM FINER hudson.triggers.Trigger
did not trigger hudson.model.FreeStyleProject@4cf4e50f[proj1-Branches]
Dec 13, 2014 12:00:00 AM FINE hudson.triggers.Trigger
cron checking hudson.model.FreeStyleProject@34f627a9[proj1-frontend-poll] with spec ‘# Removed schedule because a post-commit hook will cause the job to run whenever there is a commit in any case.
# To use the below schedule instead, uncomment and check "Ignore post-commit hooks" below.
# * * * * *’
Dec 13, 2014 12:00:00 AM FINER hudson.triggers.Trigger
did not trigger hudson.model.FreeStyleProject@34f627a9[proj1-frontend-poll]
Dec 13, 2014 12:00:00 AM FINE hudson.triggers.Trigger
cron checking hudson.model.FreeStyleProject@62d8e5bf[Reviewbot2] with spec ‘H/5 * * * *’
Dec 13, 2014 12:00:00 AM FINER hudson.triggers.Trigger
did not trigger hudson.model.FreeStyleProject@62d8e5bf[Reviewbot2]
Dec 13, 2014 12:00:00 AM FINE hudson.triggers.Trigger
cron checking hudson.maven.MavenModuleSet@6e1daf64[Sonar] with spec ‘H H * * *’
Dec 13, 2014 12:00:00 AM FINER hudson.triggers.Trigger
did not trigger hudson.maven.MavenModuleSet@6e1daf64[Sonar]
Dec 13, 2014 12:00:00 AM FINE hudson.triggers.Trigger
cron checking hudson.maven.MavenModuleSet@28b9867f[proj3 2.0] with spec ‘# Removed schedule because a post-commit hook will cause the job to run whenever there is a commit in any case.
# To use the below schedule instead, uncomment and check "Ignore post-commit hooks" below.
# */2 * * * *’
Dec 13, 2014 12:00:00 AM FINER hudson.triggers.Trigger
did not trigger hudson.maven.MavenModuleSet@28b9867f[proj3 2.0]
Dec 13, 2014 12:00:00 AM FINE hudson.triggers.Trigger
cron checking hudson.maven.MavenModuleSet@48176699[Standard-sync_refactor] with spec ‘*/2 * * * *’
Dec 13, 2014 12:00:00 AM CONFIG hudson.triggers.Trigger
cron triggered hudson.maven.MavenModuleSet@48176699[Standard-sync_refactor]
Dec 13, 2014 12:00:00 AM FINE hudson.triggers.SCMTrigger
Scheduling a polling for hudson.maven.MavenModuleSet@48176699[Standard-sync_refactor]
Dec 13, 2014 12:00:00 AM FINE hudson.triggers.SCMTrigger
scheduling the trigger to (asynchronously) run
Dec 13, 2014 12:00:00 AM FINE hudson.triggers.Trigger
cron checking hudson.maven.MavenModuleSet@42a5bd4c[Standard] with spec ‘# Removed schedule because a post-commit hook will cause the job to run whenever there is a commit in any case.
# To use the below schedule instead, uncomment and check "Ignore post-commit hooks" below.
# */2 * * * *’
Dec 13, 2014 12:00:00 AM FINER hudson.triggers.Trigger
did not trigger hudson.maven.MavenModuleSet@42a5bd4c[Standard]
Dec 13, 2014 12:00:00 AM FINE hudson.triggers.Trigger
cron checking hudson.maven.MavenModuleSet@4fc2c766[SystemTestBats_master] with spec ‘00 01 * * *’
Dec 13, 2014 12:00:00 AM FINER hudson.triggers.Trigger
did not trigger hudson.maven.MavenModuleSet@4fc2c766[SystemTestBats_master]
Dec 13, 2014 12:00:00 AM FINE hudson.triggers.Trigger
cron checking hudson.maven.MavenModuleSet@7cb12272[SystemTestBats_sync_refactor] with spec ‘H 8,20 * * *’
Dec 13, 2014 12:00:00 AM FINER hudson.triggers.Trigger
did not trigger hudson.maven.MavenModuleSet@7cb12272[SystemTestBats_sync_refactor]
Dec 13, 2014 12:00:00 AM FINE hudson.triggers.Trigger
cron checking hudson.maven.MavenModuleSet@514caa52[SysTestBats_RC1] with spec ‘00 01 * * *’
Dec 13, 2014 12:00:00 AM FINER hudson.triggers.Trigger
did not trigger hudson.maven.MavenModuleSet@514caa52[SysTestBats_RC1]
Dec 13, 2014 12:00:00 AM FINE hudson.triggers.Trigger
cron checking hudson.maven.MavenModuleSet@925627f[proj4_Deploy_60] with spec ‘’
Dec 13, 2014 12:00:00 AM FINER hudson.triggers.Trigger
did not trigger hudson.maven.MavenModuleSet@925627f[proj4_Deploy_60]
Dec 13, 2014 12:00:00 AM FINE hudson.triggers.Trigger
cron checking hudson.maven.MavenModuleSet@61896427[Weekly static upgrade] with spec ‘0 22 * * 3’
Dec 13, 2014 12:00:00 AM FINER hudson.triggers.Trigger
did not trigger hudson.maven.MavenModuleSet@61896427[Weekly static upgrade]
Dec 13, 2014 12:01:00 AM FINE hudson.triggers.Trigger
cron checking 12/13/14 12:01 AM
Dec 13, 2014 12:01:00 AM FINE hudson.triggers.Trigger
cron checking hudson.maven.MavenModuleSet@4044cc57[50kDeployment] with spec ‘00 01 * * *’
Dec 13, 2014 12:01:00 AM FINER hudson.triggers.Trigger
did not trigger hudson.maven.MavenModuleSet@4044cc57[50kDeployment]
Dec 13, 2014 12:01:00 AM FINE hudson.triggers.Trigger
cron checking com.tikal.jenkins.plugins.multijob.MultiJobProject@52ebd006[Adv. Git Trigger] with spec ‘# Removed schedule because a post-commit hook will cause the job to run whenever there is a commit in any case.
# To use the below schedule instead, uncomment and check "Ignore post-commit hooks" below.
# H/5 * * * *’
Dec 13, 2014 12:01:00 AM FINER hudson.triggers.Trigger
did not trigger com.tikal.jenkins.plugins.multijob.MultiJobProject@52ebd006[Adv. Git Trigger]
Dec 13, 2014 12:01:00 AM FINE hudson.triggers.Trigger
cron checking com.tikal.jenkins.plugins.multijob.MultiJobProject@793c73e9[Adv. ReviewBot Trigger] with spec ‘H/5 * * * *’
Dec 13, 2014 12:01:00 AM FINER hudson.triggers.Trigger
did not trigger com.tikal.jenkins.plugins.multijob.MultiJobProject@793c73e9[Adv. ReviewBot Trigger]
Dec 13, 2014 12:01:00 AM FINE hudson.triggers.Trigger
cron checking com.tikal.jenkins.plugins.multijob.MultiJobProject@3cf20ed2[Adv. Update Machine Trigger] with spec ‘H 0 * * *’
Dec 13, 2014 12:01:00 AM FINER hudson.triggers.Trigger
did not trigger com.tikal.jenkins.plugins.multijob.MultiJobProject@3cf20ed2[Adv. Update Machine Trigger]
Dec 13, 2014 12:01:00 AM FINE hudson.triggers.Trigger
cron checking hudson.model.FreeStyleProject@4fce3ba7[Benchmarking] with spec ‘# Removed schedule because a post-commit hook will cause the job to run whenever there is a commit in any case.
# To use the below schedule instead, uncomment and check "Ignore post-commit hooks" below.
# H/5 * * * *’
Dec 13, 2014 12:01:00 AM FINER hudson.triggers.Trigger
did not trigger hudson.model.FreeStyleProject@4fce3ba7[Benchmarking]
Dec 13, 2014 12:01:00 AM FINE hudson.triggers.Trigger
cron checking hudson.maven.MavenModuleSet@51acde04[Build proj2 Beta] with spec ‘# Removed schedule because a post-commit hook will cause the job to run whenever there is a commit in any case.
# To use the below schedule instead, uncomment and check "Ignore post-commit hooks" below.
# H/2 * * * *’
Dec 13, 2014 12:01:00 AM FINER hudson.triggers.Trigger
did not trigger hudson.maven.MavenModuleSet@51acde04[Build proj2 Beta]
Dec 13, 2014 12:01:00 AM FINE hudson.triggers.Trigger
cron checking hudson.maven.MavenModuleSet@63b595c0[Build proj2 DevOps tests] with spec ‘0 12 * * *’
Dec 13, 2014 12:01:00 AM FINER hudson.triggers.Trigger
did not trigger hudson.maven.MavenModuleSet@63b595c0[Build proj2 DevOps tests]
Dec 13, 2014 12:01:00 AM FINE hudson.triggers.Trigger
cron checking hudson.maven.MavenModuleSet@1fb78db2[Build proj2 RC] with spec ‘# Removed schedule because a post-commit hook will cause the job to run whenever there is a commit in any case.
# To use the below schedule instead, uncomment and check "Ignore post-commit hooks" below.
# */2 * * * *’
Dec 13, 2014 12:01:00 AM FINER hudson.triggers.Trigger
did not trigger hudson.maven.MavenModuleSet@1fb78db2[Build proj2 RC]
Dec 13, 2014 12:01:00 AM FINE hudson.triggers.Trigger
cron checking hudson.maven.MavenModuleSet@165c7c26[proj3 branches] with spec ‘# Removed schedule because a post-commit hook will cause the job to run whenever there is a commit in any case.
# To use the below schedule instead, uncomment and check "Ignore post-commit hooks" below.
# H/2 * * * *’
Dec 13, 2014 12:01:00 AM FINER hudson.triggers.Trigger
did not trigger hudson.maven.MavenModuleSet@165c7c26[proj3 branches]
Dec 13, 2014 12:01:00 AM FINE hudson.triggers.Trigger
cron checking hudson.maven.MavenModuleSet@602000c1[proj3 coverage] with spec ‘@midnight’
Dec 13, 2014 12:01:00 AM FINER hudson.triggers.Trigger
did not trigger hudson.maven.MavenModuleSet@602000c1[proj3 coverage]
Dec 13, 2014 12:01:00 AM FINE hudson.triggers.Trigger
cron checking hudson.maven.MavenModuleSet@598189b0[proj3 1.0] with spec ‘# Removed schedule because a post-commit hook will cause the job to run whenever there is a commit in any case.
# To use the below schedule instead, uncomment and check "Ignore post-commit hooks" below.
# H/2 * * * *’
Dec 13, 2014 12:01:00 AM FINER hudson.triggers.Trigger
did not trigger hudson.maven.MavenModuleSet@598189b0[proj3 1.0]
Dec 13, 2014 12:01:00 AM FINE hudson.triggers.Trigger
cron checking hudson.model.FreeStyleProject@3451c1e6[jenkins-configuration-backup] with spec ‘@midnight’
Dec 13, 2014 12:01:00 AM FINER hudson.triggers.Trigger
did not trigger hudson.model.FreeStyleProject@3451c1e6[jenkins-configuration-backup]
Dec 13, 2014 12:01:00 AM FINE hudson.triggers.Trigger
cron checking hudson.model.FreeStyleProject@11daae42[Jenkins-server-maintenance] with spec ‘@midnight’
Dec 13, 2014 12:01:00 AM FINER hudson.triggers.Trigger
did not trigger hudson.model.FreeStyleProject@11daae42[Jenkins-server-maintenance]
Dec 13, 2014 12:01:00 AM FINE hudson.triggers.Trigger
cron checking hudson.model.FreeStyleProject@5ac989f1[Next Generation] with spec ‘H/5 * * * *’
Dec 13, 2014 12:01:00 AM CONFIG hudson.triggers.Trigger
cron triggered hudson.model.FreeStyleProject@5ac989f1[Next Generation]
Dec 13, 2014 12:01:00 AM FINE hudson.triggers.SCMTrigger
Scheduling a polling for hudson.model.FreeStyleProject@5ac989f1[Next Generation]
Dec 13, 2014 12:01:00 AM FINE hudson.triggers.SCMTrigger
scheduling the trigger to (asynchronously) run
Dec 13, 2014 12:01:00 AM FINE hudson.triggers.Trigger
cron checking hudson.maven.MavenModuleSet@593a9498[Nightly Data Validation] with spec ‘00 01 * * *’
Dec 13, 2014 12:01:00 AM FINER hudson.triggers.Trigger
did not trigger hudson.maven.MavenModuleSet@593a9498[Nightly Data Validation]
Dec 13, 2014 12:01:00 AM FINE hudson.triggers.Trigger
cron checking hudson.maven.MavenModuleSet@17c810ea[Nightly Dev] with spec ‘H 23 * * *’
Dec 13, 2014 12:01:00 AM FINER hudson.triggers.Trigger
did not trigger hudson.maven.MavenModuleSet@17c810ea[Nightly Dev]
Dec 13, 2014 12:01:00 AM FINE hudson.triggers.Trigger
cron checking hudson.maven.MavenModuleSet@14f1b4ec[Nightly QE 1.0 typeA] with spec ‘’
Dec 13, 2014 12:01:00 AM FINER hudson.triggers.Trigger
did not trigger hudson.maven.MavenModuleSet@14f1b4ec[Nightly QE 1.0 typeA]
Dec 13, 2014 12:01:00 AM FINE hudson.triggers.Trigger
cron checking hudson.maven.MavenModuleSet@3969ac8[Nightly QE] with spec ‘30 01 * * *’
Dec 13, 2014 12:01:00 AM FINER hudson.triggers.Trigger
did not trigger hudson.maven.MavenModuleSet@3969ac8[Nightly QE]
Dec 13, 2014 12:01:00 AM FINE hudson.triggers.Trigger
cron checking hudson.maven.MavenModuleSet@2be67836[Nightly_50K_Static] with spec ‘00 01 * * *’
Dec 13, 2014 12:01:00 AM FINER hudson.triggers.Trigger
did not trigger hudson.maven.MavenModuleSet@2be67836[Nightly_50K_Static]
Dec 13, 2014 12:01:00 AM FINE hudson.triggers.Trigger
cron checking hudson.maven.MavenModuleSet@51705171[Nightly_Bat] with spec ‘00 22 * * *’
Dec 13, 2014 12:01:00 AM FINER hudson.triggers.Trigger
did not trigger hudson.maven.MavenModuleSet@51705171[Nightly_Bat]
Dec 13, 2014 12:01:00 AM FINE hudson.triggers.Trigger
cron checking hudson.maven.MavenModuleSet@4fce7ed8[Nightly_Data_Verification_Master] with spec ‘H 21 * * *’
Dec 13, 2014 12:01:00 AM FINER hudson.triggers.Trigger
did not trigger hudson.maven.MavenModuleSet@4fce7ed8[Nightly_Data_Verification_Master]
Dec 13, 2014 12:01:00 AM FINE hudson.triggers.Trigger
cron checking hudson.maven.MavenModuleSet@6b456f66[Nightly_QE_Deploy_proj3_proj4_Upgrade_Master] with spec ‘10 22 * * *’
Dec 13, 2014 12:01:00 AM FINER hudson.triggers.Trigger
did not trigger hudson.maven.MavenModuleSet@6b456f66[Nightly_QE_Deploy_proj3_proj4_Upgrade_Master]
Dec 13, 2014 12:01:00 AM FINE hudson.triggers.Trigger
cron checking hudson.maven.MavenModuleSet@47abf723[Nightly_QE_Upgrade] with spec ‘00 03 * * *’
Dec 13, 2014 12:01:00 AM FINER hudson.triggers.Trigger
did not trigger hudson.maven.MavenModuleSet@47abf723[Nightly_QE_Upgrade]
Dec 13, 2014 12:01:00 AM FINE hudson.triggers.Trigger
cron checking hudson.maven.MavenModuleSet@12dfb6a6[Nightly_QE_Upgrade_master] with spec ‘00 04 * * *’
Dec 13, 2014 12:01:00 AM FINER hudson.triggers.Trigger
did not trigger hudson.maven.MavenModuleSet@12dfb6a6[Nightly_QE_Upgrade_master]
Dec 13, 2014 12:01:00 AM FINE hudson.triggers.Trigger
cron checking com.tikal.jenkins.plugins.multijob.MultiJobProject@344468a0[proj1 - Daily] with spec ‘H 01 * * *’
Dec 13, 2014 12:01:00 AM FINER hudson.triggers.Trigger
did not trigger com.tikal.jenkins.plugins.multijob.MultiJobProject@344468a0[proj1 - Daily]
Dec 13, 2014 12:01:00 AM FINE hudson.triggers.Trigger
cron checking hudson.model.FreeStyleProject@396de48d[proj1 Reviewbot Poller] with spec ‘H/5 * * * *’
Dec 13, 2014 12:01:00 AM CONFIG hudson.triggers.Trigger
cron triggered hudson.model.FreeStyleProject@396de48d[proj1 Reviewbot Poller]
Dec 13, 2014 12:01:00 AM FINE hudson.triggers.Trigger
cron checking hudson.model.FreeStyleProject@6be44c17[proj1-backend-generate-jobs] with spec ‘# no schedule -- will run when proj1.git post-commit hook triggers Jenkins’
Dec 13, 2014 12:01:00 AM FINER hudson.triggers.Trigger
did not trigger hudson.model.FreeStyleProject@6be44c17[proj1-backend-generate-jobs]
Dec 13, 2014 12:01:00 AM FINE hudson.triggers.Trigger
cron checking hudson.model.FreeStyleProject@328167dc[proj1-backend-poll] with spec ‘* * * * *’
Dec 13, 2014 12:01:00 AM CONFIG hudson.triggers.Trigger
cron triggered hudson.model.FreeStyleProject@328167dc[proj1-backend-poll]
Dec 13, 2014 12:01:00 AM FINE hudson.triggers.SCMTrigger
Scheduling a polling for hudson.model.FreeStyleProject@328167dc[proj1-backend-poll]
Dec 13, 2014 12:01:00 AM FINE hudson.triggers.SCMTrigger
scheduling the trigger to (asynchronously) run
Dec 13, 2014 12:01:00 AM FINE hudson.triggers.Trigger
cron checking hudson.model.FreeStyleProject@4cf4e50f[proj1-Branches] with spec ‘# Removed schedule because a post-commit hook will cause the job to run whenever there is a commit in any case.
# To use the below schedule instead, uncomment and check "Ignore post-commit hooks" below.
# H/5 * * * *’
Dec 13, 2014 12:01:00 AM FINER hudson.triggers.Trigger
did not trigger hudson.model.FreeStyleProject@4cf4e50f[proj1-Branches]
Dec 13, 2014 12:01:00 AM FINE hudson.triggers.Trigger
cron checking hudson.model.FreeStyleProject@34f627a9[proj1-frontend-poll] with spec ‘# Removed schedule because a post-commit hook will cause the job to run whenever there is a commit in any case.
# To use the below schedule instead, uncomment and check "Ignore post-commit hooks" below.
# * * * * *’
Dec 13, 2014 12:01:00 AM FINER hudson.triggers.Trigger
did not trigger hudson.model.FreeStyleProject@34f627a9[proj1-frontend-poll]
Dec 13, 2014 12:01:00 AM FINE hudson.triggers.Trigger
cron checking hudson.model.FreeStyleProject@62d8e5bf[Reviewbot2] with spec ‘H/5 * * * *’
Dec 13, 2014 12:01:00 AM FINER hudson.triggers.Trigger
did not trigger hudson.model.FreeStyleProject@62d8e5bf[Reviewbot2]
Dec 13, 2014 12:01:00 AM FINE hudson.triggers.Trigger
cron checking hudson.maven.MavenModuleSet@6e1daf64[Sonar] with spec ‘H H * * *’
Dec 13, 2014 12:01:00 AM FINER hudson.triggers.Trigger
did not trigger hudson.maven.MavenModuleSet@6e1daf64[Sonar]
Dec 13, 2014 12:01:00 AM FINE hudson.triggers.Trigger
cron checking hudson.maven.MavenModuleSet@28b9867f[proj3 2.0] with spec ‘# Removed schedule because a post-commit hook will cause the job to run whenever there is a commit in any case.
# To use the below schedule instead, uncomment and check "Ignore post-commit hooks" below.
# */2 * * * *’
Dec 13, 2014 12:01:00 AM FINER hudson.triggers.Trigger
did not trigger hudson.maven.MavenModuleSet@28b9867f[proj3 2.0]
Dec 13, 2014 12:01:00 AM FINE hudson.triggers.Trigger
cron checking hudson.maven.MavenModuleSet@48176699[Standard-sync_refactor] with spec ‘*/2 * * * *’
Dec 13, 2014 12:01:00 AM FINER hudson.triggers.Trigger
did not trigger hudson.maven.MavenModuleSet@48176699[Standard-sync_refactor]
Dec 13, 2014 12:01:00 AM FINE hudson.triggers.Trigger
cron checking hudson.maven.MavenModuleSet@42a5bd4c[Standard] with spec ‘# Removed schedule because a post-commit hook will cause the job to run whenever there is a commit in any case.
# To use the below schedule instead, uncomment and check "Ignore post-commit hooks" below.
# */2 * * * *’
Dec 13, 2014 12:01:00 AM FINER hudson.triggers.Trigger
did not trigger hudson.maven.MavenModuleSet@42a5bd4c[Standard]
Dec 13, 2014 12:01:00 AM FINE hudson.triggers.Trigger
cron checking hudson.maven.MavenModuleSet@4fc2c766[SystemTestBats_master] with spec ‘00 01 * * *’
Dec 13, 2014 12:01:00 AM FINER hudson.triggers.Trigger
did not trigger hudson.maven.MavenModuleSet@4fc2c766[SystemTestBats_master]
Dec 13, 2014 12:01:00 AM FINE hudson.triggers.Trigger
cron checking hudson.maven.MavenModuleSet@7cb12272[SystemTestBats_sync_refactor] with spec ‘H 8,20 * * *’
Dec 13, 2014 12:01:00 AM FINER hudson.triggers.Trigger
did not trigger hudson.maven.MavenModuleSet@7cb12272[SystemTestBats_sync_refactor]
Dec 13, 2014 12:01:00 AM FINE hudson.triggers.Trigger
cron checking hudson.maven.MavenModuleSet@514caa52[SysTestBats_RC1] with spec ‘00 01 * * *’
Dec 13, 2014 12:01:00 AM FINER hudson.triggers.Trigger
did not trigger hudson.maven.MavenModuleSet@514caa52[SysTestBats_RC1]
Dec 13, 2014 12:01:00 AM FINE hudson.triggers.Trigger
cron checking hudson.maven.MavenModuleSet@925627f[proj4_Deploy_60] with spec ‘’
Dec 13, 2014 12:01:00 AM FINER hudson.triggers.Trigger
did not trigger hudson.maven.MavenModuleSet@925627f[proj4_Deploy_60]
Dec 13, 2014 12:01:00 AM FINE hudson.triggers.Trigger
cron checking hudson.maven.MavenModuleSet@61896427[Weekly static upgrade] with spec ‘0 22 * * 3’
Dec 13, 2014 12:01:00 AM FINER hudson.triggers.Trigger
did not trigger hudson.maven.MavenModuleSet@61896427[Weekly static upgrade]
Dec 13, 2014 4:28:47 PM FINE hudson.triggers.SCMTrigger
Scheduling a polling for com.tikal.jenkins.plugins.multijob.MultiJobProject@52ebd006[Adv. Git Trigger]
Dec 13, 2014 4:28:47 PM FINE hudson.triggers.SCMTrigger
scheduling the trigger to (asynchronously) run
Dec 13, 2014 4:28:54 PM INFO hudson.triggers.SCMTrigger$Runner run
SCM changes detected in Adv. Git Trigger. Triggering  #476
