Feb 1, 2012 10:56:47 AM winstone.Logger logInternal
INFO: Beginning extraction from war file
Feb 1, 2012 10:56:48 AM winstone.Logger logInternal
INFO: HTTP Listener started: port=9000
Feb 1, 2012 10:56:48 AM winstone.Logger logInternal
INFO: Winstone Servlet Engine v0.9.10 running: controlPort=disabled
Feb 1, 2012 10:56:48 AM jenkins.InitReactorRunner$1 onAttained
INFO: Started initialization
Feb 1, 2012 10:56:48 AM jenkins.InitReactorRunner$1 onAttained
INFO: Listed all plugins
Feb 1, 2012 10:56:48 AM jenkins.InitReactorRunner$1 onAttained
INFO: Prepared all plugins
Feb 1, 2012 10:56:48 AM jenkins.InitReactorRunner$1 onAttained
INFO: Started all plugins
Feb 1, 2012 10:56:48 AM jenkins.InitReactorRunner$1 onAttained
INFO: Augmented all extensions
Feb 1, 2012 10:56:50 AM jenkins.InitReactorRunner$1 onAttained
INFO: Loaded all jobs
Failed to instantiate SLF4J LoggerFactory
Reported exception:
java.lang.NoClassDefFoundError: org.slf4j.impl.StaticLoggerBinder
	at org.slf4j.LoggerFactory.bind(LoggerFactory.java:121)
	at org.slf4j.LoggerFactory.performInitialization(LoggerFactory.java:111)
	at org.slf4j.LoggerFactory.getILoggerFactory(LoggerFactory.java:268)
	at org.slf4j.LoggerFactory.getLogger(LoggerFactory.java:241)
	at org.slf4j.LoggerFactory.getLogger(LoggerFactory.java:254)
	at org.apache.sshd.common.AbstractFactoryManager.<init>(AbstractFactoryManager.java:37)
	at org.apache.sshd.SshServer.<init>(SshServer.java:140)
	at org.apache.sshd.SshServer.setUpDefaultServer(SshServer.java:428)
	at org.jenkinsci.main.modules.sshd.SSHD.<init>(SSHD.java:33)
	at org.jenkinsci.main.modules.sshd.SSHD$$FastClassByGuice$$c0b3a86e.newInstance(<generated>)
	at com.google.inject.internal.cglib.reflect.$FastConstructor.newInstance(FastConstructor.java:40)
	at com.google.inject.internal.DefaultConstructionProxyFactory$1.newInstance(DefaultConstructionProxyFactory.java:61)
	at com.google.inject.internal.ConstructorInjector.provision(ConstructorInjector.java:108)
	at com.google.inject.internal.ConstructorInjector.construct(ConstructorInjector.java:87)
	at com.google.inject.internal.ConstructorBindingImpl$Factory.get(ConstructorBindingImpl.java:259)
	at com.google.inject.internal.ProviderToInternalFactoryAdapter$1.call(ProviderToInternalFactoryAdapter.java:46)
	at com.google.inject.internal.InjectorImpl.callInContext(InjectorImpl.java:1018)
	at com.google.inject.internal.ProviderToInternalFactoryAdapter.get(ProviderToInternalFactoryAdapter.java:40)
	at com.google.inject.Scopes$1$1.get(Scopes.java:59)
	at hudson.ExtensionFinder$AbstractGuiceFinder$2$1.get(ExtensionFinder.java:365)
	at com.google.inject.internal.InternalFactoryToProviderAdapter.get(InternalFactoryToProviderAdapter.java:41)
	at com.google.inject.internal.SingleFieldInjector.inject(SingleFieldInjector.java:54)
	at com.google.inject.internal.MembersInjectorImpl.injectMembers(MembersInjectorImpl.java:118)
	at com.google.inject.internal.ConstructorInjector.provision(ConstructorInjector.java:117)
	at com.google.inject.internal.ConstructorInjector.construct(ConstructorInjector.java:87)
	at com.google.inject.internal.ConstructorBindingImpl$Factory.get(ConstructorBindingImpl.java:259)
	at com.google.inject.internal.ProviderToInternalFactoryAdapter$1.call(ProviderToInternalFactoryAdapter.java:46)
	at com.google.inject.internal.InjectorImpl.callInContext(InjectorImpl.java:1018)
	at com.google.inject.internal.ProviderToInternalFactoryAdapter.get(ProviderToInternalFactoryAdapter.java:40)
	at com.google.inject.Scopes$1$1.get(Scopes.java:59)
	at hudson.ExtensionFinder$AbstractGuiceFinder$2$1.get(ExtensionFinder.java:365)
	at com.google.inject.internal.InternalFactoryToProviderAdapter.get(InternalFactoryToProviderAdapter.java:41)
	at com.google.inject.internal.InjectorImpl$3$1.call(InjectorImpl.java:965)
	at com.google.inject.internal.InjectorImpl.callInContext(InjectorImpl.java:1011)
	at com.google.inject.internal.InjectorImpl$3.get(InjectorImpl.java:961)
	at hudson.ExtensionFinder$AbstractGuiceFinder._find(ExtensionFinder.java:336)
	at hudson.ExtensionFinder$AbstractGuiceFinder.find(ExtensionFinder.java:327)
	at hudson.ExtensionFinder._find(ExtensionFinder.java:147)
	at hudson.ClassicPluginStrategy.findComponents(ClassicPluginStrategy.java:289)
	at hudson.ExtensionList.load(ExtensionList.java:278)
	at hudson.ExtensionList.ensureLoaded(ExtensionList.java:231)
	at hudson.ExtensionList.iterator(ExtensionList.java:138)
	at hudson.diagnosis.NullIdDescriptorMonitor.verify(NullIdDescriptorMonitor.java:65)
	at hudson.diagnosis.NullIdDescriptorMonitor.verifyId(NullIdDescriptorMonitor.java:86)
	at sun.reflect.NativeMethodAccessorImpl.invoke0(Native Method)
	at sun.reflect.NativeMethodAccessorImpl.invoke(NativeMethodAccessorImpl.java:48)
	at sun.reflect.DelegatingMethodAccessorImpl.invoke(DelegatingMethodAccessorImpl.java:25)
	at java.lang.reflect.Method.invoke(Method.java:600)
	at hudson.init.InitializerFinder.invoke(InitializerFinder.java:120)
	at hudson.init.InitializerFinder$TaskImpl.run(InitializerFinder.java:184)
	at org.jvnet.hudson.reactor.Reactor.runTask(Reactor.java:259)
	at jenkins.model.Jenkins$5.runTask(Jenkins.java:812)
	at org.jvnet.hudson.reactor.Reactor$2.run(Reactor.java:187)
	at org.jvnet.hudson.reactor.Reactor$Node.run(Reactor.java:94)
	at java.util.concurrent.ThreadPoolExecutor$Worker.runTask(ThreadPoolExecutor.java:898)
	at java.util.concurrent.ThreadPoolExecutor$Worker.run(ThreadPoolExecutor.java:920)
	at java.lang.Thread.run(Thread.java:736)
Caused by: java.lang.ClassNotFoundException: org.slf4j.impl.StaticLoggerBinder
	at java.lang.ClassNotFoundException.<init>(ClassNotFoundException.java:77)
	at java.net.URLClassLoader.findClass(URLClassLoader.java:385)
	at java.lang.ClassLoader.loadClass(ClassLoader.java:653)
	at java.lang.ClassLoader.loadClass(ClassLoader.java:619)
	at winstone.classLoader.WebappClassLoader.loadClass(WebappClassLoader.java:83)
	at java.lang.ClassLoader.loadClass(ClassLoader.java:619)
	... 57 more
Feb 1, 2012 10:56:50 AM hudson.ExtensionFinder$AbstractGuiceFinder$2$1 get
WARNING: Failed to instantiate. Skipping this component
Throwable occurred: com.google.inject.ProvisionException: Guice provision errors:

1) Error injecting constructor, java.lang.NoClassDefFoundError: org.slf4j.impl.StaticLoggerBinder
  at org.jenkinsci.main.modules.sshd.SSHD.<init>(SSHD.java:40)

1 error
	at com.google.inject.internal.ProviderToInternalFactoryAdapter.get(ProviderToInternalFactoryAdapter.java:52)
	at com.google.inject.Scopes$1$1.get(Scopes.java:59)
	at hudson.ExtensionFinder$AbstractGuiceFinder$2$1.get(ExtensionFinder.java:365)
	at com.google.inject.internal.InternalFactoryToProviderAdapter.get(InternalFactoryToProviderAdapter.java:41)
	at com.google.inject.internal.SingleFieldInjector.inject(SingleFieldInjector.java:54)
	at com.google.inject.internal.MembersInjectorImpl.injectMembers(MembersInjectorImpl.java:118)
	at com.google.inject.internal.ConstructorInjector.provision(ConstructorInjector.java:117)
	at com.google.inject.internal.ConstructorInjector.construct(ConstructorInjector.java:87)
	at com.google.inject.internal.ConstructorBindingImpl$Factory.get(ConstructorBindingImpl.java:259)
	at com.google.inject.internal.ProviderToInternalFactoryAdapter$1.call(ProviderToInternalFactoryAdapter.java:46)
	at com.google.inject.internal.InjectorImpl.callInContext(InjectorImpl.java:1018)
	at com.google.inject.internal.ProviderToInternalFactoryAdapter.get(ProviderToInternalFactoryAdapter.java:40)
	at com.google.inject.Scopes$1$1.get(Scopes.java:59)
	at hudson.ExtensionFinder$AbstractGuiceFinder$2$1.get(ExtensionFinder.java:365)
	at com.google.inject.internal.InternalFactoryToProviderAdapter.get(InternalFactoryToProviderAdapter.java:41)
	at com.google.inject.internal.InjectorImpl$3$1.call(InjectorImpl.java:965)
	at com.google.inject.internal.InjectorImpl.callInContext(InjectorImpl.java:1011)
	at com.google.inject.internal.InjectorImpl$3.get(InjectorImpl.java:961)
	at hudson.ExtensionFinder$AbstractGuiceFinder._find(ExtensionFinder.java:336)
	at hudson.ExtensionFinder$AbstractGuiceFinder.find(ExtensionFinder.java:327)
	at hudson.ExtensionFinder._find(ExtensionFinder.java:147)
	at hudson.ClassicPluginStrategy.findComponents(ClassicPluginStrategy.java:289)
	at hudson.ExtensionList.load(ExtensionList.java:278)
	at hudson.ExtensionList.ensureLoaded(ExtensionList.java:231)
	at hudson.ExtensionList.iterator(ExtensionList.java:138)
	at hudson.diagnosis.NullIdDescriptorMonitor.verify(NullIdDescriptorMonitor.java:65)
	at hudson.diagnosis.NullIdDescriptorMonitor.verifyId(NullIdDescriptorMonitor.java:86)
	at sun.reflect.NativeMethodAccessorImpl.invoke0(Native Method)
	at sun.reflect.NativeMethodAccessorImpl.invoke(NativeMethodAccessorImpl.java:48)
	at sun.reflect.DelegatingMethodAccessorImpl.invoke(DelegatingMethodAccessorImpl.java:25)
	at java.lang.reflect.Method.invoke(Method.java:600)
	at hudson.init.InitializerFinder.invoke(InitializerFinder.java:120)
	at hudson.init.InitializerFinder$TaskImpl.run(InitializerFinder.java:184)
	at org.jvnet.hudson.reactor.Reactor.runTask(Reactor.java:259)
	at jenkins.model.Jenkins$5.runTask(Jenkins.java:812)
	at org.jvnet.hudson.reactor.Reactor$2.run(Reactor.java:187)
	at org.jvnet.hudson.reactor.Reactor$Node.run(Reactor.java:94)
	at java.util.concurrent.ThreadPoolExecutor$Worker.runTask(ThreadPoolExecutor.java:898)
	at java.util.concurrent.ThreadPoolExecutor$Worker.run(ThreadPoolExecutor.java:920)
	at java.lang.Thread.run(Thread.java:736)
Caused by: java.lang.NoClassDefFoundError: org.slf4j.impl.StaticLoggerBinder
	at org.slf4j.LoggerFactory.bind(LoggerFactory.java:121)
	at org.slf4j.LoggerFactory.performInitialization(LoggerFactory.java:111)
	at org.slf4j.LoggerFactory.getILoggerFactory(LoggerFactory.java:268)
	at org.slf4j.LoggerFactory.getLogger(LoggerFactory.java:241)
	at org.slf4j.LoggerFactory.getLogger(LoggerFactory.java:254)
	at org.apache.sshd.common.AbstractFactoryManager.<init>(AbstractFactoryManager.java:37)
	at org.apache.sshd.SshServer.<init>(SshServer.java:140)
	at org.apache.sshd.SshServer.setUpDefaultServer(SshServer.java:428)
	at org.jenkinsci.main.modules.sshd.SSHD.<init>(SSHD.java:33)
	at org.jenkinsci.main.modules.sshd.SSHD$$FastClassByGuice$$c0b3a86e.newInstance(<generated>)
	at com.google.inject.internal.cglib.reflect.$FastConstructor.newInstance(FastConstructor.java:40)
	at com.google.inject.internal.DefaultConstructionProxyFactory$1.newInstance(DefaultConstructionProxyFactory.java:61)
	at com.google.inject.internal.ConstructorInjector.provision(ConstructorInjector.java:108)
	at com.google.inject.internal.ConstructorInjector.construct(ConstructorInjector.java:87)
	at com.google.inject.internal.ConstructorBindingImpl$Factory.get(ConstructorBindingImpl.java:259)
	at com.google.inject.internal.ProviderToInternalFactoryAdapter$1.call(ProviderToInternalFactoryAdapter.java:46)
	at com.google.inject.internal.InjectorImpl.callInContext(InjectorImpl.java:1018)
	at com.google.inject.internal.ProviderToInternalFactoryAdapter.get(ProviderToInternalFactoryAdapter.java:40)
	... 39 more
Caused by: java.lang.ClassNotFoundException: org.slf4j.impl.StaticLoggerBinder
	at java.lang.ClassNotFoundException.<init>(ClassNotFoundException.java:77)
	at java.net.URLClassLoader.findClass(URLClassLoader.java:385)
	at java.lang.ClassLoader.loadClass(ClassLoader.java:653)
	at java.lang.ClassLoader.loadClass(ClassLoader.java:619)
	at winstone.classLoader.WebappClassLoader.loadClass(WebappClassLoader.java:83)
	at java.lang.ClassLoader.loadClass(ClassLoader.java:619)
	... 57 more
Feb 1, 2012 10:56:50 AM hudson.ExtensionFinder$AbstractGuiceFinder$2$1 get
WARNING: Failed to instantiate. Skipping this component
Throwable occurred: com.google.inject.ProvisionException: Guice provision errors:

1) null returned by binding at hudson.ExtensionFinder$AbstractGuiceFinder$SezpozModule.configure(ExtensionFinder.java:432)
 but org.jenkinsci.main.modules.sshd.PortAdvertiser.sshd is not @Nullable
  while locating org.jenkinsci.main.modules.sshd.SSHD
    for field at org.jenkinsci.main.modules.sshd.PortAdvertiser.sshd(PortAdvertiser.java:18)

1 error
	at com.google.inject.internal.ProviderToInternalFactoryAdapter.get(ProviderToInternalFactoryAdapter.java:52)
	at com.google.inject.Scopes$1$1.get(Scopes.java:59)
	at hudson.ExtensionFinder$AbstractGuiceFinder$2$1.get(ExtensionFinder.java:365)
	at com.google.inject.internal.InternalFactoryToProviderAdapter.get(InternalFactoryToProviderAdapter.java:41)
	at com.google.inject.internal.InjectorImpl$3$1.call(InjectorImpl.java:965)
	at com.google.inject.internal.InjectorImpl.callInContext(InjectorImpl.java:1011)
	at com.google.inject.internal.InjectorImpl$3.get(InjectorImpl.java:961)
	at hudson.ExtensionFinder$AbstractGuiceFinder._find(ExtensionFinder.java:336)
	at hudson.ExtensionFinder$AbstractGuiceFinder.find(ExtensionFinder.java:327)
	at hudson.ExtensionFinder._find(ExtensionFinder.java:147)
	at hudson.ClassicPluginStrategy.findComponents(ClassicPluginStrategy.java:289)
	at hudson.ExtensionList.load(ExtensionList.java:278)
	at hudson.ExtensionList.ensureLoaded(ExtensionList.java:231)
	at hudson.ExtensionList.iterator(ExtensionList.java:138)
	at hudson.diagnosis.NullIdDescriptorMonitor.verify(NullIdDescriptorMonitor.java:65)
	at hudson.diagnosis.NullIdDescriptorMonitor.verifyId(NullIdDescriptorMonitor.java:86)
	at sun.reflect.NativeMethodAccessorImpl.invoke0(Native Method)
	at sun.reflect.NativeMethodAccessorImpl.invoke(NativeMethodAccessorImpl.java:48)
	at sun.reflect.DelegatingMethodAccessorImpl.invoke(DelegatingMethodAccessorImpl.java:25)
	at java.lang.reflect.Method.invoke(Method.java:600)
	at hudson.init.InitializerFinder.invoke(InitializerFinder.java:120)
	at hudson.init.InitializerFinder$TaskImpl.run(InitializerFinder.java:184)
	at org.jvnet.hudson.reactor.Reactor.runTask(Reactor.java:259)
	at jenkins.model.Jenkins$5.runTask(Jenkins.java:812)
	at org.jvnet.hudson.reactor.Reactor$2.run(Reactor.java:187)
	at org.jvnet.hudson.reactor.Reactor$Node.run(Reactor.java:94)
	at java.util.concurrent.ThreadPoolExecutor$Worker.runTask(ThreadPoolExecutor.java:898)
	at java.util.concurrent.ThreadPoolExecutor$Worker.run(ThreadPoolExecutor.java:920)
	at java.lang.Thread.run(Thread.java:736)
Feb 1, 2012 10:56:50 AM hudson.ExtensionFinder$AbstractGuiceFinder$2$1 get
WARNING: Failed to instantiate. Skipping this component
Throwable occurred: com.google.inject.ProvisionException: Guice provision errors:

1) Error injecting constructor, java.lang.IllegalStateException: org.slf4j.LoggerFactory could not be successfully initialized. See also http://www.slf4j.org/codes.html#unsuccessfulInit
  at org.jenkinsci.main.modules.sshd.SSHD.<init>(SSHD.java:40)

1 error
	at com.google.inject.internal.ProviderToInternalFactoryAdapter.get(ProviderToInternalFactoryAdapter.java:52)
	at com.google.inject.Scopes$1$1.get(Scopes.java:59)
	at hudson.ExtensionFinder$AbstractGuiceFinder$2$1.get(ExtensionFinder.java:365)
	at com.google.inject.internal.InternalFactoryToProviderAdapter.get(InternalFactoryToProviderAdapter.java:41)
	at com.google.inject.internal.InjectorImpl$3$1.call(InjectorImpl.java:965)
	at com.google.inject.internal.InjectorImpl.callInContext(InjectorImpl.java:1011)
	at com.google.inject.internal.InjectorImpl$3.get(InjectorImpl.java:961)
	at hudson.ExtensionFinder$AbstractGuiceFinder._find(ExtensionFinder.java:336)
	at hudson.ExtensionFinder$AbstractGuiceFinder.find(ExtensionFinder.java:327)
	at hudson.ExtensionFinder._find(ExtensionFinder.java:147)
	at hudson.ClassicPluginStrategy.findComponents(ClassicPluginStrategy.java:289)
	at hudson.ExtensionList.load(ExtensionList.java:278)
	at hudson.ExtensionList.ensureLoaded(ExtensionList.java:231)
	at hudson.ExtensionList.iterator(ExtensionList.java:138)
	at hudson.diagnosis.NullIdDescriptorMonitor.verify(NullIdDescriptorMonitor.java:65)
	at hudson.diagnosis.NullIdDescriptorMonitor.verifyId(NullIdDescriptorMonitor.java:86)
	at sun.reflect.NativeMethodAccessorImpl.invoke0(Native Method)
	at sun.reflect.NativeMethodAccessorImpl.invoke(NativeMethodAccessorImpl.java:48)
	at sun.reflect.DelegatingMethodAccessorImpl.invoke(DelegatingMethodAccessorImpl.java:25)
	at java.lang.reflect.Method.invoke(Method.java:600)
	at hudson.init.InitializerFinder.invoke(InitializerFinder.java:120)
	at hudson.init.InitializerFinder$TaskImpl.run(InitializerFinder.java:184)
	at org.jvnet.hudson.reactor.Reactor.runTask(Reactor.java:259)
	at jenkins.model.Jenkins$5.runTask(Jenkins.java:812)
	at org.jvnet.hudson.reactor.Reactor$2.run(Reactor.java:187)
	at org.jvnet.hudson.reactor.Reactor$Node.run(Reactor.java:94)
	at java.util.concurrent.ThreadPoolExecutor$Worker.runTask(ThreadPoolExecutor.java:898)
	at java.util.concurrent.ThreadPoolExecutor$Worker.run(ThreadPoolExecutor.java:920)
	at java.lang.Thread.run(Thread.java:736)
Caused by: java.lang.IllegalStateException: org.slf4j.LoggerFactory could not be successfully initialized. See also http://www.slf4j.org/codes.html#unsuccessfulInit
	at org.slf4j.LoggerFactory.getILoggerFactory(LoggerFactory.java:277)
	at org.slf4j.LoggerFactory.getLogger(LoggerFactory.java:241)
	at org.slf4j.LoggerFactory.getLogger(LoggerFactory.java:254)
	at org.apache.sshd.common.AbstractFactoryManager.<init>(AbstractFactoryManager.java:37)
	at org.apache.sshd.SshServer.<init>(SshServer.java:140)
	at org.apache.sshd.SshServer.setUpDefaultServer(SshServer.java:428)
	at org.jenkinsci.main.modules.sshd.SSHD.<init>(SSHD.java:33)
	at org.jenkinsci.main.modules.sshd.SSHD$$FastClassByGuice$$c0b3a86e.newInstance(<generated>)
	at com.google.inject.internal.cglib.reflect.$FastConstructor.newInstance(FastConstructor.java:40)
	at com.google.inject.internal.DefaultConstructionProxyFactory$1.newInstance(DefaultConstructionProxyFactory.java:61)
	at com.google.inject.internal.ConstructorInjector.provision(ConstructorInjector.java:108)
	at com.google.inject.internal.ConstructorInjector.construct(ConstructorInjector.java:87)
	at com.google.inject.internal.ConstructorBindingImpl$Factory.get(ConstructorBindingImpl.java:259)
	at com.google.inject.internal.ProviderToInternalFactoryAdapter$1.call(ProviderToInternalFactoryAdapter.java:46)
	at com.google.inject.internal.InjectorImpl.callInContext(InjectorImpl.java:1018)
	at com.google.inject.internal.ProviderToInternalFactoryAdapter.get(ProviderToInternalFactoryAdapter.java:40)
	... 28 more
Feb 1, 2012 10:56:50 AM hudson.ExtensionFinder$AbstractGuiceFinder$2$1 get
WARNING: Failed to instantiate. Skipping this component
Throwable occurred: com.google.inject.ProvisionException: Guice provision errors:

1) Error injecting constructor, java.lang.IllegalStateException: org.slf4j.LoggerFactory could not be successfully initialized. See also http://www.slf4j.org/codes.html#unsuccessfulInit
  at org.jenkinsci.main.modules.sshd.SSHD.<init>(SSHD.java:40)

1 error
	at com.google.inject.internal.ProviderToInternalFactoryAdapter.get(ProviderToInternalFactoryAdapter.java:52)
	at com.google.inject.Scopes$1$1.get(Scopes.java:59)
	at hudson.ExtensionFinder$AbstractGuiceFinder$2$1.get(ExtensionFinder.java:365)
	at com.google.inject.internal.InternalFactoryToProviderAdapter.get(InternalFactoryToProviderAdapter.java:41)
	at com.google.inject.internal.InjectorImpl$3$1.call(InjectorImpl.java:965)
	at com.google.inject.internal.InjectorImpl.callInContext(InjectorImpl.java:1011)
	at com.google.inject.internal.InjectorImpl$3.get(InjectorImpl.java:961)
	at hudson.ExtensionFinder$AbstractGuiceFinder._find(ExtensionFinder.java:336)
	at hudson.ExtensionFinder$AbstractGuiceFinder.find(ExtensionFinder.java:327)
	at hudson.ExtensionFinder._find(ExtensionFinder.java:147)
	at hudson.ClassicPluginStrategy.findComponents(ClassicPluginStrategy.java:289)
	at hudson.ExtensionList.load(ExtensionList.java:278)
	at hudson.ExtensionList.ensureLoaded(ExtensionList.java:231)
	at hudson.ExtensionList.iterator(ExtensionList.java:138)
	at hudson.ExtensionList.get(ExtensionList.java:129)
	at org.jenkinsci.main.modules.sshd.SSHD.get(SSHD.java:128)
	at org.jenkinsci.main.modules.sshd.SSHD.init(SSHD.java:133)
	at sun.reflect.NativeMethodAccessorImpl.invoke0(Native Method)
	at sun.reflect.NativeMethodAccessorImpl.invoke(NativeMethodAccessorImpl.java:48)
	at sun.reflect.DelegatingMethodAccessorImpl.invoke(DelegatingMethodAccessorImpl.java:25)
	at java.lang.reflect.Method.invoke(Method.java:600)
	at hudson.init.InitializerFinder.invoke(InitializerFinder.java:120)
	at hudson.init.InitializerFinder$TaskImpl.run(InitializerFinder.java:184)
	at org.jvnet.hudson.reactor.Reactor.runTask(Reactor.java:259)
	at jenkins.model.Jenkins$5.runTask(Jenkins.java:812)
	at org.jvnet.hudson.reactor.Reactor$2.run(Reactor.java:187)
	at org.jvnet.hudson.reactor.Reactor$Node.run(Reactor.java:94)
	at java.util.concurrent.ThreadPoolExecutor$Worker.runTask(ThreadPoolExecutor.java:898)
	at java.util.concurrent.ThreadPoolExecutor$Worker.run(ThreadPoolExecutor.java:920)
	at java.lang.Thread.run(Thread.java:736)
Caused by: java.lang.IllegalStateException: org.slf4j.LoggerFactory could not be successfully initialized. See also http://www.slf4j.org/codes.html#unsuccessfulInit
	at org.slf4j.LoggerFactory.getILoggerFactory(LoggerFactory.java:277)
	at org.slf4j.LoggerFactory.getLogger(LoggerFactory.java:241)
	at org.slf4j.LoggerFactory.getLogger(LoggerFactory.java:254)
	at org.apache.sshd.common.AbstractFactoryManager.<init>(AbstractFactoryManager.java:37)
	at org.apache.sshd.SshServer.<init>(SshServer.java:140)
	at org.apache.sshd.SshServer.setUpDefaultServer(SshServer.java:428)
	at org.jenkinsci.main.modules.sshd.SSHD.<init>(SSHD.java:33)
	at org.jenkinsci.main.modules.sshd.SSHD$$FastClassByGuice$$c0b3a86e.newInstance(<generated>)
	at com.google.inject.internal.cglib.reflect.$FastConstructor.newInstance(FastConstructor.java:40)
	at com.google.inject.internal.DefaultConstructionProxyFactory$1.newInstance(DefaultConstructionProxyFactory.java:61)
	at com.google.inject.internal.ConstructorInjector.provision(ConstructorInjector.java:108)
	at com.google.inject.internal.ConstructorInjector.construct(ConstructorInjector.java:87)
	at com.google.inject.internal.ConstructorBindingImpl$Factory.get(ConstructorBindingImpl.java:259)
	at com.google.inject.internal.ProviderToInternalFactoryAdapter$1.call(ProviderToInternalFactoryAdapter.java:46)
	at com.google.inject.internal.InjectorImpl.callInContext(InjectorImpl.java:1018)
	at com.google.inject.internal.ProviderToInternalFactoryAdapter.get(ProviderToInternalFactoryAdapter.java:40)
	... 29 more
Feb 1, 2012 10:56:50 AM jenkins.InitReactorRunner$1 onTaskFailed
SEVERE: Failed SSHD.init
Throwable occurred: java.lang.Error: java.lang.reflect.InvocationTargetException
	at hudson.init.InitializerFinder.invoke(InitializerFinder.java:124)
	at hudson.init.InitializerFinder$TaskImpl.run(InitializerFinder.java:184)
	at org.jvnet.hudson.reactor.Reactor.runTask(Reactor.java:259)
	at jenkins.model.Jenkins$5.runTask(Jenkins.java:812)
	at org.jvnet.hudson.reactor.Reactor$2.run(Reactor.java:187)
	at org.jvnet.hudson.reactor.Reactor$Node.run(Reactor.java:94)
	at java.util.concurrent.ThreadPoolExecutor$Worker.runTask(ThreadPoolExecutor.java:898)
	at java.util.concurrent.ThreadPoolExecutor$Worker.run(ThreadPoolExecutor.java:920)
	at java.lang.Thread.run(Thread.java:736)
Caused by: java.lang.reflect.InvocationTargetException
	at sun.reflect.NativeMethodAccessorImpl.invoke0(Native Method)
	at sun.reflect.NativeMethodAccessorImpl.invoke(NativeMethodAccessorImpl.java:48)
	at sun.reflect.DelegatingMethodAccessorImpl.invoke(DelegatingMethodAccessorImpl.java:25)
	at java.lang.reflect.Method.invoke(Method.java:600)
	at hudson.init.InitializerFinder.invoke(InitializerFinder.java:120)
	... 8 more
Caused by: java.lang.NullPointerException
	at org.jenkinsci.main.modules.sshd.SSHD.init(SSHD.java:133)
	... 13 more
Feb 1, 2012 10:56:50 AM hudson.WebAppMain$2 run
SEVERE: Failed to initialize Jenkins
Throwable occurred: org.jvnet.hudson.reactor.ReactorException: java.lang.Error: java.lang.reflect.InvocationTargetException
	at org.jvnet.hudson.reactor.Reactor.execute(Reactor.java:246)
	at jenkins.InitReactorRunner.run(InitReactorRunner.java:43)
	at jenkins.model.Jenkins.executeReactor(Jenkins.java:823)
	at jenkins.model.Jenkins.<init>(Jenkins.java:735)
	at hudson.model.Hudson.<init>(Hudson.java:81)
	at hudson.model.Hudson.<init>(Hudson.java:77)
	at hudson.WebAppMain$2.run(WebAppMain.java:217)
Caused by: java.lang.Error: java.lang.reflect.InvocationTargetException
	at hudson.init.InitializerFinder.invoke(InitializerFinder.java:124)
	at hudson.init.InitializerFinder$TaskImpl.run(InitializerFinder.java:184)
	at org.jvnet.hudson.reactor.Reactor.runTask(Reactor.java:259)
	at jenkins.model.Jenkins$5.runTask(Jenkins.java:812)
	at org.jvnet.hudson.reactor.Reactor$2.run(Reactor.java:187)
	at org.jvnet.hudson.reactor.Reactor$Node.run(Reactor.java:94)
	at java.util.concurrent.ThreadPoolExecutor$Worker.runTask(ThreadPoolExecutor.java:898)
	at java.util.concurrent.ThreadPoolExecutor$Worker.run(ThreadPoolExecutor.java:920)
	at java.lang.Thread.run(Thread.java:736)
Caused by: java.lang.reflect.InvocationTargetException
	at sun.reflect.NativeMethodAccessorImpl.invoke0(Native Method)
	at sun.reflect.NativeMethodAccessorImpl.invoke(NativeMethodAccessorImpl.java:48)
	at sun.reflect.DelegatingMethodAccessorImpl.invoke(DelegatingMethodAccessorImpl.java:25)
	at java.lang.reflect.Method.invoke(Method.java:600)
	at hudson.init.InitializerFinder.invoke(InitializerFinder.java:120)
	... 8 more
Caused by: java.lang.NullPointerException
	at org.jenkinsci.main.modules.sshd.SSHD.init(SSHD.java:133)
	... 13 more
Feb 1, 2012 10:56:50 AM hudson.ExtensionFinder$AbstractGuiceFinder$2$1 get
WARNING: Failed to instantiate. Skipping this component
Throwable occurred: com.google.inject.ProvisionException: Guice provision errors:

1) Error injecting constructor, java.lang.IllegalStateException: org.slf4j.LoggerFactory could not be successfully initialized. See also http://www.slf4j.org/codes.html#unsuccessfulInit
  at org.jenkinsci.main.modules.sshd.SSHD.<init>(SSHD.java:40)

1 error
	at com.google.inject.internal.ProviderToInternalFactoryAdapter.get(ProviderToInternalFactoryAdapter.java:52)
	at com.google.inject.Scopes$1$1.get(Scopes.java:59)
	at hudson.ExtensionFinder$AbstractGuiceFinder$2$1.get(ExtensionFinder.java:365)
	at com.google.inject.internal.InternalFactoryToProviderAdapter.get(InternalFactoryToProviderAdapter.java:41)
	at com.google.inject.internal.SingleFieldInjector.inject(SingleFieldInjector.java:54)
	at com.google.inject.internal.MembersInjectorImpl.injectMembers(MembersInjectorImpl.java:118)
	at com.google.inject.internal.ConstructorInjector.provision(ConstructorInjector.java:117)
	at com.google.inject.internal.ConstructorInjector.construct(ConstructorInjector.java:87)
	at com.google.inject.internal.ConstructorBindingImpl$Factory.get(ConstructorBindingImpl.java:259)
	at com.google.inject.internal.ProviderToInternalFactoryAdapter$1.call(ProviderToInternalFactoryAdapter.java:46)
	at com.google.inject.internal.InjectorImpl.callInContext(InjectorImpl.java:1018)
	at com.google.inject.internal.ProviderToInternalFactoryAdapter.get(ProviderToInternalFactoryAdapter.java:40)
	at com.google.inject.Scopes$1$1.get(Scopes.java:59)
	at hudson.ExtensionFinder$AbstractGuiceFinder$2$1.get(ExtensionFinder.java:365)
	at com.google.inject.internal.InternalFactoryToProviderAdapter.get(InternalFactoryToProviderAdapter.java:41)
	at com.google.inject.internal.InjectorImpl$3$1.call(InjectorImpl.java:965)
	at com.google.inject.internal.InjectorImpl.callInContext(InjectorImpl.java:1011)
	at com.google.inject.internal.InjectorImpl$3.get(InjectorImpl.java:961)
	at hudson.ExtensionFinder$AbstractGuiceFinder._find(ExtensionFinder.java:336)
	at hudson.ExtensionFinder$AbstractGuiceFinder.find(ExtensionFinder.java:327)
	at hudson.ExtensionFinder._find(ExtensionFinder.java:147)
	at hudson.ClassicPluginStrategy.findComponents(ClassicPluginStrategy.java:289)
	at hudson.ExtensionList.load(ExtensionList.java:278)
	at hudson.ExtensionList.ensureLoaded(ExtensionList.java:231)
	at hudson.ExtensionList.iterator(ExtensionList.java:138)
	at jenkins.model.Jenkins.cleanUp(Jenkins.java:2448)
	at hudson.WebAppMain$2.run(WebAppMain.java:242)
Caused by: java.lang.IllegalStateException: org.slf4j.LoggerFactory could not be successfully initialized. See also http://www.slf4j.org/codes.html#unsuccessfulInit
	at org.slf4j.LoggerFactory.getILoggerFactory(LoggerFactory.java:277)
	at org.slf4j.LoggerFactory.getLogger(LoggerFactory.java:241)
	at org.slf4j.LoggerFactory.getLogger(LoggerFactory.java:254)
	at org.apache.sshd.common.AbstractFactoryManager.<init>(AbstractFactoryManager.java:37)
	at org.apache.sshd.SshServer.<init>(SshServer.java:140)
	at org.apache.sshd.SshServer.setUpDefaultServer(SshServer.java:428)
	at org.jenkinsci.main.modules.sshd.SSHD.<init>(SSHD.java:33)
	at org.jenkinsci.main.modules.sshd.SSHD$$FastClassByGuice$$c0b3a86e.newInstance(<generated>)
	at com.google.inject.internal.cglib.reflect.$FastConstructor.newInstance(FastConstructor.java:40)
	at com.google.inject.internal.DefaultConstructionProxyFactory$1.newInstance(DefaultConstructionProxyFactory.java:61)
	at com.google.inject.internal.ConstructorInjector.provision(ConstructorInjector.java:108)
	at com.google.inject.internal.ConstructorInjector.construct(ConstructorInjector.java:87)
	at com.google.inject.internal.ConstructorBindingImpl$Factory.get(ConstructorBindingImpl.java:259)
	at com.google.inject.internal.ProviderToInternalFactoryAdapter$1.call(ProviderToInternalFactoryAdapter.java:46)
	at com.google.inject.internal.InjectorImpl.callInContext(InjectorImpl.java:1018)
	at com.google.inject.internal.ProviderToInternalFactoryAdapter.get(ProviderToInternalFactoryAdapter.java:40)
	... 26 more
Feb 1, 2012 10:56:50 AM hudson.ExtensionFinder$AbstractGuiceFinder$2$1 get
WARNING: Failed to instantiate. Skipping this component
Throwable occurred: com.google.inject.ProvisionException: Guice provision errors:

1) null returned by binding at hudson.ExtensionFinder$AbstractGuiceFinder$SezpozModule.configure(ExtensionFinder.java:432)
 but org.jenkinsci.main.modules.sshd.ItemListenerImpl.sshd is not @Nullable
  while locating org.jenkinsci.main.modules.sshd.SSHD
    for field at org.jenkinsci.main.modules.sshd.ItemListenerImpl.sshd(ItemListenerImpl.java:14)

1 error
	at com.google.inject.internal.ProviderToInternalFactoryAdapter.get(ProviderToInternalFactoryAdapter.java:52)
	at com.google.inject.Scopes$1$1.get(Scopes.java:59)
	at hudson.ExtensionFinder$AbstractGuiceFinder$2$1.get(ExtensionFinder.java:365)
	at com.google.inject.internal.InternalFactoryToProviderAdapter.get(InternalFactoryToProviderAdapter.java:41)
	at com.google.inject.internal.InjectorImpl$3$1.call(InjectorImpl.java:965)
	at com.google.inject.internal.InjectorImpl.callInContext(InjectorImpl.java:1011)
	at com.google.inject.internal.InjectorImpl$3.get(InjectorImpl.java:961)
	at hudson.ExtensionFinder$AbstractGuiceFinder._find(ExtensionFinder.java:336)
	at hudson.ExtensionFinder$AbstractGuiceFinder.find(ExtensionFinder.java:327)
	at hudson.ExtensionFinder._find(ExtensionFinder.java:147)
	at hudson.ClassicPluginStrategy.findComponents(ClassicPluginStrategy.java:289)
	at hudson.ExtensionList.load(ExtensionList.java:278)
	at hudson.ExtensionList.ensureLoaded(ExtensionList.java:231)
	at hudson.ExtensionList.iterator(ExtensionList.java:138)
	at jenkins.model.Jenkins.cleanUp(Jenkins.java:2448)
	at hudson.WebAppMain$2.run(WebAppMain.java:242)
Feb 1, 2012 10:56:50 AM hudson.PluginWrapper stop
INFO: Stopping javadoc
Feb 1, 2012 10:56:50 AM hudson.PluginWrapper stop
INFO: Stopping ant
Feb 1, 2012 10:56:50 AM hudson.PluginWrapper stop
INFO: Stopping ssh-slaves
Feb 1, 2012 10:56:50 AM hudson.PluginWrapper stop
INFO: Stopping translation
Feb 1, 2012 10:56:50 AM hudson.PluginWrapper stop
INFO: Stopping maven-plugin
Feb 1, 2012 10:56:50 AM hudson.PluginWrapper stop
INFO: Stopping cvs
Feb 1, 2012 10:56:50 AM hudson.PluginWrapper stop
INFO: Stopping subversion
Exception in thread "pool-2-thread-1" java.lang.NullPointerException
	at org.jvnet.hudson.reactor.Reactor$2.run(Reactor.java:191)
	at org.jvnet.hudson.reactor.Reactor$Node.run(Reactor.java:94)
	at java.util.concurrent.ThreadPoolExecutor$Worker.runTask(ThreadPoolExecutor.java:898)
	at java.util.concurrent.ThreadPoolExecutor$Worker.run(ThreadPoolExecutor.java:920)
	at java.lang.Thread.run(Thread.java:736)
Exception in thread "pool-2-thread-2" java.lang.NullPointerException
	at org.jvnet.hudson.reactor.Reactor$2.run(Reactor.java:191)
	at org.jvnet.hudson.reactor.Reactor$Node.run(Reactor.java:94)
	at java.util.concurrent.ThreadPoolExecutor$Worker.runTask(ThreadPoolExecutor.java:898)
	at java.util.concurrent.ThreadPoolExecutor$Worker.run(ThreadPoolExecutor.java:920)
	at java.lang.Thread.run(Thread.java:736)
