
Running from: /usr/share/jenkins/jenkins.war
webroot: EnvVars.masterEnvVars.get("JENKINS_HOME")
Jul 31, 2018 8:39:53 PM org.eclipse.jetty.util.log.Log initialized
INFO: Logging initialized @465ms to org.eclipse.jetty.util.log.JavaUtilLog
Jul 31, 2018 8:39:53 PM winstone.Logger logInternal
INFO: Beginning extraction from war file
Jul 31, 2018 8:39:55 PM org.eclipse.jetty.server.handler.ContextHandler setContextPath
WARNING: Empty contextPath
Jul 31, 2018 8:39:55 PM org.eclipse.jetty.server.Server doStart
INFO: jetty-9.4.z-SNAPSHOT; built: 2018-06-05T18:24:03.829Z; git: d5fc0523cfa96bfebfbda19606cad384d772f04c; jvm 1.8.0_171-8u171-b11-1~deb9u1-b11
Jul 31, 2018 8:39:55 PM org.eclipse.jetty.webapp.StandardDescriptorProcessor visitServlet
INFO: NO JSP Support for /, did not find org.eclipse.jetty.jsp.JettyJspServlet
Jul 31, 2018 8:39:55 PM org.eclipse.jetty.server.session.DefaultSessionIdManager doStart
INFO: DefaultSessionIdManager workerName=node0
Jul 31, 2018 8:39:55 PM org.eclipse.jetty.server.session.DefaultSessionIdManager doStart
INFO: No SessionScavenger set, using defaults
Jul 31, 2018 8:39:55 PM org.eclipse.jetty.server.session.HouseKeeper startScavenging
INFO: node0 Scavenging every 600000ms
Jenkins home directory: /var/jenkins_home found at: EnvVars.masterEnvVars.get("JENKINS_HOME")
Jul 31, 2018 8:39:56 PM org.eclipse.jetty.server.handler.ContextHandler doStart
INFO: Started w.@1eef9aef{Jenkins v2.135,/,file:///var/jenkins_home/war/,AVAILABLE}{/var/jenkins_home/war}
Jul 31, 2018 8:39:56 PM org.eclipse.jetty.server.AbstractConnector doStart
INFO: Started ServerConnector@55680a30{HTTP/1.1,[http/1.1]}{0.0.0.0:8080}
Jul 31, 2018 8:39:56 PM org.eclipse.jetty.server.Server doStart
INFO: Started @3274ms
Jul 31, 2018 8:39:56 PM winstone.Logger logInternal
INFO: Winstone Servlet Engine v4.0 running: controlPort=disabled
Jul 31, 2018 8:39:58 PM jenkins.InitReactorRunner$1 onAttained
INFO: Started initialization
Jul 31, 2018 8:39:58 PM jenkins.InitReactorRunner$1 onAttained
INFO: Listed all plugins
Jul 31, 2018 8:39:59 PM jenkins.InitReactorRunner$1 onAttained
INFO: Prepared all plugins
Jul 31, 2018 8:39:59 PM jenkins.InitReactorRunner$1 onAttained
INFO: Started all plugins
Jul 31, 2018 8:39:59 PM jenkins.InitReactorRunner$1 onAttained
INFO: Augmented all extensions
Jul 31, 2018 8:40:00 PM jenkins.InitReactorRunner$1 onAttained
INFO: Loaded all jobs
Jul 31, 2018 8:40:00 PM hudson.model.AsyncPeriodicWork$1 run
INFO: Started Download metadata
Jul 31, 2018 8:40:00 PM jenkins.util.groovy.GroovyHookScript execute
INFO: Executing /var/jenkins_home/init.groovy.d/tcp-slave-agent-port.groovy
Jul 31, 2018 8:40:01 PM org.springframework.context.support.AbstractApplicationContext prepareRefresh
INFO: Refreshing org.springframework.web.context.support.StaticWebApplicationContext@56a4ba80: display name [Root WebApplicationContext]; startup date [Tue Jul 31 20:40:01 UTC 2018]; root of context hierarchy
Jul 31, 2018 8:40:01 PM org.springframework.context.support.AbstractApplicationContext obtainFreshBeanFactory
INFO: Bean factory for application context [org.springframework.web.context.support.StaticWebApplicationContext@56a4ba80]: org.springframework.beans.factory.support.DefaultListableBeanFactory@740ad6cb
Jul 31, 2018 8:40:01 PM org.springframework.beans.factory.support.DefaultListableBeanFactory preInstantiateSingletons
INFO: Pre-instantiating singletons in org.springframework.beans.factory.support.DefaultListableBeanFactory@740ad6cb: defining beans [authenticationManager]; root of factory hierarchy
Jul 31, 2018 8:40:01 PM org.springframework.context.support.AbstractApplicationContext prepareRefresh
INFO: Refreshing org.springframework.web.context.support.StaticWebApplicationContext@6da64690: display name [Root WebApplicationContext]; startup date [Tue Jul 31 20:40:01 UTC 2018]; root of context hierarchy
Jul 31, 2018 8:40:01 PM org.springframework.context.support.AbstractApplicationContext obtainFreshBeanFactory
INFO: Bean factory for application context [org.springframework.web.context.support.StaticWebApplicationContext@6da64690]: org.springframework.beans.factory.support.DefaultListableBeanFactory@86e73ab
Jul 31, 2018 8:40:01 PM org.springframework.beans.factory.support.DefaultListableBeanFactory preInstantiateSingletons
INFO: Pre-instantiating singletons in org.springframework.beans.factory.support.DefaultListableBeanFactory@86e73ab: defining beans [filter,legacy]; root of factory hierarchy
Jul 31, 2018 8:40:01 PM jenkins.install.SetupWizard init
INFO: 

*************************************************************
*************************************************************
*************************************************************

Jenkins initial setup is required. An admin user has been created and a password generated.
Please use the following password to proceed to installation:

05ef9f8744414983a000862a48027bc2

This may also be found at: /var/jenkins_home/secrets/initialAdminPassword

*************************************************************
*************************************************************
*************************************************************

Jul 31, 2018 8:40:07 PM hudson.model.UpdateSite updateData
INFO: Obtained the latest update center data file for UpdateSource default
Jul 31, 2018 8:40:07 PM hudson.model.UpdateSite updateData
INFO: Obtained the latest update center data file for UpdateSource default
Jul 31, 2018 8:40:07 PM jenkins.InitReactorRunner$1 onAttained
INFO: Completed initialization
Jul 31, 2018 8:40:07 PM hudson.WebAppMain$3 run
INFO: Jenkins is fully up and running
Jul 31, 2018 8:40:08 PM hudson.model.DownloadService$Downloadable load
INFO: Obtained the updated data file for hudson.tasks.Maven.MavenInstaller
Jul 31, 2018 8:40:08 PM hudson.model.AsyncPeriodicWork$1 run
INFO: Finished Download metadata. 7,751 ms
--> setting agent port for jnlp
--> setting agent port for jnlp... done
