Running from: /usr/lib/jenkins/jenkins.war
Sep 17, 2016 6:06:17 AM org.eclipse.jetty.util.log.JavaUtilLog info
INFO: Logging initialized @644ms
Sep 17, 2016 6:06:17 AM winstone.Logger logInternal
INFO: Beginning extraction from war file
Sep 17, 2016 6:06:19 AM org.eclipse.jetty.util.log.JavaUtilLog warn
WARNING: Empty contextPath
Sep 17, 2016 6:06:19 AM org.eclipse.jetty.util.log.JavaUtilLog info
INFO: jetty-9.2.z-SNAPSHOT
Sep 17, 2016 6:06:20 AM org.eclipse.jetty.util.log.JavaUtilLog info
INFO: NO JSP Support for /, did not find org.eclipse.jetty.jsp.JettyJspServlet
Jenkins home directory: /var/lib/jenkins found at: SystemProperties.getProperty("JENKINS_HOME")
Sep 17, 2016 6:06:21 AM org.eclipse.jetty.util.log.JavaUtilLog info
INFO: Started w.@df5cc80{/,file:/var/cache/jenkins/war/,AVAILABLE}{/var/cache/jenkins/war}
Sep 17, 2016 6:06:21 AM org.eclipse.jetty.util.log.JavaUtilLog info
INFO: Started ServerConnector@41822dc7{HTTP/1.1}{0.0.0.0:8080}
Sep 17, 2016 6:06:21 AM org.eclipse.jetty.util.log.JavaUtilLog info
INFO: Started @3788ms
Sep 17, 2016 6:06:21 AM winstone.Logger logInternal
INFO: Winstone Servlet Engine v2.0 running: controlPort=disabled
Sep 17, 2016 6:06:21 AM jenkins.InitReactorRunner$1 onAttained
INFO: Started initialization
Sep 17, 2016 6:06:21 AM jenkins.InitReactorRunner$1 onAttained
INFO: Listed all plugins
Sep 17, 2016 6:06:23 AM jenkins.InitReactorRunner$1 onAttained
INFO: Prepared all plugins
Sep 17, 2016 6:06:23 AM jenkins.InitReactorRunner$1 onAttained
INFO: Started all plugins
Sep 17, 2016 6:06:23 AM jenkins.InitReactorRunner$1 onAttained
INFO: Augmented all extensions
Sep 17, 2016 6:06:25 AM jenkins.InitReactorRunner$1 onAttained
INFO: Loaded all jobs
Sep 17, 2016 6:06:25 AM hudson.model.AsyncPeriodicWork$1 run
INFO: Started Download metadata
Sep 17, 2016 6:06:25 AM org.jenkinsci.main.modules.sshd.SSHD start
INFO: Started SSHD at port 45381
Sep 17, 2016 6:06:25 AM jenkins.InitReactorRunner$1 onAttained
INFO: Completed initialization
Sep 17, 2016 6:06:26 AM org.springframework.context.support.AbstractApplicationContext prepareRefresh
INFO: Refreshing org.springframework.web.context.support.StaticWebApplicationContext@580bf785: display name [Root WebApplicationContext]; startup date [Sat Sep 17 06:06:26 CDT 2016]; root of context hierarchy
Sep 17, 2016 6:06:26 AM org.springframework.context.support.AbstractApplicationContext obtainFreshBeanFactory
INFO: Bean factory for application context [org.springframework.web.context.support.StaticWebApplicationContext@580bf785]: org.springframework.beans.factory.support.DefaultListableBeanFactory@12b8f08c
Sep 17, 2016 6:06:26 AM org.springframework.beans.factory.support.DefaultListableBeanFactory preInstantiateSingletons
INFO: Pre-instantiating singletons in org.springframework.beans.factory.support.DefaultListableBeanFactory@12b8f08c: defining beans [authenticationManager]; root of factory hierarchy
Sep 17, 2016 6:06:26 AM org.springframework.context.support.AbstractApplicationContext prepareRefresh
INFO: Refreshing org.springframework.web.context.support.StaticWebApplicationContext@4581a705: display name [Root WebApplicationContext]; startup date [Sat Sep 17 06:06:26 CDT 2016]; root of context hierarchy
Sep 17, 2016 6:06:26 AM org.springframework.context.support.AbstractApplicationContext obtainFreshBeanFactory
INFO: Bean factory for application context [org.springframework.web.context.support.StaticWebApplicationContext@4581a705]: org.springframework.beans.factory.support.DefaultListableBeanFactory@6e0f472c
Sep 17, 2016 6:06:26 AM org.springframework.beans.factory.support.DefaultListableBeanFactory preInstantiateSingletons
INFO: Pre-instantiating singletons in org.springframework.beans.factory.support.DefaultListableBeanFactory@6e0f472c: defining beans [filter,legacy]; root of factory hierarchy
Sep 17, 2016 6:06:27 AM jenkins.install.SetupWizard init
INFO: 

*************************************************************
*************************************************************
*************************************************************

Jenkins initial setup is required. An admin user has been created and a password generated.
Please use the following password to proceed to installation:

f9334d41b3e54a49b925086b83ff812b

This may also be found at: /var/lib/jenkins/secrets/initialAdminPassword

*************************************************************
*************************************************************
*************************************************************

Running from: /usr/lib/jenkins/jenkins.war
Sep 17, 2016 7:09:34 AM org.eclipse.jetty.util.log.JavaUtilLog info
INFO: Logging initialized @620ms
Sep 17, 2016 7:09:34 AM winstone.Logger logInternal
INFO: Beginning extraction from war file
Sep 17, 2016 7:09:34 AM org.eclipse.jetty.util.log.JavaUtilLog warn
WARNING: Empty contextPath
Sep 17, 2016 7:09:34 AM org.eclipse.jetty.util.log.JavaUtilLog info
INFO: jetty-9.2.z-SNAPSHOT
Sep 17, 2016 7:09:35 AM org.eclipse.jetty.util.log.JavaUtilLog info
INFO: NO JSP Support for /, did not find org.eclipse.jetty.jsp.JettyJspServlet
Jenkins home directory: /var/lib/jenkins found at: SystemProperties.getProperty("JENKINS_HOME")
Sep 17, 2016 7:09:36 AM org.eclipse.jetty.util.log.JavaUtilLog info
INFO: Started w.@5d80b129{/,file:/var/cache/jenkins/war/,AVAILABLE}{/var/cache/jenkins/war}
Sep 17, 2016 7:09:36 AM org.eclipse.jetty.util.log.JavaUtilLog info
INFO: Started ServerConnector@5c570267{HTTP/1.1}{0.0.0.0:8080}
Sep 17, 2016 7:09:36 AM org.eclipse.jetty.util.log.JavaUtilLog info
INFO: Started @2300ms
Sep 17, 2016 7:09:36 AM winstone.Logger logInternal
INFO: Winstone Servlet Engine v2.0 running: controlPort=disabled
Sep 17, 2016 7:09:36 AM jenkins.InitReactorRunner$1 onAttained
INFO: Started initialization
Sep 17, 2016 7:09:36 AM jenkins.InitReactorRunner$1 onAttained
INFO: Listed all plugins
Sep 17, 2016 7:09:38 AM jenkins.InitReactorRunner$1 onAttained
INFO: Prepared all plugins
Sep 17, 2016 7:09:38 AM jenkins.InitReactorRunner$1 onAttained
INFO: Started all plugins
Sep 17, 2016 7:09:38 AM jenkins.InitReactorRunner$1 onAttained
INFO: Augmented all extensions
Sep 17, 2016 7:09:39 AM jenkins.InitReactorRunner$1 onAttained
INFO: Loaded all jobs
Sep 17, 2016 7:09:39 AM hudson.model.AsyncPeriodicWork$1 run
INFO: Started Download metadata
Sep 17, 2016 7:09:39 AM org.jenkinsci.main.modules.sshd.SSHD start
INFO: Started SSHD at port 46335
Sep 17, 2016 7:09:39 AM jenkins.InitReactorRunner$1 onAttained
INFO: Completed initialization
Sep 17, 2016 7:09:40 AM org.springframework.context.support.AbstractApplicationContext prepareRefresh
INFO: Refreshing org.springframework.web.context.support.StaticWebApplicationContext@ff327f: display name [Root WebApplicationContext]; startup date [Sat Sep 17 07:09:40 CDT 2016]; root of context hierarchy
Sep 17, 2016 7:09:40 AM org.springframework.context.support.AbstractApplicationContext obtainFreshBeanFactory
INFO: Bean factory for application context [org.springframework.web.context.support.StaticWebApplicationContext@ff327f]: org.springframework.beans.factory.support.DefaultListableBeanFactory@4c15cab4
Sep 17, 2016 7:09:40 AM org.springframework.beans.factory.support.DefaultListableBeanFactory preInstantiateSingletons
INFO: Pre-instantiating singletons in org.springframework.beans.factory.support.DefaultListableBeanFactory@4c15cab4: defining beans [authenticationManager]; root of factory hierarchy
Sep 17, 2016 7:09:40 AM org.springframework.context.support.AbstractApplicationContext prepareRefresh
INFO: Refreshing org.springframework.web.context.support.StaticWebApplicationContext@454abd07: display name [Root WebApplicationContext]; startup date [Sat Sep 17 07:09:40 CDT 2016]; root of context hierarchy
Sep 17, 2016 7:09:40 AM org.springframework.context.support.AbstractApplicationContext obtainFreshBeanFactory
INFO: Bean factory for application context [org.springframework.web.context.support.StaticWebApplicationContext@454abd07]: org.springframework.beans.factory.support.DefaultListableBeanFactory@e5a66b2
Sep 17, 2016 7:09:40 AM org.springframework.beans.factory.support.DefaultListableBeanFactory preInstantiateSingletons
INFO: Pre-instantiating singletons in org.springframework.beans.factory.support.DefaultListableBeanFactory@e5a66b2: defining beans [filter,legacy]; root of factory hierarchy
Sep 17, 2016 7:09:40 AM jenkins.install.SetupWizard init
INFO: 

*************************************************************
*************************************************************
*************************************************************

Jenkins initial setup is required. An admin user has been created and a password generated.
Please use the following password to proceed to installation:

f9334d41b3e54a49b925086b83ff812b

This may also be found at: /var/lib/jenkins/secrets/initialAdminPassword

*************************************************************
*************************************************************
*************************************************************

Running from: /usr/lib/jenkins/jenkins.war
Sep 17, 2016 7:13:25 AM org.eclipse.jetty.util.log.JavaUtilLog info
INFO: Logging initialized @845ms
Sep 17, 2016 7:13:25 AM winstone.Logger logInternal
INFO: Beginning extraction from war file
Sep 17, 2016 7:13:25 AM org.eclipse.jetty.util.log.JavaUtilLog warn
WARNING: Empty contextPath
Sep 17, 2016 7:13:26 AM org.eclipse.jetty.util.log.JavaUtilLog info
INFO: jetty-9.2.z-SNAPSHOT
Sep 17, 2016 7:13:28 AM org.eclipse.jetty.util.log.JavaUtilLog info
INFO: NO JSP Support for /, did not find org.eclipse.jetty.jsp.JettyJspServlet
Jenkins home directory: /var/lib/jenkins found at: SystemProperties.getProperty("JENKINS_HOME")
Sep 17, 2016 7:13:29 AM org.eclipse.jetty.util.log.JavaUtilLog info
INFO: Started w.@15ed46c0{/,file:/var/cache/jenkins/war/,AVAILABLE}{/var/cache/jenkins/war}
Sep 17, 2016 7:13:29 AM org.eclipse.jetty.util.log.JavaUtilLog info
INFO: Started ServerConnector@795bca46{HTTP/1.1}{0.0.0.0:8080}
Sep 17, 2016 7:13:29 AM org.eclipse.jetty.util.log.JavaUtilLog info
INFO: Started @4811ms
Sep 17, 2016 7:13:29 AM winstone.Logger logInternal
INFO: Winstone Servlet Engine v2.0 running: controlPort=disabled
Sep 17, 2016 7:13:30 AM jenkins.InitReactorRunner$1 onAttained
INFO: Started initialization
Sep 17, 2016 7:13:30 AM jenkins.InitReactorRunner$1 onAttained
INFO: Listed all plugins
Sep 17, 2016 7:13:32 AM jenkins.InitReactorRunner$1 onAttained
INFO: Prepared all plugins
Sep 17, 2016 7:13:32 AM jenkins.InitReactorRunner$1 onAttained
INFO: Started all plugins
Sep 17, 2016 7:13:32 AM jenkins.InitReactorRunner$1 onAttained
INFO: Augmented all extensions
Sep 17, 2016 7:13:33 AM jenkins.InitReactorRunner$1 onAttained
INFO: Loaded all jobs
Sep 17, 2016 7:13:33 AM hudson.model.AsyncPeriodicWork$1 run
INFO: Started Download metadata
Sep 17, 2016 7:13:34 AM org.jenkinsci.main.modules.sshd.SSHD start
INFO: Started SSHD at port 44675
Sep 17, 2016 7:13:34 AM jenkins.InitReactorRunner$1 onAttained
INFO: Completed initialization
Sep 17, 2016 7:13:34 AM org.springframework.context.support.AbstractApplicationContext prepareRefresh
INFO: Refreshing org.springframework.web.context.support.StaticWebApplicationContext@57a67d7: display name [Root WebApplicationContext]; startup date [Sat Sep 17 07:13:34 CDT 2016]; root of context hierarchy
Sep 17, 2016 7:13:34 AM org.springframework.context.support.AbstractApplicationContext obtainFreshBeanFactory
INFO: Bean factory for application context [org.springframework.web.context.support.StaticWebApplicationContext@57a67d7]: org.springframework.beans.factory.support.DefaultListableBeanFactory@ec8e129
Sep 17, 2016 7:13:34 AM org.springframework.beans.factory.support.DefaultListableBeanFactory preInstantiateSingletons
INFO: Pre-instantiating singletons in org.springframework.beans.factory.support.DefaultListableBeanFactory@ec8e129: defining beans [authenticationManager]; root of factory hierarchy
Sep 17, 2016 7:13:35 AM org.springframework.context.support.AbstractApplicationContext prepareRefresh
INFO: Refreshing org.springframework.web.context.support.StaticWebApplicationContext@44e30523: display name [Root WebApplicationContext]; startup date [Sat Sep 17 07:13:35 CDT 2016]; root of context hierarchy
Sep 17, 2016 7:13:35 AM org.springframework.context.support.AbstractApplicationContext obtainFreshBeanFactory
INFO: Bean factory for application context [org.springframework.web.context.support.StaticWebApplicationContext@44e30523]: org.springframework.beans.factory.support.DefaultListableBeanFactory@6f643e8c
Sep 17, 2016 7:13:35 AM org.springframework.beans.factory.support.DefaultListableBeanFactory preInstantiateSingletons
INFO: Pre-instantiating singletons in org.springframework.beans.factory.support.DefaultListableBeanFactory@6f643e8c: defining beans [filter,legacy]; root of factory hierarchy
Sep 17, 2016 7:13:35 AM jenkins.install.SetupWizard init
INFO: 

*************************************************************
*************************************************************
*************************************************************

Jenkins initial setup is required. An admin user has been created and a password generated.
Please use the following password to proceed to installation:

f9334d41b3e54a49b925086b83ff812b

This may also be found at: /var/lib/jenkins/secrets/initialAdminPassword

*************************************************************
*************************************************************
*************************************************************

Sep 17, 2016 7:34:08 AM winstone.Logger logInternal
INFO: JVM is terminating. Shutting down Winstone
Running from: /usr/lib/jenkins/jenkins.war
Sep 17, 2016 7:34:10 AM org.eclipse.jetty.util.log.JavaUtilLog info
INFO: Logging initialized @621ms
Sep 17, 2016 7:34:10 AM winstone.Logger logInternal
INFO: Beginning extraction from war file
Sep 17, 2016 7:34:10 AM org.eclipse.jetty.util.log.JavaUtilLog warn
WARNING: Empty contextPath
Sep 17, 2016 7:34:10 AM org.eclipse.jetty.util.log.JavaUtilLog info
INFO: jetty-9.2.z-SNAPSHOT
Sep 17, 2016 7:34:11 AM org.eclipse.jetty.util.log.JavaUtilLog info
INFO: NO JSP Support for /, did not find org.eclipse.jetty.jsp.JettyJspServlet
Jenkins home directory: /var/lib/jenkins found at: SystemProperties.getProperty("JENKINS_HOME")
Sep 17, 2016 7:34:11 AM org.eclipse.jetty.util.log.JavaUtilLog info
INFO: Started w.@117159c0{/,file:/var/cache/jenkins/war/,AVAILABLE}{/var/cache/jenkins/war}
Sep 17, 2016 7:34:11 AM org.eclipse.jetty.util.log.JavaUtilLog info
INFO: Started ServerConnector@4a83a74a{HTTP/1.1}{0.0.0.0:8080}
Sep 17, 2016 7:34:11 AM org.eclipse.jetty.util.log.JavaUtilLog info
INFO: Started @1868ms
Sep 17, 2016 7:34:11 AM winstone.Logger logInternal
INFO: Winstone Servlet Engine v2.0 running: controlPort=disabled
Sep 17, 2016 7:34:12 AM jenkins.InitReactorRunner$1 onAttained
INFO: Started initialization
Sep 17, 2016 7:34:12 AM jenkins.InitReactorRunner$1 onAttained
INFO: Listed all plugins
Sep 17, 2016 7:34:13 AM jenkins.InitReactorRunner$1 onAttained
INFO: Prepared all plugins
Sep 17, 2016 7:34:13 AM jenkins.InitReactorRunner$1 onAttained
INFO: Started all plugins
Sep 17, 2016 7:34:13 AM jenkins.InitReactorRunner$1 onAttained
INFO: Augmented all extensions
Sep 17, 2016 7:34:13 AM jenkins.InitReactorRunner$1 onAttained
INFO: Loaded all jobs
Sep 17, 2016 7:34:14 AM hudson.model.AsyncPeriodicWork$1 run
INFO: Started Download metadata
Sep 17, 2016 7:34:14 AM org.jenkinsci.main.modules.sshd.SSHD start
INFO: Started SSHD at port 44194
Sep 17, 2016 7:34:14 AM jenkins.InitReactorRunner$1 onAttained
INFO: Completed initialization
Sep 17, 2016 7:34:15 AM org.springframework.context.support.AbstractApplicationContext prepareRefresh
INFO: Refreshing org.springframework.web.context.support.StaticWebApplicationContext@3e69187f: display name [Root WebApplicationContext]; startup date [Sat Sep 17 07:34:15 CDT 2016]; root of context hierarchy
Sep 17, 2016 7:34:15 AM org.springframework.context.support.AbstractApplicationContext obtainFreshBeanFactory
INFO: Bean factory for application context [org.springframework.web.context.support.StaticWebApplicationContext@3e69187f]: org.springframework.beans.factory.support.DefaultListableBeanFactory@1c069130
Sep 17, 2016 7:34:15 AM org.springframework.beans.factory.support.DefaultListableBeanFactory preInstantiateSingletons
INFO: Pre-instantiating singletons in org.springframework.beans.factory.support.DefaultListableBeanFactory@1c069130: defining beans [authenticationManager]; root of factory hierarchy
Sep 17, 2016 7:34:15 AM org.springframework.context.support.AbstractApplicationContext prepareRefresh
INFO: Refreshing org.springframework.web.context.support.StaticWebApplicationContext@504992d5: display name [Root WebApplicationContext]; startup date [Sat Sep 17 07:34:15 CDT 2016]; root of context hierarchy
Sep 17, 2016 7:34:15 AM org.springframework.context.support.AbstractApplicationContext obtainFreshBeanFactory
INFO: Bean factory for application context [org.springframework.web.context.support.StaticWebApplicationContext@504992d5]: org.springframework.beans.factory.support.DefaultListableBeanFactory@54d18c29
Sep 17, 2016 7:34:15 AM org.springframework.beans.factory.support.DefaultListableBeanFactory preInstantiateSingletons
INFO: Pre-instantiating singletons in org.springframework.beans.factory.support.DefaultListableBeanFactory@54d18c29: defining beans [filter,legacy]; root of factory hierarchy
Sep 17, 2016 7:34:15 AM jenkins.install.SetupWizard init
INFO: 

*************************************************************
*************************************************************
*************************************************************

Jenkins initial setup is required. An admin user has been created and a password generated.
Please use the following password to proceed to installation:

f9334d41b3e54a49b925086b83ff812b

This may also be found at: /var/lib/jenkins/secrets/initialAdminPassword

*************************************************************
*************************************************************
*************************************************************

Sep 17, 2016 7:37:36 AM winstone.Logger logInternal
INFO: JVM is terminating. Shutting down Winstone
Running from: /usr/lib/jenkins/jenkins.war
Sep 17, 2016 7:37:38 AM org.eclipse.jetty.util.log.JavaUtilLog info
INFO: Logging initialized @559ms
Sep 17, 2016 7:37:38 AM winstone.Logger logInternal
INFO: Beginning extraction from war file
Sep 17, 2016 7:37:38 AM org.eclipse.jetty.util.log.JavaUtilLog warn
WARNING: Empty contextPath
Sep 17, 2016 7:37:38 AM org.eclipse.jetty.util.log.JavaUtilLog info
INFO: jetty-9.2.z-SNAPSHOT
Sep 17, 2016 7:37:39 AM org.eclipse.jetty.util.log.JavaUtilLog info
INFO: NO JSP Support for /, did not find org.eclipse.jetty.jsp.JettyJspServlet
Jenkins home directory: /var/lib/jenkins found at: SystemProperties.getProperty("JENKINS_HOME")
Sep 17, 2016 7:37:39 AM org.eclipse.jetty.util.log.JavaUtilLog info
INFO: Started w.@793f29ff{/,file:/var/cache/jenkins/war/,AVAILABLE}{/var/cache/jenkins/war}
Sep 17, 2016 7:37:39 AM org.eclipse.jetty.util.log.JavaUtilLog info
INFO: Started ServerConnector@17f9d882{HTTP/1.1}{0.0.0.0:8080}
Sep 17, 2016 7:37:39 AM org.eclipse.jetty.util.log.JavaUtilLog info
INFO: Started @1764ms
Sep 17, 2016 7:37:39 AM winstone.Logger logInternal
INFO: Winstone Servlet Engine v2.0 running: controlPort=disabled
Sep 17, 2016 7:37:39 AM jenkins.InitReactorRunner$1 onAttained
INFO: Started initialization
Sep 17, 2016 7:37:39 AM jenkins.InitReactorRunner$1 onAttained
INFO: Listed all plugins
Sep 17, 2016 7:37:41 AM jenkins.InitReactorRunner$1 onAttained
INFO: Prepared all plugins
Sep 17, 2016 7:37:41 AM jenkins.InitReactorRunner$1 onAttained
INFO: Started all plugins
Sep 17, 2016 7:37:41 AM jenkins.InitReactorRunner$1 onAttained
INFO: Augmented all extensions
Sep 17, 2016 7:37:41 AM jenkins.InitReactorRunner$1 onAttained
INFO: Loaded all jobs
Sep 17, 2016 7:37:41 AM hudson.model.AsyncPeriodicWork$1 run
INFO: Started Download metadata
Sep 17, 2016 7:37:42 AM org.jenkinsci.main.modules.sshd.SSHD start
INFO: Started SSHD at port 35815
Sep 17, 2016 7:37:42 AM jenkins.InitReactorRunner$1 onAttained
INFO: Completed initialization
Sep 17, 2016 7:37:42 AM org.springframework.context.support.AbstractApplicationContext prepareRefresh
INFO: Refreshing org.springframework.web.context.support.StaticWebApplicationContext@3b0fc75: display name [Root WebApplicationContext]; startup date [Sat Sep 17 07:37:42 CDT 2016]; root of context hierarchy
Sep 17, 2016 7:37:42 AM org.springframework.context.support.AbstractApplicationContext obtainFreshBeanFactory
INFO: Bean factory for application context [org.springframework.web.context.support.StaticWebApplicationContext@3b0fc75]: org.springframework.beans.factory.support.DefaultListableBeanFactory@25a14e37
Sep 17, 2016 7:37:42 AM org.springframework.beans.factory.support.DefaultListableBeanFactory preInstantiateSingletons
INFO: Pre-instantiating singletons in org.springframework.beans.factory.support.DefaultListableBeanFactory@25a14e37: defining beans [authenticationManager]; root of factory hierarchy
Sep 17, 2016 7:37:42 AM org.springframework.context.support.AbstractApplicationContext prepareRefresh
INFO: Refreshing org.springframework.web.context.support.StaticWebApplicationContext@284b690a: display name [Root WebApplicationContext]; startup date [Sat Sep 17 07:37:42 CDT 2016]; root of context hierarchy
Sep 17, 2016 7:37:42 AM org.springframework.context.support.AbstractApplicationContext obtainFreshBeanFactory
INFO: Bean factory for application context [org.springframework.web.context.support.StaticWebApplicationContext@284b690a]: org.springframework.beans.factory.support.DefaultListableBeanFactory@21b593b6
Sep 17, 2016 7:37:42 AM org.springframework.beans.factory.support.DefaultListableBeanFactory preInstantiateSingletons
INFO: Pre-instantiating singletons in org.springframework.beans.factory.support.DefaultListableBeanFactory@21b593b6: defining beans [filter,legacy]; root of factory hierarchy
Sep 17, 2016 7:37:42 AM jenkins.install.SetupWizard init
INFO: 

*************************************************************
*************************************************************
*************************************************************

Jenkins initial setup is required. An admin user has been created and a password generated.
Please use the following password to proceed to installation:

f9334d41b3e54a49b925086b83ff812b

This may also be found at: /var/lib/jenkins/secrets/initialAdminPassword

*************************************************************
*************************************************************
*************************************************************

Sep 17, 2016 11:04:28 AM hudson.security.csrf.CrumbFilter doFilter
WARNING: No valid crumb was included in request for /.jsp. Returning 403.
Sep 17, 2016 11:04:28 AM org.eclipse.jetty.util.log.JavaUtilLog warn
WARNING: Failed UTF-8 decode for request path, trying ISO-8859-1
Sep 17, 2016 11:04:28 AM org.eclipse.jetty.util.log.JavaUtilLog warn
WARNING: badMessage: java.lang.IllegalArgumentException: Bad % encoding: %. for HttpChannelOverHttp@71e08295{r=0,c=false,a=IDLE,uri=%.}
Sep 17, 2016 11:04:28 AM org.eclipse.jetty.util.log.JavaUtilLog warn
WARNING: Failed UTF-8 decode for request path, trying ISO-8859-1
Sep 17, 2016 11:04:28 AM org.eclipse.jetty.util.log.JavaUtilLog warn
WARNING: badMessage: java.lang.NumberFormatException: se for HttpChannelOverHttp@1b7f7942{r=0,c=false,a=IDLE,uri=%server.policy}
Sep 17, 2016 11:04:28 AM org.eclipse.jetty.util.log.JavaUtilLog warn
WARNING: Failed UTF-8 decode for request path, trying ISO-8859-1
Sep 17, 2016 11:04:28 AM org.eclipse.jetty.util.log.JavaUtilLog warn
WARNING: badMessage: java.lang.NumberFormatException: lo for HttpChannelOverHttp@7dea5dab{r=0,c=false,a=IDLE,uri=%login-config.xml}
Sep 17, 2016 11:04:29 AM org.eclipse.jetty.util.log.JavaUtilLog warn
WARNING: Failed UTF-8 decode for request path, trying ISO-8859-1
Sep 17, 2016 11:04:29 AM org.eclipse.jetty.util.log.JavaUtilLog warn
WARNING: badMessage: java.lang.NumberFormatException: or for HttpChannelOverHttp@1fa34ffa{r=0,c=false,a=IDLE,uri=%org/jboss/version.properties}
Sep 17, 2016 11:04:34 AM hudson.security.csrf.CrumbFilter doFilter
WARNING: No valid crumb was included in request for /cgi-bin/webcgi/login. Returning 403.
Sep 17, 2016 11:04:34 AM hudson.security.csrf.CrumbFilter doFilter
WARNING: No valid crumb was included in request for /CFIDE/adminapi/administrator.cfc. Returning 403.
Sep 17, 2016 11:04:34 AM hudson.security.csrf.CrumbFilter doFilter
WARNING: No valid crumb was included in request for /index.htm. Returning 403.
Sep 17, 2016 11:04:34 AM hudson.security.csrf.CrumbFilter doFilter
WARNING: No valid crumb was included in request for /flex2gateway/http. Returning 403.
Sep 17, 2016 11:04:34 AM hudson.security.csrf.CrumbFilter doFilter
WARNING: No valid crumb was included in request for /flex2gateway/httpsecure. Returning 403.
Sep 17, 2016 11:04:34 AM hudson.security.csrf.CrumbFilter doFilter
WARNING: No valid crumb was included in request for /messagebroker/http. Returning 403.
Sep 17, 2016 11:04:34 AM hudson.security.csrf.CrumbFilter doFilter
WARNING: No valid crumb was included in request for /messagebroker/httpsecure. Returning 403.
Sep 17, 2016 11:04:34 AM hudson.security.csrf.CrumbFilter doFilter
WARNING: No valid crumb was included in request for /blazeds/messagebroker/http. Returning 403.
Sep 17, 2016 11:04:34 AM hudson.security.csrf.CrumbFilter doFilter
WARNING: No valid crumb was included in request for /blazeds/messagebroker/httpsecure. Returning 403.
Sep 17, 2016 11:04:34 AM hudson.security.csrf.CrumbFilter doFilter
WARNING: No valid crumb was included in request for /samples/messagebroker/http. Returning 403.
Sep 17, 2016 11:04:34 AM hudson.security.csrf.CrumbFilter doFilter
WARNING: No valid crumb was included in request for /samples/messagebroker/httpsecure. Returning 403.
Sep 17, 2016 11:04:34 AM hudson.security.csrf.CrumbFilter doFilter
WARNING: No valid crumb was included in request for /lcds/messagebroker/http. Returning 403.
Sep 17, 2016 11:04:34 AM hudson.security.csrf.CrumbFilter doFilter
WARNING: No valid crumb was included in request for /lcds/messagebroker/httpsecure. Returning 403.
Sep 17, 2016 11:04:34 AM hudson.security.csrf.CrumbFilter doFilter
WARNING: No valid crumb was included in request for /lcds-samples/messagebroker/http. Returning 403.
Sep 17, 2016 11:04:34 AM hudson.security.csrf.CrumbFilter doFilter
WARNING: No valid crumb was included in request for /lcds-samples/messagebroker/httpsecure. Returning 403.
Sep 17, 2016 11:04:34 AM hudson.security.csrf.CrumbFilter doFilter
WARNING: No valid crumb was included in request for /cgi-bin/test-cgi. Returning 403.
Sep 17, 2016 11:04:34 AM hudson.security.csrf.CrumbFilter doFilter
WARNING: No valid crumb was included in request for /cgi/login. Returning 403.
Sep 17, 2016 11:04:34 AM hudson.security.csrf.CrumbFilter doFilter
WARNING: No valid crumb was included in request for /data/login. Returning 403.
Sep 17, 2016 11:04:34 AM hudson.security.csrf.CrumbFilter doFilter
WARNING: No valid crumb was included in request for /cgi-bin/home.tcl. Returning 403.
Sep 17, 2016 11:04:34 AM hudson.security.csrf.CrumbFilter doFilter
WARNING: No valid crumb was included in request for /xmlrpc.php. Returning 403.
Sep 17, 2016 11:04:34 AM hudson.security.csrf.CrumbFilter doFilter
WARNING: No valid crumb was included in request for /serendipity/serendipity_xmlrpc.php. Returning 403.
Sep 17, 2016 11:04:34 AM hudson.security.csrf.CrumbFilter doFilter
WARNING: No valid crumb was included in request for /serendipity/xmlrpc.php. Returning 403.
Sep 17, 2016 11:04:34 AM hudson.security.csrf.CrumbFilter doFilter
WARNING: No valid crumb was included in request for /drupal/xmlrpc.php. Returning 403.
Sep 17, 2016 11:04:34 AM hudson.security.csrf.CrumbFilter doFilter
WARNING: No valid crumb was included in request for /bblog/xmlrpc.php. Returning 403.
Sep 17, 2016 11:04:34 AM hudson.security.csrf.CrumbFilter doFilter
WARNING: No valid crumb was included in request for /blogs/xmlsrv/xmlrpc.php. Returning 403.
Sep 17, 2016 11:04:34 AM hudson.security.csrf.CrumbFilter doFilter
WARNING: No valid crumb was included in request for /xmlsrv/xmlrpc.php. Returning 403.
Sep 17, 2016 11:04:34 AM hudson.security.csrf.CrumbFilter doFilter
WARNING: No valid crumb was included in request for /xmlrpc/xmlrpc.php. Returning 403.
Sep 17, 2016 11:04:34 AM hudson.security.csrf.CrumbFilter doFilter
WARNING: No valid crumb was included in request for /script/xmlrpc.php. Returning 403.
Sep 17, 2016 1:23:20 PM hudson.model.AsyncPeriodicWork$1 run
INFO: Started Workspace clean-up
Sep 17, 2016 1:23:20 PM hudson.model.AsyncPeriodicWork$1 run
INFO: Finished Workspace clean-up. 1 ms
Running from: /usr/lib/jenkins/jenkins.war
Sep 17, 2016 1:41:08 PM org.eclipse.jetty.util.log.JavaUtilLog info
INFO: Logging initialized @582ms
Sep 17, 2016 1:41:08 PM winstone.Logger logInternal
INFO: Beginning extraction from war file
Sep 17, 2016 1:41:08 PM org.eclipse.jetty.util.log.JavaUtilLog warn
WARNING: Empty contextPath
Sep 17, 2016 1:41:08 PM org.eclipse.jetty.util.log.JavaUtilLog info
INFO: jetty-9.2.z-SNAPSHOT
Sep 17, 2016 1:41:09 PM org.eclipse.jetty.util.log.JavaUtilLog info
INFO: NO JSP Support for /, did not find org.eclipse.jetty.jsp.JettyJspServlet
Jenkins home directory: /var/lib/jenkins found at: SystemProperties.getProperty("JENKINS_HOME")
Sep 17, 2016 1:41:09 PM org.eclipse.jetty.util.log.JavaUtilLog info
INFO: Started w.@793f29ff{/,file:/var/cache/jenkins/war/,AVAILABLE}{/var/cache/jenkins/war}
Sep 17, 2016 1:41:09 PM org.eclipse.jetty.util.log.JavaUtilLog info
INFO: Started ServerConnector@17f9d882{HTTP/1.1}{0.0.0.0:8080}
Sep 17, 2016 1:41:09 PM org.eclipse.jetty.util.log.JavaUtilLog info
INFO: Started @1812ms
Sep 17, 2016 1:41:09 PM winstone.Logger logInternal
INFO: Winstone Servlet Engine v2.0 running: controlPort=disabled
Sep 17, 2016 1:41:10 PM jenkins.InitReactorRunner$1 onAttained
INFO: Started initialization
Sep 17, 2016 1:41:10 PM jenkins.InitReactorRunner$1 onAttained
INFO: Listed all plugins
Sep 17, 2016 1:41:11 PM jenkins.InitReactorRunner$1 onAttained
INFO: Prepared all plugins
Sep 17, 2016 1:41:11 PM jenkins.InitReactorRunner$1 onAttained
INFO: Started all plugins
Sep 17, 2016 1:41:11 PM jenkins.InitReactorRunner$1 onAttained
INFO: Augmented all extensions
Sep 17, 2016 1:41:11 PM jenkins.InitReactorRunner$1 onAttained
INFO: Loaded all jobs
Sep 17, 2016 1:41:11 PM hudson.model.AsyncPeriodicWork$1 run
INFO: Started Download metadata
Sep 17, 2016 1:41:12 PM org.jenkinsci.main.modules.sshd.SSHD start
INFO: Started SSHD at port 36865
Sep 17, 2016 1:41:12 PM jenkins.InitReactorRunner$1 onAttained
INFO: Completed initialization
Sep 17, 2016 1:41:13 PM org.springframework.context.support.AbstractApplicationContext prepareRefresh
INFO: Refreshing org.springframework.web.context.support.StaticWebApplicationContext@5d44a4e5: display name [Root WebApplicationContext]; startup date [Sat Sep 17 13:41:13 CDT 2016]; root of context hierarchy
Sep 17, 2016 1:41:13 PM org.springframework.context.support.AbstractApplicationContext obtainFreshBeanFactory
INFO: Bean factory for application context [org.springframework.web.context.support.StaticWebApplicationContext@5d44a4e5]: org.springframework.beans.factory.support.DefaultListableBeanFactory@170c2f3a
Sep 17, 2016 1:41:13 PM org.springframework.beans.factory.support.DefaultListableBeanFactory preInstantiateSingletons
INFO: Pre-instantiating singletons in org.springframework.beans.factory.support.DefaultListableBeanFactory@170c2f3a: defining beans [authenticationManager]; root of factory hierarchy
Sep 17, 2016 1:41:13 PM org.springframework.context.support.AbstractApplicationContext prepareRefresh
INFO: Refreshing org.springframework.web.context.support.StaticWebApplicationContext@1a44f7ce: display name [Root WebApplicationContext]; startup date [Sat Sep 17 13:41:13 CDT 2016]; root of context hierarchy
Sep 17, 2016 1:41:13 PM org.springframework.context.support.AbstractApplicationContext obtainFreshBeanFactory
INFO: Bean factory for application context [org.springframework.web.context.support.StaticWebApplicationContext@1a44f7ce]: org.springframework.beans.factory.support.DefaultListableBeanFactory@15e9688e
Sep 17, 2016 1:41:13 PM org.springframework.beans.factory.support.DefaultListableBeanFactory preInstantiateSingletons
INFO: Pre-instantiating singletons in org.springframework.beans.factory.support.DefaultListableBeanFactory@15e9688e: defining beans [filter,legacy]; root of factory hierarchy
Sep 17, 2016 1:41:13 PM jenkins.install.SetupWizard init
INFO: 

*************************************************************
*************************************************************
*************************************************************

Jenkins initial setup is required. An admin user has been created and a password generated.
Please use the following password to proceed to installation:

f9334d41b3e54a49b925086b83ff812b

This may also be found at: /var/lib/jenkins/secrets/initialAdminPassword

*************************************************************
*************************************************************
*************************************************************

Sep 17, 2016 1:59:47 PM winstone.Logger logInternal
INFO: JVM is terminating. Shutting down Winstone
Running from: /usr/lib/jenkins/jenkins.war
Sep 17, 2016 1:59:49 PM org.eclipse.jetty.util.log.JavaUtilLog info
INFO: Logging initialized @600ms
Sep 17, 2016 1:59:49 PM winstone.Logger logInternal
INFO: Beginning extraction from war file
Sep 17, 2016 1:59:49 PM org.eclipse.jetty.util.log.JavaUtilLog warn
WARNING: Empty contextPath
Sep 17, 2016 1:59:49 PM org.eclipse.jetty.util.log.JavaUtilLog info
INFO: jetty-9.2.z-SNAPSHOT
Sep 17, 2016 1:59:50 PM org.eclipse.jetty.util.log.JavaUtilLog info
INFO: NO JSP Support for /, did not find org.eclipse.jetty.jsp.JettyJspServlet
Jenkins home directory: /var/lib/jenkins found at: SystemProperties.getProperty("JENKINS_HOME")
Sep 17, 2016 1:59:51 PM org.eclipse.jetty.util.log.JavaUtilLog info
INFO: Started w.@21b579c9{/,file:/var/cache/jenkins/war/,AVAILABLE}{/var/cache/jenkins/war}
Sep 17, 2016 1:59:51 PM org.eclipse.jetty.util.log.JavaUtilLog info
INFO: Started ServerConnector@37c9078e{HTTP/1.1}{0.0.0.0:8080}
Sep 17, 2016 1:59:51 PM org.eclipse.jetty.util.log.JavaUtilLog info
INFO: Started @2142ms
Sep 17, 2016 1:59:51 PM winstone.Logger logInternal
INFO: Winstone Servlet Engine v2.0 running: controlPort=disabled
Sep 17, 2016 1:59:51 PM jenkins.InitReactorRunner$1 onAttained
INFO: Started initialization
Sep 17, 2016 1:59:51 PM jenkins.InitReactorRunner$1 onAttained
INFO: Listed all plugins
Sep 17, 2016 1:59:53 PM jenkins.InitReactorRunner$1 onAttained
INFO: Prepared all plugins
Sep 17, 2016 1:59:53 PM jenkins.InitReactorRunner$1 onAttained
INFO: Started all plugins
Sep 17, 2016 1:59:53 PM jenkins.InitReactorRunner$1 onAttained
INFO: Augmented all extensions
Sep 17, 2016 1:59:53 PM jenkins.InitReactorRunner$1 onAttained
INFO: Loaded all jobs
Sep 17, 2016 1:59:53 PM hudson.model.AsyncPeriodicWork$1 run
INFO: Started Download metadata
Sep 17, 2016 1:59:53 PM org.jenkinsci.main.modules.sshd.SSHD start
INFO: Started SSHD at port 34725
Sep 17, 2016 1:59:54 PM jenkins.InitReactorRunner$1 onAttained
INFO: Completed initialization
Sep 17, 2016 1:59:54 PM org.springframework.context.support.AbstractApplicationContext prepareRefresh
INFO: Refreshing org.springframework.web.context.support.StaticWebApplicationContext@198b5597: display name [Root WebApplicationContext]; startup date [Sat Sep 17 13:59:54 CDT 2016]; root of context hierarchy
Sep 17, 2016 1:59:54 PM org.springframework.context.support.AbstractApplicationContext obtainFreshBeanFactory
INFO: Bean factory for application context [org.springframework.web.context.support.StaticWebApplicationContext@198b5597]: org.springframework.beans.factory.support.DefaultListableBeanFactory@2fa916ab
Sep 17, 2016 1:59:54 PM org.springframework.beans.factory.support.DefaultListableBeanFactory preInstantiateSingletons
INFO: Pre-instantiating singletons in org.springframework.beans.factory.support.DefaultListableBeanFactory@2fa916ab: defining beans [authenticationManager]; root of factory hierarchy
Sep 17, 2016 1:59:54 PM org.springframework.context.support.AbstractApplicationContext prepareRefresh
INFO: Refreshing org.springframework.web.context.support.StaticWebApplicationContext@50b3c021: display name [Root WebApplicationContext]; startup date [Sat Sep 17 13:59:54 CDT 2016]; root of context hierarchy
Sep 17, 2016 1:59:54 PM org.springframework.context.support.AbstractApplicationContext obtainFreshBeanFactory
INFO: Bean factory for application context [org.springframework.web.context.support.StaticWebApplicationContext@50b3c021]: org.springframework.beans.factory.support.DefaultListableBeanFactory@5838ce3e
Sep 17, 2016 1:59:54 PM org.springframework.beans.factory.support.DefaultListableBeanFactory preInstantiateSingletons
INFO: Pre-instantiating singletons in org.springframework.beans.factory.support.DefaultListableBeanFactory@5838ce3e: defining beans [filter,legacy]; root of factory hierarchy
Sep 17, 2016 1:59:54 PM jenkins.install.SetupWizard init
INFO: 

*************************************************************
*************************************************************
*************************************************************

Jenkins initial setup is required. An admin user has been created and a password generated.
Please use the following password to proceed to installation:

f9334d41b3e54a49b925086b83ff812b

This may also be found at: /var/lib/jenkins/secrets/initialAdminPassword

*************************************************************
*************************************************************
*************************************************************

Sep 17, 2016 2:10:04 PM winstone.Logger logInternal
INFO: JVM is terminating. Shutting down Winstone
Running from: /usr/lib/jenkins/jenkins.war
Sep 17, 2016 2:10:07 PM org.eclipse.jetty.util.log.JavaUtilLog info
INFO: Logging initialized @600ms
Sep 17, 2016 2:10:07 PM winstone.Logger logInternal
INFO: Beginning extraction from war file
Sep 17, 2016 2:10:07 PM org.eclipse.jetty.util.log.JavaUtilLog warn
WARNING: Empty contextPath
Sep 17, 2016 2:10:07 PM org.eclipse.jetty.util.log.JavaUtilLog info
INFO: jetty-9.2.z-SNAPSHOT
Sep 17, 2016 2:10:08 PM org.eclipse.jetty.util.log.JavaUtilLog info
INFO: NO JSP Support for /, did not find org.eclipse.jetty.jsp.JettyJspServlet
Jenkins home directory: /var/lib/jenkins found at: SystemProperties.getProperty("JENKINS_HOME")
Sep 17, 2016 2:10:08 PM org.eclipse.jetty.util.log.JavaUtilLog info
INFO: Started w.@2973bbbe{/,file:/var/cache/jenkins/war/,AVAILABLE}{/var/cache/jenkins/war}
Sep 17, 2016 2:10:08 PM org.eclipse.jetty.util.log.JavaUtilLog info
INFO: Started ServerConnector@4670f288{HTTP/1.1}{0.0.0.0:8080}
Sep 17, 2016 2:10:08 PM org.eclipse.jetty.util.log.JavaUtilLog info
INFO: Started @2198ms
Sep 17, 2016 2:10:08 PM winstone.Logger logInternal
INFO: Winstone Servlet Engine v2.0 running: controlPort=disabled
Sep 17, 2016 2:10:09 PM jenkins.InitReactorRunner$1 onAttained
INFO: Started initialization
Sep 17, 2016 2:10:09 PM jenkins.InitReactorRunner$1 onAttained
INFO: Listed all plugins
Sep 17, 2016 2:10:09 PM hudson.PluginManager$2$1$1 run
SEVERE: Failed to install workflow-scm-step: One or more dependencies could not be resolved for workflow-scm-step : workflow-step-api (1.15)
Sep 17, 2016 2:10:11 PM jenkins.InitReactorRunner$1 onAttained
INFO: Prepared all plugins
Sep 17, 2016 2:10:11 PM jenkins.InitReactorRunner$1 onAttained
INFO: Started all plugins
Sep 17, 2016 2:10:11 PM jenkins.InitReactorRunner$1 onAttained
INFO: Augmented all extensions
Sep 17, 2016 2:10:11 PM jenkins.InitReactorRunner$1 onAttained
INFO: Loaded all jobs
Sep 17, 2016 2:10:12 PM hudson.model.AsyncPeriodicWork$1 run
INFO: Started Download metadata
Sep 17, 2016 2:10:12 PM org.jenkinsci.main.modules.sshd.SSHD start
INFO: Started SSHD at port 40907
Sep 17, 2016 2:10:12 PM jenkins.InitReactorRunner$1 onAttained
INFO: Completed initialization
Sep 17, 2016 2:10:12 PM org.springframework.context.support.AbstractApplicationContext prepareRefresh
INFO: Refreshing org.springframework.web.context.support.StaticWebApplicationContext@31c1e958: display name [Root WebApplicationContext]; startup date [Sat Sep 17 14:10:12 CDT 2016]; root of context hierarchy
Sep 17, 2016 2:10:12 PM org.springframework.context.support.AbstractApplicationContext obtainFreshBeanFactory
INFO: Bean factory for application context [org.springframework.web.context.support.StaticWebApplicationContext@31c1e958]: org.springframework.beans.factory.support.DefaultListableBeanFactory@2d73821d
Sep 17, 2016 2:10:12 PM org.springframework.beans.factory.support.DefaultListableBeanFactory preInstantiateSingletons
INFO: Pre-instantiating singletons in org.springframework.beans.factory.support.DefaultListableBeanFactory@2d73821d: defining beans [authenticationManager]; root of factory hierarchy
Sep 17, 2016 2:10:13 PM org.springframework.context.support.AbstractApplicationContext prepareRefresh
INFO: Refreshing org.springframework.web.context.support.StaticWebApplicationContext@7dc31479: display name [Root WebApplicationContext]; startup date [Sat Sep 17 14:10:13 CDT 2016]; root of context hierarchy
Sep 17, 2016 2:10:13 PM org.springframework.context.support.AbstractApplicationContext obtainFreshBeanFactory
INFO: Bean factory for application context [org.springframework.web.context.support.StaticWebApplicationContext@7dc31479]: org.springframework.beans.factory.support.DefaultListableBeanFactory@6cd7095b
Sep 17, 2016 2:10:13 PM org.springframework.beans.factory.support.DefaultListableBeanFactory preInstantiateSingletons
INFO: Pre-instantiating singletons in org.springframework.beans.factory.support.DefaultListableBeanFactory@6cd7095b: defining beans [filter,legacy]; root of factory hierarchy
Sep 17, 2016 2:10:13 PM jenkins.install.SetupWizard init
INFO: 

*************************************************************
*************************************************************
*************************************************************

Jenkins initial setup is required. An admin user has been created and a password generated.
Please use the following password to proceed to installation:

f9334d41b3e54a49b925086b83ff812b

This may also be found at: /var/lib/jenkins/secrets/initialAdminPassword

*************************************************************
*************************************************************
*************************************************************

Sep 17, 2016 2:13:02 PM winstone.Logger logInternal
INFO: JVM is terminating. Shutting down Winstone
Running from: /usr/lib/jenkins/jenkins.war
Sep 17, 2016 2:21:11 PM org.eclipse.jetty.util.log.JavaUtilLog info
INFO: Logging initialized @799ms
Sep 17, 2016 2:21:11 PM winstone.Logger logInternal
INFO: Beginning extraction from war file
Sep 17, 2016 2:21:11 PM org.eclipse.jetty.util.log.JavaUtilLog warn
WARNING: Empty contextPath
Sep 17, 2016 2:21:11 PM org.eclipse.jetty.util.log.JavaUtilLog info
INFO: jetty-9.2.z-SNAPSHOT
Sep 17, 2016 2:21:13 PM org.eclipse.jetty.util.log.JavaUtilLog info
INFO: NO JSP Support for /, did not find org.eclipse.jetty.jsp.JettyJspServlet
Jenkins home directory: /var/lib/jenkins found at: SystemProperties.getProperty("JENKINS_HOME")
Sep 17, 2016 2:21:15 PM org.eclipse.jetty.util.log.JavaUtilLog info
INFO: Started w.@1387e2f2{/,file:/var/cache/jenkins/war/,AVAILABLE}{/var/cache/jenkins/war}
Sep 17, 2016 2:21:15 PM org.eclipse.jetty.util.log.JavaUtilLog info
INFO: Started ServerConnector@64a21666{HTTP/1.1}{0.0.0.0:8080}
Sep 17, 2016 2:21:15 PM org.eclipse.jetty.util.log.JavaUtilLog info
INFO: Started @4447ms
Sep 17, 2016 2:21:15 PM winstone.Logger logInternal
INFO: Winstone Servlet Engine v2.0 running: controlPort=disabled
Sep 17, 2016 2:21:15 PM jenkins.InitReactorRunner$1 onAttained
INFO: Started initialization
Sep 17, 2016 2:21:15 PM jenkins.InitReactorRunner$1 onAttained
INFO: Listed all plugins
Sep 17, 2016 2:21:15 PM hudson.PluginManager$2$1$1 run
SEVERE: Failed to install workflow-scm-step: One or more dependencies could not be resolved for workflow-scm-step : workflow-step-api (1.15)
Sep 17, 2016 2:21:17 PM jenkins.InitReactorRunner$1 onAttained
INFO: Prepared all plugins
Sep 17, 2016 2:21:17 PM jenkins.InitReactorRunner$1 onAttained
INFO: Started all plugins
Sep 17, 2016 2:21:17 PM jenkins.InitReactorRunner$1 onAttained
INFO: Augmented all extensions
Sep 17, 2016 2:21:17 PM jenkins.InitReactorRunner$1 onAttained
INFO: Loaded all jobs
Sep 17, 2016 2:21:18 PM hudson.model.AsyncPeriodicWork$1 run
INFO: Started Download metadata
Sep 17, 2016 2:21:18 PM org.jenkinsci.main.modules.sshd.SSHD start
INFO: Started SSHD at port 33556
Sep 17, 2016 2:21:18 PM jenkins.InitReactorRunner$1 onAttained
INFO: Completed initialization
Sep 17, 2016 2:21:19 PM org.springframework.context.support.AbstractApplicationContext prepareRefresh
INFO: Refreshing org.springframework.web.context.support.StaticWebApplicationContext@7eaf9d10: display name [Root WebApplicationContext]; startup date [Sat Sep 17 14:21:19 CDT 2016]; root of context hierarchy
Sep 17, 2016 2:21:19 PM org.springframework.context.support.AbstractApplicationContext obtainFreshBeanFactory
INFO: Bean factory for application context [org.springframework.web.context.support.StaticWebApplicationContext@7eaf9d10]: org.springframework.beans.factory.support.DefaultListableBeanFactory@4a62e29f
Sep 17, 2016 2:21:19 PM org.springframework.beans.factory.support.DefaultListableBeanFactory preInstantiateSingletons
INFO: Pre-instantiating singletons in org.springframework.beans.factory.support.DefaultListableBeanFactory@4a62e29f: defining beans [authenticationManager]; root of factory hierarchy
Sep 17, 2016 2:21:19 PM org.springframework.context.support.AbstractApplicationContext prepareRefresh
INFO: Refreshing org.springframework.web.context.support.StaticWebApplicationContext@417e412c: display name [Root WebApplicationContext]; startup date [Sat Sep 17 14:21:19 CDT 2016]; root of context hierarchy
Sep 17, 2016 2:21:19 PM org.springframework.context.support.AbstractApplicationContext obtainFreshBeanFactory
INFO: Bean factory for application context [org.springframework.web.context.support.StaticWebApplicationContext@417e412c]: org.springframework.beans.factory.support.DefaultListableBeanFactory@5fcc66fa
Sep 17, 2016 2:21:19 PM org.springframework.beans.factory.support.DefaultListableBeanFactory preInstantiateSingletons
INFO: Pre-instantiating singletons in org.springframework.beans.factory.support.DefaultListableBeanFactory@5fcc66fa: defining beans [filter,legacy]; root of factory hierarchy
Sep 17, 2016 2:21:19 PM jenkins.install.SetupWizard init
INFO: 

*************************************************************
*************************************************************
*************************************************************

Jenkins initial setup is required. An admin user has been created and a password generated.
Please use the following password to proceed to installation:

f9334d41b3e54a49b925086b83ff812b

This may also be found at: /var/lib/jenkins/secrets/initialAdminPassword

*************************************************************
*************************************************************
*************************************************************

Running from: /usr/lib/jenkins/jenkins.war
Sep 17, 2016 2:46:45 PM org.eclipse.jetty.util.log.JavaUtilLog info
INFO: Logging initialized @570ms
Sep 17, 2016 2:46:45 PM winstone.Logger logInternal
INFO: Beginning extraction from war file
Sep 17, 2016 2:46:46 PM org.eclipse.jetty.util.log.JavaUtilLog warn
WARNING: Empty contextPath
Sep 17, 2016 2:46:46 PM org.eclipse.jetty.util.log.JavaUtilLog info
INFO: jetty-9.2.z-SNAPSHOT
Sep 17, 2016 2:46:47 PM org.eclipse.jetty.util.log.JavaUtilLog info
INFO: NO JSP Support for /, did not find org.eclipse.jetty.jsp.JettyJspServlet
Jenkins home directory: /var/lib/jenkins found at: SystemProperties.getProperty("JENKINS_HOME")
Sep 17, 2016 2:46:48 PM org.eclipse.jetty.util.log.JavaUtilLog info
INFO: Started w.@76d4162c{/,file:/var/cache/jenkins/war/,AVAILABLE}{/var/cache/jenkins/war}
Sep 17, 2016 2:46:48 PM org.eclipse.jetty.util.log.JavaUtilLog info
INFO: Started ServerConnector@3b979721{HTTP/1.1}{0.0.0.0:8080}
Sep 17, 2016 2:46:48 PM org.eclipse.jetty.util.log.JavaUtilLog info
INFO: Started @3614ms
Sep 17, 2016 2:46:48 PM winstone.Logger logInternal
INFO: Winstone Servlet Engine v2.0 running: controlPort=disabled
Sep 17, 2016 2:46:48 PM jenkins.InitReactorRunner$1 onAttained
INFO: Started initialization
Sep 17, 2016 2:46:48 PM jenkins.InitReactorRunner$1 onAttained
INFO: Listed all plugins
Sep 17, 2016 2:46:48 PM hudson.PluginManager$2$1$1 run
SEVERE: Failed to install workflow-scm-step: One or more dependencies could not be resolved for workflow-scm-step : workflow-step-api (1.15)
Sep 17, 2016 2:46:50 PM jenkins.InitReactorRunner$1 onAttained
INFO: Prepared all plugins
Sep 17, 2016 2:46:50 PM jenkins.InitReactorRunner$1 onAttained
INFO: Started all plugins
Sep 17, 2016 2:46:50 PM jenkins.InitReactorRunner$1 onAttained
INFO: Augmented all extensions
Sep 17, 2016 2:46:50 PM jenkins.InitReactorRunner$1 onAttained
INFO: Loaded all jobs
Sep 17, 2016 2:46:51 PM hudson.model.AsyncPeriodicWork$1 run
INFO: Started Download metadata
Sep 17, 2016 2:46:51 PM org.jenkinsci.main.modules.sshd.SSHD start
INFO: Started SSHD at port 39801
Sep 17, 2016 2:46:51 PM jenkins.InitReactorRunner$1 onAttained
INFO: Completed initialization
Sep 17, 2016 2:46:51 PM org.springframework.context.support.AbstractApplicationContext prepareRefresh
INFO: Refreshing org.springframework.web.context.support.StaticWebApplicationContext@abd7e3b: display name [Root WebApplicationContext]; startup date [Sat Sep 17 14:46:51 CDT 2016]; root of context hierarchy
Sep 17, 2016 2:46:51 PM org.springframework.context.support.AbstractApplicationContext obtainFreshBeanFactory
INFO: Bean factory for application context [org.springframework.web.context.support.StaticWebApplicationContext@abd7e3b]: org.springframework.beans.factory.support.DefaultListableBeanFactory@74edeb2e
Sep 17, 2016 2:46:51 PM org.springframework.beans.factory.support.DefaultListableBeanFactory preInstantiateSingletons
INFO: Pre-instantiating singletons in org.springframework.beans.factory.support.DefaultListableBeanFactory@74edeb2e: defining beans [authenticationManager]; root of factory hierarchy
Sep 17, 2016 2:46:52 PM org.springframework.context.support.AbstractApplicationContext prepareRefresh
INFO: Refreshing org.springframework.web.context.support.StaticWebApplicationContext@7aa471f4: display name [Root WebApplicationContext]; startup date [Sat Sep 17 14:46:52 CDT 2016]; root of context hierarchy
Sep 17, 2016 2:46:52 PM org.springframework.context.support.AbstractApplicationContext obtainFreshBeanFactory
INFO: Bean factory for application context [org.springframework.web.context.support.StaticWebApplicationContext@7aa471f4]: org.springframework.beans.factory.support.DefaultListableBeanFactory@3be6c64f
Sep 17, 2016 2:46:52 PM org.springframework.beans.factory.support.DefaultListableBeanFactory preInstantiateSingletons
INFO: Pre-instantiating singletons in org.springframework.beans.factory.support.DefaultListableBeanFactory@3be6c64f: defining beans [filter,legacy]; root of factory hierarchy
Sep 17, 2016 2:46:52 PM jenkins.install.SetupWizard init
INFO: 

*************************************************************
*************************************************************
*************************************************************

Jenkins initial setup is required. An admin user has been created and a password generated.
Please use the following password to proceed to installation:

f9334d41b3e54a49b925086b83ff812b

This may also be found at: /var/lib/jenkins/secrets/initialAdminPassword

*************************************************************
*************************************************************
*************************************************************

Running from: /usr/lib/jenkins/jenkins.war
Sep 17, 2016 2:59:07 PM org.eclipse.jetty.util.log.JavaUtilLog info
INFO: Logging initialized @602ms
Sep 17, 2016 2:59:07 PM winstone.Logger logInternal
INFO: Beginning extraction from war file
Sep 17, 2016 2:59:07 PM org.eclipse.jetty.util.log.JavaUtilLog warn
WARNING: Empty contextPath
Sep 17, 2016 2:59:07 PM org.eclipse.jetty.util.log.JavaUtilLog info
INFO: jetty-9.2.z-SNAPSHOT
Sep 17, 2016 2:59:08 PM org.eclipse.jetty.util.log.JavaUtilLog info
INFO: NO JSP Support for /, did not find org.eclipse.jetty.jsp.JettyJspServlet
Jenkins home directory: /var/lib/jenkins found at: SystemProperties.getProperty("JENKINS_HOME")
Sep 17, 2016 2:59:08 PM org.eclipse.jetty.util.log.JavaUtilLog info
INFO: Started w.@2ac5f11{/,file:/var/cache/jenkins/war/,AVAILABLE}{/var/cache/jenkins/war}
Sep 17, 2016 2:59:08 PM org.eclipse.jetty.util.log.JavaUtilLog info
INFO: Started ServerConnector@1d4ffe07{HTTP/1.1}{0.0.0.0:8080}
Sep 17, 2016 2:59:08 PM org.eclipse.jetty.util.log.JavaUtilLog info
INFO: Started @2122ms
Sep 17, 2016 2:59:08 PM winstone.Logger logInternal
INFO: Winstone Servlet Engine v2.0 running: controlPort=disabled
Sep 17, 2016 2:59:09 PM jenkins.InitReactorRunner$1 onAttained
INFO: Started initialization
Sep 17, 2016 2:59:09 PM jenkins.InitReactorRunner$1 onAttained
INFO: Listed all plugins
Sep 17, 2016 2:59:10 PM jenkins.InitReactorRunner$1 onAttained
INFO: Prepared all plugins
Sep 17, 2016 2:59:10 PM jenkins.InitReactorRunner$1 onAttained
INFO: Started all plugins
Sep 17, 2016 2:59:10 PM jenkins.InitReactorRunner$1 onAttained
INFO: Augmented all extensions
Sep 17, 2016 2:59:11 PM jenkins.InitReactorRunner$1 onAttained
INFO: Loaded all jobs
Sep 17, 2016 2:59:11 PM hudson.model.AsyncPeriodicWork$1 run
INFO: Started Download metadata
Sep 17, 2016 2:59:11 PM org.jenkinsci.main.modules.sshd.SSHD start
INFO: Started SSHD at port 39736
Sep 17, 2016 2:59:11 PM jenkins.InitReactorRunner$1 onAttained
INFO: Completed initialization
Sep 17, 2016 2:59:12 PM org.springframework.context.support.AbstractApplicationContext prepareRefresh
INFO: Refreshing org.springframework.web.context.support.StaticWebApplicationContext@21ff063e: display name [Root WebApplicationContext]; startup date [Sat Sep 17 14:59:12 CDT 2016]; root of context hierarchy
Sep 17, 2016 2:59:12 PM org.springframework.context.support.AbstractApplicationContext obtainFreshBeanFactory
INFO: Bean factory for application context [org.springframework.web.context.support.StaticWebApplicationContext@21ff063e]: org.springframework.beans.factory.support.DefaultListableBeanFactory@4b9530ed
Sep 17, 2016 2:59:12 PM org.springframework.beans.factory.support.DefaultListableBeanFactory preInstantiateSingletons
INFO: Pre-instantiating singletons in org.springframework.beans.factory.support.DefaultListableBeanFactory@4b9530ed: defining beans [authenticationManager]; root of factory hierarchy
Sep 17, 2016 2:59:12 PM org.springframework.context.support.AbstractApplicationContext prepareRefresh
INFO: Refreshing org.springframework.web.context.support.StaticWebApplicationContext@6ad95a53: display name [Root WebApplicationContext]; startup date [Sat Sep 17 14:59:12 CDT 2016]; root of context hierarchy
Sep 17, 2016 2:59:12 PM org.springframework.context.support.AbstractApplicationContext obtainFreshBeanFactory
INFO: Bean factory for application context [org.springframework.web.context.support.StaticWebApplicationContext@6ad95a53]: org.springframework.beans.factory.support.DefaultListableBeanFactory@1d30bcf1
Sep 17, 2016 2:59:12 PM org.springframework.beans.factory.support.DefaultListableBeanFactory preInstantiateSingletons
INFO: Pre-instantiating singletons in org.springframework.beans.factory.support.DefaultListableBeanFactory@1d30bcf1: defining beans [filter,legacy]; root of factory hierarchy
Sep 17, 2016 2:59:12 PM jenkins.install.SetupWizard init
INFO: 

*************************************************************
*************************************************************
*************************************************************

Jenkins initial setup is required. An admin user has been created and a password generated.
Please use the following password to proceed to installation:

f9334d41b3e54a49b925086b83ff812b

This may also be found at: /var/lib/jenkins/secrets/initialAdminPassword

*************************************************************
*************************************************************
*************************************************************

Running from: /usr/lib/jenkins/jenkins.war
Sep 17, 2016 3:32:01 PM org.eclipse.jetty.util.log.JavaUtilLog info
INFO: Logging initialized @613ms
Sep 17, 2016 3:32:01 PM winstone.Logger logInternal
INFO: Beginning extraction from war file
Sep 17, 2016 3:32:01 PM org.eclipse.jetty.util.log.JavaUtilLog warn
WARNING: Empty contextPath
Sep 17, 2016 3:32:01 PM org.eclipse.jetty.util.log.JavaUtilLog info
INFO: jetty-9.2.z-SNAPSHOT
Sep 17, 2016 3:32:02 PM org.eclipse.jetty.util.log.JavaUtilLog info
INFO: NO JSP Support for /, did not find org.eclipse.jetty.jsp.JettyJspServlet
Jenkins home directory: /var/lib/jenkins found at: SystemProperties.getProperty("JENKINS_HOME")
Sep 17, 2016 3:32:02 PM org.eclipse.jetty.util.log.JavaUtilLog info
INFO: Started w.@5e90264{/,file:/var/cache/jenkins/war/,AVAILABLE}{/var/cache/jenkins/war}
Sep 17, 2016 3:32:02 PM org.eclipse.jetty.util.log.JavaUtilLog info
INFO: Started ServerConnector@73b05494{HTTP/1.1}{0.0.0.0:8080}
Sep 17, 2016 3:32:02 PM org.eclipse.jetty.util.log.JavaUtilLog info
INFO: Started @2188ms
Sep 17, 2016 3:32:02 PM winstone.Logger logInternal
INFO: Winstone Servlet Engine v2.0 running: controlPort=disabled
Sep 17, 2016 3:32:02 PM jenkins.InitReactorRunner$1 onAttained
INFO: Started initialization
Sep 17, 2016 3:32:02 PM jenkins.InitReactorRunner$1 onAttained
INFO: Listed all plugins
Sep 17, 2016 3:32:04 PM jenkins.InitReactorRunner$1 onAttained
INFO: Prepared all plugins
Sep 17, 2016 3:32:04 PM jenkins.InitReactorRunner$1 onAttained
INFO: Started all plugins
Sep 17, 2016 3:32:04 PM jenkins.InitReactorRunner$1 onAttained
INFO: Augmented all extensions
Sep 17, 2016 3:32:05 PM jenkins.InitReactorRunner$1 onAttained
INFO: Loaded all jobs
Sep 17, 2016 3:32:05 PM hudson.model.AsyncPeriodicWork$1 run
INFO: Started Download metadata
Sep 17, 2016 3:32:06 PM org.jenkinsci.main.modules.sshd.SSHD start
INFO: Started SSHD at port 37359
Sep 17, 2016 3:32:06 PM jenkins.InitReactorRunner$1 onAttained
INFO: Completed initialization
Sep 17, 2016 3:32:06 PM org.springframework.context.support.AbstractApplicationContext prepareRefresh
INFO: Refreshing org.springframework.web.context.support.StaticWebApplicationContext@29ceccfd: display name [Root WebApplicationContext]; startup date [Sat Sep 17 15:32:06 CDT 2016]; root of context hierarchy
Sep 17, 2016 3:32:06 PM org.springframework.context.support.AbstractApplicationContext obtainFreshBeanFactory
INFO: Bean factory for application context [org.springframework.web.context.support.StaticWebApplicationContext@29ceccfd]: org.springframework.beans.factory.support.DefaultListableBeanFactory@26e2706d
Sep 17, 2016 3:32:06 PM org.springframework.beans.factory.support.DefaultListableBeanFactory preInstantiateSingletons
INFO: Pre-instantiating singletons in org.springframework.beans.factory.support.DefaultListableBeanFactory@26e2706d: defining beans [authenticationManager]; root of factory hierarchy
Sep 17, 2016 3:32:06 PM org.springframework.context.support.AbstractApplicationContext prepareRefresh
INFO: Refreshing org.springframework.web.context.support.StaticWebApplicationContext@be3ca72: display name [Root WebApplicationContext]; startup date [Sat Sep 17 15:32:06 CDT 2016]; root of context hierarchy
Sep 17, 2016 3:32:06 PM org.springframework.context.support.AbstractApplicationContext obtainFreshBeanFactory
INFO: Bean factory for application context [org.springframework.web.context.support.StaticWebApplicationContext@be3ca72]: org.springframework.beans.factory.support.DefaultListableBeanFactory@11b9f635
Sep 17, 2016 3:32:06 PM org.springframework.beans.factory.support.DefaultListableBeanFactory preInstantiateSingletons
INFO: Pre-instantiating singletons in org.springframework.beans.factory.support.DefaultListableBeanFactory@11b9f635: defining beans [filter,legacy]; root of factory hierarchy
Sep 17, 2016 3:32:06 PM jenkins.install.SetupWizard init
INFO: 

*************************************************************
*************************************************************
*************************************************************

Jenkins initial setup is required. An admin user has been created and a password generated.
Please use the following password to proceed to installation:

f9334d41b3e54a49b925086b83ff812b

This may also be found at: /var/lib/jenkins/secrets/initialAdminPassword

*************************************************************
*************************************************************
*************************************************************

Running from: /usr/lib/jenkins/jenkins.war
Sep 17, 2016 3:54:01 PM org.eclipse.jetty.util.log.JavaUtilLog info
INFO: Logging initialized @642ms
Sep 17, 2016 3:54:01 PM winstone.Logger logInternal
INFO: Beginning extraction from war file
Sep 17, 2016 3:54:01 PM org.eclipse.jetty.util.log.JavaUtilLog warn
WARNING: Empty contextPath
Sep 17, 2016 3:54:01 PM org.eclipse.jetty.util.log.JavaUtilLog info
INFO: jetty-9.2.z-SNAPSHOT
Sep 17, 2016 3:54:02 PM org.eclipse.jetty.util.log.JavaUtilLog info
INFO: NO JSP Support for /, did not find org.eclipse.jetty.jsp.JettyJspServlet
Jenkins home directory: /var/lib/jenkins found at: SystemProperties.getProperty("JENKINS_HOME")
Sep 17, 2016 3:54:03 PM org.eclipse.jetty.util.log.JavaUtilLog info
INFO: Started w.@155dac13{/,file:/var/cache/jenkins/war/,AVAILABLE}{/var/cache/jenkins/war}
Sep 17, 2016 3:54:03 PM org.eclipse.jetty.util.log.JavaUtilLog info
INFO: Started ServerConnector@16e5acf7{HTTP/1.1}{0.0.0.0:8080}
Sep 17, 2016 3:54:03 PM org.eclipse.jetty.util.log.JavaUtilLog info
INFO: Started @2321ms
Sep 17, 2016 3:54:03 PM winstone.Logger logInternal
INFO: Winstone Servlet Engine v2.0 running: controlPort=disabled
Sep 17, 2016 3:54:03 PM jenkins.InitReactorRunner$1 onAttained
INFO: Started initialization
Sep 17, 2016 3:54:03 PM jenkins.InitReactorRunner$1 onAttained
INFO: Listed all plugins
Sep 17, 2016 3:54:05 PM jenkins.InitReactorRunner$1 onAttained
INFO: Prepared all plugins
Sep 17, 2016 3:54:05 PM jenkins.InitReactorRunner$1 onAttained
INFO: Started all plugins
Sep 17, 2016 3:54:05 PM jenkins.InitReactorRunner$1 onAttained
INFO: Augmented all extensions
Sep 17, 2016 3:54:06 PM jenkins.InitReactorRunner$1 onAttained
INFO: Loaded all jobs
Sep 17, 2016 3:54:06 PM hudson.model.AsyncPeriodicWork$1 run
INFO: Started Download metadata
Sep 17, 2016 3:54:07 PM org.jenkinsci.main.modules.sshd.SSHD start
INFO: Started SSHD at port 44907
Sep 17, 2016 3:54:07 PM jenkins.InitReactorRunner$1 onAttained
INFO: Completed initialization
Sep 17, 2016 3:54:07 PM org.springframework.context.support.AbstractApplicationContext prepareRefresh
INFO: Refreshing org.springframework.web.context.support.StaticWebApplicationContext@35bd8ca: display name [Root WebApplicationContext]; startup date [Sat Sep 17 15:54:07 CDT 2016]; root of context hierarchy
Sep 17, 2016 3:54:07 PM org.springframework.context.support.AbstractApplicationContext obtainFreshBeanFactory
INFO: Bean factory for application context [org.springframework.web.context.support.StaticWebApplicationContext@35bd8ca]: org.springframework.beans.factory.support.DefaultListableBeanFactory@41554b29
Sep 17, 2016 3:54:07 PM org.springframework.beans.factory.support.DefaultListableBeanFactory preInstantiateSingletons
INFO: Pre-instantiating singletons in org.springframework.beans.factory.support.DefaultListableBeanFactory@41554b29: defining beans [authenticationManager]; root of factory hierarchy
Sep 17, 2016 3:54:07 PM org.springframework.context.support.AbstractApplicationContext prepareRefresh
INFO: Refreshing org.springframework.web.context.support.StaticWebApplicationContext@7393d9c7: display name [Root WebApplicationContext]; startup date [Sat Sep 17 15:54:07 CDT 2016]; root of context hierarchy
Sep 17, 2016 3:54:07 PM org.springframework.context.support.AbstractApplicationContext obtainFreshBeanFactory
INFO: Bean factory for application context [org.springframework.web.context.support.StaticWebApplicationContext@7393d9c7]: org.springframework.beans.factory.support.DefaultListableBeanFactory@2198547e
Sep 17, 2016 3:54:07 PM org.springframework.beans.factory.support.DefaultListableBeanFactory preInstantiateSingletons
INFO: Pre-instantiating singletons in org.springframework.beans.factory.support.DefaultListableBeanFactory@2198547e: defining beans [filter,legacy]; root of factory hierarchy
Sep 17, 2016 3:54:07 PM jenkins.install.SetupWizard init
INFO: 

*************************************************************
*************************************************************
*************************************************************

Jenkins initial setup is required. An admin user has been created and a password generated.
Please use the following password to proceed to installation:

f9334d41b3e54a49b925086b83ff812b

This may also be found at: /var/lib/jenkins/secrets/initialAdminPassword

*************************************************************
*************************************************************
*************************************************************

Sep 17, 2016 9:18:30 PM hudson.model.AsyncPeriodicWork$1 run
INFO: Started Workspace clean-up
Sep 17, 2016 9:18:30 PM hudson.model.AsyncPeriodicWork$1 run
INFO: Finished Workspace clean-up. 1 ms
Sep 18, 2016 11:28:06 AM hudson.model.AsyncPeriodicWork$1 run
INFO: Started Fingerprint cleanup
Sep 18, 2016 11:28:06 AM hudson.model.AsyncPeriodicWork$1 run
INFO: Finished Fingerprint cleanup. 1 ms
Running from: /usr/lib/jenkins/jenkins.war
Sep 18, 2016 1:37:01 PM org.eclipse.jetty.util.log.JavaUtilLog info
INFO: Logging initialized @570ms
Sep 18, 2016 1:37:01 PM winstone.Logger logInternal
INFO: Beginning extraction from war file
Sep 18, 2016 1:37:02 PM org.eclipse.jetty.util.log.JavaUtilLog warn
WARNING: Empty contextPath
Sep 18, 2016 1:37:03 PM org.eclipse.jetty.util.log.JavaUtilLog info
INFO: jetty-9.2.z-SNAPSHOT
Sep 18, 2016 1:37:03 PM org.eclipse.jetty.util.log.JavaUtilLog info
INFO: NO JSP Support for /, did not find org.eclipse.jetty.jsp.JettyJspServlet
Jenkins home directory: /var/lib/jenkins found at: SystemProperties.getProperty("JENKINS_HOME")
Sep 18, 2016 1:37:04 PM org.eclipse.jetty.util.log.JavaUtilLog info
INFO: Started w.@458342d3{/,file:/var/cache/jenkins/war/,AVAILABLE}{/var/cache/jenkins/war}
Sep 18, 2016 1:37:04 PM org.eclipse.jetty.util.log.JavaUtilLog info
INFO: Started ServerConnector@350ec41e{HTTP/1.1}{0.0.0.0:8080}
Sep 18, 2016 1:37:04 PM org.eclipse.jetty.util.log.JavaUtilLog info
INFO: Started @3559ms
Sep 18, 2016 1:37:04 PM winstone.Logger logInternal
INFO: Winstone Servlet Engine v2.0 running: controlPort=disabled
Sep 18, 2016 1:37:04 PM jenkins.InitReactorRunner$1 onAttained
INFO: Started initialization
Sep 18, 2016 1:37:04 PM jenkins.InitReactorRunner$1 onAttained
INFO: Listed all plugins
Sep 18, 2016 1:37:06 PM jenkins.InitReactorRunner$1 onAttained
INFO: Prepared all plugins
Sep 18, 2016 1:37:06 PM jenkins.InitReactorRunner$1 onAttained
INFO: Started all plugins
Sep 18, 2016 1:37:06 PM jenkins.InitReactorRunner$1 onAttained
INFO: Augmented all extensions
Sep 18, 2016 1:37:06 PM jenkins.InitReactorRunner$1 onAttained
INFO: Loaded all jobs
Sep 18, 2016 1:37:07 PM hudson.model.AsyncPeriodicWork$1 run
INFO: Started Download metadata
Sep 18, 2016 1:37:08 PM org.jenkinsci.main.modules.sshd.SSHD start
INFO: Started SSHD at port 38023
Sep 18, 2016 1:37:08 PM jenkins.InitReactorRunner$1 onAttained
INFO: Completed initialization
Sep 18, 2016 1:37:08 PM org.springframework.context.support.AbstractApplicationContext prepareRefresh
INFO: Refreshing org.springframework.web.context.support.StaticWebApplicationContext@154b57d: display name [Root WebApplicationContext]; startup date [Sun Sep 18 13:37:08 CDT 2016]; root of context hierarchy
Sep 18, 2016 1:37:08 PM org.springframework.context.support.AbstractApplicationContext obtainFreshBeanFactory
INFO: Bean factory for application context [org.springframework.web.context.support.StaticWebApplicationContext@154b57d]: org.springframework.beans.factory.support.DefaultListableBeanFactory@6404691
Sep 18, 2016 1:37:08 PM org.springframework.beans.factory.support.DefaultListableBeanFactory preInstantiateSingletons
INFO: Pre-instantiating singletons in org.springframework.beans.factory.support.DefaultListableBeanFactory@6404691: defining beans [authenticationManager]; root of factory hierarchy
Sep 18, 2016 1:37:08 PM org.springframework.context.support.AbstractApplicationContext prepareRefresh
INFO: Refreshing org.springframework.web.context.support.StaticWebApplicationContext@3a5db68e: display name [Root WebApplicationContext]; startup date [Sun Sep 18 13:37:08 CDT 2016]; root of context hierarchy
Sep 18, 2016 1:37:08 PM org.springframework.context.support.AbstractApplicationContext obtainFreshBeanFactory
INFO: Bean factory for application context [org.springframework.web.context.support.StaticWebApplicationContext@3a5db68e]: org.springframework.beans.factory.support.DefaultListableBeanFactory@5785a61e
Sep 18, 2016 1:37:08 PM org.springframework.beans.factory.support.DefaultListableBeanFactory preInstantiateSingletons
INFO: Pre-instantiating singletons in org.springframework.beans.factory.support.DefaultListableBeanFactory@5785a61e: defining beans [filter,legacy]; root of factory hierarchy
Sep 18, 2016 1:37:08 PM jenkins.install.SetupWizard init
INFO: 

*************************************************************
*************************************************************
*************************************************************

Jenkins initial setup is required. An admin user has been created and a password generated.
Please use the following password to proceed to installation:

f9334d41b3e54a49b925086b83ff812b

This may also be found at: /var/lib/jenkins/secrets/initialAdminPassword

*************************************************************
*************************************************************
*************************************************************

