2020-01-10 08:14:56.253+0000 [id=18]	WARNING	o.e.jetty.server.HttpChannel#handleException: ERROR dispatch failed
Also:   java.lang.IllegalStateException: Jenkins.instance is missing. Read the documentation of Jenkins.getInstanceOrNull to see what you are doing wrong.
		at jenkins.model.Jenkins.get(Jenkins.java:773)
		at hudson.security.TokenBasedRememberMeServices2.autoLogin(TokenBasedRememberMeServices2.java:164)
		at org.acegisecurity.ui.rememberme.RememberMeProcessingFilter.doFilter(RememberMeProcessingFilter.java:104)
		at hudson.security.ChainedServletFilter$1.doFilter(ChainedServletFilter.java:87)
		at org.acegisecurity.ui.AbstractProcessingFilter.doFilter(AbstractProcessingFilter.java:271)
		at hudson.security.ChainedServletFilter$1.doFilter(ChainedServletFilter.java:87)
		at jenkins.security.BasicHeaderProcessor.doFilter(BasicHeaderProcessor.java:93)
		at hudson.security.ChainedServletFilter$1.doFilter(ChainedServletFilter.java:87)
		at org.acegisecurity.context.HttpSessionContextIntegrationFilter.doFilter(HttpSessionContextIntegrationFilter.java:249)
		at hudson.security.HttpSessionContextIntegrationFilter2.doFilter(HttpSessionContextIntegrationFilter2.java:67)
		at hudson.security.ChainedServletFilter$1.doFilter(ChainedServletFilter.java:87)
		at hudson.security.ChainedServletFilter.doFilter(ChainedServletFilter.java:90)
		at hudson.security.HudsonFilter.doFilter(HudsonFilter.java:171)
		at org.eclipse.jetty.servlet.ServletHandler$CachedChain.doFilter(ServletHandler.java:1610)
		at org.kohsuke.stapler.compression.CompressionFilter.doFilter(CompressionFilter.java:49)
		at org.eclipse.jetty.servlet.ServletHandler$CachedChain.doFilter(ServletHandler.java:1610)
		at hudson.util.CharacterEncodingFilter.doFilter(CharacterEncodingFilter.java:82)
		at org.eclipse.jetty.servlet.ServletHandler$CachedChain.doFilter(ServletHandler.java:1610)
		at org.kohsuke.stapler.DiagnosticThreadNameFilter.doFilter(DiagnosticThreadNameFilter.java:30)
		at org.eclipse.jetty.servlet.ServletHandler$CachedChain.doFilter(ServletHandler.java:1610)
		at org.eclipse.jetty.servlet.ServletHandler.doHandle(ServletHandler.java:540)
		at org.eclipse.jetty.server.handler.ScopedHandler.handle(ScopedHandler.java:146)
		at org.eclipse.jetty.security.SecurityHandler.handle(SecurityHandler.java:524)
		at org.eclipse.jetty.server.handler.HandlerWrapper.handle(HandlerWrapper.java:132)
		at org.eclipse.jetty.server.handler.ScopedHandler.nextHandle(ScopedHandler.java:257)
		at org.eclipse.jetty.server.session.SessionHandler.doHandle(SessionHandler.java:1700)
		at org.eclipse.jetty.server.handler.ScopedHandler.nextHandle(ScopedHandler.java:255)
		at org.eclipse.jetty.server.handler.ContextHandler.doHandle(ContextHandler.java:1345)
		at org.eclipse.jetty.server.handler.ScopedHandler.nextScope(ScopedHandler.java:203)
		at org.eclipse.jetty.servlet.ServletHandler.doScope(ServletHandler.java:480)
		at org.eclipse.jetty.server.session.SessionHandler.doScope(SessionHandler.java:1667)
		at org.eclipse.jetty.server.handler.ScopedHandler.nextScope(ScopedHandler.java:201)
		at org.eclipse.jetty.server.handler.ContextHandler.doScope(ContextHandler.java:1247)
		at org.eclipse.jetty.server.handler.ScopedHandler.handle(ScopedHandler.java:144)
		at org.eclipse.jetty.server.handler.HandlerWrapper.handle(HandlerWrapper.java:132)
		at org.eclipse.jetty.server.Server.handle(Server.java:505)
		at org.eclipse.jetty.server.HttpChannel.handle(HttpChannel.java:370)
	Caused: java.lang.IllegalStateException: Error already set
		at org.eclipse.jetty.server.HttpChannelState.onError(HttpChannelState.java:777)
		at org.eclipse.jetty.server.HttpChannel.handleException(HttpChannel.java:602)
		at org.eclipse.jetty.server.HttpChannelOverHttp.handleException(HttpChannelOverHttp.java:489)
		at org.eclipse.jetty.server.HttpChannel.handle(HttpChannel.java:537)
java.lang.IllegalStateException: Jenkins.instance is missing. Read the documentation of Jenkins.getInstanceOrNull to see what you are doing wrong.
	at jenkins.model.Jenkins.get(Jenkins.java:773)
	at org.jenkinsci.plugins.matrixauth.AuthorizationContainer.hasPermission(AuthorizationContainer.java:169)
	at hudson.security.GlobalMatrixAuthorizationStrategy$AclImpl.hasPermission(GlobalMatrixAuthorizationStrategy.java:127)
	at hudson.security.SidACL._hasPermission(SidACL.java:70)
	at hudson.security.SidACL.hasPermission(SidACL.java:52)
	at hudson.security.ACL.checkPermission(ACL.java:72)
	at hudson.security.AccessControlled.checkPermission(AccessControlled.java:47)
	at jenkins.model.Jenkins.getTarget(Jenkins.java:4738)
	at org.kohsuke.stapler.Stapler.tryInvoke(Stapler.java:703)
	at org.kohsuke.stapler.Stapler.invoke(Stapler.java:878)
	at org.kohsuke.stapler.Stapler.invoke(Stapler.java:676)
	at hudson.init.impl.InstallUncaughtExceptionHandler.lambda$init$0(InstallUncaughtExceptionHandler.java:36)
	at org.kohsuke.stapler.compression.CompressionFilter.reportException(CompressionFilter.java:77)
	at org.kohsuke.stapler.compression.CompressionFilter.doFilter(CompressionFilter.java:58)
	at org.eclipse.jetty.servlet.ServletHandler$CachedChain.doFilter(ServletHandler.java:1610)
	at hudson.util.CharacterEncodingFilter.doFilter(CharacterEncodingFilter.java:82)
	at org.eclipse.jetty.servlet.ServletHandler$CachedChain.doFilter(ServletHandler.java:1610)
	at org.kohsuke.stapler.DiagnosticThreadNameFilter.doFilter(DiagnosticThreadNameFilter.java:30)
	at org.eclipse.jetty.servlet.ServletHandler$CachedChain.doFilter(ServletHandler.java:1610)
	at org.eclipse.jetty.servlet.ServletHandler.doHandle(ServletHandler.java:540)
	at org.eclipse.jetty.server.handler.ScopedHandler.handle(ScopedHandler.java:146)
	at org.eclipse.jetty.security.SecurityHandler.handle(SecurityHandler.java:524)
	at org.eclipse.jetty.server.handler.HandlerWrapper.handle(HandlerWrapper.java:132)
	at org.eclipse.jetty.server.handler.ScopedHandler.nextHandle(ScopedHandler.java:257)
	at org.eclipse.jetty.server.session.SessionHandler.doHandle(SessionHandler.java:1700)
	at org.eclipse.jetty.server.handler.ScopedHandler.nextHandle(ScopedHandler.java:255)
	at org.eclipse.jetty.server.handler.ContextHandler.doHandle(ContextHandler.java:1345)
	at org.eclipse.jetty.server.handler.ScopedHandler.nextScope(ScopedHandler.java:203)
	at org.eclipse.jetty.servlet.ServletHandler.doScope(ServletHandler.java:480)
	at org.eclipse.jetty.server.session.SessionHandler.doScope(SessionHandler.java:1667)
	at org.eclipse.jetty.server.handler.ScopedHandler.nextScope(ScopedHandler.java:201)
	at org.eclipse.jetty.server.handler.ContextHandler.doScope(ContextHandler.java:1247)
	at org.eclipse.jetty.server.handler.ScopedHandler.handle(ScopedHandler.java:144)
	at org.eclipse.jetty.server.handler.HandlerWrapper.handle(HandlerWrapper.java:132)
	at org.eclipse.jetty.server.Server.handle(Server.java:505)
	at org.eclipse.jetty.server.HttpChannel.handle(HttpChannel.java:370)
	at org.eclipse.jetty.server.HttpConnection.onFillable(HttpConnection.java:267)
	at org.eclipse.jetty.io.AbstractConnection$ReadCallback.succeeded(AbstractConnection.java:305)
	at org.eclipse.jetty.io.FillInterest.fillable(FillInterest.java:103)
	at org.eclipse.jetty.io.ssl.SslConnection$DecryptedEndPoint.onFillable(SslConnection.java:427)
	at org.eclipse.jetty.io.ssl.SslConnection.onFillable(SslConnection.java:321)
	at org.eclipse.jetty.io.ssl.SslConnection$2.succeeded(SslConnection.java:159)
	at org.eclipse.jetty.io.FillInterest.fillable(FillInterest.java:103)
	at org.eclipse.jetty.io.ChannelEndPoint$2.run(ChannelEndPoint.java:117)
	at org.eclipse.jetty.util.thread.strategy.EatWhatYouKill.runTask(EatWhatYouKill.java:333)
	at org.eclipse.jetty.util.thread.strategy.EatWhatYouKill.doProduce(EatWhatYouKill.java:310)
	at org.eclipse.jetty.util.thread.strategy.EatWhatYouKill.tryProduce(EatWhatYouKill.java:168)
	at org.eclipse.jetty.util.thread.strategy.EatWhatYouKill.run(EatWhatYouKill.java:126)
	at org.eclipse.jetty.util.thread.ReservedThreadExecutor$ReservedThread.run(ReservedThreadExecutor.java:366)
	at org.eclipse.jetty.util.thread.QueuedThreadPool.runJob(QueuedThreadPool.java:698)
	at org.eclipse.jetty.util.thread.QueuedThreadPool$Runner.run(QueuedThreadPool.java:804)
	at java.base/java.lang.Thread.run(Thread.java:834)