2018-07-05 07:53:10,308 INFO  [org.jboss.modules.Module.setModuleLogger:969] (main) JBoss Modules version 1.5.1.Final
2018-07-05 07:53:10,477 INFO  [org.jboss.msc.service.ServiceContainerImpl.<clinit>:93] (main) JBoss MSC version 1.2.6.Final
2018-07-05 07:53:10,565 INFO  [org.jboss.as.server.ApplicationServerService.start:101] (MSC service thread 1-7) WFLYSRV0049: WildFly Full 10.0.0.Final (WildFly Core 2.0.10.Final) starting
2018-07-05 07:53:10,566 DEBUG [org.jboss.as.server.ApplicationServerService.start:113] (MSC service thread 1-7) Configured system properties:
	[Standalone] = 
	awt.toolkit = sun.awt.X11.XToolkit
	file.encoding = UTF-8
	file.encoding.pkg = sun.io
	file.separator = /
	java.awt.graphicsenv = sun.awt.X11GraphicsEnvironment
	java.awt.headless = true
	java.awt.printerjob = sun.print.PSPrinterJob
	java.class.path = /home/jenkins/wildfly/jboss-modules.jar
	java.class.version = 52.0
	java.endorsed.dirs = /usr/java/jdk1.8.0_131/jre/lib/endorsed
	java.ext.dirs = /usr/java/jdk1.8.0_131/jre/lib/ext:/usr/java/packages/lib/ext
	java.home = /usr/java/jdk1.8.0_131/jre
	java.io.tmpdir = /tmp
	java.library.path = /usr/java/packages/lib/amd64:/usr/lib64:/lib64:/lib:/usr/lib
	java.net.preferIPv4Stack = true
	java.runtime.name = Java(TM) SE Runtime Environment
	java.runtime.version = 1.8.0_131-b11
	java.specification.name = Java Platform API Specification
	java.specification.vendor = Oracle Corporation
	java.specification.version = 1.8
	java.util.logging.manager = org.jboss.logmanager.LogManager
	java.vendor = Oracle Corporation
	java.vendor.url = http://java.oracle.com/
	java.vendor.url.bug = http://bugreport.sun.com/bugreport/
	java.version = 1.8.0_131
	java.vm.info = mixed mode
	java.vm.name = Java HotSpot(TM) 64-Bit Server VM
	java.vm.specification.name = Java Virtual Machine Specification
	java.vm.specification.vendor = Oracle Corporation
	java.vm.specification.version = 1.8
	java.vm.vendor = Oracle Corporation
	java.vm.version = 25.131-b11
	javax.management.builder.initial = org.jboss.as.jmx.PluggableMBeanServerBuilder
	javax.xml.datatype.DatatypeFactory = __redirected.__DatatypeFactory
	javax.xml.parsers.DocumentBuilderFactory = __redirected.__DocumentBuilderFactory
	javax.xml.parsers.SAXParserFactory = __redirected.__SAXParserFactory
	javax.xml.stream.XMLEventFactory = __redirected.__XMLEventFactory
	javax.xml.stream.XMLInputFactory = __redirected.__XMLInputFactory
	javax.xml.stream.XMLOutputFactory = __redirected.__XMLOutputFactory
	javax.xml.transform.TransformerFactory = __redirected.__TransformerFactory
	javax.xml.validation.SchemaFactory:http://www.w3.org/2001/XMLSchema = __redirected.__SchemaFactory
	javax.xml.xpath.XPathFactory:http://java.sun.com/jaxp/xpath/dom = __redirected.__XPathFactory
	jboss.bind.address = 0.0.0.0
	jboss.bind.address.management = 0.0.0.0
	jboss.home.dir = /home/jenkins/wildfly
	jboss.host.name = jenkins
	jboss.modules.dir = /home/jenkins/wildfly/modules
	jboss.modules.system.pkgs = org.jboss.byteman
	jboss.node.name = jenkins
	jboss.qualified.host.name = jenkins.berlin.4flow.de
	jboss.server.base.dir = /home/jenkins/wildfly/standalone
	jboss.server.config.dir = /home/jenkins/wildfly/standalone/configuration
	jboss.server.data.dir = /home/jenkins/wildfly/standalone/data
	jboss.server.deploy.dir = /home/jenkins/wildfly/standalone/data/content
	jboss.server.log.dir = /home/jenkins/wildfly/standalone/log
	jboss.server.name = jenkins
	jboss.server.persist.config = true
	jboss.server.temp.dir = /home/jenkins/wildfly/standalone/tmp
	line.separator = 

	logging.configuration = file:/home/jenkins/wildfly/standalone/configuration/logging.properties
	module.path = /home/jenkins/wildfly/modules
	org.jboss.boot.log.file = /home/jenkins/wildfly/standalone/log/server.log
	org.jboss.resolver.warning = true
	org.xml.sax.driver = __redirected.__XMLReaderFactory
	os.arch = amd64
	os.name = Linux
	os.version = 3.10.0-327.10.1.el7.x86_64
	path.separator = :
	sun.arch.data.model = 64
	sun.boot.class.path = /usr/java/jdk1.8.0_131/jre/lib/resources.jar:/usr/java/jdk1.8.0_131/jre/lib/rt.jar:/usr/java/jdk1.8.0_131/jre/lib/sunrsasign.jar:/usr/java/jdk1.8.0_131/jre/lib/jsse.jar:/usr/java/jdk1.8.0_131/jre/lib/jce.jar:/usr/java/jdk1.8.0_131/jre/lib/charsets.jar:/usr/java/jdk1.8.0_131/jre/lib/jfr.jar:/usr/java/jdk1.8.0_131/jre/classes
	sun.boot.library.path = /usr/java/jdk1.8.0_131/jre/lib/amd64
	sun.cpu.endian = little
	sun.cpu.isalist = 
	sun.io.unicode.encoding = UnicodeLittle
	sun.java.command = /home/jenkins/wildfly/jboss-modules.jar -mp /home/jenkins/wildfly/modules org.jboss.as.standalone -Djboss.home.dir=/home/jenkins/wildfly -Djboss.server.base.dir=/home/jenkins/wildfly/standalone -c standalone.xml -b 0.0.0.0 -bmanagement 0.0.0.0
	sun.java.launcher = SUN_STANDARD
	sun.jnu.encoding = UTF-8
	sun.management.compiler = HotSpot 64-Bit Tiered Compilers
	sun.os.patch.level = unknown
	user.country = US
	user.dir = /
	user.home = /home/jenkins
	user.language = en
	user.name = jenkins
	user.timezone = Europe/Berlin
2018-07-05 07:53:10,567 DEBUG [org.jboss.as.server.ApplicationServerService.start:114] (MSC service thread 1-7) VM Arguments: -D[Standalone] -Xms2G -Xmx6G -XX:MetaspaceSize=128M -Djava.net.preferIPv4Stack=true -Djboss.modules.system.pkgs=org.jboss.byteman -Djava.awt.headless=true -agentlib:jdwp=transport=dt_socket,address=8787,server=y,suspend=n -XX:+HeapDumpOnOutOfMemoryError -Dorg.jboss.boot.log.file=/home/jenkins/wildfly/standalone/log/server.log -Dlogging.configuration=file:/home/jenkins/wildfly/standalone/configuration/logging.properties 
2018-07-05 07:53:12,123 INFO  [org.jboss.as.server.operations.HttpManagementAddHandler.installHttpManagementConnector:136] (Controller Boot Thread) WFLYSRV0039: Creating http management service using socket-binding (management-http)
2018-07-05 07:53:12,144 INFO  [org.xnio.Xnio.<clinit>:93] (MSC service thread 1-7) XNIO version 3.3.4.Final
2018-07-05 07:53:12,152 INFO  [org.xnio.nio.NioXnio.<clinit>:55] (MSC service thread 1-7) XNIO NIO Implementation Version 3.3.4.Final
2018-07-05 07:53:12,212 INFO  [org.jboss.as.clustering.infinispan.subsystem.InfinispanSubsystemServiceHandler.installServices:48] (ServerService Thread Pool -- 38) WFLYCLINF0001: Activating Infinispan subsystem.
2018-07-05 07:53:12,225 WARN  [org.jboss.as.txn.subsystem.TransactionSubsystemAdd.checkIfNodeIdentifierIsDefault:461] (ServerService Thread Pool -- 54) WFLYTX0013: Node identifier property is set to the default value. Please make sure it is unique.
2018-07-05 07:53:12,241 INFO  [org.jboss.as.security.SecuritySubsystemRootResourceDefinition$NewSecuritySubsystemAdd.performBoottime:145] (ServerService Thread Pool -- 53) WFLYSEC0002: Activating Security Subsystem
2018-07-05 07:53:12,245 INFO  [org.jboss.as.naming.subsystem.NamingSubsystemAdd.performBoottime:64] (ServerService Thread Pool -- 46) WFLYNAM0001: Activating Naming Subsystem
2018-07-05 07:53:12,255 INFO  [org.wildfly.extension.io.WorkerAdd.performRuntime:180] (ServerService Thread Pool -- 37) WFLYIO001: Worker 'default' has auto-configured to 16 core threads with 128 task threads based on your 8 available processors
2018-07-05 07:53:12,257 INFO  [org.jboss.as.security.service.SecurityBootstrapService.start:84] (MSC service thread 1-3) WFLYSEC0001: Current PicketBox version=4.9.4.Final
2018-07-05 07:53:12,258 INFO  [org.jboss.as.webservices.dmr.WSSubsystemAdd.performBoottime:75] (ServerService Thread Pool -- 56) WFLYWS0002: Activating WebServices Extension
2018-07-05 07:53:12,270 INFO  [org.jboss.as.jsf.deployment.JSFModuleIdFactory.<init>:71] (ServerService Thread Pool -- 44) WFLYJSF0007: Activated the following JSF Implementations: [main]
2018-07-05 07:53:12,291 INFO  [org.wildfly.extension.undertow.UndertowService.start:154] (MSC service thread 1-1) WFLYUT0003: Undertow 1.3.15.Final starting
2018-07-05 07:53:12,291 INFO  [org.wildfly.extension.undertow.UndertowSubsystemAdd.performBoottime:142] (ServerService Thread Pool -- 55) WFLYUT0003: Undertow 1.3.15.Final starting
2018-07-05 07:53:12,292 INFO  [org.jboss.as.connector.subsystems.jca.JcaConfigService.start:55] (MSC service thread 1-6) WFLYJCA0009: Starting JCA Subsystem (WildFly/IronJacamar 1.3.2.Final)
2018-07-05 07:53:12,308 INFO  [org.jboss.as.connector.subsystems.datasources.JdbcDriverAdd.startDriverServices:142] (ServerService Thread Pool -- 33) WFLYJCA0004: Deploying JDBC-compliant driver class org.h2.Driver (version 1.3)
2018-07-05 07:53:12,314 INFO  [org.jboss.as.connector.services.driver.DriverService.start:68] (MSC service thread 1-3) WFLYJCA0018: Started Driver service with driver-name = h2
2018-07-05 07:53:12,334 INFO  [org.jboss.as.naming.service.NamingService.start:70] (MSC service thread 1-3) WFLYNAM0003: Starting Naming Service
2018-07-05 07:53:12,335 INFO  [org.jboss.as.mail.extension.MailSessionAdd$1.transition:126] (MSC service thread 1-6) WFLYMAIL0001: Bound mail session [java:jboss/mail/Default]
2018-07-05 07:53:12,362 INFO  [org.jboss.remoting3.EndpointImpl.<clinit>:73] (MSC service thread 1-5) JBoss Remoting version 4.0.18.Final
2018-07-05 07:53:12,485 INFO  [org.wildfly.extension.undertow.Server.start:72] (MSC service thread 1-7) WFLYUT0012: Started server default-server.
2018-07-05 07:53:12,490 INFO  [org.wildfly.extension.undertow.Host.start:99] (MSC service thread 1-6) WFLYUT0018: Host default-host starting
2018-07-05 07:53:12,548 INFO  [org.jboss.as.ejb3.component.pool.StrictMaxPoolConfigService.setDerive:94] (MSC service thread 1-1) WFLYEJB0481: Strict pool slsb-strict-max-pool is using a max instance size of 128 (per class), which is derived from thread worker pool sizing.
2018-07-05 07:53:12,550 INFO  [org.jboss.as.ejb3.component.pool.StrictMaxPoolConfigService.setDerive:99] (MSC service thread 1-3) WFLYEJB0482: Strict pool mdb-strict-max-pool is using a max instance size of 32 (per class), which is derived from the number of CPUs on this host.
2018-07-05 07:53:12,576 INFO  [org.wildfly.extension.undertow.HttpListenerService.startListening:128] (MSC service thread 1-7) WFLYUT0006: Undertow HTTP listener default listening on 0.0.0.0:8080
2018-07-05 07:53:12,692 INFO  [org.jboss.as.connector.subsystems.datasources.AbstractDataSourceAdd$2.transition:329] (MSC service thread 1-8) WFLYJCA0001: Bound data source [java:jboss/datasources/ExampleDS]
2018-07-05 07:53:12,746 INFO  [org.jboss.as.server.deployment.scanner.FileSystemDeploymentService.startScanner:405] (MSC service thread 1-4) WFLYDS0013: Started FileSystemDeploymentService for directory /home/jenkins/wildfly/standalone/deployments
2018-07-05 07:53:12,770 INFO  [org.jboss.as.server.deployment.AbstractDeploymentUnitService.start:69] (MSC service thread 1-5) WFLYSRV0027: Starting deployment of "ROOT.war" (runtime-name: "ROOT.war")
2018-07-05 07:53:12,904 INFO  [org.infinispan.factories.GlobalComponentRegistry.start:231] (MSC service thread 1-1) ISPN000128: Infinispan version: Infinispan 'Mahou' 8.1.0.Final
2018-07-05 07:53:12,922 INFO  [org.jboss.ws.common.management.AbstractServerConfig.create:340] (MSC service thread 1-7) JBWS022052: Starting JBossWS 5.1.3.Final (Apache CXF 3.1.4) 
2018-07-05 07:53:15,837 WARN  [org.jboss.as.server.deployment.module.ManifestClassPathProcessor.deploy:195] (MSC service thread 1-5) WFLYSRV0059: Class Path entry jsr305-3.0.1.jar in /content/ROOT.war/WEB-INF/lib/jenkins-core-2.130.jar  does not point to a valid jar for a Class-Path reference.
2018-07-05 07:53:16,770 INFO  [org.jboss.stdio.AbstractLoggingWriter.write:71] (ServerService Thread Pool -- 66) Jenkins home directory: /home/jenkins/data found at: EnvVars.masterEnvVars.get("JENKINS_HOME")
2018-07-05 07:53:16,905 INFO  [com.sun.faces.config.ConfigureListener.contextInitialized:213] (ServerService Thread Pool -- 66) Initializing Mojarra 2.2.12-jbossorg-2 20150729-1131 for context ''
2018-07-05 07:53:18,571 INFO  [org.wildfly.extension.undertow.Host.registerDeployment:187] (ServerService Thread Pool -- 66) WFLYUT0021: Registered web context: /
2018-07-05 07:53:18,574 INFO  [jenkins.InitReactorRunner$1.onAttained:86] (pool-9-thread-2) Started initialization
2018-07-05 07:53:18,622 INFO  [hudson.ClassicPluginStrategy.createPluginWrapper:225] (Inspecting plugin /home/jenkins/data/plugins/translation.jpi) Plugin translation.jpi is disabled
2018-07-05 07:53:18,628 INFO  [org.jboss.as.server.deployment.DeploymentHandlerUtil$1$2.handleResult:141] (ServerService Thread Pool -- 34) WFLYSRV0010: Deployed "ROOT.war" (runtime-name : "ROOT.war")
2018-07-05 07:53:18,781 INFO  [org.jboss.as.server.BootstrapListener.logAdminConsole:159] (Controller Boot Thread) WFLYSRV0060: Http management interface listening on http://0.0.0.0:9990/management
2018-07-05 07:53:18,782 INFO  [org.jboss.as.server.BootstrapListener.logAdminConsole:161] (Controller Boot Thread) WFLYSRV0051: Admin console listening on http://0.0.0.0:9990
2018-07-05 07:53:18,782 INFO  [org.jboss.as.server.BootstrapListener.done:109] (Controller Boot Thread) WFLYSRV0025: WildFly Full 10.0.0.Final (WildFly Core 2.0.10.Final) started in 8796ms - Started 478 of 769 services (381 services are lazy, passive or on-demand)
