Attaching to process ID 12949, please wait...
Debugger attached successfully.
Server compiler detected.
JVM version is 19.0-b09
Deadlock Detection:

No deadlocks found.

Thread 13268: (state = BLOCKED)
Error occurred during stack walking:
sun.jvm.hotspot.debugger.DebuggerException: sun.jvm.hotspot.debugger.DebuggerException: get_thread_regs failed for a lwp
	at sun.jvm.hotspot.debugger.linux.LinuxDebuggerLocal$LinuxDebuggerLocalWorkerThread.execute(LinuxDebuggerLocal.java:152)
	at sun.jvm.hotspot.debugger.linux.LinuxDebuggerLocal.getThreadIntegerRegisterSet(LinuxDebuggerLocal.java:466)
	at sun.jvm.hotspot.debugger.linux.LinuxThread.getContext(LinuxThread.java:65)
	at sun.jvm.hotspot.runtime.linux_amd64.LinuxAMD64JavaThreadPDAccess.getCurrentFrameGuess(LinuxAMD64JavaThreadPDAccess.java:92)
	at sun.jvm.hotspot.runtime.JavaThread.getCurrentFrameGuess(JavaThread.java:256)
	at sun.jvm.hotspot.runtime.JavaThread.getLastJavaVFrameDbg(JavaThread.java:218)
	at sun.jvm.hotspot.tools.StackTrace.run(StackTrace.java:76)
	at sun.jvm.hotspot.tools.StackTrace.run(StackTrace.java:45)
	at sun.jvm.hotspot.tools.JStack.run(JStack.java:60)
	at sun.jvm.hotspot.tools.Tool.start(Tool.java:221)
	at sun.jvm.hotspot.tools.JStack.main(JStack.java:86)
	at sun.reflect.NativeMethodAccessorImpl.invoke0(Native Method)
	at sun.reflect.NativeMethodAccessorImpl.invoke(NativeMethodAccessorImpl.java:57)
	at sun.reflect.DelegatingMethodAccessorImpl.invoke(DelegatingMethodAccessorImpl.java:43)
	at java.lang.reflect.Method.invoke(Method.java:616)
	at sun.tools.jstack.JStack.runJStackTool(JStack.java:136)
	at sun.tools.jstack.JStack.main(JStack.java:102)
Caused by: sun.jvm.hotspot.debugger.DebuggerException: get_thread_regs failed for a lwp
	at sun.jvm.hotspot.debugger.linux.LinuxDebuggerLocal.getThreadIntegerRegisterSet0(Native Method)
	at sun.jvm.hotspot.debugger.linux.LinuxDebuggerLocal.access$800(LinuxDebuggerLocal.java:51)
	at sun.jvm.hotspot.debugger.linux.LinuxDebuggerLocal$1GetThreadIntegerRegisterSetTask.doit(LinuxDebuggerLocal.java:460)
	at sun.jvm.hotspot.debugger.linux.LinuxDebuggerLocal$LinuxDebuggerLocalWorkerThread.run(LinuxDebuggerLocal.java:127)


Thread 13267: (state = IN_NATIVE)
Error occurred during stack walking:
sun.jvm.hotspot.debugger.DebuggerException: sun.jvm.hotspot.debugger.DebuggerException: get_thread_regs failed for a lwp
	at sun.jvm.hotspot.debugger.linux.LinuxDebuggerLocal$LinuxDebuggerLocalWorkerThread.execute(LinuxDebuggerLocal.java:152)
	at sun.jvm.hotspot.debugger.linux.LinuxDebuggerLocal.getThreadIntegerRegisterSet(LinuxDebuggerLocal.java:466)
	at sun.jvm.hotspot.debugger.linux.LinuxThread.getContext(LinuxThread.java:65)
	at sun.jvm.hotspot.runtime.linux_amd64.LinuxAMD64JavaThreadPDAccess.getCurrentFrameGuess(LinuxAMD64JavaThreadPDAccess.java:92)
	at sun.jvm.hotspot.runtime.JavaThread.getCurrentFrameGuess(JavaThread.java:256)
	at sun.jvm.hotspot.runtime.JavaThread.getLastJavaVFrameDbg(JavaThread.java:218)
	at sun.jvm.hotspot.tools.StackTrace.run(StackTrace.java:76)
	at sun.jvm.hotspot.tools.StackTrace.run(StackTrace.java:45)
	at sun.jvm.hotspot.tools.JStack.run(JStack.java:60)
	at sun.jvm.hotspot.tools.Tool.start(Tool.java:221)
	at sun.jvm.hotspot.tools.JStack.main(JStack.java:86)
	at sun.reflect.NativeMethodAccessorImpl.invoke0(Native Method)
	at sun.reflect.NativeMethodAccessorImpl.invoke(NativeMethodAccessorImpl.java:57)
	at sun.reflect.DelegatingMethodAccessorImpl.invoke(DelegatingMethodAccessorImpl.java:43)
	at java.lang.reflect.Method.invoke(Method.java:616)
	at sun.tools.jstack.JStack.runJStackTool(JStack.java:136)
	at sun.tools.jstack.JStack.main(JStack.java:102)
Caused by: sun.jvm.hotspot.debugger.DebuggerException: get_thread_regs failed for a lwp
	at sun.jvm.hotspot.debugger.linux.LinuxDebuggerLocal.getThreadIntegerRegisterSet0(Native Method)
	at sun.jvm.hotspot.debugger.linux.LinuxDebuggerLocal.access$800(LinuxDebuggerLocal.java:51)
	at sun.jvm.hotspot.debugger.linux.LinuxDebuggerLocal$1GetThreadIntegerRegisterSetTask.doit(LinuxDebuggerLocal.java:460)
	at sun.jvm.hotspot.debugger.linux.LinuxDebuggerLocal$LinuxDebuggerLocalWorkerThread.run(LinuxDebuggerLocal.java:127)


Thread 13266: (state = BLOCKED)
Error occurred during stack walking:
sun.jvm.hotspot.debugger.DebuggerException: sun.jvm.hotspot.debugger.DebuggerException: get_thread_regs failed for a lwp
	at sun.jvm.hotspot.debugger.linux.LinuxDebuggerLocal$LinuxDebuggerLocalWorkerThread.execute(LinuxDebuggerLocal.java:152)
	at sun.jvm.hotspot.debugger.linux.LinuxDebuggerLocal.getThreadIntegerRegisterSet(LinuxDebuggerLocal.java:466)
	at sun.jvm.hotspot.debugger.linux.LinuxThread.getContext(LinuxThread.java:65)
	at sun.jvm.hotspot.runtime.linux_amd64.LinuxAMD64JavaThreadPDAccess.getCurrentFrameGuess(LinuxAMD64JavaThreadPDAccess.java:92)
	at sun.jvm.hotspot.runtime.JavaThread.getCurrentFrameGuess(JavaThread.java:256)
	at sun.jvm.hotspot.runtime.JavaThread.getLastJavaVFrameDbg(JavaThread.java:218)
	at sun.jvm.hotspot.tools.StackTrace.run(StackTrace.java:76)
	at sun.jvm.hotspot.tools.StackTrace.run(StackTrace.java:45)
	at sun.jvm.hotspot.tools.JStack.run(JStack.java:60)
	at sun.jvm.hotspot.tools.Tool.start(Tool.java:221)
	at sun.jvm.hotspot.tools.JStack.main(JStack.java:86)
	at sun.reflect.NativeMethodAccessorImpl.invoke0(Native Method)
	at sun.reflect.NativeMethodAccessorImpl.invoke(NativeMethodAccessorImpl.java:57)
	at sun.reflect.DelegatingMethodAccessorImpl.invoke(DelegatingMethodAccessorImpl.java:43)
	at java.lang.reflect.Method.invoke(Method.java:616)
	at sun.tools.jstack.JStack.runJStackTool(JStack.java:136)
	at sun.tools.jstack.JStack.main(JStack.java:102)
Caused by: sun.jvm.hotspot.debugger.DebuggerException: get_thread_regs failed for a lwp
	at sun.jvm.hotspot.debugger.linux.LinuxDebuggerLocal.getThreadIntegerRegisterSet0(Native Method)
	at sun.jvm.hotspot.debugger.linux.LinuxDebuggerLocal.access$800(LinuxDebuggerLocal.java:51)
	at sun.jvm.hotspot.debugger.linux.LinuxDebuggerLocal$1GetThreadIntegerRegisterSetTask.doit(LinuxDebuggerLocal.java:460)
	at sun.jvm.hotspot.debugger.linux.LinuxDebuggerLocal$LinuxDebuggerLocalWorkerThread.run(LinuxDebuggerLocal.java:127)


Thread 13265: (state = IN_NATIVE)
Error occurred during stack walking:
sun.jvm.hotspot.debugger.DebuggerException: sun.jvm.hotspot.debugger.DebuggerException: get_thread_regs failed for a lwp
	at sun.jvm.hotspot.debugger.linux.LinuxDebuggerLocal$LinuxDebuggerLocalWorkerThread.execute(LinuxDebuggerLocal.java:152)
	at sun.jvm.hotspot.debugger.linux.LinuxDebuggerLocal.getThreadIntegerRegisterSet(LinuxDebuggerLocal.java:466)
	at sun.jvm.hotspot.debugger.linux.LinuxThread.getContext(LinuxThread.java:65)
	at sun.jvm.hotspot.runtime.linux_amd64.LinuxAMD64JavaThreadPDAccess.getCurrentFrameGuess(LinuxAMD64JavaThreadPDAccess.java:92)
	at sun.jvm.hotspot.runtime.JavaThread.getCurrentFrameGuess(JavaThread.java:256)
	at sun.jvm.hotspot.runtime.JavaThread.getLastJavaVFrameDbg(JavaThread.java:218)
	at sun.jvm.hotspot.tools.StackTrace.run(StackTrace.java:76)
	at sun.jvm.hotspot.tools.StackTrace.run(StackTrace.java:45)
	at sun.jvm.hotspot.tools.JStack.run(JStack.java:60)
	at sun.jvm.hotspot.tools.Tool.start(Tool.java:221)
	at sun.jvm.hotspot.tools.JStack.main(JStack.java:86)
	at sun.reflect.NativeMethodAccessorImpl.invoke0(Native Method)
	at sun.reflect.NativeMethodAccessorImpl.invoke(NativeMethodAccessorImpl.java:57)
	at sun.reflect.DelegatingMethodAccessorImpl.invoke(DelegatingMethodAccessorImpl.java:43)
	at java.lang.reflect.Method.invoke(Method.java:616)
	at sun.tools.jstack.JStack.runJStackTool(JStack.java:136)
	at sun.tools.jstack.JStack.main(JStack.java:102)
Caused by: sun.jvm.hotspot.debugger.DebuggerException: get_thread_regs failed for a lwp
	at sun.jvm.hotspot.debugger.linux.LinuxDebuggerLocal.getThreadIntegerRegisterSet0(Native Method)
	at sun.jvm.hotspot.debugger.linux.LinuxDebuggerLocal.access$800(LinuxDebuggerLocal.java:51)
	at sun.jvm.hotspot.debugger.linux.LinuxDebuggerLocal$1GetThreadIntegerRegisterSetTask.doit(LinuxDebuggerLocal.java:460)
	at sun.jvm.hotspot.debugger.linux.LinuxDebuggerLocal$LinuxDebuggerLocalWorkerThread.run(LinuxDebuggerLocal.java:127)


Thread 13260: (state = BLOCKED)
Error occurred during stack walking:
sun.jvm.hotspot.debugger.DebuggerException: sun.jvm.hotspot.debugger.DebuggerException: get_thread_regs failed for a lwp
	at sun.jvm.hotspot.debugger.linux.LinuxDebuggerLocal$LinuxDebuggerLocalWorkerThread.execute(LinuxDebuggerLocal.java:152)
	at sun.jvm.hotspot.debugger.linux.LinuxDebuggerLocal.getThreadIntegerRegisterSet(LinuxDebuggerLocal.java:466)
	at sun.jvm.hotspot.debugger.linux.LinuxThread.getContext(LinuxThread.java:65)
	at sun.jvm.hotspot.runtime.linux_amd64.LinuxAMD64JavaThreadPDAccess.getCurrentFrameGuess(LinuxAMD64JavaThreadPDAccess.java:92)
	at sun.jvm.hotspot.runtime.JavaThread.getCurrentFrameGuess(JavaThread.java:256)
	at sun.jvm.hotspot.runtime.JavaThread.getLastJavaVFrameDbg(JavaThread.java:218)
	at sun.jvm.hotspot.tools.StackTrace.run(StackTrace.java:76)
	at sun.jvm.hotspot.tools.StackTrace.run(StackTrace.java:45)
	at sun.jvm.hotspot.tools.JStack.run(JStack.java:60)
	at sun.jvm.hotspot.tools.Tool.start(Tool.java:221)
	at sun.jvm.hotspot.tools.JStack.main(JStack.java:86)
	at sun.reflect.NativeMethodAccessorImpl.invoke0(Native Method)
	at sun.reflect.NativeMethodAccessorImpl.invoke(NativeMethodAccessorImpl.java:57)
	at sun.reflect.DelegatingMethodAccessorImpl.invoke(DelegatingMethodAccessorImpl.java:43)
	at java.lang.reflect.Method.invoke(Method.java:616)
	at sun.tools.jstack.JStack.runJStackTool(JStack.java:136)
	at sun.tools.jstack.JStack.main(JStack.java:102)
Caused by: sun.jvm.hotspot.debugger.DebuggerException: get_thread_regs failed for a lwp
	at sun.jvm.hotspot.debugger.linux.LinuxDebuggerLocal.getThreadIntegerRegisterSet0(Native Method)
	at sun.jvm.hotspot.debugger.linux.LinuxDebuggerLocal.access$800(LinuxDebuggerLocal.java:51)
	at sun.jvm.hotspot.debugger.linux.LinuxDebuggerLocal$1GetThreadIntegerRegisterSetTask.doit(LinuxDebuggerLocal.java:460)
	at sun.jvm.hotspot.debugger.linux.LinuxDebuggerLocal$LinuxDebuggerLocalWorkerThread.run(LinuxDebuggerLocal.java:127)


Thread 13259: (state = IN_NATIVE)
Error occurred during stack walking:
sun.jvm.hotspot.debugger.DebuggerException: sun.jvm.hotspot.debugger.DebuggerException: get_thread_regs failed for a lwp
	at sun.jvm.hotspot.debugger.linux.LinuxDebuggerLocal$LinuxDebuggerLocalWorkerThread.execute(LinuxDebuggerLocal.java:152)
	at sun.jvm.hotspot.debugger.linux.LinuxDebuggerLocal.getThreadIntegerRegisterSet(LinuxDebuggerLocal.java:466)
	at sun.jvm.hotspot.debugger.linux.LinuxThread.getContext(LinuxThread.java:65)
	at sun.jvm.hotspot.runtime.linux_amd64.LinuxAMD64JavaThreadPDAccess.getCurrentFrameGuess(LinuxAMD64JavaThreadPDAccess.java:92)
	at sun.jvm.hotspot.runtime.JavaThread.getCurrentFrameGuess(JavaThread.java:256)
	at sun.jvm.hotspot.runtime.JavaThread.getLastJavaVFrameDbg(JavaThread.java:218)
	at sun.jvm.hotspot.tools.StackTrace.run(StackTrace.java:76)
	at sun.jvm.hotspot.tools.StackTrace.run(StackTrace.java:45)
	at sun.jvm.hotspot.tools.JStack.run(JStack.java:60)
	at sun.jvm.hotspot.tools.Tool.start(Tool.java:221)
	at sun.jvm.hotspot.tools.JStack.main(JStack.java:86)
	at sun.reflect.NativeMethodAccessorImpl.invoke0(Native Method)
	at sun.reflect.NativeMethodAccessorImpl.invoke(NativeMethodAccessorImpl.java:57)
	at sun.reflect.DelegatingMethodAccessorImpl.invoke(DelegatingMethodAccessorImpl.java:43)
	at java.lang.reflect.Method.invoke(Method.java:616)
	at sun.tools.jstack.JStack.runJStackTool(JStack.java:136)
	at sun.tools.jstack.JStack.main(JStack.java:102)
Caused by: sun.jvm.hotspot.debugger.DebuggerException: get_thread_regs failed for a lwp
	at sun.jvm.hotspot.debugger.linux.LinuxDebuggerLocal.getThreadIntegerRegisterSet0(Native Method)
	at sun.jvm.hotspot.debugger.linux.LinuxDebuggerLocal.access$800(LinuxDebuggerLocal.java:51)
	at sun.jvm.hotspot.debugger.linux.LinuxDebuggerLocal$1GetThreadIntegerRegisterSetTask.doit(LinuxDebuggerLocal.java:460)
	at sun.jvm.hotspot.debugger.linux.LinuxDebuggerLocal$LinuxDebuggerLocalWorkerThread.run(LinuxDebuggerLocal.java:127)


Thread 13250: (state = BLOCKED)
Error occurred during stack walking:
sun.jvm.hotspot.debugger.DebuggerException: sun.jvm.hotspot.debugger.DebuggerException: get_thread_regs failed for a lwp
	at sun.jvm.hotspot.debugger.linux.LinuxDebuggerLocal$LinuxDebuggerLocalWorkerThread.execute(LinuxDebuggerLocal.java:152)
	at sun.jvm.hotspot.debugger.linux.LinuxDebuggerLocal.getThreadIntegerRegisterSet(LinuxDebuggerLocal.java:466)
	at sun.jvm.hotspot.debugger.linux.LinuxThread.getContext(LinuxThread.java:65)
	at sun.jvm.hotspot.runtime.linux_amd64.LinuxAMD64JavaThreadPDAccess.getCurrentFrameGuess(LinuxAMD64JavaThreadPDAccess.java:92)
	at sun.jvm.hotspot.runtime.JavaThread.getCurrentFrameGuess(JavaThread.java:256)
	at sun.jvm.hotspot.runtime.JavaThread.getLastJavaVFrameDbg(JavaThread.java:218)
	at sun.jvm.hotspot.tools.StackTrace.run(StackTrace.java:76)
	at sun.jvm.hotspot.tools.StackTrace.run(StackTrace.java:45)
	at sun.jvm.hotspot.tools.JStack.run(JStack.java:60)
	at sun.jvm.hotspot.tools.Tool.start(Tool.java:221)
	at sun.jvm.hotspot.tools.JStack.main(JStack.java:86)
	at sun.reflect.NativeMethodAccessorImpl.invoke0(Native Method)
	at sun.reflect.NativeMethodAccessorImpl.invoke(NativeMethodAccessorImpl.java:57)
	at sun.reflect.DelegatingMethodAccessorImpl.invoke(DelegatingMethodAccessorImpl.java:43)
	at java.lang.reflect.Method.invoke(Method.java:616)
	at sun.tools.jstack.JStack.runJStackTool(JStack.java:136)
	at sun.tools.jstack.JStack.main(JStack.java:102)
Caused by: sun.jvm.hotspot.debugger.DebuggerException: get_thread_regs failed for a lwp
	at sun.jvm.hotspot.debugger.linux.LinuxDebuggerLocal.getThreadIntegerRegisterSet0(Native Method)
	at sun.jvm.hotspot.debugger.linux.LinuxDebuggerLocal.access$800(LinuxDebuggerLocal.java:51)
	at sun.jvm.hotspot.debugger.linux.LinuxDebuggerLocal$1GetThreadIntegerRegisterSetTask.doit(LinuxDebuggerLocal.java:460)
	at sun.jvm.hotspot.debugger.linux.LinuxDebuggerLocal$LinuxDebuggerLocalWorkerThread.run(LinuxDebuggerLocal.java:127)


Thread 13249: (state = IN_NATIVE)
Error occurred during stack walking:
sun.jvm.hotspot.debugger.DebuggerException: sun.jvm.hotspot.debugger.DebuggerException: get_thread_regs failed for a lwp
	at sun.jvm.hotspot.debugger.linux.LinuxDebuggerLocal$LinuxDebuggerLocalWorkerThread.execute(LinuxDebuggerLocal.java:152)
	at sun.jvm.hotspot.debugger.linux.LinuxDebuggerLocal.getThreadIntegerRegisterSet(LinuxDebuggerLocal.java:466)
	at sun.jvm.hotspot.debugger.linux.LinuxThread.getContext(LinuxThread.java:65)
	at sun.jvm.hotspot.runtime.linux_amd64.LinuxAMD64JavaThreadPDAccess.getCurrentFrameGuess(LinuxAMD64JavaThreadPDAccess.java:92)
	at sun.jvm.hotspot.runtime.JavaThread.getCurrentFrameGuess(JavaThread.java:256)
	at sun.jvm.hotspot.runtime.JavaThread.getLastJavaVFrameDbg(JavaThread.java:218)
	at sun.jvm.hotspot.tools.StackTrace.run(StackTrace.java:76)
	at sun.jvm.hotspot.tools.StackTrace.run(StackTrace.java:45)
	at sun.jvm.hotspot.tools.JStack.run(JStack.java:60)
	at sun.jvm.hotspot.tools.Tool.start(Tool.java:221)
	at sun.jvm.hotspot.tools.JStack.main(JStack.java:86)
	at sun.reflect.NativeMethodAccessorImpl.invoke0(Native Method)
	at sun.reflect.NativeMethodAccessorImpl.invoke(NativeMethodAccessorImpl.java:57)
	at sun.reflect.DelegatingMethodAccessorImpl.invoke(DelegatingMethodAccessorImpl.java:43)
	at java.lang.reflect.Method.invoke(Method.java:616)
	at sun.tools.jstack.JStack.runJStackTool(JStack.java:136)
	at sun.tools.jstack.JStack.main(JStack.java:102)
Caused by: sun.jvm.hotspot.debugger.DebuggerException: get_thread_regs failed for a lwp
	at sun.jvm.hotspot.debugger.linux.LinuxDebuggerLocal.getThreadIntegerRegisterSet0(Native Method)
	at sun.jvm.hotspot.debugger.linux.LinuxDebuggerLocal.access$800(LinuxDebuggerLocal.java:51)
	at sun.jvm.hotspot.debugger.linux.LinuxDebuggerLocal$1GetThreadIntegerRegisterSetTask.doit(LinuxDebuggerLocal.java:460)
	at sun.jvm.hotspot.debugger.linux.LinuxDebuggerLocal$LinuxDebuggerLocalWorkerThread.run(LinuxDebuggerLocal.java:127)


Thread 13248: (state = BLOCKED)
Error occurred during stack walking:
sun.jvm.hotspot.debugger.DebuggerException: sun.jvm.hotspot.debugger.DebuggerException: get_thread_regs failed for a lwp
	at sun.jvm.hotspot.debugger.linux.LinuxDebuggerLocal$LinuxDebuggerLocalWorkerThread.execute(LinuxDebuggerLocal.java:152)
	at sun.jvm.hotspot.debugger.linux.LinuxDebuggerLocal.getThreadIntegerRegisterSet(LinuxDebuggerLocal.java:466)
	at sun.jvm.hotspot.debugger.linux.LinuxThread.getContext(LinuxThread.java:65)
	at sun.jvm.hotspot.runtime.linux_amd64.LinuxAMD64JavaThreadPDAccess.getCurrentFrameGuess(LinuxAMD64JavaThreadPDAccess.java:92)
	at sun.jvm.hotspot.runtime.JavaThread.getCurrentFrameGuess(JavaThread.java:256)
	at sun.jvm.hotspot.runtime.JavaThread.getLastJavaVFrameDbg(JavaThread.java:218)
	at sun.jvm.hotspot.tools.StackTrace.run(StackTrace.java:76)
	at sun.jvm.hotspot.tools.StackTrace.run(StackTrace.java:45)
	at sun.jvm.hotspot.tools.JStack.run(JStack.java:60)
	at sun.jvm.hotspot.tools.Tool.start(Tool.java:221)
	at sun.jvm.hotspot.tools.JStack.main(JStack.java:86)
	at sun.reflect.NativeMethodAccessorImpl.invoke0(Native Method)
	at sun.reflect.NativeMethodAccessorImpl.invoke(NativeMethodAccessorImpl.java:57)
	at sun.reflect.DelegatingMethodAccessorImpl.invoke(DelegatingMethodAccessorImpl.java:43)
	at java.lang.reflect.Method.invoke(Method.java:616)
	at sun.tools.jstack.JStack.runJStackTool(JStack.java:136)
	at sun.tools.jstack.JStack.main(JStack.java:102)
Caused by: sun.jvm.hotspot.debugger.DebuggerException: get_thread_regs failed for a lwp
	at sun.jvm.hotspot.debugger.linux.LinuxDebuggerLocal.getThreadIntegerRegisterSet0(Native Method)
	at sun.jvm.hotspot.debugger.linux.LinuxDebuggerLocal.access$800(LinuxDebuggerLocal.java:51)
	at sun.jvm.hotspot.debugger.linux.LinuxDebuggerLocal$1GetThreadIntegerRegisterSetTask.doit(LinuxDebuggerLocal.java:460)
	at sun.jvm.hotspot.debugger.linux.LinuxDebuggerLocal$LinuxDebuggerLocalWorkerThread.run(LinuxDebuggerLocal.java:127)


Thread 13247: (state = IN_NATIVE)
Error occurred during stack walking:
sun.jvm.hotspot.debugger.DebuggerException: sun.jvm.hotspot.debugger.DebuggerException: get_thread_regs failed for a lwp
	at sun.jvm.hotspot.debugger.linux.LinuxDebuggerLocal$LinuxDebuggerLocalWorkerThread.execute(LinuxDebuggerLocal.java:152)
	at sun.jvm.hotspot.debugger.linux.LinuxDebuggerLocal.getThreadIntegerRegisterSet(LinuxDebuggerLocal.java:466)
	at sun.jvm.hotspot.debugger.linux.LinuxThread.getContext(LinuxThread.java:65)
	at sun.jvm.hotspot.runtime.linux_amd64.LinuxAMD64JavaThreadPDAccess.getCurrentFrameGuess(LinuxAMD64JavaThreadPDAccess.java:92)
	at sun.jvm.hotspot.runtime.JavaThread.getCurrentFrameGuess(JavaThread.java:256)
	at sun.jvm.hotspot.runtime.JavaThread.getLastJavaVFrameDbg(JavaThread.java:218)
	at sun.jvm.hotspot.tools.StackTrace.run(StackTrace.java:76)
	at sun.jvm.hotspot.tools.StackTrace.run(StackTrace.java:45)
	at sun.jvm.hotspot.tools.JStack.run(JStack.java:60)
	at sun.jvm.hotspot.tools.Tool.start(Tool.java:221)
	at sun.jvm.hotspot.tools.JStack.main(JStack.java:86)
	at sun.reflect.NativeMethodAccessorImpl.invoke0(Native Method)
	at sun.reflect.NativeMethodAccessorImpl.invoke(NativeMethodAccessorImpl.java:57)
	at sun.reflect.DelegatingMethodAccessorImpl.invoke(DelegatingMethodAccessorImpl.java:43)
	at java.lang.reflect.Method.invoke(Method.java:616)
	at sun.tools.jstack.JStack.runJStackTool(JStack.java:136)
	at sun.tools.jstack.JStack.main(JStack.java:102)
Caused by: sun.jvm.hotspot.debugger.DebuggerException: get_thread_regs failed for a lwp
	at sun.jvm.hotspot.debugger.linux.LinuxDebuggerLocal.getThreadIntegerRegisterSet0(Native Method)
	at sun.jvm.hotspot.debugger.linux.LinuxDebuggerLocal.access$800(LinuxDebuggerLocal.java:51)
	at sun.jvm.hotspot.debugger.linux.LinuxDebuggerLocal$1GetThreadIntegerRegisterSetTask.doit(LinuxDebuggerLocal.java:460)
	at sun.jvm.hotspot.debugger.linux.LinuxDebuggerLocal$LinuxDebuggerLocalWorkerThread.run(LinuxDebuggerLocal.java:127)


Thread 13242: (state = BLOCKED)
Error occurred during stack walking:
sun.jvm.hotspot.debugger.DebuggerException: sun.jvm.hotspot.debugger.DebuggerException: get_thread_regs failed for a lwp
	at sun.jvm.hotspot.debugger.linux.LinuxDebuggerLocal$LinuxDebuggerLocalWorkerThread.execute(LinuxDebuggerLocal.java:152)
	at sun.jvm.hotspot.debugger.linux.LinuxDebuggerLocal.getThreadIntegerRegisterSet(LinuxDebuggerLocal.java:466)
	at sun.jvm.hotspot.debugger.linux.LinuxThread.getContext(LinuxThread.java:65)
	at sun.jvm.hotspot.runtime.linux_amd64.LinuxAMD64JavaThreadPDAccess.getCurrentFrameGuess(LinuxAMD64JavaThreadPDAccess.java:92)
	at sun.jvm.hotspot.runtime.JavaThread.getCurrentFrameGuess(JavaThread.java:256)
	at sun.jvm.hotspot.runtime.JavaThread.getLastJavaVFrameDbg(JavaThread.java:218)
	at sun.jvm.hotspot.tools.StackTrace.run(StackTrace.java:76)
	at sun.jvm.hotspot.tools.StackTrace.run(StackTrace.java:45)
	at sun.jvm.hotspot.tools.JStack.run(JStack.java:60)
	at sun.jvm.hotspot.tools.Tool.start(Tool.java:221)
	at sun.jvm.hotspot.tools.JStack.main(JStack.java:86)
	at sun.reflect.NativeMethodAccessorImpl.invoke0(Native Method)
	at sun.reflect.NativeMethodAccessorImpl.invoke(NativeMethodAccessorImpl.java:57)
	at sun.reflect.DelegatingMethodAccessorImpl.invoke(DelegatingMethodAccessorImpl.java:43)
	at java.lang.reflect.Method.invoke(Method.java:616)
	at sun.tools.jstack.JStack.runJStackTool(JStack.java:136)
	at sun.tools.jstack.JStack.main(JStack.java:102)
Caused by: sun.jvm.hotspot.debugger.DebuggerException: get_thread_regs failed for a lwp
	at sun.jvm.hotspot.debugger.linux.LinuxDebuggerLocal.getThreadIntegerRegisterSet0(Native Method)
	at sun.jvm.hotspot.debugger.linux.LinuxDebuggerLocal.access$800(LinuxDebuggerLocal.java:51)
	at sun.jvm.hotspot.debugger.linux.LinuxDebuggerLocal$1GetThreadIntegerRegisterSetTask.doit(LinuxDebuggerLocal.java:460)
	at sun.jvm.hotspot.debugger.linux.LinuxDebuggerLocal$LinuxDebuggerLocalWorkerThread.run(LinuxDebuggerLocal.java:127)


Thread 13241: (state = IN_NATIVE)
Error occurred during stack walking:
sun.jvm.hotspot.debugger.DebuggerException: sun.jvm.hotspot.debugger.DebuggerException: get_thread_regs failed for a lwp
	at sun.jvm.hotspot.debugger.linux.LinuxDebuggerLocal$LinuxDebuggerLocalWorkerThread.execute(LinuxDebuggerLocal.java:152)
	at sun.jvm.hotspot.debugger.linux.LinuxDebuggerLocal.getThreadIntegerRegisterSet(LinuxDebuggerLocal.java:466)
	at sun.jvm.hotspot.debugger.linux.LinuxThread.getContext(LinuxThread.java:65)
	at sun.jvm.hotspot.runtime.linux_amd64.LinuxAMD64JavaThreadPDAccess.getCurrentFrameGuess(LinuxAMD64JavaThreadPDAccess.java:92)
	at sun.jvm.hotspot.runtime.JavaThread.getCurrentFrameGuess(JavaThread.java:256)
	at sun.jvm.hotspot.runtime.JavaThread.getLastJavaVFrameDbg(JavaThread.java:218)
	at sun.jvm.hotspot.tools.StackTrace.run(StackTrace.java:76)
	at sun.jvm.hotspot.tools.StackTrace.run(StackTrace.java:45)
	at sun.jvm.hotspot.tools.JStack.run(JStack.java:60)
	at sun.jvm.hotspot.tools.Tool.start(Tool.java:221)
	at sun.jvm.hotspot.tools.JStack.main(JStack.java:86)
	at sun.reflect.NativeMethodAccessorImpl.invoke0(Native Method)
	at sun.reflect.NativeMethodAccessorImpl.invoke(NativeMethodAccessorImpl.java:57)
	at sun.reflect.DelegatingMethodAccessorImpl.invoke(DelegatingMethodAccessorImpl.java:43)
	at java.lang.reflect.Method.invoke(Method.java:616)
	at sun.tools.jstack.JStack.runJStackTool(JStack.java:136)
	at sun.tools.jstack.JStack.main(JStack.java:102)
Caused by: sun.jvm.hotspot.debugger.DebuggerException: get_thread_regs failed for a lwp
	at sun.jvm.hotspot.debugger.linux.LinuxDebuggerLocal.getThreadIntegerRegisterSet0(Native Method)
	at sun.jvm.hotspot.debugger.linux.LinuxDebuggerLocal.access$800(LinuxDebuggerLocal.java:51)
	at sun.jvm.hotspot.debugger.linux.LinuxDebuggerLocal$1GetThreadIntegerRegisterSetTask.doit(LinuxDebuggerLocal.java:460)
	at sun.jvm.hotspot.debugger.linux.LinuxDebuggerLocal$LinuxDebuggerLocalWorkerThread.run(LinuxDebuggerLocal.java:127)


Thread 12982: (state = BLOCKED)
Error occurred during stack walking:
sun.jvm.hotspot.debugger.DebuggerException: sun.jvm.hotspot.debugger.DebuggerException: get_thread_regs failed for a lwp
	at sun.jvm.hotspot.debugger.linux.LinuxDebuggerLocal$LinuxDebuggerLocalWorkerThread.execute(LinuxDebuggerLocal.java:152)
	at sun.jvm.hotspot.debugger.linux.LinuxDebuggerLocal.getThreadIntegerRegisterSet(LinuxDebuggerLocal.java:466)
	at sun.jvm.hotspot.debugger.linux.LinuxThread.getContext(LinuxThread.java:65)
	at sun.jvm.hotspot.runtime.linux_amd64.LinuxAMD64JavaThreadPDAccess.getCurrentFrameGuess(LinuxAMD64JavaThreadPDAccess.java:92)
	at sun.jvm.hotspot.runtime.JavaThread.getCurrentFrameGuess(JavaThread.java:256)
	at sun.jvm.hotspot.runtime.JavaThread.getLastJavaVFrameDbg(JavaThread.java:218)
	at sun.jvm.hotspot.tools.StackTrace.run(StackTrace.java:76)
	at sun.jvm.hotspot.tools.StackTrace.run(StackTrace.java:45)
	at sun.jvm.hotspot.tools.JStack.run(JStack.java:60)
	at sun.jvm.hotspot.tools.Tool.start(Tool.java:221)
	at sun.jvm.hotspot.tools.JStack.main(JStack.java:86)
	at sun.reflect.NativeMethodAccessorImpl.invoke0(Native Method)
	at sun.reflect.NativeMethodAccessorImpl.invoke(NativeMethodAccessorImpl.java:57)
	at sun.reflect.DelegatingMethodAccessorImpl.invoke(DelegatingMethodAccessorImpl.java:43)
	at java.lang.reflect.Method.invoke(Method.java:616)
	at sun.tools.jstack.JStack.runJStackTool(JStack.java:136)
	at sun.tools.jstack.JStack.main(JStack.java:102)
Caused by: sun.jvm.hotspot.debugger.DebuggerException: get_thread_regs failed for a lwp
	at sun.jvm.hotspot.debugger.linux.LinuxDebuggerLocal.getThreadIntegerRegisterSet0(Native Method)
	at sun.jvm.hotspot.debugger.linux.LinuxDebuggerLocal.access$800(LinuxDebuggerLocal.java:51)
	at sun.jvm.hotspot.debugger.linux.LinuxDebuggerLocal$1GetThreadIntegerRegisterSetTask.doit(LinuxDebuggerLocal.java:460)
	at sun.jvm.hotspot.debugger.linux.LinuxDebuggerLocal$LinuxDebuggerLocalWorkerThread.run(LinuxDebuggerLocal.java:127)


Thread 12981: (state = BLOCKED)
Error occurred during stack walking:
sun.jvm.hotspot.debugger.DebuggerException: sun.jvm.hotspot.debugger.DebuggerException: get_thread_regs failed for a lwp
	at sun.jvm.hotspot.debugger.linux.LinuxDebuggerLocal$LinuxDebuggerLocalWorkerThread.execute(LinuxDebuggerLocal.java:152)
	at sun.jvm.hotspot.debugger.linux.LinuxDebuggerLocal.getThreadIntegerRegisterSet(LinuxDebuggerLocal.java:466)
	at sun.jvm.hotspot.debugger.linux.LinuxThread.getContext(LinuxThread.java:65)
	at sun.jvm.hotspot.runtime.linux_amd64.LinuxAMD64JavaThreadPDAccess.getCurrentFrameGuess(LinuxAMD64JavaThreadPDAccess.java:92)
	at sun.jvm.hotspot.runtime.JavaThread.getCurrentFrameGuess(JavaThread.java:256)
	at sun.jvm.hotspot.runtime.JavaThread.getLastJavaVFrameDbg(JavaThread.java:218)
	at sun.jvm.hotspot.tools.StackTrace.run(StackTrace.java:76)
	at sun.jvm.hotspot.tools.StackTrace.run(StackTrace.java:45)
	at sun.jvm.hotspot.tools.JStack.run(JStack.java:60)
	at sun.jvm.hotspot.tools.Tool.start(Tool.java:221)
	at sun.jvm.hotspot.tools.JStack.main(JStack.java:86)
	at sun.reflect.NativeMethodAccessorImpl.invoke0(Native Method)
	at sun.reflect.NativeMethodAccessorImpl.invoke(NativeMethodAccessorImpl.java:57)
	at sun.reflect.DelegatingMethodAccessorImpl.invoke(DelegatingMethodAccessorImpl.java:43)
	at java.lang.reflect.Method.invoke(Method.java:616)
	at sun.tools.jstack.JStack.runJStackTool(JStack.java:136)
	at sun.tools.jstack.JStack.main(JStack.java:102)
Caused by: sun.jvm.hotspot.debugger.DebuggerException: get_thread_regs failed for a lwp
	at sun.jvm.hotspot.debugger.linux.LinuxDebuggerLocal.getThreadIntegerRegisterSet0(Native Method)
	at sun.jvm.hotspot.debugger.linux.LinuxDebuggerLocal.access$800(LinuxDebuggerLocal.java:51)
	at sun.jvm.hotspot.debugger.linux.LinuxDebuggerLocal$1GetThreadIntegerRegisterSetTask.doit(LinuxDebuggerLocal.java:460)
	at sun.jvm.hotspot.debugger.linux.LinuxDebuggerLocal$LinuxDebuggerLocalWorkerThread.run(LinuxDebuggerLocal.java:127)


Thread 12980: (state = BLOCKED)
Error occurred during stack walking:
sun.jvm.hotspot.debugger.DebuggerException: sun.jvm.hotspot.debugger.DebuggerException: get_thread_regs failed for a lwp
	at sun.jvm.hotspot.debugger.linux.LinuxDebuggerLocal$LinuxDebuggerLocalWorkerThread.execute(LinuxDebuggerLocal.java:152)
	at sun.jvm.hotspot.debugger.linux.LinuxDebuggerLocal.getThreadIntegerRegisterSet(LinuxDebuggerLocal.java:466)
	at sun.jvm.hotspot.debugger.linux.LinuxThread.getContext(LinuxThread.java:65)
	at sun.jvm.hotspot.runtime.linux_amd64.LinuxAMD64JavaThreadPDAccess.getCurrentFrameGuess(LinuxAMD64JavaThreadPDAccess.java:92)
	at sun.jvm.hotspot.runtime.JavaThread.getCurrentFrameGuess(JavaThread.java:256)
	at sun.jvm.hotspot.runtime.JavaThread.getLastJavaVFrameDbg(JavaThread.java:218)
	at sun.jvm.hotspot.tools.StackTrace.run(StackTrace.java:76)
	at sun.jvm.hotspot.tools.StackTrace.run(StackTrace.java:45)
	at sun.jvm.hotspot.tools.JStack.run(JStack.java:60)
	at sun.jvm.hotspot.tools.Tool.start(Tool.java:221)
	at sun.jvm.hotspot.tools.JStack.main(JStack.java:86)
	at sun.reflect.NativeMethodAccessorImpl.invoke0(Native Method)
	at sun.reflect.NativeMethodAccessorImpl.invoke(NativeMethodAccessorImpl.java:57)
	at sun.reflect.DelegatingMethodAccessorImpl.invoke(DelegatingMethodAccessorImpl.java:43)
	at java.lang.reflect.Method.invoke(Method.java:616)
	at sun.tools.jstack.JStack.runJStackTool(JStack.java:136)
	at sun.tools.jstack.JStack.main(JStack.java:102)
Caused by: sun.jvm.hotspot.debugger.DebuggerException: get_thread_regs failed for a lwp
	at sun.jvm.hotspot.debugger.linux.LinuxDebuggerLocal.getThreadIntegerRegisterSet0(Native Method)
	at sun.jvm.hotspot.debugger.linux.LinuxDebuggerLocal.access$800(LinuxDebuggerLocal.java:51)
	at sun.jvm.hotspot.debugger.linux.LinuxDebuggerLocal$1GetThreadIntegerRegisterSetTask.doit(LinuxDebuggerLocal.java:460)
	at sun.jvm.hotspot.debugger.linux.LinuxDebuggerLocal$LinuxDebuggerLocalWorkerThread.run(LinuxDebuggerLocal.java:127)


Thread 12979: (state = IN_NATIVE)
Error occurred during stack walking:
sun.jvm.hotspot.debugger.DebuggerException: sun.jvm.hotspot.debugger.DebuggerException: get_thread_regs failed for a lwp
	at sun.jvm.hotspot.debugger.linux.LinuxDebuggerLocal$LinuxDebuggerLocalWorkerThread.execute(LinuxDebuggerLocal.java:152)
	at sun.jvm.hotspot.debugger.linux.LinuxDebuggerLocal.getThreadIntegerRegisterSet(LinuxDebuggerLocal.java:466)
	at sun.jvm.hotspot.debugger.linux.LinuxThread.getContext(LinuxThread.java:65)
	at sun.jvm.hotspot.runtime.linux_amd64.LinuxAMD64JavaThreadPDAccess.getCurrentFrameGuess(LinuxAMD64JavaThreadPDAccess.java:92)
	at sun.jvm.hotspot.runtime.JavaThread.getCurrentFrameGuess(JavaThread.java:256)
	at sun.jvm.hotspot.runtime.JavaThread.getLastJavaVFrameDbg(JavaThread.java:218)
	at sun.jvm.hotspot.tools.StackTrace.run(StackTrace.java:76)
	at sun.jvm.hotspot.tools.StackTrace.run(StackTrace.java:45)
	at sun.jvm.hotspot.tools.JStack.run(JStack.java:60)
	at sun.jvm.hotspot.tools.Tool.start(Tool.java:221)
	at sun.jvm.hotspot.tools.JStack.main(JStack.java:86)
	at sun.reflect.NativeMethodAccessorImpl.invoke0(Native Method)
	at sun.reflect.NativeMethodAccessorImpl.invoke(NativeMethodAccessorImpl.java:57)
	at sun.reflect.DelegatingMethodAccessorImpl.invoke(DelegatingMethodAccessorImpl.java:43)
	at java.lang.reflect.Method.invoke(Method.java:616)
	at sun.tools.jstack.JStack.runJStackTool(JStack.java:136)
	at sun.tools.jstack.JStack.main(JStack.java:102)
Caused by: sun.jvm.hotspot.debugger.DebuggerException: get_thread_regs failed for a lwp
	at sun.jvm.hotspot.debugger.linux.LinuxDebuggerLocal.getThreadIntegerRegisterSet0(Native Method)
	at sun.jvm.hotspot.debugger.linux.LinuxDebuggerLocal.access$800(LinuxDebuggerLocal.java:51)
	at sun.jvm.hotspot.debugger.linux.LinuxDebuggerLocal$1GetThreadIntegerRegisterSetTask.doit(LinuxDebuggerLocal.java:460)
	at sun.jvm.hotspot.debugger.linux.LinuxDebuggerLocal$LinuxDebuggerLocalWorkerThread.run(LinuxDebuggerLocal.java:127)


Thread 12978: (state = IN_NATIVE)
Error occurred during stack walking:
sun.jvm.hotspot.debugger.DebuggerException: sun.jvm.hotspot.debugger.DebuggerException: get_thread_regs failed for a lwp
	at sun.jvm.hotspot.debugger.linux.LinuxDebuggerLocal$LinuxDebuggerLocalWorkerThread.execute(LinuxDebuggerLocal.java:152)
	at sun.jvm.hotspot.debugger.linux.LinuxDebuggerLocal.getThreadIntegerRegisterSet(LinuxDebuggerLocal.java:466)
	at sun.jvm.hotspot.debugger.linux.LinuxThread.getContext(LinuxThread.java:65)
	at sun.jvm.hotspot.runtime.linux_amd64.LinuxAMD64JavaThreadPDAccess.getCurrentFrameGuess(LinuxAMD64JavaThreadPDAccess.java:92)
	at sun.jvm.hotspot.runtime.JavaThread.getCurrentFrameGuess(JavaThread.java:256)
	at sun.jvm.hotspot.runtime.JavaThread.getLastJavaVFrameDbg(JavaThread.java:218)
	at sun.jvm.hotspot.tools.StackTrace.run(StackTrace.java:76)
	at sun.jvm.hotspot.tools.StackTrace.run(StackTrace.java:45)
	at sun.jvm.hotspot.tools.JStack.run(JStack.java:60)
	at sun.jvm.hotspot.tools.Tool.start(Tool.java:221)
	at sun.jvm.hotspot.tools.JStack.main(JStack.java:86)
	at sun.reflect.NativeMethodAccessorImpl.invoke0(Native Method)
	at sun.reflect.NativeMethodAccessorImpl.invoke(NativeMethodAccessorImpl.java:57)
	at sun.reflect.DelegatingMethodAccessorImpl.invoke(DelegatingMethodAccessorImpl.java:43)
	at java.lang.reflect.Method.invoke(Method.java:616)
	at sun.tools.jstack.JStack.runJStackTool(JStack.java:136)
	at sun.tools.jstack.JStack.main(JStack.java:102)
Caused by: sun.jvm.hotspot.debugger.DebuggerException: get_thread_regs failed for a lwp
	at sun.jvm.hotspot.debugger.linux.LinuxDebuggerLocal.getThreadIntegerRegisterSet0(Native Method)
	at sun.jvm.hotspot.debugger.linux.LinuxDebuggerLocal.access$800(LinuxDebuggerLocal.java:51)
	at sun.jvm.hotspot.debugger.linux.LinuxDebuggerLocal$1GetThreadIntegerRegisterSetTask.doit(LinuxDebuggerLocal.java:460)
	at sun.jvm.hotspot.debugger.linux.LinuxDebuggerLocal$LinuxDebuggerLocalWorkerThread.run(LinuxDebuggerLocal.java:127)


Thread 12976: (state = BLOCKED)
Error occurred during stack walking:
sun.jvm.hotspot.debugger.DebuggerException: sun.jvm.hotspot.debugger.DebuggerException: get_thread_regs failed for a lwp
	at sun.jvm.hotspot.debugger.linux.LinuxDebuggerLocal$LinuxDebuggerLocalWorkerThread.execute(LinuxDebuggerLocal.java:152)
	at sun.jvm.hotspot.debugger.linux.LinuxDebuggerLocal.getThreadIntegerRegisterSet(LinuxDebuggerLocal.java:466)
	at sun.jvm.hotspot.debugger.linux.LinuxThread.getContext(LinuxThread.java:65)
	at sun.jvm.hotspot.runtime.linux_amd64.LinuxAMD64JavaThreadPDAccess.getCurrentFrameGuess(LinuxAMD64JavaThreadPDAccess.java:92)
	at sun.jvm.hotspot.runtime.JavaThread.getCurrentFrameGuess(JavaThread.java:256)
	at sun.jvm.hotspot.runtime.JavaThread.getLastJavaVFrameDbg(JavaThread.java:218)
	at sun.jvm.hotspot.tools.StackTrace.run(StackTrace.java:76)
	at sun.jvm.hotspot.tools.StackTrace.run(StackTrace.java:45)
	at sun.jvm.hotspot.tools.JStack.run(JStack.java:60)
	at sun.jvm.hotspot.tools.Tool.start(Tool.java:221)
	at sun.jvm.hotspot.tools.JStack.main(JStack.java:86)
	at sun.reflect.NativeMethodAccessorImpl.invoke0(Native Method)
	at sun.reflect.NativeMethodAccessorImpl.invoke(NativeMethodAccessorImpl.java:57)
	at sun.reflect.DelegatingMethodAccessorImpl.invoke(DelegatingMethodAccessorImpl.java:43)
	at java.lang.reflect.Method.invoke(Method.java:616)
	at sun.tools.jstack.JStack.runJStackTool(JStack.java:136)
	at sun.tools.jstack.JStack.main(JStack.java:102)
Caused by: sun.jvm.hotspot.debugger.DebuggerException: get_thread_regs failed for a lwp
	at sun.jvm.hotspot.debugger.linux.LinuxDebuggerLocal.getThreadIntegerRegisterSet0(Native Method)
	at sun.jvm.hotspot.debugger.linux.LinuxDebuggerLocal.access$800(LinuxDebuggerLocal.java:51)
	at sun.jvm.hotspot.debugger.linux.LinuxDebuggerLocal$1GetThreadIntegerRegisterSetTask.doit(LinuxDebuggerLocal.java:460)
	at sun.jvm.hotspot.debugger.linux.LinuxDebuggerLocal$LinuxDebuggerLocalWorkerThread.run(LinuxDebuggerLocal.java:127)


Thread 12975: (state = BLOCKED)
Error occurred during stack walking:
sun.jvm.hotspot.debugger.DebuggerException: sun.jvm.hotspot.debugger.DebuggerException: get_thread_regs failed for a lwp
	at sun.jvm.hotspot.debugger.linux.LinuxDebuggerLocal$LinuxDebuggerLocalWorkerThread.execute(LinuxDebuggerLocal.java:152)
	at sun.jvm.hotspot.debugger.linux.LinuxDebuggerLocal.getThreadIntegerRegisterSet(LinuxDebuggerLocal.java:466)
	at sun.jvm.hotspot.debugger.linux.LinuxThread.getContext(LinuxThread.java:65)
	at sun.jvm.hotspot.runtime.linux_amd64.LinuxAMD64JavaThreadPDAccess.getCurrentFrameGuess(LinuxAMD64JavaThreadPDAccess.java:92)
	at sun.jvm.hotspot.runtime.JavaThread.getCurrentFrameGuess(JavaThread.java:256)
	at sun.jvm.hotspot.runtime.JavaThread.getLastJavaVFrameDbg(JavaThread.java:218)
	at sun.jvm.hotspot.tools.StackTrace.run(StackTrace.java:76)
	at sun.jvm.hotspot.tools.StackTrace.run(StackTrace.java:45)
	at sun.jvm.hotspot.tools.JStack.run(JStack.java:60)
	at sun.jvm.hotspot.tools.Tool.start(Tool.java:221)
	at sun.jvm.hotspot.tools.JStack.main(JStack.java:86)
	at sun.reflect.NativeMethodAccessorImpl.invoke0(Native Method)
	at sun.reflect.NativeMethodAccessorImpl.invoke(NativeMethodAccessorImpl.java:57)
	at sun.reflect.DelegatingMethodAccessorImpl.invoke(DelegatingMethodAccessorImpl.java:43)
	at java.lang.reflect.Method.invoke(Method.java:616)
	at sun.tools.jstack.JStack.runJStackTool(JStack.java:136)
	at sun.tools.jstack.JStack.main(JStack.java:102)
Caused by: sun.jvm.hotspot.debugger.DebuggerException: get_thread_regs failed for a lwp
	at sun.jvm.hotspot.debugger.linux.LinuxDebuggerLocal.getThreadIntegerRegisterSet0(Native Method)
	at sun.jvm.hotspot.debugger.linux.LinuxDebuggerLocal.access$800(LinuxDebuggerLocal.java:51)
	at sun.jvm.hotspot.debugger.linux.LinuxDebuggerLocal$1GetThreadIntegerRegisterSetTask.doit(LinuxDebuggerLocal.java:460)
	at sun.jvm.hotspot.debugger.linux.LinuxDebuggerLocal$LinuxDebuggerLocalWorkerThread.run(LinuxDebuggerLocal.java:127)


Thread 12974: (state = BLOCKED)
Error occurred during stack walking:
sun.jvm.hotspot.debugger.DebuggerException: sun.jvm.hotspot.debugger.DebuggerException: get_thread_regs failed for a lwp
	at sun.jvm.hotspot.debugger.linux.LinuxDebuggerLocal$LinuxDebuggerLocalWorkerThread.execute(LinuxDebuggerLocal.java:152)
	at sun.jvm.hotspot.debugger.linux.LinuxDebuggerLocal.getThreadIntegerRegisterSet(LinuxDebuggerLocal.java:466)
	at sun.jvm.hotspot.debugger.linux.LinuxThread.getContext(LinuxThread.java:65)
	at sun.jvm.hotspot.runtime.linux_amd64.LinuxAMD64JavaThreadPDAccess.getCurrentFrameGuess(LinuxAMD64JavaThreadPDAccess.java:92)
	at sun.jvm.hotspot.runtime.JavaThread.getCurrentFrameGuess(JavaThread.java:256)
	at sun.jvm.hotspot.runtime.JavaThread.getLastJavaVFrameDbg(JavaThread.java:218)
	at sun.jvm.hotspot.tools.StackTrace.run(StackTrace.java:76)
	at sun.jvm.hotspot.tools.StackTrace.run(StackTrace.java:45)
	at sun.jvm.hotspot.tools.JStack.run(JStack.java:60)
	at sun.jvm.hotspot.tools.Tool.start(Tool.java:221)
	at sun.jvm.hotspot.tools.JStack.main(JStack.java:86)
	at sun.reflect.NativeMethodAccessorImpl.invoke0(Native Method)
	at sun.reflect.NativeMethodAccessorImpl.invoke(NativeMethodAccessorImpl.java:57)
	at sun.reflect.DelegatingMethodAccessorImpl.invoke(DelegatingMethodAccessorImpl.java:43)
	at java.lang.reflect.Method.invoke(Method.java:616)
	at sun.tools.jstack.JStack.runJStackTool(JStack.java:136)
	at sun.tools.jstack.JStack.main(JStack.java:102)
Caused by: sun.jvm.hotspot.debugger.DebuggerException: get_thread_regs failed for a lwp
	at sun.jvm.hotspot.debugger.linux.LinuxDebuggerLocal.getThreadIntegerRegisterSet0(Native Method)
	at sun.jvm.hotspot.debugger.linux.LinuxDebuggerLocal.access$800(LinuxDebuggerLocal.java:51)
	at sun.jvm.hotspot.debugger.linux.LinuxDebuggerLocal$1GetThreadIntegerRegisterSetTask.doit(LinuxDebuggerLocal.java:460)
	at sun.jvm.hotspot.debugger.linux.LinuxDebuggerLocal$LinuxDebuggerLocalWorkerThread.run(LinuxDebuggerLocal.java:127)


Thread 12973: (state = BLOCKED)
Error occurred during stack walking:
sun.jvm.hotspot.debugger.DebuggerException: sun.jvm.hotspot.debugger.DebuggerException: get_thread_regs failed for a lwp
	at sun.jvm.hotspot.debugger.linux.LinuxDebuggerLocal$LinuxDebuggerLocalWorkerThread.execute(LinuxDebuggerLocal.java:152)
	at sun.jvm.hotspot.debugger.linux.LinuxDebuggerLocal.getThreadIntegerRegisterSet(LinuxDebuggerLocal.java:466)
	at sun.jvm.hotspot.debugger.linux.LinuxThread.getContext(LinuxThread.java:65)
	at sun.jvm.hotspot.runtime.linux_amd64.LinuxAMD64JavaThreadPDAccess.getCurrentFrameGuess(LinuxAMD64JavaThreadPDAccess.java:92)
	at sun.jvm.hotspot.runtime.JavaThread.getCurrentFrameGuess(JavaThread.java:256)
	at sun.jvm.hotspot.runtime.JavaThread.getLastJavaVFrameDbg(JavaThread.java:218)
	at sun.jvm.hotspot.tools.StackTrace.run(StackTrace.java:76)
	at sun.jvm.hotspot.tools.StackTrace.run(StackTrace.java:45)
	at sun.jvm.hotspot.tools.JStack.run(JStack.java:60)
	at sun.jvm.hotspot.tools.Tool.start(Tool.java:221)
	at sun.jvm.hotspot.tools.JStack.main(JStack.java:86)
	at sun.reflect.NativeMethodAccessorImpl.invoke0(Native Method)
	at sun.reflect.NativeMethodAccessorImpl.invoke(NativeMethodAccessorImpl.java:57)
	at sun.reflect.DelegatingMethodAccessorImpl.invoke(DelegatingMethodAccessorImpl.java:43)
	at java.lang.reflect.Method.invoke(Method.java:616)
	at sun.tools.jstack.JStack.runJStackTool(JStack.java:136)
	at sun.tools.jstack.JStack.main(JStack.java:102)
Caused by: sun.jvm.hotspot.debugger.DebuggerException: get_thread_regs failed for a lwp
	at sun.jvm.hotspot.debugger.linux.LinuxDebuggerLocal.getThreadIntegerRegisterSet0(Native Method)
	at sun.jvm.hotspot.debugger.linux.LinuxDebuggerLocal.access$800(LinuxDebuggerLocal.java:51)
	at sun.jvm.hotspot.debugger.linux.LinuxDebuggerLocal$1GetThreadIntegerRegisterSetTask.doit(LinuxDebuggerLocal.java:460)
	at sun.jvm.hotspot.debugger.linux.LinuxDebuggerLocal$LinuxDebuggerLocalWorkerThread.run(LinuxDebuggerLocal.java:127)


Thread 12972: (state = BLOCKED)
Error occurred during stack walking:
sun.jvm.hotspot.debugger.DebuggerException: sun.jvm.hotspot.debugger.DebuggerException: get_thread_regs failed for a lwp
	at sun.jvm.hotspot.debugger.linux.LinuxDebuggerLocal$LinuxDebuggerLocalWorkerThread.execute(LinuxDebuggerLocal.java:152)
	at sun.jvm.hotspot.debugger.linux.LinuxDebuggerLocal.getThreadIntegerRegisterSet(LinuxDebuggerLocal.java:466)
	at sun.jvm.hotspot.debugger.linux.LinuxThread.getContext(LinuxThread.java:65)
	at sun.jvm.hotspot.runtime.linux_amd64.LinuxAMD64JavaThreadPDAccess.getCurrentFrameGuess(LinuxAMD64JavaThreadPDAccess.java:92)
	at sun.jvm.hotspot.runtime.JavaThread.getCurrentFrameGuess(JavaThread.java:256)
	at sun.jvm.hotspot.runtime.JavaThread.getLastJavaVFrameDbg(JavaThread.java:218)
	at sun.jvm.hotspot.tools.StackTrace.run(StackTrace.java:76)
	at sun.jvm.hotspot.tools.StackTrace.run(StackTrace.java:45)
	at sun.jvm.hotspot.tools.JStack.run(JStack.java:60)
	at sun.jvm.hotspot.tools.Tool.start(Tool.java:221)
	at sun.jvm.hotspot.tools.JStack.main(JStack.java:86)
	at sun.reflect.NativeMethodAccessorImpl.invoke0(Native Method)
	at sun.reflect.NativeMethodAccessorImpl.invoke(NativeMethodAccessorImpl.java:57)
	at sun.reflect.DelegatingMethodAccessorImpl.invoke(DelegatingMethodAccessorImpl.java:43)
	at java.lang.reflect.Method.invoke(Method.java:616)
	at sun.tools.jstack.JStack.runJStackTool(JStack.java:136)
	at sun.tools.jstack.JStack.main(JStack.java:102)
Caused by: sun.jvm.hotspot.debugger.DebuggerException: get_thread_regs failed for a lwp
	at sun.jvm.hotspot.debugger.linux.LinuxDebuggerLocal.getThreadIntegerRegisterSet0(Native Method)
	at sun.jvm.hotspot.debugger.linux.LinuxDebuggerLocal.access$800(LinuxDebuggerLocal.java:51)
	at sun.jvm.hotspot.debugger.linux.LinuxDebuggerLocal$1GetThreadIntegerRegisterSetTask.doit(LinuxDebuggerLocal.java:460)
	at sun.jvm.hotspot.debugger.linux.LinuxDebuggerLocal$LinuxDebuggerLocalWorkerThread.run(LinuxDebuggerLocal.java:127)


Thread 12971: (state = BLOCKED)
Error occurred during stack walking:
sun.jvm.hotspot.debugger.DebuggerException: sun.jvm.hotspot.debugger.DebuggerException: get_thread_regs failed for a lwp
	at sun.jvm.hotspot.debugger.linux.LinuxDebuggerLocal$LinuxDebuggerLocalWorkerThread.execute(LinuxDebuggerLocal.java:152)
	at sun.jvm.hotspot.debugger.linux.LinuxDebuggerLocal.getThreadIntegerRegisterSet(LinuxDebuggerLocal.java:466)
	at sun.jvm.hotspot.debugger.linux.LinuxThread.getContext(LinuxThread.java:65)
	at sun.jvm.hotspot.runtime.linux_amd64.LinuxAMD64JavaThreadPDAccess.getCurrentFrameGuess(LinuxAMD64JavaThreadPDAccess.java:92)
	at sun.jvm.hotspot.runtime.JavaThread.getCurrentFrameGuess(JavaThread.java:256)
	at sun.jvm.hotspot.runtime.JavaThread.getLastJavaVFrameDbg(JavaThread.java:218)
	at sun.jvm.hotspot.tools.StackTrace.run(StackTrace.java:76)
	at sun.jvm.hotspot.tools.StackTrace.run(StackTrace.java:45)
	at sun.jvm.hotspot.tools.JStack.run(JStack.java:60)
	at sun.jvm.hotspot.tools.Tool.start(Tool.java:221)
	at sun.jvm.hotspot.tools.JStack.main(JStack.java:86)
	at sun.reflect.NativeMethodAccessorImpl.invoke0(Native Method)
	at sun.reflect.NativeMethodAccessorImpl.invoke(NativeMethodAccessorImpl.java:57)
	at sun.reflect.DelegatingMethodAccessorImpl.invoke(DelegatingMethodAccessorImpl.java:43)
	at java.lang.reflect.Method.invoke(Method.java:616)
	at sun.tools.jstack.JStack.runJStackTool(JStack.java:136)
	at sun.tools.jstack.JStack.main(JStack.java:102)
Caused by: sun.jvm.hotspot.debugger.DebuggerException: get_thread_regs failed for a lwp
	at sun.jvm.hotspot.debugger.linux.LinuxDebuggerLocal.getThreadIntegerRegisterSet0(Native Method)
	at sun.jvm.hotspot.debugger.linux.LinuxDebuggerLocal.access$800(LinuxDebuggerLocal.java:51)
	at sun.jvm.hotspot.debugger.linux.LinuxDebuggerLocal$1GetThreadIntegerRegisterSetTask.doit(LinuxDebuggerLocal.java:460)
	at sun.jvm.hotspot.debugger.linux.LinuxDebuggerLocal$LinuxDebuggerLocalWorkerThread.run(LinuxDebuggerLocal.java:127)


Thread 12970: (state = BLOCKED)
Error occurred during stack walking:
sun.jvm.hotspot.debugger.DebuggerException: sun.jvm.hotspot.debugger.DebuggerException: get_thread_regs failed for a lwp
	at sun.jvm.hotspot.debugger.linux.LinuxDebuggerLocal$LinuxDebuggerLocalWorkerThread.execute(LinuxDebuggerLocal.java:152)
	at sun.jvm.hotspot.debugger.linux.LinuxDebuggerLocal.getThreadIntegerRegisterSet(LinuxDebuggerLocal.java:466)
	at sun.jvm.hotspot.debugger.linux.LinuxThread.getContext(LinuxThread.java:65)
	at sun.jvm.hotspot.runtime.linux_amd64.LinuxAMD64JavaThreadPDAccess.getCurrentFrameGuess(LinuxAMD64JavaThreadPDAccess.java:92)
	at sun.jvm.hotspot.runtime.JavaThread.getCurrentFrameGuess(JavaThread.java:256)
	at sun.jvm.hotspot.runtime.JavaThread.getLastJavaVFrameDbg(JavaThread.java:218)
	at sun.jvm.hotspot.tools.StackTrace.run(StackTrace.java:76)
	at sun.jvm.hotspot.tools.StackTrace.run(StackTrace.java:45)
	at sun.jvm.hotspot.tools.JStack.run(JStack.java:60)
	at sun.jvm.hotspot.tools.Tool.start(Tool.java:221)
	at sun.jvm.hotspot.tools.JStack.main(JStack.java:86)
	at sun.reflect.NativeMethodAccessorImpl.invoke0(Native Method)
	at sun.reflect.NativeMethodAccessorImpl.invoke(NativeMethodAccessorImpl.java:57)
	at sun.reflect.DelegatingMethodAccessorImpl.invoke(DelegatingMethodAccessorImpl.java:43)
	at java.lang.reflect.Method.invoke(Method.java:616)
	at sun.tools.jstack.JStack.runJStackTool(JStack.java:136)
	at sun.tools.jstack.JStack.main(JStack.java:102)
Caused by: sun.jvm.hotspot.debugger.DebuggerException: get_thread_regs failed for a lwp
	at sun.jvm.hotspot.debugger.linux.LinuxDebuggerLocal.getThreadIntegerRegisterSet0(Native Method)
	at sun.jvm.hotspot.debugger.linux.LinuxDebuggerLocal.access$800(LinuxDebuggerLocal.java:51)
	at sun.jvm.hotspot.debugger.linux.LinuxDebuggerLocal$1GetThreadIntegerRegisterSetTask.doit(LinuxDebuggerLocal.java:460)
	at sun.jvm.hotspot.debugger.linux.LinuxDebuggerLocal$LinuxDebuggerLocalWorkerThread.run(LinuxDebuggerLocal.java:127)


Thread 12969: (state = BLOCKED)
Error occurred during stack walking:
sun.jvm.hotspot.debugger.DebuggerException: sun.jvm.hotspot.debugger.DebuggerException: get_thread_regs failed for a lwp
	at sun.jvm.hotspot.debugger.linux.LinuxDebuggerLocal$LinuxDebuggerLocalWorkerThread.execute(LinuxDebuggerLocal.java:152)
	at sun.jvm.hotspot.debugger.linux.LinuxDebuggerLocal.getThreadIntegerRegisterSet(LinuxDebuggerLocal.java:466)
	at sun.jvm.hotspot.debugger.linux.LinuxThread.getContext(LinuxThread.java:65)
	at sun.jvm.hotspot.runtime.linux_amd64.LinuxAMD64JavaThreadPDAccess.getCurrentFrameGuess(LinuxAMD64JavaThreadPDAccess.java:92)
	at sun.jvm.hotspot.runtime.JavaThread.getCurrentFrameGuess(JavaThread.java:256)
	at sun.jvm.hotspot.runtime.JavaThread.getLastJavaVFrameDbg(JavaThread.java:218)
	at sun.jvm.hotspot.tools.StackTrace.run(StackTrace.java:76)
	at sun.jvm.hotspot.tools.StackTrace.run(StackTrace.java:45)
	at sun.jvm.hotspot.tools.JStack.run(JStack.java:60)
	at sun.jvm.hotspot.tools.Tool.start(Tool.java:221)
	at sun.jvm.hotspot.tools.JStack.main(JStack.java:86)
	at sun.reflect.NativeMethodAccessorImpl.invoke0(Native Method)
	at sun.reflect.NativeMethodAccessorImpl.invoke(NativeMethodAccessorImpl.java:57)
	at sun.reflect.DelegatingMethodAccessorImpl.invoke(DelegatingMethodAccessorImpl.java:43)
	at java.lang.reflect.Method.invoke(Method.java:616)
	at sun.tools.jstack.JStack.runJStackTool(JStack.java:136)
	at sun.tools.jstack.JStack.main(JStack.java:102)
Caused by: sun.jvm.hotspot.debugger.DebuggerException: get_thread_regs failed for a lwp
	at sun.jvm.hotspot.debugger.linux.LinuxDebuggerLocal.getThreadIntegerRegisterSet0(Native Method)
	at sun.jvm.hotspot.debugger.linux.LinuxDebuggerLocal.access$800(LinuxDebuggerLocal.java:51)
	at sun.jvm.hotspot.debugger.linux.LinuxDebuggerLocal$1GetThreadIntegerRegisterSetTask.doit(LinuxDebuggerLocal.java:460)
	at sun.jvm.hotspot.debugger.linux.LinuxDebuggerLocal$LinuxDebuggerLocalWorkerThread.run(LinuxDebuggerLocal.java:127)


Thread 12968: (state = BLOCKED)
Error occurred during stack walking:
sun.jvm.hotspot.debugger.DebuggerException: sun.jvm.hotspot.debugger.DebuggerException: get_thread_regs failed for a lwp
	at sun.jvm.hotspot.debugger.linux.LinuxDebuggerLocal$LinuxDebuggerLocalWorkerThread.execute(LinuxDebuggerLocal.java:152)
	at sun.jvm.hotspot.debugger.linux.LinuxDebuggerLocal.getThreadIntegerRegisterSet(LinuxDebuggerLocal.java:466)
	at sun.jvm.hotspot.debugger.linux.LinuxThread.getContext(LinuxThread.java:65)
	at sun.jvm.hotspot.runtime.linux_amd64.LinuxAMD64JavaThreadPDAccess.getCurrentFrameGuess(LinuxAMD64JavaThreadPDAccess.java:92)
	at sun.jvm.hotspot.runtime.JavaThread.getCurrentFrameGuess(JavaThread.java:256)
	at sun.jvm.hotspot.runtime.JavaThread.getLastJavaVFrameDbg(JavaThread.java:218)
	at sun.jvm.hotspot.tools.StackTrace.run(StackTrace.java:76)
	at sun.jvm.hotspot.tools.StackTrace.run(StackTrace.java:45)
	at sun.jvm.hotspot.tools.JStack.run(JStack.java:60)
	at sun.jvm.hotspot.tools.Tool.start(Tool.java:221)
	at sun.jvm.hotspot.tools.JStack.main(JStack.java:86)
	at sun.reflect.NativeMethodAccessorImpl.invoke0(Native Method)
	at sun.reflect.NativeMethodAccessorImpl.invoke(NativeMethodAccessorImpl.java:57)
	at sun.reflect.DelegatingMethodAccessorImpl.invoke(DelegatingMethodAccessorImpl.java:43)
	at java.lang.reflect.Method.invoke(Method.java:616)
	at sun.tools.jstack.JStack.runJStackTool(JStack.java:136)
	at sun.tools.jstack.JStack.main(JStack.java:102)
Caused by: sun.jvm.hotspot.debugger.DebuggerException: get_thread_regs failed for a lwp
	at sun.jvm.hotspot.debugger.linux.LinuxDebuggerLocal.getThreadIntegerRegisterSet0(Native Method)
	at sun.jvm.hotspot.debugger.linux.LinuxDebuggerLocal.access$800(LinuxDebuggerLocal.java:51)
	at sun.jvm.hotspot.debugger.linux.LinuxDebuggerLocal$1GetThreadIntegerRegisterSetTask.doit(LinuxDebuggerLocal.java:460)
	at sun.jvm.hotspot.debugger.linux.LinuxDebuggerLocal$LinuxDebuggerLocalWorkerThread.run(LinuxDebuggerLocal.java:127)


Thread 12965: (state = BLOCKED)
Error occurred during stack walking:
sun.jvm.hotspot.debugger.DebuggerException: sun.jvm.hotspot.debugger.DebuggerException: get_thread_regs failed for a lwp
	at sun.jvm.hotspot.debugger.linux.LinuxDebuggerLocal$LinuxDebuggerLocalWorkerThread.execute(LinuxDebuggerLocal.java:152)
	at sun.jvm.hotspot.debugger.linux.LinuxDebuggerLocal.getThreadIntegerRegisterSet(LinuxDebuggerLocal.java:466)
	at sun.jvm.hotspot.debugger.linux.LinuxThread.getContext(LinuxThread.java:65)
	at sun.jvm.hotspot.runtime.linux_amd64.LinuxAMD64JavaThreadPDAccess.getCurrentFrameGuess(LinuxAMD64JavaThreadPDAccess.java:92)
	at sun.jvm.hotspot.runtime.JavaThread.getCurrentFrameGuess(JavaThread.java:256)
	at sun.jvm.hotspot.runtime.JavaThread.getLastJavaVFrameDbg(JavaThread.java:218)
	at sun.jvm.hotspot.tools.StackTrace.run(StackTrace.java:76)
	at sun.jvm.hotspot.tools.StackTrace.run(StackTrace.java:45)
	at sun.jvm.hotspot.tools.JStack.run(JStack.java:60)
	at sun.jvm.hotspot.tools.Tool.start(Tool.java:221)
	at sun.jvm.hotspot.tools.JStack.main(JStack.java:86)
	at sun.reflect.NativeMethodAccessorImpl.invoke0(Native Method)
	at sun.reflect.NativeMethodAccessorImpl.invoke(NativeMethodAccessorImpl.java:57)
	at sun.reflect.DelegatingMethodAccessorImpl.invoke(DelegatingMethodAccessorImpl.java:43)
	at java.lang.reflect.Method.invoke(Method.java:616)
	at sun.tools.jstack.JStack.runJStackTool(JStack.java:136)
	at sun.tools.jstack.JStack.main(JStack.java:102)
Caused by: sun.jvm.hotspot.debugger.DebuggerException: get_thread_regs failed for a lwp
	at sun.jvm.hotspot.debugger.linux.LinuxDebuggerLocal.getThreadIntegerRegisterSet0(Native Method)
	at sun.jvm.hotspot.debugger.linux.LinuxDebuggerLocal.access$800(LinuxDebuggerLocal.java:51)
	at sun.jvm.hotspot.debugger.linux.LinuxDebuggerLocal$1GetThreadIntegerRegisterSetTask.doit(LinuxDebuggerLocal.java:460)
	at sun.jvm.hotspot.debugger.linux.LinuxDebuggerLocal$LinuxDebuggerLocalWorkerThread.run(LinuxDebuggerLocal.java:127)


Thread 12950: (state = BLOCKED)
Error occurred during stack walking:
sun.jvm.hotspot.debugger.DebuggerException: sun.jvm.hotspot.debugger.DebuggerException: get_thread_regs failed for a lwp
	at sun.jvm.hotspot.debugger.linux.LinuxDebuggerLocal$LinuxDebuggerLocalWorkerThread.execute(LinuxDebuggerLocal.java:152)
	at sun.jvm.hotspot.debugger.linux.LinuxDebuggerLocal.getThreadIntegerRegisterSet(LinuxDebuggerLocal.java:466)
	at sun.jvm.hotspot.debugger.linux.LinuxThread.getContext(LinuxThread.java:65)
	at sun.jvm.hotspot.runtime.linux_amd64.LinuxAMD64JavaThreadPDAccess.getCurrentFrameGuess(LinuxAMD64JavaThreadPDAccess.java:92)
	at sun.jvm.hotspot.runtime.JavaThread.getCurrentFrameGuess(JavaThread.java:256)
	at sun.jvm.hotspot.runtime.JavaThread.getLastJavaVFrameDbg(JavaThread.java:218)
	at sun.jvm.hotspot.tools.StackTrace.run(StackTrace.java:76)
	at sun.jvm.hotspot.tools.StackTrace.run(StackTrace.java:45)
	at sun.jvm.hotspot.tools.JStack.run(JStack.java:60)
	at sun.jvm.hotspot.tools.Tool.start(Tool.java:221)
	at sun.jvm.hotspot.tools.JStack.main(JStack.java:86)
	at sun.reflect.NativeMethodAccessorImpl.invoke0(Native Method)
	at sun.reflect.NativeMethodAccessorImpl.invoke(NativeMethodAccessorImpl.java:57)
	at sun.reflect.DelegatingMethodAccessorImpl.invoke(DelegatingMethodAccessorImpl.java:43)
	at java.lang.reflect.Method.invoke(Method.java:616)
	at sun.tools.jstack.JStack.runJStackTool(JStack.java:136)
	at sun.tools.jstack.JStack.main(JStack.java:102)
Caused by: sun.jvm.hotspot.debugger.DebuggerException: get_thread_regs failed for a lwp
	at sun.jvm.hotspot.debugger.linux.LinuxDebuggerLocal.getThreadIntegerRegisterSet0(Native Method)
	at sun.jvm.hotspot.debugger.linux.LinuxDebuggerLocal.access$800(LinuxDebuggerLocal.java:51)
	at sun.jvm.hotspot.debugger.linux.LinuxDebuggerLocal$1GetThreadIntegerRegisterSetTask.doit(LinuxDebuggerLocal.java:460)
	at sun.jvm.hotspot.debugger.linux.LinuxDebuggerLocal$LinuxDebuggerLocalWorkerThread.run(LinuxDebuggerLocal.java:127)


Thread 12964: (state = BLOCKED)
Error occurred during stack walking:
sun.jvm.hotspot.debugger.DebuggerException: sun.jvm.hotspot.debugger.DebuggerException: get_thread_regs failed for a lwp
	at sun.jvm.hotspot.debugger.linux.LinuxDebuggerLocal$LinuxDebuggerLocalWorkerThread.execute(LinuxDebuggerLocal.java:152)
	at sun.jvm.hotspot.debugger.linux.LinuxDebuggerLocal.getThreadIntegerRegisterSet(LinuxDebuggerLocal.java:466)
	at sun.jvm.hotspot.debugger.linux.LinuxThread.getContext(LinuxThread.java:65)
	at sun.jvm.hotspot.runtime.linux_amd64.LinuxAMD64JavaThreadPDAccess.getCurrentFrameGuess(LinuxAMD64JavaThreadPDAccess.java:92)
	at sun.jvm.hotspot.runtime.JavaThread.getCurrentFrameGuess(JavaThread.java:256)
	at sun.jvm.hotspot.runtime.JavaThread.getLastJavaVFrameDbg(JavaThread.java:218)
	at sun.jvm.hotspot.tools.StackTrace.run(StackTrace.java:76)
	at sun.jvm.hotspot.tools.StackTrace.run(StackTrace.java:45)
	at sun.jvm.hotspot.tools.JStack.run(JStack.java:60)
	at sun.jvm.hotspot.tools.Tool.start(Tool.java:221)
	at sun.jvm.hotspot.tools.JStack.main(JStack.java:86)
	at sun.reflect.NativeMethodAccessorImpl.invoke0(Native Method)
	at sun.reflect.NativeMethodAccessorImpl.invoke(NativeMethodAccessorImpl.java:57)
	at sun.reflect.DelegatingMethodAccessorImpl.invoke(DelegatingMethodAccessorImpl.java:43)
	at java.lang.reflect.Method.invoke(Method.java:616)
	at sun.tools.jstack.JStack.runJStackTool(JStack.java:136)
	at sun.tools.jstack.JStack.main(JStack.java:102)
Caused by: sun.jvm.hotspot.debugger.DebuggerException: get_thread_regs failed for a lwp
	at sun.jvm.hotspot.debugger.linux.LinuxDebuggerLocal.getThreadIntegerRegisterSet0(Native Method)
	at sun.jvm.hotspot.debugger.linux.LinuxDebuggerLocal.access$800(LinuxDebuggerLocal.java:51)
	at sun.jvm.hotspot.debugger.linux.LinuxDebuggerLocal$1GetThreadIntegerRegisterSetTask.doit(LinuxDebuggerLocal.java:460)
	at sun.jvm.hotspot.debugger.linux.LinuxDebuggerLocal$LinuxDebuggerLocalWorkerThread.run(LinuxDebuggerLocal.java:127)


Thread 12963: (state = IN_NATIVE)
Error occurred during stack walking:
sun.jvm.hotspot.debugger.DebuggerException: sun.jvm.hotspot.debugger.DebuggerException: get_thread_regs failed for a lwp
	at sun.jvm.hotspot.debugger.linux.LinuxDebuggerLocal$LinuxDebuggerLocalWorkerThread.execute(LinuxDebuggerLocal.java:152)
	at sun.jvm.hotspot.debugger.linux.LinuxDebuggerLocal.getThreadIntegerRegisterSet(LinuxDebuggerLocal.java:466)
	at sun.jvm.hotspot.debugger.linux.LinuxThread.getContext(LinuxThread.java:65)
	at sun.jvm.hotspot.runtime.linux_amd64.LinuxAMD64JavaThreadPDAccess.getCurrentFrameGuess(LinuxAMD64JavaThreadPDAccess.java:92)
	at sun.jvm.hotspot.runtime.JavaThread.getCurrentFrameGuess(JavaThread.java:256)
	at sun.jvm.hotspot.runtime.JavaThread.getLastJavaVFrameDbg(JavaThread.java:218)
	at sun.jvm.hotspot.tools.StackTrace.run(StackTrace.java:76)
	at sun.jvm.hotspot.tools.StackTrace.run(StackTrace.java:45)
	at sun.jvm.hotspot.tools.JStack.run(JStack.java:60)
	at sun.jvm.hotspot.tools.Tool.start(Tool.java:221)
	at sun.jvm.hotspot.tools.JStack.main(JStack.java:86)
	at sun.reflect.NativeMethodAccessorImpl.invoke0(Native Method)
	at sun.reflect.NativeMethodAccessorImpl.invoke(NativeMethodAccessorImpl.java:57)
	at sun.reflect.DelegatingMethodAccessorImpl.invoke(DelegatingMethodAccessorImpl.java:43)
	at java.lang.reflect.Method.invoke(Method.java:616)
	at sun.tools.jstack.JStack.runJStackTool(JStack.java:136)
	at sun.tools.jstack.JStack.main(JStack.java:102)
Caused by: sun.jvm.hotspot.debugger.DebuggerException: get_thread_regs failed for a lwp
	at sun.jvm.hotspot.debugger.linux.LinuxDebuggerLocal.getThreadIntegerRegisterSet0(Native Method)
	at sun.jvm.hotspot.debugger.linux.LinuxDebuggerLocal.access$800(LinuxDebuggerLocal.java:51)
	at sun.jvm.hotspot.debugger.linux.LinuxDebuggerLocal$1GetThreadIntegerRegisterSetTask.doit(LinuxDebuggerLocal.java:460)
	at sun.jvm.hotspot.debugger.linux.LinuxDebuggerLocal$LinuxDebuggerLocalWorkerThread.run(LinuxDebuggerLocal.java:127)


Thread 12962: (state = BLOCKED)
Error occurred during stack walking:
sun.jvm.hotspot.debugger.DebuggerException: sun.jvm.hotspot.debugger.DebuggerException: get_thread_regs failed for a lwp
	at sun.jvm.hotspot.debugger.linux.LinuxDebuggerLocal$LinuxDebuggerLocalWorkerThread.execute(LinuxDebuggerLocal.java:152)
	at sun.jvm.hotspot.debugger.linux.LinuxDebuggerLocal.getThreadIntegerRegisterSet(LinuxDebuggerLocal.java:466)
	at sun.jvm.hotspot.debugger.linux.LinuxThread.getContext(LinuxThread.java:65)
	at sun.jvm.hotspot.runtime.linux_amd64.LinuxAMD64JavaThreadPDAccess.getCurrentFrameGuess(LinuxAMD64JavaThreadPDAccess.java:92)
	at sun.jvm.hotspot.runtime.JavaThread.getCurrentFrameGuess(JavaThread.java:256)
	at sun.jvm.hotspot.runtime.JavaThread.getLastJavaVFrameDbg(JavaThread.java:218)
	at sun.jvm.hotspot.tools.StackTrace.run(StackTrace.java:76)
	at sun.jvm.hotspot.tools.StackTrace.run(StackTrace.java:45)
	at sun.jvm.hotspot.tools.JStack.run(JStack.java:60)
	at sun.jvm.hotspot.tools.Tool.start(Tool.java:221)
	at sun.jvm.hotspot.tools.JStack.main(JStack.java:86)
	at sun.reflect.NativeMethodAccessorImpl.invoke0(Native Method)
	at sun.reflect.NativeMethodAccessorImpl.invoke(NativeMethodAccessorImpl.java:57)
	at sun.reflect.DelegatingMethodAccessorImpl.invoke(DelegatingMethodAccessorImpl.java:43)
	at java.lang.reflect.Method.invoke(Method.java:616)
	at sun.tools.jstack.JStack.runJStackTool(JStack.java:136)
	at sun.tools.jstack.JStack.main(JStack.java:102)
Caused by: sun.jvm.hotspot.debugger.DebuggerException: get_thread_regs failed for a lwp
	at sun.jvm.hotspot.debugger.linux.LinuxDebuggerLocal.getThreadIntegerRegisterSet0(Native Method)
	at sun.jvm.hotspot.debugger.linux.LinuxDebuggerLocal.access$800(LinuxDebuggerLocal.java:51)
	at sun.jvm.hotspot.debugger.linux.LinuxDebuggerLocal$1GetThreadIntegerRegisterSetTask.doit(LinuxDebuggerLocal.java:460)
	at sun.jvm.hotspot.debugger.linux.LinuxDebuggerLocal$LinuxDebuggerLocalWorkerThread.run(LinuxDebuggerLocal.java:127)


Thread 12960: (state = BLOCKED)
Error occurred during stack walking:
sun.jvm.hotspot.debugger.DebuggerException: sun.jvm.hotspot.debugger.DebuggerException: get_thread_regs failed for a lwp
	at sun.jvm.hotspot.debugger.linux.LinuxDebuggerLocal$LinuxDebuggerLocalWorkerThread.execute(LinuxDebuggerLocal.java:152)
	at sun.jvm.hotspot.debugger.linux.LinuxDebuggerLocal.getThreadIntegerRegisterSet(LinuxDebuggerLocal.java:466)
	at sun.jvm.hotspot.debugger.linux.LinuxThread.getContext(LinuxThread.java:65)
	at sun.jvm.hotspot.runtime.linux_amd64.LinuxAMD64JavaThreadPDAccess.getCurrentFrameGuess(LinuxAMD64JavaThreadPDAccess.java:92)
	at sun.jvm.hotspot.runtime.JavaThread.getCurrentFrameGuess(JavaThread.java:256)
	at sun.jvm.hotspot.runtime.JavaThread.getLastJavaVFrameDbg(JavaThread.java:218)
	at sun.jvm.hotspot.tools.StackTrace.run(StackTrace.java:76)
	at sun.jvm.hotspot.tools.StackTrace.run(StackTrace.java:45)
	at sun.jvm.hotspot.tools.JStack.run(JStack.java:60)
	at sun.jvm.hotspot.tools.Tool.start(Tool.java:221)
	at sun.jvm.hotspot.tools.JStack.main(JStack.java:86)
	at sun.reflect.NativeMethodAccessorImpl.invoke0(Native Method)
	at sun.reflect.NativeMethodAccessorImpl.invoke(NativeMethodAccessorImpl.java:57)
	at sun.reflect.DelegatingMethodAccessorImpl.invoke(DelegatingMethodAccessorImpl.java:43)
	at java.lang.reflect.Method.invoke(Method.java:616)
	at sun.tools.jstack.JStack.runJStackTool(JStack.java:136)
	at sun.tools.jstack.JStack.main(JStack.java:102)
Caused by: sun.jvm.hotspot.debugger.DebuggerException: get_thread_regs failed for a lwp
	at sun.jvm.hotspot.debugger.linux.LinuxDebuggerLocal.getThreadIntegerRegisterSet0(Native Method)
	at sun.jvm.hotspot.debugger.linux.LinuxDebuggerLocal.access$800(LinuxDebuggerLocal.java:51)
	at sun.jvm.hotspot.debugger.linux.LinuxDebuggerLocal$1GetThreadIntegerRegisterSetTask.doit(LinuxDebuggerLocal.java:460)
	at sun.jvm.hotspot.debugger.linux.LinuxDebuggerLocal$LinuxDebuggerLocalWorkerThread.run(LinuxDebuggerLocal.java:127)


Thread 12959: (state = BLOCKED)
Error occurred during stack walking:
sun.jvm.hotspot.debugger.DebuggerException: sun.jvm.hotspot.debugger.DebuggerException: get_thread_regs failed for a lwp
	at sun.jvm.hotspot.debugger.linux.LinuxDebuggerLocal$LinuxDebuggerLocalWorkerThread.execute(LinuxDebuggerLocal.java:152)
	at sun.jvm.hotspot.debugger.linux.LinuxDebuggerLocal.getThreadIntegerRegisterSet(LinuxDebuggerLocal.java:466)
	at sun.jvm.hotspot.debugger.linux.LinuxThread.getContext(LinuxThread.java:65)
	at sun.jvm.hotspot.runtime.linux_amd64.LinuxAMD64JavaThreadPDAccess.getCurrentFrameGuess(LinuxAMD64JavaThreadPDAccess.java:92)
	at sun.jvm.hotspot.runtime.JavaThread.getCurrentFrameGuess(JavaThread.java:256)
	at sun.jvm.hotspot.runtime.JavaThread.getLastJavaVFrameDbg(JavaThread.java:218)
	at sun.jvm.hotspot.tools.StackTrace.run(StackTrace.java:76)
	at sun.jvm.hotspot.tools.StackTrace.run(StackTrace.java:45)
	at sun.jvm.hotspot.tools.JStack.run(JStack.java:60)
	at sun.jvm.hotspot.tools.Tool.start(Tool.java:221)
	at sun.jvm.hotspot.tools.JStack.main(JStack.java:86)
	at sun.reflect.NativeMethodAccessorImpl.invoke0(Native Method)
	at sun.reflect.NativeMethodAccessorImpl.invoke(NativeMethodAccessorImpl.java:57)
	at sun.reflect.DelegatingMethodAccessorImpl.invoke(DelegatingMethodAccessorImpl.java:43)
	at java.lang.reflect.Method.invoke(Method.java:616)
	at sun.tools.jstack.JStack.runJStackTool(JStack.java:136)
	at sun.tools.jstack.JStack.main(JStack.java:102)
Caused by: sun.jvm.hotspot.debugger.DebuggerException: get_thread_regs failed for a lwp
	at sun.jvm.hotspot.debugger.linux.LinuxDebuggerLocal.getThreadIntegerRegisterSet0(Native Method)
	at sun.jvm.hotspot.debugger.linux.LinuxDebuggerLocal.access$800(LinuxDebuggerLocal.java:51)
	at sun.jvm.hotspot.debugger.linux.LinuxDebuggerLocal$1GetThreadIntegerRegisterSetTask.doit(LinuxDebuggerLocal.java:460)
	at sun.jvm.hotspot.debugger.linux.LinuxDebuggerLocal$LinuxDebuggerLocalWorkerThread.run(LinuxDebuggerLocal.java:127)


Thread 12954: (state = BLOCKED)
Error occurred during stack walking:
sun.jvm.hotspot.debugger.DebuggerException: sun.jvm.hotspot.debugger.DebuggerException: get_thread_regs failed for a lwp
	at sun.jvm.hotspot.debugger.linux.LinuxDebuggerLocal$LinuxDebuggerLocalWorkerThread.execute(LinuxDebuggerLocal.java:152)
	at sun.jvm.hotspot.debugger.linux.LinuxDebuggerLocal.getThreadIntegerRegisterSet(LinuxDebuggerLocal.java:466)
	at sun.jvm.hotspot.debugger.linux.LinuxThread.getContext(LinuxThread.java:65)
	at sun.jvm.hotspot.runtime.linux_amd64.LinuxAMD64JavaThreadPDAccess.getCurrentFrameGuess(LinuxAMD64JavaThreadPDAccess.java:92)
	at sun.jvm.hotspot.runtime.JavaThread.getCurrentFrameGuess(JavaThread.java:256)
	at sun.jvm.hotspot.runtime.JavaThread.getLastJavaVFrameDbg(JavaThread.java:218)
	at sun.jvm.hotspot.tools.StackTrace.run(StackTrace.java:76)
	at sun.jvm.hotspot.tools.StackTrace.run(StackTrace.java:45)
	at sun.jvm.hotspot.tools.JStack.run(JStack.java:60)
	at sun.jvm.hotspot.tools.Tool.start(Tool.java:221)
	at sun.jvm.hotspot.tools.JStack.main(JStack.java:86)
	at sun.reflect.NativeMethodAccessorImpl.invoke0(Native Method)
	at sun.reflect.NativeMethodAccessorImpl.invoke(NativeMethodAccessorImpl.java:57)
	at sun.reflect.DelegatingMethodAccessorImpl.invoke(DelegatingMethodAccessorImpl.java:43)
	at java.lang.reflect.Method.invoke(Method.java:616)
	at sun.tools.jstack.JStack.runJStackTool(JStack.java:136)
	at sun.tools.jstack.JStack.main(JStack.java:102)
Caused by: sun.jvm.hotspot.debugger.DebuggerException: get_thread_regs failed for a lwp
	at sun.jvm.hotspot.debugger.linux.LinuxDebuggerLocal.getThreadIntegerRegisterSet0(Native Method)
	at sun.jvm.hotspot.debugger.linux.LinuxDebuggerLocal.access$800(LinuxDebuggerLocal.java:51)
	at sun.jvm.hotspot.debugger.linux.LinuxDebuggerLocal$1GetThreadIntegerRegisterSetTask.doit(LinuxDebuggerLocal.java:460)
	at sun.jvm.hotspot.debugger.linux.LinuxDebuggerLocal$LinuxDebuggerLocalWorkerThread.run(LinuxDebuggerLocal.java:127)


Thread 12953: (state = BLOCKED)
Error occurred during stack walking:
sun.jvm.hotspot.debugger.DebuggerException: sun.jvm.hotspot.debugger.DebuggerException: get_thread_regs failed for a lwp
	at sun.jvm.hotspot.debugger.linux.LinuxDebuggerLocal$LinuxDebuggerLocalWorkerThread.execute(LinuxDebuggerLocal.java:152)
	at sun.jvm.hotspot.debugger.linux.LinuxDebuggerLocal.getThreadIntegerRegisterSet(LinuxDebuggerLocal.java:466)
	at sun.jvm.hotspot.debugger.linux.LinuxThread.getContext(LinuxThread.java:65)
	at sun.jvm.hotspot.runtime.linux_amd64.LinuxAMD64JavaThreadPDAccess.getCurrentFrameGuess(LinuxAMD64JavaThreadPDAccess.java:92)
	at sun.jvm.hotspot.runtime.JavaThread.getCurrentFrameGuess(JavaThread.java:256)
	at sun.jvm.hotspot.runtime.JavaThread.getLastJavaVFrameDbg(JavaThread.java:218)
	at sun.jvm.hotspot.tools.StackTrace.run(StackTrace.java:76)
	at sun.jvm.hotspot.tools.StackTrace.run(StackTrace.java:45)
	at sun.jvm.hotspot.tools.JStack.run(JStack.java:60)
	at sun.jvm.hotspot.tools.Tool.start(Tool.java:221)
	at sun.jvm.hotspot.tools.JStack.main(JStack.java:86)
	at sun.reflect.NativeMethodAccessorImpl.invoke0(Native Method)
	at sun.reflect.NativeMethodAccessorImpl.invoke(NativeMethodAccessorImpl.java:57)
	at sun.reflect.DelegatingMethodAccessorImpl.invoke(DelegatingMethodAccessorImpl.java:43)
	at java.lang.reflect.Method.invoke(Method.java:616)
	at sun.tools.jstack.JStack.runJStackTool(JStack.java:136)
	at sun.tools.jstack.JStack.main(JStack.java:102)
Caused by: sun.jvm.hotspot.debugger.DebuggerException: get_thread_regs failed for a lwp
	at sun.jvm.hotspot.debugger.linux.LinuxDebuggerLocal.getThreadIntegerRegisterSet0(Native Method)
	at sun.jvm.hotspot.debugger.linux.LinuxDebuggerLocal.access$800(LinuxDebuggerLocal.java:51)
	at sun.jvm.hotspot.debugger.linux.LinuxDebuggerLocal$1GetThreadIntegerRegisterSetTask.doit(LinuxDebuggerLocal.java:460)
	at sun.jvm.hotspot.debugger.linux.LinuxDebuggerLocal$LinuxDebuggerLocalWorkerThread.run(LinuxDebuggerLocal.java:127)


Thread 12952: (state = BLOCKED)
Error occurred during stack walking:
sun.jvm.hotspot.debugger.DebuggerException: sun.jvm.hotspot.debugger.DebuggerException: get_thread_regs failed for a lwp
	at sun.jvm.hotspot.debugger.linux.LinuxDebuggerLocal$LinuxDebuggerLocalWorkerThread.execute(LinuxDebuggerLocal.java:152)
	at sun.jvm.hotspot.debugger.linux.LinuxDebuggerLocal.getThreadIntegerRegisterSet(LinuxDebuggerLocal.java:466)
	at sun.jvm.hotspot.debugger.linux.LinuxThread.getContext(LinuxThread.java:65)
	at sun.jvm.hotspot.runtime.linux_amd64.LinuxAMD64JavaThreadPDAccess.getCurrentFrameGuess(LinuxAMD64JavaThreadPDAccess.java:92)
	at sun.jvm.hotspot.runtime.JavaThread.getCurrentFrameGuess(JavaThread.java:256)
	at sun.jvm.hotspot.runtime.JavaThread.getLastJavaVFrameDbg(JavaThread.java:218)
	at sun.jvm.hotspot.tools.StackTrace.run(StackTrace.java:76)
	at sun.jvm.hotspot.tools.StackTrace.run(StackTrace.java:45)
	at sun.jvm.hotspot.tools.JStack.run(JStack.java:60)
	at sun.jvm.hotspot.tools.Tool.start(Tool.java:221)
	at sun.jvm.hotspot.tools.JStack.main(JStack.java:86)
	at sun.reflect.NativeMethodAccessorImpl.invoke0(Native Method)
	at sun.reflect.NativeMethodAccessorImpl.invoke(NativeMethodAccessorImpl.java:57)
	at sun.reflect.DelegatingMethodAccessorImpl.invoke(DelegatingMethodAccessorImpl.java:43)
	at java.lang.reflect.Method.invoke(Method.java:616)
	at sun.tools.jstack.JStack.runJStackTool(JStack.java:136)
	at sun.tools.jstack.JStack.main(JStack.java:102)
Caused by: sun.jvm.hotspot.debugger.DebuggerException: get_thread_regs failed for a lwp
	at sun.jvm.hotspot.debugger.linux.LinuxDebuggerLocal.getThreadIntegerRegisterSet0(Native Method)
	at sun.jvm.hotspot.debugger.linux.LinuxDebuggerLocal.access$800(LinuxDebuggerLocal.java:51)
	at sun.jvm.hotspot.debugger.linux.LinuxDebuggerLocal$1GetThreadIntegerRegisterSetTask.doit(LinuxDebuggerLocal.java:460)
	at sun.jvm.hotspot.debugger.linux.LinuxDebuggerLocal$LinuxDebuggerLocalWorkerThread.run(LinuxDebuggerLocal.java:127)


