Running from: /Applications/Jenkins/jenkins.war
webroot: $user.home/.jenkins
Jun 20, 2014 4:31:23 PM winstone.Logger logInternal
INFO: Beginning extraction from war file
Using one-time self-signed certificate
Jun 20, 2014 4:31:24 PM org.eclipse.jetty.util.log.JavaUtilLog info
INFO: jetty-8.y.z-SNAPSHOT
Jun 20, 2014 4:31:25 PM org.eclipse.jetty.util.log.JavaUtilLog info
INFO: NO JSP Support for , did not find org.apache.jasper.servlet.JspServlet
Jun 20, 2014 4:31:26 PM com.cloudbees.jenkins.ha.AbstractJenkinsSingleton contextInitialized
INFO: Jenkins home directory: /Users/cleclerc/.jenkins found at: $user.home/.jenkins
Jun 20, 2014 4:31:26 PM com.cloudbees.jenkins.ha.singleton.HASingleton createChannel
INFO: Loading default configuration from jar:file:/Users/cleclerc/.jenkins/war/WEB-INF/lib/jenkins-ha-4.3.jar!/com/cloudbees/jenkins/ha/singleton/jgroups-jenkins.xml using HA_JGROUPS_DIR=/Users/cleclerc/.jenkins/jgroups
Jun 20, 2014 4:31:26 PM org.jgroups.logging.JDKLogImpl warn
WARNING: [JGRP00014] TP.enable_bundling has been deprecated: will be ignored as bundling is on by default
Jun 20, 2014 4:31:26 PM org.jgroups.logging.JDKLogImpl info
INFO: UFC is not needed (and can be removed) as we're running on a TCP transport

-------------------------------------------------------------------
GMS: address=cleclerccbmbp3-001-46203 (309 bytes), cluster=Jenkins, physical address=192.168.1.19:51952
-------------------------------------------------------------------
Jun 20, 2014 4:31:29 PM com.cloudbees.jenkins.ha.singleton.HASingleton$3 viewAccepted
INFO: Cluster membership has changed to: [cleclerccbmbp3-001-46203 (309 bytes)|0] [cleclerccbmbp3-001-46203 (309 bytes)]
Jun 20, 2014 4:31:29 PM com.cloudbees.jenkins.ha.singleton.HASingleton$3 viewAccepted
INFO: New primary node is JenkinsClusterMemberIdentity[member=cleclerccbmbp3-001-46203 (309 bytes),weight=0,min=0]
Jun 20, 2014 4:31:29 PM com.cloudbees.jenkins.ha.singleton.HASingleton reactToPrimarySwitch
INFO: Elected as the primary node
Jenkins home directory: /Users/cleclerc/.jenkins found at: System.getProperty("JENKINS_HOME")
Jun 20, 2014 4:31:29 PM org.eclipse.jetty.util.log.JavaUtilLog info
INFO: Started SelectChannelConnector@0.0.0.0:8090
Jun 20, 2014 4:31:29 PM org.eclipse.jetty.util.log.JavaUtilLog info
INFO: Started Ajp13SocketConnector@0.0.0.0:8190
Jun 20, 2014 4:31:29 PM org.eclipse.jetty.util.log.JavaUtilLog info
INFO: AJP13 is not a secure protocol. Please protect port 8190
Jun 20, 2014 4:31:29 PM org.eclipse.jetty.util.log.JavaUtilLog info
INFO: Started SslSelectChannelConnector@0.0.0.0:8443
Jun 20, 2014 4:31:29 PM winstone.Logger logInternal
INFO: Winstone Servlet Engine v2.0 running: controlPort=disabled
Jun 20, 2014 4:31:30 PM jenkins.InitReactorRunner$1 onAttained
INFO: Started initialization
Jun 20, 2014 4:31:31 PM jenkins.InitReactorRunner$1 onAttained
INFO: Listed all plugins
Jun 20, 2014 4:31:31 PM org.apache.sshd.common.util.SecurityUtils$BouncyCastleRegistration run
INFO: Trying to register BouncyCastle as a JCE provider
Jun 20, 2014 4:31:32 PM org.apache.sshd.common.util.SecurityUtils$BouncyCastleRegistration run
INFO: Registration succeeded
Jun 20, 2014 4:31:32 PM org.jvnet.hudson.plugins.m2release.M2ReleaseBuildWrapper$DescriptorImpl <clinit>
INFO: Using new style Permission with PermissionScope
log4j:WARN No appenders could be found for logger (net.bull.javamelody).
log4j:WARN Please initialize the log4j system properly.
Jun 20, 2014 4:31:33 PM jenkins.InitReactorRunner$1 onAttained
INFO: Prepared all plugins
Jun 20, 2014 4:31:39 PM org.openid4java.server.RealmVerifier setEnforceRpId
WARNING: RP discovery / realm validation disabled;
Jun 20, 2014 4:31:39 PM org.jenkinsci.plugins.sysloglogger.SyslogLoggerPlugin applySettings
INFO: Jenkins configured to output log messages to syslog server localhost:5514
Jun 20, 2014 4:31:40 PM jenkins.InitReactorRunner$1 onAttained
INFO: Started all plugins
Jun 20, 2014 4:31:40 PM jenkins.InitReactorRunner$1 onAttained
INFO: Augmented all extensions

<< DEADLOCK HERE >>