2019-01-13 19:58:18,020 INFO  - Starting ServiceWrapper in the service mode
2019-01-13 19:58:18,036 INFO  - Starting C:\Program Files (x86)\Jenkins\jre\bin\java -Xrs -Xmx256m -Dhudson.lifecycle=hudson.lifecycle.WindowsServiceLifecycle -jar "C:\Program Files (x86)\Jenkins\jenkins.war" --httpPort=8080 --webroot="C:\Program Files (x86)\Jenkins\war"
2019-01-13 19:58:18,048 INFO  - Extension loaded: killOnStartup
2019-01-13 19:58:18,050 WARN  - The requested PID file 'C:\Program Files (x86)\Jenkins\jenkins.pid' does not exist. The runaway process won't be checked
2019-01-13 19:58:18,051 INFO  - Starting C:\Program Files (x86)\Jenkins\jre\bin\java -Xrs -Xmx256m -Dhudson.lifecycle=hudson.lifecycle.WindowsServiceLifecycle -jar "C:\Program Files (x86)\Jenkins\jenkins.war" --httpPort=8080 --webroot="C:\Program Files (x86)\Jenkins\war"
2019-01-13 19:58:18,074 INFO  - Started process 41412
2019-01-13 19:58:18,080 DEBUG - Forwarding logs of the process System.Diagnostics.Process (java) to winsw.SizeBasedRollingLogAppender
2019-01-13 19:58:18,082 INFO  - Recording PID of the started process:41412. PID file destination is C:\Program Files (x86)\Jenkins\jenkins.pid
2019-01-13 20:15:53,318 INFO  - Starting ServiceWrapper in the service mode
2019-01-13 20:15:53,333 INFO  - Starting C:\Program Files (x86)\Jenkins\jre\bin\java -Xrs -Xmx256m -Dhudson.lifecycle=hudson.lifecycle.WindowsServiceLifecycle -jar "C:\Program Files (x86)\Jenkins\jenkins.war" --httpPort=8080 --webroot="C:\Program Files (x86)\Jenkins\war"
2019-01-13 20:15:53,343 INFO  - Extension loaded: killOnStartup
2019-01-13 20:15:53,346 DEBUG - Checking the potentially runaway process with PID=41412
2019-01-13 20:15:53,365 DEBUG - No runaway process with PID=41412. The process has been already stopped.
2019-01-13 20:15:53,366 INFO  - Starting C:\Program Files (x86)\Jenkins\jre\bin\java -Xrs -Xmx256m -Dhudson.lifecycle=hudson.lifecycle.WindowsServiceLifecycle -jar "C:\Program Files (x86)\Jenkins\jenkins.war" --httpPort=8080 --webroot="C:\Program Files (x86)\Jenkins\war"
2019-01-13 20:15:53,396 INFO  - Started process 40884
2019-01-13 20:15:53,404 DEBUG - Forwarding logs of the process System.Diagnostics.Process (java) to winsw.SizeBasedRollingLogAppender
2019-01-13 20:15:53,407 INFO  - Recording PID of the started process:40884. PID file destination is C:\Program Files (x86)\Jenkins\jenkins.pid
2019-01-13 20:16:28,965 INFO  - Starting ServiceWrapper in the service mode
2019-01-13 20:16:28,982 INFO  - Starting C:\Program Files (x86)\Jenkins\jre\bin\java -Xrs -Xmx256m -Dhudson.lifecycle=hudson.lifecycle.WindowsServiceLifecycle -jar "C:\Program Files (x86)\Jenkins\jenkins.war" --httpPort=8080 --webroot="C:\Program Files (x86)\Jenkins\war"
2019-01-13 20:16:28,994 INFO  - Extension loaded: killOnStartup
2019-01-13 20:16:29,005 DEBUG - Checking the potentially runaway process with PID=40884
2019-01-13 20:16:29,032 DEBUG - No runaway process with PID=40884. The process has been already stopped.
2019-01-13 20:16:29,040 INFO  - Starting C:\Program Files (x86)\Jenkins\jre\bin\java -Xrs -Xmx256m -Dhudson.lifecycle=hudson.lifecycle.WindowsServiceLifecycle -jar "C:\Program Files (x86)\Jenkins\jenkins.war" --httpPort=8080 --webroot="C:\Program Files (x86)\Jenkins\war"
2019-01-13 20:16:29,067 INFO  - Started process 28412
2019-01-13 20:16:29,082 DEBUG - Forwarding logs of the process System.Diagnostics.Process (java) to winsw.SizeBasedRollingLogAppender
2019-01-13 20:16:29,092 INFO  - Recording PID of the started process:28412. PID file destination is C:\Program Files (x86)\Jenkins\jenkins.pid
