#
# A fatal error has been detected by the Java Runtime Environment:
#
#  SIGSEGV (0xb) at pc=0x00007fef4a005060, pid=6628, tid=0x00007fef8126f700
#
# JRE version: Java(TM) SE Runtime Environment (8.0_131-b11) (build 1.8.0_131-b11)
# Java VM: Java HotSpot(TM) 64-Bit Server VM (25.131-b11 mixed mode linux-amd64 compressed oops)
# Problematic frame:
# C  0x00007fef4a005060
#
# Failed to write core dump. Core dumps have been disabled. To enable core dumping, try "ulimit -c unlimited" before starting Java again
#
# If you would like to submit a bug report, please visit:
#   http://bugreport.java.com/bugreport/crash.jsp
#

---------------  T H R E A D  ---------------

Current thread (0x00007fef98afe800):  JavaThread "Jenkins initialization thread" [_thread_in_Java, id=6841, stack(0x00007fef8116f000,0x00007fef81270000)]

siginfo: si_signo: 11 (SIGSEGV), si_code: 2 (SEGV_ACCERR), si_addr: 0x00007fef4a005060

Registers:
RAX=0x0000000100048e40, RBX=0x00007fef88875a18, RCX=0x000000000000001d, RDX=0x00000000f1781138
RSP=0x00007fef8126c418, RBP=0x0000000000000000, RSI=0x00000000f1778c28, RDI=0x0000000000000003
R8 =0x00000000f1775548, R9 =0x00000000f1778ca8, R10=0x0000000000000000, R11=0x0000000000000002
R12=0x0000000000000000, R13=0x0000000000000003, R14=0x00000000f1781138, R15=0x00007fef98afe800
RIP=0x00007fef4a005060, EFLAGS=0x0000000000010202, CSGSFS=0x002b000000000033, ERR=0x0000000000000014
  TRAPNO=0x000000000000000e

Top of Stack: (sp=0x00007fef8126c418)
0x00007fef8126c418:   00007fef894c5548 00000000f1778c88
0x00007fef8126c428:   0000000000000000 00000000f1781138
0x00007fef8126c438:   00007fef0000001d 00000000f1775548
0x00007fef8126c448:   00007fef894c91c8 0000000000000024
0x00007fef8126c458:   00000000f1781138 00000000f1778bf8
0x00007fef8126c468:   00007fef894c8748 00000000f1781138
0x00007fef8126c478:   00007fef0000000c 0000000000000024
0x00007fef8126c488:   00007fef9ff5079a 00007fef8126c580
0x00007fef8126c498:   00007fef8910894f 0000000000000000
0x00007fef8126c4a8:   00007fef894d7d64 00000000f1778bd8
0x00007fef8126c4b8:   00000000f1781138 0000000100000000
0x00007fef8126c4c8:   ffffffff00000003 0000000100000000
0x00007fef8126c4d8:   00000000f1778ce8 0000000000000000
0x00007fef8126c4e8:   00007fef0000001d 00000000f1775548
0x00007fef8126c4f8:   00000000f1775548 0000000000000000
0x00007fef8126c508:   0000000000000000 0000000000000000
0x00007fef8126c518:   0000000000000000 00000000f17789a8
0x00007fef8126c528:   00007fef894c91a8 0000000000000064
0x00007fef8126c538:   00007fef98afe800 00000000f1781138
0x00007fef8126c548:   00000000f1775548 00000000f17789c0
0x00007fef8126c558:   00007fef894c9e3c 0000001900000000
0x00007fef8126c568:   00007fef98afe800 00000000f1781138
0x00007fef8126c578:   00000000f1781138 0000000000000000
0x00007fef8126c588:   00000000f1775548 00000000f1781138
0x00007fef8126c598:   00000000f1775548 00000000f1778c60
0x00007fef8126c5a8:   00007fef894c91a8 0000000000000064
0x00007fef8126c5b8:   00000019f1778c28 00000000f1781138
0x00007fef8126c5c8:   00007fef894d4bf0 00000000f1778dd0
0x00007fef8126c5d8:   00000000f1775990 0000000000000019
0x00007fef8126c5e8:   00007fef00000018 000000000000000a
0x00007fef8126c5f8:   00000000f1775548 00000000f1781138
0x00007fef8126c608:   00007fef00000019 00000000f1775548 

Instructions: (pc=0x00007fef4a005060)
0x00007fef4a005040:   
[error occurred during error reporting (printing registers, top of stack, instructions near pc), id 0xb]

Register to memory mapping:

RAX=0x0000000100048e40 is pointing into metadata
RBX={method} {0x00007fef88875a18} 'match' '(Ljava/util/regex/Matcher;ILjava/lang/CharSequence;)Z' in 'java/util/regex/Pattern$BmpCharProperty'
RCX=0x000000000000001d is an unknown value
RDX=0x00000000f1781138 is an oop
java.util.regex.Matcher 
 - klass: 'java/util/regex/Matcher'
RSP=0x00007fef8126c418 is pointing into the stack for thread: 0x00007fef98afe800
RBP=0x0000000000000000 is an unknown value
RSI=0x00000000f1778c28 is an oop
java.util.regex.Pattern$Single 
 - klass: 'java/util/regex/Pattern$Single'
RDI=0x0000000000000003 is an unknown value
R8 =0x00000000f1775548 is an oop
java.lang.String 
 - klass: 'java/lang/String'
R9 =0x00000000f1778ca8 is an oop
[Ljava.util.regex.Pattern$Node; 
 - klass: 'java/util/regex/Pattern$Node'[]
 - length: 2
R10=0x0000000000000000 is an unknown value
R11=0x0000000000000002 is an unknown value
R12=0x0000000000000000 is an unknown value
R13=0x0000000000000003 is an unknown value
R14=0x00000000f1781138 is an oop
java.util.regex.Matcher 
 - klass: 'java/util/regex/Matcher'
R15=0x00007fef98afe800 is a thread


Stack: [0x00007fef8116f000,0x00007fef81270000],  sp=0x00007fef8126c418,  free space=1013k
Native frames: (J=compiled Java code, j=interpreted, Vv=VM code, C=native code)
C  0x00007fef4a005060


---------------  P R O C E S S  ---------------

Java Threads: ( => current thread )
  0x00007fef48063000 JavaThread "jenkins.util.Timer [#1]" daemon [_thread_blocked, id=6846, stack(0x00007fef80a6a000,0x00007fef80b6b000)]
  0x00007fef4804c000 JavaThread "Jenkins cron thread" [_thread_blocked, id=6845, stack(0x00007fef80b6b000,0x00007fef80c6c000)]
  0x00007fef98009800 JavaThread "DestroyJavaVM" [_thread_blocked, id=6827, stack(0x00007fefa1757000,0x00007fefa1858000)]
  0x00007fef98b16800 JavaThread "LauncherControlThread[ControlPort=-1]" [_thread_blocked, id=6844, stack(0x00007fef80c6c000,0x00007fef80d6d000)]
  0x00007fef98b14800 JavaThread "RequestHandlerThread[#2]-acceptor-0@76d45c01-ServerConnector@76b1e9b8{HTTP/1.1}{0.0.0.0:8080}" daemon [_thread_in_native, id=6843, stack(0x00007fef80d6d000,0x00007fef80e6e000)]
  0x00007fef98b1f800 JavaThread "RequestHandlerThread[#1]-selector-ServerConnectorManager@4c2c081b/0" daemon [_thread_in_native, id=6842, stack(0x00007fef80e6e000,0x00007fef80f6f000)]
=>0x00007fef98afe800 JavaThread "Jenkins initialization thread" [_thread_in_Java, id=6841, stack(0x00007fef8116f000,0x00007fef81270000)]
  0x00007fef98a6f000 JavaThread "Java2D Disposer" daemon [_thread_blocked, id=6840, stack(0x00007fef81270000,0x00007fef81371000)]
  0x00007fef988fc000 JavaThread "org.eclipse.jetty.server.session.HashSessionManager@25bbe1b6Timer" daemon [_thread_blocked, id=6839, stack(0x00007fef82d0e000,0x00007fef82e0f000)]
  0x00007fef98153000 JavaThread "Service Thread" daemon [_thread_blocked, id=6836, stack(0x00007fef83119000,0x00007fef8321a000)]
  0x00007fef9813e000 JavaThread "C1 CompilerThread1" daemon [_thread_blocked, id=6835, stack(0x00007fef8321a000,0x00007fef8331b000)]
  0x00007fef9813b000 JavaThread "C2 CompilerThread0" daemon [_thread_in_native, id=6834, stack(0x00007fef8331b000,0x00007fef8341c000)]
  0x00007fef98139800 JavaThread "Signal Dispatcher" daemon [_thread_blocked, id=6833, stack(0x00007fef8341c000,0x00007fef8351d000)]
  0x00007fef98106800 JavaThread "Finalizer" daemon [_thread_blocked, id=6832, stack(0x00007fef837f8000,0x00007fef838f9000)]
  0x00007fef98102000 JavaThread "Reference Handler" daemon [_thread_blocked, id=6831, stack(0x00007fef838f9000,0x00007fef839fa000)]

Other Threads:
  0x00007fef980fa800 VMThread [stack: 0x00007fef839fa000,0x00007fef83afb000] [id=6830]
  0x00007fef98156800 WatcherThread [stack: 0x00007fef83018000,0x00007fef83119000] [id=6837]

VM state:not at safepoint (normal execution)

VM Mutex/Monitor currently owned by a thread: None

Heap:
 PSYoungGen      total 131584K, used 102344K [0x00000000eb700000, 0x00000000f3d00000, 0x0000000100000000)
  eden space 126976K, 78% used [0x00000000eb700000,0x00000000f17f0690,0x00000000f3300000)
  from space 4608K, 66% used [0x00000000f3880000,0x00000000f3b81ba8,0x00000000f3d00000)
  to   space 5120K, 0% used [0x00000000f3300000,0x00000000f3300000,0x00000000f3800000)
 ParOldGen       total 42496K, used 4387K [0x00000000c2400000, 0x00000000c4d80000, 0x00000000eb700000)
  object space 42496K, 10% used [0x00000000c2400000,0x00000000c2848ee0,0x00000000c4d80000)
 Metaspace       used 18586K, capacity 18858K, committed 19200K, reserved 1067008K
  class space    used 2191K, capacity 2283K, committed 2304K, reserved 1048576K

Card table byte_map: [0x00007fef9e2f7000,0x00007fef9e4e6000] byte_map_base: 0x00007fef9dce5000

Marking Bits: (ParMarkBitMap*) 0x00007fefa0c11f60
 Begin Bits: [0x00007fef9c0cb000, 0x00007fef9d03b000)
 End Bits:   [0x00007fef9d03b000, 0x00007fef9dfab000)

Polling page: 0x00007fefa185f000

CodeCache: size=245760Kb used=4970Kb max_used=4981Kb free=240789Kb
 bounds [0x00007fef89000000, 0x00007fef894f0000, 0x00007fef98000000]
 total_blobs=1809 nmethods=1386 adapters=339
 compilation: enabled

Compilation events (10 events):
Event: 3.210 Thread 0x00007fef9813b000 nmethod 1381 0x00007fef894c9ad0 code [0x00007fef894c9ca0, 0x00007fef894ca248]
Event: 3.210 Thread 0x00007fef9813b000 1379       4       java.util.regex.Pattern$Category::isSatisfiedBy (20 bytes)
Event: 3.211 Thread 0x00007fef9813b000 nmethod 1379 0x00007fef894c9790 code [0x00007fef894c98e0, 0x00007fef894c99b8]
Event: 3.211 Thread 0x00007fef9813b000 1382       4       java.lang.Character::codePointAt (51 bytes)
Event: 3.212 Thread 0x00007fef9813b000 nmethod 1382 0x00007fef894c92d0 code [0x00007fef894c9420, 0x00007fef894c9538]
Event: 3.212 Thread 0x00007fef9813b000 1385       4       java.util.regex.Pattern$Loop::match (143 bytes)
Event: 3.217 Thread 0x00007fef9813b000 nmethod 1385 0x00007fef894d4950 code [0x00007fef894d4b00, 0x00007fef894d5078]
Event: 3.217 Thread 0x00007fef9813b000 1374       4       java.util.regex.Pattern$BmpCharProperty::match (50 bytes)
Event: 3.219 Thread 0x00007fef9813b000 nmethod 1374 0x00007fef894c7fd0 code [0x00007fef894c8140, 0x00007fef894c8338]
Event: 3.219 Thread 0x00007fef9813b000 1378       4       java.util.regex.Pattern$BitClass::isSatisfiedBy (22 bytes)

GC Heap History (10 events):
Event: 0.830 GC heap before
{Heap before GC invocations=2 (full 0):
 PSYoungGen      total 18432K, used 18400K [0x00000000eb700000, 0x00000000edb00000, 0x0000000100000000)
  eden space 15872K, 100% used [0x00000000eb700000,0x00000000ec680000,0x00000000ec680000)
  from space 2560K, 98% used [0x00000000ec680000,0x00000000ec8f8010,0x00000000ec900000)
  to   space 2560K, 0% used [0x00000000ed880000,0x00000000ed880000,0x00000000edb00000)
 ParOldGen       total 42496K, used 2408K [0x00000000c2400000, 0x00000000c4d80000, 0x00000000eb700000)
  object space 42496K, 5% used [0x00000000c2400000,0x00000000c265a2f8,0x00000000c4d80000)
 Metaspace       used 8790K, capacity 8874K, committed 8960K, reserved 1056768K
  class space    used 957K, capacity 978K, committed 1024K, reserved 1048576K
Event: 0.840 GC heap after
Heap after GC invocations=2 (full 0):
 PSYoungGen      total 34304K, used 2550K [0x00000000eb700000, 0x00000000edb00000, 0x0000000100000000)
  eden space 31744K, 0% used [0x00000000eb700000,0x00000000eb700000,0x00000000ed600000)
  from space 2560K, 99% used [0x00000000ed880000,0x00000000edafdbb8,0x00000000edb00000)
  to   space 2560K, 0% used [0x00000000ed600000,0x00000000ed600000,0x00000000ed880000)
 ParOldGen       total 42496K, used 3459K [0x00000000c2400000, 0x00000000c4d80000, 0x00000000eb700000)
  object space 42496K, 8% used [0x00000000c2400000,0x00000000c2760ee0,0x00000000c4d80000)
 Metaspace       used 8790K, capacity 8874K, committed 8960K, reserved 1056768K
  class space    used 957K, capacity 978K, committed 1024K, reserved 1048576K
}
Event: 0.963 GC heap before
{Heap before GC invocations=3 (full 0):
 PSYoungGen      total 34304K, used 34294K [0x00000000eb700000, 0x00000000edb00000, 0x0000000100000000)
  eden space 31744K, 100% used [0x00000000eb700000,0x00000000ed600000,0x00000000ed600000)
  from space 2560K, 99% used [0x00000000ed880000,0x00000000edafdbb8,0x00000000edb00000)
  to   space 2560K, 0% used [0x00000000ed600000,0x00000000ed600000,0x00000000ed880000)
 ParOldGen       total 42496K, used 3459K [0x00000000c2400000, 0x00000000c4d80000, 0x00000000eb700000)
  object space 42496K, 8% used [0x00000000c2400000,0x00000000c2760ee0,0x00000000c4d80000)
 Metaspace       used 8864K, capacity 9002K, committed 9216K, reserved 1056768K
  class space    used 957K, capacity 978K, committed 1024K, reserved 1048576K
Event: 0.975 GC heap after
Heap after GC invocations=3 (full 0):
 PSYoungGen      total 34304K, used 2550K [0x00000000eb700000, 0x00000000efa00000, 0x0000000100000000)
  eden space 31744K, 0% used [0x00000000eb700000,0x00000000eb700000,0x00000000ed600000)
  from space 2560K, 99% used [0x00000000ed600000,0x00000000ed87dbb8,0x00000000ed880000)
  to   space 2560K, 0% used [0x00000000ef780000,0x00000000ef780000,0x00000000efa00000)
 ParOldGen       total 42496K, used 4291K [0x00000000c2400000, 0x00000000c4d80000, 0x00000000eb700000)
  object space 42496K, 10% used [0x00000000c2400000,0x00000000c2830ee0,0x00000000c4d80000)
 Metaspace       used 8864K, capacity 9002K, committed 9216K, reserved 1056768K
  class space    used 957K, capacity 978K, committed 1024K, reserved 1048576K
}
Event: 1.059 GC heap before
{Heap before GC invocations=4 (full 0):
 PSYoungGen      total 34304K, used 34294K [0x00000000eb700000, 0x00000000efa00000, 0x0000000100000000)
  eden space 31744K, 100% used [0x00000000eb700000,0x00000000ed600000,0x00000000ed600000)
  from space 2560K, 99% used [0x00000000ed600000,0x00000000ed87dbb8,0x00000000ed880000)
  to   space 2560K, 0% used [0x00000000ef780000,0x00000000ef780000,0x00000000efa00000)
 ParOldGen       total 42496K, used 4291K [0x00000000c2400000, 0x00000000c4d80000, 0x00000000eb700000)
  object space 42496K, 10% used [0x00000000c2400000,0x00000000c2830ee0,0x00000000c4d80000)
 Metaspace       used 8868K, capacity 9002K, committed 9216K, reserved 1056768K
  class space    used 957K, capacity 978K, committed 1024K, reserved 1048576K
Event: 1.071 GC heap after
Heap after GC invocations=4 (full 0):
 PSYoungGen      total 66048K, used 2550K [0x00000000eb700000, 0x00000000efa00000, 0x0000000100000000)
  eden space 63488K, 0% used [0x00000000eb700000,0x00000000eb700000,0x00000000ef500000)
  from space 2560K, 99% used [0x00000000ef780000,0x00000000ef9fdbb8,0x00000000efa00000)
  to   space 2560K, 0% used [0x00000000ef500000,0x00000000ef500000,0x00000000ef780000)
 ParOldGen       total 42496K, used 4323K [0x00000000c2400000, 0x00000000c4d80000, 0x00000000eb700000)
  object space 42496K, 10% used [0x00000000c2400000,0x00000000c2838ee0,0x00000000c4d80000)
 Metaspace       used 8868K, capacity 9002K, committed 9216K, reserved 1056768K
  class space    used 957K, capacity 978K, committed 1024K, reserved 1048576K
}
Event: 1.237 GC heap before
{Heap before GC invocations=5 (full 0):
 PSYoungGen      total 66048K, used 66038K [0x00000000eb700000, 0x00000000efa00000, 0x0000000100000000)
  eden space 63488K, 100% used [0x00000000eb700000,0x00000000ef500000,0x00000000ef500000)
  from space 2560K, 99% used [0x00000000ef780000,0x00000000ef9fdbb8,0x00000000efa00000)
  to   space 2560K, 0% used [0x00000000ef500000,0x00000000ef500000,0x00000000ef780000)
 ParOldGen       total 42496K, used 4323K [0x00000000c2400000, 0x00000000c4d80000, 0x00000000eb700000)
  object space 42496K, 10% used [0x00000000c2400000,0x00000000c2838ee0,0x00000000c4d80000)
 Metaspace       used 8868K, capacity 9002K, committed 9216K, reserved 1056768K
  class space    used 957K, capacity 978K, committed 1024K, reserved 1048576K
Event: 1.244 GC heap after
Heap after GC invocations=5 (full 0):
 PSYoungGen      total 66048K, used 2534K [0x00000000eb700000, 0x00000000f3e00000, 0x0000000100000000)
  eden space 63488K, 0% used [0x00000000eb700000,0x00000000eb700000,0x00000000ef500000)
  from space 2560K, 99% used [0x00000000ef500000,0x00000000ef779ba8,0x00000000ef780000)
  to   space 5632K, 0% used [0x00000000f3880000,0x00000000f3880000,0x00000000f3e00000)
 ParOldGen       total 42496K, used 4387K [0x00000000c2400000, 0x00000000c4d80000, 0x00000000eb700000)
  object space 42496K, 10% used [0x00000000c2400000,0x00000000c2848ee0,0x00000000c4d80000)
 Metaspace       used 8868K, capacity 9002K, committed 9216K, reserved 1056768K
  class space    used 957K, capacity 978K, committed 1024K, reserved 1048576K
}
Event: 1.417 GC heap before
{Heap before GC invocations=6 (full 0):
 PSYoungGen      total 66048K, used 66022K [0x00000000eb700000, 0x00000000f3e00000, 0x0000000100000000)
  eden space 63488K, 100% used [0x00000000eb700000,0x00000000ef500000,0x00000000ef500000)
  from space 2560K, 99% used [0x00000000ef500000,0x00000000ef779ba8,0x00000000ef780000)
  to   space 5632K, 0% used [0x00000000f3880000,0x00000000f3880000,0x00000000f3e00000)
 ParOldGen       total 42496K, used 4387K [0x00000000c2400000, 0x00000000c4d80000, 0x00000000eb700000)
  object space 42496K, 10% used [0x00000000c2400000,0x00000000c2848ee0,0x00000000c4d80000)
 Metaspace       used 8885K, capacity 9002K, committed 9216K, reserved 1056768K
  class space    used 957K, capacity 978K, committed 1024K, reserved 1048576K
Event: 1.432 GC heap after
Heap after GC invocations=6 (full 0):
 PSYoungGen      total 131584K, used 3078K [0x00000000eb700000, 0x00000000f3d00000, 0x0000000100000000)
  eden space 126976K, 0% used [0x00000000eb700000,0x00000000eb700000,0x00000000f3300000)
  from space 4608K, 66% used [0x00000000f3880000,0x00000000f3b81ba8,0x00000000f3d00000)
  to   space 5120K, 0% used [0x00000000f3300000,0x00000000f3300000,0x00000000f3800000)
 ParOldGen       total 42496K, used 4387K [0x00000000c2400000, 0x00000000c4d80000, 0x00000000eb700000)
  object space 42496K, 10% used [0x00000000c2400000,0x00000000c2848ee0,0x00000000c4d80000)
 Metaspace       used 8885K, capacity 9002K, committed 9216K, reserved 1056768K
  class space    used 957K, capacity 978K, committed 1024K, reserved 1048576K
}

Deoptimization events (10 events):
Event: 2.642 Thread 0x00007fef98009800 Uncommon trap: reason=unstable_if action=reinterpret pc=0x00007fef893e14ac method=java.lang.Integer.parseInt(Ljava/lang/String;I)I @ 122
Event: 2.705 Thread 0x00007fef98afe800 Uncommon trap: reason=unstable_if action=reinterpret pc=0x00007fef891e8fc0 method=java.util.HashMap.getNode(ILjava/lang/Object;)Ljava/util/HashMap$Node; @ 62
Event: 2.705 Thread 0x00007fef98afe800 Uncommon trap: reason=unstable_if action=reinterpret pc=0x00007fef891ab4a8 method=java.util.HashMap.putVal(ILjava/lang/Object;Ljava/lang/Object;ZZ)Ljava/lang/Object; @ 94
Event: 2.706 Thread 0x00007fef98afe800 Uncommon trap: reason=unstable_if action=reinterpret pc=0x00007fef891ca950 method=java.util.HashMap.getNode(ILjava/lang/Object;)Ljava/util/HashMap$Node; @ 62
Event: 2.826 Thread 0x00007fef98afe800 Uncommon trap: reason=unstable_if action=reinterpret pc=0x00007fef8948abe4 method=sun.net.www.ParseUtil.encodePath(Ljava/lang/String;Z)Ljava/lang/String; @ 109
Event: 2.948 Thread 0x00007fef98afe800 Uncommon trap: reason=class_check action=maybe_recompile pc=0x00007fef894ae228 method=java.net.URLStreamHandler.equals(Ljava/net/URL;Ljava/net/URL;)Z @ 33
Event: 2.948 Thread 0x00007fef98afe800 Uncommon trap: reason=unstable_if action=reinterpret pc=0x00007fef894b2028 method=java.net.URLStreamHandler.sameFile(Ljava/net/URL;Ljava/net/URL;)Z @ 63
Event: 2.948 Thread 0x00007fef98afe800 Uncommon trap: reason=class_check action=maybe_recompile pc=0x00007fef894ae228 method=java.net.URLStreamHandler.equals(Ljava/net/URL;Ljava/net/URL;)Z @ 33
Event: 2.950 Thread 0x00007fef98afe800 Uncommon trap: reason=class_check action=maybe_recompile pc=0x00007fef894ae228 method=java.net.URLStreamHandler.equals(Ljava/net/URL;Ljava/net/URL;)Z @ 33
Event: 2.954 Thread 0x00007fef98afe800 Uncommon trap: reason=class_check action=maybe_recompile pc=0x00007fef894ae228 method=java.net.URLStreamHandler.equals(Ljava/net/URL;Ljava/net/URL;)Z @ 33

Internal exceptions (10 events):
Event: 0.293 Thread 0x00007fef98009800 Exception <a 'java/security/PrivilegedActionException'> (0x00000000ebce2948) thrown at [/HUDSON/workspace/8-2-build-linux-amd64/jdk8u131/8869/hotspot/src/share/vm/prims/jvm.cpp, line 1390]
Event: 0.486 Thread 0x00007fef98009800 Exception <a 'java/lang/NoClassDefFoundError': org/slf4j/Logger> (0x00000000ec262c88) thrown at [/HUDSON/workspace/8-2-build-linux-amd64/jdk8u131/8869/hotspot/src/share/vm/classfile/systemDictionary.cpp, line 199]
Event: 1.893 Thread 0x00007fef98009800 Implicit null exception at 0x00007fef891af558 to 0x00007fef891af5e6
Event: 2.034 Thread 0x00007fef98009800 Exception <a 'java/io/FileNotFoundException'> (0x00000000ef469d98) thrown at [/HUDSON/workspace/8-2-build-linux-amd64/jdk8u131/8869/hotspot/src/share/vm/prims/jni.cpp, line 709]
Event: 2.117 Thread 0x00007fef98009800 Exception <a 'java/lang/NoSuchFieldError': method resolution failed> (0x00000000ef822ca0) thrown at [/HUDSON/workspace/8-2-build-linux-amd64/jdk8u131/8869/hotspot/src/share/vm/prims/methodHandles.cpp, line 1146]
Event: 2.119 Thread 0x00007fef98009800 Exception <a 'java/lang/NoSuchFieldError': method resolution failed> (0x00000000ef830360) thrown at [/HUDSON/workspace/8-2-build-linux-amd64/jdk8u131/8869/hotspot/src/share/vm/prims/methodHandles.cpp, line 1146]
Event: 2.138 Thread 0x00007fef98009800 Exception <a 'java/io/FileNotFoundException'> (0x00000000ef8a9680) thrown at [/HUDSON/workspace/8-2-build-linux-amd64/jdk8u131/8869/hotspot/src/share/vm/prims/jni.cpp, line 709]
Event: 2.138 Thread 0x00007fef98009800 Exception <a 'java/io/FileNotFoundException'> (0x00000000ef8aa210) thrown at [/HUDSON/workspace/8-2-build-linux-amd64/jdk8u131/8869/hotspot/src/share/vm/prims/jni.cpp, line 709]
Event: 2.532 Thread 0x00007fef98009800 Exception <a 'sun/nio/fs/UnixException'> (0x00000000ef92bad0) thrown at [/HUDSON/workspace/8-2-build-linux-amd64/jdk8u131/8869/hotspot/src/share/vm/prims/jni.cpp, line 709]
Event: 2.949 Thread 0x00007fef98afe800 Exception <a 'java/lang/NoClassDefFoundError': org/zeroturnaround/javarebel/ClassEventListener> (0x00000000f16d40f0) thrown at [/HUDSON/workspace/8-2-build-linux-amd64/jdk8u131/8869/hotspot/src/share/vm/classfile/systemDictionary.cpp, line 199]

Events (10 events):
Event: 2.960 loading class java/util/regex/Pattern$CharPropertyNames$23
Event: 2.960 loading class java/util/regex/Pattern$CharPropertyNames$23 done
Event: 2.960 loading class java/util/regex/Pattern$Category
Event: 2.960 loading class java/util/regex/Pattern$Category done
Event: 2.960 loading class java/util/regex/Pattern$Loop
Event: 2.960 loading class java/util/regex/Pattern$Loop done
Event: 2.960 loading class java/util/regex/Pattern$Prolog
Event: 2.960 loading class java/util/regex/Pattern$Prolog done
Event: 3.044 loading class java/util/regex/Pattern$Neg
Event: 3.044 loading class java/util/regex/Pattern$Neg done


Dynamic libraries:
00400000-00401000 r-xp 00000000 00:15 214649                             /usr/lib/jvm/java-8-oracle/jre/bin/java
00600000-00601000 rw-p 00000000 00:15 214649                             /usr/lib/jvm/java-8-oracle/jre/bin/java
0174a000-01798000 rw-p 00000000 00:00 0                                  [heap]
c2400000-c4d80000 rw-p 00000000 00:00 0 
c4d80000-eb700000 ---p 00000000 00:00 0 
eb700000-f3d00000 rw-p 00000000 00:00 0 
f3d00000-100000000 ---p 00000000 00:00 0 
100000000-100240000 rw-p 00000000 00:00 0 
100240000-140000000 ---p 00000000 00:00 0 
7fef48000000-7fef48304000 rw-p 00000000 00:00 0 
7fef48304000-7fef4c000000 ---p 00000000 00:00 0 
7fef4c000000-7fef4c021000 rw-p 00000000 00:00 0 
7fef4c021000-7fef50000000 ---p 00000000 00:00 0 
7fef50000000-7fef50021000 rw-p 00000000 00:00 0 
7fef50021000-7fef54000000 ---p 00000000 00:00 0 
7fef54000000-7fef54021000 rw-p 00000000 00:00 0 
7fef54021000-7fef58000000 ---p 00000000 00:00 0 
7fef58fff000-7fef5c000000 rw-p 00000000 00:00 0 
7fef5c000000-7fef5c021000 rw-p 00000000 00:00 0 
7fef5c021000-7fef60000000 ---p 00000000 00:00 0 
7fef60000000-7fef60021000 rw-p 00000000 00:00 0 
7fef60021000-7fef64000000 ---p 00000000 00:00 0 
7fef64000000-7fef64602000 rw-p 00000000 00:00 0 
7fef64602000-7fef68000000 ---p 00000000 00:00 0 
7fef68000000-7fef68460000 rw-p 00000000 00:00 0 
7fef68460000-7fef6c000000 ---p 00000000 00:00 0 
7fef6c000000-7fef6c021000 rw-p 00000000 00:00 0 
7fef6c021000-7fef70000000 ---p 00000000 00:00 0 
7fef70000000-7fef70021000 rw-p 00000000 00:00 0 
7fef70021000-7fef74000000 ---p 00000000 00:00 0 
7fef74000000-7fef74021000 rw-p 00000000 00:00 0 
7fef74021000-7fef78000000 ---p 00000000 00:00 0 
7fef78000000-7fef78021000 rw-p 00000000 00:00 0 
7fef78021000-7fef7c000000 ---p 00000000 00:00 0 
7fef7c000000-7fef7c021000 rw-p 00000000 00:00 0 
7fef7c021000-7fef80000000 ---p 00000000 00:00 0 
7fef8086a000-7fef808ea000 rw-p 00000000 00:00 0 
7fef808ea000-7fef80a6a000 ---p 00000000 00:00 0 
7fef80a6a000-7fef80a6d000 ---p 00000000 00:00 0 
7fef80a6d000-7fef80b6b000 rw-p 00000000 00:00 0 
7fef80b6b000-7fef80b6e000 ---p 00000000 00:00 0 
7fef80b6e000-7fef80c6c000 rw-p 00000000 00:00 0 
7fef80c6c000-7fef80c6f000 ---p 00000000 00:00 0 
7fef80c6f000-7fef80d6d000 rw-p 00000000 00:00 0 
7fef80d6d000-7fef80d70000 ---p 00000000 00:00 0 
7fef80d70000-7fef80e6e000 rw-p 00000000 00:00 0 
7fef80e6e000-7fef80e71000 ---p 00000000 00:00 0 
7fef80e71000-7fef8116f000 rw-p 00000000 00:00 0 
7fef8116f000-7fef81172000 ---p 00000000 00:00 0 
7fef81172000-7fef81270000 rw-p 00000000 00:00 0 
7fef81270000-7fef81273000 ---p 00000000 00:00 0 
7fef81273000-7fef81371000 rw-p 00000000 00:00 0 
7fef81371000-7fef813d6000 r-xp 00000000 00:15 214945                     /usr/lib/jvm/java-8-oracle/jre/lib/amd64/libfontmanager.so
7fef813d6000-7fef815d5000 ---p 00065000 00:15 214945                     /usr/lib/jvm/java-8-oracle/jre/lib/amd64/libfontmanager.so
7fef815d5000-7fef815da000 rw-p 00064000 00:15 214945                     /usr/lib/jvm/java-8-oracle/jre/lib/amd64/libfontmanager.so
7fef815da000-7fef815ea000 rw-p 00000000 00:00 0 
7fef815ea000-7fef815f1000 r-xp 00000000 00:15 214975                     /usr/lib/jvm/java-8-oracle/jre/lib/amd64/libawt_headless.so
7fef815f1000-7fef817f0000 ---p 00007000 00:15 214975                     /usr/lib/jvm/java-8-oracle/jre/lib/amd64/libawt_headless.so
7fef817f0000-7fef817f1000 rw-p 00006000 00:15 214975                     /usr/lib/jvm/java-8-oracle/jre/lib/amd64/libawt_headless.so
7fef817f1000-7fef819f1000 rw-p 00000000 00:00 0 
7fef819f1000-7fef81a93000 r-xp 00000000 00:15 214957                     /usr/lib/jvm/java-8-oracle/jre/lib/amd64/libawt.so
7fef81a93000-7fef81c93000 ---p 000a2000 00:15 214957                     /usr/lib/jvm/java-8-oracle/jre/lib/amd64/libawt.so
7fef81c93000-7fef81c9f000 rw-p 000a2000 00:15 214957                     /usr/lib/jvm/java-8-oracle/jre/lib/amd64/libawt.so
7fef81c9f000-7fef81cc3000 rw-p 00000000 00:00 0 
7fef81cc3000-7fef81cc8000 r--s 002f9000 00:15 214753                     /usr/lib/jvm/java-8-oracle/jre/lib/charsets.jar
7fef81cc8000-7fef81cde000 r-xp 00000000 00:15 214964                     /usr/lib/jvm/java-8-oracle/jre/lib/amd64/libnet.so
7fef81cde000-7fef81ede000 ---p 00016000 00:15 214964                     /usr/lib/jvm/java-8-oracle/jre/lib/amd64/libnet.so
7fef81ede000-7fef81edf000 rw-p 00016000 00:15 214964                     /usr/lib/jvm/java-8-oracle/jre/lib/amd64/libnet.so
7fef81edf000-7fef81ef0000 r-xp 00000000 00:15 214967                     /usr/lib/jvm/java-8-oracle/jre/lib/amd64/libnio.so
7fef81ef0000-7fef820ef000 ---p 00011000 00:15 214967                     /usr/lib/jvm/java-8-oracle/jre/lib/amd64/libnio.so
7fef820ef000-7fef820f0000 rw-p 00010000 00:15 214967                     /usr/lib/jvm/java-8-oracle/jre/lib/amd64/libnio.so
7fef820f0000-7fef822f0000 rw-p 00000000 00:00 0 
7fef822f0000-7fef82306000 r-xp 00000000 00:15 1436                       /lib/x86_64-linux-gnu/libgcc_s.so.1
7fef82306000-7fef82505000 ---p 00016000 00:15 1436                       /lib/x86_64-linux-gnu/libgcc_s.so.1
7fef82505000-7fef82506000 r--p 00015000 00:15 1436                       /lib/x86_64-linux-gnu/libgcc_s.so.1
7fef82506000-7fef82507000 rw-p 00016000 00:15 1436                       /lib/x86_64-linux-gnu/libgcc_s.so.1
7fef82507000-7fef8250d000 r--s 0003f000 00:15 214819                     /usr/lib/jvm/java-8-oracle/jre/lib/ext/sunjce_provider.jar
7fef8250d000-7fef8253f000 r-xp 00000000 00:15 214916                     /usr/lib/jvm/java-8-oracle/jre/lib/amd64/libsunec.so
7fef8253f000-7fef8273e000 ---p 00032000 00:15 214916                     /usr/lib/jvm/java-8-oracle/jre/lib/amd64/libsunec.so
7fef8273e000-7fef82744000 rw-p 00031000 00:15 214916                     /usr/lib/jvm/java-8-oracle/jre/lib/amd64/libsunec.so
7fef82744000-7fef82754000 rw-p 00000000 00:00 0 
7fef82754000-7fef82756000 r--s 00009000 00:15 214809                     /usr/lib/jvm/java-8-oracle/jre/lib/ext/sunec.jar
7fef82756000-7fef82956000 rw-p 00000000 00:00 0 
7fef82956000-7fef82959000 r--s 0001c000 00:15 210068                     /var/cache/jenkins/war/WEB-INF/lib/jtidy-4aug2000r7-dev-hudson-1.jar
7fef82959000-7fef8295f000 r--s 0003e000 00:15 210067                     /var/cache/jenkins/war/WEB-INF/lib/stapler-adjunct-codemirror-1.3.jar
7fef8295f000-7fef82963000 r--s 00031000 00:15 210066                     /var/cache/jenkins/war/WEB-INF/lib/jline-2.12.jar
7fef82963000-7fef82965000 r--s 0000e000 00:15 210065                     /var/cache/jenkins/war/WEB-INF/lib/oro-2.0.8.jar
7fef82965000-7fef8296b000 r--s 00045000 00:15 210064                     /var/cache/jenkins/war/WEB-INF/lib/commons-httpclient-3.1.jar
7fef8296b000-7fef82971000 r--s 00067000 00:15 210063                     /var/cache/jenkins/war/WEB-INF/lib/antlr-2.7.6.jar
7fef82971000-7fef82973000 r--s 00000000 00:15 210062                     /var/cache/jenkins/war/WEB-INF/lib/aopalliance-1.0.jar
7fef82973000-7fef82974000 r--s 00002000 00:15 210061                     /var/cache/jenkins/war/WEB-INF/lib/systemd-slave-installer-1.1.jar
7fef82974000-7fef82976000 r--s 00000000 00:15 210060                     /var/cache/jenkins/war/WEB-INF/lib/windows-package-checker-1.2.jar
7fef82976000-7fef8297a000 r--s 00029000 00:15 210059                     /var/cache/jenkins/war/WEB-INF/lib/stapler-adjunct-timeline-1.5.jar
7fef8297a000-7fef8297b000 r--s 00003000 00:15 210058                     /var/cache/jenkins/war/WEB-INF/lib/annotation-indexer-1.11.jar
7fef8297b000-7fef8297c000 r--s 00001000 00:15 210057                     /var/cache/jenkins/war/WEB-INF/lib/embedded_su4j-1.1.jar
7fef8297c000-7fef8297e000 r--s 0001a000 00:15 210056                     /var/cache/jenkins/war/WEB-INF/lib/jansi-1.11.jar
7fef8297e000-7fef82981000 r--s 0001b000 00:15 210055                     /var/cache/jenkins/war/WEB-INF/lib/xpp3-1.1.4c.jar
7fef82981000-7fef82982000 r--s 00001000 00:15 210054                     /var/cache/jenkins/war/WEB-INF/lib/trilead-putty-extension-1.2.jar
7fef82982000-7fef829f2000 r--s 00643000 00:15 210053                     /var/cache/jenkins/war/WEB-INF/lib/groovy-all-2.4.8.jar
7fef829f2000-7fef829f4000 r--s 00032000 00:15 210052                     /var/cache/jenkins/war/WEB-INF/lib/jquery-detached-1.2.1-core-assets.jar
7fef829f4000-7fef82a00000 r--s 00069000 00:15 210051                     /var/cache/jenkins/war/WEB-INF/lib/spring-context-2.5.6.SEC03.jar
7fef82a00000-7fef82a04000 r--s 0002a000 00:15 210050                     /var/cache/jenkins/war/WEB-INF/lib/commons-io-2.4.jar
7fef82a04000-7fef82a05000 r--s 00004000 00:15 210049                     /var/cache/jenkins/war/WEB-INF/lib/asm-analysis-4.0.jar
7fef82a05000-7fef82a07000 r--s 00008000 00:15 210048                     /var/cache/jenkins/war/WEB-INF/lib/asm-commons-4.0.jar
7fef82a07000-7fef82a0b000 r--s 00014000 00:15 210047                     /var/cache/jenkins/war/WEB-INF/lib/spring-dao-1.2.9.jar
7fef82a0b000-7fef82a0e000 r--s 00013000 00:15 210046                     /var/cache/jenkins/war/WEB-INF/lib/ezmorph-1.0.6.jar
7fef82a0e000-7fef82a10000 r--s 00005000 00:15 210045                     /var/cache/jenkins/war/WEB-INF/lib/sshd-1.11.jar
7fef82a10000-7fef82a11000 r--s 00000000 00:15 210044                     /var/cache/jenkins/war/WEB-INF/lib/javax.inject-1.jar
7fef82a11000-7fef82a25000 r--s 000ae000 00:15 210043                     /var/cache/jenkins/war/WEB-INF/lib/self-signed-cert-generator-1.0.0.jar
7fef82a25000-7fef82a27000 r--s 00008000 00:15 210042                     /var/cache/jenkins/war/WEB-INF/lib/asm-util-4.0.jar
7fef82a27000-7fef82a28000 r--s 00005000 00:15 210041                     /var/cache/jenkins/war/WEB-INF/lib/commons-jelly-tags-fmt-1.0.jar
7fef82a28000-7fef82a2e000 r--s 00049000 00:15 210040                     /var/cache/jenkins/war/WEB-INF/lib/trilead-ssh2-build-217-jenkins-11.jar
7fef82a2e000-7fef82a33000 r--s 00041000 00:15 210039                     /var/cache/jenkins/war/WEB-INF/lib/commons-lang-2.6.jar
7fef82a33000-7fef82a38000 r--s 0003a000 00:15 210038                     /var/cache/jenkins/war/WEB-INF/lib/dom4j-1.6.1-jenkins-4.jar
7fef82a38000-7fef82a39000 r--s 00004000 00:15 210037                     /var/cache/jenkins/war/WEB-INF/lib/stapler-adjunct-zeroclipboard-1.3.5-1.jar
7fef82a39000-7fef82a47000 r--s 00096000 00:15 210036                     /var/cache/jenkins/war/WEB-INF/lib/guice-4.0.jar
7fef82a47000-7fef82a49000 r--s 00004000 00:15 210035                     /var/cache/jenkins/war/WEB-INF/lib/stax-api-1.0-2.jar
7fef82a49000-7fef82a4c000 r--s 0001a000 00:15 210034                     /var/cache/jenkins/war/WEB-INF/lib/j-interopdeps-2.0.6-kohsuke-1.jar
7fef82a4c000-7fef82a4e000 r--s 00006000 00:15 210033                     /var/cache/jenkins/war/WEB-INF/lib/slf4j-api-1.7.7.jar
7fef82a4e000-7fef82a6c000 r--s 001bd000 00:15 210032                     /var/cache/jenkins/war/WEB-INF/lib/ant-1.8.4.jar
7fef82a6c000-7fef82a72000 r--s 00046000 00:15 210031                     /var/cache/jenkins/war/WEB-INF/lib/jcommon-1.0.12.jar
7fef82a72000-7fef82a77000 r--s 0002b000 00:15 210030                     /var/cache/jenkins/war/WEB-INF/lib/spring-web-2.5.6.SEC03.jar
7fef82a77000-7fef82a87000 r--s 0008e000 00:15 210029                     /var/cache/jenkins/war/WEB-INF/lib/jnr-ffi-1.0.7.jar
7fef82a87000-7fef82a89000 r--s 00010000 00:15 210028                     /var/cache/jenkins/war/WEB-INF/lib/cli-2.60.1.jar
7fef82a89000-7fef82a8b000 r--s 0005d000 00:15 210027                     /var/cache/jenkins/war/WEB-INF/lib/jffi-1.2.7-native.jar
7fef82a8b000-7fef82a94000 r--s 0005a000 00:15 210026                     /var/cache/jenkins/war/WEB-INF/lib/stapler-1.250.jar
7fef82a94000-7fef82a97000 r--s 00015000 00:15 210025                     /var/cache/jenkins/war/WEB-INF/lib/spring-context-support-2.5.6.SEC03.jar
7fef82a97000-7fef82a98000 r--s 00004000 00:15 210024                     /var/cache/jenkins/war/WEB-INF/lib/libpam4j-1.8.jar
7fef82a98000-7fef82a99000 r--s 00002000 00:15 210023                     /var/cache/jenkins/war/WEB-INF/lib/upstart-slave-installer-1.1.jar
7fef82a99000-7fef82a9c000 r--s 0000e000 00:15 210022                     /var/cache/jenkins/war/WEB-INF/lib/txw2-20110809.jar
7fef82a9c000-7fef82a9d000 r--s 00001000 00:15 210021                     /var/cache/jenkins/war/WEB-INF/lib/slf4j-jdk14-1.7.7.jar
7fef82a9d000-7fef82aa3000 r--s 0007a000 00:15 210020                     /var/cache/jenkins/war/WEB-INF/lib/wstx-asl-3.2.9.jar
7fef82aa3000-7fef82ab2000 r--s 0012d000 00:15 210019                     /var/cache/jenkins/war/WEB-INF/lib/jfreechart-1.0.9.jar
7fef82ab2000-7fef82ab3000 r--s 00002000 00:15 210018                     /var/cache/jenkins/war/WEB-INF/lib/ssh-cli-auth-1.4.jar
7fef82ab3000-7fef82ab5000 r--s 00003000 00:15 210017                     /var/cache/jenkins/war/WEB-INF/lib/memory-monitor-1.9.jar
7fef82ab5000-7fef82ab6000 r--s 00001000 00:15 210016                     /var/cache/jenkins/war/WEB-INF/lib/access-modifier-annotation-1.4.jar
7fef82ab6000-7fef82ab7000 r--s 00003000 00:15 210015                     /var/cache/jenkins/war/WEB-INF/lib/constant-pool-scanner-1.2.jar
7fef82ab7000-7fef82ab9000 r--s 00003000 00:15 210014                     /var/cache/jenkins/war/WEB-INF/lib/tiger-types-2.2.jar
7fef82ab9000-7fef82abf000 r--s 00035000 00:15 210013                     /var/cache/jenkins/war/WEB-INF/lib/jaxen-1.1-beta-11.jar
7fef82abf000-7fef82ac0000 r--s 00000000 00:15 210012                     /var/cache/jenkins/war/WEB-INF/lib/symbol-annotation-1.1.jar
7fef82ac0000-7fef82ac2000 r--s 00003000 00:15 210011                     /var/cache/jenkins/war/WEB-INF/lib/jstl-1.1.0.jar
7fef82ac2000-7fef82ac7000 r--s 00034000 00:15 210010                     /var/cache/jenkins/war/WEB-INF/lib/commons-beanutils-1.8.3.jar
7fef82ac7000-7fef82acc000 r--s 00048000 00:15 210009                     /var/cache/jenkins/war/WEB-INF/lib/jnr-constants-0.8.5.jar
7fef82acc000-7fef82ace000 r--s 00010000 00:15 210008                     /var/cache/jenkins/war/WEB-INF/lib/jzlib-1.1.3-kohsuke-1.jar
7fef82ace000-7fef82ad1000 r--s 00033000 00:15 210007                     /var/cache/jenkins/war/WEB-INF/lib/jnr-x86asm-1.0.2.jar
7fef82ad1000-7fef82ad2000 r--s 00002000 00:15 210006                     /var/cache/jenkins/war/WEB-INF/lib/version-number-1.4.jar
7fef82ad2000-7fef82ad4000 r--s 00004000 00:15 210005                     /var/cache/jenkins/war/WEB-INF/lib/launchd-slave-installer-1.2.jar
7fef82ad4000-7fef82ada000 r--s 0002b000 00:15 210004                     /var/cache/jenkins/war/WEB-INF/lib/commons-digester-2.1.jar
7fef82ada000-7fef82adc000 r--s 00000000 00:15 210003                     /var/cache/jenkins/war/WEB-INF/lib/crypto-util-1.1.jar
7fef82adc000-7fef82bd4000 r--s 008e8000 00:15 210002                     /var/cache/jenkins/war/WEB-INF/lib/jenkins-core-2.60.1.jar
7fef82bd4000-7fef82bd6000 r--s 00004000 00:15 210001                     /var/cache/jenkins/war/WEB-INF/lib/instance-identity-2.1.jar
7fef82bd6000-7fef82be4000 r--s 00075000 00:15 210000                     /var/cache/jenkins/war/WEB-INF/lib/xstream-1.4.7-jenkins-1.jar
7fef82be4000-7fef82be8000 r--s 00023000 00:15 209999                     /var/cache/jenkins/war/WEB-INF/lib/jnr-posix-3.0.1.jar
7fef82be8000-7fef82bee000 r--s 00040000 00:15 209998                     /var/cache/jenkins/war/WEB-INF/lib/spring-core-2.5.6.SEC03.jar
7fef82bee000-7fef82bf5000 r--s 0005b000 00:15 209997                     /var/cache/jenkins/war/WEB-INF/lib/jcifs-1.3.17-kohsuke-1.jar
7fef82bf5000-7fef82bf7000 r--s 00008000 00:15 209996                     /var/cache/jenkins/war/WEB-INF/lib/bytecode-compatibility-transformer-1.8.jar
7fef82bf7000-7fef82bf8000 r--s 00029000 00:15 209995                     /var/cache/jenkins/war/WEB-INF/lib/windows-slave-installer-1.9.jar
7fef82bf8000-7fef82bfa000 r--s 0000e000 00:15 209994                     /var/cache/jenkins/war/WEB-INF/lib/eddsa-0.2.0.jar
7fef82bfa000-7fef82c1a000 r--s 00173000 00:15 209993                     /var/cache/jenkins/war/WEB-INF/lib/guava-11.0.1.jar
7fef82c1a000-7fef82c1b000 r--s 00004000 00:15 209992                     /var/cache/jenkins/war/WEB-INF/lib/jbcrypt-1.0.0.jar
7fef82c1b000-7fef82c1e000 r--s 0000e000 00:15 209991                     /var/cache/jenkins/war/WEB-INF/lib/libzfs-0.8.jar
7fef82c1e000-7fef82c20000 r--s 00003000 00:15 209990                     /var/cache/jenkins/war/WEB-INF/lib/icon-set-1.0.5.jar
7fef82c20000-7fef82c26000 r--s 0005a000 00:15 209989                     /var/cache/jenkins/war/WEB-INF/lib/jmdns-3.4.0-jenkins-3.jar
7fef82c26000-7fef82c28000 r--s 00007000 00:15 209988                     /var/cache/jenkins/war/WEB-INF/lib/winp-1.24.jar
7fef82c28000-7fef82c2c000 r--s 00020000 00:15 209987                     /var/cache/jenkins/war/WEB-INF/lib/jffi-1.2.7.jar
7fef82c2c000-7fef82c2d000 r--s 00000000 00:15 209986                     /var/cache/jenkins/war/WEB-INF/lib/jquery-detached-1.2.jar
7fef82c2d000-7fef82c30000 r--s 00006000 00:15 209985                     /var/cache/jenkins/war/WEB-INF/lib/jsr305-1.3.9.jar
7fef82c30000-7fef82c31000 r--s 00004000 00:15 209984                     /var/cache/jenkins/war/WEB-INF/lib/relaxngDatatype-20020414.jar
7fef82c31000-7fef82c3b000 r--s 0006e000 00:15 209983                     /var/cache/jenkins/war/WEB-INF/lib/spring-beans-2.5.6.SEC03.jar
7fef82c3b000-7fef82c3e000 r--s 00013000 00:15 209982                     /var/cache/jenkins/war/WEB-INF/lib/stapler-jelly-1.250.jar
7fef82c3e000-7fef82c3f000 r--s 00004000 00:15 209981                     /var/cache/jenkins/war/WEB-INF/lib/ant-launcher-1.8.4.jar
7fef82c3f000-7fef82c40000 r--s 00005000 00:15 209980                     /var/cache/jenkins/war/WEB-INF/lib/log4j-over-slf4j-1.7.7.jar
7fef82c40000-7fef82c42000 r--s 00004000 00:15 209979                     /var/cache/jenkins/war/WEB-INF/lib/commons-jelly-tags-define-1.0.1-hudson-20071021.jar
7fef82c42000-7fef82c4f000 r--s 00083000 00:15 209978                     /var/cache/jenkins/war/WEB-INF/lib/commons-collections-3.2.2.jar
7fef82c4f000-7fef82c51000 r--s 00025000 00:15 209977                     /var/cache/jenkins/war/WEB-INF/lib/bootstrap-1.3.2-core-assets.jar
7fef82c51000-7fef82c52000 r--s 00001000 00:15 209976                     /var/cache/jenkins/war/WEB-INF/lib/localizer-1.24.jar
7fef82c52000-7fef82c56000 r--s 0001f000 00:15 209975                     /var/cache/jenkins/war/WEB-INF/lib/commons-jexl-1.1-jenkins-20111212.jar
7fef82c56000-7fef82c5a000 r--s 00112000 00:15 209974                     /var/cache/jenkins/war/WEB-INF/lib/jna-4.2.1.jar
7fef82c5a000-7fef82c61000 r--s 0005d000 00:15 209973                     /var/cache/jenkins/war/WEB-INF/lib/commons-compress-1.10.jar
7fef82c61000-7fef82c63000 r--s 00007000 00:15 209972                     /var/cache/jenkins/war/WEB-INF/lib/stapler-groovy-1.250.jar
7fef82c63000-7fef82c6b000 r--s 00048000 00:15 209971                     /var/cache/jenkins/war/WEB-INF/lib/spring-aop-2.5.6.SEC03.jar
7fef82c6b000-7fef82c6d000 r--s 0000f000 00:15 209970                     /var/cache/jenkins/war/WEB-INF/lib/handlebars-1.1.1-core-assets.jar
7fef82c6d000-7fef82c6f000 r--s 00008000 00:15 209969                     /var/cache/jenkins/war/WEB-INF/lib/commons-jelly-tags-xml-1.1.jar
7fef82c6f000-7fef82c71000 r--s 00005000 00:15 209968                     /var/cache/jenkins/war/WEB-INF/lib/javax.annotation-api-1.2.jar
7fef82c71000-7fef82c73000 r--s 00003000 00:15 209967                     /var/cache/jenkins/war/WEB-INF/lib/jcl-over-slf4j-1.7.7.jar
7fef82c73000-7fef82c74000 r--s 00001000 00:15 209966                     /var/cache/jenkins/war/WEB-INF/lib/stapler-jrebel-1.250.jar
7fef82c74000-7fef82c76000 r--s 00005000 00:15 209965                     /var/cache/jenkins/war/WEB-INF/lib/stax-api-1.0.1.jar
7fef82c76000-7fef82c78000 r--s 00000000 00:15 209964                     /var/cache/jenkins/war/WEB-INF/lib/robust-http-client-1.2.jar
7fef82c78000-7fef82c7b000 r--s 00013000 00:15 209963                     /var/cache/jenkins/war/WEB-INF/lib/args4j-2.0.31.jar
7fef82c7b000-7fef82c82000 r--s 0003a000 00:15 209962                     /var/cache/jenkins/war/WEB-INF/lib/commons-codec-1.8.jar
7fef82c82000-7fef82c85000 r--s 00020000 00:15 209961                     /var/cache/jenkins/war/WEB-INF/lib/json-lib-2.4-jenkins-2.jar
7fef82c85000-7fef82c86000 r--s 00006000 00:15 209960                     /var/cache/jenkins/war/WEB-INF/lib/sezpoz-1.12.jar
7fef82c86000-7fef82c88000 r--s 00004000 00:15 209959                     /var/cache/jenkins/war/WEB-INF/lib/asm-tree-4.0.jar
7fef82c88000-7fef82c94000 r--s 000a4000 00:15 209956                     /var/cache/jenkins/war/WEB-INF/lib/remoting-3.7.jar
7fef82c94000-7fef82d0e000 r--s 010f6000 00:15 213316                     /usr/lib/jvm/java-8-oracle/lib/tools.jar
7fef82d0e000-7fef82d11000 ---p 00000000 00:00 0 
7fef82d11000-7fef82e0f000 rw-p 00000000 00:00 0 
7fef82e0f000-7fef82e18000 r-xp 00000000 00:15 214972                     /usr/lib/jvm/java-8-oracle/jre/lib/amd64/libmanagement.so
7fef82e18000-7fef83017000 ---p 00009000 00:15 214972                     /usr/lib/jvm/java-8-oracle/jre/lib/amd64/libmanagement.so
7fef83017000-7fef83018000 rw-p 00008000 00:15 214972                     /usr/lib/jvm/java-8-oracle/jre/lib/amd64/libmanagement.so
7fef83018000-7fef83019000 ---p 00000000 00:00 0 
7fef83019000-7fef83119000 rw-p 00000000 00:00 0 
7fef83119000-7fef8311c000 ---p 00000000 00:00 0 
7fef8311c000-7fef8321a000 rw-p 00000000 00:00 0 
7fef8321a000-7fef8321d000 ---p 00000000 00:00 0 
7fef8321d000-7fef8331b000 rw-p 00000000 00:00 0 
7fef8331b000-7fef8331e000 ---p 00000000 00:00 0 
7fef8331e000-7fef8341c000 rw-p 00000000 00:00 0 
7fef8341c000-7fef8341f000 ---p 00000000 00:00 0 
7fef8341f000-7fef8351d000 rw-p 00000000 00:00 0 
7fef8351d000-7fef837f8000 r--p 00000000 00:15 188719                     /usr/lib/locale/locale-archive
7fef837f8000-7fef837fb000 ---p 00000000 00:00 0 
7fef837fb000-7fef838f9000 rw-p 00000000 00:00 0 
7fef838f9000-7fef838fc000 ---p 00000000 00:00 0 
7fef838fc000-7fef839fa000 rw-p 00000000 00:00 0 
7fef839fa000-7fef839fb000 ---p 00000000 00:00 0 
7fef839fb000-7fef84000000 rw-p 00000000 00:00 0 
7fef84000000-7fef84021000 rw-p 00000000 00:00 0 
7fef84021000-7fef88000000 ---p 00000000 00:00 0 
7fef88000000-7fef88002000 r--s 00010000 00:15 209957                     /var/cache/jenkins/war/WEB-INF/lib/activation-1.1.1-hudson-1.jar
7fef88002000-7fef88005000 r--s 00014000 00:15 209955                     /var/cache/jenkins/war/WEB-INF/lib/jna-posix-1.0.3-jenkins-1.jar
7fef88005000-7fef8800b000 r--s 00059000 00:15 209954                     /var/cache/jenkins/war/WEB-INF/lib/j-interop-2.0.6-kohsuke-1.jar
7fef8800b000-7fef88014000 r--s 0005a000 00:15 209953                     /var/cache/jenkins/war/WEB-INF/lib/spring-webmvc-2.5.6.SEC03.jar
7fef88014000-7fef88018000 r--s 00026000 00:15 209952                     /var/cache/jenkins/war/WEB-INF/lib/commons-jelly-1.1-jenkins-20120928.jar
7fef88018000-7fef8801d000 r--s 00058000 00:15 209951                     /var/cache/jenkins/war/WEB-INF/lib/asm5-5.0.1.jar
7fef8801d000-7fef8801f000 r--s 0000f000 00:15 209948                     /var/cache/jenkins/war/WEB-INF/lib/commons-fileupload-1.3.1-jenkins-1.jar
7fef8801f000-7fef88026000 r--s 00072000 00:15 209947                     /var/cache/jenkins/war/WEB-INF/lib/mail-1.4.4.jar
7fef88026000-7fef88035000 r--s 00095000 00:15 209946                     /var/cache/jenkins/war/WEB-INF/lib/sshd-core-0.14.0.jar
7fef88035000-7fef88439000 rw-p 00000000 00:00 0 
7fef88439000-7fef88612000 r--s 03d40000 00:15 214755                     /usr/lib/jvm/java-8-oracle/jre/lib/rt.jar
7fef88612000-7fef89000000 rw-p 00000000 00:00 0 
7fef89000000-7fef894f0000 rwxp 00000000 00:00 0 
7fef894f0000-7fef98000000 ---p 00000000 00:00 0 
7fef98000000-7fef98b5d000 rw-p 00000000 00:00 0 
7fef98b5d000-7fef9c000000 ---p 00000000 00:00 0 
7fef9c000000-7fef9c001000 r--s 00004000 00:15 209958                     /var/cache/jenkins/war/WEB-INF/lib/task-reactor-1.4.jar
7fef9c001000-7fef9c00e000 r--s 00079000 00:15 209945                     /var/cache/jenkins/war/WEB-INF/lib/acegi-security-1.0.7.jar
7fef9c00e000-7fef9c010000 r--s 0000a000 00:15 209944                     /var/cache/jenkins/war/WEB-INF/lib/asm-4.0.jar
7fef9c010000-7fef9c015000 r--s 00029000 00:15 209943                     /var/cache/jenkins/war/WEB-INF/lib/spring-jdbc-1.2.9.jar
7fef9c015000-7fef9c018000 r--s 00010000 00:15 209942                     /var/cache/jenkins/war/WEB-INF/lib/commons-discovery-0.4.jar
7fef9c018000-7fef9c01a000 r--s 00005000 00:15 209941                     /var/cache/jenkins/war/WEB-INF/lib/slave-installer-1.5.jar
7fef9c01a000-7fef9c03b000 r--s 001db000 00:15 216691                     /tmp/winstone5588373203061942487.jar
7fef9c03b000-7fef9c045000 r--s 00116000 00:15 214818                     /usr/lib/jvm/java-8-oracle/jre/lib/ext/localedata.jar
7fef9c045000-7fef9c061000 r--s 00393000 00:15 214811                     /usr/lib/jvm/java-8-oracle/jre/lib/ext/cldrdata.jar
7fef9c061000-7fef9c07c000 r--s 0433d000 00:15 201950                     /usr/share/jenkins/jenkins.war
7fef9c07c000-7fef9dfab000 rw-p 00000000 00:00 0 
7fef9dfab000-7fef9dfac000 ---p 00000000 00:00 0 
7fef9dfac000-7fef9e0ac000 rw-p 00000000 00:00 0 
7fef9e0ac000-7fef9e0ad000 ---p 00000000 00:00 0 
7fef9e0ad000-7fef9e1c2000 rw-p 00000000 00:00 0 
7fef9e1c2000-7fef9e2f7000 ---p 00000000 00:00 0 
7fef9e2f7000-7fef9e30c000 rw-p 00000000 00:00 0 
7fef9e30c000-7fef9e440000 ---p 00000000 00:00 0 
7fef9e440000-7fef9e484000 rw-p 00000000 00:00 0 
7fef9e484000-7fef9e4e5000 ---p 00000000 00:00 0 
7fef9e4e5000-7fef9e4fa000 rw-p 00000000 00:00 0 
7fef9e4fa000-7fef9e8a6000 ---p 00000000 00:00 0 
7fef9e8a6000-7fef9e8c0000 r-xp 00000000 00:15 214960                     /usr/lib/jvm/java-8-oracle/jre/lib/amd64/libzip.so
7fef9e8c0000-7fef9eac0000 ---p 0001a000 00:15 214960                     /usr/lib/jvm/java-8-oracle/jre/lib/amd64/libzip.so
7fef9eac0000-7fef9eac1000 rw-p 0001a000 00:15 214960                     /usr/lib/jvm/java-8-oracle/jre/lib/amd64/libzip.so
7fef9eac1000-7fef9eacc000 r-xp 00000000 00:15 143342                     /lib/x86_64-linux-gnu/libnss_files-2.24.so
7fef9eacc000-7fef9eccb000 ---p 0000b000 00:15 143342                     /lib/x86_64-linux-gnu/libnss_files-2.24.so
7fef9eccb000-7fef9eccc000 r--p 0000a000 00:15 143342                     /lib/x86_64-linux-gnu/libnss_files-2.24.so
7fef9eccc000-7fef9eccd000 rw-p 0000b000 00:15 143342                     /lib/x86_64-linux-gnu/libnss_files-2.24.so
7fef9eccd000-7fef9ecd3000 rw-p 00000000 00:00 0 
7fef9ecd3000-7fef9ecde000 r-xp 00000000 00:15 143344                     /lib/x86_64-linux-gnu/libnss_nis-2.24.so
7fef9ecde000-7fef9eedd000 ---p 0000b000 00:15 143344                     /lib/x86_64-linux-gnu/libnss_nis-2.24.so
7fef9eedd000-7fef9eede000 r--p 0000a000 00:15 143344                     /lib/x86_64-linux-gnu/libnss_nis-2.24.so
7fef9eede000-7fef9eedf000 rw-p 0000b000 00:15 143344                     /lib/x86_64-linux-gnu/libnss_nis-2.24.so
7fef9eedf000-7fef9eef5000 r-xp 00000000 00:15 143339                     /lib/x86_64-linux-gnu/libnsl-2.24.so
7fef9eef5000-7fef9f0f4000 ---p 00016000 00:15 143339                     /lib/x86_64-linux-gnu/libnsl-2.24.so
7fef9f0f4000-7fef9f0f5000 r--p 00015000 00:15 143339                     /lib/x86_64-linux-gnu/libnsl-2.24.so
7fef9f0f5000-7fef9f0f6000 rw-p 00016000 00:15 143339                     /lib/x86_64-linux-gnu/libnsl-2.24.so
7fef9f0f6000-7fef9f0f8000 rw-p 00000000 00:00 0 
7fef9f0f8000-7fef9f100000 r-xp 00000000 00:15 143340                     /lib/x86_64-linux-gnu/libnss_compat-2.24.so
7fef9f100000-7fef9f2ff000 ---p 00008000 00:15 143340                     /lib/x86_64-linux-gnu/libnss_compat-2.24.so
7fef9f2ff000-7fef9f300000 r--p 00007000 00:15 143340                     /lib/x86_64-linux-gnu/libnss_compat-2.24.so
7fef9f300000-7fef9f301000 rw-p 00008000 00:15 143340                     /lib/x86_64-linux-gnu/libnss_compat-2.24.so
7fef9f301000-7fef9f32c000 r-xp 00000000 00:15 214954                     /usr/lib/jvm/java-8-oracle/jre/lib/amd64/libjava.so
7fef9f32c000-7fef9f52b000 ---p 0002b000 00:15 214954                     /usr/lib/jvm/java-8-oracle/jre/lib/amd64/libjava.so
7fef9f52b000-7fef9f52d000 rw-p 0002a000 00:15 214954                     /usr/lib/jvm/java-8-oracle/jre/lib/amd64/libjava.so
7fef9f52d000-7fef9f53a000 r-xp 00000000 00:15 214959                     /usr/lib/jvm/java-8-oracle/jre/lib/amd64/libverify.so
7fef9f53a000-7fef9f739000 ---p 0000d000 00:15 214959                     /usr/lib/jvm/java-8-oracle/jre/lib/amd64/libverify.so
7fef9f739000-7fef9f73b000 rw-p 0000c000 00:15 214959                     /usr/lib/jvm/java-8-oracle/jre/lib/amd64/libverify.so
7fef9f73b000-7fef9f742000 r-xp 00000000 00:15 143349                     /lib/x86_64-linux-gnu/librt-2.24.so
7fef9f742000-7fef9f941000 ---p 00007000 00:15 143349                     /lib/x86_64-linux-gnu/librt-2.24.so
7fef9f941000-7fef9f942000 r--p 00006000 00:15 143349                     /lib/x86_64-linux-gnu/librt-2.24.so
7fef9f942000-7fef9f943000 rw-p 00007000 00:15 143349                     /lib/x86_64-linux-gnu/librt-2.24.so
7fef9f943000-7fef9fa4b000 r-xp 00000000 00:15 143336                     /lib/x86_64-linux-gnu/libm-2.24.so
7fef9fa4b000-7fef9fc4a000 ---p 00108000 00:15 143336                     /lib/x86_64-linux-gnu/libm-2.24.so
7fef9fc4a000-7fef9fc4b000 r--p 00107000 00:15 143336                     /lib/x86_64-linux-gnu/libm-2.24.so
7fef9fc4b000-7fef9fc4c000 rw-p 00108000 00:15 143336                     /lib/x86_64-linux-gnu/libm-2.24.so
7fef9fc4c000-7fefa091b000 r-xp 00000000 00:15 214936                     /usr/lib/jvm/java-8-oracle/jre/lib/amd64/server/libjvm.so
7fefa091b000-7fefa0b1b000 ---p 00ccf000 00:15 214936                     /usr/lib/jvm/java-8-oracle/jre/lib/amd64/server/libjvm.so
7fefa0b1b000-7fefa0bf4000 rw-p 00ccf000 00:15 214936                     /usr/lib/jvm/java-8-oracle/jre/lib/amd64/server/libjvm.so
7fefa0bf4000-7fefa0c3f000 rw-p 00000000 00:00 0 
7fefa0c3f000-7fefa0dfd000 r-xp 00000000 00:15 143332                     /lib/x86_64-linux-gnu/libc-2.24.so
7fefa0dfd000-7fefa0ffc000 ---p 001be000 00:15 143332                     /lib/x86_64-linux-gnu/libc-2.24.so
7fefa0ffc000-7fefa1000000 r--p 001bd000 00:15 143332                     /lib/x86_64-linux-gnu/libc-2.24.so
7fefa1000000-7fefa1002000 rw-p 001c1000 00:15 143332                     /lib/x86_64-linux-gnu/libc-2.24.so
7fefa1002000-7fefa1006000 rw-p 00000000 00:00 0 
7fefa1006000-7fefa1009000 r-xp 00000000 00:15 143335                     /lib/x86_64-linux-gnu/libdl-2.24.so
7fefa1009000-7fefa1208000 ---p 00003000 00:15 143335                     /lib/x86_64-linux-gnu/libdl-2.24.so
7fefa1208000-7fefa1209000 r--p 00002000 00:15 143335                     /lib/x86_64-linux-gnu/libdl-2.24.so
7fefa1209000-7fefa120a000 rw-p 00003000 00:15 143335                     /lib/x86_64-linux-gnu/libdl-2.24.so
7fefa120a000-7fefa121f000 r-xp 00000000 00:15 214932                     /usr/lib/jvm/java-8-oracle/jre/lib/amd64/jli/libjli.so
7fefa121f000-7fefa141f000 ---p 00015000 00:15 214932                     /usr/lib/jvm/java-8-oracle/jre/lib/amd64/jli/libjli.so
7fefa141f000-7fefa1420000 rw-p 00015000 00:15 214932                     /usr/lib/jvm/java-8-oracle/jre/lib/amd64/jli/libjli.so
7fefa1420000-7fefa1438000 r-xp 00000000 00:15 143347                     /lib/x86_64-linux-gnu/libpthread-2.24.so
7fefa1438000-7fefa1638000 ---p 00018000 00:15 143347                     /lib/x86_64-linux-gnu/libpthread-2.24.so
7fefa1638000-7fefa1639000 r--p 00018000 00:15 143347                     /lib/x86_64-linux-gnu/libpthread-2.24.so
7fefa1639000-7fefa163a000 rw-p 00019000 00:15 143347                     /lib/x86_64-linux-gnu/libpthread-2.24.so
7fefa163a000-7fefa163e000 rw-p 00000000 00:00 0 
7fefa163e000-7fefa1664000 r-xp 00000000 00:15 143328                     /lib/x86_64-linux-gnu/ld-2.24.so
7fefa1664000-7fefa1665000 r--s 00000000 00:15 209950                     /var/cache/jenkins/war/WEB-INF/lib/bridge-method-annotation-1.13.jar
7fefa1665000-7fefa166a000 r--s 0009a000 00:15 214807                     /usr/lib/jvm/java-8-oracle/jre/lib/jsse.jar
7fefa166a000-7fefa174f000 rw-p 00000000 00:00 0 
7fefa174f000-7fefa1757000 rw-s 00000000 00:15 216690                     /tmp/hsperfdata_jenkins/6628
7fefa1757000-7fefa175a000 ---p 00000000 00:00 0 
7fefa175a000-7fefa185a000 rw-p 00000000 00:00 0 
7fefa185a000-7fefa185b000 r--s 00004000 00:15 209949                     /var/cache/jenkins/war/WEB-INF/lib/akuma-1.10.jar
7fefa185b000-7fefa185e000 r--s 0001a000 00:15 214980                     /usr/lib/jvm/java-8-oracle/jre/lib/jce.jar
7fefa185e000-7fefa185f000 rw-p 00000000 00:00 0 
7fefa185f000-7fefa1860000 r--p 00000000 00:00 0 
7fefa1860000-7fefa1863000 rw-p 00000000 00:00 0 
7fefa1863000-7fefa1864000 r--p 00025000 00:15 143328                     /lib/x86_64-linux-gnu/ld-2.24.so
7fefa1864000-7fefa1865000 rw-p 00026000 00:15 143328                     /lib/x86_64-linux-gnu/ld-2.24.so
7fefa1865000-7fefa1866000 rw-p 00000000 00:00 0 
7fff260e0000-7fff26101000 rw-p 00000000 00:00 0                          [stack]
7fff2615b000-7fff2615d000 r--p 00000000 00:00 0                          [vvar]
7fff2615d000-7fff2615f000 r-xp 00000000 00:00 0                          [vdso]
ffffffffff600000-ffffffffff601000 r-xp 00000000 00:00 0                  [vsyscall]

VM Arguments:
jvm_args: -Djava.awt.headless=true 
java_command: /usr/share/jenkins/jenkins.war --webroot=/var/cache/jenkins/war --httpPort=8080
java_class_path (initial): /usr/share/jenkins/jenkins.war
Launcher Type: SUN_STANDARD

Environment Variables:
JAVA_HOME=/usr/lib/jvm/java-8-oracle
PATH=/usr/local/bin:/usr/bin:/bin:/usr/local/games:/usr/games:/usr/lib/jvm/java-8-oracle/bin:/usr/lib/jvm/java-8-oracle/db/bin:/usr/lib/jvm/java-8-oracle/jre/bin
SHELL=/bin/bash

Signal Handlers:
SIGSEGV: [libjvm.so+0xac8af0], sa_mask[0]=11111111011111111101111111111110, sa_flags=SA_RESTART|SA_SIGINFO
SIGBUS: [libjvm.so+0xac8af0], sa_mask[0]=11111111011111111101111111111110, sa_flags=SA_RESTART|SA_SIGINFO
SIGFPE: [libjvm.so+0x921dd0], sa_mask[0]=11111111011111111101111111111110, sa_flags=SA_RESTART|SA_SIGINFO
SIGPIPE: [libjvm.so+0x921dd0], sa_mask[0]=11111111011111111101111111111110, sa_flags=SA_RESTART|SA_SIGINFO
SIGXFSZ: [libjvm.so+0x921dd0], sa_mask[0]=11111111011111111101111111111110, sa_flags=SA_RESTART|SA_SIGINFO
SIGILL: [libjvm.so+0x921dd0], sa_mask[0]=11111111011111111101111111111110, sa_flags=SA_RESTART|SA_SIGINFO
SIGUSR1: SIG_DFL, sa_mask[0]=00000000000000000000000000000000, sa_flags=none
SIGUSR2: [libjvm.so+0x923610], sa_mask[0]=00100000000000000000000000000000, sa_flags=SA_RESTART|SA_SIGINFO
SIGHUP: SIG_IGN, sa_mask[0]=00000000000000000000000000000000, sa_flags=none
SIGINT: [libjvm.so+0x924a10], sa_mask[0]=11111111011111111101111111111110, sa_flags=SA_RESTART|SA_SIGINFO
SIGTERM: [libjvm.so+0x924a10], sa_mask[0]=11111111011111111101111111111110, sa_flags=SA_RESTART|SA_SIGINFO
SIGQUIT: [libjvm.so+0x924a10], sa_mask[0]=11111111011111111101111111111110, sa_flags=SA_RESTART|SA_SIGINFO


---------------  S Y S T E M  ---------------

OS:DISTRIB_ID=Ubuntu
DISTRIB_RELEASE=17.04
DISTRIB_CODENAME=zesty
DISTRIB_DESCRIPTION="Ubuntu 17.04"

uname:Linux 4.10.0-26-generic #30-Ubuntu SMP Tue Jun 27 09:30:12 UTC 2017 x86_64
libc:glibc 2.24 NPTL 2.24 
rlimit: STACK 8192k, CORE 0k, NPROC 15631, NOFILE 1048576, AS infinity
load average:0.17 0.29 0.21

/proc/meminfo:
MemTotal:        4043424 kB
MemFree:         1972552 kB
MemAvailable:    3569388 kB
Buffers:            2100 kB
Cached:          1789620 kB
SwapCached:            0 kB
Active:          1115960 kB
Inactive:         855940 kB
Active(anon):     181876 kB
Inactive(anon):     4516 kB
Active(file):     934084 kB
Inactive(file):   851424 kB
Unevictable:           0 kB
Mlocked:               0 kB
SwapTotal:       2021704 kB
SwapFree:        2021704 kB
Dirty:               256 kB
Writeback:             0 kB
AnonPages:        180180 kB
Mapped:            42924 kB
Shmem:              6212 kB
Slab:              55432 kB
SReclaimable:      35060 kB
SUnreclaim:        20372 kB
KernelStack:        2688 kB
PageTables:         3620 kB
NFS_Unstable:          0 kB
Bounce:                0 kB
WritebackTmp:          0 kB
CommitLimit:     4043416 kB
Committed_AS:     424600 kB
VmallocTotal:   34359738367 kB
VmallocUsed:           0 kB
VmallocChunk:          0 kB
HardwareCorrupted:     0 kB
AnonHugePages:    100352 kB
ShmemHugePages:        0 kB
ShmemPmdMapped:        0 kB
CmaTotal:              0 kB
CmaFree:               0 kB
HugePages_Total:       0
HugePages_Free:        0
HugePages_Rsvd:        0
HugePages_Surp:        0
Hugepagesize:       2048 kB
DirectMap4k:       89024 kB
DirectMap2M:     4104192 kB


CPU:total 2 (initial active 2) (2 cores per cpu, 1 threads per core) family 6 model 15 stepping 6, cmov, cx8, fxsr, mmx, sse, sse2, sse3, ssse3, tsc

/proc/cpuinfo:
processor	: 0
vendor_id	: GenuineIntel
cpu family	: 6
model		: 15
model name	: Intel(R) Core(TM)2 CPU          6600  @ 2.40GHz
stepping	: 6
microcode	: 0x44
cpu MHz		: 2400.000
cache size	: 4096 KB
physical id	: 0
siblings	: 2
core id		: 0
cpu cores	: 2
apicid		: 0
initial apicid	: 0
fpu		: yes
fpu_exception	: yes
cpuid level	: 10
wp		: yes
flags		: fpu vme de pse tsc msr pae mce cx8 apic sep mtrr pge mca cmov pat pse36 clflush dts acpi mmx fxsr sse sse2 ss ht tm pbe syscall nx lm constant_tsc arch_perfmon pebs bts rep_good nopl aperfmperf pni dtes64 monitor ds_cpl vmx est tm2 ssse3 cx16 xtpr pdcm lahf_lm tpr_shadow dtherm
bugs		:
bogomips	: 4799.81
clflush size	: 64
cache_alignment	: 64
address sizes	: 36 bits physical, 48 bits virtual
power management:

processor	: 1
vendor_id	: GenuineIntel
cpu family	: 6
model		: 15
model name	: Intel(R) Core(TM)2 CPU          6600  @ 2.40GHz
stepping	: 6
microcode	: 0x44
cpu MHz		: 2400.000
cache size	: 4096 KB
physical id	: 0
siblings	: 2
core id		: 1
cpu cores	: 2
apicid		: 1
initial apicid	: 1
fpu		: yes
fpu_exception	: yes
cpuid level	: 10
wp		: yes
flags		: fpu vme de pse tsc msr pae mce cx8 apic sep mtrr pge mca cmov pat pse36 clflush dts acpi mmx fxsr sse sse2 ss ht tm pbe syscall nx lm constant_tsc arch_perfmon pebs bts rep_good nopl aperfmperf pni dtes64 monitor ds_cpl vmx est tm2 ssse3 cx16 xtpr pdcm lahf_lm tpr_shadow dtherm
bugs		:
bogomips	: 4799.81
clflush size	: 64
cache_alignment	: 64
address sizes	: 36 bits physical, 48 bits virtual
power management:



Memory: 4k page, physical 4043424k(1972552k free), swap 2021704k(2021704k free)

vm_info: Java HotSpot(TM) 64-Bit Server VM (25.131-b11) for linux-amd64 JRE (1.8.0_131-b11), built on Mar 15 2017 01:23:40 by "java_re" with gcc 4.3.0 20080428 (Red Hat 4.3.0-8)

time: Fri Jul 14 13:08:02 2017
elapsed time: 3 seconds (0d 0h 0m 3s)

