Nov 05, 2013 4:11:00 PM hudson.model.RunMap retrieve
WARNING: could not load /u01/jenkins/jenkins_home/builds/java-build-opennet-dep/2013-11-05_08-54-29
java.io.FileNotFoundException: /u01/jenkins/jenkins_home/builds/A1ON-java-build-opennet-dep/2013-11-05_08-54-29/build.xml (No such file or directory)
	at java.io.FileInputStream.open(Native Method)
	at java.io.FileInputStream.<init>(FileInputStream.java:138)
	at hudson.XmlFile.unmarshal(XmlFile.java:163)
	at hudson.model.Run.reload(Run.java:307)
	at hudson.model.Run.<init>(Run.java:296)
	at hudson.model.AbstractBuild.<init>(AbstractBuild.java:182)
	at hudson.maven.AbstractMavenBuild.<init>(AbstractMavenBuild.java:54)
	at hudson.maven.MavenModuleSetBuild.<init>(MavenModuleSetBuild.java:135)
	at sun.reflect.GeneratedConstructorAccessor2145.newInstance(Unknown Source)
	at sun.reflect.DelegatingConstructorAccessorImpl.newInstance(DelegatingConstructorAccessorImpl.java:45)
	at java.lang.reflect.Constructor.newInstance(Constructor.java:525)
	at hudson.model.AbstractProject.loadBuild(AbstractProject.java:1120)
	at hudson.model.AbstractProject$1.create(AbstractProject.java:317)
	at hudson.model.AbstractProject$1.create(AbstractProject.java:315)
	at hudson.model.RunMap.retrieve(RunMap.java:225)
	at hudson.model.RunMap.retrieve(RunMap.java:59)
	at jenkins.model.lazy.AbstractLazyLoadRunMap.load(AbstractLazyLoadRunMap.java:667)
	at jenkins.model.lazy.AbstractLazyLoadRunMap.load(AbstractLazyLoadRunMap.java:650)
	at jenkins.model.lazy.AbstractLazyLoadRunMap.getById(AbstractLazyLoadRunMap.java:522)
	at jenkins.model.lazy.AbstractLazyLoadRunMap.search(AbstractLazyLoadRunMap.java:496)
	at jenkins.model.lazy.AbstractLazyLoadRunMap.newestBuild(AbstractLazyLoadRunMap.java:321)
	at hudson.model.AbstractProject.getLastBuild(AbstractProject.java:1057)
	at hudson.model.AbstractProject.getLastBuiltOn(AbstractProject.java:1160)
	at hudson.maven.MavenModule.getAssignedLabel(MavenModule.java:386)
	at hudson.model.Label.getTiedJobs(Label.java:339)
	at sun.reflect.GeneratedMethodAccessor59618.invoke(Unknown Source)
	at sun.reflect.DelegatingMethodAccessorImpl.invoke(DelegatingMethodAccessorImpl.java:43)
	at java.lang.reflect.Method.invoke(Method.java:601)
	at org.kohsuke.stapler.export.MethodProperty.getValue(MethodProperty.java:66)
	at org.kohsuke.stapler.export.Property.writeTo(Property.java:114)
	at org.kohsuke.stapler.export.Model.writeNestedObjectTo(Model.java:187)
	at org.kohsuke.stapler.export.Model.writeNestedObjectTo(Model.java:182)
	at org.kohsuke.stapler.export.Model.writeTo(Model.java:154)
	at org.kohsuke.stapler.ResponseImpl.serveExposedBean(ResponseImpl.java:264)
	at hudson.model.Api.doXml(Api.java:95)
	at sun.reflect.GeneratedMethodAccessor123.invoke(Unknown Source)
	at sun.reflect.DelegatingMethodAccessorImpl.invoke(DelegatingMethodAccessorImpl.java:43)
	at java.lang.reflect.Method.invoke(Method.java:601)
	at org.kohsuke.stapler.Function$InstanceFunction.invoke(Function.java:288)
	at org.kohsuke.stapler.Function.bindAndInvoke(Function.java:151)
	at org.kohsuke.stapler.Function.bindAndInvokeAndServeResponse(Function.java:90)
	at org.kohsuke.stapler.MetaClass$1.doDispatch(MetaClass.java:111)
	at org.kohsuke.stapler.NameBasedDispatcher.dispatch(NameBasedDispatcher.java:53)
	at org.kohsuke.stapler.Stapler.tryInvoke(Stapler.java:677)
	at org.kohsuke.stapler.Stapler.invoke(Stapler.java:770)
	at org.kohsuke.stapler.MetaClass$4.doDispatch(MetaClass.java:203)
	at org.kohsuke.stapler.NameBasedDispatcher.dispatch(NameBasedDispatcher.java:53)
	at org.kohsuke.stapler.Stapler.tryInvoke(Stapler.java:677)
	at org.kohsuke.stapler.Stapler.invoke(Stapler.java:770)
	at org.kohsuke.stapler.MetaClass$6.doDispatch(MetaClass.java:241)
	at org.kohsuke.stapler.NameBasedDispatcher.dispatch(NameBasedDispatcher.java:53)
	at org.kohsuke.stapler.Stapler.tryInvoke(Stapler.java:677)
	at org.kohsuke.stapler.Stapler.invoke(Stapler.java:770)
	at org.kohsuke.stapler.Stapler.invoke(Stapler.java:583)
	at org.kohsuke.stapler.Stapler.service(Stapler.java:214)
	at javax.servlet.http.HttpServlet.service(HttpServlet.java:723)
	at org.apache.catalina.core.ApplicationFilterChain.internalDoFilter(ApplicationFilterChain.java:290)
	at org.apache.catalina.core.ApplicationFilterChain.doFilter(ApplicationFilterChain.java:206)
	at hudson.util.PluginServletFilter$1.doFilter(PluginServletFilter.java:95)
	at hudson.plugins.greenballs.GreenBallFilter.doFilter(GreenBallFilter.java:58)
	at hudson.util.PluginServletFilter$1.doFilter(PluginServletFilter.java:98)
	at hudson.util.PluginServletFilter.doFilter(PluginServletFilter.java:87)
	at org.apache.catalina.core.ApplicationFilterChain.internalDoFilter(ApplicationFilterChain.java:235)
	at org.apache.catalina.core.ApplicationFilterChain.doFilter(ApplicationFilterChain.java:206)
	at hudson.security.csrf.CrumbFilter.doFilter(CrumbFilter.java:48)
	at org.apache.catalina.core.ApplicationFilterChain.internalDoFilter(ApplicationFilterChain.java:235)
	at org.apache.catalina.core.ApplicationFilterChain.doFilter(ApplicationFilterChain.java:206)
	at hudson.security.ChainedServletFilter$1.doFilter(ChainedServletFilter.java:84)
	at hudson.security.UnwrapSecurityExceptionFilter.doFilter(UnwrapSecurityExceptionFilter.java:51)
	at hudson.security.ChainedServletFilter$1.doFilter(ChainedServletFilter.java:87)
	at org.acegisecurity.ui.ExceptionTranslationFilter.doFilter(ExceptionTranslationFilter.java:124)
	at hudson.security.ChainedServletFilter$1.doFilter(ChainedServletFilter.java:87)
	at org.acegisecurity.providers.anonymous.AnonymousProcessingFilter.doFilter(AnonymousProcessingFilter.java:125)
	at hudson.security.ChainedServletFilter$1.doFilter(ChainedServletFilter.java:87)
	at org.acegisecurity.ui.rememberme.RememberMeProcessingFilter.doFilter(RememberMeProcessingFilter.java:142)
	at hudson.security.ChainedServletFilter$1.doFilter(ChainedServletFilter.java:87)
	at org.acegisecurity.ui.AbstractProcessingFilter.doFilter(AbstractProcessingFilter.java:271)
	at hudson.security.ChainedServletFilter$1.doFilter(ChainedServletFilter.java:87)
	at org.acegisecurity.ui.basicauth.BasicProcessingFilter.doFilter(BasicProcessingFilter.java:174)
	at hudson.security.ChainedServletFilter$1.doFilter(ChainedServletFilter.java:87)
	at jenkins.security.ApiTokenFilter.doFilter(ApiTokenFilter.java:64)
	at hudson.security.ChainedServletFilter$1.doFilter(ChainedServletFilter.java:87)
	at org.acegisecurity.context.HttpSessionContextIntegrationFilter.doFilter(HttpSessionContextIntegrationFilter.java:249)
	at hudson.security.HttpSessionContextIntegrationFilter2.doFilter(HttpSessionContextIntegrationFilter2.java:66)
	at hudson.security.ChainedServletFilter$1.doFilter(ChainedServletFilter.java:87)
	at hudson.security.ChainedServletFilter.doFilter(ChainedServletFilter.java:76)
	at hudson.security.HudsonFilter.doFilter(HudsonFilter.java:164)
	at org.apache.catalina.core.ApplicationFilterChain.internalDoFilter(ApplicationFilterChain.java:235)
	at org.apache.catalina.core.ApplicationFilterChain.doFilter(ApplicationFilterChain.java:206)
	at org.kohsuke.stapler.compression.CompressionFilter.doFilter(CompressionFilter.java:50)
	at org.apache.catalina.core.ApplicationFilterChain.internalDoFilter(ApplicationFilterChain.java:235)
	at org.apache.catalina.core.ApplicationFilterChain.doFilter(ApplicationFilterChain.java:206)
	at hudson.util.CharacterEncodingFilter.doFilter(CharacterEncodingFilter.java:81)
	at org.apache.catalina.core.ApplicationFilterChain.internalDoFilter(ApplicationFilterChain.java:235)
	at org.apache.catalina.core.ApplicationFilterChain.doFilter(ApplicationFilterChain.java:206)
	at org.apache.catalina.core.StandardWrapperValve.invoke(StandardWrapperValve.java:219)
	at org.apache.catalina.core.StandardContextValve.invoke(StandardContextValve.java:191)
	at org.apache.catalina.authenticator.AuthenticatorBase.invoke(AuthenticatorBase.java:470)
	at org.apache.catalina.core.StandardHostValve.invoke(StandardHostValve.java:127)
	at org.apache.catalina.valves.ErrorReportValve.invoke(ErrorReportValve.java:103)
	at org.apache.catalina.core.StandardEngineValve.invoke(StandardEngineValve.java:109)
	at org.apache.catalina.connector.CoyoteAdapter.service(CoyoteAdapter.java:293)
	at org.apache.coyote.http11.Http11Processor.process(Http11Processor.java:861)
	at org.apache.coyote.http11.Http11Protocol$Http11ConnectionHandler.process(Http11Protocol.java:606)
	at org.apache.tomcat.util.net.JIoEndpoint$SocketProcessor.run(JIoEndpoint.java:396)
	at java.util.concurrent.ThreadPoolExecutor.runWorker(ThreadPoolExecutor.java:1145)
	at java.util.concurrent.ThreadPoolExecutor$Worker.run(ThreadPoolExecutor.java:615)
	at java.lang.Thread.run(Thread.java:722)


