2014-06-20 16:33:30
Full thread dump Java HotSpot(TM) 64-Bit Server VM (24.55-b03 mixed mode):

"Attach Listener" daemon prio=5 tid=0x00007fbe8430b800 nid=0xb907 waiting on condition [0x0000000000000000]
   java.lang.Thread.State: RUNNABLE

"OOB-2,Jenkins,cleclerccbmbp3-001-46203 (309 bytes)" prio=5 tid=0x00007fbe85142000 nid=0xe907 waiting on condition [0x000000011935f000]
   java.lang.Thread.State: WAITING (parking)
	at sun.misc.Unsafe.park(Native Method)
	- parking to wait for  <0x00000007e1c5e668> (a java.util.concurrent.locks.AbstractQueuedSynchronizer$ConditionObject)
	at java.util.concurrent.locks.LockSupport.park(LockSupport.java:186)
	at java.util.concurrent.locks.AbstractQueuedSynchronizer$ConditionObject.await(AbstractQueuedSynchronizer.java:2043)
	at java.util.concurrent.LinkedBlockingQueue.take(LinkedBlockingQueue.java:442)
	at java.util.concurrent.ThreadPoolExecutor.getTask(ThreadPoolExecutor.java:1068)
	at java.util.concurrent.ThreadPoolExecutor.runWorker(ThreadPoolExecutor.java:1130)
	at java.util.concurrent.ThreadPoolExecutor$Worker.run(ThreadPoolExecutor.java:615)
	at java.lang.Thread.run(Thread.java:745)

"OOB-1,Jenkins,cleclerccbmbp3-001-46203 (309 bytes)" prio=5 tid=0x00007fbe83b99000 nid=0xe607 waiting on condition [0x0000000118618000]
   java.lang.Thread.State: WAITING (parking)
	at sun.misc.Unsafe.park(Native Method)
	- parking to wait for  <0x00000007e1c5e668> (a java.util.concurrent.locks.AbstractQueuedSynchronizer$ConditionObject)
	at java.util.concurrent.locks.LockSupport.park(LockSupport.java:186)
	at java.util.concurrent.locks.AbstractQueuedSynchronizer$ConditionObject.await(AbstractQueuedSynchronizer.java:2043)
	at java.util.concurrent.LinkedBlockingQueue.take(LinkedBlockingQueue.java:442)
	at java.util.concurrent.ThreadPoolExecutor.getTask(ThreadPoolExecutor.java:1068)
	at java.util.concurrent.ThreadPoolExecutor.runWorker(ThreadPoolExecutor.java:1130)
	at java.util.concurrent.ThreadPoolExecutor$Worker.run(ThreadPoolExecutor.java:615)
	at java.lang.Thread.run(Thread.java:745)

"ServiceRegistry-1-thread-1" daemon prio=5 tid=0x00007fbe85161800 nid=0xe403 waiting on condition [0x000000011925c000]
   java.lang.Thread.State: WAITING (parking)
	at sun.misc.Unsafe.park(Native Method)
	- parking to wait for  <0x00000007e2a54778> (a java.util.concurrent.locks.AbstractQueuedSynchronizer$ConditionObject)
	at java.util.concurrent.locks.LockSupport.park(LockSupport.java:186)
	at java.util.concurrent.locks.AbstractQueuedSynchronizer$ConditionObject.await(AbstractQueuedSynchronizer.java:2043)
	at java.util.concurrent.LinkedBlockingQueue.take(LinkedBlockingQueue.java:442)
	at java.util.concurrent.ThreadPoolExecutor.getTask(ThreadPoolExecutor.java:1068)
	at java.util.concurrent.ThreadPoolExecutor.runWorker(ThreadPoolExecutor.java:1130)
	at java.util.concurrent.ThreadPoolExecutor$Worker.run(ThreadPoolExecutor.java:615)
	at java.lang.Thread.run(Thread.java:745)

"MapDB writer #1" daemon prio=5 tid=0x00007fbe869f2800 nid=0xe203 waiting on condition [0x000000011784f000]
   java.lang.Thread.State: TIMED_WAITING (parking)
	at sun.misc.Unsafe.park(Native Method)
	at java.util.concurrent.locks.LockSupport.parkNanos(LockSupport.java:349)
	at org.mapdb.AsyncWriteEngine$WriterRunnable.run(AsyncWriteEngine.java:162)
	at java.lang.Thread.run(Thread.java:745)

"jenkins.util.Timer [#10]" daemon prio=5 tid=0x00007fbe88892000 nid=0xe003 waiting on condition [0x0000000119159000]
   java.lang.Thread.State: WAITING (parking)
	at sun.misc.Unsafe.park(Native Method)
	- parking to wait for  <0x00000007e1f09c68> (a java.util.concurrent.locks.AbstractQueuedSynchronizer$ConditionObject)
	at java.util.concurrent.locks.LockSupport.park(LockSupport.java:186)
	at java.util.concurrent.locks.AbstractQueuedSynchronizer$ConditionObject.await(AbstractQueuedSynchronizer.java:2043)
	at java.util.concurrent.ScheduledThreadPoolExecutor$DelayedWorkQueue.take(ScheduledThreadPoolExecutor.java:1085)
	at java.util.concurrent.ScheduledThreadPoolExecutor$DelayedWorkQueue.take(ScheduledThreadPoolExecutor.java:807)
	at java.util.concurrent.ThreadPoolExecutor.getTask(ThreadPoolExecutor.java:1068)
	at java.util.concurrent.ThreadPoolExecutor.runWorker(ThreadPoolExecutor.java:1130)
	at java.util.concurrent.ThreadPoolExecutor$Worker.run(ThreadPoolExecutor.java:615)
	at java.lang.Thread.run(Thread.java:745)

"jenkins.util.Timer [#9]" daemon prio=5 tid=0x00007fbe83c24000 nid=0xde03 waiting on condition [0x0000000119056000]
   java.lang.Thread.State: TIMED_WAITING (parking)
	at sun.misc.Unsafe.park(Native Method)
	- parking to wait for  <0x00000007e1f09c68> (a java.util.concurrent.locks.AbstractQueuedSynchronizer$ConditionObject)
	at java.util.concurrent.locks.LockSupport.parkNanos(LockSupport.java:226)
	at java.util.concurrent.locks.AbstractQueuedSynchronizer$ConditionObject.awaitNanos(AbstractQueuedSynchronizer.java:2082)
	at java.util.concurrent.ScheduledThreadPoolExecutor$DelayedWorkQueue.take(ScheduledThreadPoolExecutor.java:1090)
	at java.util.concurrent.ScheduledThreadPoolExecutor$DelayedWorkQueue.take(ScheduledThreadPoolExecutor.java:807)
	at java.util.concurrent.ThreadPoolExecutor.getTask(ThreadPoolExecutor.java:1068)
	at java.util.concurrent.ThreadPoolExecutor.runWorker(ThreadPoolExecutor.java:1130)
	at java.util.concurrent.ThreadPoolExecutor$Worker.run(ThreadPoolExecutor.java:615)
	at java.lang.Thread.run(Thread.java:745)

"jenkins.util.Timer [#8]" daemon prio=5 tid=0x00007fbe850e3000 nid=0xdc03 waiting on condition [0x0000000118f53000]
   java.lang.Thread.State: TIMED_WAITING (parking)
	at sun.misc.Unsafe.park(Native Method)
	- parking to wait for  <0x00000007e1f09c68> (a java.util.concurrent.locks.AbstractQueuedSynchronizer$ConditionObject)
	at java.util.concurrent.locks.LockSupport.parkNanos(LockSupport.java:226)
	at java.util.concurrent.locks.AbstractQueuedSynchronizer$ConditionObject.awaitNanos(AbstractQueuedSynchronizer.java:2082)
	at java.util.concurrent.ScheduledThreadPoolExecutor$DelayedWorkQueue.take(ScheduledThreadPoolExecutor.java:1090)
	at java.util.concurrent.ScheduledThreadPoolExecutor$DelayedWorkQueue.take(ScheduledThreadPoolExecutor.java:807)
	at java.util.concurrent.ThreadPoolExecutor.getTask(ThreadPoolExecutor.java:1068)
	at java.util.concurrent.ThreadPoolExecutor.runWorker(ThreadPoolExecutor.java:1130)
	at java.util.concurrent.ThreadPoolExecutor$Worker.run(ThreadPoolExecutor.java:615)
	at java.lang.Thread.run(Thread.java:745)

"ViewJob reload thread" daemon prio=5 tid=0x00007fbe83d21800 nid=0xda03 in Object.wait() [0x0000000118e50000]
   java.lang.Thread.State: TIMED_WAITING (on object monitor)
	at java.lang.Object.wait(Native Method)
	- waiting on <0x00000007e3046cb0> (a java.util.LinkedHashSet)
	at hudson.model.ViewJob$ReloadThread.getNext(ViewJob.java:176)
	- locked <0x00000007e3046cb0> (a java.util.LinkedHashSet)
	at hudson.model.ViewJob$ReloadThread.run(ViewJob.java:193)

"jenkins.util.Timer [#7]" daemon prio=5 tid=0x00007fbe83fb1000 nid=0xd803 waiting on condition [0x0000000118d4d000]
   java.lang.Thread.State: WAITING (parking)
	at sun.misc.Unsafe.park(Native Method)
	- parking to wait for  <0x00000007e1f09c68> (a java.util.concurrent.locks.AbstractQueuedSynchronizer$ConditionObject)
	at java.util.concurrent.locks.LockSupport.park(LockSupport.java:186)
	at java.util.concurrent.locks.AbstractQueuedSynchronizer$ConditionObject.await(AbstractQueuedSynchronizer.java:2043)
	at java.util.concurrent.ScheduledThreadPoolExecutor$DelayedWorkQueue.take(ScheduledThreadPoolExecutor.java:1085)
	at java.util.concurrent.ScheduledThreadPoolExecutor$DelayedWorkQueue.take(ScheduledThreadPoolExecutor.java:807)
	at java.util.concurrent.ThreadPoolExecutor.getTask(ThreadPoolExecutor.java:1068)
	at java.util.concurrent.ThreadPoolExecutor.runWorker(ThreadPoolExecutor.java:1130)
	at java.util.concurrent.ThreadPoolExecutor$Worker.run(ThreadPoolExecutor.java:615)
	at java.lang.Thread.run(Thread.java:745)

"jenkins.util.Timer [#6]" daemon prio=5 tid=0x00007fbe83ebd800 nid=0xd603 waiting on condition [0x0000000118c4a000]
   java.lang.Thread.State: TIMED_WAITING (parking)
	at sun.misc.Unsafe.park(Native Method)
	- parking to wait for  <0x00000007e1f09c68> (a java.util.concurrent.locks.AbstractQueuedSynchronizer$ConditionObject)
	at java.util.concurrent.locks.LockSupport.parkNanos(LockSupport.java:226)
	at java.util.concurrent.locks.AbstractQueuedSynchronizer$ConditionObject.awaitNanos(AbstractQueuedSynchronizer.java:2082)
	at java.util.concurrent.ScheduledThreadPoolExecutor$DelayedWorkQueue.take(ScheduledThreadPoolExecutor.java:1090)
	at java.util.concurrent.ScheduledThreadPoolExecutor$DelayedWorkQueue.take(ScheduledThreadPoolExecutor.java:807)
	at java.util.concurrent.ThreadPoolExecutor.getTask(ThreadPoolExecutor.java:1068)
	at java.util.concurrent.ThreadPoolExecutor.runWorker(ThreadPoolExecutor.java:1130)
	at java.util.concurrent.ThreadPoolExecutor$Worker.run(ThreadPoolExecutor.java:615)
	at java.lang.Thread.run(Thread.java:745)

"jenkins.util.Timer [#5]" daemon prio=5 tid=0x00007fbe83c11800 nid=0xd403 waiting on condition [0x0000000118b47000]
   java.lang.Thread.State: WAITING (parking)
	at sun.misc.Unsafe.park(Native Method)
	- parking to wait for  <0x00000007e1f09c68> (a java.util.concurrent.locks.AbstractQueuedSynchronizer$ConditionObject)
	at java.util.concurrent.locks.LockSupport.park(LockSupport.java:186)
	at java.util.concurrent.locks.AbstractQueuedSynchronizer$ConditionObject.await(AbstractQueuedSynchronizer.java:2043)
	at java.util.concurrent.ScheduledThreadPoolExecutor$DelayedWorkQueue.take(ScheduledThreadPoolExecutor.java:1085)
	at java.util.concurrent.ScheduledThreadPoolExecutor$DelayedWorkQueue.take(ScheduledThreadPoolExecutor.java:807)
	at java.util.concurrent.ThreadPoolExecutor.getTask(ThreadPoolExecutor.java:1068)
	at java.util.concurrent.ThreadPoolExecutor.runWorker(ThreadPoolExecutor.java:1130)
	at java.util.concurrent.ThreadPoolExecutor$Worker.run(ThreadPoolExecutor.java:615)
	at java.lang.Thread.run(Thread.java:745)

"jenkins.util.Timer [#4]" daemon prio=5 tid=0x00007fbe85034800 nid=0xd203 waiting on condition [0x000000011887f000]
   java.lang.Thread.State: TIMED_WAITING (parking)
	at sun.misc.Unsafe.park(Native Method)
	- parking to wait for  <0x00000007e1f09c68> (a java.util.concurrent.locks.AbstractQueuedSynchronizer$ConditionObject)
	at java.util.concurrent.locks.LockSupport.parkNanos(LockSupport.java:226)
	at java.util.concurrent.locks.AbstractQueuedSynchronizer$ConditionObject.awaitNanos(AbstractQueuedSynchronizer.java:2082)
	at java.util.concurrent.ScheduledThreadPoolExecutor$DelayedWorkQueue.take(ScheduledThreadPoolExecutor.java:1090)
	at java.util.concurrent.ScheduledThreadPoolExecutor$DelayedWorkQueue.take(ScheduledThreadPoolExecutor.java:807)
	at java.util.concurrent.ThreadPoolExecutor.getTask(ThreadPoolExecutor.java:1068)
	at java.util.concurrent.ThreadPoolExecutor.runWorker(ThreadPoolExecutor.java:1130)
	at java.util.concurrent.ThreadPoolExecutor$Worker.run(ThreadPoolExecutor.java:615)
	at java.lang.Thread.run(Thread.java:745)

"jenkins.util.Timer [#3]" daemon prio=5 tid=0x00007fbe83d5b000 nid=0x3b07 waiting on condition [0x000000011877c000]
   java.lang.Thread.State: WAITING (parking)
	at sun.misc.Unsafe.park(Native Method)
	- parking to wait for  <0x00000007e1f09c68> (a java.util.concurrent.locks.AbstractQueuedSynchronizer$ConditionObject)
	at java.util.concurrent.locks.LockSupport.park(LockSupport.java:186)
	at java.util.concurrent.locks.AbstractQueuedSynchronizer$ConditionObject.await(AbstractQueuedSynchronizer.java:2043)
	at java.util.concurrent.ScheduledThreadPoolExecutor$DelayedWorkQueue.take(ScheduledThreadPoolExecutor.java:1085)
	at java.util.concurrent.ScheduledThreadPoolExecutor$DelayedWorkQueue.take(ScheduledThreadPoolExecutor.java:807)
	at java.util.concurrent.ThreadPoolExecutor.getTask(ThreadPoolExecutor.java:1068)
	at java.util.concurrent.ThreadPoolExecutor.runWorker(ThreadPoolExecutor.java:1130)
	at java.util.concurrent.ThreadPoolExecutor$Worker.run(ThreadPoolExecutor.java:615)
	at java.lang.Thread.run(Thread.java:745)

"jenkins.util.Timer [#2]" daemon prio=5 tid=0x00007fbe842e4000 nid=0xd003 waiting on condition [0x0000000118349000]
   java.lang.Thread.State: TIMED_WAITING (parking)
	at sun.misc.Unsafe.park(Native Method)
	- parking to wait for  <0x00000007e1f09c68> (a java.util.concurrent.locks.AbstractQueuedSynchronizer$ConditionObject)
	at java.util.concurrent.locks.LockSupport.parkNanos(LockSupport.java:226)
	at java.util.concurrent.locks.AbstractQueuedSynchronizer$ConditionObject.awaitNanos(AbstractQueuedSynchronizer.java:2082)
	at java.util.concurrent.ScheduledThreadPoolExecutor$DelayedWorkQueue.take(ScheduledThreadPoolExecutor.java:1090)
	at java.util.concurrent.ScheduledThreadPoolExecutor$DelayedWorkQueue.take(ScheduledThreadPoolExecutor.java:807)
	at java.util.concurrent.ThreadPoolExecutor.getTask(ThreadPoolExecutor.java:1068)
	at java.util.concurrent.ThreadPoolExecutor.runWorker(ThreadPoolExecutor.java:1130)
	at java.util.concurrent.ThreadPoolExecutor$Worker.run(ThreadPoolExecutor.java:615)
	at java.lang.Thread.run(Thread.java:745)

"javamelody" daemon prio=5 tid=0x00007fbe848d0800 nid=0xce03 in Object.wait() [0x0000000117f68000]
   java.lang.Thread.State: TIMED_WAITING (on object monitor)
	at java.lang.Object.wait(Native Method)
	- waiting on <0x00000007e25c81b0> (a java.util.TaskQueue)
	at java.util.TimerThread.mainLoop(Timer.java:552)
	- locked <0x00000007e25c81b0> (a java.util.TaskQueue)
	at java.util.TimerThread.run(Timer.java:505)

"RequestHandlerThread[#21]" daemon prio=5 tid=0x00007fbe85307800 nid=0xcc03 waiting on condition [0x0000000117dbf000]
   java.lang.Thread.State: TIMED_WAITING (parking)
	at sun.misc.Unsafe.park(Native Method)
	- parking to wait for  <0x00000007e1a787e0> (a java.util.concurrent.SynchronousQueue$TransferStack)
	at java.util.concurrent.locks.LockSupport.parkNanos(LockSupport.java:226)
	at java.util.concurrent.SynchronousQueue$TransferStack.awaitFulfill(SynchronousQueue.java:460)
	at java.util.concurrent.SynchronousQueue$TransferStack.transfer(SynchronousQueue.java:359)
	at java.util.concurrent.SynchronousQueue.poll(SynchronousQueue.java:942)
	at java.util.concurrent.ThreadPoolExecutor.getTask(ThreadPoolExecutor.java:1068)
	at java.util.concurrent.ThreadPoolExecutor.runWorker(ThreadPoolExecutor.java:1130)
	at java.util.concurrent.ThreadPoolExecutor$Worker.run(ThreadPoolExecutor.java:615)
	at java.lang.Thread.run(Thread.java:745)

"RequestHandlerThread[#18]" daemon prio=5 tid=0x00007fbe854ff000 nid=0xc603 waiting on condition [0x0000000117982000]
   java.lang.Thread.State: TIMED_WAITING (parking)
	at sun.misc.Unsafe.park(Native Method)
	- parking to wait for  <0x00000007e1a787e0> (a java.util.concurrent.SynchronousQueue$TransferStack)
	at java.util.concurrent.locks.LockSupport.parkNanos(LockSupport.java:226)
	at java.util.concurrent.SynchronousQueue$TransferStack.awaitFulfill(SynchronousQueue.java:460)
	at java.util.concurrent.SynchronousQueue$TransferStack.transfer(SynchronousQueue.java:359)
	at java.util.concurrent.SynchronousQueue.poll(SynchronousQueue.java:942)
	at java.util.concurrent.ThreadPoolExecutor.getTask(ThreadPoolExecutor.java:1068)
	at java.util.concurrent.ThreadPoolExecutor.runWorker(ThreadPoolExecutor.java:1130)
	at java.util.concurrent.ThreadPoolExecutor$Worker.run(ThreadPoolExecutor.java:615)
	at java.lang.Thread.run(Thread.java:745)

"Thread-6" daemon prio=5 tid=0x00007fbe854f1800 nid=0x440b runnable [0x00000001172c4000]
   java.lang.Thread.State: RUNNABLE
	at sun.nio.ch.KQueue.keventPoll(Native Method)
	at sun.nio.ch.KQueuePort$EventHandlerTask.poll(KQueuePort.java:196)
	at sun.nio.ch.KQueuePort$EventHandlerTask.run(KQueuePort.java:276)
	at java.lang.Thread.run(Thread.java:745)

"pool-8-thread-16" daemon prio=5 tid=0x00007fbe852d1800 nid=0xb503 waiting on condition [0x0000000113557000]
   java.lang.Thread.State: WAITING (parking)
	at sun.misc.Unsafe.park(Native Method)
	- parking to wait for  <0x00000007e1e45908> (a java.util.concurrent.locks.AbstractQueuedSynchronizer$ConditionObject)
	at java.util.concurrent.locks.LockSupport.park(LockSupport.java:186)
	at java.util.concurrent.locks.AbstractQueuedSynchronizer$ConditionObject.await(AbstractQueuedSynchronizer.java:2043)
	at java.util.concurrent.LinkedBlockingQueue.take(LinkedBlockingQueue.java:442)
	at java.util.concurrent.ThreadPoolExecutor.getTask(ThreadPoolExecutor.java:1068)
	at java.util.concurrent.ThreadPoolExecutor.runWorker(ThreadPoolExecutor.java:1130)
	at java.util.concurrent.ThreadPoolExecutor$Worker.run(ThreadPoolExecutor.java:615)
	at java.lang.Thread.run(Thread.java:745)

"pool-8-thread-15" daemon prio=5 tid=0x00007fbe83879000 nid=0xb303 waiting on condition [0x0000000113454000]
   java.lang.Thread.State: WAITING (parking)
	at sun.misc.Unsafe.park(Native Method)
	- parking to wait for  <0x00000007e1e45908> (a java.util.concurrent.locks.AbstractQueuedSynchronizer$ConditionObject)
	at java.util.concurrent.locks.LockSupport.park(LockSupport.java:186)
	at java.util.concurrent.locks.AbstractQueuedSynchronizer$ConditionObject.await(AbstractQueuedSynchronizer.java:2043)
	at java.util.concurrent.LinkedBlockingQueue.take(LinkedBlockingQueue.java:442)
	at java.util.concurrent.ThreadPoolExecutor.getTask(ThreadPoolExecutor.java:1068)
	at java.util.concurrent.ThreadPoolExecutor.runWorker(ThreadPoolExecutor.java:1130)
	at java.util.concurrent.ThreadPoolExecutor$Worker.run(ThreadPoolExecutor.java:615)
	at java.lang.Thread.run(Thread.java:745)

"pool-8-thread-14" daemon prio=5 tid=0x00007fbe854b0800 nid=0xb103 waiting on condition [0x0000000113351000]
   java.lang.Thread.State: WAITING (parking)
	at sun.misc.Unsafe.park(Native Method)
	- parking to wait for  <0x00000007e1e45908> (a java.util.concurrent.locks.AbstractQueuedSynchronizer$ConditionObject)
	at java.util.concurrent.locks.LockSupport.park(LockSupport.java:186)
	at java.util.concurrent.locks.AbstractQueuedSynchronizer$ConditionObject.await(AbstractQueuedSynchronizer.java:2043)
	at java.util.concurrent.LinkedBlockingQueue.take(LinkedBlockingQueue.java:442)
	at java.util.concurrent.ThreadPoolExecutor.getTask(ThreadPoolExecutor.java:1068)
	at java.util.concurrent.ThreadPoolExecutor.runWorker(ThreadPoolExecutor.java:1130)
	at java.util.concurrent.ThreadPoolExecutor$Worker.run(ThreadPoolExecutor.java:615)
	at java.lang.Thread.run(Thread.java:745)

"pool-8-thread-13" daemon prio=5 tid=0x00007fbe83873000 nid=0xaf03 waiting on condition [0x000000011324e000]
   java.lang.Thread.State: WAITING (parking)
	at sun.misc.Unsafe.park(Native Method)
	- parking to wait for  <0x00000007e1e45908> (a java.util.concurrent.locks.AbstractQueuedSynchronizer$ConditionObject)
	at java.util.concurrent.locks.LockSupport.park(LockSupport.java:186)
	at java.util.concurrent.locks.AbstractQueuedSynchronizer$ConditionObject.await(AbstractQueuedSynchronizer.java:2043)
	at java.util.concurrent.LinkedBlockingQueue.take(LinkedBlockingQueue.java:442)
	at java.util.concurrent.ThreadPoolExecutor.getTask(ThreadPoolExecutor.java:1068)
	at java.util.concurrent.ThreadPoolExecutor.runWorker(ThreadPoolExecutor.java:1130)
	at java.util.concurrent.ThreadPoolExecutor$Worker.run(ThreadPoolExecutor.java:615)
	at java.lang.Thread.run(Thread.java:745)

"pool-8-thread-12" daemon prio=5 tid=0x00007fbe84187000 nid=0xad03 waiting on condition [0x000000011314b000]
   java.lang.Thread.State: WAITING (parking)
	at sun.misc.Unsafe.park(Native Method)
	- parking to wait for  <0x00000007e1e45908> (a java.util.concurrent.locks.AbstractQueuedSynchronizer$ConditionObject)
	at java.util.concurrent.locks.LockSupport.park(LockSupport.java:186)
	at java.util.concurrent.locks.AbstractQueuedSynchronizer$ConditionObject.await(AbstractQueuedSynchronizer.java:2043)
	at java.util.concurrent.LinkedBlockingQueue.take(LinkedBlockingQueue.java:442)
	at java.util.concurrent.ThreadPoolExecutor.getTask(ThreadPoolExecutor.java:1068)
	at java.util.concurrent.ThreadPoolExecutor.runWorker(ThreadPoolExecutor.java:1130)
	at java.util.concurrent.ThreadPoolExecutor$Worker.run(ThreadPoolExecutor.java:615)
	at java.lang.Thread.run(Thread.java:745)

"pool-8-thread-11" daemon prio=5 tid=0x00007fbe83b4b000 nid=0xab03 waiting on condition [0x0000000113048000]
   java.lang.Thread.State: WAITING (parking)
	at sun.misc.Unsafe.park(Native Method)
	- parking to wait for  <0x00000007e1e45908> (a java.util.concurrent.locks.AbstractQueuedSynchronizer$ConditionObject)
	at java.util.concurrent.locks.LockSupport.park(LockSupport.java:186)
	at java.util.concurrent.locks.AbstractQueuedSynchronizer$ConditionObject.await(AbstractQueuedSynchronizer.java:2043)
	at java.util.concurrent.LinkedBlockingQueue.take(LinkedBlockingQueue.java:442)
	at java.util.concurrent.ThreadPoolExecutor.getTask(ThreadPoolExecutor.java:1068)
	at java.util.concurrent.ThreadPoolExecutor.runWorker(ThreadPoolExecutor.java:1130)
	at java.util.concurrent.ThreadPoolExecutor$Worker.run(ThreadPoolExecutor.java:615)
	at java.lang.Thread.run(Thread.java:745)

"pool-8-thread-10" daemon prio=5 tid=0x00007fbe84c78000 nid=0xa903 waiting on condition [0x0000000112f45000]
   java.lang.Thread.State: WAITING (parking)
	at sun.misc.Unsafe.park(Native Method)
	- parking to wait for  <0x00000007e1e45908> (a java.util.concurrent.locks.AbstractQueuedSynchronizer$ConditionObject)
	at java.util.concurrent.locks.LockSupport.park(LockSupport.java:186)
	at java.util.concurrent.locks.AbstractQueuedSynchronizer$ConditionObject.await(AbstractQueuedSynchronizer.java:2043)
	at java.util.concurrent.LinkedBlockingQueue.take(LinkedBlockingQueue.java:442)
	at java.util.concurrent.ThreadPoolExecutor.getTask(ThreadPoolExecutor.java:1068)
	at java.util.concurrent.ThreadPoolExecutor.runWorker(ThreadPoolExecutor.java:1130)
	at java.util.concurrent.ThreadPoolExecutor$Worker.run(ThreadPoolExecutor.java:615)
	at java.lang.Thread.run(Thread.java:745)

"pool-8-thread-9" daemon prio=5 tid=0x00007fbe84c7f000 nid=0xa703 waiting on condition [0x0000000112e42000]
   java.lang.Thread.State: WAITING (parking)
	at sun.misc.Unsafe.park(Native Method)
	- parking to wait for  <0x00000007e1e45908> (a java.util.concurrent.locks.AbstractQueuedSynchronizer$ConditionObject)
	at java.util.concurrent.locks.LockSupport.park(LockSupport.java:186)
	at java.util.concurrent.locks.AbstractQueuedSynchronizer$ConditionObject.await(AbstractQueuedSynchronizer.java:2043)
	at java.util.concurrent.LinkedBlockingQueue.take(LinkedBlockingQueue.java:442)
	at java.util.concurrent.ThreadPoolExecutor.getTask(ThreadPoolExecutor.java:1068)
	at java.util.concurrent.ThreadPoolExecutor.runWorker(ThreadPoolExecutor.java:1130)
	at java.util.concurrent.ThreadPoolExecutor$Worker.run(ThreadPoolExecutor.java:615)
	at java.lang.Thread.run(Thread.java:745)

"pool-8-thread-8" daemon prio=5 tid=0x00007fbe8708b000 nid=0xa503 waiting on condition [0x0000000112d3f000]
   java.lang.Thread.State: WAITING (parking)
	at sun.misc.Unsafe.park(Native Method)
	- parking to wait for  <0x00000007e1e45908> (a java.util.concurrent.locks.AbstractQueuedSynchronizer$ConditionObject)
	at java.util.concurrent.locks.LockSupport.park(LockSupport.java:186)
	at java.util.concurrent.locks.AbstractQueuedSynchronizer$ConditionObject.await(AbstractQueuedSynchronizer.java:2043)
	at java.util.concurrent.LinkedBlockingQueue.take(LinkedBlockingQueue.java:442)
	at java.util.concurrent.ThreadPoolExecutor.getTask(ThreadPoolExecutor.java:1068)
	at java.util.concurrent.ThreadPoolExecutor.runWorker(ThreadPoolExecutor.java:1130)
	at java.util.concurrent.ThreadPoolExecutor$Worker.run(ThreadPoolExecutor.java:615)
	at java.lang.Thread.run(Thread.java:745)

"pool-8-thread-7" daemon prio=5 tid=0x00007fbe842b5000 nid=0xa303 waiting on condition [0x0000000112c3c000]
   java.lang.Thread.State: WAITING (parking)
	at sun.misc.Unsafe.park(Native Method)
	- parking to wait for  <0x00000007e1e45908> (a java.util.concurrent.locks.AbstractQueuedSynchronizer$ConditionObject)
	at java.util.concurrent.locks.LockSupport.park(LockSupport.java:186)
	at java.util.concurrent.locks.AbstractQueuedSynchronizer$ConditionObject.await(AbstractQueuedSynchronizer.java:2043)
	at java.util.concurrent.LinkedBlockingQueue.take(LinkedBlockingQueue.java:442)
	at java.util.concurrent.ThreadPoolExecutor.getTask(ThreadPoolExecutor.java:1068)
	at java.util.concurrent.ThreadPoolExecutor.runWorker(ThreadPoolExecutor.java:1130)
	at java.util.concurrent.ThreadPoolExecutor$Worker.run(ThreadPoolExecutor.java:615)
	at java.lang.Thread.run(Thread.java:745)

"Loading job mobile" daemon prio=5 tid=0x00007fbe84c7e000 nid=0xa103 waiting for monitor entry [0x0000000112b38000]
   java.lang.Thread.State: BLOCKED (on object monitor)
	at java.lang.Class.initAnnotationsIfNecessary(Class.java:3175)
	- waiting to lock <0x00000007e1a85fa0> (a java.lang.Class for hudson.model.Run)
	at java.lang.Class.getAnnotation(Class.java:3137)
	at com.thoughtworks.xstream.mapper.AnnotationMapper$UnprocessedTypesSet.add(AnnotationMapper.java:625)
	at com.thoughtworks.xstream.mapper.AnnotationMapper$UnprocessedTypesSet.add(AnnotationMapper.java:610)
	at com.thoughtworks.xstream.mapper.AnnotationMapper$1.add(AnnotationMapper.java:250)
	at com.thoughtworks.xstream.mapper.AnnotationMapper$1.add(AnnotationMapper.java:245)
	at com.thoughtworks.xstream.mapper.AnnotationMapper.addParametrizedTypes(AnnotationMapper.java:279)
	at com.thoughtworks.xstream.mapper.AnnotationMapper.processTypes(AnnotationMapper.java:204)
	- locked <0x00000007e0713420> (a java.lang.Class for hudson.model.Job)
	at com.thoughtworks.xstream.mapper.AnnotationMapper.processAnnotations(AnnotationMapper.java:182)
	at com.thoughtworks.xstream.mapper.AnnotationMapper.defaultImplementationOf(AnnotationMapper.java:141)
	at com.thoughtworks.xstream.mapper.MapperWrapper.defaultImplementationOf(MapperWrapper.java:46)
	at hudson.util.xstream.MapperDelegate.defaultImplementationOf(MapperDelegate.java:59)
	at com.thoughtworks.xstream.mapper.MapperWrapper.defaultImplementationOf(MapperWrapper.java:46)
	at com.thoughtworks.xstream.core.TreeUnmarshaller.convertAnother(TreeUnmarshaller.java:54)
	at com.thoughtworks.xstream.core.TreeUnmarshaller.convertAnother(TreeUnmarshaller.java:50)
	at com.thoughtworks.xstream.core.TreeUnmarshaller.start(TreeUnmarshaller.java:134)
	at com.thoughtworks.xstream.core.AbstractTreeMarshallingStrategy.unmarshal(AbstractTreeMarshallingStrategy.java:32)
	at com.thoughtworks.xstream.XStream.unmarshal(XStream.java:1189)
	at hudson.util.XStream2.unmarshal(XStream2.java:113)
	at com.thoughtworks.xstream.XStream.unmarshal(XStream.java:1173)
	at com.thoughtworks.xstream.XStream.fromXML(XStream.java:1053)
	at hudson.XmlFile.read(XmlFile.java:142)
	at hudson.model.Items.load(Items.java:275)
	at hudson.model.ItemGroupMixIn.loadChildren(ItemGroupMixIn.java:105)
	at com.cloudbees.hudson.plugins.folder.Folder.onLoad(Folder.java:238)
	at hudson.model.Items.load(Items.java:276)
	at jenkins.model.Jenkins$18.run(Jenkins.java:2588)
	at org.jvnet.hudson.reactor.TaskGraphBuilder$TaskImpl.run(TaskGraphBuilder.java:169)
	at org.jvnet.hudson.reactor.Reactor.runTask(Reactor.java:282)
	at jenkins.model.Jenkins$7.runTask(Jenkins.java:899)
	at org.jvnet.hudson.reactor.Reactor$2.run(Reactor.java:210)
	at org.jvnet.hudson.reactor.Reactor$Node.run(Reactor.java:117)
	at java.util.concurrent.ThreadPoolExecutor.runWorker(ThreadPoolExecutor.java:1145)
	at java.util.concurrent.ThreadPoolExecutor$Worker.run(ThreadPoolExecutor.java:615)
	at java.lang.Thread.run(Thread.java:745)

"Loading job admin" daemon prio=5 tid=0x00007fbe879bf000 nid=0x9f03 waiting for monitor entry [0x0000000112a35000]
   java.lang.Thread.State: BLOCKED (on object monitor)
	at java.lang.Class.initAnnotationsIfNecessary(Class.java:3175)
	- waiting to lock <0x00000007e0713420> (a java.lang.Class for hudson.model.Job)
	at java.lang.Class.getAnnotation(Class.java:3137)
	at com.thoughtworks.xstream.mapper.AnnotationMapper$UnprocessedTypesSet.add(AnnotationMapper.java:625)
	at com.thoughtworks.xstream.mapper.AnnotationMapper$UnprocessedTypesSet.add(AnnotationMapper.java:610)
	at com.thoughtworks.xstream.mapper.AnnotationMapper$1.add(AnnotationMapper.java:250)
	at com.thoughtworks.xstream.mapper.AnnotationMapper$1.add(AnnotationMapper.java:245)
	at com.thoughtworks.xstream.mapper.AnnotationMapper.addParametrizedTypes(AnnotationMapper.java:279)
	at com.thoughtworks.xstream.mapper.AnnotationMapper.processTypes(AnnotationMapper.java:204)
	- locked <0x00000007e1a85fa0> (a java.lang.Class for hudson.model.Run)
	at com.thoughtworks.xstream.mapper.AnnotationMapper.processAnnotations(AnnotationMapper.java:182)
	at com.thoughtworks.xstream.mapper.AnnotationMapper.defaultImplementationOf(AnnotationMapper.java:141)
	at com.thoughtworks.xstream.mapper.MapperWrapper.defaultImplementationOf(MapperWrapper.java:46)
	at hudson.util.xstream.MapperDelegate.defaultImplementationOf(MapperDelegate.java:59)
	at com.thoughtworks.xstream.mapper.MapperWrapper.defaultImplementationOf(MapperWrapper.java:46)
	at com.thoughtworks.xstream.core.TreeUnmarshaller.convertAnother(TreeUnmarshaller.java:54)
	at com.thoughtworks.xstream.core.TreeUnmarshaller.convertAnother(TreeUnmarshaller.java:50)
	at com.thoughtworks.xstream.core.TreeUnmarshaller.start(TreeUnmarshaller.java:134)
	at com.thoughtworks.xstream.core.AbstractTreeMarshallingStrategy.unmarshal(AbstractTreeMarshallingStrategy.java:32)
	at com.thoughtworks.xstream.XStream.unmarshal(XStream.java:1189)
	at hudson.util.XStream2.unmarshal(XStream2.java:113)
	at com.thoughtworks.xstream.XStream.unmarshal(XStream.java:1173)
	at com.thoughtworks.xstream.XStream.fromXML(XStream.java:1053)
	at hudson.XmlFile.read(XmlFile.java:142)
	at hudson.model.Items.load(Items.java:275)
	at hudson.model.ItemGroupMixIn.loadChildren(ItemGroupMixIn.java:105)
	at com.cloudbees.hudson.plugins.folder.Folder.onLoad(Folder.java:238)
	at hudson.model.Items.load(Items.java:276)
	at jenkins.model.Jenkins$18.run(Jenkins.java:2588)
	at org.jvnet.hudson.reactor.TaskGraphBuilder$TaskImpl.run(TaskGraphBuilder.java:169)
	at org.jvnet.hudson.reactor.Reactor.runTask(Reactor.java:282)
	at jenkins.model.Jenkins$7.runTask(Jenkins.java:899)
	at org.jvnet.hudson.reactor.Reactor$2.run(Reactor.java:210)
	at org.jvnet.hudson.reactor.Reactor$Node.run(Reactor.java:117)
	at java.util.concurrent.ThreadPoolExecutor.runWorker(ThreadPoolExecutor.java:1145)
	at java.util.concurrent.ThreadPoolExecutor$Worker.run(ThreadPoolExecutor.java:615)
	at java.lang.Thread.run(Thread.java:745)

"Loading job www" daemon prio=5 tid=0x00007fbe8417e000 nid=0x9d03 waiting for monitor entry [0x0000000112932000]
   java.lang.Thread.State: BLOCKED (on object monitor)
	at java.lang.Class.initAnnotationsIfNecessary(Class.java:3175)
	- waiting to lock <0x00000007e0713420> (a java.lang.Class for hudson.model.Job)
	at java.lang.Class.getAnnotation(Class.java:3137)
	at com.thoughtworks.xstream.mapper.AnnotationMapper$UnprocessedTypesSet.add(AnnotationMapper.java:625)
	at com.thoughtworks.xstream.mapper.AnnotationMapper$UnprocessedTypesSet.add(AnnotationMapper.java:610)
	at com.thoughtworks.xstream.mapper.AnnotationMapper.processAnnotations(AnnotationMapper.java:181)
	at com.thoughtworks.xstream.mapper.AnnotationMapper.getLocalConverter(AnnotationMapper.java:153)
	at com.thoughtworks.xstream.mapper.MapperWrapper.getLocalConverter(MapperWrapper.java:99)
	at hudson.util.xstream.MapperDelegate.getLocalConverter(MapperDelegate.java:112)
	at com.thoughtworks.xstream.mapper.MapperWrapper.getLocalConverter(MapperWrapper.java:99)
	at hudson.util.RobustReflectionConverter.unmarshalField(RobustReflectionConverter.java:348)
	at hudson.util.RobustReflectionConverter.doUnmarshal(RobustReflectionConverter.java:289)
	at hudson.util.RobustReflectionConverter.unmarshal(RobustReflectionConverter.java:228)
	at com.thoughtworks.xstream.core.TreeUnmarshaller.convert(TreeUnmarshaller.java:72)
	at com.thoughtworks.xstream.core.AbstractReferenceUnmarshaller.convert(AbstractReferenceUnmarshaller.java:65)
	at com.thoughtworks.xstream.core.TreeUnmarshaller.convertAnother(TreeUnmarshaller.java:66)
	at com.thoughtworks.xstream.core.TreeUnmarshaller.convertAnother(TreeUnmarshaller.java:50)
	at com.thoughtworks.xstream.core.TreeUnmarshaller.start(TreeUnmarshaller.java:134)
	at com.thoughtworks.xstream.core.AbstractTreeMarshallingStrategy.unmarshal(AbstractTreeMarshallingStrategy.java:32)
	at com.thoughtworks.xstream.XStream.unmarshal(XStream.java:1189)
	at hudson.util.XStream2.unmarshal(XStream2.java:113)
	at com.thoughtworks.xstream.XStream.unmarshal(XStream.java:1173)
	at com.thoughtworks.xstream.XStream.fromXML(XStream.java:1053)
	at hudson.XmlFile.read(XmlFile.java:142)
	at hudson.model.Items.load(Items.java:275)
	at hudson.model.ItemGroupMixIn.loadChildren(ItemGroupMixIn.java:105)
	at com.cloudbees.hudson.plugins.folder.Folder.onLoad(Folder.java:238)
	at hudson.model.Items.load(Items.java:276)
	at jenkins.model.Jenkins$18.run(Jenkins.java:2588)
	at org.jvnet.hudson.reactor.TaskGraphBuilder$TaskImpl.run(TaskGraphBuilder.java:169)
	at org.jvnet.hudson.reactor.Reactor.runTask(Reactor.java:282)
	at jenkins.model.Jenkins$7.runTask(Jenkins.java:899)
	at org.jvnet.hudson.reactor.Reactor$2.run(Reactor.java:210)
	at org.jvnet.hudson.reactor.Reactor$Node.run(Reactor.java:117)
	at java.util.concurrent.ThreadPoolExecutor.runWorker(ThreadPoolExecutor.java:1145)
	at java.util.concurrent.ThreadPoolExecutor$Worker.run(ThreadPoolExecutor.java:615)
	at java.lang.Thread.run(Thread.java:745)

"pool-8-thread-3" daemon prio=5 tid=0x00007fbe879ac000 nid=0x9b03 waiting on condition [0x0000000112830000]
   java.lang.Thread.State: WAITING (parking)
	at sun.misc.Unsafe.park(Native Method)
	- parking to wait for  <0x00000007e1e45908> (a java.util.concurrent.locks.AbstractQueuedSynchronizer$ConditionObject)
	at java.util.concurrent.locks.LockSupport.park(LockSupport.java:186)
	at java.util.concurrent.locks.AbstractQueuedSynchronizer$ConditionObject.await(AbstractQueuedSynchronizer.java:2043)
	at java.util.concurrent.LinkedBlockingQueue.take(LinkedBlockingQueue.java:442)
	at java.util.concurrent.ThreadPoolExecutor.getTask(ThreadPoolExecutor.java:1068)
	at java.util.concurrent.ThreadPoolExecutor.runWorker(ThreadPoolExecutor.java:1130)
	at java.util.concurrent.ThreadPoolExecutor$Worker.run(ThreadPoolExecutor.java:615)
	at java.lang.Thread.run(Thread.java:745)

"pool-8-thread-2" daemon prio=5 tid=0x00007fbe8441a000 nid=0x9903 waiting on condition [0x000000011272d000]
   java.lang.Thread.State: WAITING (parking)
	at sun.misc.Unsafe.park(Native Method)
	- parking to wait for  <0x00000007e1e45908> (a java.util.concurrent.locks.AbstractQueuedSynchronizer$ConditionObject)
	at java.util.concurrent.locks.LockSupport.park(LockSupport.java:186)
	at java.util.concurrent.locks.AbstractQueuedSynchronizer$ConditionObject.await(AbstractQueuedSynchronizer.java:2043)
	at java.util.concurrent.LinkedBlockingQueue.take(LinkedBlockingQueue.java:442)
	at java.util.concurrent.ThreadPoolExecutor.getTask(ThreadPoolExecutor.java:1068)
	at java.util.concurrent.ThreadPoolExecutor.runWorker(ThreadPoolExecutor.java:1130)
	at java.util.concurrent.ThreadPoolExecutor$Worker.run(ThreadPoolExecutor.java:615)
	at java.lang.Thread.run(Thread.java:745)

"pool-8-thread-1" daemon prio=5 tid=0x00007fbe84391000 nid=0x9703 waiting on condition [0x000000011262a000]
   java.lang.Thread.State: WAITING (parking)
	at sun.misc.Unsafe.park(Native Method)
	- parking to wait for  <0x00000007e1e45908> (a java.util.concurrent.locks.AbstractQueuedSynchronizer$ConditionObject)
	at java.util.concurrent.locks.LockSupport.park(LockSupport.java:186)
	at java.util.concurrent.locks.AbstractQueuedSynchronizer$ConditionObject.await(AbstractQueuedSynchronizer.java:2043)
	at java.util.concurrent.LinkedBlockingQueue.take(LinkedBlockingQueue.java:442)
	at java.util.concurrent.ThreadPoolExecutor.getTask(ThreadPoolExecutor.java:1068)
	at java.util.concurrent.ThreadPoolExecutor.runWorker(ThreadPoolExecutor.java:1130)
	at java.util.concurrent.ThreadPoolExecutor$Worker.run(ThreadPoolExecutor.java:615)
	at java.lang.Thread.run(Thread.java:745)

"jenkins.util.Timer [#1]" daemon prio=5 tid=0x00007fbe83900000 nid=0x9503 waiting on condition [0x0000000111f47000]
   java.lang.Thread.State: WAITING (parking)
	at sun.misc.Unsafe.park(Native Method)
	- parking to wait for  <0x00000007e1f09c68> (a java.util.concurrent.locks.AbstractQueuedSynchronizer$ConditionObject)
	at java.util.concurrent.locks.LockSupport.park(LockSupport.java:186)
	at java.util.concurrent.locks.AbstractQueuedSynchronizer$ConditionObject.await(AbstractQueuedSynchronizer.java:2043)
	at java.util.concurrent.ScheduledThreadPoolExecutor$DelayedWorkQueue.take(ScheduledThreadPoolExecutor.java:1085)
	at java.util.concurrent.ScheduledThreadPoolExecutor$DelayedWorkQueue.take(ScheduledThreadPoolExecutor.java:807)
	at java.util.concurrent.ThreadPoolExecutor.getTask(ThreadPoolExecutor.java:1068)
	at java.util.concurrent.ThreadPoolExecutor.runWorker(ThreadPoolExecutor.java:1130)
	at java.util.concurrent.ThreadPoolExecutor$Worker.run(ThreadPoolExecutor.java:615)
	at java.lang.Thread.run(Thread.java:745)

"Jenkins cron thread" daemon prio=5 tid=0x00007fbe838ff000 nid=0x9303 in Object.wait() [0x0000000111e44000]
   java.lang.Thread.State: WAITING (on object monitor)
	at java.lang.Object.wait(Native Method)
	- waiting on <0x00000007e1f110c8> (a java.util.TaskQueue)
	at java.lang.Object.wait(Object.java:503)
	at java.util.TimerThread.mainLoop(Timer.java:526)
	- locked <0x00000007e1f110c8> (a java.util.TaskQueue)
	at java.util.TimerThread.run(Timer.java:505)

"Jenkins initialization thread" daemon prio=5 tid=0x00007fbe83b0a000 nid=0x9103 in Object.wait() [0x0000000111d41000]
   java.lang.Thread.State: WAITING (on object monitor)
	at java.lang.Object.wait(Native Method)
	- waiting on <0x00000007e1f33490> (a jenkins.model.Jenkins$7)
	at java.lang.Object.wait(Object.java:503)
	at org.jvnet.hudson.reactor.Reactor.execute(Reactor.java:267)
	- locked <0x00000007e1f33490> (a jenkins.model.Jenkins$7)
	at jenkins.InitReactorRunner.run(InitReactorRunner.java:44)
	at jenkins.model.Jenkins.executeReactor(Jenkins.java:910)
	at jenkins.model.Jenkins.<init>(Jenkins.java:809)
	at hudson.model.Hudson.<init>(Hudson.java:82)
	at hudson.model.Hudson.<init>(Hudson.java:78)
	at hudson.WebAppMain$3.run(WebAppMain.java:222)

"DestroyJavaVM" prio=5 tid=0x00007fbe86821000 nid=0x1903 waiting on condition [0x0000000000000000]
   java.lang.Thread.State: RUNNABLE

"LauncherControlThread[ControlPort=-1]" prio=5 tid=0x00007fbe8681e800 nid=0x8c03 waiting on condition [0x0000000111b3b000]
   java.lang.Thread.State: TIMED_WAITING (sleeping)
	at java.lang.Thread.sleep(Native Method)
	at winstone.Launcher.run(Launcher.java:245)
	at java.lang.Thread.run(Thread.java:745)

"RequestHandlerThread[#9] Acceptor0 SslSelectChannelConnector@0.0.0.0:8443" daemon prio=5 tid=0x00007fbe84c0c000 nid=0x8a03 waiting for monitor entry [0x0000000111a38000]
   java.lang.Thread.State: BLOCKED (on object monitor)
	at sun.nio.ch.ServerSocketChannelImpl.accept(ServerSocketChannelImpl.java:225)
	- waiting to lock <0x00000007e1eb0b18> (a java.lang.Object)
	at org.eclipse.jetty.server.nio.SelectChannelConnector.accept(SelectChannelConnector.java:109)
	at org.eclipse.jetty.server.AbstractConnector$Acceptor.run(AbstractConnector.java:938)
	at winstone.BoundedExecutorService$1.run(BoundedExecutorService.java:77)
	at java.util.concurrent.ThreadPoolExecutor.runWorker(ThreadPoolExecutor.java:1145)
	at java.util.concurrent.ThreadPoolExecutor$Worker.run(ThreadPoolExecutor.java:615)
	at java.lang.Thread.run(Thread.java:745)

"RequestHandlerThread[#8] Selector1" daemon prio=5 tid=0x00007fbe85200800 nid=0x8803 runnable [0x0000000111935000]
   java.lang.Thread.State: RUNNABLE
	at sun.nio.ch.KQueueArrayWrapper.kevent0(Native Method)
	at sun.nio.ch.KQueueArrayWrapper.poll(KQueueArrayWrapper.java:200)
	at sun.nio.ch.KQueueSelectorImpl.doSelect(KQueueSelectorImpl.java:103)
	at sun.nio.ch.SelectorImpl.lockAndDoSelect(SelectorImpl.java:87)
	- locked <0x00000007e1f12340> (a sun.nio.ch.Util$2)
	- locked <0x00000007e1f12330> (a java.util.Collections$UnmodifiableSet)
	- locked <0x00000007e1f12200> (a sun.nio.ch.KQueueSelectorImpl)
	at sun.nio.ch.SelectorImpl.select(SelectorImpl.java:98)
	at org.eclipse.jetty.io.nio.SelectorManager$SelectSet.doSelect(SelectorManager.java:569)
	at org.eclipse.jetty.io.nio.SelectorManager$1.run(SelectorManager.java:290)
	at winstone.BoundedExecutorService$1.run(BoundedExecutorService.java:77)
	at java.util.concurrent.ThreadPoolExecutor.runWorker(ThreadPoolExecutor.java:1145)
	at java.util.concurrent.ThreadPoolExecutor$Worker.run(ThreadPoolExecutor.java:615)
	at java.lang.Thread.run(Thread.java:745)

"RequestHandlerThread[#7] Acceptor1 SslSelectChannelConnector@0.0.0.0:8443" daemon prio=5 tid=0x00007fbe879a7000 nid=0x8603 runnable [0x0000000111832000]
   java.lang.Thread.State: RUNNABLE
	at sun.nio.ch.ServerSocketChannelImpl.accept0(Native Method)
	at sun.nio.ch.ServerSocketChannelImpl.accept(ServerSocketChannelImpl.java:241)
	- locked <0x00000007e1eb0b18> (a java.lang.Object)
	at org.eclipse.jetty.server.nio.SelectChannelConnector.accept(SelectChannelConnector.java:109)
	at org.eclipse.jetty.server.AbstractConnector$Acceptor.run(AbstractConnector.java:938)
	at winstone.BoundedExecutorService$1.run(BoundedExecutorService.java:77)
	at java.util.concurrent.ThreadPoolExecutor.runWorker(ThreadPoolExecutor.java:1145)
	at java.util.concurrent.ThreadPoolExecutor$Worker.run(ThreadPoolExecutor.java:615)
	at java.lang.Thread.run(Thread.java:745)

"RequestHandlerThread[#6] Selector0" daemon prio=5 tid=0x00007fbe8708b800 nid=0x8403 runnable [0x000000011172f000]
   java.lang.Thread.State: RUNNABLE
	at sun.nio.ch.KQueueArrayWrapper.kevent0(Native Method)
	at sun.nio.ch.KQueueArrayWrapper.poll(KQueueArrayWrapper.java:200)
	at sun.nio.ch.KQueueSelectorImpl.doSelect(KQueueSelectorImpl.java:103)
	at sun.nio.ch.SelectorImpl.lockAndDoSelect(SelectorImpl.java:87)
	- locked <0x00000007e1f12860> (a sun.nio.ch.Util$2)
	- locked <0x00000007e1f12850> (a java.util.Collections$UnmodifiableSet)
	- locked <0x00000007e1f12720> (a sun.nio.ch.KQueueSelectorImpl)
	at sun.nio.ch.SelectorImpl.select(SelectorImpl.java:98)
	at org.eclipse.jetty.io.nio.SelectorManager$SelectSet.doSelect(SelectorManager.java:569)
	at org.eclipse.jetty.io.nio.SelectorManager$1.run(SelectorManager.java:290)
	at winstone.BoundedExecutorService$1.run(BoundedExecutorService.java:77)
	at java.util.concurrent.ThreadPoolExecutor.runWorker(ThreadPoolExecutor.java:1145)
	at java.util.concurrent.ThreadPoolExecutor$Worker.run(ThreadPoolExecutor.java:615)
	at java.lang.Thread.run(Thread.java:745)

"Java2D Disposer" daemon prio=5 tid=0x00007fbe87089000 nid=0x7d03 in Object.wait() [0x000000011162c000]
   java.lang.Thread.State: WAITING (on object monitor)
	at java.lang.Object.wait(Native Method)
	- waiting on <0x00000007e1f28cb8> (a java.lang.ref.ReferenceQueue$Lock)
	at java.lang.ref.ReferenceQueue.remove(ReferenceQueue.java:135)
	- locked <0x00000007e1f28cb8> (a java.lang.ref.ReferenceQueue$Lock)
	at java.lang.ref.ReferenceQueue.remove(ReferenceQueue.java:151)
	at sun.java2d.Disposer.run(Disposer.java:145)
	at java.lang.Thread.run(Thread.java:745)

"RequestHandlerThread[#5] Acceptor0 Ajp13SocketConnector@0.0.0.0:8190" daemon prio=5 tid=0x00007fbe839df000 nid=0x7b03 runnable [0x0000000111529000]
   java.lang.Thread.State: RUNNABLE
	at java.net.PlainSocketImpl.socketAccept(Native Method)
	at java.net.AbstractPlainSocketImpl.accept(AbstractPlainSocketImpl.java:398)
	at java.net.ServerSocket.implAccept(ServerSocket.java:530)
	at java.net.ServerSocket.accept(ServerSocket.java:498)
	at org.eclipse.jetty.server.bio.SocketConnector.accept(SocketConnector.java:117)
	at org.eclipse.jetty.server.AbstractConnector$Acceptor.run(AbstractConnector.java:938)
	at winstone.BoundedExecutorService$1.run(BoundedExecutorService.java:77)
	at java.util.concurrent.ThreadPoolExecutor.runWorker(ThreadPoolExecutor.java:1145)
	at java.util.concurrent.ThreadPoolExecutor$Worker.run(ThreadPoolExecutor.java:615)
	at java.lang.Thread.run(Thread.java:745)

"RequestHandlerThread[#4] Acceptor1 SelectChannelConnector@0.0.0.0:8090" daemon prio=5 tid=0x00007fbe84ba7000 nid=0x7903 runnable [0x0000000111426000]
   java.lang.Thread.State: RUNNABLE
	at sun.nio.ch.ServerSocketChannelImpl.accept0(Native Method)
	at sun.nio.ch.ServerSocketChannelImpl.accept(ServerSocketChannelImpl.java:241)
	- locked <0x00000007e1f1a008> (a java.lang.Object)
	at org.eclipse.jetty.server.nio.SelectChannelConnector.accept(SelectChannelConnector.java:109)
	at org.eclipse.jetty.server.AbstractConnector$Acceptor.run(AbstractConnector.java:938)
	at winstone.BoundedExecutorService$1.run(BoundedExecutorService.java:77)
	at java.util.concurrent.ThreadPoolExecutor.runWorker(ThreadPoolExecutor.java:1145)
	at java.util.concurrent.ThreadPoolExecutor$Worker.run(ThreadPoolExecutor.java:615)
	at java.lang.Thread.run(Thread.java:745)

"RequestHandlerThread[#3] Acceptor0 SelectChannelConnector@0.0.0.0:8090" daemon prio=5 tid=0x00007fbe852e0000 nid=0x7807 waiting for monitor entry [0x0000000111323000]
   java.lang.Thread.State: BLOCKED (on object monitor)
	at sun.nio.ch.ServerSocketChannelImpl.accept(ServerSocketChannelImpl.java:225)
	- waiting to lock <0x00000007e1f1a008> (a java.lang.Object)
	at org.eclipse.jetty.server.nio.SelectChannelConnector.accept(SelectChannelConnector.java:109)
	at org.eclipse.jetty.server.AbstractConnector$Acceptor.run(AbstractConnector.java:938)
	at winstone.BoundedExecutorService$1.run(BoundedExecutorService.java:77)
	at java.util.concurrent.ThreadPoolExecutor.runWorker(ThreadPoolExecutor.java:1145)
	at java.util.concurrent.ThreadPoolExecutor$Worker.run(ThreadPoolExecutor.java:615)
	at java.lang.Thread.run(Thread.java:745)

"RequestHandlerThread[#2] Selector1" daemon prio=5 tid=0x00007fbe84ba6000 nid=0x7507 runnable [0x0000000111220000]
   java.lang.Thread.State: RUNNABLE
	at sun.nio.ch.KQueueArrayWrapper.kevent0(Native Method)
	at sun.nio.ch.KQueueArrayWrapper.poll(KQueueArrayWrapper.java:200)
	at sun.nio.ch.KQueueSelectorImpl.doSelect(KQueueSelectorImpl.java:103)
	at sun.nio.ch.SelectorImpl.lockAndDoSelect(SelectorImpl.java:87)
	- locked <0x00000007e1f23570> (a sun.nio.ch.Util$2)
	- locked <0x00000007e1f23560> (a java.util.Collections$UnmodifiableSet)
	- locked <0x00000007e1f1a300> (a sun.nio.ch.KQueueSelectorImpl)
	at sun.nio.ch.SelectorImpl.select(SelectorImpl.java:98)
	at org.eclipse.jetty.io.nio.SelectorManager$SelectSet.doSelect(SelectorManager.java:569)
	at org.eclipse.jetty.io.nio.SelectorManager$1.run(SelectorManager.java:290)
	at winstone.BoundedExecutorService$1.run(BoundedExecutorService.java:77)
	at java.util.concurrent.ThreadPoolExecutor.runWorker(ThreadPoolExecutor.java:1145)
	at java.util.concurrent.ThreadPoolExecutor$Worker.run(ThreadPoolExecutor.java:615)
	at java.lang.Thread.run(Thread.java:745)

"RequestHandlerThread[#1] Selector0" daemon prio=5 tid=0x00007fbe84848800 nid=0x7307 runnable [0x000000011111d000]
   java.lang.Thread.State: RUNNABLE
	at sun.nio.ch.KQueueArrayWrapper.kevent0(Native Method)
	at sun.nio.ch.KQueueArrayWrapper.poll(KQueueArrayWrapper.java:200)
	at sun.nio.ch.KQueueSelectorImpl.doSelect(KQueueSelectorImpl.java:103)
	at sun.nio.ch.SelectorImpl.lockAndDoSelect(SelectorImpl.java:87)
	- locked <0x00000007e1e7a370> (a sun.nio.ch.Util$2)
	- locked <0x00000007e1e7a360> (a java.util.Collections$UnmodifiableSet)
	- locked <0x00000007e1e4e490> (a sun.nio.ch.KQueueSelectorImpl)
	at sun.nio.ch.SelectorImpl.select(SelectorImpl.java:98)
	at org.eclipse.jetty.io.nio.SelectorManager$SelectSet.doSelect(SelectorManager.java:569)
	at org.eclipse.jetty.io.nio.SelectorManager$1.run(SelectorManager.java:290)
	at winstone.BoundedExecutorService$1.run(BoundedExecutorService.java:77)
	at java.util.concurrent.ThreadPoolExecutor.runWorker(ThreadPoolExecutor.java:1145)
	at java.util.concurrent.ThreadPoolExecutor$Worker.run(ThreadPoolExecutor.java:615)
	at java.lang.Thread.run(Thread.java:745)

"AWT-AppKit" daemon prio=5 tid=0x00007fbe850b7800 nid=0x507 runnable [0x0000000000000000]
   java.lang.Thread.State: RUNNABLE

"Jenkins Enterprise HA task thread" daemon prio=5 tid=0x00007fbe852df800 nid=0x7103 waiting on condition [0x000000011101a000]
   java.lang.Thread.State: WAITING (parking)
	at sun.misc.Unsafe.park(Native Method)
	- parking to wait for  <0x00000007e1c67b00> (a java.util.concurrent.locks.AbstractQueuedSynchronizer$ConditionObject)
	at java.util.concurrent.locks.LockSupport.park(LockSupport.java:186)
	at java.util.concurrent.locks.AbstractQueuedSynchronizer$ConditionObject.await(AbstractQueuedSynchronizer.java:2043)
	at java.util.concurrent.ScheduledThreadPoolExecutor$DelayedWorkQueue.take(ScheduledThreadPoolExecutor.java:1079)
	at java.util.concurrent.ScheduledThreadPoolExecutor$DelayedWorkQueue.take(ScheduledThreadPoolExecutor.java:807)
	at java.util.concurrent.ThreadPoolExecutor.getTask(ThreadPoolExecutor.java:1068)
	at java.util.concurrent.ThreadPoolExecutor.runWorker(ThreadPoolExecutor.java:1130)
	at java.util.concurrent.ThreadPoolExecutor$Worker.run(ThreadPoolExecutor.java:615)
	at java.lang.Thread.run(Thread.java:745)

"Timer-5,Jenkins,cleclerccbmbp3-001-46203 (309 bytes)" daemon prio=5 tid=0x00007fbe83b09000 nid=0x6f03 waiting on condition [0x0000000110f17000]
   java.lang.Thread.State: WAITING (parking)
	at sun.misc.Unsafe.park(Native Method)
	- parking to wait for  <0x00000007e1c5e890> (a java.util.concurrent.locks.AbstractQueuedSynchronizer$ConditionObject)
	at java.util.concurrent.locks.LockSupport.park(LockSupport.java:186)
	at java.util.concurrent.locks.AbstractQueuedSynchronizer$ConditionObject.await(AbstractQueuedSynchronizer.java:2043)
	at java.util.concurrent.LinkedBlockingQueue.take(LinkedBlockingQueue.java:442)
	at java.util.concurrent.ThreadPoolExecutor.getTask(ThreadPoolExecutor.java:1068)
	at java.util.concurrent.ThreadPoolExecutor.runWorker(ThreadPoolExecutor.java:1130)
	at java.util.concurrent.ThreadPoolExecutor$Worker.run(ThreadPoolExecutor.java:615)
	at java.lang.Thread.run(Thread.java:745)

"Timer-4,Jenkins,cleclerccbmbp3-001-46203 (309 bytes)" daemon prio=5 tid=0x00007fbe8419a000 nid=0x6d03 waiting on condition [0x0000000110e14000]
   java.lang.Thread.State: WAITING (parking)
	at sun.misc.Unsafe.park(Native Method)
	- parking to wait for  <0x00000007e1c5e890> (a java.util.concurrent.locks.AbstractQueuedSynchronizer$ConditionObject)
	at java.util.concurrent.locks.LockSupport.park(LockSupport.java:186)
	at java.util.concurrent.locks.AbstractQueuedSynchronizer$ConditionObject.await(AbstractQueuedSynchronizer.java:2043)
	at java.util.concurrent.LinkedBlockingQueue.take(LinkedBlockingQueue.java:442)
	at java.util.concurrent.ThreadPoolExecutor.getTask(ThreadPoolExecutor.java:1068)
	at java.util.concurrent.ThreadPoolExecutor.runWorker(ThreadPoolExecutor.java:1130)
	at java.util.concurrent.ThreadPoolExecutor$Worker.run(ThreadPoolExecutor.java:615)
	at java.lang.Thread.run(Thread.java:745)

"Timer-3,Jenkins,cleclerccbmbp3-001-46203 (309 bytes)" daemon prio=5 tid=0x00007fbe841a9800 nid=0x6b03 waiting on condition [0x0000000110d11000]
   java.lang.Thread.State: WAITING (parking)
	at sun.misc.Unsafe.park(Native Method)
	- parking to wait for  <0x00000007e1c5e890> (a java.util.concurrent.locks.AbstractQueuedSynchronizer$ConditionObject)
	at java.util.concurrent.locks.LockSupport.park(LockSupport.java:186)
	at java.util.concurrent.locks.AbstractQueuedSynchronizer$ConditionObject.await(AbstractQueuedSynchronizer.java:2043)
	at java.util.concurrent.LinkedBlockingQueue.take(LinkedBlockingQueue.java:442)
	at java.util.concurrent.ThreadPoolExecutor.getTask(ThreadPoolExecutor.java:1068)
	at java.util.concurrent.ThreadPoolExecutor.runWorker(ThreadPoolExecutor.java:1130)
	at java.util.concurrent.ThreadPoolExecutor$Worker.run(ThreadPoolExecutor.java:615)
	at java.lang.Thread.run(Thread.java:745)

"FD_SOCK acceptor,Jenkins,cleclerccbmbp3-001-46203 (309 bytes)" daemon prio=5 tid=0x00007fbe841e7000 nid=0x6903 runnable [0x0000000110c0e000]
   java.lang.Thread.State: RUNNABLE
	at java.net.PlainSocketImpl.socketAccept(Native Method)
	at java.net.AbstractPlainSocketImpl.accept(AbstractPlainSocketImpl.java:398)
	at java.net.ServerSocket.implAccept(ServerSocket.java:530)
	at java.net.ServerSocket.accept(ServerSocket.java:498)
	at org.jgroups.protocols.FD_SOCK$ServerSocketHandler.run(FD_SOCK.java:1039)
	at java.lang.Thread.run(Thread.java:745)

"ConnectionMap.Acceptor [192.168.1.19:51952],null,null" prio=5 tid=0x00007fbe841b4800 nid=0x6703 runnable [0x0000000110b0b000]
   java.lang.Thread.State: RUNNABLE
	at java.net.PlainSocketImpl.socketAccept(Native Method)
	at java.net.AbstractPlainSocketImpl.accept(AbstractPlainSocketImpl.java:398)
	at java.net.ServerSocket.implAccept(ServerSocket.java:530)
	at java.net.ServerSocket.accept(ServerSocket.java:498)
	at org.jgroups.blocks.TCPConnectionMap$Acceptor.run(TCPConnectionMap.java:282)
	at java.lang.Thread.run(Thread.java:745)

"TransferQueueBundler,Jenkins,cleclerccbmbp3-001-46203 (309 bytes)" prio=5 tid=0x00007fbe83b42000 nid=0x6503 waiting on condition [0x00000001108d2000]
   java.lang.Thread.State: WAITING (parking)
	at sun.misc.Unsafe.park(Native Method)
	- parking to wait for  <0x00000007e1c5fd28> (a java.util.concurrent.locks.AbstractQueuedSynchronizer$ConditionObject)
	at java.util.concurrent.locks.LockSupport.park(LockSupport.java:186)
	at java.util.concurrent.locks.AbstractQueuedSynchronizer$ConditionObject.await(AbstractQueuedSynchronizer.java:2043)
	at java.util.concurrent.LinkedBlockingQueue.take(LinkedBlockingQueue.java:442)
	at org.jgroups.protocols.TP$TransferQueueBundler.run(TP.java:2247)
	at java.lang.Thread.run(Thread.java:745)

"DiagnosticsHandler,Jenkins,cleclerccbmbp3-001-46203 (309 bytes)" daemon prio=5 tid=0x00007fbe83a7b000 nid=0x6303 runnable [0x000000011064d000]
   java.lang.Thread.State: RUNNABLE
	at java.net.PlainDatagramSocketImpl.receive0(Native Method)
	- locked <0x00000007e1c60748> (a java.net.PlainDatagramSocketImpl)
	at java.net.AbstractPlainDatagramSocketImpl.receive(AbstractPlainDatagramSocketImpl.java:145)
	- locked <0x00000007e1c60748> (a java.net.PlainDatagramSocketImpl)
	at java.net.DatagramSocket.receive(DatagramSocket.java:786)
	- locked <0x00000007e1d0b270> (a java.net.DatagramPacket)
	- locked <0x00000007e1c60700> (a java.net.MulticastSocket)
	at org.jgroups.stack.DiagnosticsHandler.run(DiagnosticsHandler.java:117)
	at java.lang.Thread.run(Thread.java:745)

"Timer-2,Jenkins,cleclerccbmbp3-001-46203 (309 bytes)" daemon prio=5 tid=0x00007fbe83b21000 nid=0x6107 waiting on condition [0x0000000110274000]
   java.lang.Thread.State: WAITING (parking)
	at sun.misc.Unsafe.park(Native Method)
	- parking to wait for  <0x00000007e1c5e890> (a java.util.concurrent.locks.AbstractQueuedSynchronizer$ConditionObject)
	at java.util.concurrent.locks.LockSupport.park(LockSupport.java:186)
	at java.util.concurrent.locks.AbstractQueuedSynchronizer$ConditionObject.await(AbstractQueuedSynchronizer.java:2043)
	at java.util.concurrent.LinkedBlockingQueue.take(LinkedBlockingQueue.java:442)
	at java.util.concurrent.ThreadPoolExecutor.getTask(ThreadPoolExecutor.java:1068)
	at java.util.concurrent.ThreadPoolExecutor.runWorker(ThreadPoolExecutor.java:1130)
	at java.util.concurrent.ThreadPoolExecutor$Worker.run(ThreadPoolExecutor.java:615)
	at java.lang.Thread.run(Thread.java:745)

"Timer runner-1,Jenkins,cleclerccbmbp3-001-46203 (309 bytes)" daemon prio=5 tid=0x00007fbe84a2b800 nid=0x5b03 waiting on condition [0x000000010fa98000]
   java.lang.Thread.State: TIMED_WAITING (parking)
	at sun.misc.Unsafe.park(Native Method)
	- parking to wait for  <0x00000007e1c5f5f8> (a java.util.concurrent.locks.AbstractQueuedSynchronizer$ConditionObject)
	at java.util.concurrent.locks.LockSupport.parkNanos(LockSupport.java:226)
	at java.util.concurrent.locks.AbstractQueuedSynchronizer$ConditionObject.await(AbstractQueuedSynchronizer.java:2176)
	at org.jgroups.util.TimeScheduler2.waitUntilNextExecution(TimeScheduler2.java:298)
	at org.jgroups.util.TimeScheduler2._run(TimeScheduler2.java:280)
	at org.jgroups.util.TimeScheduler2.run(TimeScheduler2.java:242)
	at java.lang.Thread.run(Thread.java:745)

"Jenkins cluster identity TCP socket server" daemon prio=5 tid=0x00007fbe83a7f000 nid=0x5903 runnable [0x000000010ff51000]
   java.lang.Thread.State: RUNNABLE
	at java.net.PlainSocketImpl.socketAccept(Native Method)
	at java.net.AbstractPlainSocketImpl.accept(AbstractPlainSocketImpl.java:398)
	at java.net.ServerSocket.implAccept(ServerSocket.java:530)
	at java.net.ServerSocket.accept(ServerSocket.java:498)
	at com.cloudbees.jenkins.ha.TcpIdentityServer.run(TcpIdentityServer.java:73)

"HashSessionScavenger-0" daemon prio=5 tid=0x00007fbe84188800 nid=0x5703 in Object.wait() [0x000000010fde5000]
   java.lang.Thread.State: TIMED_WAITING (on object monitor)
	at java.lang.Object.wait(Native Method)
	- waiting on <0x00000007e1c5aa48> (a java.util.TaskQueue)
	at java.util.TimerThread.mainLoop(Timer.java:552)
	- locked <0x00000007e1c5aa48> (a java.util.TaskQueue)
	at java.util.TimerThread.run(Timer.java:505)

"Service Thread" daemon prio=5 tid=0x00007fbe8401a800 nid=0x5303 runnable [0x0000000000000000]
   java.lang.Thread.State: RUNNABLE

"C2 CompilerThread1" daemon prio=5 tid=0x00007fbe8401a000 nid=0x5103 waiting on condition [0x0000000000000000]
   java.lang.Thread.State: RUNNABLE

"C2 CompilerThread0" daemon prio=5 tid=0x00007fbe84018000 nid=0x4f03 waiting on condition [0x0000000000000000]
   java.lang.Thread.State: RUNNABLE

"Signal Dispatcher" daemon prio=5 tid=0x00007fbe83855000 nid=0x4d03 runnable [0x0000000000000000]
   java.lang.Thread.State: RUNNABLE

"Finalizer" daemon prio=5 tid=0x00007fbe8384f800 nid=0x3903 in Object.wait() [0x000000010ebef000]
   java.lang.Thread.State: WAITING (on object monitor)
	at java.lang.Object.wait(Native Method)
	- waiting on <0x00000007e1c2d490> (a java.lang.ref.ReferenceQueue$Lock)
	at java.lang.ref.ReferenceQueue.remove(ReferenceQueue.java:135)
	- locked <0x00000007e1c2d490> (a java.lang.ref.ReferenceQueue$Lock)
	at java.lang.ref.ReferenceQueue.remove(ReferenceQueue.java:151)
	at java.lang.ref.Finalizer$FinalizerThread.run(Finalizer.java:189)

"Reference Handler" daemon prio=5 tid=0x00007fbe8384d000 nid=0x3703 in Object.wait() [0x000000010eaec000]
   java.lang.Thread.State: WAITING (on object monitor)
	at java.lang.Object.wait(Native Method)
	- waiting on <0x00000007e1c15ff8> (a java.lang.ref.Reference$Lock)
	at java.lang.Object.wait(Object.java:503)
	at java.lang.ref.Reference$ReferenceHandler.run(Reference.java:133)
	- locked <0x00000007e1c15ff8> (a java.lang.ref.Reference$Lock)

"VM Thread" prio=5 tid=0x00007fbe84000800 nid=0x3503 runnable 

"GC task thread#0 (ParallelGC)" prio=5 tid=0x00007fbe83814800 nid=0x2503 runnable 

"GC task thread#1 (ParallelGC)" prio=5 tid=0x00007fbe83815800 nid=0x2703 runnable 

"GC task thread#2 (ParallelGC)" prio=5 tid=0x00007fbe83816000 nid=0x2903 runnable 

"GC task thread#3 (ParallelGC)" prio=5 tid=0x00007fbe85005800 nid=0x2b03 runnable 

"GC task thread#4 (ParallelGC)" prio=5 tid=0x00007fbe85006800 nid=0x2d03 runnable 

"GC task thread#5 (ParallelGC)" prio=5 tid=0x00007fbe85007000 nid=0x2f03 runnable 

"GC task thread#6 (ParallelGC)" prio=5 tid=0x00007fbe85007800 nid=0x3103 runnable 

"GC task thread#7 (ParallelGC)" prio=5 tid=0x00007fbe85008000 nid=0x3303 runnable 

"VM Periodic Task Thread" prio=5 tid=0x00007fbe83851800 nid=0x5503 waiting on condition 

JNI global references: 318


Found one Java-level deadlock:
=============================
"Loading job mobile":
  waiting to lock monitor 0x00007fbe84bd0b98 (object 0x00000007e1a85fa0, a java.lang.Class),
  which is held by "Loading job admin"
"Loading job admin":
  waiting to lock monitor 0x00007fbe8488d8e8 (object 0x00000007e0713420, a java.lang.Class),
  which is held by "Loading job mobile"

Java stack information for the threads listed above:
===================================================
"Loading job mobile":
	at java.lang.Class.initAnnotationsIfNecessary(Class.java:3175)
	- waiting to lock <0x00000007e1a85fa0> (a java.lang.Class for hudson.model.Run)
	at java.lang.Class.getAnnotation(Class.java:3137)
	at com.thoughtworks.xstream.mapper.AnnotationMapper$UnprocessedTypesSet.add(AnnotationMapper.java:625)
	at com.thoughtworks.xstream.mapper.AnnotationMapper$UnprocessedTypesSet.add(AnnotationMapper.java:610)
	at com.thoughtworks.xstream.mapper.AnnotationMapper$1.add(AnnotationMapper.java:250)
	at com.thoughtworks.xstream.mapper.AnnotationMapper$1.add(AnnotationMapper.java:245)
	at com.thoughtworks.xstream.mapper.AnnotationMapper.addParametrizedTypes(AnnotationMapper.java:279)
	at com.thoughtworks.xstream.mapper.AnnotationMapper.processTypes(AnnotationMapper.java:204)
	- locked <0x00000007e0713420> (a java.lang.Class for hudson.model.Job)
	at com.thoughtworks.xstream.mapper.AnnotationMapper.processAnnotations(AnnotationMapper.java:182)
	at com.thoughtworks.xstream.mapper.AnnotationMapper.defaultImplementationOf(AnnotationMapper.java:141)
	at com.thoughtworks.xstream.mapper.MapperWrapper.defaultImplementationOf(MapperWrapper.java:46)
	at hudson.util.xstream.MapperDelegate.defaultImplementationOf(MapperDelegate.java:59)
	at com.thoughtworks.xstream.mapper.MapperWrapper.defaultImplementationOf(MapperWrapper.java:46)
	at com.thoughtworks.xstream.core.TreeUnmarshaller.convertAnother(TreeUnmarshaller.java:54)
	at com.thoughtworks.xstream.core.TreeUnmarshaller.convertAnother(TreeUnmarshaller.java:50)
	at com.thoughtworks.xstream.core.TreeUnmarshaller.start(TreeUnmarshaller.java:134)
	at com.thoughtworks.xstream.core.AbstractTreeMarshallingStrategy.unmarshal(AbstractTreeMarshallingStrategy.java:32)
	at com.thoughtworks.xstream.XStream.unmarshal(XStream.java:1189)
	at hudson.util.XStream2.unmarshal(XStream2.java:113)
	at com.thoughtworks.xstream.XStream.unmarshal(XStream.java:1173)
	at com.thoughtworks.xstream.XStream.fromXML(XStream.java:1053)
	at hudson.XmlFile.read(XmlFile.java:142)
	at hudson.model.Items.load(Items.java:275)
	at hudson.model.ItemGroupMixIn.loadChildren(ItemGroupMixIn.java:105)
	at com.cloudbees.hudson.plugins.folder.Folder.onLoad(Folder.java:238)
	at hudson.model.Items.load(Items.java:276)
	at jenkins.model.Jenkins$18.run(Jenkins.java:2588)
	at org.jvnet.hudson.reactor.TaskGraphBuilder$TaskImpl.run(TaskGraphBuilder.java:169)
	at org.jvnet.hudson.reactor.Reactor.runTask(Reactor.java:282)
	at jenkins.model.Jenkins$7.runTask(Jenkins.java:899)
	at org.jvnet.hudson.reactor.Reactor$2.run(Reactor.java:210)
	at org.jvnet.hudson.reactor.Reactor$Node.run(Reactor.java:117)
	at java.util.concurrent.ThreadPoolExecutor.runWorker(ThreadPoolExecutor.java:1145)
	at java.util.concurrent.ThreadPoolExecutor$Worker.run(ThreadPoolExecutor.java:615)
	at java.lang.Thread.run(Thread.java:745)
"Loading job admin":
	at java.lang.Class.initAnnotationsIfNecessary(Class.java:3175)
	- waiting to lock <0x00000007e0713420> (a java.lang.Class for hudson.model.Job)
	at java.lang.Class.getAnnotation(Class.java:3137)
	at com.thoughtworks.xstream.mapper.AnnotationMapper$UnprocessedTypesSet.add(AnnotationMapper.java:625)
	at com.thoughtworks.xstream.mapper.AnnotationMapper$UnprocessedTypesSet.add(AnnotationMapper.java:610)
	at com.thoughtworks.xstream.mapper.AnnotationMapper$1.add(AnnotationMapper.java:250)
	at com.thoughtworks.xstream.mapper.AnnotationMapper$1.add(AnnotationMapper.java:245)
	at com.thoughtworks.xstream.mapper.AnnotationMapper.addParametrizedTypes(AnnotationMapper.java:279)
	at com.thoughtworks.xstream.mapper.AnnotationMapper.processTypes(AnnotationMapper.java:204)
	- locked <0x00000007e1a85fa0> (a java.lang.Class for hudson.model.Run)
	at com.thoughtworks.xstream.mapper.AnnotationMapper.processAnnotations(AnnotationMapper.java:182)
	at com.thoughtworks.xstream.mapper.AnnotationMapper.defaultImplementationOf(AnnotationMapper.java:141)
	at com.thoughtworks.xstream.mapper.MapperWrapper.defaultImplementationOf(MapperWrapper.java:46)
	at hudson.util.xstream.MapperDelegate.defaultImplementationOf(MapperDelegate.java:59)
	at com.thoughtworks.xstream.mapper.MapperWrapper.defaultImplementationOf(MapperWrapper.java:46)
	at com.thoughtworks.xstream.core.TreeUnmarshaller.convertAnother(TreeUnmarshaller.java:54)
	at com.thoughtworks.xstream.core.TreeUnmarshaller.convertAnother(TreeUnmarshaller.java:50)
	at com.thoughtworks.xstream.core.TreeUnmarshaller.start(TreeUnmarshaller.java:134)
	at com.thoughtworks.xstream.core.AbstractTreeMarshallingStrategy.unmarshal(AbstractTreeMarshallingStrategy.java:32)
	at com.thoughtworks.xstream.XStream.unmarshal(XStream.java:1189)
	at hudson.util.XStream2.unmarshal(XStream2.java:113)
	at com.thoughtworks.xstream.XStream.unmarshal(XStream.java:1173)
	at com.thoughtworks.xstream.XStream.fromXML(XStream.java:1053)
	at hudson.XmlFile.read(XmlFile.java:142)
	at hudson.model.Items.load(Items.java:275)
	at hudson.model.ItemGroupMixIn.loadChildren(ItemGroupMixIn.java:105)
	at com.cloudbees.hudson.plugins.folder.Folder.onLoad(Folder.java:238)
	at hudson.model.Items.load(Items.java:276)
	at jenkins.model.Jenkins$18.run(Jenkins.java:2588)
	at org.jvnet.hudson.reactor.TaskGraphBuilder$TaskImpl.run(TaskGraphBuilder.java:169)
	at org.jvnet.hudson.reactor.Reactor.runTask(Reactor.java:282)
	at jenkins.model.Jenkins$7.runTask(Jenkins.java:899)
	at org.jvnet.hudson.reactor.Reactor$2.run(Reactor.java:210)
	at org.jvnet.hudson.reactor.Reactor$Node.run(Reactor.java:117)
	at java.util.concurrent.ThreadPoolExecutor.runWorker(ThreadPoolExecutor.java:1145)
	at java.util.concurrent.ThreadPoolExecutor$Worker.run(ThreadPoolExecutor.java:615)
	at java.lang.Thread.run(Thread.java:745)

Found 1 deadlock.

