May 27, 2013 1:30:45 PM winstone.Logger logInternal
INFO: While serving https://jenkins.ncp.de:8080/view/<some_view>/job/<some_job>/ws/*zip*/some.file: hudson.security.AccessDeniedException2: anonymous is missing the Workspace permission
Successfully loaded native POSIX impl.
May 27, 2013 1:30:54 PM org.kohsuke.stapler.compression.CompressionFilter reportException
WARNING: Untrapped servlet exception
winstone.ClientSocketException: Failed to write to client
	at winstone.ClientOutputStream.write(ClientOutputStream.java:41)
	at winstone.WinstoneOutputStream.commit(WinstoneOutputStream.java:182)
	at winstone.WinstoneOutputStream.commit(WinstoneOutputStream.java:118)
	at winstone.WinstoneOutputStream.write(WinstoneOutputStream.java:111)
	at org.apache.tools.zip.ZipOutputStream.writeOut(ZipOutputStream.java:1029)
	at org.apache.tools.zip.ZipOutputStream.deflate(ZipOutputStream.java:680)
	at org.apache.tools.zip.ZipOutputStream.closeEntry(ZipOutputStream.java:432)
	at org.apache.tools.zip.ZipOutputStream.finish(ZipOutputStream.java:403)
	at org.apache.tools.zip.ZipOutputStream.close(ZipOutputStream.java:620)
	at hudson.util.io.ZipArchiver.close(ZipArchiver.java:83)
	at hudson.FilePath$1.invoke(FilePath.java:418)
	at hudson.FilePath$1.invoke(FilePath.java:412)
	at hudson.FilePath.act(FilePath.java:904)
	at hudson.FilePath.act(FilePath.java:877)
	at hudson.FilePath.archive(FilePath.java:412)
	at hudson.FilePath.archive(FilePath.java:432)
	at hudson.FilePath.zip(FilePath.java:392)
	at hudson.model.DirectoryBrowserSupport.serveFile(DirectoryBrowserSupport.java:197)
	at hudson.model.DirectoryBrowserSupport.generateResponse(DirectoryBrowserSupport.java:108)
	at org.kohsuke.stapler.HttpResponseRenderer$Default.handleHttpResponse(HttpResponseRenderer.java:105)
	at org.kohsuke.stapler.HttpResponseRenderer$Default.generateResponse(HttpResponseRenderer.java:63)
	at org.kohsuke.stapler.Function.renderResponse(Function.java:103)
	at org.kohsuke.stapler.Function.bindAndInvokeAndServeResponse(Function.java:92)
	at org.kohsuke.stapler.MetaClass$1.doDispatch(MetaClass.java:111)
	at org.kohsuke.stapler.NameBasedDispatcher.dispatch(NameBasedDispatcher.java:53)
	at org.kohsuke.stapler.Stapler.tryInvoke(Stapler.java:677)
	at org.kohsuke.stapler.Stapler.invoke(Stapler.java:770)
	at org.kohsuke.stapler.MetaClass$6.doDispatch(MetaClass.java:241)
	at org.kohsuke.stapler.NameBasedDispatcher.dispatch(NameBasedDispatcher.java:53)
	at org.kohsuke.stapler.Stapler.tryInvoke(Stapler.java:677)
	at org.kohsuke.stapler.Stapler.invoke(Stapler.java:770)
	at org.kohsuke.stapler.MetaClass$6.doDispatch(MetaClass.java:241)
	at org.kohsuke.stapler.NameBasedDispatcher.dispatch(NameBasedDispatcher.java:53)
	at org.kohsuke.stapler.Stapler.tryInvoke(Stapler.java:677)
	at org.kohsuke.stapler.Stapler.invoke(Stapler.java:770)
	at org.kohsuke.stapler.Stapler.invoke(Stapler.java:583)
	at org.kohsuke.stapler.Stapler.service(Stapler.java:214)
	at javax.servlet.http.HttpServlet.service(HttpServlet.java:45)
	at winstone.ServletConfiguration.execute(ServletConfiguration.java:248)
	at winstone.RequestDispatcher.forward(RequestDispatcher.java:333)
	at winstone.RequestDispatcher.doFilter(RequestDispatcher.java:376)
	at hudson.util.PluginServletFilter$1.doFilter(PluginServletFilter.java:95)
	at hudson.util.PluginServletFilter.doFilter(PluginServletFilter.java:87)
	at winstone.FilterConfiguration.execute(FilterConfiguration.java:194)
	at winstone.RequestDispatcher.doFilter(RequestDispatcher.java:366)
	at hudson.security.csrf.CrumbFilter.doFilter(CrumbFilter.java:48)
	at winstone.FilterConfiguration.execute(FilterConfiguration.java:194)
	at winstone.RequestDispatcher.doFilter(RequestDispatcher.java:366)
	at hudson.security.ChainedServletFilter$1.doFilter(ChainedServletFilter.java:84)
	at hudson.security.UnwrapSecurityExceptionFilter.doFilter(UnwrapSecurityExceptionFilter.java:51)
	at hudson.security.ChainedServletFilter$1.doFilter(ChainedServletFilter.java:87)
	at org.acegisecurity.ui.ExceptionTranslationFilter.doFilter(ExceptionTranslationFilter.java:124)
	at hudson.security.ChainedServletFilter$1.doFilter(ChainedServletFilter.java:87)
	at org.acegisecurity.providers.anonymous.AnonymousProcessingFilter.doFilter(AnonymousProcessingFilter.java:125)
	at hudson.security.ChainedServletFilter$1.doFilter(ChainedServletFilter.java:87)
	at org.acegisecurity.ui.rememberme.RememberMeProcessingFilter.doFilter(RememberMeProcessingFilter.java:142)
	at hudson.security.ChainedServletFilter$1.doFilter(ChainedServletFilter.java:87)
	at org.acegisecurity.ui.AbstractProcessingFilter.doFilter(AbstractProcessingFilter.java:271)
	at hudson.security.ChainedServletFilter$1.doFilter(ChainedServletFilter.java:87)
	at org.acegisecurity.ui.basicauth.BasicProcessingFilter.doFilter(BasicProcessingFilter.java:174)
	at hudson.security.ChainedServletFilter$1.doFilter(ChainedServletFilter.java:87)
	at jenkins.security.ApiTokenFilter.doFilter(ApiTokenFilter.java:64)
	at hudson.security.ChainedServletFilter$1.doFilter(ChainedServletFilter.java:87)
	at org.acegisecurity.context.HttpSessionContextIntegrationFilter.doFilter(HttpSessionContextIntegrationFilter.java:249)
	at hudson.security.HttpSessionContextIntegrationFilter2.doFilter(HttpSessionContextIntegrationFilter2.java:67)
	at hudson.security.ChainedServletFilter$1.doFilter(ChainedServletFilter.java:87)
	at hudson.security.ChainedServletFilter.doFilter(ChainedServletFilter.java:76)
	at hudson.security.HudsonFilter.doFilter(HudsonFilter.java:164)
	at winstone.FilterConfiguration.execute(FilterConfiguration.java:194)
	at winstone.RequestDispatcher.doFilter(RequestDispatcher.java:366)
	at org.kohsuke.stapler.compression.CompressionFilter.doFilter(CompressionFilter.java:50)
	at winstone.FilterConfiguration.execute(FilterConfiguration.java:194)
	at winstone.RequestDispatcher.doFilter(RequestDispatcher.java:366)
	at hudson.util.CharacterEncodingFilter.doFilter(CharacterEncodingFilter.java:81)
	at winstone.FilterConfiguration.execute(FilterConfiguration.java:194)
	at winstone.RequestDispatcher.doFilter(RequestDispatcher.java:366)
	at winstone.RequestDispatcher.forward(RequestDispatcher.java:331)
	at winstone.RequestHandlerThread.processRequest(RequestHandlerThread.java:227)
	at winstone.RequestHandlerThread.run(RequestHandlerThread.java:150)
	at java.util.concurrent.Executors$RunnableAdapter.call(Executors.java:439)
	at java.util.concurrent.FutureTask$Sync.innerRun(FutureTask.java:303)
	at java.util.concurrent.FutureTask.run(FutureTask.java:138)
	at winstone.BoundedExecutorService$1.run(BoundedExecutorService.java:77)
	at java.util.concurrent.ThreadPoolExecutor$Worker.runTask(ThreadPoolExecutor.java:895)
	at java.util.concurrent.ThreadPoolExecutor$Worker.run(ThreadPoolExecutor.java:918)
	at java.lang.Thread.run(Thread.java:662)
Caused by: javax.net.ssl.SSLException: Connection has been shutdown: javax.net.ssl.SSLException: java.net.SocketException: Connection reset
	at com.sun.net.ssl.internal.ssl.SSLSocketImpl.checkEOF(SSLSocketImpl.java:1343)
	at com.sun.net.ssl.internal.ssl.SSLSocketImpl.checkWrite(SSLSocketImpl.java:1355)
	at com.sun.net.ssl.internal.ssl.AppOutputStream.write(AppOutputStream.java:44)
	at winstone.ClientOutputStream.write(ClientOutputStream.java:39)
	... 85 more
Caused by: javax.net.ssl.SSLException: java.net.SocketException: Connection reset
	at com.sun.net.ssl.internal.ssl.Alerts.getSSLException(Alerts.java:190)
	at com.sun.net.ssl.internal.ssl.SSLSocketImpl.fatal(SSLSocketImpl.java:1747)
	at com.sun.net.ssl.internal.ssl.SSLSocketImpl.fatal(SSLSocketImpl.java:1708)
	at com.sun.net.ssl.internal.ssl.SSLSocketImpl.handleException(SSLSocketImpl.java:1672)
	at com.sun.net.ssl.internal.ssl.SSLSocketImpl.handleException(SSLSocketImpl.java:1617)
	at com.sun.net.ssl.internal.ssl.AppOutputStream.write(AppOutputStream.java:105)
	at winstone.ClientOutputStream.write(ClientOutputStream.java:39)
	at winstone.WinstoneOutputStream.commit(WinstoneOutputStream.java:182)
	at winstone.WinstoneOutputStream.commit(WinstoneOutputStream.java:118)
	at winstone.WinstoneOutputStream.write(WinstoneOutputStream.java:111)
	at org.apache.tools.zip.ZipOutputStream.writeOut(ZipOutputStream.java:1029)
	at org.apache.tools.zip.ZipOutputStream.deflate(ZipOutputStream.java:680)
	at org.apache.tools.zip.ZipOutputStream.closeEntry(ZipOutputStream.java:432)
	at hudson.util.io.ZipArchiver.visit(ZipArchiver.java:77)
	at hudson.util.DirScanner$Full.scan(DirScanner.java:51)
	at hudson.util.DirScanner$Full.scan(DirScanner.java:54)
	at hudson.util.DirScanner$Full.scan(DirScanner.java:54)
	at hudson.util.DirScanner$Full.scan(DirScanner.java:54)
	at hudson.util.DirScanner$Full.scan(DirScanner.java:54)
	at hudson.util.DirScanner$Full.scan(DirScanner.java:54)
	at hudson.util.DirScanner$Full.scan(DirScanner.java:60)
	at hudson.util.DirScanner$Glob.scan(DirScanner.java:105)
	at hudson.FilePath$1.invoke(FilePath.java:416)
	... 75 more
Caused by: java.net.SocketException: Connection reset
	at java.net.SocketOutputStream.socketWrite(SocketOutputStream.java:96)
	at java.net.SocketOutputStream.write(SocketOutputStream.java:136)
	at com.sun.net.ssl.internal.ssl.OutputRecord.writeBuffer(OutputRecord.java:358)
	at com.sun.net.ssl.internal.ssl.OutputRecord.write(OutputRecord.java:346)
	at com.sun.net.ssl.internal.ssl.SSLSocketImpl.writeRecordInternal(SSLSocketImpl.java:781)
	at com.sun.net.ssl.internal.ssl.SSLSocketImpl.writeRecord(SSLSocketImpl.java:753)
	at com.sun.net.ssl.internal.ssl.AppOutputStream.write(AppOutputStream.java:100)
	... 92 more
