2022-11-02 13:23:03.097+0000 [id=1]	INFO	winstone.Logger#logInternal: Beginning extraction from war file
2022-11-02 13:23:03.238+0000 [id=1]	WARNING	o.e.j.s.handler.ContextHandler#setContextPath: Empty contextPath
2022-11-02 13:23:03.347+0000 [id=1]	INFO	org.eclipse.jetty.server.Server#doStart: jetty-10.0.12; built: 2022-09-14T01:54:40.076Z; git: 408d0139887e27a57b54ed52e2d92a36731a7e88; jvm 11.0.16+8
2022-11-02 13:23:04.472+0000 [id=1]	INFO	o.e.j.w.StandardDescriptorProcessor#visitServlet: NO JSP Support for /, did not find org.eclipse.jetty.jsp.JettyJspServlet
2022-11-02 13:23:04.582+0000 [id=1]	INFO	o.e.j.s.s.DefaultSessionIdManager#doStart: Session workerName=node0
2022-11-02 13:23:05.457+0000 [id=1]	INFO	hudson.WebAppMain#contextInitialized: Jenkins home directory: C:\Program Files\Jenkins\.jenkins found at: EnvVars.masterEnvVars.get("JENKINS_HOME")
2022-11-02 13:23:05.675+0000 [id=1]	INFO	o.e.j.s.handler.ContextHandler#doStart: Started w.@712ca57b{Jenkins v2.375,/,file:///C:/Program%20Files/Jenkins/war/,AVAILABLE}{C:\Program Files\Jenkins\war}
2022-11-02 13:23:05.707+0000 [id=1]	INFO	o.e.j.server.AbstractConnector#doStart: Started ServerConnector@c86b9e3{HTTP/1.1, (http/1.1)}{0.0.0.0:80}
2022-11-02 13:23:05.738+0000 [id=1]	INFO	org.eclipse.jetty.server.Server#doStart: Started Server@1356d4d4{STARTING}[10.0.12,sto=0] @4309ms
2022-11-02 13:23:05.754+0000 [id=23]	INFO	winstone.Logger#logInternal: Winstone Servlet Engine running: controlPort=disabled
2022-11-02 13:23:06.300+0000 [id=29]	INFO	jenkins.InitReactorRunner$1#onAttained: Started initialization
2022-11-02 13:23:06.793+0000 [id=30]	INFO	jenkins.InitReactorRunner$1#onAttained: Listed all plugins
2022-11-02 13:23:07.777+0000 [id=28]	INFO	c.y.h.s.SlaveListenerInitiator#init: Initialising slave-status plugin
2022-11-02 13:23:14.402+0000 [id=28]	INFO	jenkins.InitReactorRunner$1#onAttained: Prepared all plugins
2022-11-02 13:23:14.559+0000 [id=31]	INFO	jenkins.InitReactorRunner$1#onAttained: Started all plugins
WARNING: An illegal reflective access operation has occurred
WARNING: Illegal reflective access by org.codehaus.groovy.vmplugin.v7.Java7$1 (file:/C:/Program%20Files/Jenkins/war/WEB-INF/lib/groovy-all-2.4.21.jar) to constructor java.lang.invoke.MethodHandles$Lookup(java.lang.Class,int)
WARNING: Please consider reporting this to the maintainers of org.codehaus.groovy.vmplugin.v7.Java7$1
WARNING: Use --illegal-access=warn to enable warnings of further illegal reflective access operations
WARNING: All illegal access operations will be denied in a future release
2022-11-02 13:23:16.543+0000 [id=31]	INFO	h.p.b.g.GlobalTimeOutConfiguration#load: global timeout not set
2022-11-02 13:23:18.059+0000 [id=30]	INFO	jenkins.InitReactorRunner$1#onAttained: Augmented all extensions
2022-11-02 13:23:18.856+0000 [id=29]	INFO	jenkins.InitReactorRunner$1#onAttained: System config loaded
2022-11-02 13:23:19.059+0000 [id=30]	INFO	jenkins.InitReactorRunner$1#onAttained: System config adapted
2022-11-02 13:23:19.121+0000 [id=28]	INFO	jenkins.InitReactorRunner$1#onAttained: Loaded all jobs
2022-11-02 13:23:19.152+0000 [id=31]	INFO	jenkins.InitReactorRunner$1#onAttained: Configuration for all jobs updated
2022-11-02 13:23:19.215+0000 [id=30]	INFO	o.s.s.l.DefaultSpringSecurityContextSource#<init>: Configure with URL ldap://ldap.rossvideo.com:389/ou=RossVideo,dc=rossvideo,dc=com and root DN ou=RossVideo,dc=rossvideo,dc=com
2022-11-02 13:23:19.246+0000 [id=30]	INFO	o.s.s.l.s.FilterBasedLdapUserSearch#<init>: Searches will be performed from the root ou=RossVideo,dc=rossvideo,dc=com since SearchBase not set
2022-11-02 13:23:19.356+0000 [id=30]	INFO	o.s.s.l.u.DefaultLdapAuthoritiesPopulator#<init>: Will perform group search from the context source base since groupSearchBase is empty.
2022-11-02 13:23:19.465+0000 [id=30]	INFO	jenkins.InitReactorRunner$1#onAttained: Completed initialization
2022-11-02 13:23:19.496+0000 [id=22]	INFO	c.y.h.s.SlaveListenerInitiator#onOnline: Starting slave-status listener on 
2022-11-02 13:23:19.512+0000 [id=51]	INFO	c.y.h.slavestatus.SlaveListener#call: Slave-status listener starting
2022-11-02 13:23:19.527+0000 [id=51]	INFO	c.y.h.s.SocketHTTPListener#waitForConnection: Slave-status listener ready on port 3141
2022-11-02 13:23:19.543+0000 [id=22]	INFO	hudson.lifecycle.Lifecycle#onReady: Jenkins is fully up and running
2022-11-02 13:25:45.768+0000 [id=78]	INFO	c.y.h.s.SlaveListenerInitiator#onOnline: Starting slave-status listener on srvottinfraut10
2022-11-02 13:38:29.791+0000 [id=69]	WARNING	j.agents.WebSocketAgents$Session#error
org.eclipse.jetty.websocket.core.exception.WebSocketTimeoutException: Connection Idle Timeout
Caused: org.eclipse.jetty.websocket.api.exceptions.WebSocketTimeoutException: Connection Idle Timeout
	at org.eclipse.jetty.websocket.common.JettyWebSocketFrameHandler.convertCause(JettyWebSocketFrameHandler.java:524)
	at org.eclipse.jetty.websocket.common.JettyWebSocketFrameHandler.onError(JettyWebSocketFrameHandler.java:258)
	at org.eclipse.jetty.websocket.core.internal.WebSocketCoreSession.lambda$closeConnection$2(WebSocketCoreSession.java:284)
	at org.eclipse.jetty.server.handler.ContextHandler.handle(ContextHandler.java:1468)
	at org.eclipse.jetty.server.handler.ContextHandler.handle(ContextHandler.java:1487)
	at org.eclipse.jetty.websocket.core.server.internal.AbstractHandshaker$1.handle(AbstractHandshaker.java:212)
	at org.eclipse.jetty.websocket.core.internal.WebSocketCoreSession.closeConnection(WebSocketCoreSession.java:284)
	at org.eclipse.jetty.websocket.core.internal.WebSocketCoreSession.lambda$sendFrame$7(WebSocketCoreSession.java:519)
	at org.eclipse.jetty.util.Callback$3.succeeded(Callback.java:155)
	at org.eclipse.jetty.websocket.core.internal.TransformingFlusher.notifyCallbackSuccess(TransformingFlusher.java:197)
	at org.eclipse.jetty.websocket.core.internal.TransformingFlusher$Flusher.process(TransformingFlusher.java:154)
	at org.eclipse.jetty.util.IteratingCallback.processing(IteratingCallback.java:232)
	at org.eclipse.jetty.util.IteratingCallback.iterate(IteratingCallback.java:214)
	at org.eclipse.jetty.websocket.core.internal.TransformingFlusher.sendFrame(TransformingFlusher.java:77)
	at org.eclipse.jetty.websocket.core.internal.WebSocketCoreSession.sendFrame(WebSocketCoreSession.java:522)
	at org.eclipse.jetty.websocket.core.internal.WebSocketCoreSession.close(WebSocketCoreSession.java:239)
	at org.eclipse.jetty.websocket.core.internal.WebSocketCoreSession.processHandlerError(WebSocketCoreSession.java:371)
	at org.eclipse.jetty.websocket.core.internal.WebSocketConnection.onIdleExpired(WebSocketConnection.java:233)
	at org.eclipse.jetty.io.AbstractEndPoint.onIdleExpired(AbstractEndPoint.java:407)
	at org.eclipse.jetty.io.IdleTimeout.checkIdleTimeout(IdleTimeout.java:167)
	at org.eclipse.jetty.io.IdleTimeout.idleCheck(IdleTimeout.java:109)
	at java.base/java.util.concurrent.Executors$RunnableAdapter.call(Executors.java:515)
	at java.base/java.util.concurrent.FutureTask.run(FutureTask.java:264)
	at java.base/java.util.concurrent.ScheduledThreadPoolExecutor$ScheduledFutureTask.run(ScheduledThreadPoolExecutor.java:304)
	at java.base/java.util.concurrent.ThreadPoolExecutor.runWorker(ThreadPoolExecutor.java:1128)
	at java.base/java.util.concurrent.ThreadPoolExecutor$Worker.run(ThreadPoolExecutor.java:628)
	at java.base/java.lang.Thread.run(Thread.java:829)
2022-11-02 13:38:29.791+0000 [id=69]	INFO	j.s.DefaultJnlpSlaveReceiver#channelClosed: Connector-Scheduler-c86b9e3-1 for srvottinfraut10 terminated: java.nio.channels.ClosedChannelException
2022-11-02 13:38:30.443+0000 [id=174]	INFO	c.y.h.s.SlaveListenerInitiator#onOnline: Starting slave-status listener on srvottinfraut10
2022-11-02 13:39:14.915+0000 [id=39]	WARNING	j.agents.WebSocketAgents$Session#error
org.eclipse.jetty.websocket.core.exception.WebSocketTimeoutException: Connection Idle Timeout
	at org.eclipse.jetty.websocket.core.internal.WebSocketConnection.onIdleExpired(WebSocketConnection.java:233)
	at org.eclipse.jetty.io.AbstractEndPoint.onIdleExpired(AbstractEndPoint.java:407)
	at org.eclipse.jetty.io.IdleTimeout.checkIdleTimeout(IdleTimeout.java:167)
	at org.eclipse.jetty.io.IdleTimeout.idleCheck(IdleTimeout.java:109)
	at java.base/java.util.concurrent.Executors$RunnableAdapter.call(Executors.java:515)
	at java.base/java.util.concurrent.FutureTask.run(FutureTask.java:264)
	at java.base/java.util.concurrent.ScheduledThreadPoolExecutor$ScheduledFutureTask.run(ScheduledThreadPoolExecutor.java:304)
Caused: org.eclipse.jetty.websocket.api.exceptions.WebSocketTimeoutException: Connection Idle Timeout
	at org.eclipse.jetty.websocket.common.JettyWebSocketFrameHandler.convertCause(JettyWebSocketFrameHandler.java:524)
	at org.eclipse.jetty.websocket.common.JettyWebSocketFrameHandler.onError(JettyWebSocketFrameHandler.java:258)
	at org.eclipse.jetty.websocket.core.internal.WebSocketCoreSession.lambda$closeConnection$2(WebSocketCoreSession.java:284)
	at org.eclipse.jetty.server.handler.ContextHandler.handle(ContextHandler.java:1468)
	at org.eclipse.jetty.server.handler.ContextHandler.handle(ContextHandler.java:1487)
	at org.eclipse.jetty.websocket.core.server.internal.AbstractHandshaker$1.handle(AbstractHandshaker.java:212)
	at org.eclipse.jetty.websocket.core.internal.WebSocketCoreSession.closeConnection(WebSocketCoreSession.java:284)
	at org.eclipse.jetty.websocket.core.internal.WebSocketCoreSession.lambda$sendFrame$7(WebSocketCoreSession.java:519)
	at org.eclipse.jetty.util.Callback$3.succeeded(Callback.java:155)
	at org.eclipse.jetty.websocket.core.internal.TransformingFlusher.notifyCallbackSuccess(TransformingFlusher.java:197)
	at org.eclipse.jetty.websocket.core.internal.TransformingFlusher$Flusher.process(TransformingFlusher.java:154)
	at org.eclipse.jetty.util.IteratingCallback.processing(IteratingCallback.java:232)
	at org.eclipse.jetty.util.IteratingCallback.iterate(IteratingCallback.java:214)
	at org.eclipse.jetty.websocket.core.internal.TransformingFlusher.sendFrame(TransformingFlusher.java:77)
	at org.eclipse.jetty.websocket.core.internal.WebSocketCoreSession.sendFrame(WebSocketCoreSession.java:526)
	at org.eclipse.jetty.websocket.common.JettyWebSocketRemoteEndpoint.sendPing(JettyWebSocketRemoteEndpoint.java:143)
	at jenkins.websocket.Jetty10Provider$1.sendPing(Jetty10Provider.java:94)
	at jenkins.websocket.WebSocketSession.lambda$startPings$0(WebSocketSession.java:71)
	at jenkins.security.ImpersonatingScheduledExecutorService$1.run(ImpersonatingScheduledExecutorService.java:69)
	at java.base/java.util.concurrent.Executors$RunnableAdapter.call(Executors.java:515)
	at java.base/java.util.concurrent.FutureTask.runAndReset(FutureTask.java:305)
	at java.base/java.util.concurrent.ScheduledThreadPoolExecutor$ScheduledFutureTask.run(ScheduledThreadPoolExecutor.java:305)
	at java.base/java.util.concurrent.ThreadPoolExecutor.runWorker(ThreadPoolExecutor.java:1128)
	at java.base/java.util.concurrent.ThreadPoolExecutor$Worker.run(ThreadPoolExecutor.java:628)
	at java.base/java.lang.Thread.run(Thread.java:829)
2022-11-02 13:39:14.922+0000 [id=39]	INFO	j.s.DefaultJnlpSlaveReceiver#channelClosed: jenkins.util.Timer [#9] for srvottinfraut10 terminated: java.nio.channels.ClosedChannelException
2022-11-02 13:39:27.587+0000 [id=174]	INFO	c.y.h.s.SlaveListenerInitiator#onOnline: Starting slave-status listener on srvottinfraut10
2022-11-02 13:40:12.170+0000 [id=33]	WARNING	j.agents.WebSocketAgents$Session#error
org.eclipse.jetty.websocket.core.exception.WebSocketTimeoutException: Connection Idle Timeout
	at org.eclipse.jetty.websocket.core.internal.WebSocketConnection.onIdleExpired(WebSocketConnection.java:233)
	at org.eclipse.jetty.io.AbstractEndPoint.onIdleExpired(AbstractEndPoint.java:407)
	at org.eclipse.jetty.io.IdleTimeout.checkIdleTimeout(IdleTimeout.java:167)
	at org.eclipse.jetty.io.IdleTimeout.idleCheck(IdleTimeout.java:109)
	at java.base/java.util.concurrent.Executors$RunnableAdapter.call(Executors.java:515)
	at java.base/java.util.concurrent.FutureTask.run(FutureTask.java:264)
	at java.base/java.util.concurrent.ScheduledThreadPoolExecutor$ScheduledFutureTask.run(ScheduledThreadPoolExecutor.java:304)
Caused: org.eclipse.jetty.websocket.api.exceptions.WebSocketTimeoutException: Connection Idle Timeout
	at org.eclipse.jetty.websocket.common.JettyWebSocketFrameHandler.convertCause(JettyWebSocketFrameHandler.java:524)
	at org.eclipse.jetty.websocket.common.JettyWebSocketFrameHandler.onError(JettyWebSocketFrameHandler.java:258)
	at org.eclipse.jetty.websocket.core.internal.WebSocketCoreSession.lambda$closeConnection$2(WebSocketCoreSession.java:284)
	at org.eclipse.jetty.server.handler.ContextHandler.handle(ContextHandler.java:1468)
	at org.eclipse.jetty.server.handler.ContextHandler.handle(ContextHandler.java:1487)
	at org.eclipse.jetty.websocket.core.server.internal.AbstractHandshaker$1.handle(AbstractHandshaker.java:212)
	at org.eclipse.jetty.websocket.core.internal.WebSocketCoreSession.closeConnection(WebSocketCoreSession.java:284)
	at org.eclipse.jetty.websocket.core.internal.WebSocketCoreSession.lambda$sendFrame$7(WebSocketCoreSession.java:519)
	at org.eclipse.jetty.util.Callback$3.succeeded(Callback.java:155)
	at org.eclipse.jetty.websocket.core.internal.TransformingFlusher.notifyCallbackSuccess(TransformingFlusher.java:197)
	at org.eclipse.jetty.websocket.core.internal.TransformingFlusher$Flusher.process(TransformingFlusher.java:154)
	at org.eclipse.jetty.util.IteratingCallback.processing(IteratingCallback.java:232)
	at org.eclipse.jetty.util.IteratingCallback.iterate(IteratingCallback.java:214)
	at org.eclipse.jetty.websocket.core.internal.TransformingFlusher.sendFrame(TransformingFlusher.java:77)
	at org.eclipse.jetty.websocket.core.internal.WebSocketCoreSession.sendFrame(WebSocketCoreSession.java:526)
	at org.eclipse.jetty.websocket.common.JettyWebSocketRemoteEndpoint.sendPing(JettyWebSocketRemoteEndpoint.java:143)
	at jenkins.websocket.Jetty10Provider$1.sendPing(Jetty10Provider.java:94)
	at jenkins.websocket.WebSocketSession.lambda$startPings$0(WebSocketSession.java:71)
	at jenkins.security.ImpersonatingScheduledExecutorService$1.run(ImpersonatingScheduledExecutorService.java:69)
	at java.base/java.util.concurrent.Executors$RunnableAdapter.call(Executors.java:515)
	at java.base/java.util.concurrent.FutureTask.runAndReset(FutureTask.java:305)
	at java.base/java.util.concurrent.ScheduledThreadPoolExecutor$ScheduledFutureTask.run(ScheduledThreadPoolExecutor.java:305)
	at java.base/java.util.concurrent.ThreadPoolExecutor.runWorker(ThreadPoolExecutor.java:1128)
	at java.base/java.util.concurrent.ThreadPoolExecutor$Worker.run(ThreadPoolExecutor.java:628)
	at java.base/java.lang.Thread.run(Thread.java:829)
2022-11-02 13:40:12.190+0000 [id=33]	INFO	j.s.DefaultJnlpSlaveReceiver#channelClosed: jenkins.util.Timer [#3] for srvottinfraut10 terminated: java.nio.channels.ClosedChannelException
2022-11-02 13:40:12.603+0000 [id=174]	INFO	c.y.h.s.SlaveListenerInitiator#onOnline: Starting slave-status listener on srvottinfraut10
