Attaching to process ID 3511, please wait...
Debugger attached successfully.
Server compiler detected.
JVM version is 25.91-b14

using thread-local object allocation.
Parallel GC with 8 thread(s)

Heap Configuration:
   MinHeapFreeRatio         = 0
   MaxHeapFreeRatio         = 100
   MaxHeapSize              = 8392802304 (8004.0MB)
   NewSize                  = 175112192 (167.0MB)
   MaxNewSize               = 2797600768 (2668.0MB)
   OldSize                  = 351272960 (335.0MB)
   NewRatio                 = 2
   SurvivorRatio            = 8
   MetaspaceSize            = 21807104 (20.796875MB)
   CompressedClassSpaceSize = 1073741824 (1024.0MB)
   MaxMetaspaceSize         = 17592186044415 MB
   G1HeapRegionSize         = 0 (0.0MB)

Heap Usage:
PS Young Generation
Eden Space:
   capacity = 1603272704 (1529.0MB)
   used     = 1603272704 (1529.0MB)
   free     = 0 (0.0MB)
   100.0% used
From Space:
   capacity = 381157376 (363.5MB)
   used     = 0 (0.0MB)
   free     = 381157376 (363.5MB)
   0.0% used
To Space:
   capacity = 606601216 (578.5MB)
   used     = 0 (0.0MB)
   free     = 606601216 (578.5MB)
   0.0% used
PS Old Generation
   capacity = 5595201536 (5336.0MB)
   used     = 5595193848 (5335.9926681518555MB)
   free     = 7688 (0.00733184814453125MB)
   99.99986259654902% used

32350 interned Strings occupying 2983592 bytes.
