Oct 29, 2018 1:01:04 PM jenkins.branch.MultiBranchProject$BranchIndexing run
INFO: PipeLine Test #20181029.130101 branch indexing action completed: SUCCESS in 3.3 sec
Oct 29, 2018 1:01:52 PM hudson.model.UpdateCenter doUpgrade
INFO: Scheduling the core upgrade
Oct 29, 2018 1:01:52 PM hudson.model.UpdateCenter doUpgrade
INFO: Scheduling the core upgrade
Oct 29, 2018 1:01:54 PM hudson.model.UpdateCenter$DownloadJob run
INFO: Starting the installation of jenkins.war on behalf of raffourtit
Oct 29, 2018 1:01:55 PM hudson.model.UpdateCenter$UpdateCenterConfiguration download
INFO: Downloading jenkins.war
Oct 29, 2018 1:02:10 PM hudson.model.UpdateCenter$DownloadJob run
INFO: Installation successful: jenkins.war
Oct 29, 2018 1:02:10 PM hudson.model.UpdateCenter$DownloadJob run
INFO: Starting the installation of jenkins.war on behalf of raffourtit
Oct 29, 2018 1:02:11 PM hudson.model.UpdateCenter$UpdateCenterConfiguration download
INFO: Downloading jenkins.war
Oct 29, 2018 1:02:26 PM hudson.model.UpdateCenter$DownloadJob run
INFO: Installation successful: jenkins.war
Oct 29, 2018 1:02:26 PM hudson.model.UpdateCenter$DownloadJob run
INFO: Starting the installation of Pipeline: Basic Steps on behalf of raffourtit
Oct 29, 2018 1:02:26 PM hudson.model.UpdateCenter$UpdateCenterConfiguration download
INFO: Downloading Pipeline: Basic Steps
Oct 29, 2018 1:02:27 PM hudson.model.UpdateCenter$DownloadJob run
INFO: Starting the installation of Bitbucket Branch Source on behalf of raffourtit
Oct 29, 2018 1:02:28 PM hudson.model.UpdateCenter$UpdateCenterConfiguration download
INFO: Downloading Bitbucket Branch Source
Oct 29, 2018 1:02:28 PM hudson.model.UpdateCenter$DownloadJob run
INFO: Starting the installation of JIRA on behalf of raffourtit
Oct 29, 2018 1:02:29 PM hudson.model.UpdateCenter$UpdateCenterConfiguration download
INFO: Downloading JIRA
Oct 29, 2018 1:02:30 PM hudson.model.UpdateCenter$DownloadJob run
INFO: Starting the installation of Pipeline: API on behalf of raffourtit
Oct 29, 2018 1:02:31 PM hudson.model.UpdateCenter$UpdateCenterConfiguration download
INFO: Downloading Pipeline: API
Oct 29, 2018 1:02:55 PM hudson.model.UpdateCenter doSafeRestart
INFO: Scheduling Jenkins reboot
Oct 29, 2018 1:02:55 PM jenkins.model.Jenkins$23 run
INFO: Restart in 10 seconds
Oct 29, 2018 1:03:05 PM jenkins.model.Jenkins$23 run
INFO: Restarting VM as requested by raffourtit
Oct 29, 2018 1:03:05 PM jenkins.model.Jenkins cleanUp
INFO: Stopping Jenkins
Oct 29, 2018 1:03:05 PM jenkins.model.Jenkins$18 onAttained
INFO: Started termination
Oct 29, 2018 1:03:05 PM jenkins.model.Jenkins$18 onAttained
INFO: Completed termination
Oct 29, 2018 1:03:05 PM jenkins.model.Jenkins _cleanUpDisconnectComputers
INFO: Starting node disconnection
Oct 29, 2018 1:03:05 PM jenkins.model.Jenkins _cleanUpShutdownPluginManager
INFO: Stopping plugin manager
Oct 29, 2018 1:03:05 PM jenkins.model.Jenkins _cleanUpPersistQueue
INFO: Persisting build queue
Oct 29, 2018 1:03:05 PM jenkins.model.Jenkins _cleanUpAwaitDisconnects
INFO: Waiting for node disconnection completion
Oct 29, 2018 1:03:05 PM jenkins.model.Jenkins cleanUp
INFO: Jenkins stopped
Error: Unable to access jarfile C:\Jenkins_Home\jenkins.war
Error: Unable to access jarfile C:\Jenkins_Home\jenkins.war
