[2018-10-16T18:15:17.406+0000] [glassfish 4.1] [WARNING] [] [hudson.init.impl.InstallUncaughtExceptionHandler] [tid: _ThreadID=31 _ThreadName=Handling GET /jenkins/configure from 127.0.0.1 : http-listener-1(1)] [timeMillis: 1539713717406] [levelValue: 900] [[

javax.servlet.ServletException: org.apache.commons.jelly.JellyTagException: jar:file:<glassfish-domain-path>/applications/jenkins/WEB-INF/lib/jenkins-core-2.68.jar!/jenkins/model/Jenkins/configure.jelly:59:84: <st:include> org.apache.commons.jelly.JellyTagException: jar:file:<glassfish-domain-path>/applications/jenkins/WEB-INF/lib/jenkins-core-2.68.jar!/lib/form/section.jelly:48:21: <d:invokeBody> org.apache.commons.jelly.JellyTagException: jar:file:<glassfish-domain-path>/applications/jenkins/WEB-INF/lib/jenkins-core-2.68.jar!/lib/form/advanced.jelly:58:23: <d:invokeBody> org.apache.commons.jelly.JellyTagException: jar:file:<glassfish-domain-path>/applications/jenkins/WEB-INF/lib/jenkins-core-2.68.jar!/lib/form/entry.jelly:77:23: <d:invokeBody> org.apache.commons.jelly.JellyTagException: java.lang.StackOverflowError
	at org.kohsuke.stapler.jelly.JellyFacet$1.dispatch(JellyFacet.java:105)
	at org.kohsuke.stapler.Stapler.tryInvoke(Stapler.java:715)
	at org.kohsuke.stapler.Stapler.invoke(Stapler.java:845)
	at org.kohsuke.stapler.Stapler.invoke(Stapler.java:649)
	at org.kohsuke.stapler.Stapler.service(Stapler.java:238)
	at javax.servlet.http.HttpServlet.service(HttpServlet.java:790)
	at org.apache.catalina.core.StandardWrapper.service(StandardWrapper.java:1682)
	at org.apache.catalina.core.ApplicationFilterChain.internalDoFilter(ApplicationFilterChain.java:344)
	at org.apache.catalina.core.ApplicationFilterChain.doFilter(ApplicationFilterChain.java:214)
	at hudson.util.PluginServletFilter$1.doFilter(PluginServletFilter.java:135)
	at com.cloudbees.jenkins.support.slowrequest.SlowRequestFilter.doFilter(SlowRequestFilter.java:37)
	at hudson.util.PluginServletFilter$1.doFilter(PluginServletFilter.java:132)
	at hudson.plugins.audit_trail.AuditTrailFilter.doFilter(AuditTrailFilter.java:95)
	at hudson.util.PluginServletFilter$1.doFilter(PluginServletFilter.java:132)
	at jenkins.metrics.impl.MetricsFilter.doFilter(MetricsFilter.java:125)
	at hudson.util.PluginServletFilter$1.doFilter(PluginServletFilter.java:132)
	at hudson.util.PluginServletFilter.doFilter(PluginServletFilter.java:138)
	at org.apache.catalina.core.ApplicationFilterChain.internalDoFilter(ApplicationFilterChain.java:256)
	at org.apache.catalina.core.ApplicationFilterChain.doFilter(ApplicationFilterChain.java:214)
	at hudson.security.csrf.CrumbFilter.doFilter(CrumbFilter.java:49)
	at org.apache.catalina.core.ApplicationFilterChain.internalDoFilter(ApplicationFilterChain.java:256)
	at org.apache.catalina.core.ApplicationFilterChain.doFilter(ApplicationFilterChain.java:214)
	at hudson.security.ChainedServletFilter$1.doFilter(ChainedServletFilter.java:84)
	at hudson.security.UnwrapSecurityExceptionFilter.doFilter(UnwrapSecurityExceptionFilter.java:51)
	at hudson.security.ChainedServletFilter$1.doFilter(ChainedServletFilter.java:87)
	at jenkins.security.ExceptionTranslationFilter.doFilter(ExceptionTranslationFilter.java:117)
	at hudson.security.ChainedServletFilter$1.doFilter(ChainedServletFilter.java:87)
	at org.acegisecurity.providers.anonymous.AnonymousProcessingFilter.doFilter(AnonymousProcessingFilter.java:125)
	at hudson.security.ChainedServletFilter$1.doFilter(ChainedServletFilter.java:87)
	at org.acegisecurity.ui.rememberme.RememberMeProcessingFilter.doFilter(RememberMeProcessingFilter.java:142)
	at hudson.security.ChainedServletFilter$1.doFilter(ChainedServletFilter.java:87)
	at org.acegisecurity.ui.AbstractProcessingFilter.doFilter(AbstractProcessingFilter.java:271)
	at hudson.security.ChainedServletFilter$1.doFilter(ChainedServletFilter.java:87)
	at jenkins.security.BasicHeaderProcessor.doFilter(BasicHeaderProcessor.java:92)
	at hudson.security.ChainedServletFilter$1.doFilter(ChainedServletFilter.java:87)
	at org.acegisecurity.context.HttpSessionContextIntegrationFilter.doFilter(HttpSessionContextIntegrationFilter.java:249)
	at hudson.security.HttpSessionContextIntegrationFilter2.doFilter(HttpSessionContextIntegrationFilter2.java:67)
	at hudson.security.ChainedServletFilter$1.doFilter(ChainedServletFilter.java:87)
	at hudson.security.ChainedServletFilter.doFilter(ChainedServletFilter.java:90)
	at hudson.security.HudsonFilter.doFilter(HudsonFilter.java:171)
	at org.apache.catalina.core.ApplicationFilterChain.internalDoFilter(ApplicationFilterChain.java:256)
	at org.apache.catalina.core.ApplicationFilterChain.doFilter(ApplicationFilterChain.java:214)
	at org.kohsuke.stapler.compression.CompressionFilter.doFilter(CompressionFilter.java:49)
	at org.apache.catalina.core.ApplicationFilterChain.internalDoFilter(ApplicationFilterChain.java:256)
	at org.apache.catalina.core.ApplicationFilterChain.doFilter(ApplicationFilterChain.java:214)
	at hudson.util.CharacterEncodingFilter.doFilter(CharacterEncodingFilter.java:82)
	at org.apache.catalina.core.ApplicationFilterChain.internalDoFilter(ApplicationFilterChain.java:256)
	at org.apache.catalina.core.ApplicationFilterChain.doFilter(ApplicationFilterChain.java:214)
	at org.kohsuke.stapler.DiagnosticThreadNameFilter.doFilter(DiagnosticThreadNameFilter.java:30)
	at org.apache.catalina.core.ApplicationFilterChain.internalDoFilter(ApplicationFilterChain.java:256)
	at org.apache.catalina.core.ApplicationFilterChain.doFilter(ApplicationFilterChain.java:214)
	at org.apache.catalina.core.StandardWrapperValve.invoke(StandardWrapperValve.java:316)
	at org.apache.catalina.core.StandardContextValve.invoke(StandardContextValve.java:160)
	at org.apache.catalina.core.StandardPipeline.doInvoke(StandardPipeline.java:734)
	at org.apache.catalina.core.StandardPipeline.invoke(StandardPipeline.java:673)
	at com.sun.enterprise.web.WebPipeline.invoke(WebPipeline.java:99)
	at org.apache.catalina.core.StandardHostValve.invoke(StandardHostValve.java:174)
	at org.apache.catalina.core.StandardPipeline.doInvoke(StandardPipeline.java:734)
	at org.apache.catalina.core.StandardPipeline.invoke(StandardPipeline.java:673)
	at org.apache.catalina.connector.CoyoteAdapter.doService(CoyoteAdapter.java:413)
	at org.apache.catalina.connector.CoyoteAdapter.service(CoyoteAdapter.java:283)
	at com.sun.enterprise.v3.services.impl.ContainerMapper$HttpHandlerCallable.call(ContainerMapper.java:459)
	at com.sun.enterprise.v3.services.impl.ContainerMapper.service(ContainerMapper.java:167)
	at org.glassfish.grizzly.http.server.HttpHandler.runService(HttpHandler.java:206)
	at org.glassfish.grizzly.http.server.HttpHandler.doHandle(HttpHandler.java:180)
	at org.glassfish.grizzly.http.server.HttpServerFilter.handleRead(HttpServerFilter.java:235)
	at org.glassfish.grizzly.filterchain.ExecutorResolver$9.execute(ExecutorResolver.java:119)
	at org.glassfish.grizzly.filterchain.DefaultFilterChain.executeFilter(DefaultFilterChain.java:283)
	at org.glassfish.grizzly.filterchain.DefaultFilterChain.executeChainPart(DefaultFilterChain.java:200)
	at org.glassfish.grizzly.filterchain.DefaultFilterChain.execute(DefaultFilterChain.java:132)
	at org.glassfish.grizzly.filterchain.DefaultFilterChain.process(DefaultFilterChain.java:111)
	at org.glassfish.grizzly.ProcessorExecutor.execute(ProcessorExecutor.java:77)
	at org.glassfish.grizzly.nio.transport.TCPNIOTransport.fireIOEvent(TCPNIOTransport.java:536)
	at org.glassfish.grizzly.strategies.AbstractIOStrategy.fireIOEvent(AbstractIOStrategy.java:112)
	at org.glassfish.grizzly.strategies.WorkerThreadIOStrategy.run0(WorkerThreadIOStrategy.java:117)
	at org.glassfish.grizzly.strategies.WorkerThreadIOStrategy.access$100(WorkerThreadIOStrategy.java:56)
	at org.glassfish.grizzly.strategies.WorkerThreadIOStrategy$WorkerThreadRunnable.run(WorkerThreadIOStrategy.java:137)
	at org.glassfish.grizzly.threadpool.AbstractThreadPool$Worker.doWork(AbstractThreadPool.java:591)
	at org.glassfish.grizzly.threadpool.AbstractThreadPool$Worker.run(AbstractThreadPool.java:571)
	at java.lang.Thread.run(Thread.java:748)
Caused by: org.apache.commons.jelly.JellyTagException: jar:file:<glassfish-domain-path>/applications/jenkins/WEB-INF/lib/jenkins-core-2.68.jar!/jenkins/model/Jenkins/configure.jelly:59:84: <st:include> org.apache.commons.jelly.JellyTagException: jar:file:<glassfish-domain-path>/applications/jenkins/WEB-INF/lib/jenkins-core-2.68.jar!/lib/form/section.jelly:48:21: <d:invokeBody> org.apache.commons.jelly.JellyTagException: jar:file:<glassfish-domain-path>/applications/jenkins/WEB-INF/lib/jenkins-core-2.68.jar!/lib/form/advanced.jelly:58:23: <d:invokeBody> org.apache.commons.jelly.JellyTagException: jar:file:<glassfish-domain-path>/applications/jenkins/WEB-INF/lib/jenkins-core-2.68.jar!/lib/form/entry.jelly:77:23: <d:invokeBody> org.apache.commons.jelly.JellyTagException: java.lang.StackOverflowError
	at org.apache.commons.jelly.impl.TagScript.handleException(TagScript.java:726)
	at org.apache.commons.jelly.impl.TagScript.run(TagScript.java:281)
	at org.kohsuke.stapler.jelly.CallTagLibScript$1.run(CallTagLibScript.java:99)
	at org.apache.commons.jelly.tags.define.InvokeBodyTag.doTag(InvokeBodyTag.java:91)
	at org.apache.commons.jelly.impl.TagScript.run(TagScript.java:269)
	at org.apache.commons.jelly.impl.ScriptBlock.run(ScriptBlock.java:95)
	at org.apache.commons.jelly.TagSupport.invokeBody(TagSupport.java:161)
	at org.apache.commons.jelly.tags.core.OtherwiseTag.doTag(OtherwiseTag.java:41)
	at org.apache.commons.jelly.impl.TagScript.run(TagScript.java:269)
	at org.apache.commons.jelly.impl.ScriptBlock.run(ScriptBlock.java:95)
	at org.apache.commons.jelly.TagSupport.invokeBody(TagSupport.java:161)
	at org.apache.commons.jelly.tags.core.ChooseTag.doTag(ChooseTag.java:38)
	at org.apache.commons.jelly.impl.TagScript.run(TagScript.java:269)
	at org.apache.commons.jelly.impl.ScriptBlock.run(ScriptBlock.java:95)
	at org.apache.commons.jelly.tags.core.CoreTagLibrary$2.run(CoreTagLibrary.java:105)
	at org.kohsuke.stapler.jelly.CallTagLibScript.run(CallTagLibScript.java:120)
	at org.apache.commons.jelly.impl.ScriptBlock.run(ScriptBlock.java:95)
	at org.apache.commons.jelly.TagSupport.invokeBody(TagSupport.java:161)
	at org.apache.commons.jelly.tags.core.ForEachTag.doTag(ForEachTag.java:150)
	at org.apache.commons.jelly.impl.TagScript.run(TagScript.java:269)
	at org.apache.commons.jelly.impl.ScriptBlock.run(ScriptBlock.java:95)
	at org.kohsuke.stapler.jelly.CallTagLibScript$1.run(CallTagLibScript.java:99)
	at org.apache.commons.jelly.tags.define.InvokeBodyTag.doTag(InvokeBodyTag.java:91)
	at org.apache.commons.jelly.impl.TagScript.run(TagScript.java:269)
	at org.kohsuke.stapler.jelly.ReallyStaticTagLibrary$1.run(ReallyStaticTagLibrary.java:99)
	at org.kohsuke.stapler.jelly.ReallyStaticTagLibrary$1.run(ReallyStaticTagLibrary.java:99)
	at org.apache.commons.jelly.impl.ScriptBlock.run(ScriptBlock.java:95)
	at org.apache.commons.jelly.tags.core.CoreTagLibrary$2.run(CoreTagLibrary.java:105)
	at org.kohsuke.stapler.jelly.CallTagLibScript.run(CallTagLibScript.java:120)
	at org.apache.commons.jelly.impl.ScriptBlock.run(ScriptBlock.java:95)
	at org.kohsuke.stapler.jelly.CallTagLibScript$1.run(CallTagLibScript.java:99)
	at org.apache.commons.jelly.tags.define.InvokeBodyTag.doTag(InvokeBodyTag.java:91)
	at org.apache.commons.jelly.impl.TagScript.run(TagScript.java:269)
	at org.apache.commons.jelly.impl.ScriptBlock.run(ScriptBlock.java:95)
	at org.apache.commons.jelly.tags.core.CoreTagLibrary$1.run(CoreTagLibrary.java:98)
	at org.apache.commons.jelly.impl.ScriptBlock.run(ScriptBlock.java:95)
	at org.apache.commons.jelly.tags.core.CoreTagLibrary$2.run(CoreTagLibrary.java:105)
	at org.kohsuke.stapler.jelly.CallTagLibScript.run(CallTagLibScript.java:120)
	at org.apache.commons.jelly.impl.ScriptBlock.run(ScriptBlock.java:95)
	at org.kohsuke.stapler.jelly.CallTagLibScript$1.run(CallTagLibScript.java:99)
	at org.apache.commons.jelly.tags.define.InvokeBodyTag.doTag(InvokeBodyTag.java:91)
	at org.apache.commons.jelly.impl.TagScript.run(TagScript.java:269)
	at org.apache.commons.jelly.impl.ScriptBlock.run(ScriptBlock.java:95)
	at org.kohsuke.stapler.jelly.ReallyStaticTagLibrary$1.run(ReallyStaticTagLibrary.java:99)
	at org.apache.commons.jelly.impl.ScriptBlock.run(ScriptBlock.java:95)
	at org.kohsuke.stapler.jelly.ReallyStaticTagLibrary$1.run(ReallyStaticTagLibrary.java:99)
	at org.apache.commons.jelly.impl.ScriptBlock.run(ScriptBlock.java:95)
	at org.kohsuke.stapler.jelly.ReallyStaticTagLibrary$1.run(ReallyStaticTagLibrary.java:99)
	at org.apache.commons.jelly.impl.ScriptBlock.run(ScriptBlock.java:95)
	at org.kohsuke.stapler.jelly.ReallyStaticTagLibrary$1.run(ReallyStaticTagLibrary.java:99)
	at org.apache.commons.jelly.impl.ScriptBlock.run(ScriptBlock.java:95)
	at org.apache.commons.jelly.tags.core.CoreTagLibrary$2.run(CoreTagLibrary.java:105)
	at org.kohsuke.stapler.jelly.CallTagLibScript.run(CallTagLibScript.java:120)
	at org.apache.commons.jelly.tags.core.CoreTagLibrary$2.run(CoreTagLibrary.java:105)
	at org.kohsuke.stapler.jelly.JellyViewScript.run(JellyViewScript.java:95)
	at org.kohsuke.stapler.jelly.DefaultScriptInvoker.invokeScript(DefaultScriptInvoker.java:63)
	at org.kohsuke.stapler.jelly.DefaultScriptInvoker.invokeScript(DefaultScriptInvoker.java:53)
	at org.kohsuke.stapler.jelly.JellyFacet$1.dispatch(JellyFacet.java:97)
	... 79 more
Caused by: java.lang.RuntimeException: org.apache.commons.jelly.JellyTagException: jar:file:<glassfish-domain-path>/applications/jenkins/WEB-INF/lib/jenkins-core-2.68.jar!/lib/form/section.jelly:48:21: <d:invokeBody> org.apache.commons.jelly.JellyTagException: jar:file:<glassfish-domain-path>/applications/jenkins/WEB-INF/lib/jenkins-core-2.68.jar!/lib/form/advanced.jelly:58:23: <d:invokeBody> org.apache.commons.jelly.JellyTagException: jar:file:<glassfish-domain-path>/applications/jenkins/WEB-INF/lib/jenkins-core-2.68.jar!/lib/form/entry.jelly:77:23: <d:invokeBody> org.apache.commons.jelly.JellyTagException: java.lang.StackOverflowError
	at org.kohsuke.stapler.jelly.groovy.JellyBuilder.doInvokeMethod(JellyBuilder.java:280)
	at org.kohsuke.stapler.jelly.groovy.Namespace$ProxyImpl.invoke(Namespace.java:92)
	at com.sun.proxy.$Proxy223.section(Unknown Source)
	at lib.FormTagLib$section$12.call(Unknown Source)
	at jenkins.management.AdministrativeMonitorsConfiguration.config.run(config.groovy:32)
	at org.kohsuke.stapler.jelly.groovy.GroovierJellyScript.run(GroovierJellyScript.java:74)
	at org.kohsuke.stapler.jelly.groovy.GroovierJellyScript.run(GroovierJellyScript.java:62)
	at org.kohsuke.stapler.jelly.IncludeTag.doTag(IncludeTag.java:147)
	at org.apache.commons.jelly.impl.TagScript.run(TagScript.java:269)
	... 135 more
Caused by: org.apache.commons.jelly.JellyTagException: jar:file:<glassfish-domain-path>/applications/jenkins/WEB-INF/lib/jenkins-core-2.68.jar!/lib/form/section.jelly:48:21: <d:invokeBody> org.apache.commons.jelly.JellyTagException: jar:file:<glassfish-domain-path>/applications/jenkins/WEB-INF/lib/jenkins-core-2.68.jar!/lib/form/advanced.jelly:58:23: <d:invokeBody> org.apache.commons.jelly.JellyTagException: jar:file:<glassfish-domain-path>/applications/jenkins/WEB-INF/lib/jenkins-core-2.68.jar!/lib/form/entry.jelly:77:23: <d:invokeBody> org.apache.commons.jelly.JellyTagException: java.lang.StackOverflowError
	at org.apache.commons.jelly.impl.TagScript.handleException(TagScript.java:726)
	at org.apache.commons.jelly.impl.TagScript.run(TagScript.java:281)
	at org.apache.commons.jelly.impl.ScriptBlock.run(ScriptBlock.java:95)
	at org.kohsuke.stapler.jelly.CallTagLibScript$1.run(CallTagLibScript.java:99)
	at org.apache.commons.jelly.tags.define.InvokeBodyTag.doTag(InvokeBodyTag.java:91)
	at org.apache.commons.jelly.impl.TagScript.run(TagScript.java:269)
	at org.apache.commons.jelly.TagSupport.invokeBody(TagSupport.java:161)
	at org.apache.commons.jelly.tags.core.WhenTag.doTag(WhenTag.java:46)
	at org.apache.commons.jelly.impl.TagScript.run(TagScript.java:269)
	at org.apache.commons.jelly.impl.ScriptBlock.run(ScriptBlock.java:95)
	at org.apache.commons.jelly.TagSupport.invokeBody(TagSupport.java:161)
	at org.apache.commons.jelly.tags.core.ChooseTag.doTag(ChooseTag.java:38)
	at org.apache.commons.jelly.impl.TagScript.run(TagScript.java:269)
	at org.apache.commons.jelly.impl.ScriptBlock.run(ScriptBlock.java:95)
	at org.apache.commons.jelly.tags.core.CoreTagLibrary$2.run(CoreTagLibrary.java:105)
	at org.kohsuke.stapler.jelly.CallTagLibScript.run(CallTagLibScript.java:120)
	at org.apache.commons.jelly.impl.ScriptBlock.run(ScriptBlock.java:95)
	at org.apache.commons.jelly.tags.core.CoreTagLibrary$2.run(CoreTagLibrary.java:105)
	at org.kohsuke.stapler.jelly.CallTagLibScript.run(CallTagLibScript.java:120)
	at org.kohsuke.stapler.jelly.groovy.JellyBuilder.doInvokeMethod(JellyBuilder.java:276)
	... 143 more
Caused by: java.lang.RuntimeException: org.apache.commons.jelly.JellyTagException: jar:file:<glassfish-domain-path>/applications/jenkins/WEB-INF/lib/jenkins-core-2.68.jar!/lib/form/advanced.jelly:58:23: <d:invokeBody> org.apache.commons.jelly.JellyTagException: jar:file:<glassfish-domain-path>/applications/jenkins/WEB-INF/lib/jenkins-core-2.68.jar!/lib/form/entry.jelly:77:23: <d:invokeBody> org.apache.commons.jelly.JellyTagException: java.lang.StackOverflowError
	at org.kohsuke.stapler.jelly.groovy.JellyBuilder.doInvokeMethod(JellyBuilder.java:280)
	at org.kohsuke.stapler.jelly.groovy.Namespace$ProxyImpl.invoke(Namespace.java:92)
	at com.sun.proxy.$Proxy223.advanced(Unknown Source)
	at lib.FormTagLib$advanced$16.call(Unknown Source)
	at jenkins.management.AdministrativeMonitorsConfiguration.config$_run_closure1.doCall(config.groovy:33)
	at jenkins.management.AdministrativeMonitorsConfiguration.config$_run_closure1.doCall(config.groovy)
	at sun.reflect.NativeMethodAccessorImpl.invoke0(Native Method)
	at sun.reflect.NativeMethodAccessorImpl.invoke(NativeMethodAccessorImpl.java:62)
	at sun.reflect.DelegatingMethodAccessorImpl.invoke(DelegatingMethodAccessorImpl.java:43)
	at java.lang.reflect.Method.invoke(Method.java:498)
	at org.codehaus.groovy.reflection.CachedMethod.invoke(CachedMethod.java:93)
	at groovy.lang.MetaMethod.doMethodInvoke(MetaMethod.java:325)
	at org.codehaus.groovy.runtime.metaclass.ClosureMetaClass.invokeMethod(ClosureMetaClass.java:294)
	at groovy.lang.MetaClassImpl.invokeMethod(MetaClassImpl.java:1022)
	at groovy.lang.Closure.call(Closure.java:414)
	at groovy.lang.Closure.call(Closure.java:408)
	at org.kohsuke.stapler.jelly.groovy.JellyBuilder$1.run(JellyBuilder.java:264)
	at org.kohsuke.stapler.jelly.CallTagLibScript$1.run(CallTagLibScript.java:99)
	at org.apache.commons.jelly.tags.define.InvokeBodyTag.doTag(InvokeBodyTag.java:91)
	at org.apache.commons.jelly.impl.TagScript.run(TagScript.java:269)
	... 161 more
Caused by: org.apache.commons.jelly.JellyTagException: jar:file:<glassfish-domain-path>/applications/jenkins/WEB-INF/lib/jenkins-core-2.68.jar!/lib/form/advanced.jelly:58:23: <d:invokeBody> org.apache.commons.jelly.JellyTagException: jar:file:<glassfish-domain-path>/applications/jenkins/WEB-INF/lib/jenkins-core-2.68.jar!/lib/form/entry.jelly:77:23: <d:invokeBody> org.apache.commons.jelly.JellyTagException: java.lang.StackOverflowError
	at org.apache.commons.jelly.impl.TagScript.handleException(TagScript.java:726)
	at org.apache.commons.jelly.impl.TagScript.run(TagScript.java:281)
	at org.kohsuke.stapler.jelly.ReallyStaticTagLibrary$1.run(ReallyStaticTagLibrary.java:99)
	at org.kohsuke.stapler.jelly.ReallyStaticTagLibrary$1.run(ReallyStaticTagLibrary.java:99)
	at org.apache.commons.jelly.impl.ScriptBlock.run(ScriptBlock.java:95)
	at org.kohsuke.stapler.jelly.ReallyStaticTagLibrary$1.run(ReallyStaticTagLibrary.java:99)
	at org.apache.commons.jelly.impl.ScriptBlock.run(ScriptBlock.java:95)
	at org.kohsuke.stapler.jelly.ReallyStaticTagLibrary$1.run(ReallyStaticTagLibrary.java:99)
	at org.apache.commons.jelly.impl.ScriptBlock.run(ScriptBlock.java:95)
	at org.apache.commons.jelly.tags.core.CoreTagLibrary$2.run(CoreTagLibrary.java:105)
	at org.kohsuke.stapler.jelly.CallTagLibScript.run(CallTagLibScript.java:120)
	at org.kohsuke.stapler.jelly.groovy.JellyBuilder.doInvokeMethod(JellyBuilder.java:276)
	... 180 more
Caused by: java.lang.RuntimeException: org.apache.commons.jelly.JellyTagException: jar:file:<glassfish-domain-path>/applications/jenkins/WEB-INF/lib/jenkins-core-2.68.jar!/lib/form/entry.jelly:77:23: <d:invokeBody> org.apache.commons.jelly.JellyTagException: java.lang.StackOverflowError
	at org.kohsuke.stapler.jelly.groovy.JellyBuilder.doInvokeMethod(JellyBuilder.java:280)
	at org.kohsuke.stapler.jelly.groovy.Namespace$ProxyImpl.invoke(Namespace.java:92)
	at com.sun.proxy.$Proxy223.entry(Unknown Source)
	at lib.FormTagLib$entry$0.call(Unknown Source)
	at jenkins.management.AdministrativeMonitorsConfiguration.config$_run_closure1$_closure2.doCall(config.groovy:34)
	at jenkins.management.AdministrativeMonitorsConfiguration.config$_run_closure1$_closure2.doCall(config.groovy)
	at sun.reflect.NativeMethodAccessorImpl.invoke0(Native Method)
	at sun.reflect.NativeMethodAccessorImpl.invoke(NativeMethodAccessorImpl.java:62)
	at sun.reflect.DelegatingMethodAccessorImpl.invoke(DelegatingMethodAccessorImpl.java:43)
	at java.lang.reflect.Method.invoke(Method.java:498)
	at org.codehaus.groovy.reflection.CachedMethod.invoke(CachedMethod.java:93)
	at groovy.lang.MetaMethod.doMethodInvoke(MetaMethod.java:325)
	at org.codehaus.groovy.runtime.metaclass.ClosureMetaClass.invokeMethod(ClosureMetaClass.java:294)
	at groovy.lang.MetaClassImpl.invokeMethod(MetaClassImpl.java:1022)
	at groovy.lang.Closure.call(Closure.java:414)
	at groovy.lang.Closure.call(Closure.java:408)
	at org.kohsuke.stapler.jelly.groovy.JellyBuilder$1.run(JellyBuilder.java:264)
	at org.kohsuke.stapler.jelly.CallTagLibScript$1.run(CallTagLibScript.java:99)
	at org.apache.commons.jelly.tags.define.InvokeBodyTag.doTag(InvokeBodyTag.java:91)
	at org.apache.commons.jelly.impl.TagScript.run(TagScript.java:269)
	... 190 more
Caused by: org.apache.commons.jelly.JellyTagException: jar:file:<glassfish-domain-path>/applications/jenkins/WEB-INF/lib/jenkins-core-2.68.jar!/lib/form/entry.jelly:77:23: <d:invokeBody> org.apache.commons.jelly.JellyTagException: java.lang.StackOverflowError
	at org.apache.commons.jelly.impl.TagScript.handleException(TagScript.java:726)
	at org.apache.commons.jelly.impl.TagScript.run(TagScript.java:281)
	at org.kohsuke.stapler.jelly.ReallyStaticTagLibrary$1.run(ReallyStaticTagLibrary.java:99)
	at org.apache.commons.jelly.impl.ScriptBlock.run(ScriptBlock.java:95)
	at org.kohsuke.stapler.jelly.ReallyStaticTagLibrary$1.run(ReallyStaticTagLibrary.java:99)
	at org.apache.commons.jelly.impl.ScriptBlock.run(ScriptBlock.java:95)
	at org.apache.commons.jelly.tags.core.CoreTagLibrary$2.run(CoreTagLibrary.java:105)
	at org.kohsuke.stapler.jelly.CallTagLibScript.run(CallTagLibScript.java:120)
	at org.kohsuke.stapler.jelly.groovy.JellyBuilder.doInvokeMethod(JellyBuilder.java:276)
	... 209 more
Caused by: java.lang.RuntimeException: org.apache.commons.jelly.JellyTagException: java.lang.StackOverflowError
	at org.kohsuke.stapler.jelly.groovy.JellyBuilder.doInvokeMethod(JellyBuilder.java:280)
	at org.kohsuke.stapler.jelly.groovy.Namespace.invokeMethod(Namespace.java:56)
	at org.codehaus.groovy.runtime.callsite.PogoMetaClassSite.call(PogoMetaClassSite.java:48)
	at org.codehaus.groovy.runtime.callsite.AbstractCallSite.call(AbstractCallSite.java:125)
	at jenkins.management.AdministrativeMonitorsConfiguration.config$_run_closure1$_closure2$_closure3$_closure4$_closure6$_closure7.doCall(config.groovy:47)
	at jenkins.management.AdministrativeMonitorsConfiguration.config$_run_closure1$_closure2$_closure3$_closure4$_closure6$_closure7.doCall(config.groovy)
	at sun.reflect.GeneratedMethodAccessor275.invoke(Unknown Source)
	at sun.reflect.DelegatingMethodAccessorImpl.invoke(DelegatingMethodAccessorImpl.java:43)
	at java.lang.reflect.Method.invoke(Method.java:498)
	at org.codehaus.groovy.reflection.CachedMethod.invoke(CachedMethod.java:93)
	at groovy.lang.MetaMethod.doMethodInvoke(MetaMethod.java:325)
	at org.codehaus.groovy.runtime.metaclass.ClosureMetaClass.invokeMethod(ClosureMetaClass.java:294)
	at groovy.lang.MetaClassImpl.invokeMethod(MetaClassImpl.java:1022)
	at groovy.lang.Closure.call(Closure.java:414)
	at groovy.lang.Closure.call(Closure.java:408)
	at org.kohsuke.stapler.jelly.groovy.JellyBuilder.doInvokeMethod(JellyBuilder.java:296)
	at org.kohsuke.stapler.jelly.groovy.JellyBuilder.methodMissing(JellyBuilder.java:173)
	at sun.reflect.GeneratedMethodAccessor204.invoke(Unknown Source)
	at sun.reflect.DelegatingMethodAccessorImpl.invoke(DelegatingMethodAccessorImpl.java:43)
	at java.lang.reflect.Method.invoke(Method.java:498)
	at org.codehaus.groovy.reflection.CachedMethod.invoke(CachedMethod.java:93)
	at groovy.lang.MetaClassImpl.invokeMissingMethod(MetaClassImpl.java:939)
	at groovy.lang.MetaClassImpl.invokePropertyOrMissing(MetaClassImpl.java:1262)
	at groovy.lang.MetaClassImpl.invokeMethod(MetaClassImpl.java:1215)
	at groovy.lang.MetaClassImpl.invokeMethod(MetaClassImpl.java:1022)
	at groovy.lang.MetaClassImpl.invokeMethod(MetaClassImpl.java:810)
	at groovy.lang.GroovyObjectSupport.invokeMethod(GroovyObjectSupport.java:46)
	at org.kohsuke.stapler.jelly.groovy.GroovyClosureScript.invokeMethod(GroovyClosureScript.java:87)
	at org.codehaus.groovy.runtime.metaclass.ClosureMetaClass.invokeOnDelegationObjects(ClosureMetaClass.java:430)
	at org.codehaus.groovy.runtime.metaclass.ClosureMetaClass.invokeMethod(ClosureMetaClass.java:369)
	at groovy.lang.MetaClassImpl.invokeMethod(MetaClassImpl.java:1022)
	at groovy.lang.MetaClassImpl.invokeMethod(MetaClassImpl.java:810)
	at groovy.lang.GroovyObjectSupport.invokeMethod(GroovyObjectSupport.java:46)
	at org.codehaus.groovy.runtime.metaclass.ClosureMetaClass.invokeOnDelegationObjects(ClosureMetaClass.java:430)
	at org.codehaus.groovy.runtime.metaclass.ClosureMetaClass.invokeMethod(ClosureMetaClass.java:369)
	at groovy.lang.MetaClassImpl.invokeMethod(MetaClassImpl.java:1022)
	at groovy.lang.MetaClassImpl.invokeMethod(MetaClassImpl.java:810)
	at groovy.lang.GroovyObjectSupport.invokeMethod(GroovyObjectSupport.java:46)
	at org.codehaus.groovy.runtime.metaclass.ClosureMetaClass.invokeOnDelegationObjects(ClosureMetaClass.java:430)
	at org.codehaus.groovy.runtime.metaclass.ClosureMetaClass.invokeMethod(ClosureMetaClass.java:369)
	at groovy.lang.MetaClassImpl.invokeMethod(MetaClassImpl.java:1022)
	at groovy.lang.MetaClassImpl.invokeMethod(MetaClassImpl.java:810)
	at groovy.lang.GroovyObjectSupport.invokeMethod(GroovyObjectSupport.java:46)
	at org.codehaus.groovy.runtime.metaclass.ClosureMetaClass.invokeOnDelegationObjects(ClosureMetaClass.java:430)
	at org.codehaus.groovy.runtime.metaclass.ClosureMetaClass.invokeMethod(ClosureMetaClass.java:369)
	at groovy.lang.MetaClassImpl.invokeMethod(MetaClassImpl.java:1022)
	at groovy.lang.MetaClassImpl.invokeMethod(MetaClassImpl.java:810)
	at groovy.lang.GroovyObjectSupport.invokeMethod(GroovyObjectSupport.java:46)
	at org.codehaus.groovy.runtime.metaclass.ClosureMetaClass.invokeOnDelegationObjects(ClosureMetaClass.java:430)
	at org.codehaus.groovy.runtime.metaclass.ClosureMetaClass.invokeMethod(ClosureMetaClass.java:369)
	at groovy.lang.MetaClassImpl.invokeMethod(MetaClassImpl.java:1022)
	at org.codehaus.groovy.runtime.callsite.PogoMetaClassSite.callCurrent(PogoMetaClassSite.java:69)
	at org.codehaus.groovy.runtime.callsite.AbstractCallSite.callCurrent(AbstractCallSite.java:174)
	at jenkins.management.AdministrativeMonitorsConfiguration.config$_run_closure1$_closure2$_closure3$_closure4$_closure6.doCall(config.groovy:46)
	at jenkins.management.AdministrativeMonitorsConfiguration.config$_run_closure1$_closure2$_closure3$_closure4$_closure6.doCall(config.groovy)
	at sun.reflect.GeneratedMethodAccessor274.invoke(Unknown Source)
	at sun.reflect.DelegatingMethodAccessorImpl.invoke(DelegatingMethodAccessorImpl.java:43)
	at java.lang.reflect.Method.invoke(Method.java:498)
	at org.codehaus.groovy.reflection.CachedMethod.invoke(CachedMethod.java:93)
	at groovy.lang.MetaMethod.doMethodInvoke(MetaMethod.java:325)
	at org.codehaus.groovy.runtime.metaclass.ClosureMetaClass.invokeMethod(ClosureMetaClass.java:294)
	at groovy.lang.MetaClassImpl.invokeMethod(MetaClassImpl.java:1022)
	at groovy.lang.Closure.call(Closure.java:414)
	at groovy.lang.Closure.call(Closure.java:408)
	at org.kohsuke.stapler.jelly.groovy.JellyBuilder.doInvokeMethod(JellyBuilder.java:296)
	at org.kohsuke.stapler.jelly.groovy.JellyBuilder.methodMissing(JellyBuilder.java:173)
	at sun.reflect.GeneratedMethodAccessor204.invoke(Unknown Source)
	at sun.reflect.DelegatingMethodAccessorImpl.invoke(DelegatingMethodAccessorImpl.java:43)
	at java.lang.reflect.Method.invoke(Method.java:498)
	at org.codehaus.groovy.reflection.CachedMethod.invoke(CachedMethod.java:93)
	at groovy.lang.MetaClassImpl.invokeMissingMethod(MetaClassImpl.java:939)
	at groovy.lang.MetaClassImpl.invokePropertyOrMissing(MetaClassImpl.java:1262)
	at groovy.lang.MetaClassImpl.invokeMethod(MetaClassImpl.java:1215)
	at groovy.lang.MetaClassImpl.invokeMethod(MetaClassImpl.java:1022)
	at groovy.lang.MetaClassImpl.invokeMethod(MetaClassImpl.java:810)
	at groovy.lang.GroovyObjectSupport.invokeMethod(GroovyObjectSupport.java:46)
	at org.kohsuke.stapler.jelly.groovy.GroovyClosureScript.invokeMethod(GroovyClosureScript.java:87)
	at org.codehaus.groovy.runtime.metaclass.ClosureMetaClass.invokeOnDelegationObjects(ClosureMetaClass.java:430)
	at org.codehaus.groovy.runtime.metaclass.ClosureMetaClass.invokeMethod(ClosureMetaClass.java:369)
	at groovy.lang.MetaClassImpl.invokeMethod(MetaClassImpl.java:1022)
	at groovy.lang.MetaClassImpl.invokeMethod(MetaClassImpl.java:810)
	at groovy.lang.GroovyObjectSupport.invokeMethod(GroovyObjectSupport.java:46)
	at org.codehaus.groovy.runtime.metaclass.ClosureMetaClass.invokeOnDelegationObjects(ClosureMetaClass.java:430)
	at org.codehaus.groovy.runtime.metaclass.ClosureMetaClass.invokeMethod(ClosureMetaClass.java:369)
	at groovy.lang.MetaClassImpl.invokeMethod(MetaClassImpl.java:1022)
	at groovy.lang.MetaClassImpl.invokeMethod(MetaClassImpl.java:810)
	at groovy.lang.GroovyObjectSupport.invokeMethod(GroovyObjectSupport.java:46)
	at org.codehaus.groovy.runtime.metaclass.ClosureMetaClass.invokeOnDelegationObjects(ClosureMetaClass.java:430)
	at org.codehaus.groovy.runtime.metaclass.ClosureMetaClass.invokeMethod(ClosureMetaClass.java:369)
	at groovy.lang.MetaClassImpl.invokeMethod(MetaClassImpl.java:1022)
	at groovy.lang.MetaClassImpl.invokeMethod(MetaClassImpl.java:810)
	at groovy.lang.GroovyObjectSupport.invokeMethod(GroovyObjectSupport.java:46)
	at org.codehaus.groovy.runtime.metaclass.ClosureMetaClass.invokeOnDelegationObjects(ClosureMetaClass.java:430)
	at org.codehaus.groovy.runtime.metaclass.ClosureMetaClass.invokeMethod(ClosureMetaClass.java:369)
	at groovy.lang.MetaClassImpl.invokeMethod(MetaClassImpl.java:1022)
	at org.codehaus.groovy.runtime.callsite.PogoMetaClassSite.callCurrent(PogoMetaClassSite.java:69)
	at org.codehaus.groovy.runtime.callsite.AbstractCallSite.callCurrent(AbstractCallSite.java:166)
	at jenkins.management.AdministrativeMonitorsConfiguration.config$_run_closure1$_closure2$_closure3$_closure4.doCall(config.groovy:44)
	at jenkins.management.AdministrativeMonitorsConfiguration.config$_run_closure1$_closure2$_closure3$_closure4.doCall(config.groovy)
	at sun.reflect.NativeMethodAccessorImpl.invoke0(Native Method)
	at sun.reflect.NativeMethodAccessorImpl.invoke(NativeMethodAccessorImpl.java:62)
	at sun.reflect.DelegatingMethodAccessorImpl.invoke(DelegatingMethodAccessorImpl.java:43)
	at java.lang.reflect.Method.invoke(Method.java:498)
	at org.codehaus.groovy.reflection.CachedMethod.invoke(CachedMethod.java:93)
	at groovy.lang.MetaMethod.doMethodInvoke(MetaMethod.java:325)
	at org.codehaus.groovy.runtime.metaclass.ClosureMetaClass.invokeMethod(ClosureMetaClass.java:294)
	at groovy.lang.MetaClassImpl.invokeMethod(MetaClassImpl.java:1022)
	at groovy.lang.Closure.call(Closure.java:414)
	at groovy.lang.Closure.call(Closure.java:408)
	at org.kohsuke.stapler.jelly.groovy.JellyBuilder.doInvokeMethod(JellyBuilder.java:296)
	at org.kohsuke.stapler.jelly.groovy.JellyBuilder.methodMissing(JellyBuilder.java:173)
	at sun.reflect.GeneratedMethodAccessor204.invoke(Unknown Source)
	at sun.reflect.DelegatingMethodAccessorImpl.invoke(DelegatingMethodAccessorImpl.java:43)
	at java.lang.reflect.Method.invoke(Method.java:498)
	at org.codehaus.groovy.reflection.CachedMethod.invoke(CachedMethod.java:93)
	at groovy.lang.MetaClassImpl.invokeMissingMethod(MetaClassImpl.java:939)
	at groovy.lang.MetaClassImpl.invokePropertyOrMissing(MetaClassImpl.java:1262)
	at groovy.lang.MetaClassImpl.invokeMethod(MetaClassImpl.java:1215)
	at groovy.lang.MetaClassImpl.invokeMethod(MetaClassImpl.java:1022)
	at groovy.lang.MetaClassImpl.invokeMethod(MetaClassImpl.java:810)
	at groovy.lang.GroovyObjectSupport.invokeMethod(GroovyObjectSupport.java:46)
	at org.kohsuke.stapler.jelly.groovy.GroovyClosureScript.invokeMethod(GroovyClosureScript.java:87)
	at org.codehaus.groovy.runtime.metaclass.ClosureMetaClass.invokeOnDelegationObjects(ClosureMetaClass.java:430)
	at org.codehaus.groovy.runtime.metaclass.ClosureMetaClass.invokeMethod(ClosureMetaClass.java:369)
	at groovy.lang.MetaClassImpl.invokeMethod(MetaClassImpl.java:1022)
	at groovy.lang.MetaClassImpl.invokeMethod(MetaClassImpl.java:810)
	at groovy.lang.GroovyObjectSupport.invokeMethod(GroovyObjectSupport.java:46)
	at org.codehaus.groovy.runtime.metaclass.ClosureMetaClass.invokeOnDelegationObjects(ClosureMetaClass.java:430)
	at org.codehaus.groovy.runtime.metaclass.ClosureMetaClass.invokeMethod(ClosureMetaClass.java:369)
	at groovy.lang.MetaClassImpl.invokeMethod(MetaClassImpl.java:1022)
	at groovy.lang.MetaClassImpl.invokeMethod(MetaClassImpl.java:810)
	at groovy.lang.GroovyObjectSupport.invokeMethod(GroovyObjectSupport.java:46)
	at org.codehaus.groovy.runtime.metaclass.ClosureMetaClass.invokeOnDelegationObjects(ClosureMetaClass.java:430)
	at org.codehaus.groovy.runtime.metaclass.ClosureMetaClass.invokeMethod(ClosureMetaClass.java:369)
	at groovy.lang.MetaClassImpl.invokeMethod(MetaClassImpl.java:1022)
	at org.codehaus.groovy.runtime.callsite.PogoMetaClassSite.callCurrent(PogoMetaClassSite.java:69)
	at org.codehaus.groovy.runtime.callsite.AbstractCallSite.callCurrent(AbstractCallSite.java:174)
	at jenkins.management.AdministrativeMonitorsConfiguration.config$_run_closure1$_closure2$_closure3.doCall(config.groovy:36)
	at jenkins.management.AdministrativeMonitorsConfiguration.config$_run_closure1$_closure2$_closure3.doCall(config.groovy)
	at sun.reflect.NativeMethodAccessorImpl.invoke0(Native Method)
	at sun.reflect.NativeMethodAccessorImpl.invoke(NativeMethodAccessorImpl.java:62)
	at sun.reflect.DelegatingMethodAccessorImpl.invoke(DelegatingMethodAccessorImpl.java:43)
	at java.lang.reflect.Method.invoke(Method.java:498)
	at org.codehaus.groovy.reflection.CachedMethod.invoke(CachedMethod.java:93)
	at groovy.lang.MetaMethod.doMethodInvoke(MetaMethod.java:325)
	at org.codehaus.groovy.runtime.metaclass.ClosureMetaClass.invokeMethod(ClosureMetaClass.java:294)
	at groovy.lang.MetaClassImpl.invokeMethod(MetaClassImpl.java:1022)
	at groovy.lang.Closure.call(Closure.java:414)
	at groovy.lang.Closure.call(Closure.java:408)
	at org.kohsuke.stapler.jelly.groovy.JellyBuilder$1.run(JellyBuilder.java:264)
	at org.kohsuke.stapler.jelly.CallTagLibScript$1.run(CallTagLibScript.java:99)
	at org.apache.commons.jelly.tags.define.InvokeBodyTag.doTag(InvokeBodyTag.java:91)
	at org.apache.commons.jelly.impl.TagScript.run(TagScript.java:269)
	... 216 more
Caused by: org.apache.commons.jelly.JellyTagException: java.lang.StackOverflowError
	at org.apache.commons.jelly.impl.TagScript.handleException(TagScript.java:745)
	at org.apache.commons.jelly.impl.TagScript.run(TagScript.java:289)
	at org.kohsuke.stapler.jelly.groovy.JellyBuilder.doInvokeMethod(JellyBuilder.java:276)
	... 368 more
Caused by: com.google.common.util.concurrent.ExecutionError: java.lang.StackOverflowError
	at com.google.common.cache.LocalCache$Segment.get(LocalCache.java:2232)
	at com.google.common.cache.LocalCache.get(LocalCache.java:3965)
	at com.google.common.cache.LocalCache.getOrLoad(LocalCache.java:3969)
	at com.google.common.cache.LocalCache$LocalManualCache.get(LocalCache.java:4829)
	at com.google.common.cache.LocalCache$LocalManualCache.getUnchecked(LocalCache.java:4834)
	at org.kohsuke.stapler.CachingScriptLoader.findScript(CachingScriptLoader.java:62)
	at org.kohsuke.stapler.jelly.groovy.GroovyFacet.buildIndexDispatchers(GroovyFacet.java:123)
	at org.kohsuke.stapler.MetaClass.buildDispatchers(MetaClass.java:170)
	at org.kohsuke.stapler.MetaClass.<init>(MetaClass.java:93)
	at org.kohsuke.stapler.WebApp.getMetaClass(WebApp.java:204)
	at org.kohsuke.stapler.WebApp.getMetaClass(WebApp.java:196)
	at org.kohsuke.stapler.jelly.IncludeTag.doTag(IncludeTag.java:109)
	at org.apache.commons.jelly.impl.TagScript.run(TagScript.java:269)
	... 369 more
Caused by: java.lang.StackOverflowError
	at org.codehaus.groovy.antlr.parser.GroovyRecognizer.equalityExpression(GroovyRecognizer.java:12574)
	at org.codehaus.groovy.antlr.parser.GroovyRecognizer.regexExpression(GroovyRecognizer.java:12522)
	at org.codehaus.groovy.antlr.parser.GroovyRecognizer.andExpression(GroovyRecognizer.java:12490)
	at org.codehaus.groovy.antlr.parser.GroovyRecognizer.exclusiveOrExpression(GroovyRecognizer.java:12458)
	at org.codehaus.groovy.antlr.parser.GroovyRecognizer.inclusiveOrExpression(GroovyRecognizer.java:12426)
	at org.codehaus.groovy.antlr.parser.GroovyRecognizer.logicalAndExpression(GroovyRecognizer.java:12394)
	at org.codehaus.groovy.antlr.parser.GroovyRecognizer.logicalOrExpression(GroovyRecognizer.java:12362)
	at org.codehaus.groovy.antlr.parser.GroovyRecognizer.conditionalExpression(GroovyRecognizer.java:4955)
	at org.codehaus.groovy.antlr.parser.GroovyRecognizer.assignmentExpression(GroovyRecognizer.java:8131)
	at org.codehaus.groovy.antlr.parser.GroovyRecognizer.expression(GroovyRecognizer.java:10121)
	at org.codehaus.groovy.antlr.parser.GroovyRecognizer.expressionStatementNoCheck(GroovyRecognizer.java:8458)
	at org.codehaus.groovy.antlr.parser.GroovyRecognizer.expressionStatement(GroovyRecognizer.java:9004)
	at org.codehaus.groovy.antlr.parser.GroovyRecognizer.statement(GroovyRecognizer.java:1276)
	at org.codehaus.groovy.antlr.parser.GroovyRecognizer.blockBody(GroovyRecognizer.java:1498)
	at org.codehaus.groovy.antlr.parser.GroovyRecognizer.openOrClosableBlock(GroovyRecognizer.java:8916)
	at org.codehaus.groovy.antlr.parser.GroovyRecognizer.stringConstructorValuePart(GroovyRecognizer.java:13830)
	at org.codehaus.groovy.antlr.parser.GroovyRecognizer.stringConstructorExpression(GroovyRecognizer.java:12313)
	at org.codehaus.groovy.antlr.parser.GroovyRecognizer.primaryExpression(GroovyRecognizer.java:11168)
	at org.codehaus.groovy.antlr.parser.GroovyRecognizer.pathExpression(GroovyRecognizer.java:11731)
	at org.codehaus.groovy.antlr.parser.GroovyRecognizer.postfixExpression(GroovyRecognizer.java:13470)
	at org.codehaus.groovy.antlr.parser.GroovyRecognizer.unaryExpressionNotPlusMinus(GroovyRecognizer.java:13439)
	at org.codehaus.groovy.antlr.parser.GroovyRecognizer.powerExpressionNotPlusMinus(GroovyRecognizer.java:13143)
	at org.codehaus.groovy.antlr.parser.GroovyRecognizer.multiplicativeExpression(GroovyRecognizer.java:13075)
	at org.codehaus.groovy.antlr.parser.GroovyRecognizer.additiveExpression(GroovyRecognizer.java:12745)
	at org.codehaus.groovy.antlr.parser.GroovyRecognizer.shiftExpression(GroovyRecognizer.java:9981)
	at org.codehaus.groovy.antlr.parser.GroovyRecognizer.relationalExpression(GroovyRecognizer.java:12650)
	at org.codehaus.groovy.antlr.parser.GroovyRecognizer.equalityExpression(GroovyRecognizer.java:12574)
	at org.codehaus.groovy.antlr.parser.GroovyRecognizer.regexExpression(GroovyRecognizer.java:12522)
	at org.codehaus.groovy.antlr.parser.GroovyRecognizer.andExpression(GroovyRecognizer.java:12490)
	at org.codehaus.groovy.antlr.parser.GroovyRecognizer.exclusiveOrExpression(GroovyRecognizer.java:12458)
	at org.codehaus.groovy.antlr.parser.GroovyRecognizer.inclusiveOrExpression(GroovyRecognizer.java:12426)
	at org.codehaus.groovy.antlr.parser.GroovyRecognizer.logicalAndExpression(GroovyRecognizer.java:12394)
	at org.codehaus.groovy.antlr.parser.GroovyRecognizer.logicalOrExpression(GroovyRecognizer.java:12362)
	at org.codehaus.groovy.antlr.parser.GroovyRecognizer.conditionalExpression(GroovyRecognizer.java:4955)
	at org.codehaus.groovy.antlr.parser.GroovyRecognizer.assignmentExpression(GroovyRecognizer.java:8131)
	at org.codehaus.groovy.antlr.parser.GroovyRecognizer.expression(GroovyRecognizer.java:10121)
	at org.codehaus.groovy.antlr.parser.GroovyRecognizer.strictContextExpression(GroovyRecognizer.java:9396)
	at org.codehaus.groovy.antlr.parser.GroovyRecognizer.argument(GroovyRecognizer.java:14066)
	at org.codehaus.groovy.antlr.parser.GroovyRecognizer.argList(GroovyRecognizer.java:6749)
	at org.codehaus.groovy.antlr.parser.GroovyRecognizer.methodCallArgs(GroovyRecognizer.java:12048)
	at org.codehaus.groovy.antlr.parser.GroovyRecognizer.pathElement(GroovyRecognizer.java:11627)
	at org.codehaus.groovy.antlr.parser.GroovyRecognizer.pathExpression(GroovyRecognizer.java:11757)
	at org.codehaus.groovy.antlr.parser.GroovyRecognizer.postfixExpression(GroovyRecognizer.java:13470)
	at org.codehaus.groovy.antlr.parser.GroovyRecognizer.unaryExpressionNotPlusMinus(GroovyRecognizer.java:13439)
	at org.codehaus.groovy.antlr.parser.GroovyRecognizer.powerExpressionNotPlusMinus(GroovyRecognizer.java:13143)
	at org.codehaus.groovy.antlr.parser.GroovyRecognizer.multiplicativeExpression(GroovyRecognizer.java:13075)
	at org.codehaus.groovy.antlr.parser.GroovyRecognizer.additiveExpression(GroovyRecognizer.java:12745)
	at org.codehaus.groovy.antlr.parser.GroovyRecognizer.shiftExpression(GroovyRecognizer.java:9981)
	at org.codehaus.groovy.antlr.parser.GroovyRecognizer.relationalExpression(GroovyRecognizer.java:12650)
	at org.codehaus.groovy.antlr.parser.GroovyRecognizer.equalityExpression(GroovyRecognizer.java:12574)
	at org.codehaus.groovy.antlr.parser.GroovyRecognizer.regexExpression(GroovyRecognizer.java:12522)
	at org.codehaus.groovy.antlr.parser.GroovyRecognizer.andExpression(GroovyRecognizer.java:12490)
	at org.codehaus.groovy.antlr.parser.GroovyRecognizer.exclusiveOrExpression(GroovyRecognizer.java:12458)
	at org.codehaus.groovy.antlr.parser.GroovyRecognizer.inclusiveOrExpression(GroovyRecognizer.java:12426)
	at org.codehaus.groovy.antlr.parser.GroovyRecognizer.logicalAndExpression(GroovyRecognizer.java:12394)
	at org.codehaus.groovy.antlr.parser.GroovyRecognizer.logicalOrExpression(GroovyRecognizer.java:12362)
	at org.codehaus.groovy.antlr.parser.GroovyRecognizer.conditionalExpression(GroovyRecognizer.java:4955)
	at org.codehaus.groovy.antlr.parser.GroovyRecognizer.assignmentExpression(GroovyRecognizer.java:8131)
	at org.codehaus.groovy.antlr.parser.GroovyRecognizer.expression(GroovyRecognizer.java:10121)
	at org.codehaus.groovy.antlr.parser.GroovyRecognizer.expressionStatementNoCheck(GroovyRecognizer.java:8458)
	at org.codehaus.groovy.antlr.parser.GroovyRecognizer.expressionStatement(GroovyRecognizer.java:9004)
	at org.codehaus.groovy.antlr.parser.GroovyRecognizer.statement(GroovyRecognizer.java:1276)
	at org.codehaus.groovy.antlr.parser.GroovyRecognizer.blockBody(GroovyRecognizer.java:1498)
	at org.codehaus.groovy.antlr.parser.GroovyRecognizer.closableBlock(GroovyRecognizer.java:8883)
	at org.codehaus.groovy.antlr.parser.GroovyRecognizer.appendedBlock(GroovyRecognizer.java:11690)
	at org.codehaus.groovy.antlr.parser.GroovyRecognizer.pathElement(GroovyRecognizer.java:11642)
	at org.codehaus.groovy.antlr.parser.GroovyRecognizer.pathExpression(GroovyRecognizer.java:11757)
	at org.codehaus.groovy.antlr.parser.GroovyRecognizer.postfixExpression(GroovyRecognizer.java:13470)
	at org.codehaus.groovy.antlr.parser.GroovyRecognizer.unaryExpressionNotPlusMinus(GroovyRecognizer.java:13439)
	at org.codehaus.groovy.antlr.parser.GroovyRecognizer.powerExpressionNotPlusMinus(GroovyRecognizer.java:13143)
	at org.codehaus.groovy.antlr.parser.GroovyRecognizer.multiplicativeExpression(GroovyRecognizer.java:13075)
	at org.codehaus.groovy.antlr.parser.GroovyRecognizer.additiveExpression(GroovyRecognizer.java:12745)
	at org.codehaus.groovy.antlr.parser.GroovyRecognizer.shiftExpression(GroovyRecognizer.java:9981)
	at org.codehaus.groovy.antlr.parser.GroovyRecognizer.relationalExpression(GroovyRecognizer.java:12650)
	at org.codehaus.groovy.antlr.parser.GroovyRecognizer.equalityExpression(GroovyRecognizer.java:12574)
	at org.codehaus.groovy.antlr.parser.GroovyRecognizer.regexExpression(GroovyRecognizer.java:12522)
	at org.codehaus.groovy.antlr.parser.GroovyRecognizer.andExpression(GroovyRecognizer.java:12490)
	at org.codehaus.groovy.antlr.parser.GroovyRecognizer.exclusiveOrExpression(GroovyRecognizer.java:12458)
	at org.codehaus.groovy.antlr.parser.GroovyRecognizer.inclusiveOrExpression(GroovyRecognizer.java:12426)
	at org.codehaus.groovy.antlr.parser.GroovyRecognizer.logicalAndExpression(GroovyRecognizer.java:12394)
	at org.codehaus.groovy.antlr.parser.GroovyRecognizer.logicalOrExpression(GroovyRecognizer.java:12362)
	at org.codehaus.groovy.antlr.parser.GroovyRecognizer.conditionalExpression(GroovyRecognizer.java:4955)
	at org.codehaus.groovy.antlr.parser.GroovyRecognizer.assignmentExpression(GroovyRecognizer.java:8131)
	at org.codehaus.groovy.antlr.parser.GroovyRecognizer.expression(GroovyRecognizer.java:10121)
	at org.codehaus.groovy.antlr.parser.GroovyRecognizer.expressionStatementNoCheck(GroovyRecognizer.java:8458)
	at org.codehaus.groovy.antlr.parser.GroovyRecognizer.expressionStatement(GroovyRecognizer.java:9004)
	at org.codehaus.groovy.antlr.parser.GroovyRecognizer.statement(GroovyRecognizer.java:1276)
	at org.codehaus.groovy.antlr.parser.GroovyRecognizer.blockBody(GroovyRecognizer.java:1498)
	at org.codehaus.groovy.antlr.parser.GroovyRecognizer.closableBlock(GroovyRecognizer.java:8883)
	at org.codehaus.groovy.antlr.parser.GroovyRecognizer.appendedBlock(GroovyRecognizer.java:11690)
	at org.codehaus.groovy.antlr.parser.GroovyRecognizer.pathElement(GroovyRecognizer.java:11642)
	at org.codehaus.groovy.antlr.parser.GroovyRecognizer.pathExpression(GroovyRecognizer.java:11757)
	at org.codehaus.groovy.antlr.parser.GroovyRecognizer.postfixExpression(GroovyRecognizer.java:13470)
	at org.codehaus.groovy.antlr.parser.GroovyRecognizer.unaryExpressionNotPlusMinus(GroovyRecognizer.java:13439)
	at org.codehaus.groovy.antlr.parser.GroovyRecognizer.powerExpressionNotPlusMinus(GroovyRecognizer.java:13143)
	at org.codehaus.groovy.antlr.parser.GroovyRecognizer.multiplicativeExpression(GroovyRecognizer.java:13075)
	at org.codehaus.groovy.antlr.parser.GroovyRecognizer.additiveExpression(GroovyRecognizer.java:12745)
	at org.codehaus.groovy.antlr.parser.GroovyRecognizer.shiftExpression(GroovyRecognizer.java:9981)
	at org.codehaus.groovy.antlr.parser.GroovyRecognizer.relationalExpression(GroovyRecognizer.java:12650)
	at org.codehaus.groovy.antlr.parser.GroovyRecognizer.equalityExpression(GroovyRecognizer.java:12574)
	at org.codehaus.groovy.antlr.parser.GroovyRecognizer.regexExpression(GroovyRecognizer.java:12522)
	at org.codehaus.groovy.antlr.parser.GroovyRecognizer.andExpression(GroovyRecognizer.java:12490)
	at org.codehaus.groovy.antlr.parser.GroovyRecognizer.exclusiveOrExpression(GroovyRecognizer.java:12458)
	at org.codehaus.groovy.antlr.parser.GroovyRecognizer.inclusiveOrExpression(GroovyRecognizer.java:12426)
	at org.codehaus.groovy.antlr.parser.GroovyRecognizer.logicalAndExpression(GroovyRecognizer.java:12394)
	at org.codehaus.groovy.antlr.parser.GroovyRecognizer.logicalOrExpression(GroovyRecognizer.java:12362)
	at org.codehaus.groovy.antlr.parser.GroovyRecognizer.conditionalExpression(GroovyRecognizer.java:4955)
	at org.codehaus.groovy.antlr.parser.GroovyRecognizer.assignmentExpression(GroovyRecognizer.java:8131)
	at org.codehaus.groovy.antlr.parser.GroovyRecognizer.expression(GroovyRecognizer.java:10121)
	at org.codehaus.groovy.antlr.parser.GroovyRecognizer.expressionStatementNoCheck(GroovyRecognizer.java:8458)
	at org.codehaus.groovy.antlr.parser.GroovyRecognizer.expressionStatement(GroovyRecognizer.java:9004)
	at org.codehaus.groovy.antlr.parser.GroovyRecognizer.statement(GroovyRecognizer.java:1276)
	at org.codehaus.groovy.antlr.parser.GroovyRecognizer.blockBody(GroovyRecognizer.java:1498)
	at org.codehaus.groovy.antlr.parser.GroovyRecognizer.closableBlock(GroovyRecognizer.java:8883)
	at org.codehaus.groovy.antlr.parser.GroovyRecognizer.appendedBlock(GroovyRecognizer.java:11690)
	at org.codehaus.groovy.antlr.parser.GroovyRecognizer.pathElement(GroovyRecognizer.java:11642)
	at org.codehaus.groovy.antlr.parser.GroovyRecognizer.pathExpression(GroovyRecognizer.java:11757)
	at org.codehaus.groovy.antlr.parser.GroovyRecognizer.postfixExpression(GroovyRecognizer.java:13470)
	at org.codehaus.groovy.antlr.parser.GroovyRecognizer.unaryExpressionNotPlusMinus(GroovyRecognizer.java:13439)
	at org.codehaus.groovy.antlr.parser.GroovyRecognizer.powerExpressionNotPlusMinus(GroovyRecognizer.java:13143)
	at org.codehaus.groovy.antlr.parser.GroovyRecognizer.multiplicativeExpression(GroovyRecognizer.java:13075)
	at org.codehaus.groovy.antlr.parser.GroovyRecognizer.additiveExpression(GroovyRecognizer.java:12745)
	at org.codehaus.groovy.antlr.parser.GroovyRecognizer.shiftExpression(GroovyRecognizer.java:9981)
	at org.codehaus.groovy.antlr.parser.GroovyRecognizer.relationalExpression(GroovyRecognizer.java:12650)
	at org.codehaus.groovy.antlr.parser.GroovyRecognizer.equalityExpression(GroovyRecognizer.java:12574)
	at org.codehaus.groovy.antlr.parser.GroovyRecognizer.regexExpression(GroovyRecognizer.java:12522)
	at org.codehaus.groovy.antlr.parser.GroovyRecognizer.andExpression(GroovyRecognizer.java:12490)
	at org.codehaus.groovy.antlr.parser.GroovyRecognizer.exclusiveOrExpression(GroovyRecognizer.java:12458)
	at org.codehaus.groovy.antlr.parser.GroovyRecognizer.inclusiveOrExpression(GroovyRecognizer.java:12426)
	at org.codehaus.groovy.antlr.parser.GroovyRecognizer.logicalAndExpression(GroovyRecognizer.java:12394)
	at org.codehaus.groovy.antlr.parser.GroovyRecognizer.logicalOrExpression(GroovyRecognizer.java:12362)
	at org.codehaus.groovy.antlr.parser.GroovyRecognizer.conditionalExpression(GroovyRecognizer.java:4955)
	at org.codehaus.groovy.antlr.parser.GroovyRecognizer.assignmentExpression(GroovyRecognizer.java:8131)
	at org.codehaus.groovy.antlr.parser.GroovyRecognizer.expression(GroovyRecognizer.java:10121)
	at org.codehaus.groovy.antlr.parser.GroovyRecognizer.expressionStatementNoCheck(GroovyRecognizer.java:8458)
	at org.codehaus.groovy.antlr.parser.GroovyRecognizer.expressionStatement(GroovyRecognizer.java:9004)
	at org.codehaus.groovy.antlr.parser.GroovyRecognizer.statement(GroovyRecognizer.java:1276)
	at org.codehaus.groovy.antlr.parser.GroovyRecognizer.blockBody(GroovyRecognizer.java:1585)
	at org.codehaus.groovy.antlr.parser.GroovyRecognizer.closableBlock(GroovyRecognizer.java:8883)
	at org.codehaus.groovy.antlr.parser.GroovyRecognizer.appendedBlock(GroovyRecognizer.java:11690)
	at org.codehaus.groovy.antlr.parser.GroovyRecognizer.pathElement(GroovyRecognizer.java:11642)
	at org.codehaus.groovy.antlr.parser.GroovyRecognizer.pathExpression(GroovyRecognizer.java:11757)
	at org.codehaus.groovy.antlr.parser.GroovyRecognizer.postfixExpression(GroovyRecognizer.java:13470)
	at org.codehaus.groovy.antlr.parser.GroovyRecognizer.unaryExpressionNotPlusMinus(GroovyRecognizer.java:13439)
	at org.codehaus.groovy.antlr.parser.GroovyRecognizer.powerExpressionNotPlusMinus(GroovyRecognizer.java:13143)
	at org.codehaus.groovy.antlr.parser.GroovyRecognizer.multiplicativeExpression(GroovyRecognizer.java:13075)
	at org.codehaus.groovy.antlr.parser.GroovyRecognizer.additiveExpression(GroovyRecognizer.java:12745)
	at org.codehaus.groovy.antlr.parser.GroovyRecognizer.shiftExpression(GroovyRecognizer.java:9981)
	at org.codehaus.groovy.antlr.parser.GroovyRecognizer.relationalExpression(GroovyRecognizer.java:12650)
	at org.codehaus.groovy.antlr.parser.GroovyRecognizer.equalityExpression(GroovyRecognizer.java:12574)
	at org.codehaus.groovy.antlr.parser.GroovyRecognizer.regexExpression(GroovyRecognizer.java:12522)
	at org.codehaus.groovy.antlr.parser.GroovyRecognizer.andExpression(GroovyRecognizer.java:12490)
	at org.codehaus.groovy.antlr.parser.GroovyRecognizer.exclusiveOrExpression(GroovyRecognizer.java:12458)
	at org.codehaus.groovy.antlr.parser.GroovyRecognizer.inclusiveOrExpression(GroovyRecognizer.java:12426)
	at org.codehaus.groovy.antlr.parser.GroovyRecognizer.logicalAndExpression(GroovyRecognizer.java:12394)
	at org.codehaus.groovy.antlr.parser.GroovyRecognizer.logicalOrExpression(GroovyRecognizer.java:12362)
	at org.codehaus.groovy.antlr.parser.GroovyRecognizer.conditionalExpression(GroovyRecognizer.java:4955)
	at org.codehaus.groovy.antlr.parser.GroovyRecognizer.assignmentExpression(GroovyRecognizer.java:8131)
	at org.codehaus.groovy.antlr.parser.GroovyRecognizer.expression(GroovyRecognizer.java:10121)
	at org.codehaus.groovy.antlr.parser.GroovyRecognizer.expressionStatementNoCheck(GroovyRecognizer.java:8458)
	at org.codehaus.groovy.antlr.parser.GroovyRecognizer.expressionStatement(GroovyRecognizer.java:9004)
	at org.codehaus.groovy.antlr.parser.GroovyRecognizer.statement(GroovyRecognizer.java:1276)
	at org.codehaus.groovy.antlr.parser.GroovyRecognizer.blockBody(GroovyRecognizer.java:1585)
	at org.codehaus.groovy.antlr.parser.GroovyRecognizer.closableBlock(GroovyRecognizer.java:8883)
	at org.codehaus.groovy.antlr.parser.GroovyRecognizer.appendedBlock(GroovyRecognizer.java:11690)
	at org.codehaus.groovy.antlr.parser.GroovyRecognizer.pathElement(GroovyRecognizer.java:11642)
	at org.codehaus.groovy.antlr.parser.GroovyRecognizer.pathExpression(GroovyRecognizer.java:11757)
	at org.codehaus.groovy.antlr.parser.GroovyRecognizer.postfixExpression(GroovyRecognizer.java:13470)
	at org.codehaus.groovy.antlr.parser.GroovyRecognizer.unaryExpressionNotPlusMinus(GroovyRecognizer.java:13439)
	at org.codehaus.groovy.antlr.parser.GroovyRecognizer.powerExpressionNotPlusMinus(GroovyRecognizer.java:13143)
	at org.codehaus.groovy.antlr.parser.GroovyRecognizer.multiplicativeExpression(GroovyRecognizer.java:13075)
	at org.codehaus.groovy.antlr.parser.GroovyRecognizer.additiveExpression(GroovyRecognizer.java:12745)
	at org.codehaus.groovy.antlr.parser.GroovyRecognizer.shiftExpression(GroovyRecognizer.java:9981)
	at org.codehaus.groovy.antlr.parser.GroovyRecognizer.relationalExpression(GroovyRecognizer.java:12650)
	at org.codehaus.groovy.antlr.parser.GroovyRecognizer.equalityExpression(GroovyRecognizer.java:12574)
	at org.codehaus.groovy.antlr.parser.GroovyRecognizer.regexExpression(GroovyRecognizer.java:12522)
	at org.codehaus.groovy.antlr.parser.GroovyRecognizer.andExpression(GroovyRecognizer.java:12490)
	at org.codehaus.groovy.antlr.parser.GroovyRecognizer.exclusiveOrExpression(GroovyRecognizer.java:12458)
	at org.codehaus.groovy.antlr.parser.GroovyRecognizer.inclusiveOrExpression(GroovyRecognizer.java:12426)
	at org.codehaus.groovy.antlr.parser.GroovyRecognizer.logicalAndExpression(GroovyRecognizer.java:12394)
	at org.codehaus.groovy.antlr.parser.GroovyRecognizer.logicalOrExpression(GroovyRecognizer.java:12362)
	at org.codehaus.groovy.antlr.parser.GroovyRecognizer.conditionalExpression(GroovyRecognizer.java:4955)
	at org.codehaus.groovy.antlr.parser.GroovyRecognizer.assignmentExpression(GroovyRecognizer.java:8131)
	at org.codehaus.groovy.antlr.parser.GroovyRecognizer.expression(GroovyRecognizer.java:10121)
	at org.codehaus.groovy.antlr.parser.GroovyRecognizer.expressionStatementNoCheck(GroovyRecognizer.java:8458)
	at org.codehaus.groovy.antlr.parser.GroovyRecognizer.expressionStatement(GroovyRecognizer.java:9004)
	at org.codehaus.groovy.antlr.parser.GroovyRecognizer.statement(GroovyRecognizer.java:1276)
	at org.codehaus.groovy.antlr.parser.GroovyRecognizer.blockBody(GroovyRecognizer.java:1498)
	at org.codehaus.groovy.antlr.parser.GroovyRecognizer.closableBlock(GroovyRecognizer.java:8883)
	at org.codehaus.groovy.antlr.parser.GroovyRecognizer.appendedBlock(GroovyRecognizer.java:11690)
	at org.codehaus.groovy.antlr.parser.GroovyRecognizer.pathElement(GroovyRecognizer.java:11642)
	at org.codehaus.groovy.antlr.parser.GroovyRecognizer.pathExpression(GroovyRecognizer.java:11757)
	at org.codehaus.groovy.antlr.parser.GroovyRecognizer.postfixExpression(GroovyRecognizer.java:13470)
	at org.codehaus.groovy.antlr.parser.GroovyRecognizer.unaryExpressionNotPlusMinus(GroovyRecognizer.java:13439)
	at org.codehaus.groovy.antlr.parser.GroovyRecognizer.powerExpressionNotPlusMinus(GroovyRecognizer.java:13143)
	at org.codehaus.groovy.antlr.parser.GroovyRecognizer.multiplicativeExpression(GroovyRecognizer.java:13075)
	at org.codehaus.groovy.antlr.parser.GroovyRecognizer.additiveExpression(GroovyRecognizer.java:12745)
	at org.codehaus.groovy.antlr.parser.GroovyRecognizer.shiftExpression(GroovyRecognizer.java:9981)
	at org.codehaus.groovy.antlr.parser.GroovyRecognizer.relationalExpression(GroovyRecognizer.java:12650)
	at org.codehaus.groovy.antlr.parser.GroovyRecognizer.equalityExpression(GroovyRecognizer.java:12574)
	at org.codehaus.groovy.antlr.parser.GroovyRecognizer.regexExpression(GroovyRecognizer.java:12522)
	at org.codehaus.groovy.antlr.parser.GroovyRecognizer.andExpression(GroovyRecognizer.java:12490)
	at org.codehaus.groovy.antlr.parser.GroovyRecognizer.exclusiveOrExpression(GroovyRecognizer.java:12458)
	at org.codehaus.groovy.antlr.parser.GroovyRecognizer.inclusiveOrExpression(GroovyRecognizer.java:12426)
	at org.codehaus.groovy.antlr.parser.GroovyRecognizer.logicalAndExpression(GroovyRecognizer.java:12394)
	at org.codehaus.groovy.antlr.parser.GroovyRecognizer.logicalOrExpression(GroovyRecognizer.java:12362)
	at org.codehaus.groovy.antlr.parser.GroovyRecognizer.conditionalExpression(GroovyRecognizer.java:4955)
	at org.codehaus.groovy.antlr.parser.GroovyRecognizer.assignmentExpression(GroovyRecognizer.java:8131)
	at org.codehaus.groovy.antlr.parser.GroovyRecognizer.expression(GroovyRecognizer.java:10121)
	at org.codehaus.groovy.antlr.parser.GroovyRecognizer.expressionStatementNoCheck(GroovyRecognizer.java:8458)
	at org.codehaus.groovy.antlr.parser.GroovyRecognizer.expressionStatement(GroovyRecognizer.java:9004)
	at org.codehaus.groovy.antlr.parser.GroovyRecognizer.statement(GroovyRecognizer.java:1276)
	at org.codehaus.groovy.antlr.parser.GroovyRecognizer.blockBody(GroovyRecognizer.java:1585)
	at org.codehaus.groovy.antlr.parser.GroovyRecognizer.closableBlock(GroovyRecognizer.java:8883)
	at org.codehaus.groovy.antlr.parser.GroovyRecognizer.appendedBlock(GroovyRecognizer.java:11690)
	at org.codehaus.groovy.antlr.parser.GroovyRecognizer.pathElement(GroovyRecognizer.java:11642)
	at org.codehaus.groovy.antlr.parser.GroovyRecognizer.pathExpression(GroovyRecognizer.java:11757)
	at org.codehaus.groovy.antlr.parser.GroovyRecognizer.postfixExpression(GroovyRecognizer.java:13470)
	at org.codehaus.groovy.antlr.parser.GroovyRecognizer.unaryExpressionNotPlusMinus(GroovyRecognizer.java:13439)
	at org.codehaus.groovy.antlr.parser.GroovyRecognizer.powerExpressionNotPlusMinus(GroovyRecognizer.java:13143)
	at org.codehaus.groovy.antlr.parser.GroovyRecognizer.multiplicativeExpression(GroovyRecognizer.java:13075)
	at org.codehaus.groovy.antlr.parser.GroovyRecognizer.additiveExpression(GroovyRecognizer.java:12745)
	at org.codehaus.groovy.antlr.parser.GroovyRecognizer.shiftExpression(GroovyRecognizer.java:9981)
	at org.codehaus.groovy.antlr.parser.GroovyRecognizer.relationalExpression(GroovyRecognizer.java:12650)
	at org.codehaus.groovy.antlr.parser.GroovyRecognizer.equalityExpression(GroovyRecognizer.java:12574)
	at org.codehaus.groovy.antlr.parser.GroovyRecognizer.regexExpression(GroovyRecognizer.java:12522)
	at org.codehaus.groovy.antlr.parser.GroovyRecognizer.andExpression(GroovyRecognizer.java:12490)
	at org.codehaus.groovy.antlr.parser.GroovyRecognizer.exclusiveOrExpression(GroovyRecognizer.java:12458)
	at org.codehaus.groovy.antlr.parser.GroovyRecognizer.inclusiveOrExpression(GroovyRecognizer.java:12426)
	at org.codehaus.groovy.antlr.parser.GroovyRecognizer.logicalAndExpression(GroovyRecognizer.java:12394)
	at org.codehaus.groovy.antlr.parser.GroovyRecognizer.logicalOrExpression(GroovyRecognizer.java:12362)
	at org.codehaus.groovy.antlr.parser.GroovyRecognizer.conditionalExpression(GroovyRecognizer.java:4955)
	at org.codehaus.groovy.antlr.parser.GroovyRecognizer.assignmentExpression(GroovyRecognizer.java:8131)
	at org.codehaus.groovy.antlr.parser.GroovyRecognizer.expression(GroovyRecognizer.java:10121)
	at org.codehaus.groovy.antlr.parser.GroovyRecognizer.expressionStatementNoCheck(GroovyRecognizer.java:8458)
	at org.codehaus.groovy.antlr.parser.GroovyRecognizer.expressionStatement(GroovyRecognizer.java:9004)
	at org.codehaus.groovy.antlr.parser.GroovyRecognizer.statement(GroovyRecognizer.java:1276)
	at org.codehaus.groovy.antlr.parser.GroovyRecognizer.compilationUnit(GroovyRecognizer.java:758)
	at org.codehaus.groovy.antlr.AntlrParserPlugin.transformCSTIntoAST(AntlrParserPlugin.java:133)
	at org.codehaus.groovy.antlr.AntlrParserPlugin.parseCST(AntlrParserPlugin.java:110)
	at org.codehaus.groovy.control.SourceUnit.parse(SourceUnit.java:234)
	at org.codehaus.groovy.control.CompilationUnit$1.call(CompilationUnit.java:168)
	at org.codehaus.groovy.control.CompilationUnit.applyToSourceUnits(CompilationUnit.java:943)
	at org.codehaus.groovy.control.CompilationUnit.doPhaseOperation(CompilationUnit.java:605)
	at org.codehaus.groovy.control.CompilationUnit.processPhaseOperations(CompilationUnit.java:581)
	at org.codehaus.groovy.control.CompilationUnit.compile(CompilationUnit.java:558)
	at groovy.lang.GroovyClassLoader.doParseClass(GroovyClassLoader.java:298)
	at groovy.lang.GroovyClassLoader.parseClass(GroovyClassLoader.java:268)
	at groovy.lang.GroovyClassLoader.parseClass(GroovyClassLoader.java:254)
	at org.kohsuke.stapler.jelly.groovy.GroovyClassLoaderTearOff.parse(GroovyClassLoaderTearOff.java:92)
	at org.kohsuke.stapler.jelly.groovy.GroovyClassTearOff.parseScript(GroovyClassTearOff.java:50)
	at org.kohsuke.stapler.jelly.groovy.GroovyClassTearOff.parseScript(GroovyClassTearOff.java:39)
	at org.kohsuke.stapler.AbstractTearOff.resolveScript(AbstractTearOff.java:91)
	at org.kohsuke.stapler.jelly.JellyClassTearOff.resolveScript(JellyClassTearOff.java:85)
	at org.kohsuke.stapler.jelly.JellyClassTearOff.resolveScript(JellyClassTearOff.java:47)
	at org.kohsuke.stapler.AbstractTearOff.loadScript(AbstractTearOff.java:97)
	at org.kohsuke.stapler.CachingScriptLoader$1.load(CachingScriptLoader.java:31)
	at org.kohsuke.stapler.CachingScriptLoader$1.load(CachingScriptLoader.java:28)
	at com.google.common.cache.LocalCache$LoadingValueReference.loadFuture(LocalCache.java:3568)
	at com.google.common.cache.LocalCache$Segment.loadSync(LocalCache.java:2350)
	at com.google.common.cache.LocalCache$Segment.lockedGetOrLoad(LocalCache.java:2313)
	at com.google.common.cache.LocalCache$Segment.get(LocalCache.java:2228)
	... 381 more
]]