[INFO] ------------------------------------------------------------------------
[INFO] Reactor Summary:
[INFO] 
[INFO] application designer cl help plugin ............... SUCCESS [39.416s]
[INFO] zeb//control designer plugin ...................... SUCCESS [4.753s]
[INFO] zeb//control designer aggregator .................. SUCCESS [1.585s]
[INFO] designer .......................................... SUCCESS [10:45.390s]
[INFO] ------------------------------------------------------------------------
[INFO] BUILD SUCCESS
[INFO] ------------------------------------------------------------------------
[INFO] Total time: 11:49.338s
[INFO] Finished at: Wed Aug 15 14:40:39 CEST 2012
[INFO] Final Memory: 54M/305M
[INFO] ------------------------------------------------------------------------
Projects to build: [MavenProject: de.zeb.control.application.designer.cl:application.designer.cl.help:2.0.0-F-CODEEDITOR-SNAPSHOT @ D:\appserver\jenkins\workspace\application.designer.int-aggr-2.0.0-F-CODEEDITOR\FEAT-CODEEDITOR\rcp-assembly-help\pom.xml, MavenProject: de.zeb.control.application.designer.cl:application.designer.cl.rcpplugin:2.0.0-F-CODEEDITOR-SNAPSHOT @ D:\appserver\jenkins\workspace\application.designer.int-aggr-2.0.0-F-CODEEDITOR\FEAT-CODEEDITOR\rcp-plugin\pom.xml, MavenProject: de.zeb.control.application.designer:application.designer.int-aggr:2.0.0-F-CODEEDITOR-SNAPSHOT @ d:\appserver\jenkins\workspace\application.designer.int-aggr-2.0.0-F-CODEEDITOR\FEAT-CODEEDITOR\pom.xml, MavenProject: de.zeb.control.application:application.designer:2.0.0-F-CODEEDITOR-SNAPSHOT @ D:\appserver\jenkins\workspace\application.designer.int-aggr-2.0.0-F-CODEEDITOR\FEAT-CODEEDITOR\rcp-assembly\pom.xml]
[JENKINS] Archiving disabled - not archiving d:\appserver\jenkins\workspace\application.designer.int-aggr-2.0.0-F-CODEEDITOR\FEAT-CODEEDITOR\pom.xml
[JENKINS] Archiving disabled - not archiving D:\appserver\jenkins\workspace\application.designer.int-aggr-2.0.0-F-CODEEDITOR\FEAT-CODEEDITOR\rcp-plugin\pom.xml
[JENKINS] Archiving disabled - not archiving D:\appserver\jenkins\workspace\application.designer.int-aggr-2.0.0-F-CODEEDITOR\FEAT-CODEEDITOR\rcp-plugin\target\application.designer.cl.rcpplugin-2.0.0-F-CODEEDITOR-SNAPSHOT.jar
[JENKINS] Archiving disabled - not archiving D:\appserver\jenkins\workspace\application.designer.int-aggr-2.0.0-F-CODEEDITOR\FEAT-CODEEDITOR\rcp-plugin\target\application.designer.cl.rcpplugin-2.0.0-F-CODEEDITOR-SNAPSHOT-sources.jar
[JENKINS] Archiving disabled - not archiving D:\appserver\jenkins\workspace\application.designer.int-aggr-2.0.0-F-CODEEDITOR\FEAT-CODEEDITOR\rcp-assembly-help\pom.xml
[JENKINS] Archiving disabled - not archiving D:\appserver\jenkins\workspace\application.designer.int-aggr-2.0.0-F-CODEEDITOR\FEAT-CODEEDITOR\rcp-assembly-help\target\application.designer.cl.help-2.0.0-F-CODEEDITOR-SNAPSHOT.jar
[JENKINS] Archiving disabled - not archiving D:\appserver\jenkins\workspace\application.designer.int-aggr-2.0.0-F-CODEEDITOR\FEAT-CODEEDITOR\rcp-assembly-help\target\application.designer.cl.help-2.0.0-F-CODEEDITOR-SNAPSHOT-sources.jar
[JENKINS] Archiving disabled - not archiving D:\appserver\jenkins\workspace\application.designer.int-aggr-2.0.0-F-CODEEDITOR\FEAT-CODEEDITOR\rcp-assembly\pom.xml
[JENKINS] Archiving disabled - not archiving D:\appserver\jenkins\workspace\application.designer.int-aggr-2.0.0-F-CODEEDITOR\FEAT-CODEEDITOR\rcp-assembly\target\pde-build-output\application.designer-2.0.0-F-CODEEDITOR-SNAPSHOT-win32.win32.x86.zip
[JENKINS] Archiving disabled - not archiving D:\appserver\jenkins\workspace\application.designer.int-aggr-2.0.0-F-CODEEDITOR\FEAT-CODEEDITOR\rcp-assembly\target\pde-build-output\application.designer-2.0.0-F-CODEEDITOR-SNAPSHOT-win32.win32.x86_64.zip
Warte bis Jenkins die Datensammlung abgeschlossen hat
channel stopped
run PrePostClean
running on msitphxslave05
clean on msitphxslave04
clean on msitphxslave03
clean on msitphxslave02
cat delete on Slave remote file operation failed: d:/appserver/jenkins/workspace/application.designer.int-aggr-2.0.0-F-CODEEDITOR at hudson.remoting.Channel@368a738a:msitphxslave02
hudson.util.IOException2: remote file operation failed: d:/appserver/jenkins/workspace/application.designer.int-aggr-2.0.0-F-CODEEDITOR at hudson.remoting.Channel@368a738a:msitphxslave02Sending e-mails to: swoeste@zeb.de

Deleting project workspace... ERROR: Publisher hudson.plugins.ws_cleanup.WsCleanup aborted due to exception
hudson.util.IOException2: remote file operation failed: d:/appserver/jenkins/workspace/application.designer.int-aggr-2.0.0-F-CODEEDITOR at hudson.remoting.Channel@7264ef18:msitphxslave05
	at hudson.FilePath.act(FilePath.java:838)
	at hudson.FilePath.act(FilePath.java:824)
	at hudson.FilePath.deleteRecursive(FilePath.java:908)
	at hudson.plugins.ws_cleanup.WsCleanup.perform(WsCleanup.java:68)
	at hudson.tasks.BuildStepMonitor$2.perform(BuildStepMonitor.java:27)
	at hudson.model.AbstractBuild$AbstractBuildExecution.perform(AbstractBuild.java:717)
	at hudson.model.AbstractBuild$AbstractBuildExecution.performAllBuildSteps(AbstractBuild.java:692)
	at hudson.maven.MavenModuleSetBuild$MavenModuleSetBuildExecution.cleanUp(MavenModuleSetBuild.java:1018)
	at hudson.model.Run.execute(Run.java:1546)
	at hudson.maven.MavenModuleSetBuild.run(MavenModuleSetBuild.java:477)
	at hudson.model.ResourceController.execute(ResourceController.java:88)
	at hudson.model.Executor.run(Executor.java:236)
Caused by: java.io.IOException: Unable to delete d:\appserver\jenkins\workspace\application.designer.int-aggr-2.0.0-F-CODEEDITOR\FEAT-CODEEDITOR\rcp-assembly\target\eclipse\p2\org.eclipse.equinox.p2.engine\profileRegistry\PlatformProfile.profile\.data\org.eclipse.equinox.internal.p2.touchpoint.eclipse.actions - files in dir: [d:\appserver\jenkins\workspace\application.designer.int-aggr-2.0.0-F-CODEEDITOR\FEAT-CODEEDITOR\rcp-assembly\target\eclipse\p2\org.eclipse.equinox.p2.engine\profileRegistry\PlatformProfile.profile\.data\org.eclipse.equinox.internal.p2.touchpoint.eclipse.actions\jvmargs]
	at hudson.Util.deleteFile(Util.java:238)
	at hudson.Util.deleteRecursive(Util.java:289)
	at hudson.Util.deleteContentsRecursive(Util.java:200)
	at hudson.Util.deleteRecursive(Util.java:280)
	at hudson.Util.deleteContentsRecursive(Util.java:200)
	at hudson.Util.deleteRecursive(Util.java:280)
	at hudson.Util.deleteContentsRecursive(Util.java:200)
	at hudson.Util.deleteRecursive(Util.java:280)
	at hudson.Util.deleteContentsRecursive(Util.java:200)
	at hudson.Util.deleteRecursive(Util.java:280)
	at hudson.Util.deleteContentsRecursive(Util.java:200)
	at hudson.Util.deleteRecursive(Util.java:280)
	at hudson.Util.deleteContentsRecursive(Util.java:200)
	at hudson.Util.deleteRecursive(Util.java:280)
	at hudson.Util.deleteContentsRecursive(Util.java:200)
	at hudson.Util.deleteRecursive(Util.java:280)
	at hudson.Util.deleteContentsRecursive(Util.java:200)
	at hudson.Util.deleteRecursive(Util.java:280)
	at hudson.Util.deleteContentsRecursive(Util.java:200)
	at hudson.Util.deleteRecursive(Util.java:280)
	at hudson.Util.deleteContentsRecursive(Util.java:200)
	at hudson.Util.deleteRecursive(Util.java:280)
	at hudson.FilePath$11.invoke(FilePath.java:910)
	at hudson.FilePath$11.invoke(FilePath.java:908)
	at hudson.FilePath$FileCallableWrapper.call(FilePath.java:2196)
	at hudson.remoting.UserRequest.perform(UserRequest.java:118)
	at hudson.remoting.UserRequest.perform(UserRequest.java:48)
	at hudson.remoting.Request$2.run(Request.java:287)
	at java.util.concurrent.Executors$RunnableAdapter.call(Executors.java:441)
	at java.util.concurrent.FutureTask$Sync.innerRun(FutureTask.java:303)
	at java.util.concurrent.FutureTask.run(FutureTask.java:138)
	at java.util.concurrent.ThreadPoolExecutor$Worker.runTask(ThreadPoolExecutor.java:886)
	at java.util.concurrent.ThreadPoolExecutor$Worker.run(ThreadPoolExecutor.java:908)
	at hudson.remoting.Engine$1$1.run(Engine.java:60)
	at java.lang.Thread.run(Thread.java:662)
Finished: FAILURE