Jun 27, 2013 9:11:52 PM hudson.ExpressionFactory2$JexlExpression evaluate
WARNING: Caught exception evaluating: h.getRelativeLinkTo(job).substring(0, h.getRelativeLinkTo(job).length() - job.shortUrl.length()) in /. Reason: java.lang.ArrayIndexOutOfBoundsException: -255
java.lang.ArrayIndexOutOfBoundsException: -255
	at hudson.util.RingBufferLogHandler.publish(RingBufferLogHandler.java:52)
	at java.util.logging.Logger.log(Logger.java:565)
	at java.util.logging.Logger.doLog(Logger.java:586)
	at java.util.logging.Logger.log(Logger.java:609)
	at java.util.logging.Logger.fine(Logger.java:1160)
	at hudson.security.SidACL.hasPermission(SidACL.java:54)
	at hudson.security.ACL.hasPermission(ACL.java:64)
	at hudson.model.AbstractItem.hasPermission(AbstractItem.java:444)
	at hudson.model.Items.getAllItems(Items.java:255)
	at hudson.model.ListView.getItems(ListView.java:171)
	at hudson.model.ListView.getItems(ListView.java:65)
	at hudson.Functions.getRelativeLinkTo(Functions.java:935)
	at sun.reflect.GeneratedMethodAccessor69.invoke(Unknown Source)
	at sun.reflect.DelegatingMethodAccessorImpl.invoke(DelegatingMethodAccessorImpl.java:43)
	at java.lang.reflect.Method.invoke(Method.java:601)
	at org.apache.commons.jexl.util.introspection.UberspectImpl$VelMethodImpl.invoke(UberspectImpl.java:258)
	at org.apache.commons.jexl.parser.ASTMethod.execute(ASTMethod.java:104)
	at org.apache.commons.jexl.parser.ASTReference.execute(ASTReference.java:83)
	at org.apache.commons.jexl.parser.ASTReference.value(ASTReference.java:57)
	at org.apache.commons.jexl.parser.ASTReferenceExpression.value(ASTReferenceExpression.java:51)
	at org.apache.commons.jexl.ExpressionImpl.evaluate(ExpressionImpl.java:80)
	at hudson.ExpressionFactory2$JexlExpression.evaluate(ExpressionFactory2.java:74)
	at org.kohsuke.stapler.jelly.CallTagLibScript.run(CallTagLibScript.java:58)
	at org.apache.commons.jelly.TagSupport.invokeBody(TagSupport.java:161)
	at org.apache.commons.jelly.tags.core.ForEachTag.doTag(ForEachTag.java:150)
	at org.apache.commons.jelly.impl.TagScript.run(TagScript.java:269)
	at org.apache.commons.jelly.impl.ScriptBlock.run(ScriptBlock.java:95)
	at org.kohsuke.stapler.jelly.ReallyStaticTagLibrary$1.run(ReallyStaticTagLibrary.java:99)
	at org.apache.commons.jelly.impl.ScriptBlock.run(ScriptBlock.java:95)
	at org.apache.commons.jelly.tags.core.CoreTagLibrary$1.run(CoreTagLibrary.java:98)
	at org.apache.commons.jelly.impl.ScriptBlock.run(ScriptBlock.java:95)
	at org.kohsuke.stapler.jelly.ReallyStaticTagLibrary$1.run(ReallyStaticTagLibrary.java:99)
	at org.apache.commons.jelly.impl.ScriptBlock.run(ScriptBlock.java:95)
	at org.apache.commons.jelly.tags.core.CoreTagLibrary$2.run(CoreTagLibrary.java:105)
	at org.kohsuke.stapler.jelly.CallTagLibScript.run(CallTagLibScript.java:119)
	at org.kohsuke.stapler.jelly.groovy.JellyBuilder.doInvokeMethod(JellyBuilder.java:276)
	at org.kohsuke.stapler.jelly.groovy.Namespace$ProxyImpl.invoke(Namespace.java:92)
	at com.sun.proxy.$Proxy34.projectView(Unknown Source)
	at lib.JenkinsTagLib$projectView.call(Unknown Source)
	at hudson.model.View.main.run(main.groovy:14)
	at org.kohsuke.stapler.jelly.groovy.GroovierJellyScript.run(GroovierJellyScript.java:69)
	at org.kohsuke.stapler.jelly.groovy.GroovierJellyScript.run(GroovierJellyScript.java:62)
	at org.kohsuke.stapler.jelly.IncludeTag.doTag(IncludeTag.java:146)
	at org.apache.commons.jelly.impl.TagScript.run(TagScript.java:269)
	at org.apache.commons.jelly.impl.ScriptBlock.run(ScriptBlock.java:95)
	at org.kohsuke.stapler.jelly.CallTagLibScript$1.run(CallTagLibScript.java:98)
	at org.apache.commons.jelly.tags.define.InvokeBodyTag.doTag(InvokeBodyTag.java:91)
	at org.apache.commons.jelly.impl.TagScript.run(TagScript.java:269)
	at org.apache.commons.jelly.impl.ScriptBlock.run(ScriptBlock.java:95)
	at org.apache.commons.jelly.tags.core.CoreTagLibrary$1.run(CoreTagLibrary.java:98)
	at org.apache.commons.jelly.impl.ScriptBlock.run(ScriptBlock.java:95)
	at org.apache.commons.jelly.tags.core.CoreTagLibrary$2.run(CoreTagLibrary.java:105)
	at org.kohsuke.stapler.jelly.CallTagLibScript.run(CallTagLibScript.java:119)
	at org.apache.commons.jelly.impl.ScriptBlock.run(ScriptBlock.java:95)
	at org.kohsuke.stapler.jelly.CallTagLibScript$1.run(CallTagLibScript.java:98)
	at org.apache.commons.jelly.tags.define.InvokeBodyTag.doTag(InvokeBodyTag.java:91)
	at org.apache.commons.jelly.impl.TagScript.run(TagScript.java:269)
	at org.apache.commons.jelly.impl.ScriptBlock.run(ScriptBlock.java:95)
	at org.kohsuke.stapler.jelly.ReallyStaticTagLibrary$1.run(ReallyStaticTagLibrary.java:99)
	at org.apache.commons.jelly.impl.ScriptBlock.run(ScriptBlock.java:95)
	at org.kohsuke.stapler.jelly.ReallyStaticTagLibrary$1.run(ReallyStaticTagLibrary.java:99)
	at org.kohsuke.stapler.jelly.ReallyStaticTagLibrary$1.run(ReallyStaticTagLibrary.java:99)
	at org.apache.commons.jelly.impl.ScriptBlock.run(ScriptBlock.java:95)
	at org.kohsuke.stapler.jelly.ReallyStaticTagLibrary$1.run(ReallyStaticTagLibrary.java:99)
	at org.apache.commons.jelly.impl.ScriptBlock.run(ScriptBlock.java:95)
	at org.kohsuke.stapler.jelly.ReallyStaticTagLibrary$1.run(ReallyStaticTagLibrary.java:99)
	at org.apache.commons.jelly.impl.ScriptBlock.run(ScriptBlock.java:95)
	at org.apache.commons.jelly.tags.core.CoreTagLibrary$2.run(CoreTagLibrary.java:105)
	at org.kohsuke.stapler.jelly.CallTagLibScript.run(CallTagLibScript.java:119)
	at org.kohsuke.stapler.jelly.CompressTag.doTag(CompressTag.java:44)
	at org.apache.commons.jelly.impl.TagScript.run(TagScript.java:269)
	at org.kohsuke.stapler.jelly.JellyViewScript.run(JellyViewScript.java:81)
	at org.kohsuke.stapler.jelly.DefaultScriptInvoker.invokeScript(DefaultScriptInvoker.java:63)
	at org.kohsuke.stapler.jelly.DefaultScriptInvoker.invokeScript(DefaultScriptInvoker.java:53)
	at org.kohsuke.stapler.jelly.JellyClassTearOff.serveIndexJelly(JellyClassTearOff.java:112)
	at org.kohsuke.stapler.jelly.JellyFacet.handleIndexRequest(JellyFacet.java:127)
	at org.kohsuke.stapler.Stapler.tryInvoke(Stapler.java:666)
	at org.kohsuke.stapler.Stapler.invoke(Stapler.java:770)
	at org.kohsuke.stapler.Stapler.tryInvoke(Stapler.java:736)
	at org.kohsuke.stapler.Stapler.invoke(Stapler.java:770)
	at org.kohsuke.stapler.Stapler.invoke(Stapler.java:583)
	at org.kohsuke.stapler.Stapler.service(Stapler.java:214)
	at javax.servlet.http.HttpServlet.service(HttpServlet.java:45)
	at winstone.ServletConfiguration.execute(ServletConfiguration.java:248)
	at winstone.RequestDispatcher.forward(RequestDispatcher.java:333)
	at winstone.RequestDispatcher.doFilter(RequestDispatcher.java:376)
	at hudson.util.PluginServletFilter$1.doFilter(PluginServletFilter.java:95)
	at hudson.plugins.greenballs.GreenBallFilter.doFilter(GreenBallFilter.java:58)
	at hudson.util.PluginServletFilter$1.doFilter(PluginServletFilter.java:98)
	at hudson.plugins.audit_trail.AuditTrailFilter.doFilter(AuditTrailFilter.java:66)
	at hudson.util.PluginServletFilter$1.doFilter(PluginServletFilter.java:98)
	at net.bull.javamelody.MonitoringFilter.doFilter(MonitoringFilter.java:206)
	at net.bull.javamelody.MonitoringFilter.doFilter(MonitoringFilter.java:179)
	at net.bull.javamelody.PluginMonitoringFilter.doFilter(PluginMonitoringFilter.java:86)
	at org.jvnet.hudson.plugins.monitoring.HudsonMonitoringFilter.doFilter(HudsonMonitoringFilter.java:84)
	at hudson.util.PluginServletFilter$1.doFilter(PluginServletFilter.java:98)
	at hudson.util.PluginServletFilter.doFilter(PluginServletFilter.java:87)
	at winstone.FilterConfiguration.execute(FilterConfiguration.java:194)
	at winstone.RequestDispatcher.doFilter(RequestDispatcher.java:366)
	at hudson.security.csrf.CrumbFilter.doFilter(CrumbFilter.java:48)
	at winstone.FilterConfiguration.execute(FilterConfiguration.java:194)
	at winstone.RequestDispatcher.doFilter(RequestDispatcher.java:366)
	at hudson.security.ChainedServletFilter$1.doFilter(ChainedServletFilter.java:84)
	at hudson.security.UnwrapSecurityExceptionFilter.doFilter(UnwrapSecurityExceptionFilter.java:51)
	at hudson.security.ChainedServletFilter$1.doFilter(ChainedServletFilter.java:87)
	at org.acegisecurity.ui.ExceptionTranslationFilter.doFilter(ExceptionTranslationFilter.java:124)
	at hudson.security.ChainedServletFilter$1.doFilter(ChainedServletFilter.java:87)
	at org.acegisecurity.providers.anonymous.AnonymousProcessingFilter.doFilter(AnonymousProcessingFilter.java:125)
	at hudson.security.ChainedServletFilter$1.doFilter(ChainedServletFilter.java:87)
	at org.acegisecurity.ui.rememberme.RememberMeProcessingFilter.doFilter(RememberMeProcessingFilter.java:135)
	at hudson.security.ChainedServletFilter$1.doFilter(ChainedServletFilter.java:87)
	at org.acegisecurity.ui.AbstractProcessingFilter.doFilter(AbstractProcessingFilter.java:271)
	at hudson.security.ChainedServletFilter$1.doFilter(ChainedServletFilter.java:87)
	at org.acegisecurity.ui.basicauth.BasicProcessingFilter.doFilter(BasicProcessingFilter.java:174)
	at hudson.security.ChainedServletFilter$1.doFilter(ChainedServletFilter.java:87)
	at jenkins.security.ApiTokenFilter.doFilter(ApiTokenFilter.java:64)
	at hudson.security.ChainedServletFilter$1.doFilter(ChainedServletFilter.java:87)
	at org.acegisecurity.context.HttpSessionContextIntegrationFilter.doFilter(HttpSessionContextIntegrationFilter.java:249)
	at hudson.security.HttpSessionContextIntegrationFilter2.doFilter(HttpSessionContextIntegrationFilter2.java:67)
	at hudson.security.ChainedServletFilter$1.doFilter(ChainedServletFilter.java:87)
	at hudson.security.ChainedServletFilter.doFilter(ChainedServletFilter.java:76)
	at hudson.security.HudsonFilter.doFilter(HudsonFilter.java:164)
	at winstone.FilterConfiguration.execute(FilterConfiguration.java:194)
	at winstone.RequestDispatcher.doFilter(RequestDispatcher.java:366)
	at org.kohsuke.stapler.compression.CompressionFilter.doFilter(CompressionFilter.java:50)
	at winstone.FilterConfiguration.execute(FilterConfiguration.java:194)
	at winstone.RequestDispatcher.doFilter(RequestDispatcher.java:366)
	at hudson.util.CharacterEncodingFilter.doFilter(CharacterEncodingFilter.java:81)
	at winstone.FilterConfiguration.execute(FilterConfiguration.java:194)
	at winstone.RequestDispatcher.doFilter(RequestDispatcher.java:366)
	at winstone.RequestDispatcher.forward(RequestDispatcher.java:331)
	at winstone.RequestHandlerThread.processRequest(RequestHandlerThread.java:227)
	at winstone.RequestHandlerThread.run(RequestHandlerThread.java:150)
	at java.util.concurrent.Executors$RunnableAdapter.call(Executors.java:471)
	at java.util.concurrent.FutureTask$Sync.innerRun(FutureTask.java:334)
	at java.util.concurrent.FutureTask.run(FutureTask.java:166)
	at winstone.BoundedExecutorService$1.run(BoundedExecutorService.java:77)
	at java.util.concurrent.ThreadPoolExecutor.runWorker(ThreadPoolExecutor.java:1145)
	at java.util.concurrent.ThreadPoolExecutor$Worker.run(ThreadPoolExecutor.java:615)
	at java.lang.Thread.run(Thread.java:722)

Jun 27, 2013 9:11:52 PM winstone.Logger logInternal
WARNING: Untrapped Error in Servlet
java.lang.ArrayIndexOutOfBoundsException: -255
	at hudson.util.RingBufferLogHandler.publish(RingBufferLogHandler.java:52)
	at java.util.logging.Logger.log(Logger.java:565)
	at java.util.logging.Logger.doLog(Logger.java:586)
	at java.util.logging.Logger.log(Logger.java:675)
	at winstone.Logger.logInternal(Logger.java:157)
	at winstone.Logger.log(Logger.java:192)
	at winstone.WinstoneResponse.setHeader(WinstoneResponse.java:622)
	at winstone.WinstoneResponse.setContentType(WinstoneResponse.java:486)
	at javax.servlet.ServletResponseWrapper.setContentType(ServletResponseWrapper.java:80)
	at org.kohsuke.stapler.compression.CompressionFilter.reportException(CompressionFilter.java:67)
	at org.kohsuke.stapler.compression.CompressionFilter.doFilter(CompressionFilter.java:56)
	at winstone.FilterConfiguration.execute(FilterConfiguration.java:194)
	at winstone.RequestDispatcher.doFilter(RequestDispatcher.java:366)
	at hudson.util.CharacterEncodingFilter.doFilter(CharacterEncodingFilter.java:81)
	at winstone.FilterConfiguration.execute(FilterConfiguration.java:194)
	at winstone.RequestDispatcher.doFilter(RequestDispatcher.java:366)
	at winstone.RequestDispatcher.forward(RequestDispatcher.java:331)
	at winstone.RequestHandlerThread.processRequest(RequestHandlerThread.java:227)
	at winstone.RequestHandlerThread.run(RequestHandlerThread.java:150)
	at java.util.concurrent.Executors$RunnableAdapter.call(Executors.java:471)
	at java.util.concurrent.FutureTask$Sync.innerRun(FutureTask.java:334)
	at java.util.concurrent.FutureTask.run(FutureTask.java:166)
	at winstone.BoundedExecutorService$1.run(BoundedExecutorService.java:77)
	at java.util.concurrent.ThreadPoolExecutor.runWorker(ThreadPoolExecutor.java:1145)
	at java.util.concurrent.ThreadPoolExecutor$Worker.run(ThreadPoolExecutor.java:615)
	at java.lang.Thread.run(Thread.java:722)

Jun 27, 2013 9:11:52 PM winstone.Logger logInternal
SEVERE: Error within request handler thread
java.lang.ArrayIndexOutOfBoundsException: -255
	at hudson.util.RingBufferLogHandler.publish(RingBufferLogHandler.java:52)
	at java.util.logging.Logger.log(Logger.java:565)
	at java.util.logging.Logger.doLog(Logger.java:586)
	at java.util.logging.Logger.log(Logger.java:675)
	at winstone.Logger.logInternal(Logger.java:157)
	at winstone.Logger.log(Logger.java:174)
	at winstone.RequestHandlerThread.processRequest(RequestHandlerThread.java:241)
	at winstone.RequestHandlerThread.run(RequestHandlerThread.java:150)
	at java.util.concurrent.Executors$RunnableAdapter.call(Executors.java:471)
	at java.util.concurrent.FutureTask$Sync.innerRun(FutureTask.java:334)
	at java.util.concurrent.FutureTask.run(FutureTask.java:166)
	at winstone.BoundedExecutorService$1.run(BoundedExecutorService.java:77)
	at java.util.concurrent.ThreadPoolExecutor.runWorker(ThreadPoolExecutor.java:1145)
	at java.util.concurrent.ThreadPoolExecutor$Worker.run(ThreadPoolExecutor.java:615)
	at java.lang.Thread.run(Thread.java:722)

Jun 27, 2013 9:11:53 PM hudson.triggers.SafeTimerTask run
SEVERE: Timer task hudson.model.Queue$MaintainTask@53a7970a failed
java.lang.ArrayIndexOutOfBoundsException: -255
	at hudson.util.RingBufferLogHandler.publish(RingBufferLogHandler.java:52)
	at java.util.logging.Logger.log(Logger.java:565)
	at java.util.logging.Logger.doLog(Logger.java:586)
	at java.util.logging.Logger.log(Logger.java:630)
	at hudson.model.Queue.maintain(Queue.java:982)
	at hudson.model.Queue$MaintainTask.doRun(Queue.java:1787)
	at hudson.triggers.SafeTimerTask.run(SafeTimerTask.java:54)
	at java.util.TimerThread.mainLoop(Timer.java:555)
	at java.util.TimerThread.run(Timer.java:505)

Jun 27, 2013 9:16:43 PM winstone.Logger logInternal
SEVERE: Error within request handler thread
java.lang.ArrayIndexOutOfBoundsException: -255
	at hudson.util.RingBufferLogHandler.publish(RingBufferLogHandler.java:52)
	at java.util.logging.Logger.log(Logger.java:565)
	at java.util.logging.Logger.doLog(Logger.java:586)
	at java.util.logging.Logger.log(Logger.java:675)
	at winstone.Logger.logInternal(Logger.java:157)
	at winstone.Logger.log(Logger.java:183)
	at winstone.ObjectPool.getRequestFromPool(ObjectPool.java:120)
	at winstone.ajp13.Ajp13Listener.allocateRequestResponse(Ajp13Listener.java:158)
	at winstone.RequestHandlerThread.run(RequestHandlerThread.java:69)
	at java.util.concurrent.Executors$RunnableAdapter.call(Executors.java:471)
	at java.util.concurrent.FutureTask$Sync.innerRun(FutureTask.java:334)
	at java.util.concurrent.FutureTask.run(FutureTask.java:166)
	at winstone.BoundedExecutorService$1.run(BoundedExecutorService.java:77)
	at java.util.concurrent.ThreadPoolExecutor.runWorker(ThreadPoolExecutor.java:1145)
	at java.util.concurrent.ThreadPoolExecutor$Worker.run(ThreadPoolExecutor.java:615)
	at java.lang.Thread.run(Thread.java:722)

Jun 27, 2013 9:17:43 PM winstone.Logger logInternal
SEVERE: Error within request handler thread
java.lang.ArrayIndexOutOfBoundsException: -255
	at hudson.util.RingBufferLogHandler.publish(RingBufferLogHandler.java:52)
	at java.util.logging.Logger.log(Logger.java:565)
	at java.util.logging.Logger.doLog(Logger.java:586)
	at java.util.logging.Logger.log(Logger.java:675)
	at winstone.Logger.logInternal(Logger.java:157)
	at winstone.Logger.log(Logger.java:183)
	at winstone.ObjectPool.getRequestFromPool(ObjectPool.java:120)
	at winstone.ajp13.Ajp13Listener.allocateRequestResponse(Ajp13Listener.java:158)
	at winstone.RequestHandlerThread.run(RequestHandlerThread.java:69)
	at java.util.concurrent.Executors$RunnableAdapter.call(Executors.java:471)
	at java.util.concurrent.FutureTask$Sync.innerRun(FutureTask.java:334)
	at java.util.concurrent.FutureTask.run(FutureTask.java:166)
	at winstone.BoundedExecutorService$1.run(BoundedExecutorService.java:77)
	at java.util.concurrent.ThreadPoolExecutor.runWorker(ThreadPoolExecutor.java:1145)
	at java.util.concurrent.ThreadPoolExecutor$Worker.run(ThreadPoolExecutor.java:615)
	at java.lang.Thread.run(Thread.java:722)

Jun 27, 2013 9:18:43 PM winstone.Logger logInternal
SEVERE: Error within request handler thread
java.lang.ArrayIndexOutOfBoundsException: -255
	at hudson.util.RingBufferLogHandler.publish(RingBufferLogHandler.java:52)
	at java.util.logging.Logger.log(Logger.java:565)
	at java.util.logging.Logger.doLog(Logger.java:586)
	at java.util.logging.Logger.log(Logger.java:675)
	at winstone.Logger.logInternal(Logger.java:157)
	at winstone.Logger.log(Logger.java:183)
	at winstone.ObjectPool.getRequestFromPool(ObjectPool.java:120)
	at winstone.ajp13.Ajp13Listener.allocateRequestResponse(Ajp13Listener.java:158)
	at winstone.RequestHandlerThread.run(RequestHandlerThread.java:69)
	at java.util.concurrent.Executors$RunnableAdapter.call(Executors.java:471)
	at java.util.concurrent.FutureTask$Sync.innerRun(FutureTask.java:334)
	at java.util.concurrent.FutureTask.run(FutureTask.java:166)
	at winstone.BoundedExecutorService$1.run(BoundedExecutorService.java:77)
	at java.util.concurrent.ThreadPoolExecutor.runWorker(ThreadPoolExecutor.java:1145)
	at java.util.concurrent.ThreadPoolExecutor$Worker.run(ThreadPoolExecutor.java:615)
	at java.lang.Thread.run(Thread.java:722)
