=== Logging started: 7/27/2009  11:22:47 ===
Action start 11:22:47: INSTALL.
Action start 11:22:47: AppSearch.
Action ended 11:22:47: AppSearch. Return value 1.
Action start 11:22:47: LaunchConditions.
Action ended 11:22:47: LaunchConditions. Return value 1.
Action start 11:22:47: FindRelatedProducts.
Action ended 11:22:47: FindRelatedProducts. Return value 0.
Action start 11:22:47: ValidateProductID.
Action ended 11:22:47: ValidateProductID. Return value 1.
Action start 11:22:47: setUserProfileNT.
Action ended 11:22:47: setUserProfileNT. Return value 1.
Action start 11:22:47: setAllUsersProfile2K.
Action ended 11:22:47: setAllUsersProfile2K. Return value 1.
Action start 11:22:47: CostInitialize.
Action ended 11:22:47: CostInitialize. Return value 1.
Action start 11:22:47: FileCost.
Action ended 11:22:47: FileCost. Return value 1.
Action start 11:22:47: IsolateComponents.
Action ended 11:22:47: IsolateComponents. Return value 1.
Action start 11:22:47: CostFinalize.
Action ended 11:22:47: CostFinalize. Return value 1.
Action start 11:22:47: SetARPReadme.
Action ended 11:22:47: SetARPReadme. Return value 1.
Action start 11:22:47: SetODBCFolders.
Action ended 11:22:47: SetODBCFolders. Return value 1.
Action start 11:22:47: MigrateFeatureStates.
Action ended 11:22:47: MigrateFeatureStates. Return value 0.
Action start 11:22:47: InstallValidate.
Action ended 11:22:47: InstallValidate. Return value 1.
Action start 11:22:47: RemoveExistingProducts.
Action ended 11:22:47: RemoveExistingProducts. Return value 0.
Action start 11:22:47: InstallInitialize.
Action ended 11:22:53: InstallInitialize. Return value 1.
Action start 11:22:53: ProcessComponents.
Action ended 11:22:53: ProcessComponents. Return value 1.
Action start 11:22:53: UnpublishComponents.
Action ended 11:22:53: UnpublishComponents. Return value 1.
Action start 11:22:53: MsiUnpublishAssemblies.
Action ended 11:22:53: MsiUnpublishAssemblies. Return value 1.
Action start 11:22:53: UnpublishFeatures.
Action ended 11:22:53: UnpublishFeatures. Return value 1.
Action start 11:22:53: StopServices.
Action ended 11:22:53: StopServices. Return value 1.
Action start 11:22:53: DeleteServices.
Action ended 11:22:53: DeleteServices. Return value 1.
Action start 11:22:53: UnregisterComPlus.
Action ended 11:22:53: UnregisterComPlus. Return value 1.
Action start 11:22:53: SelfUnregModules.
Action ended 11:22:53: SelfUnregModules. Return value 1.
Action start 11:22:53: UnregisterTypeLibraries.
Action ended 11:22:53: UnregisterTypeLibraries. Return value 1.
Action start 11:22:53: RemoveODBC.
Action ended 11:22:53: RemoveODBC. Return value 1.
Action start 11:22:53: RemoveRegistryValues.
Action ended 11:22:53: RemoveRegistryValues. Return value 1.
Action start 11:22:53: UnregisterClassInfo.
Action ended 11:22:53: UnregisterClassInfo. Return value 1.
Action start 11:22:53: UnregisterExtensionInfo.
Action ended 11:22:53: UnregisterExtensionInfo. Return value 1.
Action start 11:22:53: UnregisterProgIdInfo.
Action ended 11:22:53: UnregisterProgIdInfo. Return value 1.
Action start 11:22:53: UnregisterMIMEInfo.
Action ended 11:22:53: UnregisterMIMEInfo. Return value 1.
Action start 11:22:53: RemoveIniValues.
Action ended 11:22:53: RemoveIniValues. Return value 1.
Action start 11:22:53: RemoveShortcuts.
Action ended 11:22:53: RemoveShortcuts. Return value 1.
Action start 11:22:53: RemoveEnvironmentStrings.
Action ended 11:22:53: RemoveEnvironmentStrings. Return value 1.
Action start 11:22:53: RemoveDuplicateFiles.
Action ended 11:22:53: RemoveDuplicateFiles. Return value 1.
Action start 11:22:53: RemoveFiles.
Action ended 11:22:53: RemoveFiles. Return value 1.
Action start 11:22:53: RemoveFolders.
Action ended 11:22:53: RemoveFolders. Return value 1.
Action start 11:22:53: CreateFolders.
Action ended 11:22:53: CreateFolders. Return value 1.
Action start 11:22:53: MoveFiles.
Action ended 11:22:53: MoveFiles. Return value 1.
Action start 11:22:53: InstallFiles.
Action ended 11:22:53: InstallFiles. Return value 1.
Action start 11:22:53: PatchFiles.
Action ended 11:22:53: PatchFiles. Return value 1.
Action start 11:22:53: DuplicateFiles.
Action ended 11:22:53: DuplicateFiles. Return value 1.
Action start 11:22:53: BindImage.
Action ended 11:22:53: BindImage. Return value 1.
Action start 11:22:53: CreateShortcuts.
Action ended 11:22:53: CreateShortcuts. Return value 1.
Action start 11:22:53: RegisterClassInfo.
Action ended 11:22:53: RegisterClassInfo. Return value 1.
Action start 11:22:53: RegisterExtensionInfo.
Action ended 11:22:53: RegisterExtensionInfo. Return value 1.
Action start 11:22:53: RegisterProgIdInfo.
Action ended 11:22:53: RegisterProgIdInfo. Return value 1.
Action start 11:22:53: RegisterMIMEInfo.
Action ended 11:22:53: RegisterMIMEInfo. Return value 1.
Action start 11:22:53: WriteRegistryValues.
Action ended 11:22:53: WriteRegistryValues. Return value 1.
Action start 11:22:53: WriteIniValues.
Action ended 11:22:53: WriteIniValues. Return value 1.
Action start 11:22:53: WriteEnvironmentStrings.
Action ended 11:22:53: WriteEnvironmentStrings. Return value 1.
Action start 11:22:53: InstallODBC.
Action ended 11:22:53: InstallODBC. Return value 0.
Action start 11:22:53: RegisterTypeLibraries.
Action ended 11:22:53: RegisterTypeLibraries. Return value 1.
Action start 11:22:53: RegisterComPlus.
Action ended 11:22:53: RegisterComPlus. Return value 1.
Action start 11:22:53: InstallServices.
Action ended 11:22:53: InstallServices. Return value 1.
Action start 11:22:53: StartServices.
Action ended 11:22:53: StartServices. Return value 1.
Action start 11:22:53: SelfRegModules.
Action ended 11:22:53: SelfRegModules. Return value 1.
Action start 11:22:53: RegisterUser.
Action ended 11:22:53: RegisterUser. Return value 0.
Action start 11:22:53: RegisterProduct.
Action ended 11:22:53: RegisterProduct. Return value 1.
Action start 11:22:53: PublishComponents.
Action ended 11:22:53: PublishComponents. Return value 1.
Action start 11:22:53: MsiPublishAssemblies.
Action ended 11:22:53: MsiPublishAssemblies. Return value 1.
Action start 11:22:53: PublishFeatures.
Action ended 11:22:53: PublishFeatures. Return value 1.
Action start 11:22:53: PublishProduct.
Action ended 11:22:54: PublishProduct. Return value 1.
Action start 11:22:54: InstallFinalize.
MSI (s) (EC:88) [11:22:55:565]: Product: Java(TM) SE Development Kit 6 Update 13 -- Error 1311.Source file not found(cabinet): C:\Documents and Settings\LocalService\Application Data\Sun\Java\jdk1.6.0_13\st160130.cab.  Verify that the file exists and that you can access it.

Error 1311.Source file not found(cabinet): C:\Documents and Settings\LocalService\Application Data\Sun\Java\jdk1.6.0_13\st160130.cab.  Verify that the file exists and that you can access it.
Action ended 11:22:55: InstallFinalize. Return value 3.
Action ended 11:22:55: INSTALL. Return value 3.
MSI (s) (EC:88) [11:22:55:674]: Product: Java(TM) SE Development Kit 6 Update 13 -- Configuration failed.

=== Logging stopped: 7/27/2009  11:22:55 ===

