Gestartet durch vorgelagertes Projekt "fw.desktop-web.int-aggr-1.14.0-I-4", Build 6
Baue auf Slave msitphxslave02 in workspace d:/appserver/jenkins/workspace/application.olapadmincentral.int-aggr-2.7.0-I-4

Deleting project workspace... Cleaning local Directory trunk
hudson.util.IOException2: remote file operation failed: d:/appserver/jenkins/workspace/application.olapadmincentral.int-aggr-2.7.0-I-4 at hudson.remoting.Channel@368a738a:msitphxslave02
	at hudson.FilePath.act(FilePath.java:838)
	at hudson.FilePath.act(FilePath.java:824)
	at hudson.scm.SubversionSCM.checkout(SubversionSCM.java:743)
	at hudson.scm.SubversionSCM.checkout(SubversionSCM.java:685)
	at hudson.model.AbstractProject.checkout(AbstractProject.java:1256)
	at hudson.model.AbstractBuild$AbstractBuildExecution.defaultCheckout(AbstractBuild.java:589)
	at jenkins.scm.SCMCheckoutStrategy.checkout(SCMCheckoutStrategy.java:88)
	at hudson.model.AbstractBuild$AbstractBuildExecution.run(AbstractBuild.java:494)
	at hudson.model.Run.execute(Run.java:1502)
	at hudson.maven.MavenModuleSetBuild.run(MavenModuleSetBuild.java:477)
	at hudson.model.ResourceController.execute(ResourceController.java:88)
	at hudson.model.Executor.run(Executor.java:236)
Caused by: java.io.IOException: Unable to delete d:\appserver\jenkins\workspace\application.olapadmincentral.int-aggr-2.7.0-I-4\trunk\ear-assembly\target\branding\de-zeb-control-application-olapadmincentral-nls-olapadmincentral-nls-en-2.7.0-I-4-SNAPSHOT.zip\de\zeb\control\cb\ct\workflows\bl\activation\internal - files in dir: [d:\appserver\jenkins\workspace\application.olapadmincentral.int-aggr-2.7.0-I-4\trunk\ear-assembly\target\branding\de-zeb-control-application-olapadmincentral-nls-olapadmincentral-nls-en-2.7.0-I-4-SNAPSHOT.zip\de\zeb\control\cb\ct\workflows\bl\activation\internal\messages_en.properties]
	at hudson.Util.deleteFile(Util.java:238)
	at hudson.Util.deleteRecursive(Util.java:289)
	at hudson.Util.deleteContentsRecursive(Util.java:200)
	at hudson.Util.deleteRecursive(Util.java:280)
	at hudson.Util.deleteContentsRecursive(Util.java:200)
	at hudson.Util.deleteRecursive(Util.java:280)
	at hudson.Util.deleteContentsRecursive(Util.java:200)
	at hudson.Util.deleteRecursive(Util.java:280)
	at hudson.Util.deleteContentsRecursive(Util.java:200)
	at hudson.Util.deleteRecursive(Util.java:280)
	at hudson.Util.deleteContentsRecursive(Util.java:200)
	at hudson.Util.deleteRecursive(Util.java:280)
	at hudson.Util.deleteContentsRecursive(Util.java:200)
	at hudson.Util.deleteRecursive(Util.java:280)
	at hudson.Util.deleteContentsRecursive(Util.java:200)
	at hudson.Util.deleteRecursive(Util.java:280)
	at hudson.Util.deleteContentsRecursive(Util.java:200)
	at hudson.Util.deleteRecursive(Util.java:280)
	at hudson.Util.deleteContentsRecursive(Util.java:200)
	at hudson.Util.deleteRecursive(Util.java:280)
	at hudson.Util.deleteContentsRecursive(Util.java:200)
	at hudson.Util.deleteRecursive(Util.java:280)
	at hudson.Util.deleteContentsRecursive(Util.java:200)
	at hudson.Util.deleteRecursive(Util.java:280)
	at hudson.Util.deleteContentsRecursive(Util.java:200)
	at hudson.Util.deleteRecursive(Util.java:280)
	at hudson.Util.deleteContentsRecursive(Util.java:200)
	at hudson.scm.subversion.CheckoutUpdater$1.perform(CheckoutUpdater.java:72)
	at hudson.scm.subversion.WorkspaceUpdater$UpdateTask.delegateTo(WorkspaceUpdater.java:144)
	at hudson.scm.SubversionSCM$CheckOutTask.perform(SubversionSCM.java:789)
	at hudson.scm.SubversionSCM$CheckOutTask.invoke(SubversionSCM.java:770)
	at hudson.scm.SubversionSCM$CheckOutTask.invoke(SubversionSCM.java:753)
	at hudson.FilePath$FileCallableWrapper.call(FilePath.java:2196)
	at hudson.remoting.UserRequest.perform(UserRequest.java:118)
	at hudson.remoting.UserRequest.perform(UserRequest.java:48)
	at hudson.remoting.Request$2.run(Request.java:287)
	at java.util.concurrent.Executors$RunnableAdapter.call(Executors.java:441)
	at java.util.concurrent.FutureTask$Sync.innerRun(FutureTask.java:303)
	at java.util.concurrent.FutureTask.run(FutureTask.java:138)
	at java.util.concurrent.ThreadPoolExecutor$Worker.runTask(ThreadPoolExecutor.java:886)
	at java.util.concurrent.ThreadPoolExecutor$Worker.run(ThreadPoolExecutor.java:908)
	at hudson.remoting.Engine$1$1.run(Engine.java:60)
	at java.lang.Thread.run(Thread.java:662)
Retrying after 10 seconds
Cleaning local Directory trunk
hudson.util.IOException2: remote file operation failed: d:/appserver/jenkins/workspace/application.olapadmincentral.int-aggr-2.7.0-I-4 at hudson.remoting.Channel@368a738a:msitphxslave02
	at hudson.FilePath.act(FilePath.java:838)
	at hudson.FilePath.act(FilePath.java:824)
	at hudson.scm.SubversionSCM.checkout(SubversionSCM.java:743)
	at hudson.scm.SubversionSCM.checkout(SubversionSCM.java:685)
	at hudson.model.AbstractProject.checkout(AbstractProject.java:1256)
	at hudson.model.AbstractBuild$AbstractBuildExecution.defaultCheckout(AbstractBuild.java:589)
	at jenkins.scm.SCMCheckoutStrategy.checkout(SCMCheckoutStrategy.java:88)
	at hudson.model.AbstractBuild$AbstractBuildExecution.run(AbstractBuild.java:494)
	at hudson.model.Run.execute(Run.java:1502)
	at hudson.maven.MavenModuleSetBuild.run(MavenModuleSetBuild.java:477)
	at hudson.model.ResourceController.execute(ResourceController.java:88)
	at hudson.model.Executor.run(Executor.java:236)
Caused by: java.io.IOException: Unable to delete d:\appserver\jenkins\workspace\application.olapadmincentral.int-aggr-2.7.0-I-4\trunk\ear-assembly\target\branding\de-zeb-control-application-olapadmincentral-nls-olapadmincentral-nls-en-2.7.0-I-4-SNAPSHOT.zip\de\zeb\control\cb\ct\workflows\bl\activation\internal - files in dir: [d:\appserver\jenkins\workspace\application.olapadmincentral.int-aggr-2.7.0-I-4\trunk\ear-assembly\target\branding\de-zeb-control-application-olapadmincentral-nls-olapadmincentral-nls-en-2.7.0-I-4-SNAPSHOT.zip\de\zeb\control\cb\ct\workflows\bl\activation\internal\messages_en.properties]
	at hudson.Util.deleteFile(Util.java:238)
	at hudson.Util.deleteRecursive(Util.java:289)
	at hudson.Util.deleteContentsRecursive(Util.java:200)
	at hudson.Util.deleteRecursive(Util.java:280)
	at hudson.Util.deleteContentsRecursive(Util.java:200)
	at hudson.Util.deleteRecursive(Util.java:280)
	at hudson.Util.deleteContentsRecursive(Util.java:200)
	at hudson.Util.deleteRecursive(Util.java:280)
	at hudson.Util.deleteContentsRecursive(Util.java:200)
	at hudson.Util.deleteRecursive(Util.java:280)
	at hudson.Util.deleteContentsRecursive(Util.java:200)
	at hudson.Util.deleteRecursive(Util.java:280)
	at hudson.Util.deleteContentsRecursive(Util.java:200)
	at hudson.Util.deleteRecursive(Util.java:280)
	at hudson.Util.deleteContentsRecursive(Util.java:200)
	at hudson.Util.deleteRecursive(Util.java:280)
	at hudson.Util.deleteContentsRecursive(Util.java:200)
	at hudson.Util.deleteRecursive(Util.java:280)
	at hudson.Util.deleteContentsRecursive(Util.java:200)
	at hudson.Util.deleteRecursive(Util.java:280)
	at hudson.Util.deleteContentsRecursive(Util.java:200)
	at hudson.Util.deleteRecursive(Util.java:280)
	at hudson.Util.deleteContentsRecursive(Util.java:200)
	at hudson.Util.deleteRecursive(Util.java:280)
	at hudson.Util.deleteContentsRecursive(Util.java:200)
	at hudson.Util.deleteRecursive(Util.java:280)
	at hudson.Util.deleteContentsRecursive(Util.java:200)
	at hudson.scm.subversion.CheckoutUpdater$1.perform(CheckoutUpdater.java:72)
	at hudson.scm.subversion.WorkspaceUpdater$UpdateTask.delegateTo(WorkspaceUpdater.java:144)
	at hudson.scm.SubversionSCM$CheckOutTask.perform(SubversionSCM.java:789)
	at hudson.scm.SubversionSCM$CheckOutTask.invoke(SubversionSCM.java:770)
	at hudson.scm.SubversionSCM$CheckOutTask.invoke(SubversionSCM.java:753)
	at hudson.FilePath$FileCallableWrapper.call(FilePath.java:2196)
	at hudson.remoting.UserRequest.perform(UserRequest.java:118)
	at hudson.remoting.UserRequest.perform(UserRequest.java:48)
	at hudson.remoting.Request$2.run(Request.java:287)
	at java.util.concurrent.Executors$RunnableAdapter.call(Executors.java:441)
	at java.util.concurrent.FutureTask$Sync.innerRun(FutureTask.java:303)
	at java.util.concurrent.FutureTask.run(FutureTask.java:138)
	at java.util.concurrent.ThreadPoolExecutor$Worker.runTask(ThreadPoolExecutor.java:886)
	at java.util.concurrent.ThreadPoolExecutor$Worker.run(ThreadPoolExecutor.java:908)
	at hudson.remoting.Engine$1$1.run(Engine.java:60)
	at java.lang.Thread.run(Thread.java:662)
Retrying after 10 seconds
Cleaning local Directory trunk
hudson.util.IOException2: remote file operation failed: d:/appserver/jenkins/workspace/application.olapadmincentral.int-aggr-2.7.0-I-4 at hudson.remoting.Channel@368a738a:msitphxslave02
	at hudson.FilePath.act(FilePath.java:838)
	at hudson.FilePath.act(FilePath.java:824)
	at hudson.scm.SubversionSCM.checkout(SubversionSCM.java:743)
	at hudson.scm.SubversionSCM.checkout(SubversionSCM.java:685)
	at hudson.model.AbstractProject.checkout(AbstractProject.java:1256)
	at hudson.model.AbstractBuild$AbstractBuildExecution.defaultCheckout(AbstractBuild.java:589)
	at jenkins.scm.SCMCheckoutStrategy.checkout(SCMCheckoutStrategy.java:88)
	at hudson.model.AbstractBuild$AbstractBuildExecution.run(AbstractBuild.java:494)
	at hudson.model.Run.execute(Run.java:1502)
	at hudson.maven.MavenModuleSetBuild.run(MavenModuleSetBuild.java:477)
	at hudson.model.ResourceController.execute(ResourceController.java:88)
	at hudson.model.Executor.run(Executor.java:236)
Caused by: java.io.IOException: Unable to delete d:\appserver\jenkins\workspace\application.olapadmincentral.int-aggr-2.7.0-I-4\trunk\ear-assembly\target\branding\de-zeb-control-application-olapadmincentral-nls-olapadmincentral-nls-en-2.7.0-I-4-SNAPSHOT.zip\de\zeb\control\cb\ct\workflows\bl\activation\internal - files in dir: [d:\appserver\jenkins\workspace\application.olapadmincentral.int-aggr-2.7.0-I-4\trunk\ear-assembly\target\branding\de-zeb-control-application-olapadmincentral-nls-olapadmincentral-nls-en-2.7.0-I-4-SNAPSHOT.zip\de\zeb\control\cb\ct\workflows\bl\activation\internal\messages_en.properties]
	at hudson.Util.deleteFile(Util.java:238)
	at hudson.Util.deleteRecursive(Util.java:289)
	at hudson.Util.deleteContentsRecursive(Util.java:200)
	at hudson.Util.deleteRecursive(Util.java:280)
	at hudson.Util.deleteContentsRecursive(Util.java:200)
	at hudson.Util.deleteRecursive(Util.java:280)
	at hudson.Util.deleteContentsRecursive(Util.java:200)
	at hudson.Util.deleteRecursive(Util.java:280)
	at hudson.Util.deleteContentsRecursive(Util.java:200)
	at hudson.Util.deleteRecursive(Util.java:280)
	at hudson.Util.deleteContentsRecursive(Util.java:200)
	at hudson.Util.deleteRecursive(Util.java:280)
	at hudson.Util.deleteContentsRecursive(Util.java:200)
	at hudson.Util.deleteRecursive(Util.java:280)
	at hudson.Util.deleteContentsRecursive(Util.java:200)
	at hudson.Util.deleteRecursive(Util.java:280)
	at hudson.Util.deleteContentsRecursive(Util.java:200)
	at hudson.Util.deleteRecursive(Util.java:280)
	at hudson.Util.deleteContentsRecursive(Util.java:200)
	at hudson.Util.deleteRecursive(Util.java:280)
	at hudson.Util.deleteContentsRecursive(Util.java:200)
	at hudson.Util.deleteRecursive(Util.java:280)
	at hudson.Util.deleteContentsRecursive(Util.java:200)
	at hudson.Util.deleteRecursive(Util.java:280)
	at hudson.Util.deleteContentsRecursive(Util.java:200)
	at hudson.Util.deleteRecursive(Util.java:280)
	at hudson.Util.deleteContentsRecursive(Util.java:200)
	at hudson.scm.subversion.CheckoutUpdater$1.perform(CheckoutUpdater.java:72)
	at hudson.scm.subversion.WorkspaceUpdater$UpdateTask.delegateTo(WorkspaceUpdater.java:144)
	at hudson.scm.SubversionSCM$CheckOutTask.perform(SubversionSCM.java:789)
	at hudson.scm.SubversionSCM$CheckOutTask.invoke(SubversionSCM.java:770)
	at hudson.scm.SubversionSCM$CheckOutTask.invoke(SubversionSCM.java:753)
	at hudson.FilePath$FileCallableWrapper.call(FilePath.java:2196)
	at hudson.remoting.UserRequest.perform(UserRequest.java:118)
	at hudson.remoting.UserRequest.perform(UserRequest.java:48)
	at hudson.remoting.Request$2.run(Request.java:287)
	at java.util.concurrent.Executors$RunnableAdapter.call(Executors.java:441)
	at java.util.concurrent.FutureTask$Sync.innerRun(FutureTask.java:303)
	at java.util.concurrent.FutureTask.run(FutureTask.java:138)
	at java.util.concurrent.ThreadPoolExecutor$Worker.runTask(ThreadPoolExecutor.java:886)
	at java.util.concurrent.ThreadPoolExecutor$Worker.run(ThreadPoolExecutor.java:908)
	at hudson.remoting.Engine$1$1.run(Engine.java:60)
	at java.lang.Thread.run(Thread.java:662)
Retrying after 10 seconds
Cleaning local Directory trunk
hudson.util.IOException2: remote file operation failed: d:/appserver/jenkins/workspace/application.olapadmincentral.int-aggr-2.7.0-I-4 at hudson.remoting.Channel@368a738a:msitphxslave02
	at hudson.FilePath.act(FilePath.java:838)
	at hudson.FilePath.act(FilePath.java:824)
	at hudson.scm.SubversionSCM.checkout(SubversionSCM.java:743)
	at hudson.scm.SubversionSCM.checkout(SubversionSCM.java:685)
	at hudson.model.AbstractProject.checkout(AbstractProject.java:1256)
	at hudson.model.AbstractBuild$AbstractBuildExecution.defaultCheckout(AbstractBuild.java:589)
	at jenkins.scm.SCMCheckoutStrategy.checkout(SCMCheckoutStrategy.java:88)
	at hudson.model.AbstractBuild$AbstractBuildExecution.run(AbstractBuild.java:494)
	at hudson.model.Run.execute(Run.java:1502)
	at hudson.maven.MavenModuleSetBuild.run(MavenModuleSetBuild.java:477)
	at hudson.model.ResourceController.execute(ResourceController.java:88)
	at hudson.model.Executor.run(Executor.java:236)
Caused by: java.io.IOException: Unable to delete d:\appserver\jenkins\workspace\application.olapadmincentral.int-aggr-2.7.0-I-4\trunk\ear-assembly\target\branding\de-zeb-control-application-olapadmincentral-nls-olapadmincentral-nls-en-2.7.0-I-4-SNAPSHOT.zip\de\zeb\control\cb\ct\workflows\bl\activation\internal - files in dir: [d:\appserver\jenkins\workspace\application.olapadmincentral.int-aggr-2.7.0-I-4\trunk\ear-assembly\target\branding\de-zeb-control-application-olapadmincentral-nls-olapadmincentral-nls-en-2.7.0-I-4-SNAPSHOT.zip\de\zeb\control\cb\ct\workflows\bl\activation\internal\messages_en.properties]
	at hudson.Util.deleteFile(Util.java:238)
	at hudson.Util.deleteRecursive(Util.java:289)
	at hudson.Util.deleteContentsRecursive(Util.java:200)
	at hudson.Util.deleteRecursive(Util.java:280)
	at hudson.Util.deleteContentsRecursive(Util.java:200)
	at hudson.Util.deleteRecursive(Util.java:280)
	at hudson.Util.deleteContentsRecursive(Util.java:200)
	at hudson.Util.deleteRecursive(Util.java:280)
	at hudson.Util.deleteContentsRecursive(Util.java:200)
	at hudson.Util.deleteRecursive(Util.java:280)
	at hudson.Util.deleteContentsRecursive(Util.java:200)
	at hudson.Util.deleteRecursive(Util.java:280)
	at hudson.Util.deleteContentsRecursive(Util.java:200)
	at hudson.Util.deleteRecursive(Util.java:280)
	at hudson.Util.deleteContentsRecursive(Util.java:200)
	at hudson.Util.deleteRecursive(Util.java:280)
	at hudson.Util.deleteContentsRecursive(Util.java:200)
	at hudson.Util.deleteRecursive(Util.java:280)
	at hudson.Util.deleteContentsRecursive(Util.java:200)
	at hudson.Util.deleteRecursive(Util.java:280)
	at hudson.Util.deleteContentsRecursive(Util.java:200)
	at hudson.Util.deleteRecursive(Util.java:280)
	at hudson.Util.deleteContentsRecursive(Util.java:200)
	at hudson.Util.deleteRecursive(Util.java:280)
	at hudson.Util.deleteContentsRecursive(Util.java:200)
	at hudson.Util.deleteRecursive(Util.java:280)
	at hudson.Util.deleteContentsRecursive(Util.java:200)
	at hudson.scm.subversion.CheckoutUpdater$1.perform(CheckoutUpdater.java:72)
	at hudson.scm.subversion.WorkspaceUpdater$UpdateTask.delegateTo(WorkspaceUpdater.java:144)
	at hudson.scm.SubversionSCM$CheckOutTask.perform(SubversionSCM.java:789)
	at hudson.scm.SubversionSCM$CheckOutTask.invoke(SubversionSCM.java:770)
	at hudson.scm.SubversionSCM$CheckOutTask.invoke(SubversionSCM.java:753)
	at hudson.FilePath$FileCallableWrapper.call(FilePath.java:2196)
	at hudson.remoting.UserRequest.perform(UserRequest.java:118)
	at hudson.remoting.UserRequest.perform(UserRequest.java:48)
	at hudson.remoting.Request$2.run(Request.java:287)
	at java.util.concurrent.Executors$RunnableAdapter.call(Executors.java:441)
	at java.util.concurrent.FutureTask$Sync.innerRun(FutureTask.java:303)
	at java.util.concurrent.FutureTask.run(FutureTask.java:138)
	at java.util.concurrent.ThreadPoolExecutor$Worker.runTask(ThreadPoolExecutor.java:886)
	at java.util.concurrent.ThreadPoolExecutor$Worker.run(ThreadPoolExecutor.java:908)
	at hudson.remoting.Engine$1$1.run(Engine.java:60)
	at java.lang.Thread.run(Thread.java:662)
Retrying after 10 seconds
Cleaning local Directory trunk
hudson.util.IOException2: remote file operation failed: d:/appserver/jenkins/workspace/application.olapadmincentral.int-aggr-2.7.0-I-4 at hudson.remoting.Channel@368a738a:msitphxslave02
	at hudson.FilePath.act(FilePath.java:838)
	at hudson.FilePath.act(FilePath.java:824)
	at hudson.scm.SubversionSCM.checkout(SubversionSCM.java:743)
	at hudson.scm.SubversionSCM.checkout(SubversionSCM.java:685)
	at hudson.model.AbstractProject.checkout(AbstractProject.java:1256)
	at hudson.model.AbstractBuild$AbstractBuildExecution.defaultCheckout(AbstractBuild.java:589)
	at jenkins.scm.SCMCheckoutStrategy.checkout(SCMCheckoutStrategy.java:88)
	at hudson.model.AbstractBuild$AbstractBuildExecution.run(AbstractBuild.java:494)
	at hudson.model.Run.execute(Run.java:1502)
	at hudson.maven.MavenModuleSetBuild.run(MavenModuleSetBuild.java:477)
	at hudson.model.ResourceController.execute(ResourceController.java:88)
	at hudson.model.Executor.run(Executor.java:236)
Caused by: java.io.IOException: Unable to delete d:\appserver\jenkins\workspace\application.olapadmincentral.int-aggr-2.7.0-I-4\trunk\ear-assembly\target\branding\de-zeb-control-application-olapadmincentral-nls-olapadmincentral-nls-en-2.7.0-I-4-SNAPSHOT.zip\de\zeb\control\cb\ct\workflows\bl\activation\internal - files in dir: [d:\appserver\jenkins\workspace\application.olapadmincentral.int-aggr-2.7.0-I-4\trunk\ear-assembly\target\branding\de-zeb-control-application-olapadmincentral-nls-olapadmincentral-nls-en-2.7.0-I-4-SNAPSHOT.zip\de\zeb\control\cb\ct\workflows\bl\activation\internal\messages_en.properties]
	at hudson.Util.deleteFile(Util.java:238)
	at hudson.Util.deleteRecursive(Util.java:289)
	at hudson.Util.deleteContentsRecursive(Util.java:200)
	at hudson.Util.deleteRecursive(Util.java:280)
	at hudson.Util.deleteContentsRecursive(Util.java:200)
	at hudson.Util.deleteRecursive(Util.java:280)
	at hudson.Util.deleteContentsRecursive(Util.java:200)
	at hudson.Util.deleteRecursive(Util.java:280)
	at hudson.Util.deleteContentsRecursive(Util.java:200)
	at hudson.Util.deleteRecursive(Util.java:280)
	at hudson.Util.deleteContentsRecursive(Util.java:200)
	at hudson.Util.deleteRecursive(Util.java:280)
	at hudson.Util.deleteContentsRecursive(Util.java:200)
	at hudson.Util.deleteRecursive(Util.java:280)
	at hudson.Util.deleteContentsRecursive(Util.java:200)
	at hudson.Util.deleteRecursive(Util.java:280)
	at hudson.Util.deleteContentsRecursive(Util.java:200)
	at hudson.Util.deleteRecursive(Util.java:280)
	at hudson.Util.deleteContentsRecursive(Util.java:200)
	at hudson.Util.deleteRecursive(Util.java:280)
	at hudson.Util.deleteContentsRecursive(Util.java:200)
	at hudson.Util.deleteRecursive(Util.java:280)
	at hudson.Util.deleteContentsRecursive(Util.java:200)
	at hudson.Util.deleteRecursive(Util.java:280)
	at hudson.Util.deleteContentsRecursive(Util.java:200)
	at hudson.Util.deleteRecursive(Util.java:280)
	at hudson.Util.deleteContentsRecursive(Util.java:200)
	at hudson.scm.subversion.CheckoutUpdater$1.perform(CheckoutUpdater.java:72)
	at hudson.scm.subversion.WorkspaceUpdater$UpdateTask.delegateTo(WorkspaceUpdater.java:144)
	at hudson.scm.SubversionSCM$CheckOutTask.perform(SubversionSCM.java:789)
	at hudson.scm.SubversionSCM$CheckOutTask.invoke(SubversionSCM.java:770)
	at hudson.scm.SubversionSCM$CheckOutTask.invoke(SubversionSCM.java:753)
	at hudson.FilePath$FileCallableWrapper.call(FilePath.java:2196)
	at hudson.remoting.UserRequest.perform(UserRequest.java:118)
	at hudson.remoting.UserRequest.perform(UserRequest.java:48)
	at hudson.remoting.Request$2.run(Request.java:287)
	at java.util.concurrent.Executors$RunnableAdapter.call(Executors.java:441)
	at java.util.concurrent.FutureTask$Sync.innerRun(FutureTask.java:303)
	at java.util.concurrent.FutureTask.run(FutureTask.java:138)
	at java.util.concurrent.ThreadPoolExecutor$Worker.runTask(ThreadPoolExecutor.java:886)
	at java.util.concurrent.ThreadPoolExecutor$Worker.run(ThreadPoolExecutor.java:908)
	at hudson.remoting.Engine$1$1.run(Engine.java:60)
	at java.lang.Thread.run(Thread.java:662)
Retrying after 10 seconds
Cleaning local Directory trunk
hudson.util.IOException2: remote file operation failed: d:/appserver/jenkins/workspace/application.olapadmincentral.int-aggr-2.7.0-I-4 at hudson.remoting.Channel@368a738a:msitphxslave02
	at hudson.FilePath.act(FilePath.java:838)
	at hudson.FilePath.act(FilePath.java:824)
	at hudson.scm.SubversionSCM.checkout(SubversionSCM.java:743)
	at hudson.scm.SubversionSCM.checkout(SubversionSCM.java:685)
	at hudson.model.AbstractProject.checkout(AbstractProject.java:1256)
	at hudson.model.AbstractBuild$AbstractBuildExecution.defaultCheckout(AbstractBuild.java:589)
	at jenkins.scm.SCMCheckoutStrategy.checkout(SCMCheckoutStrategy.java:88)
	at hudson.model.AbstractBuild$AbstractBuildExecution.run(AbstractBuild.java:494)
	at hudson.model.Run.execute(Run.java:1502)
	at hudson.maven.MavenModuleSetBuild.run(MavenModuleSetBuild.java:477)
	at hudson.model.ResourceController.execute(ResourceController.java:88)
	at hudson.model.Executor.run(Executor.java:236)
Caused by: java.io.IOException: Unable to delete d:\appserver\jenkins\workspace\application.olapadmincentral.int-aggr-2.7.0-I-4\trunk\ear-assembly\target\branding\de-zeb-control-application-olapadmincentral-nls-olapadmincentral-nls-en-2.7.0-I-4-SNAPSHOT.zip\de\zeb\control\cb\ct\workflows\bl\activation\internal - files in dir: [d:\appserver\jenkins\workspace\application.olapadmincentral.int-aggr-2.7.0-I-4\trunk\ear-assembly\target\branding\de-zeb-control-application-olapadmincentral-nls-olapadmincentral-nls-en-2.7.0-I-4-SNAPSHOT.zip\de\zeb\control\cb\ct\workflows\bl\activation\internal\messages_en.properties]
	at hudson.Util.deleteFile(Util.java:238)
	at hudson.Util.deleteRecursive(Util.java:289)
	at hudson.Util.deleteContentsRecursive(Util.java:200)
	at hudson.Util.deleteRecursive(Util.java:280)
	at hudson.Util.deleteContentsRecursive(Util.java:200)
	at hudson.Util.deleteRecursive(Util.java:280)
	at hudson.Util.deleteContentsRecursive(Util.java:200)
	at hudson.Util.deleteRecursive(Util.java:280)
	at hudson.Util.deleteContentsRecursive(Util.java:200)
	at hudson.Util.deleteRecursive(Util.java:280)
	at hudson.Util.deleteContentsRecursive(Util.java:200)
	at hudson.Util.deleteRecursive(Util.java:280)
	at hudson.Util.deleteContentsRecursive(Util.java:200)
	at hudson.Util.deleteRecursive(Util.java:280)
	at hudson.Util.deleteContentsRecursive(Util.java:200)
	at hudson.Util.deleteRecursive(Util.java:280)
	at hudson.Util.deleteContentsRecursive(Util.java:200)
	at hudson.Util.deleteRecursive(Util.java:280)
	at hudson.Util.deleteContentsRecursive(Util.java:200)
	at hudson.Util.deleteRecursive(Util.java:280)
	at hudson.Util.deleteContentsRecursive(Util.java:200)
	at hudson.Util.deleteRecursive(Util.java:280)
	at hudson.Util.deleteContentsRecursive(Util.java:200)
	at hudson.Util.deleteRecursive(Util.java:280)
	at hudson.Util.deleteContentsRecursive(Util.java:200)
	at hudson.Util.deleteRecursive(Util.java:280)
	at hudson.Util.deleteContentsRecursive(Util.java:200)
	at hudson.scm.subversion.CheckoutUpdater$1.perform(CheckoutUpdater.java:72)
	at hudson.scm.subversion.WorkspaceUpdater$UpdateTask.delegateTo(WorkspaceUpdater.java:144)
	at hudson.scm.SubversionSCM$CheckOutTask.perform(SubversionSCM.java:789)
	at hudson.scm.SubversionSCM$CheckOutTask.invoke(SubversionSCM.java:770)
	at hudson.scm.SubversionSCM$CheckOutTask.invoke(SubversionSCM.java:753)
	at hudson.FilePath$FileCallableWrapper.call(FilePath.java:2196)
	at hudson.remoting.UserRequest.perform(UserRequest.java:118)
	at hudson.remoting.UserRequest.perform(UserRequest.java:48)
	at hudson.remoting.Request$2.run(Request.java:287)
	at java.util.concurrent.Executors$RunnableAdapter.call(Executors.java:441)
	at java.util.concurrent.FutureTask$Sync.innerRun(FutureTask.java:303)
	at java.util.concurrent.FutureTask.run(FutureTask.java:138)
	at java.util.concurrent.ThreadPoolExecutor$Worker.runTask(ThreadPoolExecutor.java:886)
	at java.util.concurrent.ThreadPoolExecutor$Worker.run(ThreadPoolExecutor.java:908)
	at hudson.remoting.Engine$1$1.run(Engine.java:60)
	at java.lang.Thread.run(Thread.java:662)
Der Versuch wurde ignoriert, eine E-Mail an eine leere Liste von Empfängern zu verschicken.

Deleting project workspace... ERROR: Publisher hudson.plugins.ws_cleanup.WsCleanup aborted due to exception
hudson.util.IOException2: remote file operation failed: d:/appserver/jenkins/workspace/application.olapadmincentral.int-aggr-2.7.0-I-4 at hudson.remoting.Channel@368a738a:msitphxslave02
	at hudson.FilePath.act(FilePath.java:838)
	at hudson.FilePath.act(FilePath.java:824)
	at hudson.FilePath.deleteRecursive(FilePath.java:908)
	at hudson.plugins.ws_cleanup.WsCleanup.perform(WsCleanup.java:68)
	at hudson.tasks.BuildStepMonitor$2.perform(BuildStepMonitor.java:27)
	at hudson.model.AbstractBuild$AbstractBuildExecution.perform(AbstractBuild.java:717)
	at hudson.model.AbstractBuild$AbstractBuildExecution.performAllBuildSteps(AbstractBuild.java:692)
	at hudson.maven.MavenModuleSetBuild$MavenModuleSetBuildExecution.cleanUp(MavenModuleSetBuild.java:1018)
	at hudson.model.Run.execute(Run.java:1546)
	at hudson.maven.MavenModuleSetBuild.run(MavenModuleSetBuild.java:477)
	at hudson.model.ResourceController.execute(ResourceController.java:88)
	at hudson.model.Executor.run(Executor.java:236)
Caused by: java.io.IOException: Unable to delete d:\appserver\jenkins\workspace\application.olapadmincentral.int-aggr-2.7.0-I-4\trunk\ear-assembly\target\branding\de-zeb-control-application-olapadmincentral-nls-olapadmincentral-nls-en-2.7.0-I-4-SNAPSHOT.zip\de\zeb\control\cb\ct\workflows\bl\activation\internal - files in dir: [d:\appserver\jenkins\workspace\application.olapadmincentral.int-aggr-2.7.0-I-4\trunk\ear-assembly\target\branding\de-zeb-control-application-olapadmincentral-nls-olapadmincentral-nls-en-2.7.0-I-4-SNAPSHOT.zip\de\zeb\control\cb\ct\workflows\bl\activation\internal\messages_en.properties]
	at hudson.Util.deleteFile(Util.java:238)
	at hudson.Util.deleteRecursive(Util.java:289)
	at hudson.Util.deleteContentsRecursive(Util.java:200)
	at hudson.Util.deleteRecursive(Util.java:280)
	at hudson.Util.deleteContentsRecursive(Util.java:200)
	at hudson.Util.deleteRecursive(Util.java:280)
	at hudson.Util.deleteContentsRecursive(Util.java:200)
	at hudson.Util.deleteRecursive(Util.java:280)
	at hudson.Util.deleteContentsRecursive(Util.java:200)
	at hudson.Util.deleteRecursive(Util.java:280)
	at hudson.Util.deleteContentsRecursive(Util.java:200)
	at hudson.Util.deleteRecursive(Util.java:280)
	at hudson.Util.deleteContentsRecursive(Util.java:200)
	at hudson.Util.deleteRecursive(Util.java:280)
	at hudson.Util.deleteContentsRecursive(Util.java:200)
	at hudson.Util.deleteRecursive(Util.java:280)
	at hudson.Util.deleteContentsRecursive(Util.java:200)
	at hudson.Util.deleteRecursive(Util.java:280)
	at hudson.Util.deleteContentsRecursive(Util.java:200)
	at hudson.Util.deleteRecursive(Util.java:280)
	at hudson.Util.deleteContentsRecursive(Util.java:200)
	at hudson.Util.deleteRecursive(Util.java:280)
	at hudson.Util.deleteContentsRecursive(Util.java:200)
	at hudson.Util.deleteRecursive(Util.java:280)
	at hudson.Util.deleteContentsRecursive(Util.java:200)
	at hudson.Util.deleteRecursive(Util.java:280)
	at hudson.Util.deleteContentsRecursive(Util.java:200)
	at hudson.Util.deleteRecursive(Util.java:280)
	at hudson.Util.deleteContentsRecursive(Util.java:200)
	at hudson.Util.deleteRecursive(Util.java:280)
	at hudson.FilePath$11.invoke(FilePath.java:910)
	at hudson.FilePath$11.invoke(FilePath.java:908)
	at hudson.FilePath$FileCallableWrapper.call(FilePath.java:2196)
	at hudson.remoting.UserRequest.perform(UserRequest.java:118)
	at hudson.remoting.UserRequest.perform(UserRequest.java:48)
	at hudson.remoting.Request$2.run(Request.java:287)
	at java.util.concurrent.Executors$RunnableAdapter.call(Executors.java:441)
	at java.util.concurrent.FutureTask$Sync.innerRun(FutureTask.java:303)
	at java.util.concurrent.FutureTask.run(FutureTask.java:138)
	at java.util.concurrent.ThreadPoolExecutor$Worker.runTask(ThreadPoolExecutor.java:886)
	at java.util.concurrent.ThreadPoolExecutor$Worker.run(ThreadPoolExecutor.java:908)
	at hudson.remoting.Engine$1$1.run(Engine.java:60)
	at java.lang.Thread.run(Thread.java:662)
Finished: FAILURE